<?xml version="1.0" encoding="UTF-8"?>
<testsuites name="RegressionSuite" time="4542" tests="59" failures="9" errors="1">
   <testsuite name="RegressionSuite" tests="59" failures="9" errors="1" time="4542" timestamp="2018-09-05 17:55:36" hostname="User - DESKTOP-LIL" id="Test Suites/RegressionSuite">
      <properties>
         <property name="deviceName" value=""/>
         <property name="devicePlatform" value=""/>
         <property name="logFolder" value="C:\\Users\\User\\Desktop\\Katalon Studio\\Katalon Studio\\vCallingDashboard\\Reports\\RegressionSuite\\20180905_175530"/>
         <property name="logFiles" value="C:\\Users\\User\\Desktop\\Katalon Studio\\Katalon Studio\\vCallingDashboard\\Reports\\RegressionSuite\\20180905_175530\\execution0.log, C:\\Users\\User\\Desktop\\Katalon Studio\\Katalon Studio\\vCallingDashboard\\Reports\\RegressionSuite\\20180905_175530\\execution1.log"/>
         <property name="attachments" value="C:\\Users\\User\\Desktop\\Katalon Studio\\Katalon Studio\\vCallingDashboard\\Reports\\RegressionSuite\\20180905_175530\\1536150364174.png, C:\\Users\\User\\Desktop\\Katalon Studio\\Katalon Studio\\vCallingDashboard\\Reports\\RegressionSuite\\20180905_175530\\1536150364625.png, C:\\Users\\User\\Desktop\\Katalon Studio\\Katalon Studio\\vCallingDashboard\\Reports\\RegressionSuite\\20180905_175530\\1536150380779.png, C:\\Users\\User\\Desktop\\Katalon Studio\\Katalon Studio\\vCallingDashboard\\Reports\\RegressionSuite\\20180905_175530\\1536150409826.png, C:\\Users\\User\\Desktop\\Katalon Studio\\Katalon Studio\\vCallingDashboard\\Reports\\RegressionSuite\\20180905_175530\\1536150455530.png, C:\\Users\\User\\Desktop\\Katalon Studio\\Katalon Studio\\vCallingDashboard\\Reports\\RegressionSuite\\20180905_175530\\1536150511732.png, C:\\Users\\User\\Desktop\\Katalon Studio\\Katalon Studio\\vCallingDashboard\\Reports\\RegressionSuite\\20180905_175530\\1536150566670.png, C:\\Users\\User\\Desktop\\Katalon Studio\\Katalon Studio\\vCallingDashboard\\Reports\\RegressionSuite\\20180905_175530\\1536150612425.png, C:\\Users\\User\\Desktop\\Katalon Studio\\Katalon Studio\\vCallingDashboard\\Reports\\RegressionSuite\\20180905_175530\\1536150658072.png, C:\\Users\\User\\Desktop\\Katalon Studio\\Katalon Studio\\vCallingDashboard\\Reports\\RegressionSuite\\20180905_175530\\1536150701807.png, C:\\Users\\User\\Desktop\\Katalon Studio\\Katalon Studio\\vCallingDashboard\\Reports\\RegressionSuite\\20180905_175530\\1536150748181.png, C:\\Users\\User\\Desktop\\Katalon Studio\\Katalon Studio\\vCallingDashboard\\Reports\\RegressionSuite\\20180905_175530\\1536150795434.png, C:\\Users\\User\\Desktop\\Katalon Studio\\Katalon Studio\\vCallingDashboard\\Reports\\RegressionSuite\\20180905_175530\\1536150827226.png, C:\\Users\\User\\Desktop\\Katalon Studio\\Katalon Studio\\vCallingDashboard\\Reports\\RegressionSuite\\20180905_175530\\1536150870561.png, C:\\Users\\User\\Desktop\\Katalon Studio\\Katalon Studio\\vCallingDashboard\\Reports\\RegressionSuite\\20180905_175530\\1536150909593.png, C:\\Users\\User\\Desktop\\Katalon Studio\\Katalon Studio\\vCallingDashboard\\Reports\\RegressionSuite\\20180905_175530\\1536150960354.png, C:\\Users\\User\\Desktop\\Katalon Studio\\Katalon Studio\\vCallingDashboard\\Reports\\RegressionSuite\\20180905_175530\\1536150990947.png, C:\\Users\\User\\Desktop\\Katalon Studio\\Katalon Studio\\vCallingDashboard\\Reports\\RegressionSuite\\20180905_175530\\1536151026357.png, C:\\Users\\User\\Desktop\\Katalon Studio\\Katalon Studio\\vCallingDashboard\\Reports\\RegressionSuite\\20180905_175530\\1536151052775.png, C:\\Users\\User\\Desktop\\Katalon Studio\\Katalon Studio\\vCallingDashboard\\Reports\\RegressionSuite\\20180905_175530\\1536151088466.png, C:\\Users\\User\\Desktop\\Katalon Studio\\Katalon Studio\\vCallingDashboard\\Reports\\RegressionSuite\\20180905_175530\\1536151119076.png, C:\\Users\\User\\Desktop\\Katalon Studio\\Katalon Studio\\vCallingDashboard\\Reports\\RegressionSuite\\20180905_175530\\1536151135296.png, C:\\Users\\User\\Desktop\\Katalon Studio\\Katalon Studio\\vCallingDashboard\\Reports\\RegressionSuite\\20180905_175530\\1536151187835.png, C:\\Users\\User\\Desktop\\Katalon Studio\\Katalon Studio\\vCallingDashboard\\Reports\\RegressionSuite\\20180905_175530\\1536151193512.png, C:\\Users\\User\\Desktop\\Katalon Studio\\Katalon Studio\\vCallingDashboard\\Reports\\RegressionSuite\\20180905_175530\\1536151210162.png, C:\\Users\\User\\Desktop\\Katalon Studio\\Katalon Studio\\vCallingDashboard\\Reports\\RegressionSuite\\20180905_175530\\1536151228233.png, C:\\Users\\User\\Desktop\\Katalon Studio\\Katalon Studio\\vCallingDashboard\\Reports\\RegressionSuite\\20180905_175530\\1536151246039.png, C:\\Users\\User\\Desktop\\Katalon Studio\\Katalon Studio\\vCallingDashboard\\Reports\\RegressionSuite\\20180905_175530\\1536151263240.png, C:\\Users\\User\\Desktop\\Katalon Studio\\Katalon Studio\\vCallingDashboard\\Reports\\RegressionSuite\\20180905_175530\\1536151285403.png, C:\\Users\\User\\Desktop\\Katalon Studio\\Katalon Studio\\vCallingDashboard\\Reports\\RegressionSuite\\20180905_175530\\1536151367449.png, C:\\Users\\User\\Desktop\\Katalon Studio\\Katalon Studio\\vCallingDashboard\\Reports\\RegressionSuite\\20180905_175530\\1536151385950.png, C:\\Users\\User\\Desktop\\Katalon Studio\\Katalon Studio\\vCallingDashboard\\Reports\\RegressionSuite\\20180905_175530\\1536151442306.png, C:\\Users\\User\\Desktop\\Katalon Studio\\Katalon Studio\\vCallingDashboard\\Reports\\RegressionSuite\\20180905_175530\\1536151483445.png, C:\\Users\\User\\Desktop\\Katalon Studio\\Katalon Studio\\vCallingDashboard\\Reports\\RegressionSuite\\20180905_175530\\1536151513207.png, C:\\Users\\User\\Desktop\\Katalon Studio\\Katalon Studio\\vCallingDashboard\\Reports\\RegressionSuite\\20180905_175530\\1536151544649.png, C:\\Users\\User\\Desktop\\Katalon Studio\\Katalon Studio\\vCallingDashboard\\Reports\\RegressionSuite\\20180905_175530\\1536151562213.png, C:\\Users\\User\\Desktop\\Katalon Studio\\Katalon Studio\\vCallingDashboard\\Reports\\RegressionSuite\\20180905_175530\\1536151603542.png, C:\\Users\\User\\Desktop\\Katalon Studio\\Katalon Studio\\vCallingDashboard\\Reports\\RegressionSuite\\20180905_175530\\1536151652578.png, C:\\Users\\User\\Desktop\\Katalon Studio\\Katalon Studio\\vCallingDashboard\\Reports\\RegressionSuite\\20180905_175530\\1536151795605.png, C:\\Users\\User\\Desktop\\Katalon Studio\\Katalon Studio\\vCallingDashboard\\Reports\\RegressionSuite\\20180905_175530\\1536151843052.png, C:\\Users\\User\\Desktop\\Katalon Studio\\Katalon Studio\\vCallingDashboard\\Reports\\RegressionSuite\\20180905_175530\\1536151899988.png, C:\\Users\\User\\Desktop\\Katalon Studio\\Katalon Studio\\vCallingDashboard\\Reports\\RegressionSuite\\20180905_175530\\1536151950154.png, C:\\Users\\User\\Desktop\\Katalon Studio\\Katalon Studio\\vCallingDashboard\\Reports\\RegressionSuite\\20180905_175530\\1536151997153.png, C:\\Users\\User\\Desktop\\Katalon Studio\\Katalon Studio\\vCallingDashboard\\Reports\\RegressionSuite\\20180905_175530\\1536152391388.png, C:\\Users\\User\\Desktop\\Katalon Studio\\Katalon Studio\\vCallingDashboard\\Reports\\RegressionSuite\\20180905_175530\\1536152437398.png, C:\\Users\\User\\Desktop\\Katalon Studio\\Katalon Studio\\vCallingDashboard\\Reports\\RegressionSuite\\20180905_175530\\1536152484377.png, C:\\Users\\User\\Desktop\\Katalon Studio\\Katalon Studio\\vCallingDashboard\\Reports\\RegressionSuite\\20180905_175530\\1536152532005.png, C:\\Users\\User\\Desktop\\Katalon Studio\\Katalon Studio\\vCallingDashboard\\Reports\\RegressionSuite\\20180905_175530\\1536152579842.png, C:\\Users\\User\\Desktop\\Katalon Studio\\Katalon Studio\\vCallingDashboard\\Reports\\RegressionSuite\\20180905_175530\\1536152652515.png, C:\\Users\\User\\Desktop\\Katalon Studio\\Katalon Studio\\vCallingDashboard\\Reports\\RegressionSuite\\20180905_175530\\1536152730955.png, C:\\Users\\User\\Desktop\\Katalon Studio\\Katalon Studio\\vCallingDashboard\\Reports\\RegressionSuite\\20180905_175530\\1536152779053.png, C:\\Users\\User\\Desktop\\Katalon Studio\\Katalon Studio\\vCallingDashboard\\Reports\\RegressionSuite\\20180905_175530\\1536152797938.png, C:\\Users\\User\\Desktop\\Katalon Studio\\Katalon Studio\\vCallingDashboard\\Reports\\RegressionSuite\\20180905_175530\\1536153079804.png, C:\\Users\\User\\Desktop\\Katalon Studio\\Katalon Studio\\vCallingDashboard\\Reports\\RegressionSuite\\20180905_175530\\1536153130990.png, C:\\Users\\User\\Desktop\\Katalon Studio\\Katalon Studio\\vCallingDashboard\\Reports\\RegressionSuite\\20180905_175530\\1536153181970.png, C:\\Users\\User\\Desktop\\Katalon Studio\\Katalon Studio\\vCallingDashboard\\Reports\\RegressionSuite\\20180905_175530\\1536153233087.png, C:\\Users\\User\\Desktop\\Katalon Studio\\Katalon Studio\\vCallingDashboard\\Reports\\RegressionSuite\\20180905_175530\\1536153290547.png, C:\\Users\\User\\Desktop\\Katalon Studio\\Katalon Studio\\vCallingDashboard\\Reports\\RegressionSuite\\20180905_175530\\1536153342044.png, C:\\Users\\User\\Desktop\\Katalon Studio\\Katalon Studio\\vCallingDashboard\\Reports\\RegressionSuite\\20180905_175530\\1536153401390.png, C:\\Users\\User\\Desktop\\Katalon Studio\\Katalon Studio\\vCallingDashboard\\Reports\\RegressionSuite\\20180905_175530\\1536153457104.png, C:\\Users\\User\\Desktop\\Katalon Studio\\Katalon Studio\\vCallingDashboard\\Reports\\RegressionSuite\\20180905_175530\\1536153507262.png, C:\\Users\\User\\Desktop\\Katalon Studio\\Katalon Studio\\vCallingDashboard\\Reports\\RegressionSuite\\20180905_175530\\1536153556549.png, C:\\Users\\User\\Desktop\\Katalon Studio\\Katalon Studio\\vCallingDashboard\\Reports\\RegressionSuite\\20180905_175530\\1536153613009.png, C:\\Users\\User\\Desktop\\Katalon Studio\\Katalon Studio\\vCallingDashboard\\Reports\\RegressionSuite\\20180905_175530\\1536153663295.png, C:\\Users\\User\\Desktop\\Katalon Studio\\Katalon Studio\\vCallingDashboard\\Reports\\RegressionSuite\\20180905_175530\\1536153712760.png, C:\\Users\\User\\Desktop\\Katalon Studio\\Katalon Studio\\vCallingDashboard\\Reports\\RegressionSuite\\20180905_175530\\1536153776428.png, C:\\Users\\User\\Desktop\\Katalon Studio\\Katalon Studio\\vCallingDashboard\\Reports\\RegressionSuite\\20180905_175530\\1536153833787.png, C:\\Users\\User\\Desktop\\Katalon Studio\\Katalon Studio\\vCallingDashboard\\Reports\\RegressionSuite\\20180905_175530\\1536153888857.png, C:\\Users\\User\\Desktop\\Katalon Studio\\Katalon Studio\\vCallingDashboard\\Reports\\RegressionSuite\\20180905_175530\\1536154530797.png, C:\\Users\\User\\Desktop\\Katalon Studio\\Katalon Studio\\vCallingDashboard\\Reports\\RegressionSuite\\20180905_175530\\1536154575813.png, C:\\Users\\User\\Desktop\\Katalon Studio\\Katalon Studio\\vCallingDashboard\\Reports\\RegressionSuite\\20180905_175530\\1536154619805.png, C:\\Users\\User\\Desktop\\Katalon Studio\\Katalon Studio\\vCallingDashboard\\Reports\\RegressionSuite\\20180905_175530\\1536154663912.png, C:\\Users\\User\\Desktop\\Katalon Studio\\Katalon Studio\\vCallingDashboard\\Reports\\RegressionSuite\\20180905_175530\\1536154710140.png, C:\\Users\\User\\Desktop\\Katalon Studio\\Katalon Studio\\vCallingDashboard\\Reports\\RegressionSuite\\20180905_175530\\1536154754335.png, C:\\Users\\User\\Desktop\\Katalon Studio\\Katalon Studio\\vCallingDashboard\\Reports\\RegressionSuite\\20180905_175530\\1536154799716.png, C:\\Users\\User\\Desktop\\Katalon Studio\\Katalon Studio\\vCallingDashboard\\Reports\\RegressionSuite\\20180905_175530\\1536154845896.png"/>
         <property name="hostName" value="User - DESKTOP-LIL"/>
         <property name="os" value="Windows 10 64bit"/>
         <property name="katalonVersion" value="5.3.0.1"/>
         <property name="browser" value="Chrome 68.0.3440.106"/>
         <property name="hostAddress" value="10.6.8.31"/>
         <property name="sessionId" value="75268cbfe3f87af8edaf01261d7bfd38"/>
         <property name="seleniumVersion" value="3.7.1"/>
         <property name="proxyInformation" value="ProxyInformation{proxyOption=NO_PROXY, proxyServerType=HTTP, password=, proxyServerAddress=, proxyServerPort=0}"/>
         <property name="platform" value="Windows 10"/>
      </properties>
      <testcase name="Test Cases/completed/TestCase1_Login/Email_Invalid" classname="Test Cases/completed/TestCase1_Login/Email_Invalid" status="PASSED">
         <system-out><![CDATA[2018-09-05 17:55:37 - [TEST_CASE][PASSED] - Test Cases/completed/TestCase1_Login/Email_Invalid: Test Cases/completed/TestCase1_Login/Email_Invalid

2018-09-05 17:55:37 - [TEST_STEP][PASSED] - openBrowser: Browser is opened with url: ''

2018-09-05 17:55:42 - [MESSAGE][PASSED] - Browser is opened with url: ''

2018-09-05 17:55:42 - [TEST_STEP][PASSED] - navigateToUrl: Navigate to 'https://dev.vcalling.in/enterprises/UAT/Dashboard/index.html' successfully

2018-09-05 17:55:46 - [MESSAGE][PASSED] - Navigate to 'https://dev.vcalling.in/enterprises/UAT/Dashboard/index.html' successfully

2018-09-05 17:55:46 - [TEST_STEP][PASSED] - setText: Text 'abc' is set on object 'Object Repository/Login/userId'

2018-09-05 17:55:48 - [MESSAGE][PASSED] - Text 'abc' is set on object 'Object Repository/Login/userId'

2018-09-05 17:55:48 - [TEST_STEP][PASSED] - click: Object: 'Object Repository/Login/div_GET OTP' is clicked on

2018-09-05 17:55:48 - [MESSAGE][PASSED] - Object: 'Object Repository/Login/div_GET OTP' is clicked on

2018-09-05 17:55:48 - [TEST_STEP][PASSED] - waitForElementPresent: Object 'Object Repository/Login/span_Retry' is present

2018-09-05 17:55:49 - [MESSAGE][PASSED] - Object 'Object Repository/Login/span_Retry' is present

2018-09-05 17:55:49 - [TEST_STEP][PASSED] - verifyElementText: Actual text and expected text of test object 'Object Repository/Login/span_Retry' are matched.

2018-09-05 17:55:49 - [MESSAGE][PASSED] - Actual text and expected text of test object 'Object Repository/Login/span_Retry' are matched.

2018-09-05 17:55:49 - [TEST_STEP][PASSED] - verifyElementPresent: Object 'Object Repository/Login/InactiveOTP' is present

2018-09-05 17:55:49 - [MESSAGE][PASSED] - Object 'Object Repository/Login/InactiveOTP' is present

2018-09-05 17:55:49 - [TEST_STEP][PASSED] - click: Object: 'Object Repository/Login/span_Retry' is clicked on

2018-09-05 17:55:49 - [MESSAGE][PASSED] - Object: 'Object Repository/Login/span_Retry' is clicked on

2018-09-05 17:55:49 - [TEST_STEP][PASSED] - verifyMatch: Actual text '' and expected text '' are matched 

2018-09-05 17:55:50 - [MESSAGE][PASSED] - Text of object 'Object Repository/Login/userId' is: ''

2018-09-05 17:55:50 - [MESSAGE][PASSED] - Actual text '' and expected text '' are matched 

2018-09-05 17:55:50 - [TEST_STEP][PASSED] - closeBrowser: Browser is closed

2018-09-05 17:55:51 - [MESSAGE][PASSED] - Browser is closed]]></system-out>
         <system-err><![CDATA[]]></system-err>
      </testcase>
      <testcase name="Test Cases/completed/TestCase1_Login/LoginWrongOTP" classname="Test Cases/completed/TestCase1_Login/LoginWrongOTP" status="FAILED">
         <failure type="FAILED" message="Unable to accept alert (Root cause: No alert found)"/>
         <system-out><![CDATA[2018-09-05 17:55:51 - [TEST_CASE][FAILED] - Test Cases/completed/TestCase1_Login/LoginWrongOTP: Test Cases/completed/TestCase1_Login/LoginWrongOTP FAILED because (of) Unable to accept alert (Root cause: No alert found)

2018-09-05 17:55:51 - [TEST_STEP][PASSED] - openBrowser: Browser is opened with url: ''

2018-09-05 17:55:53 - [MESSAGE][PASSED] - Browser is opened with url: ''

2018-09-05 17:55:53 - [TEST_STEP][PASSED] - navigateToUrl: Navigate to 'https://dev.vcalling.in/enterprises/UAT/Dashboard/index.html' successfully

2018-09-05 17:55:57 - [MESSAGE][PASSED] - Navigate to 'https://dev.vcalling.in/enterprises/UAT/Dashboard/index.html' successfully

2018-09-05 17:55:57 - [TEST_STEP][PASSED] - maximizeWindow: Current window maximized

2018-09-05 17:55:58 - [MESSAGE][PASSED] - Current window maximized

2018-09-05 17:55:58 - [TEST_STEP][PASSED] - setText: Text 'priyankakaushal2308@gmail.com' is set on object 'Object Repository/Login/UserId'

2018-09-05 17:55:59 - [MESSAGE][PASSED] - Text 'priyankakaushal2308@gmail.com' is set on object 'Object Repository/Login/UserId'

2018-09-05 17:55:59 - [TEST_STEP][PASSED] - click: Object: 'Object Repository/Login/div_GET OTP' is clicked on

2018-09-05 17:55:59 - [MESSAGE][PASSED] - Object: 'Object Repository/Login/div_GET OTP' is clicked on

2018-09-05 17:55:59 - [TEST_STEP][PASSED] - setText: Text 'f19608' is set on object 'Object Repository/Login/OtpInput'

2018-09-05 17:56:02 - [MESSAGE][PASSED] - Text 'f19608' is set on object 'Object Repository/Login/OtpInput'

2018-09-05 17:56:02 - [TEST_STEP][PASSED] - click: Object: 'Object Repository/Login/div_SUBMIT' is clicked on

2018-09-05 17:56:02 - [MESSAGE][PASSED] - Object: 'Object Repository/Login/div_SUBMIT' is clicked on

2018-09-05 17:56:02 - [TEST_STEP][PASSED] - verifyElementText: Actual text and expected text of test object 'Object Repository/Login/span_Retry' are matched.

2018-09-05 17:56:03 - [MESSAGE][PASSED] - Actual text and expected text of test object 'Object Repository/Login/span_Retry' are matched.

2018-09-05 17:56:03 - [TEST_STEP][PASSED] - verifyElementPresent: Object 'Object Repository/Login/InactiveOTP' is present

2018-09-05 17:56:03 - [MESSAGE][PASSED] - Object 'Object Repository/Login/InactiveOTP' is present

2018-09-05 17:56:03 - [TEST_STEP][PASSED] - click: Object: 'Object Repository/Login/span_Retry' is clicked on

2018-09-05 17:56:04 - [MESSAGE][PASSED] - Object: 'Object Repository/Login/span_Retry' is clicked on

2018-09-05 17:56:04 - [TEST_STEP][FAILED] - acceptAlert: Unable to accept alert (Root cause: No alert found)

2018-09-05 17:56:04 - [MESSAGE][FAILED] - No alert found
[[ATTACHMENT|C:\\Users\\User\\Desktop\\Katalon Studio\\Katalon Studio\\vCallingDashboard\\Reports\\RegressionSuite\\20180905_175530\\1536150364174.png]]

2018-09-05 17:56:04 - [MESSAGE][FAILED] - Unable to accept alert (Root cause: No alert found)
[[ATTACHMENT|C:\\Users\\User\\Desktop\\Katalon Studio\\Katalon Studio\\vCallingDashboard\\Reports\\RegressionSuite\\20180905_175530\\1536150364625.png]]]]></system-out>
         <system-err><![CDATA[2018-09-05 17:55:51 - [TEST_CASE][FAILED] - Test Cases/completed/TestCase1_Login/LoginWrongOTP: Test Cases/completed/TestCase1_Login/LoginWrongOTP FAILED because (of) Unable to accept alert (Root cause: No alert found)]]></system-err>
      </testcase>
      <testcase name="Test Cases/completed/TestCase1_Login/Simple_Login" classname="Test Cases/completed/TestCase1_Login/Simple_Login" status="PASSED">
         <system-out><![CDATA[2018-09-05 17:56:04 - [TEST_CASE][PASSED] - Test Cases/completed/TestCase1_Login/Simple_Login: Test Cases/completed/TestCase1_Login/Simple_Login

2018-09-05 17:56:05 - [TEST_STEP][PASSED] - openBrowser: Browser is opened with url: ''

2018-09-05 17:56:05 - [MESSAGE][WARNING] - A browser is already opened. Closing browser and opening a new one

2018-09-05 17:56:08 - [MESSAGE][PASSED] - Browser is opened with url: ''

2018-09-05 17:56:08 - [TEST_STEP][PASSED] - maximizeWindow: Current window maximized

2018-09-05 17:56:09 - [MESSAGE][PASSED] - Current window maximized

2018-09-05 17:56:09 - [TEST_STEP][PASSED] - navigateToUrl: Navigate to 'https://dev.vcalling.in/enterprises/UAT/Dashboard/index.html' successfully

2018-09-05 17:56:13 - [MESSAGE][PASSED] - Navigate to 'https://dev.vcalling.in/enterprises/UAT/Dashboard/index.html' successfully

2018-09-05 17:56:13 - [TEST_STEP][PASSED] - setText: Text 'testing4dea@gmail.com' is set on object 'Object Repository/Login/UserId'

2018-09-05 17:56:13 - [MESSAGE][PASSED] - Text 'testing4dea@gmail.com' is set on object 'Object Repository/Login/UserId'

2018-09-05 17:56:13 - [TEST_STEP][PASSED] - click: Object: 'Object Repository/Login/div_GET OTP' is clicked on

2018-09-05 17:56:13 - [MESSAGE][PASSED] - Object: 'Object Repository/Login/div_GET OTP' is clicked on

2018-09-05 17:56:13 - [TEST_STEP][PASSED] - waitForElementPresent: Object 'Object Repository/Login/div_SUBMIT' is present

2018-09-05 17:56:15 - [MESSAGE][PASSED] - Object 'Object Repository/Login/div_SUBMIT' is present

2018-09-05 17:56:15 - [TEST_STEP][PASSED] - Statement - If (com.kms.katalon.core.webui.keyword.WebUiBuiltInKeywords.verifyElementNotPresent(com.kms.katalon.core.testobject.ObjectRepository.findTestObject(Login/div_SUBMIT), 5, OPTIONAL)): Web element with id: 'Object Repository/Login/div_SUBMIT' located by 'By.xpath: //div[(text() = ' SUBMIT ' or . = ' SUBMIT ')]' is present after '5' second(s)

2018-09-05 17:56:21 - [MESSAGE][WARNING] - Web element with id: 'Object Repository/Login/div_SUBMIT' located by 'By.xpath: //div[(text() = ' SUBMIT ' or . = ' SUBMIT ')]' is present after '5' second(s)
[[ATTACHMENT|C:\\Users\\User\\Desktop\\Katalon Studio\\Katalon Studio\\vCallingDashboard\\Reports\\RegressionSuite\\20180905_175530\\1536150380779.png]]

2018-09-05 17:56:21 - [TEST_STEP][PASSED] - Statement - sleep(5000): null

2018-09-05 17:56:26 - [TEST_STEP][PASSED] - Statement - OTP = getOTP(): null

2018-09-05 17:56:26 - [TEST_STEP][PASSED] - Statement - host = "imap.gmail.com": null

2018-09-05 17:56:26 - [TEST_STEP][PASSED] - Statement - msg = <not implemented yet for class: org.codehaus.groovy.ast.expr.EmptyExpression>: null

2018-09-05 17:56:26 - [TEST_STEP][PASSED] - Statement - msgSub = <not implemented yet for class: org.codehaus.groovy.ast.expr.EmptyExpression>: null

2018-09-05 17:56:26 - [TEST_STEP][PASSED] - Statement - OTP = "unavailable": null

2018-09-05 17:56:26 - [TEST_STEP][PASSED] - Statement - props = new java.util.Properties(): null

2018-09-05 17:56:26 - [TEST_STEP][PASSED] - Statement - props.setProperty("mail.imap.ssl.enable", "true"): null

2018-09-05 17:56:26 - [TEST_STEP][PASSED] - Statement - session = javax.mail.Session.getInstance(props): null

2018-09-05 17:56:26 - [TEST_STEP][PASSED] - Statement - store = <not implemented yet for class: org.codehaus.groovy.ast.expr.EmptyExpression>: null

2018-09-05 17:56:26 - [TEST_STEP][PASSED] - Statement - Try: null

2018-09-05 17:56:26 - [TEST_STEP][PASSED] - Statement - store = session.getStore("imap"): null

2018-09-05 17:56:26 - [TEST_STEP][PASSED] - Statement - store.connect(host, Email, Password): null

2018-09-05 17:56:28 - [TEST_STEP][PASSED] - Statement - emailFolder = store.getFolder("INBOX"): null

2018-09-05 17:56:28 - [TEST_STEP][PASSED] - Statement - emailFolder.open(READ_WRITE): null

2018-09-05 17:56:29 - [TEST_STEP][PASSED] - Statement - messages = emailFolder.getMessages(): null

2018-09-05 17:56:29 - [TEST_STEP][PASSED] - Statement - n = length: null

2018-09-05 17:56:29 - [TEST_STEP][PASSED] - Statement - message = messages[n - 1]: null

2018-09-05 17:56:29 - [TEST_STEP][PASSED] - Statement - msgSub = message.getSubject(): null

2018-09-05 17:56:29 - [TEST_STEP][PASSED] - Statement - If (msgSub.equals("OTP to Sign In")): null

2018-09-05 17:56:29 - [TEST_STEP][PASSED] - Statement - msg = message.getContent().toString(): null

2018-09-05 17:56:30 - [TEST_STEP][PASSED] - Statement - OTP = msg.substring(msg.length() - 7): null

2018-09-05 17:56:30 - [TEST_STEP][PASSED] - Statement - message.setFlag(DELETED, true): null

2018-09-05 17:56:31 - [TEST_STEP][PASSED] - Statement - emailFolder.close(true): null

2018-09-05 17:56:31 - [TEST_STEP][PASSED] - Statement - store.close(): null

2018-09-05 17:56:31 - [TEST_STEP][PASSED] - Statement - return OTP: null

2018-09-05 17:56:31 - [TEST_STEP][PASSED] - Statement - If (OTP.equals("unavailable")): null

2018-09-05 17:56:31 - [TEST_STEP][PASSED] - Statement - Else: Text 'q3913
' is set on object 'Object Repository/Login/OtpInput'

2018-09-05 17:56:31 - [TEST_STEP][PASSED] - setText: Text 'q3913
' is set on object 'Object Repository/Login/OtpInput'

2018-09-05 17:56:32 - [MESSAGE][PASSED] - Text 'q3913
' is set on object 'Object Repository/Login/OtpInput'

2018-09-05 17:56:32 - [TEST_STEP][PASSED] - verifyElementPresent: Object 'Object Repository/Login/afterOpenDisplay' is present

2018-09-05 17:56:33 - [MESSAGE][PASSED] - Object 'Object Repository/Login/afterOpenDisplay' is present]]></system-out>
         <system-err><![CDATA[]]></system-err>
      </testcase>
      <testcase name="Test Cases/completed/TestCase2_Link Genrator Short link/callingLInkGenrateWIthEmail,Num" classname="Test Cases/completed/TestCase2_Link Genrator Short link/callingLInkGenrateWIthEmail,Num" status="PASSED">
         <system-out><![CDATA[2018-09-05 17:56:33 - [TEST_CASE][PASSED] - Test Cases/completed/TestCase2_Link Genrator Short link/callingLInkGenrateWIthEmail,Num: Test Cases/completed/TestCase2_Link Genrator Short link/callingLInkGenrateWIthEmail,Num

2018-09-05 17:56:33 - [TEST_STEP][PASSED] - callTestCase: Call Test Case 'Test Cases/BVT/aSimple_Login' successfully

2018-09-05 17:56:34 - [TEST_CASE][PASSED] - Test Cases/BVT/aSimple_Login: Test Cases/BVT/aSimple_Login

2018-09-05 17:56:34 - [TEST_STEP][PASSED] - openBrowser: Browser is opened with url: ''

2018-09-05 17:56:34 - [MESSAGE][WARNING] - A browser is already opened. Closing browser and opening a new one

2018-09-05 17:56:37 - [MESSAGE][PASSED] - Browser is opened with url: ''

2018-09-05 17:56:37 - [TEST_STEP][PASSED] - maximizeWindow: Current window maximized

2018-09-05 17:56:38 - [MESSAGE][PASSED] - Current window maximized

2018-09-05 17:56:38 - [TEST_STEP][PASSED] - navigateToUrl: Navigate to 'https://dev.vcalling.in/enterprises/UAT/Dashboard/index.html' successfully

2018-09-05 17:56:42 - [MESSAGE][PASSED] - Navigate to 'https://dev.vcalling.in/enterprises/UAT/Dashboard/index.html' successfully

2018-09-05 17:56:42 - [TEST_STEP][PASSED] - setText: Text 'testing4dea@gmail.com' is set on object 'Object Repository/Login/UserId'

2018-09-05 17:56:42 - [MESSAGE][PASSED] - Text 'testing4dea@gmail.com' is set on object 'Object Repository/Login/UserId'

2018-09-05 17:56:42 - [TEST_STEP][PASSED] - click: Object: 'Object Repository/Login/div_GET OTP' is clicked on

2018-09-05 17:56:43 - [MESSAGE][PASSED] - Object: 'Object Repository/Login/div_GET OTP' is clicked on

2018-09-05 17:56:43 - [TEST_STEP][PASSED] - waitForElementPresent: Object 'Object Repository/Login/div_SUBMIT' is present

2018-09-05 17:56:44 - [MESSAGE][PASSED] - Object 'Object Repository/Login/div_SUBMIT' is present

2018-09-05 17:56:44 - [TEST_STEP][PASSED] - Statement - If (com.kms.katalon.core.webui.keyword.WebUiBuiltInKeywords.verifyElementNotPresent(com.kms.katalon.core.testobject.ObjectRepository.findTestObject(Login/div_SUBMIT), 5, OPTIONAL)): Web element with id: 'Object Repository/Login/div_SUBMIT' located by 'By.xpath: //div[(text() = ' SUBMIT ' or . = ' SUBMIT ')]' is present after '5' second(s)

2018-09-05 17:56:50 - [MESSAGE][WARNING] - Web element with id: 'Object Repository/Login/div_SUBMIT' located by 'By.xpath: //div[(text() = ' SUBMIT ' or . = ' SUBMIT ')]' is present after '5' second(s)
[[ATTACHMENT|C:\\Users\\User\\Desktop\\Katalon Studio\\Katalon Studio\\vCallingDashboard\\Reports\\RegressionSuite\\20180905_175530\\1536150409826.png]]

2018-09-05 17:56:50 - [TEST_STEP][PASSED] - Statement - sleep(5000): null

2018-09-05 17:56:55 - [TEST_STEP][PASSED] - Statement - OTP = getOTP(): null

2018-09-05 17:56:55 - [TEST_STEP][PASSED] - Statement - host = "imap.gmail.com": null

2018-09-05 17:56:55 - [TEST_STEP][PASSED] - Statement - msg = <not implemented yet for class: org.codehaus.groovy.ast.expr.EmptyExpression>: null

2018-09-05 17:56:55 - [TEST_STEP][PASSED] - Statement - msgSub = <not implemented yet for class: org.codehaus.groovy.ast.expr.EmptyExpression>: null

2018-09-05 17:56:55 - [TEST_STEP][PASSED] - Statement - OTP = "unavailable": null

2018-09-05 17:56:55 - [TEST_STEP][PASSED] - Statement - props = new java.util.Properties(): null

2018-09-05 17:56:55 - [TEST_STEP][PASSED] - Statement - props.setProperty("mail.imap.ssl.enable", "true"): null

2018-09-05 17:56:55 - [TEST_STEP][PASSED] - Statement - session = javax.mail.Session.getInstance(props): null

2018-09-05 17:56:55 - [TEST_STEP][PASSED] - Statement - store = <not implemented yet for class: org.codehaus.groovy.ast.expr.EmptyExpression>: null

2018-09-05 17:56:55 - [TEST_STEP][PASSED] - Statement - Try: null

2018-09-05 17:56:55 - [TEST_STEP][PASSED] - Statement - store = session.getStore("imap"): null

2018-09-05 17:56:55 - [TEST_STEP][PASSED] - Statement - store.connect(host, Email, Password): null

2018-09-05 17:56:56 - [TEST_STEP][PASSED] - Statement - emailFolder = store.getFolder("INBOX"): null

2018-09-05 17:56:56 - [TEST_STEP][PASSED] - Statement - emailFolder.open(READ_WRITE): null

2018-09-05 17:56:57 - [TEST_STEP][PASSED] - Statement - messages = emailFolder.getMessages(): null

2018-09-05 17:56:57 - [TEST_STEP][PASSED] - Statement - n = length: null

2018-09-05 17:56:57 - [TEST_STEP][PASSED] - Statement - message = messages[n - 1]: null

2018-09-05 17:56:57 - [TEST_STEP][PASSED] - Statement - msgSub = message.getSubject(): null

2018-09-05 17:56:57 - [TEST_STEP][PASSED] - Statement - If (msgSub.equals("OTP to Sign In")): null

2018-09-05 17:56:57 - [TEST_STEP][PASSED] - Statement - msg = message.getContent().toString(): null

2018-09-05 17:56:58 - [TEST_STEP][PASSED] - Statement - OTP = msg.substring(msg.length() - 7): null

2018-09-05 17:56:58 - [TEST_STEP][PASSED] - Statement - message.setFlag(DELETED, true): null

2018-09-05 17:56:58 - [TEST_STEP][PASSED] - Statement - emailFolder.close(true): null

2018-09-05 17:56:59 - [TEST_STEP][PASSED] - Statement - store.close(): null

2018-09-05 17:56:59 - [TEST_STEP][PASSED] - Statement - return OTP: null

2018-09-05 17:56:59 - [TEST_STEP][PASSED] - Statement - If (OTP.equals("unavailable")): null

2018-09-05 17:56:59 - [TEST_STEP][PASSED] - Statement - Else: Text 'g1558
' is set on object 'Object Repository/Login/OtpInput'

2018-09-05 17:56:59 - [TEST_STEP][PASSED] - setText: Text 'g1558
' is set on object 'Object Repository/Login/OtpInput'

2018-09-05 17:56:59 - [MESSAGE][PASSED] - Text 'g1558
' is set on object 'Object Repository/Login/OtpInput'

2018-09-05 17:56:59 - [TEST_STEP][PASSED] - verifyElementPresent: Object 'Object Repository/Login/afterOpenDisplay' is present

2018-09-05 17:57:01 - [MESSAGE][PASSED] - Object 'Object Repository/Login/afterOpenDisplay' is present

2018-09-05 17:57:01 - [MESSAGE][PASSED] - Call Test Case 'Test Cases/BVT/aSimple_Login' successfully

2018-09-05 17:57:01 - [TEST_STEP][PASSED] - Statement - driver = com.kms.katalon.core.webui.driver.DriverFactory.getWebDriver(): null

2018-09-05 17:57:01 - [TEST_STEP][PASSED] - click: Object: 'Object Repository/Dashboard_Link Generator/linkgeneratorIcon' is clicked on

2018-09-05 17:57:01 - [MESSAGE][PASSED] - Object: 'Object Repository/Dashboard_Link Generator/linkgeneratorIcon' is clicked on

2018-09-05 17:57:01 - [TEST_STEP][PASSED] - Statement - x = CustomKeywords.newPackage.newKeyword.randomString(3).toLowerCase(): newPackage.newKeyword.randomString is PASSED

2018-09-05 17:57:01 - [MESSAGE][PASSED] - newPackage.newKeyword.randomString is PASSED

2018-09-05 17:57:01 - [TEST_STEP][PASSED] - Statement - teamMeberName = x: null

2018-09-05 17:57:01 - [TEST_STEP][PASSED] - setText: Text 'ktd' is set on object 'Object Repository/AddTeamMemberDashboard/name'

2018-09-05 17:57:02 - [MESSAGE][PASSED] - Text 'ktd' is set on object 'Object Repository/AddTeamMemberDashboard/name'

2018-09-05 17:57:02 - [TEST_STEP][PASSED] - setText: Text 'kLZne7Sbb6@gmail.com' is set on object 'Object Repository/AddTeamMemberDashboard/email'

2018-09-05 17:57:02 - [MESSAGE][PASSED] - newPackage.newKeyword.randomString is PASSED

2018-09-05 17:57:02 - [MESSAGE][PASSED] - Text 'kLZne7Sbb6@gmail.com' is set on object 'Object Repository/AddTeamMemberDashboard/email'

2018-09-05 17:57:02 - [TEST_STEP][PASSED] - Statement - number = CustomKeywords.phoneNumbers.contactNumbers.randomString(9): phoneNumbers.contactNumbers.randomString is PASSED

2018-09-05 17:57:02 - [MESSAGE][PASSED] - phoneNumbers.contactNumbers.randomString is PASSED

2018-09-05 17:57:02 - [TEST_STEP][PASSED] - Statement - Mobile_Number = number: null

2018-09-05 17:57:02 - [TEST_STEP][PASSED] - setText: Text '2001897611' is set on object 'Object Repository/Dashboard_Link Generator/contactNumber'

2018-09-05 17:57:02 - [MESSAGE][PASSED] - Text '2001897611' is set on object 'Object Repository/Dashboard_Link Generator/contactNumber'

2018-09-05 17:57:02 - [TEST_STEP][PASSED] - click: Object: 'Object Repository/Dashboard_Link Generator/callOnly' is clicked on

2018-09-05 17:57:02 - [MESSAGE][PASSED] - Object: 'Object Repository/Dashboard_Link Generator/callOnly' is clicked on

2018-09-05 17:57:02 - [TEST_STEP][PASSED] - click: Object: 'Object Repository/Dashboard_Link Generator/div_GET LINK' is clicked on

2018-09-05 17:57:03 - [MESSAGE][PASSED] - Object: 'Object Repository/Dashboard_Link Generator/div_GET LINK' is clicked on

2018-09-05 17:57:03 - [TEST_STEP][PASSED] - Statement - getLink = com.kms.katalon.core.webui.keyword.WebUiBuiltInKeywords.getAttribute(com.kms.katalon.core.testobject.ObjectRepository.findTestObject(Dashboard_Link Generator/shortLinkUrlCopy), "value"): Attribute 'value' of object 'Object Repository/Dashboard_Link Generator/shortLinkUrlCopy' is: 'https://dev.vcalling.in/url/UAT/?id=UAT-1-524&c=t'

2018-09-05 17:57:03 - [MESSAGE][PASSED] - Attribute 'value' of object 'Object Repository/Dashboard_Link Generator/shortLinkUrlCopy' is: 'https://dev.vcalling.in/url/UAT/?id=UAT-1-524&c=t'

2018-09-05 17:57:03 - [TEST_STEP][PASSED] - Statement - println(getLink): null

2018-09-05 17:57:03 - [TEST_STEP][PASSED] - delay: Delayed 2 second(s)

2018-09-05 17:57:05 - [MESSAGE][PASSED] - Delayed 2 second(s)

2018-09-05 17:57:05 - [TEST_STEP][PASSED] - click: Object: 'Object Repository/Dashboard_Link Generator/shortLinkCOpy' is clicked on

2018-09-05 17:57:06 - [MESSAGE][PASSED] - Object: 'Object Repository/Dashboard_Link Generator/shortLinkCOpy' is clicked on

2018-09-05 17:57:06 - [TEST_STEP][PASSED] - delay: Delayed 2 second(s)

2018-09-05 17:57:08 - [MESSAGE][PASSED] - Delayed 2 second(s)

2018-09-05 17:57:08 - [TEST_STEP][PASSED] - click: Object: 'Object Repository/Dashboard_Link Generator/linkCopyShort' is clicked on

2018-09-05 17:57:08 - [MESSAGE][PASSED] - Object: 'Object Repository/Dashboard_Link Generator/linkCopyShort' is clicked on

2018-09-05 17:57:08 - [TEST_STEP][PASSED] - Statement - If (com.kms.katalon.core.webui.keyword.WebUiBuiltInKeywords.verifyElementPresent(com.kms.katalon.core.testobject.ObjectRepository.findTestObject(Dashboard_Link Generator/validation), 5, OPTIONAL)): null

2018-09-05 17:57:08 - [MESSAGE][PASSED] - Object 'Object Repository/Dashboard_Link Generator/validation' is present

2018-09-05 17:57:08 - [TEST_STEP][PASSED] - Statement - validationMessage = com.kms.katalon.core.webui.keyword.WebUiBuiltInKeywords.getText(com.kms.katalon.core.testobject.ObjectRepository.findTestObject(Dashboard_Link Generator/validation)): Text of object 'Object Repository/Dashboard_Link Generator/validation' is: 'Short Link Copied.!'

2018-09-05 17:57:08 - [MESSAGE][PASSED] - Text of object 'Object Repository/Dashboard_Link Generator/validation' is: 'Short Link Copied.!'

2018-09-05 17:57:08 - [TEST_STEP][PASSED] - verifyMatch: Actual text 'Short Link Copied.!' and expected text 'Short Link Copied.!' are matched 

2018-09-05 17:57:08 - [MESSAGE][PASSED] - Actual text 'Short Link Copied.!' and expected text 'Short Link Copied.!' are matched 

2018-09-05 17:57:08 - [TEST_STEP][PASSED] - Statement - println("successful"): null

2018-09-05 17:57:08 - [TEST_STEP][PASSED] - delay: Delayed 5 second(s)

2018-09-05 17:57:13 - [MESSAGE][PASSED] - Delayed 5 second(s)

2018-09-05 17:57:13 - [TEST_STEP][PASSED] - Statement - linkUserName = driver.findElements(org.openqa.selenium.By.className("text-link-log")): null

2018-09-05 17:57:13 - [TEST_STEP][PASSED] - Statement - previousCountValue = 0: null

2018-09-05 17:57:13 - [TEST_STEP][PASSED] - Statement - For ([i = 0, i < linkUserName.size(), (i++)]): null

2018-09-05 17:57:13 - [TEST_STEP][PASSED] - Statement - linkLogmembername = linkUserName.get(i).getText(): null

2018-09-05 17:57:13 - [TEST_STEP][PASSED] - Statement - If (linkLogmembername.equals(teamMeberName)): null

2018-09-05 17:57:13 - [TEST_STEP][PASSED] - Statement - linkLogmembername = linkUserName.get(i).getText(): null

2018-09-05 17:57:13 - [TEST_STEP][PASSED] - Statement - If (linkLogmembername.equals(teamMeberName)): null

2018-09-05 17:57:13 - [TEST_STEP][PASSED] - Statement - linkLogmembername = linkUserName.get(i).getText(): null

2018-09-05 17:57:13 - [TEST_STEP][PASSED] - Statement - If (linkLogmembername.equals(teamMeberName)): null

2018-09-05 17:57:13 - [TEST_STEP][PASSED] - Statement - linkLogmembername = linkUserName.get(i).getText(): null

2018-09-05 17:57:13 - [TEST_STEP][PASSED] - Statement - If (linkLogmembername.equals(teamMeberName)): null

2018-09-05 17:57:13 - [TEST_STEP][PASSED] - Statement - linkLogmembername = linkUserName.get(i).getText(): null

2018-09-05 17:57:13 - [TEST_STEP][PASSED] - Statement - If (linkLogmembername.equals(teamMeberName)): null

2018-09-05 17:57:13 - [TEST_STEP][PASSED] - Statement - linkLogmembername = linkUserName.get(i).getText(): null

2018-09-05 17:57:13 - [TEST_STEP][PASSED] - Statement - If (linkLogmembername.equals(teamMeberName)): null

2018-09-05 17:57:13 - [TEST_STEP][PASSED] - Statement - linkLogmembername = linkUserName.get(i).getText(): null

2018-09-05 17:57:13 - [TEST_STEP][PASSED] - Statement - If (linkLogmembername.equals(teamMeberName)): null

2018-09-05 17:57:13 - [TEST_STEP][PASSED] - Statement - linkLogmembername = linkUserName.get(i).getText(): null

2018-09-05 17:57:13 - [TEST_STEP][PASSED] - Statement - If (linkLogmembername.equals(teamMeberName)): null

2018-09-05 17:57:13 - [TEST_STEP][PASSED] - Statement - out.println("Admin Console: " + linkLogmembername): null

2018-09-05 17:57:13 - [TEST_STEP][PASSED] - Statement - linkLogmembername = linkUserName.get(i).getText(): null

2018-09-05 17:57:13 - [TEST_STEP][PASSED] - Statement - If (linkLogmembername.equals(teamMeberName)): null

2018-09-05 17:57:13 - [TEST_STEP][PASSED] - Statement - linkLogmembername = linkUserName.get(i).getText(): null

2018-09-05 17:57:13 - [TEST_STEP][PASSED] - Statement - If (linkLogmembername.equals(teamMeberName)): null

2018-09-05 17:57:13 - [TEST_STEP][PASSED] - Statement - linkLogmembername = linkUserName.get(i).getText(): null

2018-09-05 17:57:13 - [TEST_STEP][PASSED] - Statement - If (linkLogmembername.equals(teamMeberName)): null

2018-09-05 17:57:13 - [TEST_STEP][PASSED] - Statement - linkLogmembername = linkUserName.get(i).getText(): null

2018-09-05 17:57:13 - [TEST_STEP][PASSED] - Statement - If (linkLogmembername.equals(teamMeberName)): null

2018-09-05 17:57:13 - [TEST_STEP][PASSED] - Statement - linkLogmembername = linkUserName.get(i).getText(): null

2018-09-05 17:57:13 - [TEST_STEP][PASSED] - Statement - If (linkLogmembername.equals(teamMeberName)): null

2018-09-05 17:57:13 - [TEST_STEP][PASSED] - Statement - linkLogmembername = linkUserName.get(i).getText(): null

2018-09-05 17:57:13 - [TEST_STEP][PASSED] - Statement - If (linkLogmembername.equals(teamMeberName)): null

2018-09-05 17:57:13 - [TEST_STEP][PASSED] - Statement - linkLogmembername = linkUserName.get(i).getText(): null

2018-09-05 17:57:13 - [TEST_STEP][PASSED] - Statement - If (linkLogmembername.equals(teamMeberName)): null

2018-09-05 17:57:13 - [TEST_STEP][PASSED] - Statement - linkLogmembername = linkUserName.get(i).getText(): null

2018-09-05 17:57:13 - [TEST_STEP][PASSED] - Statement - If (linkLogmembername.equals(teamMeberName)): null

2018-09-05 17:57:13 - [TEST_STEP][PASSED] - Statement - linkLogmembername = linkUserName.get(i).getText(): null

2018-09-05 17:57:13 - [TEST_STEP][PASSED] - Statement - If (linkLogmembername.equals(teamMeberName)): null

2018-09-05 17:57:13 - [TEST_STEP][PASSED] - Statement - linkLogmembername = linkUserName.get(i).getText(): null

2018-09-05 17:57:13 - [TEST_STEP][PASSED] - Statement - If (linkLogmembername.equals(teamMeberName)): null

2018-09-05 17:57:13 - [TEST_STEP][PASSED] - Statement - linkLogmembername = linkUserName.get(i).getText(): null

2018-09-05 17:57:14 - [TEST_STEP][PASSED] - Statement - If (linkLogmembername.equals(teamMeberName)): null

2018-09-05 17:57:14 - [TEST_STEP][PASSED] - Statement - linkLogmembername = linkUserName.get(i).getText(): null

2018-09-05 17:57:14 - [TEST_STEP][PASSED] - Statement - If (linkLogmembername.equals(teamMeberName)): null

2018-09-05 17:57:14 - [TEST_STEP][PASSED] - Statement - linkLogmembername = linkUserName.get(i).getText(): null

2018-09-05 17:57:14 - [TEST_STEP][PASSED] - Statement - If (linkLogmembername.equals(teamMeberName)): null

2018-09-05 17:57:14 - [TEST_STEP][PASSED] - Statement - linkLogmembername = linkUserName.get(i).getText(): null

2018-09-05 17:57:14 - [TEST_STEP][PASSED] - Statement - If (linkLogmembername.equals(teamMeberName)): null

2018-09-05 17:57:14 - [TEST_STEP][PASSED] - Statement - linkLogmembername = linkUserName.get(i).getText(): null

2018-09-05 17:57:14 - [TEST_STEP][PASSED] - Statement - If (linkLogmembername.equals(teamMeberName)): null

2018-09-05 17:57:14 - [TEST_STEP][PASSED] - Statement - linkLogmembername = linkUserName.get(i).getText(): null

2018-09-05 17:57:14 - [TEST_STEP][PASSED] - Statement - If (linkLogmembername.equals(teamMeberName)): null

2018-09-05 17:57:14 - [TEST_STEP][PASSED] - Statement - linkLogmembername = linkUserName.get(i).getText(): null

2018-09-05 17:57:14 - [TEST_STEP][PASSED] - Statement - If (linkLogmembername.equals(teamMeberName)): null

2018-09-05 17:57:14 - [TEST_STEP][PASSED] - Statement - linkLogmembername = linkUserName.get(i).getText(): null

2018-09-05 17:57:14 - [TEST_STEP][PASSED] - Statement - If (linkLogmembername.equals(teamMeberName)): null

2018-09-05 17:57:14 - [TEST_STEP][PASSED] - Statement - linkLogmembername = linkUserName.get(i).getText(): null

2018-09-05 17:57:14 - [TEST_STEP][PASSED] - Statement - If (linkLogmembername.equals(teamMeberName)): null

2018-09-05 17:57:14 - [TEST_STEP][PASSED] - Statement - linkLogmembername = linkUserName.get(i).getText(): null

2018-09-05 17:57:14 - [TEST_STEP][PASSED] - Statement - If (linkLogmembername.equals(teamMeberName)): null

2018-09-05 17:57:14 - [TEST_STEP][PASSED] - Statement - linkLogmembername = linkUserName.get(i).getText(): null

2018-09-05 17:57:14 - [TEST_STEP][PASSED] - Statement - If (linkLogmembername.equals(teamMeberName)): null

2018-09-05 17:57:14 - [TEST_STEP][PASSED] - Statement - linkLogmembername = linkUserName.get(i).getText(): null

2018-09-05 17:57:14 - [TEST_STEP][PASSED] - Statement - If (linkLogmembername.equals(teamMeberName)): null

2018-09-05 17:57:14 - [TEST_STEP][PASSED] - Statement - linkLogmembername = linkUserName.get(i).getText(): null

2018-09-05 17:57:14 - [TEST_STEP][PASSED] - Statement - If (linkLogmembername.equals(teamMeberName)): null

2018-09-05 17:57:14 - [TEST_STEP][PASSED] - Statement - linkLogmembername = linkUserName.get(i).getText(): null

2018-09-05 17:57:14 - [TEST_STEP][PASSED] - Statement - If (linkLogmembername.equals(teamMeberName)): null

2018-09-05 17:57:14 - [TEST_STEP][PASSED] - Statement - linkLogmembername = linkUserName.get(i).getText(): null

2018-09-05 17:57:14 - [TEST_STEP][PASSED] - Statement - If (linkLogmembername.equals(teamMeberName)): null

2018-09-05 17:57:14 - [TEST_STEP][PASSED] - Statement - linkLogmembername = linkUserName.get(i).getText(): null

2018-09-05 17:57:14 - [TEST_STEP][PASSED] - Statement - If (linkLogmembername.equals(teamMeberName)): null

2018-09-05 17:57:14 - [TEST_STEP][PASSED] - Statement - linkLogmembername = linkUserName.get(i).getText(): null

2018-09-05 17:57:14 - [TEST_STEP][PASSED] - Statement - If (linkLogmembername.equals(teamMeberName)): null

2018-09-05 17:57:14 - [TEST_STEP][PASSED] - Statement - linkLogmembername = linkUserName.get(i).getText(): null

2018-09-05 17:57:14 - [TEST_STEP][PASSED] - Statement - If (linkLogmembername.equals(teamMeberName)): null

2018-09-05 17:57:14 - [TEST_STEP][PASSED] - Statement - linkLogmembername = linkUserName.get(i).getText(): null

2018-09-05 17:57:14 - [TEST_STEP][PASSED] - Statement - If (linkLogmembername.equals(teamMeberName)): null

2018-09-05 17:57:14 - [TEST_STEP][PASSED] - Statement - linkLogmembername = linkUserName.get(i).getText(): null

2018-09-05 17:57:14 - [TEST_STEP][PASSED] - Statement - If (linkLogmembername.equals(teamMeberName)): null

2018-09-05 17:57:14 - [TEST_STEP][PASSED] - Statement - linkLogmembername = linkUserName.get(i).getText(): null

2018-09-05 17:57:14 - [TEST_STEP][PASSED] - Statement - If (linkLogmembername.equals(teamMeberName)): null

2018-09-05 17:57:14 - [TEST_STEP][PASSED] - Statement - linkLogmembername = linkUserName.get(i).getText(): null

2018-09-05 17:57:14 - [TEST_STEP][PASSED] - Statement - If (linkLogmembername.equals(teamMeberName)): null

2018-09-05 17:57:14 - [TEST_STEP][PASSED] - Statement - linkLogmembername = linkUserName.get(i).getText(): null

2018-09-05 17:57:15 - [TEST_STEP][PASSED] - Statement - If (linkLogmembername.equals(teamMeberName)): null

2018-09-05 17:57:15 - [TEST_STEP][PASSED] - Statement - linkLogmembername = linkUserName.get(i).getText(): null

2018-09-05 17:57:15 - [TEST_STEP][PASSED] - Statement - If (linkLogmembername.equals(teamMeberName)): null

2018-09-05 17:57:15 - [TEST_STEP][PASSED] - Statement - linkLogmembername = linkUserName.get(i).getText(): null

2018-09-05 17:57:15 - [TEST_STEP][PASSED] - Statement - If (linkLogmembername.equals(teamMeberName)): null

2018-09-05 17:57:15 - [TEST_STEP][PASSED] - Statement - linkLogmembername = linkUserName.get(i).getText(): null

2018-09-05 17:57:15 - [TEST_STEP][PASSED] - Statement - If (linkLogmembername.equals(teamMeberName)): null

2018-09-05 17:57:15 - [TEST_STEP][PASSED] - Statement - linkLogmembername = linkUserName.get(i).getText(): null

2018-09-05 17:57:15 - [TEST_STEP][PASSED] - Statement - If (linkLogmembername.equals(teamMeberName)): null

2018-09-05 17:57:15 - [TEST_STEP][PASSED] - Statement - linkLogmembername = linkUserName.get(i).getText(): null

2018-09-05 17:57:15 - [TEST_STEP][PASSED] - Statement - If (linkLogmembername.equals(teamMeberName)): null

2018-09-05 17:57:15 - [TEST_STEP][PASSED] - Statement - linkLogmembername = linkUserName.get(i).getText(): null

2018-09-05 17:57:15 - [TEST_STEP][PASSED] - Statement - If (linkLogmembername.equals(teamMeberName)): null

2018-09-05 17:57:15 - [TEST_STEP][PASSED] - Statement - linkLogmembername = linkUserName.get(i).getText(): null

2018-09-05 17:57:15 - [TEST_STEP][PASSED] - Statement - If (linkLogmembername.equals(teamMeberName)): null

2018-09-05 17:57:15 - [TEST_STEP][PASSED] - Statement - linkLogmembername = linkUserName.get(i).getText(): null

2018-09-05 17:57:15 - [TEST_STEP][PASSED] - Statement - If (linkLogmembername.equals(teamMeberName)): null

2018-09-05 17:57:15 - [TEST_STEP][PASSED] - Statement - linkLogmembername = linkUserName.get(i).getText(): null

2018-09-05 17:57:15 - [TEST_STEP][PASSED] - Statement - If (linkLogmembername.equals(teamMeberName)): null

2018-09-05 17:57:15 - [TEST_STEP][PASSED] - Statement - linkLogmembername = linkUserName.get(i).getText(): null

2018-09-05 17:57:16 - [TEST_STEP][PASSED] - Statement - If (linkLogmembername.equals(teamMeberName)): null

2018-09-05 17:57:16 - [TEST_STEP][PASSED] - Statement - linkLogmembername = linkUserName.get(i).getText(): null

2018-09-05 17:57:16 - [TEST_STEP][PASSED] - Statement - If (linkLogmembername.equals(teamMeberName)): null

2018-09-05 17:57:16 - [TEST_STEP][PASSED] - Statement - linkLogmembername = linkUserName.get(i).getText(): null

2018-09-05 17:57:16 - [TEST_STEP][PASSED] - Statement - If (linkLogmembername.equals(teamMeberName)): null

2018-09-05 17:57:16 - [TEST_STEP][PASSED] - Statement - linkLogmembername = linkUserName.get(i).getText(): null

2018-09-05 17:57:16 - [TEST_STEP][PASSED] - Statement - If (linkLogmembername.equals(teamMeberName)): null

2018-09-05 17:57:16 - [TEST_STEP][PASSED] - Statement - linkLogmembername = linkUserName.get(i).getText(): null

2018-09-05 17:57:16 - [TEST_STEP][PASSED] - Statement - If (linkLogmembername.equals(teamMeberName)): null

2018-09-05 17:57:16 - [TEST_STEP][PASSED] - Statement - linkLogmembername = linkUserName.get(i).getText(): null

2018-09-05 17:57:16 - [TEST_STEP][PASSED] - Statement - If (linkLogmembername.equals(teamMeberName)): null

2018-09-05 17:57:16 - [TEST_STEP][PASSED] - Statement - linkLogmembername = linkUserName.get(i).getText(): null

2018-09-05 17:57:16 - [TEST_STEP][PASSED] - Statement - If (linkLogmembername.equals(teamMeberName)): null

2018-09-05 17:57:16 - [TEST_STEP][PASSED] - Statement - js = driver: null

2018-09-05 17:57:16 - [TEST_STEP][PASSED] - Statement - js.executeScript("window.open();"): null

2018-09-05 17:57:16 - [TEST_STEP][PASSED] - Statement - currentWindow = com.kms.katalon.core.webui.keyword.WebUiBuiltInKeywords.getWindowIndex(): Current window's index is: 0

2018-09-05 17:57:16 - [MESSAGE][PASSED] - Current window's index is: 0

2018-09-05 17:57:16 - [TEST_STEP][PASSED] - switchToWindowIndex: Switched to window with index: '1'

2018-09-05 17:57:16 - [MESSAGE][PASSED] - Switched to window with index: '1'

2018-09-05 17:57:16 - [TEST_STEP][PASSED] - navigateToUrl: Navigate to 'https://dev.vcalling.in/url/UAT/?id=UAT-1-524&c=t' successfully

2018-09-05 17:57:18 - [MESSAGE][PASSED] - Navigate to 'https://dev.vcalling.in/url/UAT/?id=UAT-1-524&c=t' successfully

2018-09-05 17:57:18 - [TEST_STEP][PASSED] - Statement - currentTab = com.kms.katalon.core.webui.keyword.WebUiBuiltInKeywords.getWindowIndex(): Current window's index is: 1

2018-09-05 17:57:18 - [MESSAGE][PASSED] - Current window's index is: 1]]></system-out>
         <system-err><![CDATA[]]></system-err>
      </testcase>
      <testcase name="Test Cases/completed/TestCase2_Link Genrator Short link/callingLinkGenrateWithEmail" classname="Test Cases/completed/TestCase2_Link Genrator Short link/callingLinkGenrateWithEmail" status="PASSED">
         <system-out><![CDATA[2018-09-05 17:57:18 - [TEST_CASE][PASSED] - Test Cases/completed/TestCase2_Link Genrator Short link/callingLinkGenrateWithEmail: Test Cases/completed/TestCase2_Link Genrator Short link/callingLinkGenrateWithEmail

2018-09-05 17:57:19 - [TEST_STEP][PASSED] - callTestCase: Call Test Case 'Test Cases/BVT/aSimple_Login' successfully

2018-09-05 17:57:19 - [TEST_CASE][PASSED] - Test Cases/BVT/aSimple_Login: Test Cases/BVT/aSimple_Login

2018-09-05 17:57:19 - [TEST_STEP][PASSED] - openBrowser: Browser is opened with url: ''

2018-09-05 17:57:19 - [MESSAGE][WARNING] - A browser is already opened. Closing browser and opening a new one

2018-09-05 17:57:22 - [MESSAGE][PASSED] - Browser is opened with url: ''

2018-09-05 17:57:22 - [TEST_STEP][PASSED] - maximizeWindow: Current window maximized

2018-09-05 17:57:23 - [MESSAGE][PASSED] - Current window maximized

2018-09-05 17:57:23 - [TEST_STEP][PASSED] - navigateToUrl: Navigate to 'https://dev.vcalling.in/enterprises/UAT/Dashboard/index.html' successfully

2018-09-05 17:57:28 - [MESSAGE][PASSED] - Navigate to 'https://dev.vcalling.in/enterprises/UAT/Dashboard/index.html' successfully

2018-09-05 17:57:28 - [TEST_STEP][PASSED] - setText: Text 'testing4dea@gmail.com' is set on object 'Object Repository/Login/UserId'

2018-09-05 17:57:28 - [MESSAGE][PASSED] - Text 'testing4dea@gmail.com' is set on object 'Object Repository/Login/UserId'

2018-09-05 17:57:28 - [TEST_STEP][PASSED] - click: Object: 'Object Repository/Login/div_GET OTP' is clicked on

2018-09-05 17:57:29 - [MESSAGE][PASSED] - Object: 'Object Repository/Login/div_GET OTP' is clicked on

2018-09-05 17:57:29 - [TEST_STEP][PASSED] - waitForElementPresent: Object 'Object Repository/Login/div_SUBMIT' is present

2018-09-05 17:57:30 - [MESSAGE][PASSED] - Object 'Object Repository/Login/div_SUBMIT' is present

2018-09-05 17:57:30 - [TEST_STEP][PASSED] - Statement - If (com.kms.katalon.core.webui.keyword.WebUiBuiltInKeywords.verifyElementNotPresent(com.kms.katalon.core.testobject.ObjectRepository.findTestObject(Login/div_SUBMIT), 5, OPTIONAL)): Web element with id: 'Object Repository/Login/div_SUBMIT' located by 'By.xpath: //div[(text() = ' SUBMIT ' or . = ' SUBMIT ')]' is present after '5' second(s)

2018-09-05 17:57:35 - [MESSAGE][WARNING] - Web element with id: 'Object Repository/Login/div_SUBMIT' located by 'By.xpath: //div[(text() = ' SUBMIT ' or . = ' SUBMIT ')]' is present after '5' second(s)
[[ATTACHMENT|C:\\Users\\User\\Desktop\\Katalon Studio\\Katalon Studio\\vCallingDashboard\\Reports\\RegressionSuite\\20180905_175530\\1536150455530.png]]

2018-09-05 17:57:35 - [TEST_STEP][PASSED] - Statement - sleep(5000): null

2018-09-05 17:57:40 - [TEST_STEP][PASSED] - Statement - OTP = getOTP(): null

2018-09-05 17:57:40 - [TEST_STEP][PASSED] - Statement - host = "imap.gmail.com": null

2018-09-05 17:57:40 - [TEST_STEP][PASSED] - Statement - msg = <not implemented yet for class: org.codehaus.groovy.ast.expr.EmptyExpression>: null

2018-09-05 17:57:40 - [TEST_STEP][PASSED] - Statement - msgSub = <not implemented yet for class: org.codehaus.groovy.ast.expr.EmptyExpression>: null

2018-09-05 17:57:40 - [TEST_STEP][PASSED] - Statement - OTP = "unavailable": null

2018-09-05 17:57:40 - [TEST_STEP][PASSED] - Statement - props = new java.util.Properties(): null

2018-09-05 17:57:40 - [TEST_STEP][PASSED] - Statement - props.setProperty("mail.imap.ssl.enable", "true"): null

2018-09-05 17:57:40 - [TEST_STEP][PASSED] - Statement - session = javax.mail.Session.getInstance(props): null

2018-09-05 17:57:40 - [TEST_STEP][PASSED] - Statement - store = <not implemented yet for class: org.codehaus.groovy.ast.expr.EmptyExpression>: null

2018-09-05 17:57:40 - [TEST_STEP][PASSED] - Statement - Try: null

2018-09-05 17:57:40 - [TEST_STEP][PASSED] - Statement - store = session.getStore("imap"): null

2018-09-05 17:57:40 - [TEST_STEP][PASSED] - Statement - store.connect(host, Email, Password): null

2018-09-05 17:57:42 - [TEST_STEP][PASSED] - Statement - emailFolder = store.getFolder("INBOX"): null

2018-09-05 17:57:42 - [TEST_STEP][PASSED] - Statement - emailFolder.open(READ_WRITE): null

2018-09-05 17:57:43 - [TEST_STEP][PASSED] - Statement - messages = emailFolder.getMessages(): null

2018-09-05 17:57:43 - [TEST_STEP][PASSED] - Statement - n = length: null

2018-09-05 17:57:43 - [TEST_STEP][PASSED] - Statement - message = messages[n - 1]: null

2018-09-05 17:57:43 - [TEST_STEP][PASSED] - Statement - msgSub = message.getSubject(): null

2018-09-05 17:57:43 - [TEST_STEP][PASSED] - Statement - If (msgSub.equals("OTP to Sign In")): null

2018-09-05 17:57:43 - [TEST_STEP][PASSED] - Statement - msg = message.getContent().toString(): null

2018-09-05 17:57:44 - [TEST_STEP][PASSED] - Statement - OTP = msg.substring(msg.length() - 7): null

2018-09-05 17:57:44 - [TEST_STEP][PASSED] - Statement - message.setFlag(DELETED, true): null

2018-09-05 17:57:44 - [TEST_STEP][PASSED] - Statement - emailFolder.close(true): null

2018-09-05 17:57:44 - [TEST_STEP][PASSED] - Statement - store.close(): null

2018-09-05 17:57:45 - [TEST_STEP][PASSED] - Statement - return OTP: null

2018-09-05 17:57:45 - [TEST_STEP][PASSED] - Statement - If (OTP.equals("unavailable")): null

2018-09-05 17:57:45 - [TEST_STEP][PASSED] - Statement - Else: Text 'v2613
' is set on object 'Object Repository/Login/OtpInput'

2018-09-05 17:57:45 - [TEST_STEP][PASSED] - setText: Text 'v2613
' is set on object 'Object Repository/Login/OtpInput'

2018-09-05 17:57:47 - [MESSAGE][PASSED] - Text 'v2613
' is set on object 'Object Repository/Login/OtpInput'

2018-09-05 17:57:47 - [TEST_STEP][PASSED] - verifyElementPresent: Object 'Object Repository/Login/afterOpenDisplay' is present

2018-09-05 17:57:49 - [MESSAGE][PASSED] - Object 'Object Repository/Login/afterOpenDisplay' is present

2018-09-05 17:57:49 - [MESSAGE][PASSED] - Call Test Case 'Test Cases/BVT/aSimple_Login' successfully

2018-09-05 17:57:49 - [TEST_STEP][PASSED] - Statement - driver = com.kms.katalon.core.webui.driver.DriverFactory.getWebDriver(): null

2018-09-05 17:57:49 - [TEST_STEP][PASSED] - click: Object: 'Object Repository/Dashboard_Link Generator/linkgeneratorIcon' is clicked on

2018-09-05 17:57:51 - [MESSAGE][PASSED] - Object: 'Object Repository/Dashboard_Link Generator/linkgeneratorIcon' is clicked on

2018-09-05 17:57:51 - [TEST_STEP][PASSED] - Statement - x = CustomKeywords.newPackage.newKeyword.randomString(3).toLowerCase(): newPackage.newKeyword.randomString is PASSED

2018-09-05 17:57:51 - [MESSAGE][PASSED] - newPackage.newKeyword.randomString is PASSED

2018-09-05 17:57:51 - [TEST_STEP][PASSED] - Statement - teamMeberName = x: null

2018-09-05 17:57:51 - [TEST_STEP][PASSED] - setText: Text 'xpp' is set on object 'Object Repository/AddTeamMemberDashboard/name'

2018-09-05 17:57:53 - [MESSAGE][PASSED] - Text 'xpp' is set on object 'Object Repository/AddTeamMemberDashboard/name'

2018-09-05 17:57:53 - [TEST_STEP][PASSED] - setText: Text '347VxIizw4@gmail.com' is set on object 'Object Repository/AddTeamMemberDashboard/email'

2018-09-05 17:57:53 - [MESSAGE][PASSED] - newPackage.newKeyword.randomString is PASSED

2018-09-05 17:57:55 - [MESSAGE][PASSED] - Text '347VxIizw4@gmail.com' is set on object 'Object Repository/AddTeamMemberDashboard/email'

2018-09-05 17:57:55 - [TEST_STEP][PASSED] - click: Object: 'Object Repository/Dashboard_Link Generator/callOnly' is clicked on

2018-09-05 17:57:56 - [MESSAGE][PASSED] - Object: 'Object Repository/Dashboard_Link Generator/callOnly' is clicked on

2018-09-05 17:57:56 - [TEST_STEP][PASSED] - click: Object: 'Object Repository/Dashboard_Link Generator/div_GET LINK' is clicked on

2018-09-05 17:57:56 - [MESSAGE][PASSED] - Object: 'Object Repository/Dashboard_Link Generator/div_GET LINK' is clicked on

2018-09-05 17:57:56 - [TEST_STEP][PASSED] - delay: Delayed 4 second(s)

2018-09-05 17:58:00 - [MESSAGE][PASSED] - Delayed 4 second(s)

2018-09-05 17:58:00 - [TEST_STEP][PASSED] - Statement - getLink = com.kms.katalon.core.webui.keyword.WebUiBuiltInKeywords.getAttribute(com.kms.katalon.core.testobject.ObjectRepository.findTestObject(Dashboard_Link Generator/shortLinkUrlCopy), "value"): Attribute 'value' of object 'Object Repository/Dashboard_Link Generator/shortLinkUrlCopy' is: 'https://dev.vcalling.in/url/UAT/?id=UAT-1-525&c=t'

2018-09-05 17:58:00 - [MESSAGE][PASSED] - Attribute 'value' of object 'Object Repository/Dashboard_Link Generator/shortLinkUrlCopy' is: 'https://dev.vcalling.in/url/UAT/?id=UAT-1-525&c=t'

2018-09-05 17:58:00 - [TEST_STEP][PASSED] - Statement - println(getLink): null

2018-09-05 17:58:00 - [TEST_STEP][PASSED] - delay: Delayed 2 second(s)

2018-09-05 17:58:02 - [MESSAGE][PASSED] - Delayed 2 second(s)

2018-09-05 17:58:02 - [TEST_STEP][PASSED] - click: Object: 'Object Repository/Dashboard_Link Generator/shortLinkCOpy' is clicked on

2018-09-05 17:58:02 - [MESSAGE][PASSED] - Object: 'Object Repository/Dashboard_Link Generator/shortLinkCOpy' is clicked on

2018-09-05 17:58:02 - [TEST_STEP][PASSED] - delay: Delayed 2 second(s)

2018-09-05 17:58:04 - [MESSAGE][PASSED] - Delayed 2 second(s)

2018-09-05 17:58:04 - [TEST_STEP][PASSED] - click: Object: 'Object Repository/Dashboard_Link Generator/linkCopyShort' is clicked on

2018-09-05 17:58:05 - [MESSAGE][PASSED] - Object: 'Object Repository/Dashboard_Link Generator/linkCopyShort' is clicked on

2018-09-05 17:58:05 - [TEST_STEP][PASSED] - Statement - If (com.kms.katalon.core.webui.keyword.WebUiBuiltInKeywords.verifyElementPresent(com.kms.katalon.core.testobject.ObjectRepository.findTestObject(Dashboard_Link Generator/validation), 5, OPTIONAL)): null

2018-09-05 17:58:05 - [MESSAGE][PASSED] - Object 'Object Repository/Dashboard_Link Generator/validation' is present

2018-09-05 17:58:05 - [TEST_STEP][PASSED] - Statement - validationMessage = com.kms.katalon.core.webui.keyword.WebUiBuiltInKeywords.getText(com.kms.katalon.core.testobject.ObjectRepository.findTestObject(Dashboard_Link Generator/validation)): Text of object 'Object Repository/Dashboard_Link Generator/validation' is: 'Short Link Copied.!'

2018-09-05 17:58:05 - [MESSAGE][PASSED] - Text of object 'Object Repository/Dashboard_Link Generator/validation' is: 'Short Link Copied.!'

2018-09-05 17:58:05 - [TEST_STEP][PASSED] - verifyMatch: Actual text 'Short Link Copied.!' and expected text 'Short Link Copied.!' are matched 

2018-09-05 17:58:05 - [MESSAGE][PASSED] - Actual text 'Short Link Copied.!' and expected text 'Short Link Copied.!' are matched 

2018-09-05 17:58:05 - [TEST_STEP][PASSED] - Statement - println("successful"): null

2018-09-05 17:58:05 - [TEST_STEP][PASSED] - delay: Delayed 5 second(s)

2018-09-05 17:58:10 - [MESSAGE][PASSED] - Delayed 5 second(s)

2018-09-05 17:58:10 - [TEST_STEP][PASSED] - Statement - linkUserName = driver.findElements(org.openqa.selenium.By.className("text-link-log")): null

2018-09-05 17:58:10 - [TEST_STEP][PASSED] - Statement - previousCountValue = 0: null

2018-09-05 17:58:10 - [TEST_STEP][PASSED] - Statement - For ([i = 0, i < linkUserName.size(), (i++)]): null

2018-09-05 17:58:10 - [TEST_STEP][PASSED] - Statement - linkLogmembername = linkUserName.get(i).getText(): null

2018-09-05 17:58:10 - [TEST_STEP][PASSED] - Statement - If (linkLogmembername.equals(teamMeberName)): null

2018-09-05 17:58:10 - [TEST_STEP][PASSED] - Statement - linkLogmembername = linkUserName.get(i).getText(): null

2018-09-05 17:58:10 - [TEST_STEP][PASSED] - Statement - If (linkLogmembername.equals(teamMeberName)): null

2018-09-05 17:58:10 - [TEST_STEP][PASSED] - Statement - linkLogmembername = linkUserName.get(i).getText(): null

2018-09-05 17:58:10 - [TEST_STEP][PASSED] - Statement - If (linkLogmembername.equals(teamMeberName)): null

2018-09-05 17:58:10 - [TEST_STEP][PASSED] - Statement - linkLogmembername = linkUserName.get(i).getText(): null

2018-09-05 17:58:10 - [TEST_STEP][PASSED] - Statement - If (linkLogmembername.equals(teamMeberName)): null

2018-09-05 17:58:10 - [TEST_STEP][PASSED] - Statement - linkLogmembername = linkUserName.get(i).getText(): null

2018-09-05 17:58:10 - [TEST_STEP][PASSED] - Statement - If (linkLogmembername.equals(teamMeberName)): null

2018-09-05 17:58:10 - [TEST_STEP][PASSED] - Statement - linkLogmembername = linkUserName.get(i).getText(): null

2018-09-05 17:58:10 - [TEST_STEP][PASSED] - Statement - If (linkLogmembername.equals(teamMeberName)): null

2018-09-05 17:58:10 - [TEST_STEP][PASSED] - Statement - linkLogmembername = linkUserName.get(i).getText(): null

2018-09-05 17:58:10 - [TEST_STEP][PASSED] - Statement - If (linkLogmembername.equals(teamMeberName)): null

2018-09-05 17:58:10 - [TEST_STEP][PASSED] - Statement - linkLogmembername = linkUserName.get(i).getText(): null

2018-09-05 17:58:10 - [TEST_STEP][PASSED] - Statement - If (linkLogmembername.equals(teamMeberName)): null

2018-09-05 17:58:10 - [TEST_STEP][PASSED] - Statement - out.println("Admin Console: " + linkLogmembername): null

2018-09-05 17:58:10 - [TEST_STEP][PASSED] - Statement - linkLogmembername = linkUserName.get(i).getText(): null

2018-09-05 17:58:10 - [TEST_STEP][PASSED] - Statement - If (linkLogmembername.equals(teamMeberName)): null

2018-09-05 17:58:10 - [TEST_STEP][PASSED] - Statement - linkLogmembername = linkUserName.get(i).getText(): null

2018-09-05 17:58:10 - [TEST_STEP][PASSED] - Statement - If (linkLogmembername.equals(teamMeberName)): null

2018-09-05 17:58:10 - [TEST_STEP][PASSED] - Statement - linkLogmembername = linkUserName.get(i).getText(): null

2018-09-05 17:58:11 - [TEST_STEP][PASSED] - Statement - If (linkLogmembername.equals(teamMeberName)): null

2018-09-05 17:58:11 - [TEST_STEP][PASSED] - Statement - linkLogmembername = linkUserName.get(i).getText(): null

2018-09-05 17:58:11 - [TEST_STEP][PASSED] - Statement - If (linkLogmembername.equals(teamMeberName)): null

2018-09-05 17:58:11 - [TEST_STEP][PASSED] - Statement - linkLogmembername = linkUserName.get(i).getText(): null

2018-09-05 17:58:11 - [TEST_STEP][PASSED] - Statement - If (linkLogmembername.equals(teamMeberName)): null

2018-09-05 17:58:11 - [TEST_STEP][PASSED] - Statement - linkLogmembername = linkUserName.get(i).getText(): null

2018-09-05 17:58:11 - [TEST_STEP][PASSED] - Statement - If (linkLogmembername.equals(teamMeberName)): null

2018-09-05 17:58:11 - [TEST_STEP][PASSED] - Statement - linkLogmembername = linkUserName.get(i).getText(): null

2018-09-05 17:58:11 - [TEST_STEP][PASSED] - Statement - If (linkLogmembername.equals(teamMeberName)): null

2018-09-05 17:58:11 - [TEST_STEP][PASSED] - Statement - linkLogmembername = linkUserName.get(i).getText(): null

2018-09-05 17:58:11 - [TEST_STEP][PASSED] - Statement - If (linkLogmembername.equals(teamMeberName)): null

2018-09-05 17:58:11 - [TEST_STEP][PASSED] - Statement - linkLogmembername = linkUserName.get(i).getText(): null

2018-09-05 17:58:11 - [TEST_STEP][PASSED] - Statement - If (linkLogmembername.equals(teamMeberName)): null

2018-09-05 17:58:11 - [TEST_STEP][PASSED] - Statement - linkLogmembername = linkUserName.get(i).getText(): null

2018-09-05 17:58:11 - [TEST_STEP][PASSED] - Statement - If (linkLogmembername.equals(teamMeberName)): null

2018-09-05 17:58:11 - [TEST_STEP][PASSED] - Statement - linkLogmembername = linkUserName.get(i).getText(): null

2018-09-05 17:58:11 - [TEST_STEP][PASSED] - Statement - If (linkLogmembername.equals(teamMeberName)): null

2018-09-05 17:58:11 - [TEST_STEP][PASSED] - Statement - linkLogmembername = linkUserName.get(i).getText(): null

2018-09-05 17:58:11 - [TEST_STEP][PASSED] - Statement - If (linkLogmembername.equals(teamMeberName)): null

2018-09-05 17:58:11 - [TEST_STEP][PASSED] - Statement - linkLogmembername = linkUserName.get(i).getText(): null

2018-09-05 17:58:11 - [TEST_STEP][PASSED] - Statement - If (linkLogmembername.equals(teamMeberName)): null

2018-09-05 17:58:11 - [TEST_STEP][PASSED] - Statement - linkLogmembername = linkUserName.get(i).getText(): null

2018-09-05 17:58:11 - [TEST_STEP][PASSED] - Statement - If (linkLogmembername.equals(teamMeberName)): null

2018-09-05 17:58:11 - [TEST_STEP][PASSED] - Statement - linkLogmembername = linkUserName.get(i).getText(): null

2018-09-05 17:58:11 - [TEST_STEP][PASSED] - Statement - If (linkLogmembername.equals(teamMeberName)): null

2018-09-05 17:58:11 - [TEST_STEP][PASSED] - Statement - linkLogmembername = linkUserName.get(i).getText(): null

2018-09-05 17:58:11 - [TEST_STEP][PASSED] - Statement - If (linkLogmembername.equals(teamMeberName)): null

2018-09-05 17:58:11 - [TEST_STEP][PASSED] - Statement - linkLogmembername = linkUserName.get(i).getText(): null

2018-09-05 17:58:11 - [TEST_STEP][PASSED] - Statement - If (linkLogmembername.equals(teamMeberName)): null

2018-09-05 17:58:11 - [TEST_STEP][PASSED] - Statement - linkLogmembername = linkUserName.get(i).getText(): null

2018-09-05 17:58:11 - [TEST_STEP][PASSED] - Statement - If (linkLogmembername.equals(teamMeberName)): null

2018-09-05 17:58:11 - [TEST_STEP][PASSED] - Statement - linkLogmembername = linkUserName.get(i).getText(): null

2018-09-05 17:58:11 - [TEST_STEP][PASSED] - Statement - If (linkLogmembername.equals(teamMeberName)): null

2018-09-05 17:58:11 - [TEST_STEP][PASSED] - Statement - linkLogmembername = linkUserName.get(i).getText(): null

2018-09-05 17:58:11 - [TEST_STEP][PASSED] - Statement - If (linkLogmembername.equals(teamMeberName)): null

2018-09-05 17:58:11 - [TEST_STEP][PASSED] - Statement - linkLogmembername = linkUserName.get(i).getText(): null

2018-09-05 17:58:11 - [TEST_STEP][PASSED] - Statement - If (linkLogmembername.equals(teamMeberName)): null

2018-09-05 17:58:11 - [TEST_STEP][PASSED] - Statement - linkLogmembername = linkUserName.get(i).getText(): null

2018-09-05 17:58:11 - [TEST_STEP][PASSED] - Statement - If (linkLogmembername.equals(teamMeberName)): null

2018-09-05 17:58:11 - [TEST_STEP][PASSED] - Statement - linkLogmembername = linkUserName.get(i).getText(): null

2018-09-05 17:58:11 - [TEST_STEP][PASSED] - Statement - If (linkLogmembername.equals(teamMeberName)): null

2018-09-05 17:58:11 - [TEST_STEP][PASSED] - Statement - linkLogmembername = linkUserName.get(i).getText(): null

2018-09-05 17:58:11 - [TEST_STEP][PASSED] - Statement - If (linkLogmembername.equals(teamMeberName)): null

2018-09-05 17:58:11 - [TEST_STEP][PASSED] - Statement - linkLogmembername = linkUserName.get(i).getText(): null

2018-09-05 17:58:11 - [TEST_STEP][PASSED] - Statement - If (linkLogmembername.equals(teamMeberName)): null

2018-09-05 17:58:11 - [TEST_STEP][PASSED] - Statement - linkLogmembername = linkUserName.get(i).getText(): null

2018-09-05 17:58:11 - [TEST_STEP][PASSED] - Statement - If (linkLogmembername.equals(teamMeberName)): null

2018-09-05 17:58:11 - [TEST_STEP][PASSED] - Statement - linkLogmembername = linkUserName.get(i).getText(): null

2018-09-05 17:58:12 - [TEST_STEP][PASSED] - Statement - If (linkLogmembername.equals(teamMeberName)): null

2018-09-05 17:58:12 - [TEST_STEP][PASSED] - Statement - linkLogmembername = linkUserName.get(i).getText(): null

2018-09-05 17:58:12 - [TEST_STEP][PASSED] - Statement - If (linkLogmembername.equals(teamMeberName)): null

2018-09-05 17:58:12 - [TEST_STEP][PASSED] - Statement - linkLogmembername = linkUserName.get(i).getText(): null

2018-09-05 17:58:12 - [TEST_STEP][PASSED] - Statement - If (linkLogmembername.equals(teamMeberName)): null

2018-09-05 17:58:12 - [TEST_STEP][PASSED] - Statement - linkLogmembername = linkUserName.get(i).getText(): null

2018-09-05 17:58:12 - [TEST_STEP][PASSED] - Statement - If (linkLogmembername.equals(teamMeberName)): null

2018-09-05 17:58:12 - [TEST_STEP][PASSED] - Statement - linkLogmembername = linkUserName.get(i).getText(): null

2018-09-05 17:58:12 - [TEST_STEP][PASSED] - Statement - If (linkLogmembername.equals(teamMeberName)): null

2018-09-05 17:58:12 - [TEST_STEP][PASSED] - Statement - linkLogmembername = linkUserName.get(i).getText(): null

2018-09-05 17:58:12 - [TEST_STEP][PASSED] - Statement - If (linkLogmembername.equals(teamMeberName)): null

2018-09-05 17:58:12 - [TEST_STEP][PASSED] - Statement - linkLogmembername = linkUserName.get(i).getText(): null

2018-09-05 17:58:12 - [TEST_STEP][PASSED] - Statement - If (linkLogmembername.equals(teamMeberName)): null

2018-09-05 17:58:12 - [TEST_STEP][PASSED] - Statement - linkLogmembername = linkUserName.get(i).getText(): null

2018-09-05 17:58:12 - [TEST_STEP][PASSED] - Statement - If (linkLogmembername.equals(teamMeberName)): null

2018-09-05 17:58:12 - [TEST_STEP][PASSED] - Statement - linkLogmembername = linkUserName.get(i).getText(): null

2018-09-05 17:58:12 - [TEST_STEP][PASSED] - Statement - If (linkLogmembername.equals(teamMeberName)): null

2018-09-05 17:58:12 - [TEST_STEP][PASSED] - Statement - linkLogmembername = linkUserName.get(i).getText(): null

2018-09-05 17:58:12 - [TEST_STEP][PASSED] - Statement - If (linkLogmembername.equals(teamMeberName)): null

2018-09-05 17:58:12 - [TEST_STEP][PASSED] - Statement - linkLogmembername = linkUserName.get(i).getText(): null

2018-09-05 17:58:12 - [TEST_STEP][PASSED] - Statement - If (linkLogmembername.equals(teamMeberName)): null

2018-09-05 17:58:12 - [TEST_STEP][PASSED] - Statement - linkLogmembername = linkUserName.get(i).getText(): null

2018-09-05 17:58:12 - [TEST_STEP][PASSED] - Statement - If (linkLogmembername.equals(teamMeberName)): null

2018-09-05 17:58:12 - [TEST_STEP][PASSED] - Statement - linkLogmembername = linkUserName.get(i).getText(): null

2018-09-05 17:58:12 - [TEST_STEP][PASSED] - Statement - If (linkLogmembername.equals(teamMeberName)): null

2018-09-05 17:58:12 - [TEST_STEP][PASSED] - Statement - linkLogmembername = linkUserName.get(i).getText(): null

2018-09-05 17:58:12 - [TEST_STEP][PASSED] - Statement - If (linkLogmembername.equals(teamMeberName)): null

2018-09-05 17:58:12 - [TEST_STEP][PASSED] - Statement - linkLogmembername = linkUserName.get(i).getText(): null

2018-09-05 17:58:12 - [TEST_STEP][PASSED] - Statement - If (linkLogmembername.equals(teamMeberName)): null

2018-09-05 17:58:12 - [TEST_STEP][PASSED] - Statement - linkLogmembername = linkUserName.get(i).getText(): null

2018-09-05 17:58:12 - [TEST_STEP][PASSED] - Statement - If (linkLogmembername.equals(teamMeberName)): null

2018-09-05 17:58:12 - [TEST_STEP][PASSED] - Statement - linkLogmembername = linkUserName.get(i).getText(): null

2018-09-05 17:58:12 - [TEST_STEP][PASSED] - Statement - If (linkLogmembername.equals(teamMeberName)): null

2018-09-05 17:58:12 - [TEST_STEP][PASSED] - Statement - linkLogmembername = linkUserName.get(i).getText(): null

2018-09-05 17:58:12 - [TEST_STEP][PASSED] - Statement - If (linkLogmembername.equals(teamMeberName)): null

2018-09-05 17:58:12 - [TEST_STEP][PASSED] - Statement - linkLogmembername = linkUserName.get(i).getText(): null

2018-09-05 17:58:12 - [TEST_STEP][PASSED] - Statement - If (linkLogmembername.equals(teamMeberName)): null

2018-09-05 17:58:12 - [TEST_STEP][PASSED] - Statement - linkLogmembername = linkUserName.get(i).getText(): null

2018-09-05 17:58:12 - [TEST_STEP][PASSED] - Statement - If (linkLogmembername.equals(teamMeberName)): null

2018-09-05 17:58:12 - [TEST_STEP][PASSED] - Statement - linkLogmembername = linkUserName.get(i).getText(): null

2018-09-05 17:58:12 - [TEST_STEP][PASSED] - Statement - If (linkLogmembername.equals(teamMeberName)): null

2018-09-05 17:58:12 - [TEST_STEP][PASSED] - Statement - linkLogmembername = linkUserName.get(i).getText(): null

2018-09-05 17:58:12 - [TEST_STEP][PASSED] - Statement - If (linkLogmembername.equals(teamMeberName)): null

2018-09-05 17:58:12 - [TEST_STEP][PASSED] - Statement - linkLogmembername = linkUserName.get(i).getText(): null

2018-09-05 17:58:12 - [TEST_STEP][PASSED] - Statement - If (linkLogmembername.equals(teamMeberName)): null

2018-09-05 17:58:12 - [TEST_STEP][PASSED] - Statement - js = driver: null

2018-09-05 17:58:12 - [TEST_STEP][PASSED] - Statement - js.executeScript("window.open();"): null

2018-09-05 17:58:12 - [TEST_STEP][PASSED] - Statement - currentWindow = com.kms.katalon.core.webui.keyword.WebUiBuiltInKeywords.getWindowIndex(): Current window's index is: 0

2018-09-05 17:58:12 - [MESSAGE][PASSED] - Current window's index is: 0

2018-09-05 17:58:12 - [TEST_STEP][PASSED] - switchToWindowIndex: Switched to window with index: '1'

2018-09-05 17:58:12 - [MESSAGE][PASSED] - Switched to window with index: '1'

2018-09-05 17:58:12 - [TEST_STEP][PASSED] - navigateToUrl: Navigate to 'https://dev.vcalling.in/url/UAT/?id=UAT-1-525&c=t' successfully

2018-09-05 17:58:14 - [MESSAGE][PASSED] - Navigate to 'https://dev.vcalling.in/url/UAT/?id=UAT-1-525&c=t' successfully

2018-09-05 17:58:14 - [TEST_STEP][PASSED] - Statement - currentTab = com.kms.katalon.core.webui.keyword.WebUiBuiltInKeywords.getWindowIndex(): Current window's index is: 1

2018-09-05 17:58:14 - [MESSAGE][PASSED] - Current window's index is: 1]]></system-out>
         <system-err><![CDATA[]]></system-err>
      </testcase>
      <testcase name="Test Cases/completed/TestCase2_Link Genrator Short link/callingLinkGenrateWithNumber" classname="Test Cases/completed/TestCase2_Link Genrator Short link/callingLinkGenrateWithNumber" status="PASSED">
         <system-out><![CDATA[2018-09-05 17:58:14 - [TEST_CASE][PASSED] - Test Cases/completed/TestCase2_Link Genrator Short link/callingLinkGenrateWithNumber: Test Cases/completed/TestCase2_Link Genrator Short link/callingLinkGenrateWithNumber

2018-09-05 17:58:15 - [TEST_STEP][PASSED] - callTestCase: Call Test Case 'Test Cases/BVT/aSimple_Login' successfully

2018-09-05 17:58:15 - [TEST_CASE][PASSED] - Test Cases/BVT/aSimple_Login: Test Cases/BVT/aSimple_Login

2018-09-05 17:58:15 - [TEST_STEP][PASSED] - openBrowser: Browser is opened with url: ''

2018-09-05 17:58:15 - [MESSAGE][WARNING] - A browser is already opened. Closing browser and opening a new one

2018-09-05 17:58:19 - [MESSAGE][PASSED] - Browser is opened with url: ''

2018-09-05 17:58:19 - [TEST_STEP][PASSED] - maximizeWindow: Current window maximized

2018-09-05 17:58:20 - [MESSAGE][PASSED] - Current window maximized

2018-09-05 17:58:20 - [TEST_STEP][PASSED] - navigateToUrl: Navigate to 'https://dev.vcalling.in/enterprises/UAT/Dashboard/index.html' successfully

2018-09-05 17:58:24 - [MESSAGE][PASSED] - Navigate to 'https://dev.vcalling.in/enterprises/UAT/Dashboard/index.html' successfully

2018-09-05 17:58:24 - [TEST_STEP][PASSED] - setText: Text 'testing4dea@gmail.com' is set on object 'Object Repository/Login/UserId'

2018-09-05 17:58:24 - [MESSAGE][PASSED] - Text 'testing4dea@gmail.com' is set on object 'Object Repository/Login/UserId'

2018-09-05 17:58:24 - [TEST_STEP][PASSED] - click: Object: 'Object Repository/Login/div_GET OTP' is clicked on

2018-09-05 17:58:24 - [MESSAGE][PASSED] - Object: 'Object Repository/Login/div_GET OTP' is clicked on

2018-09-05 17:58:24 - [TEST_STEP][PASSED] - waitForElementPresent: Object 'Object Repository/Login/div_SUBMIT' is present

2018-09-05 17:58:26 - [MESSAGE][PASSED] - Object 'Object Repository/Login/div_SUBMIT' is present

2018-09-05 17:58:26 - [TEST_STEP][PASSED] - Statement - If (com.kms.katalon.core.webui.keyword.WebUiBuiltInKeywords.verifyElementNotPresent(com.kms.katalon.core.testobject.ObjectRepository.findTestObject(Login/div_SUBMIT), 5, OPTIONAL)): Web element with id: 'Object Repository/Login/div_SUBMIT' located by 'By.xpath: //div[(text() = ' SUBMIT ' or . = ' SUBMIT ')]' is present after '5' second(s)

2018-09-05 17:58:32 - [MESSAGE][WARNING] - Web element with id: 'Object Repository/Login/div_SUBMIT' located by 'By.xpath: //div[(text() = ' SUBMIT ' or . = ' SUBMIT ')]' is present after '5' second(s)
[[ATTACHMENT|C:\\Users\\User\\Desktop\\Katalon Studio\\Katalon Studio\\vCallingDashboard\\Reports\\RegressionSuite\\20180905_175530\\1536150511732.png]]

2018-09-05 17:58:32 - [TEST_STEP][PASSED] - Statement - sleep(5000): null

2018-09-05 17:58:37 - [TEST_STEP][PASSED] - Statement - OTP = getOTP(): null

2018-09-05 17:58:37 - [TEST_STEP][PASSED] - Statement - host = "imap.gmail.com": null

2018-09-05 17:58:37 - [TEST_STEP][PASSED] - Statement - msg = <not implemented yet for class: org.codehaus.groovy.ast.expr.EmptyExpression>: null

2018-09-05 17:58:37 - [TEST_STEP][PASSED] - Statement - msgSub = <not implemented yet for class: org.codehaus.groovy.ast.expr.EmptyExpression>: null

2018-09-05 17:58:37 - [TEST_STEP][PASSED] - Statement - OTP = "unavailable": null

2018-09-05 17:58:37 - [TEST_STEP][PASSED] - Statement - props = new java.util.Properties(): null

2018-09-05 17:58:37 - [TEST_STEP][PASSED] - Statement - props.setProperty("mail.imap.ssl.enable", "true"): null

2018-09-05 17:58:37 - [TEST_STEP][PASSED] - Statement - session = javax.mail.Session.getInstance(props): null

2018-09-05 17:58:37 - [TEST_STEP][PASSED] - Statement - store = <not implemented yet for class: org.codehaus.groovy.ast.expr.EmptyExpression>: null

2018-09-05 17:58:37 - [TEST_STEP][PASSED] - Statement - Try: null

2018-09-05 17:58:37 - [TEST_STEP][PASSED] - Statement - store = session.getStore("imap"): null

2018-09-05 17:58:37 - [TEST_STEP][PASSED] - Statement - store.connect(host, Email, Password): null

2018-09-05 17:58:39 - [TEST_STEP][PASSED] - Statement - emailFolder = store.getFolder("INBOX"): null

2018-09-05 17:58:39 - [TEST_STEP][PASSED] - Statement - emailFolder.open(READ_WRITE): null

2018-09-05 17:58:39 - [TEST_STEP][PASSED] - Statement - messages = emailFolder.getMessages(): null

2018-09-05 17:58:39 - [TEST_STEP][PASSED] - Statement - n = length: null

2018-09-05 17:58:39 - [TEST_STEP][PASSED] - Statement - message = messages[n - 1]: null

2018-09-05 17:58:39 - [TEST_STEP][PASSED] - Statement - msgSub = message.getSubject(): null

2018-09-05 17:58:39 - [TEST_STEP][PASSED] - Statement - If (msgSub.equals("OTP to Sign In")): null

2018-09-05 17:58:39 - [TEST_STEP][PASSED] - Statement - msg = message.getContent().toString(): null

2018-09-05 17:58:40 - [TEST_STEP][PASSED] - Statement - OTP = msg.substring(msg.length() - 7): null

2018-09-05 17:58:40 - [TEST_STEP][PASSED] - Statement - message.setFlag(DELETED, true): null

2018-09-05 17:58:41 - [TEST_STEP][PASSED] - Statement - emailFolder.close(true): null

2018-09-05 17:58:41 - [TEST_STEP][PASSED] - Statement - store.close(): null

2018-09-05 17:58:41 - [TEST_STEP][PASSED] - Statement - return OTP: null

2018-09-05 17:58:41 - [TEST_STEP][PASSED] - Statement - If (OTP.equals("unavailable")): null

2018-09-05 17:58:41 - [TEST_STEP][PASSED] - Statement - Else: Text 'f2448
' is set on object 'Object Repository/Login/OtpInput'

2018-09-05 17:58:41 - [TEST_STEP][PASSED] - setText: Text 'f2448
' is set on object 'Object Repository/Login/OtpInput'

2018-09-05 17:58:42 - [MESSAGE][PASSED] - Text 'f2448
' is set on object 'Object Repository/Login/OtpInput'

2018-09-05 17:58:42 - [TEST_STEP][PASSED] - verifyElementPresent: Object 'Object Repository/Login/afterOpenDisplay' is present

2018-09-05 17:58:42 - [MESSAGE][PASSED] - Object 'Object Repository/Login/afterOpenDisplay' is present

2018-09-05 17:58:42 - [MESSAGE][PASSED] - Call Test Case 'Test Cases/BVT/aSimple_Login' successfully

2018-09-05 17:58:42 - [TEST_STEP][PASSED] - Statement - driver = com.kms.katalon.core.webui.driver.DriverFactory.getWebDriver(): null

2018-09-05 17:58:42 - [TEST_STEP][PASSED] - click: Object: 'Object Repository/Dashboard_Link Generator/linkgeneratorIcon' is clicked on

2018-09-05 17:58:44 - [MESSAGE][PASSED] - Object: 'Object Repository/Dashboard_Link Generator/linkgeneratorIcon' is clicked on

2018-09-05 17:58:44 - [TEST_STEP][PASSED] - Statement - number = CustomKeywords.phoneNumbers.contactNumbers.randomString(9): phoneNumbers.contactNumbers.randomString is PASSED

2018-09-05 17:58:44 - [MESSAGE][PASSED] - phoneNumbers.contactNumbers.randomString is PASSED

2018-09-05 17:58:44 - [TEST_STEP][PASSED] - Statement - Mobile_Number = number: null

2018-09-05 17:58:44 - [TEST_STEP][PASSED] - setText: Text '2717811111' is set on object 'Object Repository/Dashboard_Link Generator/contactNumber'

2018-09-05 17:58:45 - [MESSAGE][PASSED] - Text '2717811111' is set on object 'Object Repository/Dashboard_Link Generator/contactNumber'

2018-09-05 17:58:45 - [TEST_STEP][PASSED] - click: Object: 'Object Repository/Dashboard_Link Generator/callOnly' is clicked on

2018-09-05 17:58:45 - [MESSAGE][PASSED] - Object: 'Object Repository/Dashboard_Link Generator/callOnly' is clicked on

2018-09-05 17:58:45 - [TEST_STEP][PASSED] - click: Object: 'Object Repository/Dashboard_Link Generator/div_GET LINK' is clicked on

2018-09-05 17:58:45 - [MESSAGE][PASSED] - Object: 'Object Repository/Dashboard_Link Generator/div_GET LINK' is clicked on

2018-09-05 17:58:45 - [TEST_STEP][PASSED] - Statement - getLink = com.kms.katalon.core.webui.keyword.WebUiBuiltInKeywords.getAttribute(com.kms.katalon.core.testobject.ObjectRepository.findTestObject(Dashboard_Link Generator/shortLinkUrlCopy), "value"): Attribute 'value' of object 'Object Repository/Dashboard_Link Generator/shortLinkUrlCopy' is: 'https://dev.vcalling.in/url/UAT/?id=UAT-1-526&c=t'

2018-09-05 17:58:46 - [MESSAGE][PASSED] - Attribute 'value' of object 'Object Repository/Dashboard_Link Generator/shortLinkUrlCopy' is: 'https://dev.vcalling.in/url/UAT/?id=UAT-1-526&c=t'

2018-09-05 17:58:46 - [TEST_STEP][PASSED] - Statement - println(getLink): null

2018-09-05 17:58:46 - [TEST_STEP][PASSED] - delay: Delayed 2 second(s)

2018-09-05 17:58:48 - [MESSAGE][PASSED] - Delayed 2 second(s)

2018-09-05 17:58:48 - [TEST_STEP][PASSED] - click: Object: 'Object Repository/Dashboard_Link Generator/shortLinkCOpy' is clicked on

2018-09-05 17:58:48 - [MESSAGE][PASSED] - Object: 'Object Repository/Dashboard_Link Generator/shortLinkCOpy' is clicked on

2018-09-05 17:58:48 - [TEST_STEP][PASSED] - delay: Delayed 2 second(s)

2018-09-05 17:58:50 - [MESSAGE][PASSED] - Delayed 2 second(s)

2018-09-05 17:58:50 - [TEST_STEP][PASSED] - click: Object: 'Object Repository/Dashboard_Link Generator/linkCopyShort' is clicked on

2018-09-05 17:58:51 - [MESSAGE][PASSED] - Object: 'Object Repository/Dashboard_Link Generator/linkCopyShort' is clicked on

2018-09-05 17:58:51 - [TEST_STEP][PASSED] - Statement - If (com.kms.katalon.core.webui.keyword.WebUiBuiltInKeywords.verifyElementPresent(com.kms.katalon.core.testobject.ObjectRepository.findTestObject(Dashboard_Link Generator/validation), 5, OPTIONAL)): null

2018-09-05 17:58:51 - [MESSAGE][PASSED] - Object 'Object Repository/Dashboard_Link Generator/validation' is present

2018-09-05 17:58:51 - [TEST_STEP][PASSED] - Statement - validationMessage = com.kms.katalon.core.webui.keyword.WebUiBuiltInKeywords.getText(com.kms.katalon.core.testobject.ObjectRepository.findTestObject(Dashboard_Link Generator/validation)): Text of object 'Object Repository/Dashboard_Link Generator/validation' is: 'Short Link Copied.!'

2018-09-05 17:58:51 - [MESSAGE][PASSED] - Text of object 'Object Repository/Dashboard_Link Generator/validation' is: 'Short Link Copied.!'

2018-09-05 17:58:51 - [TEST_STEP][PASSED] - verifyMatch: Actual text 'Short Link Copied.!' and expected text 'Short Link Copied.!' are matched 

2018-09-05 17:58:51 - [MESSAGE][PASSED] - Actual text 'Short Link Copied.!' and expected text 'Short Link Copied.!' are matched 

2018-09-05 17:58:51 - [TEST_STEP][PASSED] - Statement - println("successful"): null

2018-09-05 17:58:51 - [TEST_STEP][PASSED] - delay: Delayed 5 second(s)

2018-09-05 17:58:56 - [MESSAGE][PASSED] - Delayed 5 second(s)

2018-09-05 17:58:56 - [TEST_STEP][PASSED] - Statement - linkUserName = driver.findElements(org.openqa.selenium.By.className("text-link-log")): null

2018-09-05 17:58:56 - [TEST_STEP][PASSED] - Statement - previousCountValue = 0: null

2018-09-05 17:58:56 - [TEST_STEP][PASSED] - Statement - For ([i = 0, i < linkUserName.size(), (i++)]): null

2018-09-05 17:58:56 - [TEST_STEP][PASSED] - Statement - linkLogmembername = linkUserName.get(i).getText(): null

2018-09-05 17:58:56 - [TEST_STEP][PASSED] - Statement - If (linkLogmembername.equals(teamMeberName)): null

2018-09-05 17:58:56 - [TEST_STEP][PASSED] - Statement - linkLogmembername = linkUserName.get(i).getText(): null

2018-09-05 17:58:56 - [TEST_STEP][PASSED] - Statement - If (linkLogmembername.equals(teamMeberName)): null

2018-09-05 17:58:56 - [TEST_STEP][PASSED] - Statement - linkLogmembername = linkUserName.get(i).getText(): null

2018-09-05 17:58:56 - [TEST_STEP][PASSED] - Statement - If (linkLogmembername.equals(teamMeberName)): null

2018-09-05 17:58:56 - [TEST_STEP][PASSED] - Statement - linkLogmembername = linkUserName.get(i).getText(): null

2018-09-05 17:58:56 - [TEST_STEP][PASSED] - Statement - If (linkLogmembername.equals(teamMeberName)): null

2018-09-05 17:58:56 - [TEST_STEP][PASSED] - Statement - linkLogmembername = linkUserName.get(i).getText(): null

2018-09-05 17:58:56 - [TEST_STEP][PASSED] - Statement - If (linkLogmembername.equals(teamMeberName)): null

2018-09-05 17:58:56 - [TEST_STEP][PASSED] - Statement - linkLogmembername = linkUserName.get(i).getText(): null

2018-09-05 17:58:57 - [TEST_STEP][PASSED] - Statement - If (linkLogmembername.equals(teamMeberName)): null

2018-09-05 17:58:57 - [TEST_STEP][PASSED] - Statement - linkLogmembername = linkUserName.get(i).getText(): null

2018-09-05 17:58:57 - [TEST_STEP][PASSED] - Statement - If (linkLogmembername.equals(teamMeberName)): null

2018-09-05 17:58:57 - [TEST_STEP][PASSED] - Statement - linkLogmembername = linkUserName.get(i).getText(): null

2018-09-05 17:58:57 - [TEST_STEP][PASSED] - Statement - If (linkLogmembername.equals(teamMeberName)): null

2018-09-05 17:58:57 - [TEST_STEP][PASSED] - Statement - linkLogmembername = linkUserName.get(i).getText(): null

2018-09-05 17:58:57 - [TEST_STEP][PASSED] - Statement - If (linkLogmembername.equals(teamMeberName)): null

2018-09-05 17:58:57 - [TEST_STEP][PASSED] - Statement - linkLogmembername = linkUserName.get(i).getText(): null

2018-09-05 17:58:57 - [TEST_STEP][PASSED] - Statement - If (linkLogmembername.equals(teamMeberName)): null

2018-09-05 17:58:57 - [TEST_STEP][PASSED] - Statement - linkLogmembername = linkUserName.get(i).getText(): null

2018-09-05 17:58:57 - [TEST_STEP][PASSED] - Statement - If (linkLogmembername.equals(teamMeberName)): null

2018-09-05 17:58:57 - [TEST_STEP][PASSED] - Statement - linkLogmembername = linkUserName.get(i).getText(): null

2018-09-05 17:58:57 - [TEST_STEP][PASSED] - Statement - If (linkLogmembername.equals(teamMeberName)): null

2018-09-05 17:58:57 - [TEST_STEP][PASSED] - Statement - linkLogmembername = linkUserName.get(i).getText(): null

2018-09-05 17:58:57 - [TEST_STEP][PASSED] - Statement - If (linkLogmembername.equals(teamMeberName)): null

2018-09-05 17:58:57 - [TEST_STEP][PASSED] - Statement - out.println("Admin Console: " + linkLogmembername): null

2018-09-05 17:58:57 - [TEST_STEP][PASSED] - Statement - linkLogmembername = linkUserName.get(i).getText(): null

2018-09-05 17:58:57 - [TEST_STEP][PASSED] - Statement - If (linkLogmembername.equals(teamMeberName)): null

2018-09-05 17:58:57 - [TEST_STEP][PASSED] - Statement - linkLogmembername = linkUserName.get(i).getText(): null

2018-09-05 17:58:57 - [TEST_STEP][PASSED] - Statement - If (linkLogmembername.equals(teamMeberName)): null

2018-09-05 17:58:57 - [TEST_STEP][PASSED] - Statement - linkLogmembername = linkUserName.get(i).getText(): null

2018-09-05 17:58:57 - [TEST_STEP][PASSED] - Statement - If (linkLogmembername.equals(teamMeberName)): null

2018-09-05 17:58:57 - [TEST_STEP][PASSED] - Statement - linkLogmembername = linkUserName.get(i).getText(): null

2018-09-05 17:58:58 - [TEST_STEP][PASSED] - Statement - If (linkLogmembername.equals(teamMeberName)): null

2018-09-05 17:58:58 - [TEST_STEP][PASSED] - Statement - linkLogmembername = linkUserName.get(i).getText(): null

2018-09-05 17:58:58 - [TEST_STEP][PASSED] - Statement - If (linkLogmembername.equals(teamMeberName)): null

2018-09-05 17:58:58 - [TEST_STEP][PASSED] - Statement - linkLogmembername = linkUserName.get(i).getText(): null

2018-09-05 17:58:58 - [TEST_STEP][PASSED] - Statement - If (linkLogmembername.equals(teamMeberName)): null

2018-09-05 17:58:58 - [TEST_STEP][PASSED] - Statement - linkLogmembername = linkUserName.get(i).getText(): null

2018-09-05 17:58:58 - [TEST_STEP][PASSED] - Statement - If (linkLogmembername.equals(teamMeberName)): null

2018-09-05 17:58:58 - [TEST_STEP][PASSED] - Statement - linkLogmembername = linkUserName.get(i).getText(): null

2018-09-05 17:58:58 - [TEST_STEP][PASSED] - Statement - If (linkLogmembername.equals(teamMeberName)): null

2018-09-05 17:58:58 - [TEST_STEP][PASSED] - Statement - linkLogmembername = linkUserName.get(i).getText(): null

2018-09-05 17:58:58 - [TEST_STEP][PASSED] - Statement - If (linkLogmembername.equals(teamMeberName)): null

2018-09-05 17:58:58 - [TEST_STEP][PASSED] - Statement - linkLogmembername = linkUserName.get(i).getText(): null

2018-09-05 17:58:58 - [TEST_STEP][PASSED] - Statement - If (linkLogmembername.equals(teamMeberName)): null

2018-09-05 17:58:58 - [TEST_STEP][PASSED] - Statement - linkLogmembername = linkUserName.get(i).getText(): null

2018-09-05 17:58:58 - [TEST_STEP][PASSED] - Statement - If (linkLogmembername.equals(teamMeberName)): null

2018-09-05 17:58:58 - [TEST_STEP][PASSED] - Statement - linkLogmembername = linkUserName.get(i).getText(): null

2018-09-05 17:58:58 - [TEST_STEP][PASSED] - Statement - If (linkLogmembername.equals(teamMeberName)): null

2018-09-05 17:58:58 - [TEST_STEP][PASSED] - Statement - linkLogmembername = linkUserName.get(i).getText(): null

2018-09-05 17:58:58 - [TEST_STEP][PASSED] - Statement - If (linkLogmembername.equals(teamMeberName)): null

2018-09-05 17:58:58 - [TEST_STEP][PASSED] - Statement - linkLogmembername = linkUserName.get(i).getText(): null

2018-09-05 17:58:58 - [TEST_STEP][PASSED] - Statement - If (linkLogmembername.equals(teamMeberName)): null

2018-09-05 17:58:58 - [TEST_STEP][PASSED] - Statement - linkLogmembername = linkUserName.get(i).getText(): null

2018-09-05 17:58:58 - [TEST_STEP][PASSED] - Statement - If (linkLogmembername.equals(teamMeberName)): null

2018-09-05 17:58:58 - [TEST_STEP][PASSED] - Statement - linkLogmembername = linkUserName.get(i).getText(): null

2018-09-05 17:58:58 - [TEST_STEP][PASSED] - Statement - If (linkLogmembername.equals(teamMeberName)): null

2018-09-05 17:58:58 - [TEST_STEP][PASSED] - Statement - linkLogmembername = linkUserName.get(i).getText(): null

2018-09-05 17:58:59 - [TEST_STEP][PASSED] - Statement - If (linkLogmembername.equals(teamMeberName)): null

2018-09-05 17:58:59 - [TEST_STEP][PASSED] - Statement - linkLogmembername = linkUserName.get(i).getText(): null

2018-09-05 17:58:59 - [TEST_STEP][PASSED] - Statement - If (linkLogmembername.equals(teamMeberName)): null

2018-09-05 17:58:59 - [TEST_STEP][PASSED] - Statement - linkLogmembername = linkUserName.get(i).getText(): null

2018-09-05 17:58:59 - [TEST_STEP][PASSED] - Statement - If (linkLogmembername.equals(teamMeberName)): null

2018-09-05 17:58:59 - [TEST_STEP][PASSED] - Statement - linkLogmembername = linkUserName.get(i).getText(): null

2018-09-05 17:58:59 - [TEST_STEP][PASSED] - Statement - If (linkLogmembername.equals(teamMeberName)): null

2018-09-05 17:58:59 - [TEST_STEP][PASSED] - Statement - linkLogmembername = linkUserName.get(i).getText(): null

2018-09-05 17:58:59 - [TEST_STEP][PASSED] - Statement - If (linkLogmembername.equals(teamMeberName)): null

2018-09-05 17:58:59 - [TEST_STEP][PASSED] - Statement - linkLogmembername = linkUserName.get(i).getText(): null

2018-09-05 17:58:59 - [TEST_STEP][PASSED] - Statement - If (linkLogmembername.equals(teamMeberName)): null

2018-09-05 17:58:59 - [TEST_STEP][PASSED] - Statement - linkLogmembername = linkUserName.get(i).getText(): null

2018-09-05 17:58:59 - [TEST_STEP][PASSED] - Statement - If (linkLogmembername.equals(teamMeberName)): null

2018-09-05 17:58:59 - [TEST_STEP][PASSED] - Statement - linkLogmembername = linkUserName.get(i).getText(): null

2018-09-05 17:58:59 - [TEST_STEP][PASSED] - Statement - If (linkLogmembername.equals(teamMeberName)): null

2018-09-05 17:58:59 - [TEST_STEP][PASSED] - Statement - linkLogmembername = linkUserName.get(i).getText(): null

2018-09-05 17:58:59 - [TEST_STEP][PASSED] - Statement - If (linkLogmembername.equals(teamMeberName)): null

2018-09-05 17:58:59 - [TEST_STEP][PASSED] - Statement - linkLogmembername = linkUserName.get(i).getText(): null

2018-09-05 17:58:59 - [TEST_STEP][PASSED] - Statement - If (linkLogmembername.equals(teamMeberName)): null

2018-09-05 17:58:59 - [TEST_STEP][PASSED] - Statement - linkLogmembername = linkUserName.get(i).getText(): null

2018-09-05 17:58:59 - [TEST_STEP][PASSED] - Statement - If (linkLogmembername.equals(teamMeberName)): null

2018-09-05 17:58:59 - [TEST_STEP][PASSED] - Statement - linkLogmembername = linkUserName.get(i).getText(): null

2018-09-05 17:58:59 - [TEST_STEP][PASSED] - Statement - If (linkLogmembername.equals(teamMeberName)): null

2018-09-05 17:58:59 - [TEST_STEP][PASSED] - Statement - linkLogmembername = linkUserName.get(i).getText(): null

2018-09-05 17:58:59 - [TEST_STEP][PASSED] - Statement - If (linkLogmembername.equals(teamMeberName)): null

2018-09-05 17:58:59 - [TEST_STEP][PASSED] - Statement - linkLogmembername = linkUserName.get(i).getText(): null

2018-09-05 17:58:59 - [TEST_STEP][PASSED] - Statement - If (linkLogmembername.equals(teamMeberName)): null

2018-09-05 17:58:59 - [TEST_STEP][PASSED] - Statement - linkLogmembername = linkUserName.get(i).getText(): null

2018-09-05 17:58:59 - [TEST_STEP][PASSED] - Statement - If (linkLogmembername.equals(teamMeberName)): null

2018-09-05 17:58:59 - [TEST_STEP][PASSED] - Statement - linkLogmembername = linkUserName.get(i).getText(): null

2018-09-05 17:58:59 - [TEST_STEP][PASSED] - Statement - If (linkLogmembername.equals(teamMeberName)): null

2018-09-05 17:58:59 - [TEST_STEP][PASSED] - Statement - linkLogmembername = linkUserName.get(i).getText(): null

2018-09-05 17:58:59 - [TEST_STEP][PASSED] - Statement - If (linkLogmembername.equals(teamMeberName)): null

2018-09-05 17:58:59 - [TEST_STEP][PASSED] - Statement - linkLogmembername = linkUserName.get(i).getText(): null

2018-09-05 17:58:59 - [TEST_STEP][PASSED] - Statement - If (linkLogmembername.equals(teamMeberName)): null

2018-09-05 17:58:59 - [TEST_STEP][PASSED] - Statement - linkLogmembername = linkUserName.get(i).getText(): null

2018-09-05 17:58:59 - [TEST_STEP][PASSED] - Statement - If (linkLogmembername.equals(teamMeberName)): null

2018-09-05 17:58:59 - [TEST_STEP][PASSED] - Statement - linkLogmembername = linkUserName.get(i).getText(): null

2018-09-05 17:59:00 - [TEST_STEP][PASSED] - Statement - If (linkLogmembername.equals(teamMeberName)): null

2018-09-05 17:59:00 - [TEST_STEP][PASSED] - Statement - linkLogmembername = linkUserName.get(i).getText(): null

2018-09-05 17:59:00 - [TEST_STEP][PASSED] - Statement - If (linkLogmembername.equals(teamMeberName)): null

2018-09-05 17:59:00 - [TEST_STEP][PASSED] - Statement - linkLogmembername = linkUserName.get(i).getText(): null

2018-09-05 17:59:00 - [TEST_STEP][PASSED] - Statement - If (linkLogmembername.equals(teamMeberName)): null

2018-09-05 17:59:00 - [TEST_STEP][PASSED] - Statement - linkLogmembername = linkUserName.get(i).getText(): null

2018-09-05 17:59:00 - [TEST_STEP][PASSED] - Statement - If (linkLogmembername.equals(teamMeberName)): null

2018-09-05 17:59:00 - [TEST_STEP][PASSED] - Statement - linkLogmembername = linkUserName.get(i).getText(): null

2018-09-05 17:59:00 - [TEST_STEP][PASSED] - Statement - If (linkLogmembername.equals(teamMeberName)): null

2018-09-05 17:59:00 - [TEST_STEP][PASSED] - Statement - linkLogmembername = linkUserName.get(i).getText(): null

2018-09-05 17:59:00 - [TEST_STEP][PASSED] - Statement - If (linkLogmembername.equals(teamMeberName)): null

2018-09-05 17:59:00 - [TEST_STEP][PASSED] - Statement - linkLogmembername = linkUserName.get(i).getText(): null

2018-09-05 17:59:00 - [TEST_STEP][PASSED] - Statement - If (linkLogmembername.equals(teamMeberName)): null

2018-09-05 17:59:00 - [TEST_STEP][PASSED] - Statement - linkLogmembername = linkUserName.get(i).getText(): null

2018-09-05 17:59:00 - [TEST_STEP][PASSED] - Statement - If (linkLogmembername.equals(teamMeberName)): null

2018-09-05 17:59:00 - [TEST_STEP][PASSED] - Statement - linkLogmembername = linkUserName.get(i).getText(): null

2018-09-05 17:59:00 - [TEST_STEP][PASSED] - Statement - If (linkLogmembername.equals(teamMeberName)): null

2018-09-05 17:59:00 - [TEST_STEP][PASSED] - Statement - js = driver: null

2018-09-05 17:59:00 - [TEST_STEP][PASSED] - Statement - js.executeScript("window.open();"): null

2018-09-05 17:59:00 - [TEST_STEP][PASSED] - Statement - currentWindow = com.kms.katalon.core.webui.keyword.WebUiBuiltInKeywords.getWindowIndex(): Current window's index is: 0

2018-09-05 17:59:00 - [MESSAGE][PASSED] - Current window's index is: 0

2018-09-05 17:59:00 - [TEST_STEP][PASSED] - switchToWindowIndex: Switched to window with index: '1'

2018-09-05 17:59:00 - [MESSAGE][PASSED] - Switched to window with index: '1'

2018-09-05 17:59:00 - [TEST_STEP][PASSED] - navigateToUrl: Navigate to 'https://dev.vcalling.in/url/UAT/?id=UAT-1-526&c=t' successfully

2018-09-05 17:59:03 - [MESSAGE][PASSED] - Navigate to 'https://dev.vcalling.in/url/UAT/?id=UAT-1-526&c=t' successfully

2018-09-05 17:59:03 - [TEST_STEP][PASSED] - Statement - currentTab = com.kms.katalon.core.webui.keyword.WebUiBuiltInKeywords.getWindowIndex(): Current window's index is: 1

2018-09-05 17:59:03 - [MESSAGE][PASSED] - Current window's index is: 1]]></system-out>
         <system-err><![CDATA[]]></system-err>
      </testcase>
      <testcase name="Test Cases/completed/TestCase2_Link Genrator Short link/callingLinkGenrateWithTag" classname="Test Cases/completed/TestCase2_Link Genrator Short link/callingLinkGenrateWithTag" status="PASSED">
         <system-out><![CDATA[2018-09-05 17:59:03 - [TEST_CASE][PASSED] - Test Cases/completed/TestCase2_Link Genrator Short link/callingLinkGenrateWithTag: Test Cases/completed/TestCase2_Link Genrator Short link/callingLinkGenrateWithTag

2018-09-05 17:59:04 - [TEST_STEP][PASSED] - callTestCase: Call Test Case 'Test Cases/BVT/aSimple_Login' successfully

2018-09-05 17:59:04 - [TEST_CASE][PASSED] - Test Cases/BVT/aSimple_Login: Test Cases/BVT/aSimple_Login

2018-09-05 17:59:04 - [TEST_STEP][PASSED] - openBrowser: Browser is opened with url: ''

2018-09-05 17:59:04 - [MESSAGE][WARNING] - A browser is already opened. Closing browser and opening a new one

2018-09-05 17:59:08 - [MESSAGE][PASSED] - Browser is opened with url: ''

2018-09-05 17:59:08 - [TEST_STEP][PASSED] - maximizeWindow: Current window maximized

2018-09-05 17:59:09 - [MESSAGE][PASSED] - Current window maximized

2018-09-05 17:59:09 - [TEST_STEP][PASSED] - navigateToUrl: Navigate to 'https://dev.vcalling.in/enterprises/UAT/Dashboard/index.html' successfully

2018-09-05 17:59:14 - [MESSAGE][PASSED] - Navigate to 'https://dev.vcalling.in/enterprises/UAT/Dashboard/index.html' successfully

2018-09-05 17:59:14 - [TEST_STEP][PASSED] - setText: Text 'testing4dea@gmail.com' is set on object 'Object Repository/Login/UserId'

2018-09-05 17:59:14 - [MESSAGE][PASSED] - Text 'testing4dea@gmail.com' is set on object 'Object Repository/Login/UserId'

2018-09-05 17:59:14 - [TEST_STEP][PASSED] - click: Object: 'Object Repository/Login/div_GET OTP' is clicked on

2018-09-05 17:59:19 - [MESSAGE][PASSED] - Object: 'Object Repository/Login/div_GET OTP' is clicked on

2018-09-05 17:59:19 - [TEST_STEP][PASSED] - waitForElementPresent: Object 'Object Repository/Login/div_SUBMIT' is present

2018-09-05 17:59:21 - [MESSAGE][PASSED] - Object 'Object Repository/Login/div_SUBMIT' is present

2018-09-05 17:59:21 - [TEST_STEP][PASSED] - Statement - If (com.kms.katalon.core.webui.keyword.WebUiBuiltInKeywords.verifyElementNotPresent(com.kms.katalon.core.testobject.ObjectRepository.findTestObject(Login/div_SUBMIT), 5, OPTIONAL)): Web element with id: 'Object Repository/Login/div_SUBMIT' located by 'By.xpath: //div[(text() = ' SUBMIT ' or . = ' SUBMIT ')]' is present after '5' second(s)

2018-09-05 17:59:27 - [MESSAGE][WARNING] - Web element with id: 'Object Repository/Login/div_SUBMIT' located by 'By.xpath: //div[(text() = ' SUBMIT ' or . = ' SUBMIT ')]' is present after '5' second(s)
[[ATTACHMENT|C:\\Users\\User\\Desktop\\Katalon Studio\\Katalon Studio\\vCallingDashboard\\Reports\\RegressionSuite\\20180905_175530\\1536150566670.png]]

2018-09-05 17:59:27 - [TEST_STEP][PASSED] - Statement - sleep(5000): null

2018-09-05 17:59:32 - [TEST_STEP][PASSED] - Statement - OTP = getOTP(): null

2018-09-05 17:59:32 - [TEST_STEP][PASSED] - Statement - host = "imap.gmail.com": null

2018-09-05 17:59:32 - [TEST_STEP][PASSED] - Statement - msg = <not implemented yet for class: org.codehaus.groovy.ast.expr.EmptyExpression>: null

2018-09-05 17:59:32 - [TEST_STEP][PASSED] - Statement - msgSub = <not implemented yet for class: org.codehaus.groovy.ast.expr.EmptyExpression>: null

2018-09-05 17:59:32 - [TEST_STEP][PASSED] - Statement - OTP = "unavailable": null

2018-09-05 17:59:32 - [TEST_STEP][PASSED] - Statement - props = new java.util.Properties(): null

2018-09-05 17:59:32 - [TEST_STEP][PASSED] - Statement - props.setProperty("mail.imap.ssl.enable", "true"): null

2018-09-05 17:59:32 - [TEST_STEP][PASSED] - Statement - session = javax.mail.Session.getInstance(props): null

2018-09-05 17:59:32 - [TEST_STEP][PASSED] - Statement - store = <not implemented yet for class: org.codehaus.groovy.ast.expr.EmptyExpression>: null

2018-09-05 17:59:32 - [TEST_STEP][PASSED] - Statement - Try: null

2018-09-05 17:59:32 - [TEST_STEP][PASSED] - Statement - store = session.getStore("imap"): null

2018-09-05 17:59:32 - [TEST_STEP][PASSED] - Statement - store.connect(host, Email, Password): null

2018-09-05 17:59:34 - [TEST_STEP][PASSED] - Statement - emailFolder = store.getFolder("INBOX"): null

2018-09-05 17:59:34 - [TEST_STEP][PASSED] - Statement - emailFolder.open(READ_WRITE): null

2018-09-05 17:59:34 - [TEST_STEP][PASSED] - Statement - messages = emailFolder.getMessages(): null

2018-09-05 17:59:34 - [TEST_STEP][PASSED] - Statement - n = length: null

2018-09-05 17:59:34 - [TEST_STEP][PASSED] - Statement - message = messages[n - 1]: null

2018-09-05 17:59:34 - [TEST_STEP][PASSED] - Statement - msgSub = message.getSubject(): null

2018-09-05 17:59:34 - [TEST_STEP][PASSED] - Statement - If (msgSub.equals("OTP to Sign In")): null

2018-09-05 17:59:34 - [TEST_STEP][PASSED] - Statement - msg = message.getContent().toString(): null

2018-09-05 17:59:35 - [TEST_STEP][PASSED] - Statement - OTP = msg.substring(msg.length() - 7): null

2018-09-05 17:59:35 - [TEST_STEP][PASSED] - Statement - message.setFlag(DELETED, true): null

2018-09-05 17:59:35 - [TEST_STEP][PASSED] - Statement - emailFolder.close(true): null

2018-09-05 17:59:36 - [TEST_STEP][PASSED] - Statement - store.close(): null

2018-09-05 17:59:36 - [TEST_STEP][PASSED] - Statement - return OTP: null

2018-09-05 17:59:36 - [TEST_STEP][PASSED] - Statement - If (OTP.equals("unavailable")): null

2018-09-05 17:59:36 - [TEST_STEP][PASSED] - Statement - Else: Text 'e3452
' is set on object 'Object Repository/Login/OtpInput'

2018-09-05 17:59:36 - [TEST_STEP][PASSED] - setText: Text 'e3452
' is set on object 'Object Repository/Login/OtpInput'

2018-09-05 17:59:36 - [MESSAGE][PASSED] - Text 'e3452
' is set on object 'Object Repository/Login/OtpInput'

2018-09-05 17:59:36 - [TEST_STEP][PASSED] - verifyElementPresent: Object 'Object Repository/Login/afterOpenDisplay' is present

2018-09-05 17:59:38 - [MESSAGE][PASSED] - Object 'Object Repository/Login/afterOpenDisplay' is present

2018-09-05 17:59:38 - [MESSAGE][PASSED] - Call Test Case 'Test Cases/BVT/aSimple_Login' successfully

2018-09-05 17:59:38 - [TEST_STEP][PASSED] - Statement - driver = com.kms.katalon.core.webui.driver.DriverFactory.getWebDriver(): null

2018-09-05 17:59:38 - [TEST_STEP][PASSED] - click: Object: 'Object Repository/Dashboard_Link Generator/linkgeneratorIcon' is clicked on

2018-09-05 17:59:38 - [MESSAGE][PASSED] - Object: 'Object Repository/Dashboard_Link Generator/linkgeneratorIcon' is clicked on

2018-09-05 17:59:38 - [TEST_STEP][PASSED] - Statement - x = CustomKeywords.newPackage.newKeyword.randomString(3).toLowerCase(): newPackage.newKeyword.randomString is PASSED

2018-09-05 17:59:38 - [MESSAGE][PASSED] - newPackage.newKeyword.randomString is PASSED

2018-09-05 17:59:38 - [TEST_STEP][PASSED] - Statement - teamMeberName = x: null

2018-09-05 17:59:38 - [TEST_STEP][PASSED] - setText: Text '3zr' is set on object 'Object Repository/AddTeamMemberDashboard/name'

2018-09-05 17:59:39 - [MESSAGE][PASSED] - Text '3zr' is set on object 'Object Repository/AddTeamMemberDashboard/name'

2018-09-05 17:59:39 - [TEST_STEP][PASSED] - setText: Text '4d7o1j1lIh@gmail.com' is set on object 'Object Repository/AddTeamMemberDashboard/email'

2018-09-05 17:59:39 - [MESSAGE][PASSED] - newPackage.newKeyword.randomString is PASSED

2018-09-05 17:59:39 - [MESSAGE][PASSED] - Text '4d7o1j1lIh@gmail.com' is set on object 'Object Repository/AddTeamMemberDashboard/email'

2018-09-05 17:59:39 - [TEST_STEP][PASSED] - Statement - number = CustomKeywords.phoneNumbers.contactNumbers.randomString(9): phoneNumbers.contactNumbers.randomString is PASSED

2018-09-05 17:59:39 - [MESSAGE][PASSED] - phoneNumbers.contactNumbers.randomString is PASSED

2018-09-05 17:59:39 - [TEST_STEP][PASSED] - Statement - Mobile_Number = number: null

2018-09-05 17:59:39 - [TEST_STEP][PASSED] - setText: Text '1555290431' is set on object 'Object Repository/Dashboard_Link Generator/contactNumber'

2018-09-05 17:59:40 - [MESSAGE][PASSED] - Text '1555290431' is set on object 'Object Repository/Dashboard_Link Generator/contactNumber'

2018-09-05 17:59:40 - [TEST_STEP][PASSED] - setText: Text 'property' is set on object 'Object Repository/Dashboard_Link Generator/tag'

2018-09-05 17:59:40 - [MESSAGE][PASSED] - Text 'property' is set on object 'Object Repository/Dashboard_Link Generator/tag'

2018-09-05 17:59:40 - [TEST_STEP][PASSED] - click: Object: 'Object Repository/Dashboard_Link Generator/callOnly' is clicked on

2018-09-05 17:59:40 - [MESSAGE][PASSED] - Object: 'Object Repository/Dashboard_Link Generator/callOnly' is clicked on

2018-09-05 17:59:40 - [TEST_STEP][PASSED] - click: Object: 'Object Repository/Dashboard_Link Generator/div_GET LINK' is clicked on

2018-09-05 17:59:41 - [MESSAGE][PASSED] - Object: 'Object Repository/Dashboard_Link Generator/div_GET LINK' is clicked on

2018-09-05 17:59:41 - [TEST_STEP][PASSED] - Statement - getLink = com.kms.katalon.core.webui.keyword.WebUiBuiltInKeywords.getAttribute(com.kms.katalon.core.testobject.ObjectRepository.findTestObject(Dashboard_Link Generator/shortLinkUrlCopy), "value"): Attribute 'value' of object 'Object Repository/Dashboard_Link Generator/shortLinkUrlCopy' is: 'https://dev.vcalling.in/url/UAT/?id=UAT-1-527&c=t'

2018-09-05 17:59:42 - [MESSAGE][PASSED] - Attribute 'value' of object 'Object Repository/Dashboard_Link Generator/shortLinkUrlCopy' is: 'https://dev.vcalling.in/url/UAT/?id=UAT-1-527&c=t'

2018-09-05 17:59:42 - [TEST_STEP][PASSED] - Statement - println(getLink): null

2018-09-05 17:59:42 - [TEST_STEP][PASSED] - delay: Delayed 2 second(s)

2018-09-05 17:59:44 - [MESSAGE][PASSED] - Delayed 2 second(s)

2018-09-05 17:59:44 - [TEST_STEP][PASSED] - click: Object: 'Object Repository/Dashboard_Link Generator/shortLinkCOpy' is clicked on

2018-09-05 17:59:44 - [MESSAGE][PASSED] - Object: 'Object Repository/Dashboard_Link Generator/shortLinkCOpy' is clicked on

2018-09-05 17:59:44 - [TEST_STEP][PASSED] - delay: Delayed 2 second(s)

2018-09-05 17:59:46 - [MESSAGE][PASSED] - Delayed 2 second(s)

2018-09-05 17:59:46 - [TEST_STEP][PASSED] - click: Object: 'Object Repository/Dashboard_Link Generator/linkCopyShort' is clicked on

2018-09-05 17:59:46 - [MESSAGE][PASSED] - Object: 'Object Repository/Dashboard_Link Generator/linkCopyShort' is clicked on

2018-09-05 17:59:46 - [TEST_STEP][PASSED] - Statement - If (com.kms.katalon.core.webui.keyword.WebUiBuiltInKeywords.verifyElementPresent(com.kms.katalon.core.testobject.ObjectRepository.findTestObject(Dashboard_Link Generator/validation), 5, OPTIONAL)): null

2018-09-05 17:59:46 - [MESSAGE][PASSED] - Object 'Object Repository/Dashboard_Link Generator/validation' is present

2018-09-05 17:59:46 - [TEST_STEP][PASSED] - Statement - validationMessage = com.kms.katalon.core.webui.keyword.WebUiBuiltInKeywords.getText(com.kms.katalon.core.testobject.ObjectRepository.findTestObject(Dashboard_Link Generator/validation)): Text of object 'Object Repository/Dashboard_Link Generator/validation' is: 'Short Link Copied.!'

2018-09-05 17:59:46 - [MESSAGE][PASSED] - Text of object 'Object Repository/Dashboard_Link Generator/validation' is: 'Short Link Copied.!'

2018-09-05 17:59:46 - [TEST_STEP][PASSED] - verifyMatch: Actual text 'Short Link Copied.!' and expected text 'Short Link Copied.!' are matched 

2018-09-05 17:59:46 - [MESSAGE][PASSED] - Actual text 'Short Link Copied.!' and expected text 'Short Link Copied.!' are matched 

2018-09-05 17:59:46 - [TEST_STEP][PASSED] - Statement - println("successful"): null

2018-09-05 17:59:46 - [TEST_STEP][PASSED] - delay: Delayed 5 second(s)

2018-09-05 17:59:51 - [MESSAGE][PASSED] - Delayed 5 second(s)

2018-09-05 17:59:51 - [TEST_STEP][PASSED] - Statement - linkUserName = driver.findElements(org.openqa.selenium.By.className("text-link-log")): null

2018-09-05 17:59:51 - [TEST_STEP][PASSED] - Statement - previousCountValue = 0: null

2018-09-05 17:59:51 - [TEST_STEP][PASSED] - Statement - For ([i = 0, i < linkUserName.size(), (i++)]): null

2018-09-05 17:59:51 - [TEST_STEP][PASSED] - Statement - linkLogmembername = linkUserName.get(i).getText(): null

2018-09-05 17:59:51 - [TEST_STEP][PASSED] - Statement - If (linkLogmembername.equals(teamMeberName)): null

2018-09-05 17:59:51 - [TEST_STEP][PASSED] - Statement - linkLogmembername = linkUserName.get(i).getText(): null

2018-09-05 17:59:51 - [TEST_STEP][PASSED] - Statement - If (linkLogmembername.equals(teamMeberName)): null

2018-09-05 17:59:51 - [TEST_STEP][PASSED] - Statement - linkLogmembername = linkUserName.get(i).getText(): null

2018-09-05 17:59:51 - [TEST_STEP][PASSED] - Statement - If (linkLogmembername.equals(teamMeberName)): null

2018-09-05 17:59:51 - [TEST_STEP][PASSED] - Statement - linkLogmembername = linkUserName.get(i).getText(): null

2018-09-05 17:59:51 - [TEST_STEP][PASSED] - Statement - If (linkLogmembername.equals(teamMeberName)): null

2018-09-05 17:59:51 - [TEST_STEP][PASSED] - Statement - linkLogmembername = linkUserName.get(i).getText(): null

2018-09-05 17:59:51 - [TEST_STEP][PASSED] - Statement - If (linkLogmembername.equals(teamMeberName)): null

2018-09-05 17:59:51 - [TEST_STEP][PASSED] - Statement - linkLogmembername = linkUserName.get(i).getText(): null

2018-09-05 17:59:51 - [TEST_STEP][PASSED] - Statement - If (linkLogmembername.equals(teamMeberName)): null

2018-09-05 17:59:51 - [TEST_STEP][PASSED] - Statement - linkLogmembername = linkUserName.get(i).getText(): null

2018-09-05 17:59:51 - [TEST_STEP][PASSED] - Statement - If (linkLogmembername.equals(teamMeberName)): null

2018-09-05 17:59:51 - [TEST_STEP][PASSED] - Statement - linkLogmembername = linkUserName.get(i).getText(): null

2018-09-05 17:59:51 - [TEST_STEP][PASSED] - Statement - If (linkLogmembername.equals(teamMeberName)): null

2018-09-05 17:59:51 - [TEST_STEP][PASSED] - Statement - out.println("Admin Console: " + linkLogmembername): null

2018-09-05 17:59:51 - [TEST_STEP][PASSED] - Statement - linkLogmembername = linkUserName.get(i).getText(): null

2018-09-05 17:59:51 - [TEST_STEP][PASSED] - Statement - If (linkLogmembername.equals(teamMeberName)): null

2018-09-05 17:59:51 - [TEST_STEP][PASSED] - Statement - linkLogmembername = linkUserName.get(i).getText(): null

2018-09-05 17:59:51 - [TEST_STEP][PASSED] - Statement - If (linkLogmembername.equals(teamMeberName)): null

2018-09-05 17:59:51 - [TEST_STEP][PASSED] - Statement - linkLogmembername = linkUserName.get(i).getText(): null

2018-09-05 17:59:51 - [TEST_STEP][PASSED] - Statement - If (linkLogmembername.equals(teamMeberName)): null

2018-09-05 17:59:51 - [TEST_STEP][PASSED] - Statement - linkLogmembername = linkUserName.get(i).getText(): null

2018-09-05 17:59:52 - [TEST_STEP][PASSED] - Statement - If (linkLogmembername.equals(teamMeberName)): null

2018-09-05 17:59:52 - [TEST_STEP][PASSED] - Statement - linkLogmembername = linkUserName.get(i).getText(): null

2018-09-05 17:59:52 - [TEST_STEP][PASSED] - Statement - If (linkLogmembername.equals(teamMeberName)): null

2018-09-05 17:59:52 - [TEST_STEP][PASSED] - Statement - linkLogmembername = linkUserName.get(i).getText(): null

2018-09-05 17:59:52 - [TEST_STEP][PASSED] - Statement - If (linkLogmembername.equals(teamMeberName)): null

2018-09-05 17:59:52 - [TEST_STEP][PASSED] - Statement - linkLogmembername = linkUserName.get(i).getText(): null

2018-09-05 17:59:52 - [TEST_STEP][PASSED] - Statement - If (linkLogmembername.equals(teamMeberName)): null

2018-09-05 17:59:52 - [TEST_STEP][PASSED] - Statement - linkLogmembername = linkUserName.get(i).getText(): null

2018-09-05 17:59:52 - [TEST_STEP][PASSED] - Statement - If (linkLogmembername.equals(teamMeberName)): null

2018-09-05 17:59:52 - [TEST_STEP][PASSED] - Statement - linkLogmembername = linkUserName.get(i).getText(): null

2018-09-05 17:59:52 - [TEST_STEP][PASSED] - Statement - If (linkLogmembername.equals(teamMeberName)): null

2018-09-05 17:59:52 - [TEST_STEP][PASSED] - Statement - linkLogmembername = linkUserName.get(i).getText(): null

2018-09-05 17:59:52 - [TEST_STEP][PASSED] - Statement - If (linkLogmembername.equals(teamMeberName)): null

2018-09-05 17:59:52 - [TEST_STEP][PASSED] - Statement - linkLogmembername = linkUserName.get(i).getText(): null

2018-09-05 17:59:52 - [TEST_STEP][PASSED] - Statement - If (linkLogmembername.equals(teamMeberName)): null

2018-09-05 17:59:52 - [TEST_STEP][PASSED] - Statement - linkLogmembername = linkUserName.get(i).getText(): null

2018-09-05 17:59:52 - [TEST_STEP][PASSED] - Statement - If (linkLogmembername.equals(teamMeberName)): null

2018-09-05 17:59:52 - [TEST_STEP][PASSED] - Statement - linkLogmembername = linkUserName.get(i).getText(): null

2018-09-05 17:59:52 - [TEST_STEP][PASSED] - Statement - If (linkLogmembername.equals(teamMeberName)): null

2018-09-05 17:59:52 - [TEST_STEP][PASSED] - Statement - linkLogmembername = linkUserName.get(i).getText(): null

2018-09-05 17:59:52 - [TEST_STEP][PASSED] - Statement - If (linkLogmembername.equals(teamMeberName)): null

2018-09-05 17:59:52 - [TEST_STEP][PASSED] - Statement - linkLogmembername = linkUserName.get(i).getText(): null

2018-09-05 17:59:52 - [TEST_STEP][PASSED] - Statement - If (linkLogmembername.equals(teamMeberName)): null

2018-09-05 17:59:52 - [TEST_STEP][PASSED] - Statement - linkLogmembername = linkUserName.get(i).getText(): null

2018-09-05 17:59:52 - [TEST_STEP][PASSED] - Statement - If (linkLogmembername.equals(teamMeberName)): null

2018-09-05 17:59:52 - [TEST_STEP][PASSED] - Statement - linkLogmembername = linkUserName.get(i).getText(): null

2018-09-05 17:59:52 - [TEST_STEP][PASSED] - Statement - If (linkLogmembername.equals(teamMeberName)): null

2018-09-05 17:59:52 - [TEST_STEP][PASSED] - Statement - linkLogmembername = linkUserName.get(i).getText(): null

2018-09-05 17:59:52 - [TEST_STEP][PASSED] - Statement - If (linkLogmembername.equals(teamMeberName)): null

2018-09-05 17:59:52 - [TEST_STEP][PASSED] - Statement - linkLogmembername = linkUserName.get(i).getText(): null

2018-09-05 17:59:52 - [TEST_STEP][PASSED] - Statement - If (linkLogmembername.equals(teamMeberName)): null

2018-09-05 17:59:52 - [TEST_STEP][PASSED] - Statement - linkLogmembername = linkUserName.get(i).getText(): null

2018-09-05 17:59:52 - [TEST_STEP][PASSED] - Statement - If (linkLogmembername.equals(teamMeberName)): null

2018-09-05 17:59:52 - [TEST_STEP][PASSED] - Statement - linkLogmembername = linkUserName.get(i).getText(): null

2018-09-05 17:59:52 - [TEST_STEP][PASSED] - Statement - If (linkLogmembername.equals(teamMeberName)): null

2018-09-05 17:59:52 - [TEST_STEP][PASSED] - Statement - linkLogmembername = linkUserName.get(i).getText(): null

2018-09-05 17:59:52 - [TEST_STEP][PASSED] - Statement - If (linkLogmembername.equals(teamMeberName)): null

2018-09-05 17:59:52 - [TEST_STEP][PASSED] - Statement - linkLogmembername = linkUserName.get(i).getText(): null

2018-09-05 17:59:52 - [TEST_STEP][PASSED] - Statement - If (linkLogmembername.equals(teamMeberName)): null

2018-09-05 17:59:52 - [TEST_STEP][PASSED] - Statement - linkLogmembername = linkUserName.get(i).getText(): null

2018-09-05 17:59:52 - [TEST_STEP][PASSED] - Statement - If (linkLogmembername.equals(teamMeberName)): null

2018-09-05 17:59:52 - [TEST_STEP][PASSED] - Statement - linkLogmembername = linkUserName.get(i).getText(): null

2018-09-05 17:59:52 - [TEST_STEP][PASSED] - Statement - If (linkLogmembername.equals(teamMeberName)): null

2018-09-05 17:59:52 - [TEST_STEP][PASSED] - Statement - linkLogmembername = linkUserName.get(i).getText(): null

2018-09-05 17:59:53 - [TEST_STEP][PASSED] - Statement - If (linkLogmembername.equals(teamMeberName)): null

2018-09-05 17:59:53 - [TEST_STEP][PASSED] - Statement - linkLogmembername = linkUserName.get(i).getText(): null

2018-09-05 17:59:53 - [TEST_STEP][PASSED] - Statement - If (linkLogmembername.equals(teamMeberName)): null

2018-09-05 17:59:53 - [TEST_STEP][PASSED] - Statement - linkLogmembername = linkUserName.get(i).getText(): null

2018-09-05 17:59:53 - [TEST_STEP][PASSED] - Statement - If (linkLogmembername.equals(teamMeberName)): null

2018-09-05 17:59:53 - [TEST_STEP][PASSED] - Statement - linkLogmembername = linkUserName.get(i).getText(): null

2018-09-05 17:59:53 - [TEST_STEP][PASSED] - Statement - If (linkLogmembername.equals(teamMeberName)): null

2018-09-05 17:59:53 - [TEST_STEP][PASSED] - Statement - linkLogmembername = linkUserName.get(i).getText(): null

2018-09-05 17:59:53 - [TEST_STEP][PASSED] - Statement - If (linkLogmembername.equals(teamMeberName)): null

2018-09-05 17:59:53 - [TEST_STEP][PASSED] - Statement - linkLogmembername = linkUserName.get(i).getText(): null

2018-09-05 17:59:53 - [TEST_STEP][PASSED] - Statement - If (linkLogmembername.equals(teamMeberName)): null

2018-09-05 17:59:53 - [TEST_STEP][PASSED] - Statement - linkLogmembername = linkUserName.get(i).getText(): null

2018-09-05 17:59:53 - [TEST_STEP][PASSED] - Statement - If (linkLogmembername.equals(teamMeberName)): null

2018-09-05 17:59:53 - [TEST_STEP][PASSED] - Statement - linkLogmembername = linkUserName.get(i).getText(): null

2018-09-05 17:59:53 - [TEST_STEP][PASSED] - Statement - If (linkLogmembername.equals(teamMeberName)): null

2018-09-05 17:59:53 - [TEST_STEP][PASSED] - Statement - linkLogmembername = linkUserName.get(i).getText(): null

2018-09-05 17:59:53 - [TEST_STEP][PASSED] - Statement - If (linkLogmembername.equals(teamMeberName)): null

2018-09-05 17:59:53 - [TEST_STEP][PASSED] - Statement - linkLogmembername = linkUserName.get(i).getText(): null

2018-09-05 17:59:53 - [TEST_STEP][PASSED] - Statement - If (linkLogmembername.equals(teamMeberName)): null

2018-09-05 17:59:53 - [TEST_STEP][PASSED] - Statement - linkLogmembername = linkUserName.get(i).getText(): null

2018-09-05 17:59:53 - [TEST_STEP][PASSED] - Statement - If (linkLogmembername.equals(teamMeberName)): null

2018-09-05 17:59:53 - [TEST_STEP][PASSED] - Statement - linkLogmembername = linkUserName.get(i).getText(): null

2018-09-05 17:59:53 - [TEST_STEP][PASSED] - Statement - If (linkLogmembername.equals(teamMeberName)): null

2018-09-05 17:59:53 - [TEST_STEP][PASSED] - Statement - linkLogmembername = linkUserName.get(i).getText(): null

2018-09-05 17:59:53 - [TEST_STEP][PASSED] - Statement - If (linkLogmembername.equals(teamMeberName)): null

2018-09-05 17:59:53 - [TEST_STEP][PASSED] - Statement - linkLogmembername = linkUserName.get(i).getText(): null

2018-09-05 17:59:53 - [TEST_STEP][PASSED] - Statement - If (linkLogmembername.equals(teamMeberName)): null

2018-09-05 17:59:53 - [TEST_STEP][PASSED] - Statement - linkLogmembername = linkUserName.get(i).getText(): null

2018-09-05 17:59:53 - [TEST_STEP][PASSED] - Statement - If (linkLogmembername.equals(teamMeberName)): null

2018-09-05 17:59:53 - [TEST_STEP][PASSED] - Statement - linkLogmembername = linkUserName.get(i).getText(): null

2018-09-05 17:59:53 - [TEST_STEP][PASSED] - Statement - If (linkLogmembername.equals(teamMeberName)): null

2018-09-05 17:59:53 - [TEST_STEP][PASSED] - Statement - linkLogmembername = linkUserName.get(i).getText(): null

2018-09-05 17:59:53 - [TEST_STEP][PASSED] - Statement - If (linkLogmembername.equals(teamMeberName)): null

2018-09-05 17:59:53 - [TEST_STEP][PASSED] - Statement - linkLogmembername = linkUserName.get(i).getText(): null

2018-09-05 17:59:53 - [TEST_STEP][PASSED] - Statement - If (linkLogmembername.equals(teamMeberName)): null

2018-09-05 17:59:53 - [TEST_STEP][PASSED] - Statement - linkLogmembername = linkUserName.get(i).getText(): null

2018-09-05 17:59:53 - [TEST_STEP][PASSED] - Statement - If (linkLogmembername.equals(teamMeberName)): null

2018-09-05 17:59:53 - [TEST_STEP][PASSED] - Statement - linkLogmembername = linkUserName.get(i).getText(): null

2018-09-05 17:59:53 - [TEST_STEP][PASSED] - Statement - If (linkLogmembername.equals(teamMeberName)): null

2018-09-05 17:59:53 - [TEST_STEP][PASSED] - Statement - linkLogmembername = linkUserName.get(i).getText(): null

2018-09-05 17:59:53 - [TEST_STEP][PASSED] - Statement - If (linkLogmembername.equals(teamMeberName)): null

2018-09-05 17:59:53 - [TEST_STEP][PASSED] - Statement - linkLogmembername = linkUserName.get(i).getText(): null

2018-09-05 17:59:53 - [TEST_STEP][PASSED] - Statement - If (linkLogmembername.equals(teamMeberName)): null

2018-09-05 17:59:53 - [TEST_STEP][PASSED] - Statement - linkLogmembername = linkUserName.get(i).getText(): null

2018-09-05 17:59:53 - [TEST_STEP][PASSED] - Statement - If (linkLogmembername.equals(teamMeberName)): null

2018-09-05 17:59:53 - [TEST_STEP][PASSED] - Statement - linkLogmembername = linkUserName.get(i).getText(): null

2018-09-05 17:59:53 - [TEST_STEP][PASSED] - Statement - If (linkLogmembername.equals(teamMeberName)): null

2018-09-05 17:59:53 - [TEST_STEP][PASSED] - Statement - js = driver: null

2018-09-05 17:59:53 - [TEST_STEP][PASSED] - Statement - js.executeScript("window.open();"): null

2018-09-05 17:59:53 - [TEST_STEP][PASSED] - Statement - currentWindow = com.kms.katalon.core.webui.keyword.WebUiBuiltInKeywords.getWindowIndex(): Current window's index is: 0

2018-09-05 17:59:53 - [MESSAGE][PASSED] - Current window's index is: 0

2018-09-05 17:59:53 - [TEST_STEP][PASSED] - switchToWindowIndex: Switched to window with index: '1'

2018-09-05 17:59:53 - [MESSAGE][PASSED] - Switched to window with index: '1'

2018-09-05 17:59:53 - [TEST_STEP][PASSED] - navigateToUrl: Navigate to 'https://dev.vcalling.in/url/UAT/?id=UAT-1-527&c=t' successfully

2018-09-05 17:59:56 - [MESSAGE][PASSED] - Navigate to 'https://dev.vcalling.in/url/UAT/?id=UAT-1-527&c=t' successfully

2018-09-05 17:59:56 - [TEST_STEP][PASSED] - Statement - currentTab = com.kms.katalon.core.webui.keyword.WebUiBuiltInKeywords.getWindowIndex(): Current window's index is: 1

2018-09-05 17:59:56 - [MESSAGE][PASSED] - Current window's index is: 1]]></system-out>
         <system-err><![CDATA[]]></system-err>
      </testcase>
      <testcase name="Test Cases/completed/TestCase2_Link Genrator Short link/LinkGenrateThroughMail,Number" classname="Test Cases/completed/TestCase2_Link Genrator Short link/LinkGenrateThroughMail,Number" status="PASSED">
         <system-out><![CDATA[2018-09-05 17:59:56 - [TEST_CASE][PASSED] - Test Cases/completed/TestCase2_Link Genrator Short link/LinkGenrateThroughMail,Number: Test Cases/completed/TestCase2_Link Genrator Short link/LinkGenrateThroughMail,Number

2018-09-05 17:59:56 - [TEST_STEP][PASSED] - callTestCase: Call Test Case 'Test Cases/BVT/aSimple_Login' successfully

2018-09-05 17:59:56 - [TEST_CASE][PASSED] - Test Cases/BVT/aSimple_Login: Test Cases/BVT/aSimple_Login

2018-09-05 17:59:56 - [TEST_STEP][PASSED] - openBrowser: Browser is opened with url: ''

2018-09-05 17:59:56 - [MESSAGE][WARNING] - A browser is already opened. Closing browser and opening a new one

2018-09-05 17:59:59 - [MESSAGE][PASSED] - Browser is opened with url: ''

2018-09-05 17:59:59 - [TEST_STEP][PASSED] - maximizeWindow: Current window maximized

2018-09-05 18:00:00 - [MESSAGE][PASSED] - Current window maximized

2018-09-05 18:00:00 - [TEST_STEP][PASSED] - navigateToUrl: Navigate to 'https://dev.vcalling.in/enterprises/UAT/Dashboard/index.html' successfully

2018-09-05 18:00:04 - [MESSAGE][PASSED] - Navigate to 'https://dev.vcalling.in/enterprises/UAT/Dashboard/index.html' successfully

2018-09-05 18:00:04 - [TEST_STEP][PASSED] - setText: Text 'testing4dea@gmail.com' is set on object 'Object Repository/Login/UserId'

2018-09-05 18:00:05 - [MESSAGE][PASSED] - Text 'testing4dea@gmail.com' is set on object 'Object Repository/Login/UserId'

2018-09-05 18:00:05 - [TEST_STEP][PASSED] - click: Object: 'Object Repository/Login/div_GET OTP' is clicked on

2018-09-05 18:00:05 - [MESSAGE][PASSED] - Object: 'Object Repository/Login/div_GET OTP' is clicked on

2018-09-05 18:00:05 - [TEST_STEP][PASSED] - waitForElementPresent: Object 'Object Repository/Login/div_SUBMIT' is present

2018-09-05 18:00:07 - [MESSAGE][PASSED] - Object 'Object Repository/Login/div_SUBMIT' is present

2018-09-05 18:00:07 - [TEST_STEP][PASSED] - Statement - If (com.kms.katalon.core.webui.keyword.WebUiBuiltInKeywords.verifyElementNotPresent(com.kms.katalon.core.testobject.ObjectRepository.findTestObject(Login/div_SUBMIT), 5, OPTIONAL)): Web element with id: 'Object Repository/Login/div_SUBMIT' located by 'By.xpath: //div[(text() = ' SUBMIT ' or . = ' SUBMIT ')]' is present after '5' second(s)

2018-09-05 18:00:12 - [MESSAGE][WARNING] - Web element with id: 'Object Repository/Login/div_SUBMIT' located by 'By.xpath: //div[(text() = ' SUBMIT ' or . = ' SUBMIT ')]' is present after '5' second(s)
[[ATTACHMENT|C:\\Users\\User\\Desktop\\Katalon Studio\\Katalon Studio\\vCallingDashboard\\Reports\\RegressionSuite\\20180905_175530\\1536150612425.png]]

2018-09-05 18:00:12 - [TEST_STEP][PASSED] - Statement - sleep(5000): null

2018-09-05 18:00:17 - [TEST_STEP][PASSED] - Statement - OTP = getOTP(): null

2018-09-05 18:00:17 - [TEST_STEP][PASSED] - Statement - host = "imap.gmail.com": null

2018-09-05 18:00:17 - [TEST_STEP][PASSED] - Statement - msg = <not implemented yet for class: org.codehaus.groovy.ast.expr.EmptyExpression>: null

2018-09-05 18:00:17 - [TEST_STEP][PASSED] - Statement - msgSub = <not implemented yet for class: org.codehaus.groovy.ast.expr.EmptyExpression>: null

2018-09-05 18:00:17 - [TEST_STEP][PASSED] - Statement - OTP = "unavailable": null

2018-09-05 18:00:17 - [TEST_STEP][PASSED] - Statement - props = new java.util.Properties(): null

2018-09-05 18:00:17 - [TEST_STEP][PASSED] - Statement - props.setProperty("mail.imap.ssl.enable", "true"): null

2018-09-05 18:00:17 - [TEST_STEP][PASSED] - Statement - session = javax.mail.Session.getInstance(props): null

2018-09-05 18:00:17 - [TEST_STEP][PASSED] - Statement - store = <not implemented yet for class: org.codehaus.groovy.ast.expr.EmptyExpression>: null

2018-09-05 18:00:17 - [TEST_STEP][PASSED] - Statement - Try: null

2018-09-05 18:00:17 - [TEST_STEP][PASSED] - Statement - store = session.getStore("imap"): null

2018-09-05 18:00:17 - [TEST_STEP][PASSED] - Statement - store.connect(host, Email, Password): null

2018-09-05 18:00:19 - [TEST_STEP][PASSED] - Statement - emailFolder = store.getFolder("INBOX"): null

2018-09-05 18:00:19 - [TEST_STEP][PASSED] - Statement - emailFolder.open(READ_WRITE): null

2018-09-05 18:00:20 - [TEST_STEP][PASSED] - Statement - messages = emailFolder.getMessages(): null

2018-09-05 18:00:20 - [TEST_STEP][PASSED] - Statement - n = length: null

2018-09-05 18:00:20 - [TEST_STEP][PASSED] - Statement - message = messages[n - 1]: null

2018-09-05 18:00:20 - [TEST_STEP][PASSED] - Statement - msgSub = message.getSubject(): null

2018-09-05 18:00:20 - [TEST_STEP][PASSED] - Statement - If (msgSub.equals("OTP to Sign In")): null

2018-09-05 18:00:20 - [TEST_STEP][PASSED] - Statement - msg = message.getContent().toString(): null

2018-09-05 18:00:21 - [TEST_STEP][PASSED] - Statement - OTP = msg.substring(msg.length() - 7): null

2018-09-05 18:00:21 - [TEST_STEP][PASSED] - Statement - message.setFlag(DELETED, true): null

2018-09-05 18:00:21 - [TEST_STEP][PASSED] - Statement - emailFolder.close(true): null

2018-09-05 18:00:22 - [TEST_STEP][PASSED] - Statement - store.close(): null

2018-09-05 18:00:22 - [TEST_STEP][PASSED] - Statement - return OTP: null

2018-09-05 18:00:22 - [TEST_STEP][PASSED] - Statement - If (OTP.equals("unavailable")): null

2018-09-05 18:00:22 - [TEST_STEP][PASSED] - Statement - Else: Text 'i2381
' is set on object 'Object Repository/Login/OtpInput'

2018-09-05 18:00:22 - [TEST_STEP][PASSED] - setText: Text 'i2381
' is set on object 'Object Repository/Login/OtpInput'

2018-09-05 18:00:22 - [MESSAGE][PASSED] - Text 'i2381
' is set on object 'Object Repository/Login/OtpInput'

2018-09-05 18:00:22 - [TEST_STEP][PASSED] - verifyElementPresent: Object 'Object Repository/Login/afterOpenDisplay' is present

2018-09-05 18:00:24 - [MESSAGE][PASSED] - Object 'Object Repository/Login/afterOpenDisplay' is present

2018-09-05 18:00:24 - [MESSAGE][PASSED] - Call Test Case 'Test Cases/BVT/aSimple_Login' successfully

2018-09-05 18:00:24 - [TEST_STEP][PASSED] - Statement - driver = com.kms.katalon.core.webui.driver.DriverFactory.getWebDriver(): null

2018-09-05 18:00:24 - [TEST_STEP][PASSED] - click: Object: 'Object Repository/Dashboard_Link Generator/linkgeneratorIcon' is clicked on

2018-09-05 18:00:24 - [MESSAGE][PASSED] - Object: 'Object Repository/Dashboard_Link Generator/linkgeneratorIcon' is clicked on

2018-09-05 18:00:24 - [TEST_STEP][PASSED] - Statement - x = CustomKeywords.newPackage.newKeyword.randomString(3).toLowerCase(): newPackage.newKeyword.randomString is PASSED

2018-09-05 18:00:24 - [MESSAGE][PASSED] - newPackage.newKeyword.randomString is PASSED

2018-09-05 18:00:24 - [TEST_STEP][PASSED] - Statement - teamMeberName = x: null

2018-09-05 18:00:24 - [TEST_STEP][PASSED] - setText: Text 'nmv' is set on object 'Object Repository/AddTeamMemberDashboard/name'

2018-09-05 18:00:25 - [MESSAGE][PASSED] - Text 'nmv' is set on object 'Object Repository/AddTeamMemberDashboard/name'

2018-09-05 18:00:25 - [TEST_STEP][PASSED] - setText: Text 'BuEkwDehBp@gmail.com' is set on object 'Object Repository/AddTeamMemberDashboard/email'

2018-09-05 18:00:25 - [MESSAGE][PASSED] - newPackage.newKeyword.randomString is PASSED

2018-09-05 18:00:25 - [MESSAGE][PASSED] - Text 'BuEkwDehBp@gmail.com' is set on object 'Object Repository/AddTeamMemberDashboard/email'

2018-09-05 18:00:25 - [TEST_STEP][PASSED] - Statement - number = CustomKeywords.phoneNumbers.contactNumbers.randomString(9): phoneNumbers.contactNumbers.randomString is PASSED

2018-09-05 18:00:25 - [MESSAGE][PASSED] - phoneNumbers.contactNumbers.randomString is PASSED

2018-09-05 18:00:25 - [TEST_STEP][PASSED] - Statement - Mobile_Number = number: null

2018-09-05 18:00:25 - [TEST_STEP][PASSED] - setText: Text '8110731581' is set on object 'Object Repository/Dashboard_Link Generator/contactNumber'

2018-09-05 18:00:26 - [MESSAGE][PASSED] - Text '8110731581' is set on object 'Object Repository/Dashboard_Link Generator/contactNumber'

2018-09-05 18:00:26 - [TEST_STEP][PASSED] - click: Object: 'Object Repository/Dashboard_Link Generator/div_GET LINK' is clicked on

2018-09-05 18:00:26 - [MESSAGE][PASSED] - Object: 'Object Repository/Dashboard_Link Generator/div_GET LINK' is clicked on

2018-09-05 18:00:26 - [TEST_STEP][PASSED] - Statement - getLink = com.kms.katalon.core.webui.keyword.WebUiBuiltInKeywords.getAttribute(com.kms.katalon.core.testobject.ObjectRepository.findTestObject(Dashboard_Link Generator/shortLinkUrlCopy), "value"): Attribute 'value' of object 'Object Repository/Dashboard_Link Generator/shortLinkUrlCopy' is: 'https://dev.vcalling.in/url/UAT/?id=UAT-1-528'

2018-09-05 18:00:26 - [MESSAGE][PASSED] - Attribute 'value' of object 'Object Repository/Dashboard_Link Generator/shortLinkUrlCopy' is: 'https://dev.vcalling.in/url/UAT/?id=UAT-1-528'

2018-09-05 18:00:26 - [TEST_STEP][PASSED] - Statement - println(getLink): null

2018-09-05 18:00:26 - [TEST_STEP][PASSED] - delay: Delayed 2 second(s)

2018-09-05 18:00:28 - [MESSAGE][PASSED] - Delayed 2 second(s)

2018-09-05 18:00:28 - [TEST_STEP][PASSED] - click: Object: 'Object Repository/Dashboard_Link Generator/shortLinkCOpy' is clicked on

2018-09-05 18:00:29 - [MESSAGE][PASSED] - Object: 'Object Repository/Dashboard_Link Generator/shortLinkCOpy' is clicked on

2018-09-05 18:00:29 - [TEST_STEP][PASSED] - delay: Delayed 2 second(s)

2018-09-05 18:00:31 - [MESSAGE][PASSED] - Delayed 2 second(s)

2018-09-05 18:00:31 - [TEST_STEP][PASSED] - click: Object: 'Object Repository/Dashboard_Link Generator/linkCopyShort' is clicked on

2018-09-05 18:00:31 - [MESSAGE][PASSED] - Object: 'Object Repository/Dashboard_Link Generator/linkCopyShort' is clicked on

2018-09-05 18:00:31 - [TEST_STEP][PASSED] - Statement - If (com.kms.katalon.core.webui.keyword.WebUiBuiltInKeywords.verifyElementPresent(com.kms.katalon.core.testobject.ObjectRepository.findTestObject(Dashboard_Link Generator/validation), 5, OPTIONAL)): null

2018-09-05 18:00:31 - [MESSAGE][PASSED] - Object 'Object Repository/Dashboard_Link Generator/validation' is present

2018-09-05 18:00:31 - [TEST_STEP][PASSED] - Statement - validationMessage = com.kms.katalon.core.webui.keyword.WebUiBuiltInKeywords.getText(com.kms.katalon.core.testobject.ObjectRepository.findTestObject(Dashboard_Link Generator/validation)): Text of object 'Object Repository/Dashboard_Link Generator/validation' is: 'Short Link Copied.!'

2018-09-05 18:00:31 - [MESSAGE][PASSED] - Text of object 'Object Repository/Dashboard_Link Generator/validation' is: 'Short Link Copied.!'

2018-09-05 18:00:31 - [TEST_STEP][PASSED] - verifyMatch: Actual text 'Short Link Copied.!' and expected text 'Short Link Copied.!' are matched 

2018-09-05 18:00:31 - [MESSAGE][PASSED] - Actual text 'Short Link Copied.!' and expected text 'Short Link Copied.!' are matched 

2018-09-05 18:00:31 - [TEST_STEP][PASSED] - Statement - println("successful"): null

2018-09-05 18:00:31 - [TEST_STEP][PASSED] - delay: Delayed 5 second(s)

2018-09-05 18:00:36 - [MESSAGE][PASSED] - Delayed 5 second(s)

2018-09-05 18:00:36 - [TEST_STEP][PASSED] - Statement - linkUserName = driver.findElements(org.openqa.selenium.By.className("text-link-log")): null

2018-09-05 18:00:36 - [TEST_STEP][PASSED] - Statement - previousCountValue = 0: null

2018-09-05 18:00:36 - [TEST_STEP][PASSED] - Statement - For ([i = 0, i < linkUserName.size(), (i++)]): null

2018-09-05 18:00:36 - [TEST_STEP][PASSED] - Statement - linkLogmembername = linkUserName.get(i).getText(): null

2018-09-05 18:00:36 - [TEST_STEP][PASSED] - Statement - If (linkLogmembername.equals(teamMeberName)): null

2018-09-05 18:00:36 - [TEST_STEP][PASSED] - Statement - linkLogmembername = linkUserName.get(i).getText(): null

2018-09-05 18:00:36 - [TEST_STEP][PASSED] - Statement - If (linkLogmembername.equals(teamMeberName)): null

2018-09-05 18:00:36 - [TEST_STEP][PASSED] - Statement - linkLogmembername = linkUserName.get(i).getText(): null

2018-09-05 18:00:36 - [TEST_STEP][PASSED] - Statement - If (linkLogmembername.equals(teamMeberName)): null

2018-09-05 18:00:36 - [TEST_STEP][PASSED] - Statement - linkLogmembername = linkUserName.get(i).getText(): null

2018-09-05 18:00:36 - [TEST_STEP][PASSED] - Statement - If (linkLogmembername.equals(teamMeberName)): null

2018-09-05 18:00:36 - [TEST_STEP][PASSED] - Statement - linkLogmembername = linkUserName.get(i).getText(): null

2018-09-05 18:00:36 - [TEST_STEP][PASSED] - Statement - If (linkLogmembername.equals(teamMeberName)): null

2018-09-05 18:00:36 - [TEST_STEP][PASSED] - Statement - linkLogmembername = linkUserName.get(i).getText(): null

2018-09-05 18:00:36 - [TEST_STEP][PASSED] - Statement - If (linkLogmembername.equals(teamMeberName)): null

2018-09-05 18:00:36 - [TEST_STEP][PASSED] - Statement - linkLogmembername = linkUserName.get(i).getText(): null

2018-09-05 18:00:36 - [TEST_STEP][PASSED] - Statement - If (linkLogmembername.equals(teamMeberName)): null

2018-09-05 18:00:36 - [TEST_STEP][PASSED] - Statement - linkLogmembername = linkUserName.get(i).getText(): null

2018-09-05 18:00:36 - [TEST_STEP][PASSED] - Statement - If (linkLogmembername.equals(teamMeberName)): null

2018-09-05 18:00:36 - [TEST_STEP][PASSED] - Statement - out.println("Admin Console: " + linkLogmembername): null

2018-09-05 18:00:36 - [TEST_STEP][PASSED] - Statement - linkLogmembername = linkUserName.get(i).getText(): null

2018-09-05 18:00:36 - [TEST_STEP][PASSED] - Statement - If (linkLogmembername.equals(teamMeberName)): null

2018-09-05 18:00:36 - [TEST_STEP][PASSED] - Statement - linkLogmembername = linkUserName.get(i).getText(): null

2018-09-05 18:00:36 - [TEST_STEP][PASSED] - Statement - If (linkLogmembername.equals(teamMeberName)): null

2018-09-05 18:00:36 - [TEST_STEP][PASSED] - Statement - linkLogmembername = linkUserName.get(i).getText(): null

2018-09-05 18:00:37 - [TEST_STEP][PASSED] - Statement - If (linkLogmembername.equals(teamMeberName)): null

2018-09-05 18:00:37 - [TEST_STEP][PASSED] - Statement - linkLogmembername = linkUserName.get(i).getText(): null

2018-09-05 18:00:37 - [TEST_STEP][PASSED] - Statement - If (linkLogmembername.equals(teamMeberName)): null

2018-09-05 18:00:37 - [TEST_STEP][PASSED] - Statement - linkLogmembername = linkUserName.get(i).getText(): null

2018-09-05 18:00:37 - [TEST_STEP][PASSED] - Statement - If (linkLogmembername.equals(teamMeberName)): null

2018-09-05 18:00:37 - [TEST_STEP][PASSED] - Statement - linkLogmembername = linkUserName.get(i).getText(): null

2018-09-05 18:00:37 - [TEST_STEP][PASSED] - Statement - If (linkLogmembername.equals(teamMeberName)): null

2018-09-05 18:00:37 - [TEST_STEP][PASSED] - Statement - linkLogmembername = linkUserName.get(i).getText(): null

2018-09-05 18:00:37 - [TEST_STEP][PASSED] - Statement - If (linkLogmembername.equals(teamMeberName)): null

2018-09-05 18:00:37 - [TEST_STEP][PASSED] - Statement - linkLogmembername = linkUserName.get(i).getText(): null

2018-09-05 18:00:37 - [TEST_STEP][PASSED] - Statement - If (linkLogmembername.equals(teamMeberName)): null

2018-09-05 18:00:37 - [TEST_STEP][PASSED] - Statement - linkLogmembername = linkUserName.get(i).getText(): null

2018-09-05 18:00:37 - [TEST_STEP][PASSED] - Statement - If (linkLogmembername.equals(teamMeberName)): null

2018-09-05 18:00:37 - [TEST_STEP][PASSED] - Statement - linkLogmembername = linkUserName.get(i).getText(): null

2018-09-05 18:00:37 - [TEST_STEP][PASSED] - Statement - If (linkLogmembername.equals(teamMeberName)): null

2018-09-05 18:00:37 - [TEST_STEP][PASSED] - Statement - linkLogmembername = linkUserName.get(i).getText(): null

2018-09-05 18:00:37 - [TEST_STEP][PASSED] - Statement - If (linkLogmembername.equals(teamMeberName)): null

2018-09-05 18:00:37 - [TEST_STEP][PASSED] - Statement - linkLogmembername = linkUserName.get(i).getText(): null

2018-09-05 18:00:37 - [TEST_STEP][PASSED] - Statement - If (linkLogmembername.equals(teamMeberName)): null

2018-09-05 18:00:37 - [TEST_STEP][PASSED] - Statement - linkLogmembername = linkUserName.get(i).getText(): null

2018-09-05 18:00:37 - [TEST_STEP][PASSED] - Statement - If (linkLogmembername.equals(teamMeberName)): null

2018-09-05 18:00:37 - [TEST_STEP][PASSED] - Statement - linkLogmembername = linkUserName.get(i).getText(): null

2018-09-05 18:00:37 - [TEST_STEP][PASSED] - Statement - If (linkLogmembername.equals(teamMeberName)): null

2018-09-05 18:00:37 - [TEST_STEP][PASSED] - Statement - linkLogmembername = linkUserName.get(i).getText(): null

2018-09-05 18:00:37 - [TEST_STEP][PASSED] - Statement - If (linkLogmembername.equals(teamMeberName)): null

2018-09-05 18:00:37 - [TEST_STEP][PASSED] - Statement - linkLogmembername = linkUserName.get(i).getText(): null

2018-09-05 18:00:37 - [TEST_STEP][PASSED] - Statement - If (linkLogmembername.equals(teamMeberName)): null

2018-09-05 18:00:37 - [TEST_STEP][PASSED] - Statement - linkLogmembername = linkUserName.get(i).getText(): null

2018-09-05 18:00:37 - [TEST_STEP][PASSED] - Statement - If (linkLogmembername.equals(teamMeberName)): null

2018-09-05 18:00:37 - [TEST_STEP][PASSED] - Statement - linkLogmembername = linkUserName.get(i).getText(): null

2018-09-05 18:00:37 - [TEST_STEP][PASSED] - Statement - If (linkLogmembername.equals(teamMeberName)): null

2018-09-05 18:00:37 - [TEST_STEP][PASSED] - Statement - linkLogmembername = linkUserName.get(i).getText(): null

2018-09-05 18:00:37 - [TEST_STEP][PASSED] - Statement - If (linkLogmembername.equals(teamMeberName)): null

2018-09-05 18:00:37 - [TEST_STEP][PASSED] - Statement - linkLogmembername = linkUserName.get(i).getText(): null

2018-09-05 18:00:37 - [TEST_STEP][PASSED] - Statement - If (linkLogmembername.equals(teamMeberName)): null

2018-09-05 18:00:37 - [TEST_STEP][PASSED] - Statement - linkLogmembername = linkUserName.get(i).getText(): null

2018-09-05 18:00:37 - [TEST_STEP][PASSED] - Statement - If (linkLogmembername.equals(teamMeberName)): null

2018-09-05 18:00:37 - [TEST_STEP][PASSED] - Statement - linkLogmembername = linkUserName.get(i).getText(): null

2018-09-05 18:00:37 - [TEST_STEP][PASSED] - Statement - If (linkLogmembername.equals(teamMeberName)): null

2018-09-05 18:00:37 - [TEST_STEP][PASSED] - Statement - linkLogmembername = linkUserName.get(i).getText(): null

2018-09-05 18:00:37 - [TEST_STEP][PASSED] - Statement - If (linkLogmembername.equals(teamMeberName)): null

2018-09-05 18:00:37 - [TEST_STEP][PASSED] - Statement - linkLogmembername = linkUserName.get(i).getText(): null

2018-09-05 18:00:37 - [TEST_STEP][PASSED] - Statement - If (linkLogmembername.equals(teamMeberName)): null

2018-09-05 18:00:37 - [TEST_STEP][PASSED] - Statement - linkLogmembername = linkUserName.get(i).getText(): null

2018-09-05 18:00:37 - [TEST_STEP][PASSED] - Statement - If (linkLogmembername.equals(teamMeberName)): null

2018-09-05 18:00:37 - [TEST_STEP][PASSED] - Statement - linkLogmembername = linkUserName.get(i).getText(): null

2018-09-05 18:00:37 - [TEST_STEP][PASSED] - Statement - If (linkLogmembername.equals(teamMeberName)): null

2018-09-05 18:00:37 - [TEST_STEP][PASSED] - Statement - linkLogmembername = linkUserName.get(i).getText(): null

2018-09-05 18:00:37 - [TEST_STEP][PASSED] - Statement - If (linkLogmembername.equals(teamMeberName)): null

2018-09-05 18:00:37 - [TEST_STEP][PASSED] - Statement - linkLogmembername = linkUserName.get(i).getText(): null

2018-09-05 18:00:37 - [TEST_STEP][PASSED] - Statement - If (linkLogmembername.equals(teamMeberName)): null

2018-09-05 18:00:37 - [TEST_STEP][PASSED] - Statement - linkLogmembername = linkUserName.get(i).getText(): null

2018-09-05 18:00:37 - [TEST_STEP][PASSED] - Statement - If (linkLogmembername.equals(teamMeberName)): null

2018-09-05 18:00:37 - [TEST_STEP][PASSED] - Statement - linkLogmembername = linkUserName.get(i).getText(): null

2018-09-05 18:00:38 - [TEST_STEP][PASSED] - Statement - If (linkLogmembername.equals(teamMeberName)): null

2018-09-05 18:00:38 - [TEST_STEP][PASSED] - Statement - linkLogmembername = linkUserName.get(i).getText(): null

2018-09-05 18:00:38 - [TEST_STEP][PASSED] - Statement - If (linkLogmembername.equals(teamMeberName)): null

2018-09-05 18:00:38 - [TEST_STEP][PASSED] - Statement - linkLogmembername = linkUserName.get(i).getText(): null

2018-09-05 18:00:38 - [TEST_STEP][PASSED] - Statement - If (linkLogmembername.equals(teamMeberName)): null

2018-09-05 18:00:38 - [TEST_STEP][PASSED] - Statement - linkLogmembername = linkUserName.get(i).getText(): null

2018-09-05 18:00:38 - [TEST_STEP][PASSED] - Statement - If (linkLogmembername.equals(teamMeberName)): null

2018-09-05 18:00:38 - [TEST_STEP][PASSED] - Statement - linkLogmembername = linkUserName.get(i).getText(): null

2018-09-05 18:00:38 - [TEST_STEP][PASSED] - Statement - If (linkLogmembername.equals(teamMeberName)): null

2018-09-05 18:00:38 - [TEST_STEP][PASSED] - Statement - linkLogmembername = linkUserName.get(i).getText(): null

2018-09-05 18:00:38 - [TEST_STEP][PASSED] - Statement - If (linkLogmembername.equals(teamMeberName)): null

2018-09-05 18:00:38 - [TEST_STEP][PASSED] - Statement - linkLogmembername = linkUserName.get(i).getText(): null

2018-09-05 18:00:38 - [TEST_STEP][PASSED] - Statement - If (linkLogmembername.equals(teamMeberName)): null

2018-09-05 18:00:38 - [TEST_STEP][PASSED] - Statement - linkLogmembername = linkUserName.get(i).getText(): null

2018-09-05 18:00:38 - [TEST_STEP][PASSED] - Statement - If (linkLogmembername.equals(teamMeberName)): null

2018-09-05 18:00:38 - [TEST_STEP][PASSED] - Statement - linkLogmembername = linkUserName.get(i).getText(): null

2018-09-05 18:00:38 - [TEST_STEP][PASSED] - Statement - If (linkLogmembername.equals(teamMeberName)): null

2018-09-05 18:00:38 - [TEST_STEP][PASSED] - Statement - linkLogmembername = linkUserName.get(i).getText(): null

2018-09-05 18:00:38 - [TEST_STEP][PASSED] - Statement - If (linkLogmembername.equals(teamMeberName)): null

2018-09-05 18:00:38 - [TEST_STEP][PASSED] - Statement - linkLogmembername = linkUserName.get(i).getText(): null

2018-09-05 18:00:38 - [TEST_STEP][PASSED] - Statement - If (linkLogmembername.equals(teamMeberName)): null

2018-09-05 18:00:38 - [TEST_STEP][PASSED] - Statement - linkLogmembername = linkUserName.get(i).getText(): null

2018-09-05 18:00:38 - [TEST_STEP][PASSED] - Statement - If (linkLogmembername.equals(teamMeberName)): null

2018-09-05 18:00:38 - [TEST_STEP][PASSED] - Statement - linkLogmembername = linkUserName.get(i).getText(): null

2018-09-05 18:00:38 - [TEST_STEP][PASSED] - Statement - If (linkLogmembername.equals(teamMeberName)): null

2018-09-05 18:00:38 - [TEST_STEP][PASSED] - Statement - linkLogmembername = linkUserName.get(i).getText(): null

2018-09-05 18:00:38 - [TEST_STEP][PASSED] - Statement - If (linkLogmembername.equals(teamMeberName)): null

2018-09-05 18:00:38 - [TEST_STEP][PASSED] - Statement - linkLogmembername = linkUserName.get(i).getText(): null

2018-09-05 18:00:38 - [TEST_STEP][PASSED] - Statement - If (linkLogmembername.equals(teamMeberName)): null

2018-09-05 18:00:38 - [TEST_STEP][PASSED] - Statement - linkLogmembername = linkUserName.get(i).getText(): null

2018-09-05 18:00:38 - [TEST_STEP][PASSED] - Statement - If (linkLogmembername.equals(teamMeberName)): null

2018-09-05 18:00:38 - [TEST_STEP][PASSED] - Statement - linkLogmembername = linkUserName.get(i).getText(): null

2018-09-05 18:00:38 - [TEST_STEP][PASSED] - Statement - If (linkLogmembername.equals(teamMeberName)): null

2018-09-05 18:00:38 - [TEST_STEP][PASSED] - Statement - linkLogmembername = linkUserName.get(i).getText(): null

2018-09-05 18:00:38 - [TEST_STEP][PASSED] - Statement - If (linkLogmembername.equals(teamMeberName)): null

2018-09-05 18:00:38 - [TEST_STEP][PASSED] - Statement - linkLogmembername = linkUserName.get(i).getText(): null

2018-09-05 18:00:38 - [TEST_STEP][PASSED] - Statement - If (linkLogmembername.equals(teamMeberName)): null

2018-09-05 18:00:38 - [TEST_STEP][PASSED] - Statement - linkLogmembername = linkUserName.get(i).getText(): null

2018-09-05 18:00:38 - [TEST_STEP][PASSED] - Statement - If (linkLogmembername.equals(teamMeberName)): null

2018-09-05 18:00:38 - [TEST_STEP][PASSED] - Statement - js = driver: null

2018-09-05 18:00:38 - [TEST_STEP][PASSED] - Statement - js.executeScript("window.open();"): null

2018-09-05 18:00:38 - [TEST_STEP][PASSED] - Statement - currentWindow = com.kms.katalon.core.webui.keyword.WebUiBuiltInKeywords.getWindowIndex(): Current window's index is: 0

2018-09-05 18:00:38 - [MESSAGE][PASSED] - Current window's index is: 0

2018-09-05 18:00:38 - [TEST_STEP][PASSED] - switchToWindowIndex: Switched to window with index: '1'

2018-09-05 18:00:38 - [MESSAGE][PASSED] - Switched to window with index: '1'

2018-09-05 18:00:38 - [TEST_STEP][PASSED] - navigateToUrl: Navigate to 'https://dev.vcalling.in/url/UAT/?id=UAT-1-528' successfully

2018-09-05 18:00:41 - [MESSAGE][PASSED] - Navigate to 'https://dev.vcalling.in/url/UAT/?id=UAT-1-528' successfully

2018-09-05 18:00:41 - [TEST_STEP][PASSED] - Statement - currentTab = com.kms.katalon.core.webui.keyword.WebUiBuiltInKeywords.getWindowIndex(): Current window's index is: 1

2018-09-05 18:00:41 - [MESSAGE][PASSED] - Current window's index is: 1]]></system-out>
         <system-err><![CDATA[]]></system-err>
      </testcase>
      <testcase name="Test Cases/completed/TestCase2_Link Genrator Short link/LinkGenrateThroughNumber" classname="Test Cases/completed/TestCase2_Link Genrator Short link/LinkGenrateThroughNumber" status="PASSED">
         <system-out><![CDATA[2018-09-05 18:00:41 - [TEST_CASE][PASSED] - Test Cases/completed/TestCase2_Link Genrator Short link/LinkGenrateThroughNumber: Test Cases/completed/TestCase2_Link Genrator Short link/LinkGenrateThroughNumber

2018-09-05 18:00:41 - [TEST_STEP][PASSED] - callTestCase: Call Test Case 'Test Cases/BVT/aSimple_Login' successfully

2018-09-05 18:00:41 - [TEST_CASE][PASSED] - Test Cases/BVT/aSimple_Login: Test Cases/BVT/aSimple_Login

2018-09-05 18:00:41 - [TEST_STEP][PASSED] - openBrowser: Browser is opened with url: ''

2018-09-05 18:00:41 - [MESSAGE][WARNING] - A browser is already opened. Closing browser and opening a new one

2018-09-05 18:00:45 - [MESSAGE][PASSED] - Browser is opened with url: ''

2018-09-05 18:00:45 - [TEST_STEP][PASSED] - maximizeWindow: Current window maximized

2018-09-05 18:00:46 - [MESSAGE][PASSED] - Current window maximized

2018-09-05 18:00:46 - [TEST_STEP][PASSED] - navigateToUrl: Navigate to 'https://dev.vcalling.in/enterprises/UAT/Dashboard/index.html' successfully

2018-09-05 18:00:50 - [MESSAGE][PASSED] - Navigate to 'https://dev.vcalling.in/enterprises/UAT/Dashboard/index.html' successfully

2018-09-05 18:00:50 - [TEST_STEP][PASSED] - setText: Text 'testing4dea@gmail.com' is set on object 'Object Repository/Login/UserId'

2018-09-05 18:00:51 - [MESSAGE][PASSED] - Text 'testing4dea@gmail.com' is set on object 'Object Repository/Login/UserId'

2018-09-05 18:00:51 - [TEST_STEP][PASSED] - click: Object: 'Object Repository/Login/div_GET OTP' is clicked on

2018-09-05 18:00:51 - [MESSAGE][PASSED] - Object: 'Object Repository/Login/div_GET OTP' is clicked on

2018-09-05 18:00:51 - [TEST_STEP][PASSED] - waitForElementPresent: Object 'Object Repository/Login/div_SUBMIT' is present

2018-09-05 18:00:52 - [MESSAGE][PASSED] - Object 'Object Repository/Login/div_SUBMIT' is present

2018-09-05 18:00:52 - [TEST_STEP][PASSED] - Statement - If (com.kms.katalon.core.webui.keyword.WebUiBuiltInKeywords.verifyElementNotPresent(com.kms.katalon.core.testobject.ObjectRepository.findTestObject(Login/div_SUBMIT), 5, OPTIONAL)): Web element with id: 'Object Repository/Login/div_SUBMIT' located by 'By.xpath: //div[(text() = ' SUBMIT ' or . = ' SUBMIT ')]' is present after '5' second(s)

2018-09-05 18:00:58 - [MESSAGE][WARNING] - Web element with id: 'Object Repository/Login/div_SUBMIT' located by 'By.xpath: //div[(text() = ' SUBMIT ' or . = ' SUBMIT ')]' is present after '5' second(s)
[[ATTACHMENT|C:\\Users\\User\\Desktop\\Katalon Studio\\Katalon Studio\\vCallingDashboard\\Reports\\RegressionSuite\\20180905_175530\\1536150658072.png]]

2018-09-05 18:00:58 - [TEST_STEP][PASSED] - Statement - sleep(5000): null

2018-09-05 18:01:03 - [TEST_STEP][PASSED] - Statement - OTP = getOTP(): null

2018-09-05 18:01:03 - [TEST_STEP][PASSED] - Statement - host = "imap.gmail.com": null

2018-09-05 18:01:03 - [TEST_STEP][PASSED] - Statement - msg = <not implemented yet for class: org.codehaus.groovy.ast.expr.EmptyExpression>: null

2018-09-05 18:01:03 - [TEST_STEP][PASSED] - Statement - msgSub = <not implemented yet for class: org.codehaus.groovy.ast.expr.EmptyExpression>: null

2018-09-05 18:01:03 - [TEST_STEP][PASSED] - Statement - OTP = "unavailable": null

2018-09-05 18:01:03 - [TEST_STEP][PASSED] - Statement - props = new java.util.Properties(): null

2018-09-05 18:01:03 - [TEST_STEP][PASSED] - Statement - props.setProperty("mail.imap.ssl.enable", "true"): null

2018-09-05 18:01:03 - [TEST_STEP][PASSED] - Statement - session = javax.mail.Session.getInstance(props): null

2018-09-05 18:01:03 - [TEST_STEP][PASSED] - Statement - store = <not implemented yet for class: org.codehaus.groovy.ast.expr.EmptyExpression>: null

2018-09-05 18:01:03 - [TEST_STEP][PASSED] - Statement - Try: null

2018-09-05 18:01:03 - [TEST_STEP][PASSED] - Statement - store = session.getStore("imap"): null

2018-09-05 18:01:03 - [TEST_STEP][PASSED] - Statement - store.connect(host, Email, Password): null

2018-09-05 18:01:05 - [TEST_STEP][PASSED] - Statement - emailFolder = store.getFolder("INBOX"): null

2018-09-05 18:01:05 - [TEST_STEP][PASSED] - Statement - emailFolder.open(READ_WRITE): null

2018-09-05 18:01:05 - [TEST_STEP][PASSED] - Statement - messages = emailFolder.getMessages(): null

2018-09-05 18:01:05 - [TEST_STEP][PASSED] - Statement - n = length: null

2018-09-05 18:01:05 - [TEST_STEP][PASSED] - Statement - message = messages[n - 1]: null

2018-09-05 18:01:05 - [TEST_STEP][PASSED] - Statement - msgSub = message.getSubject(): null

2018-09-05 18:01:05 - [TEST_STEP][PASSED] - Statement - If (msgSub.equals("OTP to Sign In")): null

2018-09-05 18:01:05 - [TEST_STEP][PASSED] - Statement - msg = message.getContent().toString(): null

2018-09-05 18:01:06 - [TEST_STEP][PASSED] - Statement - OTP = msg.substring(msg.length() - 7): null

2018-09-05 18:01:06 - [TEST_STEP][PASSED] - Statement - message.setFlag(DELETED, true): null

2018-09-05 18:01:07 - [TEST_STEP][PASSED] - Statement - emailFolder.close(true): null

2018-09-05 18:01:07 - [TEST_STEP][PASSED] - Statement - store.close(): null

2018-09-05 18:01:07 - [TEST_STEP][PASSED] - Statement - return OTP: null

2018-09-05 18:01:07 - [TEST_STEP][PASSED] - Statement - If (OTP.equals("unavailable")): null

2018-09-05 18:01:07 - [TEST_STEP][PASSED] - Statement - Else: Text 'l4656
' is set on object 'Object Repository/Login/OtpInput'

2018-09-05 18:01:07 - [TEST_STEP][PASSED] - setText: Text 'l4656
' is set on object 'Object Repository/Login/OtpInput'

2018-09-05 18:01:08 - [MESSAGE][PASSED] - Text 'l4656
' is set on object 'Object Repository/Login/OtpInput'

2018-09-05 18:01:08 - [TEST_STEP][PASSED] - verifyElementPresent: Object 'Object Repository/Login/afterOpenDisplay' is present

2018-09-05 18:01:09 - [MESSAGE][PASSED] - Object 'Object Repository/Login/afterOpenDisplay' is present

2018-09-05 18:01:09 - [MESSAGE][PASSED] - Call Test Case 'Test Cases/BVT/aSimple_Login' successfully

2018-09-05 18:01:09 - [TEST_STEP][PASSED] - Statement - driver = com.kms.katalon.core.webui.driver.DriverFactory.getWebDriver(): null

2018-09-05 18:01:09 - [TEST_STEP][PASSED] - click: Object: 'Object Repository/Dashboard_Link Generator/linkgeneratorIcon' is clicked on

2018-09-05 18:01:09 - [MESSAGE][PASSED] - Object: 'Object Repository/Dashboard_Link Generator/linkgeneratorIcon' is clicked on

2018-09-05 18:01:09 - [TEST_STEP][PASSED] - Statement - number = CustomKeywords.phoneNumbers.contactNumbers.randomString(9): phoneNumbers.contactNumbers.randomString is PASSED

2018-09-05 18:01:09 - [MESSAGE][PASSED] - phoneNumbers.contactNumbers.randomString is PASSED

2018-09-05 18:01:09 - [TEST_STEP][PASSED] - Statement - Mobile_Number = number: null

2018-09-05 18:01:09 - [TEST_STEP][PASSED] - setText: Text '7193325621' is set on object 'Object Repository/Dashboard_Link Generator/contactNumber'

2018-09-05 18:01:10 - [MESSAGE][PASSED] - Text '7193325621' is set on object 'Object Repository/Dashboard_Link Generator/contactNumber'

2018-09-05 18:01:10 - [TEST_STEP][PASSED] - click: Object: 'Object Repository/Dashboard_Link Generator/div_GET LINK' is clicked on

2018-09-05 18:01:10 - [MESSAGE][PASSED] - Object: 'Object Repository/Dashboard_Link Generator/div_GET LINK' is clicked on

2018-09-05 18:01:10 - [TEST_STEP][PASSED] - Statement - getLink = com.kms.katalon.core.webui.keyword.WebUiBuiltInKeywords.getAttribute(com.kms.katalon.core.testobject.ObjectRepository.findTestObject(Dashboard_Link Generator/shortLinkUrlCopy), "value"): Attribute 'value' of object 'Object Repository/Dashboard_Link Generator/shortLinkUrlCopy' is: 'https://dev.vcalling.in/url/UAT/?id=UAT-1-529'

2018-09-05 18:01:10 - [MESSAGE][PASSED] - Attribute 'value' of object 'Object Repository/Dashboard_Link Generator/shortLinkUrlCopy' is: 'https://dev.vcalling.in/url/UAT/?id=UAT-1-529'

2018-09-05 18:01:10 - [TEST_STEP][PASSED] - Statement - println(getLink): null

2018-09-05 18:01:10 - [TEST_STEP][PASSED] - delay: Delayed 2 second(s)

2018-09-05 18:01:12 - [MESSAGE][PASSED] - Delayed 2 second(s)

2018-09-05 18:01:12 - [TEST_STEP][PASSED] - click: Object: 'Object Repository/Dashboard_Link Generator/shortLinkCOpy' is clicked on

2018-09-05 18:01:13 - [MESSAGE][PASSED] - Object: 'Object Repository/Dashboard_Link Generator/shortLinkCOpy' is clicked on

2018-09-05 18:01:13 - [TEST_STEP][PASSED] - delay: Delayed 2 second(s)

2018-09-05 18:01:15 - [MESSAGE][PASSED] - Delayed 2 second(s)

2018-09-05 18:01:15 - [TEST_STEP][PASSED] - click: Object: 'Object Repository/Dashboard_Link Generator/linkCopyShort' is clicked on

2018-09-05 18:01:15 - [MESSAGE][PASSED] - Object: 'Object Repository/Dashboard_Link Generator/linkCopyShort' is clicked on

2018-09-05 18:01:15 - [TEST_STEP][PASSED] - Statement - If (com.kms.katalon.core.webui.keyword.WebUiBuiltInKeywords.verifyElementPresent(com.kms.katalon.core.testobject.ObjectRepository.findTestObject(Dashboard_Link Generator/validation), 5, OPTIONAL)): null

2018-09-05 18:01:15 - [MESSAGE][PASSED] - Object 'Object Repository/Dashboard_Link Generator/validation' is present

2018-09-05 18:01:15 - [TEST_STEP][PASSED] - Statement - validationMessage = com.kms.katalon.core.webui.keyword.WebUiBuiltInKeywords.getText(com.kms.katalon.core.testobject.ObjectRepository.findTestObject(Dashboard_Link Generator/validation)): Text of object 'Object Repository/Dashboard_Link Generator/validation' is: 'Short Link Copied.!'

2018-09-05 18:01:15 - [MESSAGE][PASSED] - Text of object 'Object Repository/Dashboard_Link Generator/validation' is: 'Short Link Copied.!'

2018-09-05 18:01:15 - [TEST_STEP][PASSED] - verifyMatch: Actual text 'Short Link Copied.!' and expected text 'Short Link Copied.!' are matched 

2018-09-05 18:01:15 - [MESSAGE][PASSED] - Actual text 'Short Link Copied.!' and expected text 'Short Link Copied.!' are matched 

2018-09-05 18:01:15 - [TEST_STEP][PASSED] - Statement - println("successful"): null

2018-09-05 18:01:15 - [TEST_STEP][PASSED] - delay: Delayed 5 second(s)

2018-09-05 18:01:20 - [MESSAGE][PASSED] - Delayed 5 second(s)

2018-09-05 18:01:20 - [TEST_STEP][PASSED] - Statement - linkUserName = driver.findElements(org.openqa.selenium.By.className("text-link-log")): null

2018-09-05 18:01:20 - [TEST_STEP][PASSED] - Statement - previousCountValue = 0: null

2018-09-05 18:01:20 - [TEST_STEP][PASSED] - Statement - For ([i = 0, i < linkUserName.size(), (i++)]): null

2018-09-05 18:01:20 - [TEST_STEP][PASSED] - Statement - linkLogmembername = linkUserName.get(i).getText(): null

2018-09-05 18:01:20 - [TEST_STEP][PASSED] - Statement - If (linkLogmembername.equals(teamMeberName)): null

2018-09-05 18:01:20 - [TEST_STEP][PASSED] - Statement - linkLogmembername = linkUserName.get(i).getText(): null

2018-09-05 18:01:20 - [TEST_STEP][PASSED] - Statement - If (linkLogmembername.equals(teamMeberName)): null

2018-09-05 18:01:20 - [TEST_STEP][PASSED] - Statement - linkLogmembername = linkUserName.get(i).getText(): null

2018-09-05 18:01:20 - [TEST_STEP][PASSED] - Statement - If (linkLogmembername.equals(teamMeberName)): null

2018-09-05 18:01:20 - [TEST_STEP][PASSED] - Statement - linkLogmembername = linkUserName.get(i).getText(): null

2018-09-05 18:01:20 - [TEST_STEP][PASSED] - Statement - If (linkLogmembername.equals(teamMeberName)): null

2018-09-05 18:01:20 - [TEST_STEP][PASSED] - Statement - linkLogmembername = linkUserName.get(i).getText(): null

2018-09-05 18:01:20 - [TEST_STEP][PASSED] - Statement - If (linkLogmembername.equals(teamMeberName)): null

2018-09-05 18:01:20 - [TEST_STEP][PASSED] - Statement - linkLogmembername = linkUserName.get(i).getText(): null

2018-09-05 18:01:20 - [TEST_STEP][PASSED] - Statement - If (linkLogmembername.equals(teamMeberName)): null

2018-09-05 18:01:20 - [TEST_STEP][PASSED] - Statement - linkLogmembername = linkUserName.get(i).getText(): null

2018-09-05 18:01:20 - [TEST_STEP][PASSED] - Statement - If (linkLogmembername.equals(teamMeberName)): null

2018-09-05 18:01:20 - [TEST_STEP][PASSED] - Statement - linkLogmembername = linkUserName.get(i).getText(): null

2018-09-05 18:01:20 - [TEST_STEP][PASSED] - Statement - If (linkLogmembername.equals(teamMeberName)): null

2018-09-05 18:01:20 - [TEST_STEP][PASSED] - Statement - linkLogmembername = linkUserName.get(i).getText(): null

2018-09-05 18:01:20 - [TEST_STEP][PASSED] - Statement - If (linkLogmembername.equals(teamMeberName)): null

2018-09-05 18:01:20 - [TEST_STEP][PASSED] - Statement - linkLogmembername = linkUserName.get(i).getText(): null

2018-09-05 18:01:20 - [TEST_STEP][PASSED] - Statement - If (linkLogmembername.equals(teamMeberName)): null

2018-09-05 18:01:20 - [TEST_STEP][PASSED] - Statement - linkLogmembername = linkUserName.get(i).getText(): null

2018-09-05 18:01:20 - [TEST_STEP][PASSED] - Statement - If (linkLogmembername.equals(teamMeberName)): null

2018-09-05 18:01:20 - [TEST_STEP][PASSED] - Statement - linkLogmembername = linkUserName.get(i).getText(): null

2018-09-05 18:01:20 - [TEST_STEP][PASSED] - Statement - If (linkLogmembername.equals(teamMeberName)): null

2018-09-05 18:01:20 - [TEST_STEP][PASSED] - Statement - linkLogmembername = linkUserName.get(i).getText(): null

2018-09-05 18:01:20 - [TEST_STEP][PASSED] - Statement - If (linkLogmembername.equals(teamMeberName)): null

2018-09-05 18:01:20 - [TEST_STEP][PASSED] - Statement - out.println("Admin Console: " + linkLogmembername): null

2018-09-05 18:01:20 - [TEST_STEP][PASSED] - Statement - linkLogmembername = linkUserName.get(i).getText(): null

2018-09-05 18:01:20 - [TEST_STEP][PASSED] - Statement - If (linkLogmembername.equals(teamMeberName)): null

2018-09-05 18:01:20 - [TEST_STEP][PASSED] - Statement - linkLogmembername = linkUserName.get(i).getText(): null

2018-09-05 18:01:20 - [TEST_STEP][PASSED] - Statement - If (linkLogmembername.equals(teamMeberName)): null

2018-09-05 18:01:20 - [TEST_STEP][PASSED] - Statement - linkLogmembername = linkUserName.get(i).getText(): null

2018-09-05 18:01:20 - [TEST_STEP][PASSED] - Statement - If (linkLogmembername.equals(teamMeberName)): null

2018-09-05 18:01:20 - [TEST_STEP][PASSED] - Statement - linkLogmembername = linkUserName.get(i).getText(): null

2018-09-05 18:01:21 - [TEST_STEP][PASSED] - Statement - If (linkLogmembername.equals(teamMeberName)): null

2018-09-05 18:01:21 - [TEST_STEP][PASSED] - Statement - linkLogmembername = linkUserName.get(i).getText(): null

2018-09-05 18:01:21 - [TEST_STEP][PASSED] - Statement - If (linkLogmembername.equals(teamMeberName)): null

2018-09-05 18:01:21 - [TEST_STEP][PASSED] - Statement - linkLogmembername = linkUserName.get(i).getText(): null

2018-09-05 18:01:21 - [TEST_STEP][PASSED] - Statement - If (linkLogmembername.equals(teamMeberName)): null

2018-09-05 18:01:21 - [TEST_STEP][PASSED] - Statement - linkLogmembername = linkUserName.get(i).getText(): null

2018-09-05 18:01:21 - [TEST_STEP][PASSED] - Statement - If (linkLogmembername.equals(teamMeberName)): null

2018-09-05 18:01:21 - [TEST_STEP][PASSED] - Statement - linkLogmembername = linkUserName.get(i).getText(): null

2018-09-05 18:01:21 - [TEST_STEP][PASSED] - Statement - If (linkLogmembername.equals(teamMeberName)): null

2018-09-05 18:01:21 - [TEST_STEP][PASSED] - Statement - linkLogmembername = linkUserName.get(i).getText(): null

2018-09-05 18:01:21 - [TEST_STEP][PASSED] - Statement - If (linkLogmembername.equals(teamMeberName)): null

2018-09-05 18:01:21 - [TEST_STEP][PASSED] - Statement - linkLogmembername = linkUserName.get(i).getText(): null

2018-09-05 18:01:21 - [TEST_STEP][PASSED] - Statement - If (linkLogmembername.equals(teamMeberName)): null

2018-09-05 18:01:21 - [TEST_STEP][PASSED] - Statement - linkLogmembername = linkUserName.get(i).getText(): null

2018-09-05 18:01:21 - [TEST_STEP][PASSED] - Statement - If (linkLogmembername.equals(teamMeberName)): null

2018-09-05 18:01:21 - [TEST_STEP][PASSED] - Statement - linkLogmembername = linkUserName.get(i).getText(): null

2018-09-05 18:01:21 - [TEST_STEP][PASSED] - Statement - If (linkLogmembername.equals(teamMeberName)): null

2018-09-05 18:01:21 - [TEST_STEP][PASSED] - Statement - linkLogmembername = linkUserName.get(i).getText(): null

2018-09-05 18:01:21 - [TEST_STEP][PASSED] - Statement - If (linkLogmembername.equals(teamMeberName)): null

2018-09-05 18:01:21 - [TEST_STEP][PASSED] - Statement - linkLogmembername = linkUserName.get(i).getText(): null

2018-09-05 18:01:21 - [TEST_STEP][PASSED] - Statement - If (linkLogmembername.equals(teamMeberName)): null

2018-09-05 18:01:21 - [TEST_STEP][PASSED] - Statement - linkLogmembername = linkUserName.get(i).getText(): null

2018-09-05 18:01:21 - [TEST_STEP][PASSED] - Statement - If (linkLogmembername.equals(teamMeberName)): null

2018-09-05 18:01:21 - [TEST_STEP][PASSED] - Statement - linkLogmembername = linkUserName.get(i).getText(): null

2018-09-05 18:01:21 - [TEST_STEP][PASSED] - Statement - If (linkLogmembername.equals(teamMeberName)): null

2018-09-05 18:01:21 - [TEST_STEP][PASSED] - Statement - linkLogmembername = linkUserName.get(i).getText(): null

2018-09-05 18:01:21 - [TEST_STEP][PASSED] - Statement - If (linkLogmembername.equals(teamMeberName)): null

2018-09-05 18:01:21 - [TEST_STEP][PASSED] - Statement - linkLogmembername = linkUserName.get(i).getText(): null

2018-09-05 18:01:21 - [TEST_STEP][PASSED] - Statement - If (linkLogmembername.equals(teamMeberName)): null

2018-09-05 18:01:21 - [TEST_STEP][PASSED] - Statement - linkLogmembername = linkUserName.get(i).getText(): null

2018-09-05 18:01:21 - [TEST_STEP][PASSED] - Statement - If (linkLogmembername.equals(teamMeberName)): null

2018-09-05 18:01:21 - [TEST_STEP][PASSED] - Statement - linkLogmembername = linkUserName.get(i).getText(): null

2018-09-05 18:01:21 - [TEST_STEP][PASSED] - Statement - If (linkLogmembername.equals(teamMeberName)): null

2018-09-05 18:01:21 - [TEST_STEP][PASSED] - Statement - linkLogmembername = linkUserName.get(i).getText(): null

2018-09-05 18:01:21 - [TEST_STEP][PASSED] - Statement - If (linkLogmembername.equals(teamMeberName)): null

2018-09-05 18:01:21 - [TEST_STEP][PASSED] - Statement - linkLogmembername = linkUserName.get(i).getText(): null

2018-09-05 18:01:21 - [TEST_STEP][PASSED] - Statement - If (linkLogmembername.equals(teamMeberName)): null

2018-09-05 18:01:21 - [TEST_STEP][PASSED] - Statement - linkLogmembername = linkUserName.get(i).getText(): null

2018-09-05 18:01:21 - [TEST_STEP][PASSED] - Statement - If (linkLogmembername.equals(teamMeberName)): null

2018-09-05 18:01:21 - [TEST_STEP][PASSED] - Statement - linkLogmembername = linkUserName.get(i).getText(): null

2018-09-05 18:01:21 - [TEST_STEP][PASSED] - Statement - If (linkLogmembername.equals(teamMeberName)): null

2018-09-05 18:01:21 - [TEST_STEP][PASSED] - Statement - linkLogmembername = linkUserName.get(i).getText(): null

2018-09-05 18:01:21 - [TEST_STEP][PASSED] - Statement - If (linkLogmembername.equals(teamMeberName)): null

2018-09-05 18:01:21 - [TEST_STEP][PASSED] - Statement - linkLogmembername = linkUserName.get(i).getText(): null

2018-09-05 18:01:21 - [TEST_STEP][PASSED] - Statement - If (linkLogmembername.equals(teamMeberName)): null

2018-09-05 18:01:21 - [TEST_STEP][PASSED] - Statement - linkLogmembername = linkUserName.get(i).getText(): null

2018-09-05 18:01:21 - [TEST_STEP][PASSED] - Statement - If (linkLogmembername.equals(teamMeberName)): null

2018-09-05 18:01:21 - [TEST_STEP][PASSED] - Statement - linkLogmembername = linkUserName.get(i).getText(): null

2018-09-05 18:01:21 - [TEST_STEP][PASSED] - Statement - If (linkLogmembername.equals(teamMeberName)): null

2018-09-05 18:01:21 - [TEST_STEP][PASSED] - Statement - linkLogmembername = linkUserName.get(i).getText(): null

2018-09-05 18:01:22 - [TEST_STEP][PASSED] - Statement - If (linkLogmembername.equals(teamMeberName)): null

2018-09-05 18:01:22 - [TEST_STEP][PASSED] - Statement - linkLogmembername = linkUserName.get(i).getText(): null

2018-09-05 18:01:22 - [TEST_STEP][PASSED] - Statement - If (linkLogmembername.equals(teamMeberName)): null

2018-09-05 18:01:22 - [TEST_STEP][PASSED] - Statement - linkLogmembername = linkUserName.get(i).getText(): null

2018-09-05 18:01:22 - [TEST_STEP][PASSED] - Statement - If (linkLogmembername.equals(teamMeberName)): null

2018-09-05 18:01:22 - [TEST_STEP][PASSED] - Statement - linkLogmembername = linkUserName.get(i).getText(): null

2018-09-05 18:01:22 - [TEST_STEP][PASSED] - Statement - If (linkLogmembername.equals(teamMeberName)): null

2018-09-05 18:01:22 - [TEST_STEP][PASSED] - Statement - linkLogmembername = linkUserName.get(i).getText(): null

2018-09-05 18:01:22 - [TEST_STEP][PASSED] - Statement - If (linkLogmembername.equals(teamMeberName)): null

2018-09-05 18:01:22 - [TEST_STEP][PASSED] - Statement - linkLogmembername = linkUserName.get(i).getText(): null

2018-09-05 18:01:22 - [TEST_STEP][PASSED] - Statement - If (linkLogmembername.equals(teamMeberName)): null

2018-09-05 18:01:22 - [TEST_STEP][PASSED] - Statement - linkLogmembername = linkUserName.get(i).getText(): null

2018-09-05 18:01:22 - [TEST_STEP][PASSED] - Statement - If (linkLogmembername.equals(teamMeberName)): null

2018-09-05 18:01:22 - [TEST_STEP][PASSED] - Statement - linkLogmembername = linkUserName.get(i).getText(): null

2018-09-05 18:01:22 - [TEST_STEP][PASSED] - Statement - If (linkLogmembername.equals(teamMeberName)): null

2018-09-05 18:01:22 - [TEST_STEP][PASSED] - Statement - linkLogmembername = linkUserName.get(i).getText(): null

2018-09-05 18:01:22 - [TEST_STEP][PASSED] - Statement - If (linkLogmembername.equals(teamMeberName)): null

2018-09-05 18:01:22 - [TEST_STEP][PASSED] - Statement - linkLogmembername = linkUserName.get(i).getText(): null

2018-09-05 18:01:22 - [TEST_STEP][PASSED] - Statement - If (linkLogmembername.equals(teamMeberName)): null

2018-09-05 18:01:22 - [TEST_STEP][PASSED] - Statement - linkLogmembername = linkUserName.get(i).getText(): null

2018-09-05 18:01:22 - [TEST_STEP][PASSED] - Statement - If (linkLogmembername.equals(teamMeberName)): null

2018-09-05 18:01:22 - [TEST_STEP][PASSED] - Statement - linkLogmembername = linkUserName.get(i).getText(): null

2018-09-05 18:01:22 - [TEST_STEP][PASSED] - Statement - If (linkLogmembername.equals(teamMeberName)): null

2018-09-05 18:01:22 - [TEST_STEP][PASSED] - Statement - linkLogmembername = linkUserName.get(i).getText(): null

2018-09-05 18:01:22 - [TEST_STEP][PASSED] - Statement - If (linkLogmembername.equals(teamMeberName)): null

2018-09-05 18:01:22 - [TEST_STEP][PASSED] - Statement - linkLogmembername = linkUserName.get(i).getText(): null

2018-09-05 18:01:22 - [TEST_STEP][PASSED] - Statement - If (linkLogmembername.equals(teamMeberName)): null

2018-09-05 18:01:22 - [TEST_STEP][PASSED] - Statement - linkLogmembername = linkUserName.get(i).getText(): null

2018-09-05 18:01:22 - [TEST_STEP][PASSED] - Statement - If (linkLogmembername.equals(teamMeberName)): null

2018-09-05 18:01:22 - [TEST_STEP][PASSED] - Statement - linkLogmembername = linkUserName.get(i).getText(): null

2018-09-05 18:01:22 - [TEST_STEP][PASSED] - Statement - If (linkLogmembername.equals(teamMeberName)): null

2018-09-05 18:01:22 - [TEST_STEP][PASSED] - Statement - js = driver: null

2018-09-05 18:01:22 - [TEST_STEP][PASSED] - Statement - js.executeScript("window.open();"): null

2018-09-05 18:01:22 - [TEST_STEP][PASSED] - Statement - currentWindow = com.kms.katalon.core.webui.keyword.WebUiBuiltInKeywords.getWindowIndex(): Current window's index is: 0

2018-09-05 18:01:22 - [MESSAGE][PASSED] - Current window's index is: 0

2018-09-05 18:01:22 - [TEST_STEP][PASSED] - switchToWindowIndex: Switched to window with index: '1'

2018-09-05 18:01:22 - [MESSAGE][PASSED] - Switched to window with index: '1'

2018-09-05 18:01:22 - [TEST_STEP][PASSED] - navigateToUrl: Navigate to 'https://dev.vcalling.in/url/UAT/?id=UAT-1-529' successfully

2018-09-05 18:01:25 - [MESSAGE][PASSED] - Navigate to 'https://dev.vcalling.in/url/UAT/?id=UAT-1-529' successfully

2018-09-05 18:01:25 - [TEST_STEP][PASSED] - Statement - currentTab = com.kms.katalon.core.webui.keyword.WebUiBuiltInKeywords.getWindowIndex(): Current window's index is: 1

2018-09-05 18:01:25 - [MESSAGE][PASSED] - Current window's index is: 1]]></system-out>
         <system-err><![CDATA[]]></system-err>
      </testcase>
      <testcase name="Test Cases/completed/TestCase2_Link Genrator Short link/linkGenratetThroughMail" classname="Test Cases/completed/TestCase2_Link Genrator Short link/linkGenratetThroughMail" status="PASSED">
         <system-out><![CDATA[2018-09-05 18:01:25 - [TEST_CASE][PASSED] - Test Cases/completed/TestCase2_Link Genrator Short link/linkGenratetThroughMail: Test Cases/completed/TestCase2_Link Genrator Short link/linkGenratetThroughMail

2018-09-05 18:01:26 - [TEST_STEP][PASSED] - callTestCase: Call Test Case 'Test Cases/BVT/aSimple_Login' successfully

2018-09-05 18:01:26 - [TEST_CASE][PASSED] - Test Cases/BVT/aSimple_Login: Test Cases/BVT/aSimple_Login

2018-09-05 18:01:26 - [TEST_STEP][PASSED] - openBrowser: Browser is opened with url: ''

2018-09-05 18:01:26 - [MESSAGE][WARNING] - A browser is already opened. Closing browser and opening a new one

2018-09-05 18:01:29 - [MESSAGE][PASSED] - Browser is opened with url: ''

2018-09-05 18:01:29 - [TEST_STEP][PASSED] - maximizeWindow: Current window maximized

2018-09-05 18:01:30 - [MESSAGE][PASSED] - Current window maximized

2018-09-05 18:01:30 - [TEST_STEP][PASSED] - navigateToUrl: Navigate to 'https://dev.vcalling.in/enterprises/UAT/Dashboard/index.html' successfully

2018-09-05 18:01:34 - [MESSAGE][PASSED] - Navigate to 'https://dev.vcalling.in/enterprises/UAT/Dashboard/index.html' successfully

2018-09-05 18:01:34 - [TEST_STEP][PASSED] - setText: Text 'testing4dea@gmail.com' is set on object 'Object Repository/Login/UserId'

2018-09-05 18:01:34 - [MESSAGE][PASSED] - Text 'testing4dea@gmail.com' is set on object 'Object Repository/Login/UserId'

2018-09-05 18:01:34 - [TEST_STEP][PASSED] - click: Object: 'Object Repository/Login/div_GET OTP' is clicked on

2018-09-05 18:01:35 - [MESSAGE][PASSED] - Object: 'Object Repository/Login/div_GET OTP' is clicked on

2018-09-05 18:01:35 - [TEST_STEP][PASSED] - waitForElementPresent: Object 'Object Repository/Login/div_SUBMIT' is present

2018-09-05 18:01:36 - [MESSAGE][PASSED] - Object 'Object Repository/Login/div_SUBMIT' is present

2018-09-05 18:01:36 - [TEST_STEP][PASSED] - Statement - If (com.kms.katalon.core.webui.keyword.WebUiBuiltInKeywords.verifyElementNotPresent(com.kms.katalon.core.testobject.ObjectRepository.findTestObject(Login/div_SUBMIT), 5, OPTIONAL)): Web element with id: 'Object Repository/Login/div_SUBMIT' located by 'By.xpath: //div[(text() = ' SUBMIT ' or . = ' SUBMIT ')]' is present after '5' second(s)

2018-09-05 18:01:42 - [MESSAGE][WARNING] - Web element with id: 'Object Repository/Login/div_SUBMIT' located by 'By.xpath: //div[(text() = ' SUBMIT ' or . = ' SUBMIT ')]' is present after '5' second(s)
[[ATTACHMENT|C:\\Users\\User\\Desktop\\Katalon Studio\\Katalon Studio\\vCallingDashboard\\Reports\\RegressionSuite\\20180905_175530\\1536150701807.png]]

2018-09-05 18:01:42 - [TEST_STEP][PASSED] - Statement - sleep(5000): null

2018-09-05 18:01:47 - [TEST_STEP][PASSED] - Statement - OTP = getOTP(): null

2018-09-05 18:01:47 - [TEST_STEP][PASSED] - Statement - host = "imap.gmail.com": null

2018-09-05 18:01:47 - [TEST_STEP][PASSED] - Statement - msg = <not implemented yet for class: org.codehaus.groovy.ast.expr.EmptyExpression>: null

2018-09-05 18:01:47 - [TEST_STEP][PASSED] - Statement - msgSub = <not implemented yet for class: org.codehaus.groovy.ast.expr.EmptyExpression>: null

2018-09-05 18:01:47 - [TEST_STEP][PASSED] - Statement - OTP = "unavailable": null

2018-09-05 18:01:47 - [TEST_STEP][PASSED] - Statement - props = new java.util.Properties(): null

2018-09-05 18:01:47 - [TEST_STEP][PASSED] - Statement - props.setProperty("mail.imap.ssl.enable", "true"): null

2018-09-05 18:01:47 - [TEST_STEP][PASSED] - Statement - session = javax.mail.Session.getInstance(props): null

2018-09-05 18:01:47 - [TEST_STEP][PASSED] - Statement - store = <not implemented yet for class: org.codehaus.groovy.ast.expr.EmptyExpression>: null

2018-09-05 18:01:47 - [TEST_STEP][PASSED] - Statement - Try: null

2018-09-05 18:01:47 - [TEST_STEP][PASSED] - Statement - store = session.getStore("imap"): null

2018-09-05 18:01:47 - [TEST_STEP][PASSED] - Statement - store.connect(host, Email, Password): null

2018-09-05 18:01:49 - [TEST_STEP][PASSED] - Statement - emailFolder = store.getFolder("INBOX"): null

2018-09-05 18:01:49 - [TEST_STEP][PASSED] - Statement - emailFolder.open(READ_WRITE): null

2018-09-05 18:01:49 - [TEST_STEP][PASSED] - Statement - messages = emailFolder.getMessages(): null

2018-09-05 18:01:49 - [TEST_STEP][PASSED] - Statement - n = length: null

2018-09-05 18:01:49 - [TEST_STEP][PASSED] - Statement - message = messages[n - 1]: null

2018-09-05 18:01:49 - [TEST_STEP][PASSED] - Statement - msgSub = message.getSubject(): null

2018-09-05 18:01:49 - [TEST_STEP][PASSED] - Statement - If (msgSub.equals("OTP to Sign In")): null

2018-09-05 18:01:49 - [TEST_STEP][PASSED] - Statement - msg = message.getContent().toString(): null

2018-09-05 18:01:50 - [TEST_STEP][PASSED] - Statement - OTP = msg.substring(msg.length() - 7): null

2018-09-05 18:01:50 - [TEST_STEP][PASSED] - Statement - message.setFlag(DELETED, true): null

2018-09-05 18:01:51 - [TEST_STEP][PASSED] - Statement - emailFolder.close(true): null

2018-09-05 18:01:51 - [TEST_STEP][PASSED] - Statement - store.close(): null

2018-09-05 18:01:51 - [TEST_STEP][PASSED] - Statement - return OTP: null

2018-09-05 18:01:51 - [TEST_STEP][PASSED] - Statement - If (OTP.equals("unavailable")): null

2018-09-05 18:01:51 - [TEST_STEP][PASSED] - Statement - Else: Text 'r6732
' is set on object 'Object Repository/Login/OtpInput'

2018-09-05 18:01:51 - [TEST_STEP][PASSED] - setText: Text 'r6732
' is set on object 'Object Repository/Login/OtpInput'

2018-09-05 18:01:51 - [MESSAGE][PASSED] - Text 'r6732
' is set on object 'Object Repository/Login/OtpInput'

2018-09-05 18:01:51 - [TEST_STEP][PASSED] - verifyElementPresent: Object 'Object Repository/Login/afterOpenDisplay' is present

2018-09-05 18:01:52 - [MESSAGE][PASSED] - Object 'Object Repository/Login/afterOpenDisplay' is present

2018-09-05 18:01:52 - [MESSAGE][PASSED] - Call Test Case 'Test Cases/BVT/aSimple_Login' successfully

2018-09-05 18:01:52 - [TEST_STEP][PASSED] - Statement - driver = com.kms.katalon.core.webui.driver.DriverFactory.getWebDriver(): null

2018-09-05 18:01:52 - [TEST_STEP][PASSED] - click: Object: 'Object Repository/Dashboard_Link Generator/linkgeneratorIcon' is clicked on

2018-09-05 18:01:54 - [MESSAGE][PASSED] - Object: 'Object Repository/Dashboard_Link Generator/linkgeneratorIcon' is clicked on

2018-09-05 18:01:54 - [TEST_STEP][PASSED] - Statement - x = CustomKeywords.newPackage.newKeyword.randomString(3).toLowerCase(): newPackage.newKeyword.randomString is PASSED

2018-09-05 18:01:54 - [MESSAGE][PASSED] - newPackage.newKeyword.randomString is PASSED

2018-09-05 18:01:54 - [TEST_STEP][PASSED] - Statement - teamMeberName = x: null

2018-09-05 18:01:54 - [TEST_STEP][PASSED] - setText: Text 'jor' is set on object 'Object Repository/AddTeamMemberDashboard/name'

2018-09-05 18:01:55 - [MESSAGE][PASSED] - Text 'jor' is set on object 'Object Repository/AddTeamMemberDashboard/name'

2018-09-05 18:01:55 - [TEST_STEP][PASSED] - setText: Text '5zuDmIUutj@gmail.com' is set on object 'Object Repository/AddTeamMemberDashboard/email'

2018-09-05 18:01:55 - [MESSAGE][PASSED] - newPackage.newKeyword.randomString is PASSED

2018-09-05 18:01:56 - [MESSAGE][PASSED] - Text '5zuDmIUutj@gmail.com' is set on object 'Object Repository/AddTeamMemberDashboard/email'

2018-09-05 18:01:56 - [TEST_STEP][PASSED] - click: Object: 'Object Repository/Dashboard_Link Generator/div_GET LINK' is clicked on

2018-09-05 18:01:56 - [MESSAGE][PASSED] - Object: 'Object Repository/Dashboard_Link Generator/div_GET LINK' is clicked on

2018-09-05 18:01:56 - [TEST_STEP][PASSED] - Statement - getLink = com.kms.katalon.core.webui.keyword.WebUiBuiltInKeywords.getAttribute(com.kms.katalon.core.testobject.ObjectRepository.findTestObject(Dashboard_Link Generator/shortLinkUrlCopy), "value"): Attribute 'value' of object 'Object Repository/Dashboard_Link Generator/shortLinkUrlCopy' is: 'https://dev.vcalling.in/url/UAT/?id=UAT-1-530'

2018-09-05 18:01:57 - [MESSAGE][PASSED] - Attribute 'value' of object 'Object Repository/Dashboard_Link Generator/shortLinkUrlCopy' is: 'https://dev.vcalling.in/url/UAT/?id=UAT-1-530'

2018-09-05 18:01:57 - [TEST_STEP][PASSED] - Statement - println(getLink): null

2018-09-05 18:01:57 - [TEST_STEP][PASSED] - delay: Delayed 2 second(s)

2018-09-05 18:01:59 - [MESSAGE][PASSED] - Delayed 2 second(s)

2018-09-05 18:01:59 - [TEST_STEP][PASSED] - click: Object: 'Object Repository/Dashboard_Link Generator/shortLinkCOpy' is clicked on

2018-09-05 18:01:59 - [MESSAGE][PASSED] - Object: 'Object Repository/Dashboard_Link Generator/shortLinkCOpy' is clicked on

2018-09-05 18:01:59 - [TEST_STEP][PASSED] - delay: Delayed 2 second(s)

2018-09-05 18:02:01 - [MESSAGE][PASSED] - Delayed 2 second(s)

2018-09-05 18:02:01 - [TEST_STEP][PASSED] - click: Object: 'Object Repository/Dashboard_Link Generator/linkCopyShort' is clicked on

2018-09-05 18:02:01 - [MESSAGE][PASSED] - Object: 'Object Repository/Dashboard_Link Generator/linkCopyShort' is clicked on

2018-09-05 18:02:01 - [TEST_STEP][PASSED] - Statement - If (com.kms.katalon.core.webui.keyword.WebUiBuiltInKeywords.verifyElementPresent(com.kms.katalon.core.testobject.ObjectRepository.findTestObject(Dashboard_Link Generator/validation), 5, OPTIONAL)): null

2018-09-05 18:02:01 - [MESSAGE][PASSED] - Object 'Object Repository/Dashboard_Link Generator/validation' is present

2018-09-05 18:02:01 - [TEST_STEP][PASSED] - Statement - validationMessage = com.kms.katalon.core.webui.keyword.WebUiBuiltInKeywords.getText(com.kms.katalon.core.testobject.ObjectRepository.findTestObject(Dashboard_Link Generator/validation)): Text of object 'Object Repository/Dashboard_Link Generator/validation' is: 'Short Link Copied.!'

2018-09-05 18:02:01 - [MESSAGE][PASSED] - Text of object 'Object Repository/Dashboard_Link Generator/validation' is: 'Short Link Copied.!'

2018-09-05 18:02:01 - [TEST_STEP][PASSED] - verifyMatch: Actual text 'Short Link Copied.!' and expected text 'Short Link Copied.!' are matched 

2018-09-05 18:02:01 - [MESSAGE][PASSED] - Actual text 'Short Link Copied.!' and expected text 'Short Link Copied.!' are matched 

2018-09-05 18:02:01 - [TEST_STEP][PASSED] - Statement - println("successful"): null

2018-09-05 18:02:01 - [TEST_STEP][PASSED] - delay: Delayed 5 second(s)

2018-09-05 18:02:06 - [MESSAGE][PASSED] - Delayed 5 second(s)

2018-09-05 18:02:06 - [TEST_STEP][PASSED] - Statement - linkUserName = driver.findElements(org.openqa.selenium.By.className("text-link-log")): null

2018-09-05 18:02:06 - [TEST_STEP][PASSED] - Statement - previousCountValue = 0: null

2018-09-05 18:02:06 - [TEST_STEP][PASSED] - Statement - For ([i = 0, i < linkUserName.size(), (i++)]): null

2018-09-05 18:02:06 - [TEST_STEP][PASSED] - Statement - linkLogmembername = linkUserName.get(i).getText(): null

2018-09-05 18:02:07 - [TEST_STEP][PASSED] - Statement - If (linkLogmembername.equals(teamMeberName)): null

2018-09-05 18:02:07 - [TEST_STEP][PASSED] - Statement - linkLogmembername = linkUserName.get(i).getText(): null

2018-09-05 18:02:07 - [TEST_STEP][PASSED] - Statement - If (linkLogmembername.equals(teamMeberName)): null

2018-09-05 18:02:07 - [TEST_STEP][PASSED] - Statement - linkLogmembername = linkUserName.get(i).getText(): null

2018-09-05 18:02:07 - [TEST_STEP][PASSED] - Statement - If (linkLogmembername.equals(teamMeberName)): null

2018-09-05 18:02:07 - [TEST_STEP][PASSED] - Statement - linkLogmembername = linkUserName.get(i).getText(): null

2018-09-05 18:02:07 - [TEST_STEP][PASSED] - Statement - If (linkLogmembername.equals(teamMeberName)): null

2018-09-05 18:02:07 - [TEST_STEP][PASSED] - Statement - linkLogmembername = linkUserName.get(i).getText(): null

2018-09-05 18:02:07 - [TEST_STEP][PASSED] - Statement - If (linkLogmembername.equals(teamMeberName)): null

2018-09-05 18:02:07 - [TEST_STEP][PASSED] - Statement - linkLogmembername = linkUserName.get(i).getText(): null

2018-09-05 18:02:07 - [TEST_STEP][PASSED] - Statement - If (linkLogmembername.equals(teamMeberName)): null

2018-09-05 18:02:07 - [TEST_STEP][PASSED] - Statement - linkLogmembername = linkUserName.get(i).getText(): null

2018-09-05 18:02:07 - [TEST_STEP][PASSED] - Statement - If (linkLogmembername.equals(teamMeberName)): null

2018-09-05 18:02:07 - [TEST_STEP][PASSED] - Statement - linkLogmembername = linkUserName.get(i).getText(): null

2018-09-05 18:02:07 - [TEST_STEP][PASSED] - Statement - If (linkLogmembername.equals(teamMeberName)): null

2018-09-05 18:02:07 - [TEST_STEP][PASSED] - Statement - out.println("Admin Console: " + linkLogmembername): null

2018-09-05 18:02:07 - [TEST_STEP][PASSED] - Statement - linkLogmembername = linkUserName.get(i).getText(): null

2018-09-05 18:02:07 - [TEST_STEP][PASSED] - Statement - If (linkLogmembername.equals(teamMeberName)): null

2018-09-05 18:02:07 - [TEST_STEP][PASSED] - Statement - linkLogmembername = linkUserName.get(i).getText(): null

2018-09-05 18:02:07 - [TEST_STEP][PASSED] - Statement - If (linkLogmembername.equals(teamMeberName)): null

2018-09-05 18:02:07 - [TEST_STEP][PASSED] - Statement - linkLogmembername = linkUserName.get(i).getText(): null

2018-09-05 18:02:07 - [TEST_STEP][PASSED] - Statement - If (linkLogmembername.equals(teamMeberName)): null

2018-09-05 18:02:07 - [TEST_STEP][PASSED] - Statement - linkLogmembername = linkUserName.get(i).getText(): null

2018-09-05 18:02:07 - [TEST_STEP][PASSED] - Statement - If (linkLogmembername.equals(teamMeberName)): null

2018-09-05 18:02:07 - [TEST_STEP][PASSED] - Statement - linkLogmembername = linkUserName.get(i).getText(): null

2018-09-05 18:02:07 - [TEST_STEP][PASSED] - Statement - If (linkLogmembername.equals(teamMeberName)): null

2018-09-05 18:02:07 - [TEST_STEP][PASSED] - Statement - linkLogmembername = linkUserName.get(i).getText(): null

2018-09-05 18:02:07 - [TEST_STEP][PASSED] - Statement - If (linkLogmembername.equals(teamMeberName)): null

2018-09-05 18:02:07 - [TEST_STEP][PASSED] - Statement - linkLogmembername = linkUserName.get(i).getText(): null

2018-09-05 18:02:07 - [TEST_STEP][PASSED] - Statement - If (linkLogmembername.equals(teamMeberName)): null

2018-09-05 18:02:07 - [TEST_STEP][PASSED] - Statement - linkLogmembername = linkUserName.get(i).getText(): null

2018-09-05 18:02:07 - [TEST_STEP][PASSED] - Statement - If (linkLogmembername.equals(teamMeberName)): null

2018-09-05 18:02:07 - [TEST_STEP][PASSED] - Statement - linkLogmembername = linkUserName.get(i).getText(): null

2018-09-05 18:02:07 - [TEST_STEP][PASSED] - Statement - If (linkLogmembername.equals(teamMeberName)): null

2018-09-05 18:02:07 - [TEST_STEP][PASSED] - Statement - linkLogmembername = linkUserName.get(i).getText(): null

2018-09-05 18:02:07 - [TEST_STEP][PASSED] - Statement - If (linkLogmembername.equals(teamMeberName)): null

2018-09-05 18:02:07 - [TEST_STEP][PASSED] - Statement - linkLogmembername = linkUserName.get(i).getText(): null

2018-09-05 18:02:07 - [TEST_STEP][PASSED] - Statement - If (linkLogmembername.equals(teamMeberName)): null

2018-09-05 18:02:07 - [TEST_STEP][PASSED] - Statement - linkLogmembername = linkUserName.get(i).getText(): null

2018-09-05 18:02:07 - [TEST_STEP][PASSED] - Statement - If (linkLogmembername.equals(teamMeberName)): null

2018-09-05 18:02:07 - [TEST_STEP][PASSED] - Statement - linkLogmembername = linkUserName.get(i).getText(): null

2018-09-05 18:02:07 - [TEST_STEP][PASSED] - Statement - If (linkLogmembername.equals(teamMeberName)): null

2018-09-05 18:02:07 - [TEST_STEP][PASSED] - Statement - linkLogmembername = linkUserName.get(i).getText(): null

2018-09-05 18:02:07 - [TEST_STEP][PASSED] - Statement - If (linkLogmembername.equals(teamMeberName)): null

2018-09-05 18:02:07 - [TEST_STEP][PASSED] - Statement - linkLogmembername = linkUserName.get(i).getText(): null

2018-09-05 18:02:07 - [TEST_STEP][PASSED] - Statement - If (linkLogmembername.equals(teamMeberName)): null

2018-09-05 18:02:07 - [TEST_STEP][PASSED] - Statement - linkLogmembername = linkUserName.get(i).getText(): null

2018-09-05 18:02:08 - [TEST_STEP][PASSED] - Statement - If (linkLogmembername.equals(teamMeberName)): null

2018-09-05 18:02:08 - [TEST_STEP][PASSED] - Statement - linkLogmembername = linkUserName.get(i).getText(): null

2018-09-05 18:02:08 - [TEST_STEP][PASSED] - Statement - If (linkLogmembername.equals(teamMeberName)): null

2018-09-05 18:02:08 - [TEST_STEP][PASSED] - Statement - linkLogmembername = linkUserName.get(i).getText(): null

2018-09-05 18:02:08 - [TEST_STEP][PASSED] - Statement - If (linkLogmembername.equals(teamMeberName)): null

2018-09-05 18:02:08 - [TEST_STEP][PASSED] - Statement - linkLogmembername = linkUserName.get(i).getText(): null

2018-09-05 18:02:08 - [TEST_STEP][PASSED] - Statement - If (linkLogmembername.equals(teamMeberName)): null

2018-09-05 18:02:08 - [TEST_STEP][PASSED] - Statement - linkLogmembername = linkUserName.get(i).getText(): null

2018-09-05 18:02:08 - [TEST_STEP][PASSED] - Statement - If (linkLogmembername.equals(teamMeberName)): null

2018-09-05 18:02:08 - [TEST_STEP][PASSED] - Statement - linkLogmembername = linkUserName.get(i).getText(): null

2018-09-05 18:02:08 - [TEST_STEP][PASSED] - Statement - If (linkLogmembername.equals(teamMeberName)): null

2018-09-05 18:02:08 - [TEST_STEP][PASSED] - Statement - linkLogmembername = linkUserName.get(i).getText(): null

2018-09-05 18:02:08 - [TEST_STEP][PASSED] - Statement - If (linkLogmembername.equals(teamMeberName)): null

2018-09-05 18:02:08 - [TEST_STEP][PASSED] - Statement - linkLogmembername = linkUserName.get(i).getText(): null

2018-09-05 18:02:08 - [TEST_STEP][PASSED] - Statement - If (linkLogmembername.equals(teamMeberName)): null

2018-09-05 18:02:08 - [TEST_STEP][PASSED] - Statement - linkLogmembername = linkUserName.get(i).getText(): null

2018-09-05 18:02:08 - [TEST_STEP][PASSED] - Statement - If (linkLogmembername.equals(teamMeberName)): null

2018-09-05 18:02:08 - [TEST_STEP][PASSED] - Statement - linkLogmembername = linkUserName.get(i).getText(): null

2018-09-05 18:02:08 - [TEST_STEP][PASSED] - Statement - If (linkLogmembername.equals(teamMeberName)): null

2018-09-05 18:02:08 - [TEST_STEP][PASSED] - Statement - linkLogmembername = linkUserName.get(i).getText(): null

2018-09-05 18:02:08 - [TEST_STEP][PASSED] - Statement - If (linkLogmembername.equals(teamMeberName)): null

2018-09-05 18:02:08 - [TEST_STEP][PASSED] - Statement - linkLogmembername = linkUserName.get(i).getText(): null

2018-09-05 18:02:08 - [TEST_STEP][PASSED] - Statement - If (linkLogmembername.equals(teamMeberName)): null

2018-09-05 18:02:08 - [TEST_STEP][PASSED] - Statement - linkLogmembername = linkUserName.get(i).getText(): null

2018-09-05 18:02:08 - [TEST_STEP][PASSED] - Statement - If (linkLogmembername.equals(teamMeberName)): null

2018-09-05 18:02:08 - [TEST_STEP][PASSED] - Statement - linkLogmembername = linkUserName.get(i).getText(): null

2018-09-05 18:02:08 - [TEST_STEP][PASSED] - Statement - If (linkLogmembername.equals(teamMeberName)): null

2018-09-05 18:02:08 - [TEST_STEP][PASSED] - Statement - linkLogmembername = linkUserName.get(i).getText(): null

2018-09-05 18:02:08 - [TEST_STEP][PASSED] - Statement - If (linkLogmembername.equals(teamMeberName)): null

2018-09-05 18:02:08 - [TEST_STEP][PASSED] - Statement - linkLogmembername = linkUserName.get(i).getText(): null

2018-09-05 18:02:08 - [TEST_STEP][PASSED] - Statement - If (linkLogmembername.equals(teamMeberName)): null

2018-09-05 18:02:08 - [TEST_STEP][PASSED] - Statement - linkLogmembername = linkUserName.get(i).getText(): null

2018-09-05 18:02:08 - [TEST_STEP][PASSED] - Statement - If (linkLogmembername.equals(teamMeberName)): null

2018-09-05 18:02:08 - [TEST_STEP][PASSED] - Statement - linkLogmembername = linkUserName.get(i).getText(): null

2018-09-05 18:02:08 - [TEST_STEP][PASSED] - Statement - If (linkLogmembername.equals(teamMeberName)): null

2018-09-05 18:02:08 - [TEST_STEP][PASSED] - Statement - linkLogmembername = linkUserName.get(i).getText(): null

2018-09-05 18:02:08 - [TEST_STEP][PASSED] - Statement - If (linkLogmembername.equals(teamMeberName)): null

2018-09-05 18:02:08 - [TEST_STEP][PASSED] - Statement - linkLogmembername = linkUserName.get(i).getText(): null

2018-09-05 18:02:08 - [TEST_STEP][PASSED] - Statement - If (linkLogmembername.equals(teamMeberName)): null

2018-09-05 18:02:08 - [TEST_STEP][PASSED] - Statement - linkLogmembername = linkUserName.get(i).getText(): null

2018-09-05 18:02:08 - [TEST_STEP][PASSED] - Statement - If (linkLogmembername.equals(teamMeberName)): null

2018-09-05 18:02:08 - [TEST_STEP][PASSED] - Statement - linkLogmembername = linkUserName.get(i).getText(): null

2018-09-05 18:02:08 - [TEST_STEP][PASSED] - Statement - If (linkLogmembername.equals(teamMeberName)): null

2018-09-05 18:02:08 - [TEST_STEP][PASSED] - Statement - linkLogmembername = linkUserName.get(i).getText(): null

2018-09-05 18:02:08 - [TEST_STEP][PASSED] - Statement - If (linkLogmembername.equals(teamMeberName)): null

2018-09-05 18:02:08 - [TEST_STEP][PASSED] - Statement - linkLogmembername = linkUserName.get(i).getText(): null

2018-09-05 18:02:09 - [TEST_STEP][PASSED] - Statement - If (linkLogmembername.equals(teamMeberName)): null

2018-09-05 18:02:09 - [TEST_STEP][PASSED] - Statement - linkLogmembername = linkUserName.get(i).getText(): null

2018-09-05 18:02:09 - [TEST_STEP][PASSED] - Statement - If (linkLogmembername.equals(teamMeberName)): null

2018-09-05 18:02:09 - [TEST_STEP][PASSED] - Statement - linkLogmembername = linkUserName.get(i).getText(): null

2018-09-05 18:02:09 - [TEST_STEP][PASSED] - Statement - If (linkLogmembername.equals(teamMeberName)): null

2018-09-05 18:02:09 - [TEST_STEP][PASSED] - Statement - linkLogmembername = linkUserName.get(i).getText(): null

2018-09-05 18:02:09 - [TEST_STEP][PASSED] - Statement - If (linkLogmembername.equals(teamMeberName)): null

2018-09-05 18:02:09 - [TEST_STEP][PASSED] - Statement - linkLogmembername = linkUserName.get(i).getText(): null

2018-09-05 18:02:09 - [TEST_STEP][PASSED] - Statement - If (linkLogmembername.equals(teamMeberName)): null

2018-09-05 18:02:09 - [TEST_STEP][PASSED] - Statement - linkLogmembername = linkUserName.get(i).getText(): null

2018-09-05 18:02:09 - [TEST_STEP][PASSED] - Statement - If (linkLogmembername.equals(teamMeberName)): null

2018-09-05 18:02:09 - [TEST_STEP][PASSED] - Statement - linkLogmembername = linkUserName.get(i).getText(): null

2018-09-05 18:02:09 - [TEST_STEP][PASSED] - Statement - If (linkLogmembername.equals(teamMeberName)): null

2018-09-05 18:02:09 - [TEST_STEP][PASSED] - Statement - linkLogmembername = linkUserName.get(i).getText(): null

2018-09-05 18:02:09 - [TEST_STEP][PASSED] - Statement - If (linkLogmembername.equals(teamMeberName)): null

2018-09-05 18:02:09 - [TEST_STEP][PASSED] - Statement - linkLogmembername = linkUserName.get(i).getText(): null

2018-09-05 18:02:09 - [TEST_STEP][PASSED] - Statement - If (linkLogmembername.equals(teamMeberName)): null

2018-09-05 18:02:09 - [TEST_STEP][PASSED] - Statement - linkLogmembername = linkUserName.get(i).getText(): null

2018-09-05 18:02:09 - [TEST_STEP][PASSED] - Statement - If (linkLogmembername.equals(teamMeberName)): null

2018-09-05 18:02:09 - [TEST_STEP][PASSED] - Statement - linkLogmembername = linkUserName.get(i).getText(): null

2018-09-05 18:02:09 - [TEST_STEP][PASSED] - Statement - If (linkLogmembername.equals(teamMeberName)): null

2018-09-05 18:02:09 - [TEST_STEP][PASSED] - Statement - js = driver: null

2018-09-05 18:02:09 - [TEST_STEP][PASSED] - Statement - js.executeScript("window.open();"): null

2018-09-05 18:02:09 - [TEST_STEP][PASSED] - Statement - currentWindow = com.kms.katalon.core.webui.keyword.WebUiBuiltInKeywords.getWindowIndex(): Current window's index is: 0

2018-09-05 18:02:09 - [MESSAGE][PASSED] - Current window's index is: 0

2018-09-05 18:02:09 - [TEST_STEP][PASSED] - switchToWindowIndex: Switched to window with index: '1'

2018-09-05 18:02:09 - [MESSAGE][PASSED] - Switched to window with index: '1'

2018-09-05 18:02:09 - [TEST_STEP][PASSED] - navigateToUrl: Navigate to 'https://dev.vcalling.in/url/UAT/?id=UAT-1-530' successfully

2018-09-05 18:02:11 - [MESSAGE][PASSED] - Navigate to 'https://dev.vcalling.in/url/UAT/?id=UAT-1-530' successfully

2018-09-05 18:02:11 - [TEST_STEP][PASSED] - Statement - currentTab = com.kms.katalon.core.webui.keyword.WebUiBuiltInKeywords.getWindowIndex(): Current window's index is: 1

2018-09-05 18:02:11 - [MESSAGE][PASSED] - Current window's index is: 1]]></system-out>
         <system-err><![CDATA[]]></system-err>
      </testcase>
      <testcase name="Test Cases/completed/TestCase2_Link Genrator Short link/LinkGenrateWithTag" classname="Test Cases/completed/TestCase2_Link Genrator Short link/LinkGenrateWithTag" status="PASSED">
         <system-out><![CDATA[2018-09-05 18:02:11 - [TEST_CASE][PASSED] - Test Cases/completed/TestCase2_Link Genrator Short link/LinkGenrateWithTag: Test Cases/completed/TestCase2_Link Genrator Short link/LinkGenrateWithTag

2018-09-05 18:02:12 - [TEST_STEP][PASSED] - callTestCase: Call Test Case 'Test Cases/BVT/aSimple_Login' successfully

2018-09-05 18:02:12 - [TEST_CASE][PASSED] - Test Cases/BVT/aSimple_Login: Test Cases/BVT/aSimple_Login

2018-09-05 18:02:12 - [TEST_STEP][PASSED] - openBrowser: Browser is opened with url: ''

2018-09-05 18:02:12 - [MESSAGE][WARNING] - A browser is already opened. Closing browser and opening a new one

2018-09-05 18:02:15 - [MESSAGE][PASSED] - Browser is opened with url: ''

2018-09-05 18:02:15 - [TEST_STEP][PASSED] - maximizeWindow: Current window maximized

2018-09-05 18:02:16 - [MESSAGE][PASSED] - Current window maximized

2018-09-05 18:02:16 - [TEST_STEP][PASSED] - navigateToUrl: Navigate to 'https://dev.vcalling.in/enterprises/UAT/Dashboard/index.html' successfully

2018-09-05 18:02:20 - [MESSAGE][PASSED] - Navigate to 'https://dev.vcalling.in/enterprises/UAT/Dashboard/index.html' successfully

2018-09-05 18:02:20 - [TEST_STEP][PASSED] - setText: Text 'testing4dea@gmail.com' is set on object 'Object Repository/Login/UserId'

2018-09-05 18:02:21 - [MESSAGE][PASSED] - Text 'testing4dea@gmail.com' is set on object 'Object Repository/Login/UserId'

2018-09-05 18:02:21 - [TEST_STEP][PASSED] - click: Object: 'Object Repository/Login/div_GET OTP' is clicked on

2018-09-05 18:02:21 - [MESSAGE][PASSED] - Object: 'Object Repository/Login/div_GET OTP' is clicked on

2018-09-05 18:02:21 - [TEST_STEP][PASSED] - waitForElementPresent: Object 'Object Repository/Login/div_SUBMIT' is present

2018-09-05 18:02:22 - [MESSAGE][PASSED] - Object 'Object Repository/Login/div_SUBMIT' is present

2018-09-05 18:02:22 - [TEST_STEP][PASSED] - Statement - If (com.kms.katalon.core.webui.keyword.WebUiBuiltInKeywords.verifyElementNotPresent(com.kms.katalon.core.testobject.ObjectRepository.findTestObject(Login/div_SUBMIT), 5, OPTIONAL)): Web element with id: 'Object Repository/Login/div_SUBMIT' located by 'By.xpath: //div[(text() = ' SUBMIT ' or . = ' SUBMIT ')]' is present after '5' second(s)

2018-09-05 18:02:28 - [MESSAGE][WARNING] - Web element with id: 'Object Repository/Login/div_SUBMIT' located by 'By.xpath: //div[(text() = ' SUBMIT ' or . = ' SUBMIT ')]' is present after '5' second(s)
[[ATTACHMENT|C:\\Users\\User\\Desktop\\Katalon Studio\\Katalon Studio\\vCallingDashboard\\Reports\\RegressionSuite\\20180905_175530\\1536150748181.png]]

2018-09-05 18:02:28 - [TEST_STEP][PASSED] - Statement - sleep(5000): null

2018-09-05 18:02:33 - [TEST_STEP][PASSED] - Statement - OTP = getOTP(): null

2018-09-05 18:02:33 - [TEST_STEP][PASSED] - Statement - host = "imap.gmail.com": null

2018-09-05 18:02:33 - [TEST_STEP][PASSED] - Statement - msg = <not implemented yet for class: org.codehaus.groovy.ast.expr.EmptyExpression>: null

2018-09-05 18:02:33 - [TEST_STEP][PASSED] - Statement - msgSub = <not implemented yet for class: org.codehaus.groovy.ast.expr.EmptyExpression>: null

2018-09-05 18:02:33 - [TEST_STEP][PASSED] - Statement - OTP = "unavailable": null

2018-09-05 18:02:33 - [TEST_STEP][PASSED] - Statement - props = new java.util.Properties(): null

2018-09-05 18:02:33 - [TEST_STEP][PASSED] - Statement - props.setProperty("mail.imap.ssl.enable", "true"): null

2018-09-05 18:02:33 - [TEST_STEP][PASSED] - Statement - session = javax.mail.Session.getInstance(props): null

2018-09-05 18:02:33 - [TEST_STEP][PASSED] - Statement - store = <not implemented yet for class: org.codehaus.groovy.ast.expr.EmptyExpression>: null

2018-09-05 18:02:33 - [TEST_STEP][PASSED] - Statement - Try: null

2018-09-05 18:02:33 - [TEST_STEP][PASSED] - Statement - store = session.getStore("imap"): null

2018-09-05 18:02:33 - [TEST_STEP][PASSED] - Statement - store.connect(host, Email, Password): null

2018-09-05 18:02:35 - [TEST_STEP][PASSED] - Statement - emailFolder = store.getFolder("INBOX"): null

2018-09-05 18:02:35 - [TEST_STEP][PASSED] - Statement - emailFolder.open(READ_WRITE): null

2018-09-05 18:02:35 - [TEST_STEP][PASSED] - Statement - messages = emailFolder.getMessages(): null

2018-09-05 18:02:35 - [TEST_STEP][PASSED] - Statement - n = length: null

2018-09-05 18:02:35 - [TEST_STEP][PASSED] - Statement - message = messages[n - 1]: null

2018-09-05 18:02:35 - [TEST_STEP][PASSED] - Statement - msgSub = message.getSubject(): null

2018-09-05 18:02:36 - [TEST_STEP][PASSED] - Statement - If (msgSub.equals("OTP to Sign In")): null

2018-09-05 18:02:36 - [TEST_STEP][PASSED] - Statement - msg = message.getContent().toString(): null

2018-09-05 18:02:37 - [TEST_STEP][PASSED] - Statement - OTP = msg.substring(msg.length() - 7): null

2018-09-05 18:02:37 - [TEST_STEP][PASSED] - Statement - message.setFlag(DELETED, true): null

2018-09-05 18:02:37 - [TEST_STEP][PASSED] - Statement - emailFolder.close(true): null

2018-09-05 18:02:37 - [TEST_STEP][PASSED] - Statement - store.close(): null

2018-09-05 18:02:38 - [TEST_STEP][PASSED] - Statement - return OTP: null

2018-09-05 18:02:38 - [TEST_STEP][PASSED] - Statement - If (OTP.equals("unavailable")): null

2018-09-05 18:02:38 - [TEST_STEP][PASSED] - Statement - Else: Text 'v9822
' is set on object 'Object Repository/Login/OtpInput'

2018-09-05 18:02:38 - [TEST_STEP][PASSED] - setText: Text 'v9822
' is set on object 'Object Repository/Login/OtpInput'

2018-09-05 18:02:38 - [MESSAGE][PASSED] - Text 'v9822
' is set on object 'Object Repository/Login/OtpInput'

2018-09-05 18:02:38 - [TEST_STEP][PASSED] - verifyElementPresent: Object 'Object Repository/Login/afterOpenDisplay' is present

2018-09-05 18:02:38 - [MESSAGE][PASSED] - Object 'Object Repository/Login/afterOpenDisplay' is present

2018-09-05 18:02:38 - [MESSAGE][PASSED] - Call Test Case 'Test Cases/BVT/aSimple_Login' successfully

2018-09-05 18:02:38 - [TEST_STEP][PASSED] - Statement - driver = com.kms.katalon.core.webui.driver.DriverFactory.getWebDriver(): null

2018-09-05 18:02:38 - [TEST_STEP][PASSED] - click: Object: 'Object Repository/Dashboard_Link Generator/linkgeneratorIcon' is clicked on

2018-09-05 18:02:39 - [MESSAGE][PASSED] - Object: 'Object Repository/Dashboard_Link Generator/linkgeneratorIcon' is clicked on

2018-09-05 18:02:39 - [TEST_STEP][PASSED] - Statement - x = CustomKeywords.newPackage.newKeyword.randomString(3).toLowerCase(): newPackage.newKeyword.randomString is PASSED

2018-09-05 18:02:39 - [MESSAGE][PASSED] - newPackage.newKeyword.randomString is PASSED

2018-09-05 18:02:39 - [TEST_STEP][PASSED] - Statement - teamMeberName = x: null

2018-09-05 18:02:39 - [TEST_STEP][PASSED] - setText: Text 'toc' is set on object 'Object Repository/AddTeamMemberDashboard/name'

2018-09-05 18:02:39 - [MESSAGE][PASSED] - Text 'toc' is set on object 'Object Repository/AddTeamMemberDashboard/name'

2018-09-05 18:02:39 - [TEST_STEP][PASSED] - setText: Text 'qaUXfMi9qt@gmail.com' is set on object 'Object Repository/AddTeamMemberDashboard/email'

2018-09-05 18:02:39 - [MESSAGE][PASSED] - newPackage.newKeyword.randomString is PASSED

2018-09-05 18:02:40 - [MESSAGE][PASSED] - Text 'qaUXfMi9qt@gmail.com' is set on object 'Object Repository/AddTeamMemberDashboard/email'

2018-09-05 18:02:40 - [TEST_STEP][PASSED] - Statement - number = CustomKeywords.phoneNumbers.contactNumbers.randomString(9): phoneNumbers.contactNumbers.randomString is PASSED

2018-09-05 18:02:40 - [MESSAGE][PASSED] - phoneNumbers.contactNumbers.randomString is PASSED

2018-09-05 18:02:40 - [TEST_STEP][PASSED] - Statement - Mobile_Number = number: null

2018-09-05 18:02:40 - [TEST_STEP][PASSED] - setText: Text '9778661981' is set on object 'Object Repository/Dashboard_Link Generator/contactNumber'

2018-09-05 18:02:41 - [MESSAGE][PASSED] - Text '9778661981' is set on object 'Object Repository/Dashboard_Link Generator/contactNumber'

2018-09-05 18:02:41 - [TEST_STEP][PASSED] - setText: Text 'property' is set on object 'Object Repository/Dashboard_Link Generator/tag'

2018-09-05 18:02:41 - [MESSAGE][PASSED] - Text 'property' is set on object 'Object Repository/Dashboard_Link Generator/tag'

2018-09-05 18:02:41 - [TEST_STEP][PASSED] - click: Object: 'Object Repository/Dashboard_Link Generator/div_GET LINK' is clicked on

2018-09-05 18:02:41 - [MESSAGE][PASSED] - Object: 'Object Repository/Dashboard_Link Generator/div_GET LINK' is clicked on

2018-09-05 18:02:41 - [TEST_STEP][PASSED] - Statement - getLink = com.kms.katalon.core.webui.keyword.WebUiBuiltInKeywords.getAttribute(com.kms.katalon.core.testobject.ObjectRepository.findTestObject(Dashboard_Link Generator/shortLinkUrlCopy), "value"): Attribute 'value' of object 'Object Repository/Dashboard_Link Generator/shortLinkUrlCopy' is: 'https://dev.vcalling.in/url/UAT/?id=UAT-1-531'

2018-09-05 18:02:42 - [MESSAGE][PASSED] - Attribute 'value' of object 'Object Repository/Dashboard_Link Generator/shortLinkUrlCopy' is: 'https://dev.vcalling.in/url/UAT/?id=UAT-1-531'

2018-09-05 18:02:42 - [TEST_STEP][PASSED] - Statement - println(getLink): null

2018-09-05 18:02:42 - [TEST_STEP][PASSED] - delay: Delayed 2 second(s)

2018-09-05 18:02:44 - [MESSAGE][PASSED] - Delayed 2 second(s)

2018-09-05 18:02:44 - [TEST_STEP][PASSED] - click: Object: 'Object Repository/Dashboard_Link Generator/shortLinkCOpy' is clicked on

2018-09-05 18:02:44 - [MESSAGE][PASSED] - Object: 'Object Repository/Dashboard_Link Generator/shortLinkCOpy' is clicked on

2018-09-05 18:02:44 - [TEST_STEP][PASSED] - delay: Delayed 2 second(s)

2018-09-05 18:02:46 - [MESSAGE][PASSED] - Delayed 2 second(s)

2018-09-05 18:02:46 - [TEST_STEP][PASSED] - click: Object: 'Object Repository/Dashboard_Link Generator/linkCopyShort' is clicked on

2018-09-05 18:02:46 - [MESSAGE][PASSED] - Object: 'Object Repository/Dashboard_Link Generator/linkCopyShort' is clicked on

2018-09-05 18:02:46 - [TEST_STEP][PASSED] - Statement - If (com.kms.katalon.core.webui.keyword.WebUiBuiltInKeywords.verifyElementPresent(com.kms.katalon.core.testobject.ObjectRepository.findTestObject(Dashboard_Link Generator/validation), 5, OPTIONAL)): null

2018-09-05 18:02:46 - [MESSAGE][PASSED] - Object 'Object Repository/Dashboard_Link Generator/validation' is present

2018-09-05 18:02:46 - [TEST_STEP][PASSED] - Statement - validationMessage = com.kms.katalon.core.webui.keyword.WebUiBuiltInKeywords.getText(com.kms.katalon.core.testobject.ObjectRepository.findTestObject(Dashboard_Link Generator/validation)): Text of object 'Object Repository/Dashboard_Link Generator/validation' is: 'Short Link Copied.!'

2018-09-05 18:02:46 - [MESSAGE][PASSED] - Text of object 'Object Repository/Dashboard_Link Generator/validation' is: 'Short Link Copied.!'

2018-09-05 18:02:46 - [TEST_STEP][PASSED] - verifyMatch: Actual text 'Short Link Copied.!' and expected text 'Short Link Copied.!' are matched 

2018-09-05 18:02:46 - [MESSAGE][PASSED] - Actual text 'Short Link Copied.!' and expected text 'Short Link Copied.!' are matched 

2018-09-05 18:02:46 - [TEST_STEP][PASSED] - Statement - println("successful"): null

2018-09-05 18:02:46 - [TEST_STEP][PASSED] - delay: Delayed 5 second(s)

2018-09-05 18:02:51 - [MESSAGE][PASSED] - Delayed 5 second(s)

2018-09-05 18:02:51 - [TEST_STEP][PASSED] - Statement - linkUserName = driver.findElements(org.openqa.selenium.By.className("text-link-log")): null

2018-09-05 18:02:51 - [TEST_STEP][PASSED] - Statement - previousCountValue = 0: null

2018-09-05 18:02:51 - [TEST_STEP][PASSED] - Statement - For ([i = 0, i < linkUserName.size(), (i++)]): null

2018-09-05 18:02:51 - [TEST_STEP][PASSED] - Statement - linkLogmembername = linkUserName.get(i).getText(): null

2018-09-05 18:02:51 - [TEST_STEP][PASSED] - Statement - If (linkLogmembername.equals(teamMeberName)): null

2018-09-05 18:02:51 - [TEST_STEP][PASSED] - Statement - linkLogmembername = linkUserName.get(i).getText(): null

2018-09-05 18:02:51 - [TEST_STEP][PASSED] - Statement - If (linkLogmembername.equals(teamMeberName)): null

2018-09-05 18:02:51 - [TEST_STEP][PASSED] - Statement - linkLogmembername = linkUserName.get(i).getText(): null

2018-09-05 18:02:51 - [TEST_STEP][PASSED] - Statement - If (linkLogmembername.equals(teamMeberName)): null

2018-09-05 18:02:51 - [TEST_STEP][PASSED] - Statement - linkLogmembername = linkUserName.get(i).getText(): null

2018-09-05 18:02:51 - [TEST_STEP][PASSED] - Statement - If (linkLogmembername.equals(teamMeberName)): null

2018-09-05 18:02:51 - [TEST_STEP][PASSED] - Statement - linkLogmembername = linkUserName.get(i).getText(): null

2018-09-05 18:02:51 - [TEST_STEP][PASSED] - Statement - If (linkLogmembername.equals(teamMeberName)): null

2018-09-05 18:02:51 - [TEST_STEP][PASSED] - Statement - linkLogmembername = linkUserName.get(i).getText(): null

2018-09-05 18:02:51 - [TEST_STEP][PASSED] - Statement - If (linkLogmembername.equals(teamMeberName)): null

2018-09-05 18:02:51 - [TEST_STEP][PASSED] - Statement - linkLogmembername = linkUserName.get(i).getText(): null

2018-09-05 18:02:51 - [TEST_STEP][PASSED] - Statement - If (linkLogmembername.equals(teamMeberName)): null

2018-09-05 18:02:51 - [TEST_STEP][PASSED] - Statement - linkLogmembername = linkUserName.get(i).getText(): null

2018-09-05 18:02:51 - [TEST_STEP][PASSED] - Statement - If (linkLogmembername.equals(teamMeberName)): null

2018-09-05 18:02:51 - [TEST_STEP][PASSED] - Statement - out.println("Admin Console: " + linkLogmembername): null

2018-09-05 18:02:51 - [TEST_STEP][PASSED] - Statement - linkLogmembername = linkUserName.get(i).getText(): null

2018-09-05 18:02:51 - [TEST_STEP][PASSED] - Statement - If (linkLogmembername.equals(teamMeberName)): null

2018-09-05 18:02:51 - [TEST_STEP][PASSED] - Statement - linkLogmembername = linkUserName.get(i).getText(): null

2018-09-05 18:02:52 - [TEST_STEP][PASSED] - Statement - If (linkLogmembername.equals(teamMeberName)): null

2018-09-05 18:02:52 - [TEST_STEP][PASSED] - Statement - linkLogmembername = linkUserName.get(i).getText(): null

2018-09-05 18:02:52 - [TEST_STEP][PASSED] - Statement - If (linkLogmembername.equals(teamMeberName)): null

2018-09-05 18:02:52 - [TEST_STEP][PASSED] - Statement - linkLogmembername = linkUserName.get(i).getText(): null

2018-09-05 18:02:52 - [TEST_STEP][PASSED] - Statement - If (linkLogmembername.equals(teamMeberName)): null

2018-09-05 18:02:52 - [TEST_STEP][PASSED] - Statement - linkLogmembername = linkUserName.get(i).getText(): null

2018-09-05 18:02:52 - [TEST_STEP][PASSED] - Statement - If (linkLogmembername.equals(teamMeberName)): null

2018-09-05 18:02:52 - [TEST_STEP][PASSED] - Statement - linkLogmembername = linkUserName.get(i).getText(): null

2018-09-05 18:02:52 - [TEST_STEP][PASSED] - Statement - If (linkLogmembername.equals(teamMeberName)): null

2018-09-05 18:02:52 - [TEST_STEP][PASSED] - Statement - linkLogmembername = linkUserName.get(i).getText(): null

2018-09-05 18:02:52 - [TEST_STEP][PASSED] - Statement - If (linkLogmembername.equals(teamMeberName)): null

2018-09-05 18:02:52 - [TEST_STEP][PASSED] - Statement - linkLogmembername = linkUserName.get(i).getText(): null

2018-09-05 18:02:52 - [TEST_STEP][PASSED] - Statement - If (linkLogmembername.equals(teamMeberName)): null

2018-09-05 18:02:52 - [TEST_STEP][PASSED] - Statement - linkLogmembername = linkUserName.get(i).getText(): null

2018-09-05 18:02:52 - [TEST_STEP][PASSED] - Statement - If (linkLogmembername.equals(teamMeberName)): null

2018-09-05 18:02:52 - [TEST_STEP][PASSED] - Statement - linkLogmembername = linkUserName.get(i).getText(): null

2018-09-05 18:02:52 - [TEST_STEP][PASSED] - Statement - If (linkLogmembername.equals(teamMeberName)): null

2018-09-05 18:02:52 - [TEST_STEP][PASSED] - Statement - linkLogmembername = linkUserName.get(i).getText(): null

2018-09-05 18:02:52 - [TEST_STEP][PASSED] - Statement - If (linkLogmembername.equals(teamMeberName)): null

2018-09-05 18:02:52 - [TEST_STEP][PASSED] - Statement - linkLogmembername = linkUserName.get(i).getText(): null

2018-09-05 18:02:52 - [TEST_STEP][PASSED] - Statement - If (linkLogmembername.equals(teamMeberName)): null

2018-09-05 18:02:52 - [TEST_STEP][PASSED] - Statement - linkLogmembername = linkUserName.get(i).getText(): null

2018-09-05 18:02:52 - [TEST_STEP][PASSED] - Statement - If (linkLogmembername.equals(teamMeberName)): null

2018-09-05 18:02:52 - [TEST_STEP][PASSED] - Statement - linkLogmembername = linkUserName.get(i).getText(): null

2018-09-05 18:02:53 - [TEST_STEP][PASSED] - Statement - If (linkLogmembername.equals(teamMeberName)): null

2018-09-05 18:02:53 - [TEST_STEP][PASSED] - Statement - linkLogmembername = linkUserName.get(i).getText(): null

2018-09-05 18:02:53 - [TEST_STEP][PASSED] - Statement - If (linkLogmembername.equals(teamMeberName)): null

2018-09-05 18:02:53 - [TEST_STEP][PASSED] - Statement - linkLogmembername = linkUserName.get(i).getText(): null

2018-09-05 18:02:53 - [TEST_STEP][PASSED] - Statement - If (linkLogmembername.equals(teamMeberName)): null

2018-09-05 18:02:53 - [TEST_STEP][PASSED] - Statement - linkLogmembername = linkUserName.get(i).getText(): null

2018-09-05 18:02:53 - [TEST_STEP][PASSED] - Statement - If (linkLogmembername.equals(teamMeberName)): null

2018-09-05 18:02:53 - [TEST_STEP][PASSED] - Statement - linkLogmembername = linkUserName.get(i).getText(): null

2018-09-05 18:02:53 - [TEST_STEP][PASSED] - Statement - If (linkLogmembername.equals(teamMeberName)): null

2018-09-05 18:02:53 - [TEST_STEP][PASSED] - Statement - linkLogmembername = linkUserName.get(i).getText(): null

2018-09-05 18:02:53 - [TEST_STEP][PASSED] - Statement - If (linkLogmembername.equals(teamMeberName)): null

2018-09-05 18:02:53 - [TEST_STEP][PASSED] - Statement - linkLogmembername = linkUserName.get(i).getText(): null

2018-09-05 18:02:53 - [TEST_STEP][PASSED] - Statement - If (linkLogmembername.equals(teamMeberName)): null

2018-09-05 18:02:53 - [TEST_STEP][PASSED] - Statement - linkLogmembername = linkUserName.get(i).getText(): null

2018-09-05 18:02:53 - [TEST_STEP][PASSED] - Statement - If (linkLogmembername.equals(teamMeberName)): null

2018-09-05 18:02:53 - [TEST_STEP][PASSED] - Statement - linkLogmembername = linkUserName.get(i).getText(): null

2018-09-05 18:02:53 - [TEST_STEP][PASSED] - Statement - If (linkLogmembername.equals(teamMeberName)): null

2018-09-05 18:02:53 - [TEST_STEP][PASSED] - Statement - linkLogmembername = linkUserName.get(i).getText(): null

2018-09-05 18:02:53 - [TEST_STEP][PASSED] - Statement - If (linkLogmembername.equals(teamMeberName)): null

2018-09-05 18:02:53 - [TEST_STEP][PASSED] - Statement - linkLogmembername = linkUserName.get(i).getText(): null

2018-09-05 18:02:53 - [TEST_STEP][PASSED] - Statement - If (linkLogmembername.equals(teamMeberName)): null

2018-09-05 18:02:53 - [TEST_STEP][PASSED] - Statement - linkLogmembername = linkUserName.get(i).getText(): null

2018-09-05 18:02:53 - [TEST_STEP][PASSED] - Statement - If (linkLogmembername.equals(teamMeberName)): null

2018-09-05 18:02:53 - [TEST_STEP][PASSED] - Statement - linkLogmembername = linkUserName.get(i).getText(): null

2018-09-05 18:02:53 - [TEST_STEP][PASSED] - Statement - If (linkLogmembername.equals(teamMeberName)): null

2018-09-05 18:02:53 - [TEST_STEP][PASSED] - Statement - linkLogmembername = linkUserName.get(i).getText(): null

2018-09-05 18:02:53 - [TEST_STEP][PASSED] - Statement - If (linkLogmembername.equals(teamMeberName)): null

2018-09-05 18:02:53 - [TEST_STEP][PASSED] - Statement - linkLogmembername = linkUserName.get(i).getText(): null

2018-09-05 18:02:53 - [TEST_STEP][PASSED] - Statement - If (linkLogmembername.equals(teamMeberName)): null

2018-09-05 18:02:53 - [TEST_STEP][PASSED] - Statement - linkLogmembername = linkUserName.get(i).getText(): null

2018-09-05 18:02:53 - [TEST_STEP][PASSED] - Statement - If (linkLogmembername.equals(teamMeberName)): null

2018-09-05 18:02:53 - [TEST_STEP][PASSED] - Statement - linkLogmembername = linkUserName.get(i).getText(): null

2018-09-05 18:02:53 - [TEST_STEP][PASSED] - Statement - If (linkLogmembername.equals(teamMeberName)): null

2018-09-05 18:02:53 - [TEST_STEP][PASSED] - Statement - linkLogmembername = linkUserName.get(i).getText(): null

2018-09-05 18:02:54 - [TEST_STEP][PASSED] - Statement - If (linkLogmembername.equals(teamMeberName)): null

2018-09-05 18:02:54 - [TEST_STEP][PASSED] - Statement - linkLogmembername = linkUserName.get(i).getText(): null

2018-09-05 18:02:54 - [TEST_STEP][PASSED] - Statement - If (linkLogmembername.equals(teamMeberName)): null

2018-09-05 18:02:54 - [TEST_STEP][PASSED] - Statement - linkLogmembername = linkUserName.get(i).getText(): null

2018-09-05 18:02:54 - [TEST_STEP][PASSED] - Statement - If (linkLogmembername.equals(teamMeberName)): null

2018-09-05 18:02:54 - [TEST_STEP][PASSED] - Statement - linkLogmembername = linkUserName.get(i).getText(): null

2018-09-05 18:02:54 - [TEST_STEP][PASSED] - Statement - If (linkLogmembername.equals(teamMeberName)): null

2018-09-05 18:02:54 - [TEST_STEP][PASSED] - Statement - linkLogmembername = linkUserName.get(i).getText(): null

2018-09-05 18:02:54 - [TEST_STEP][PASSED] - Statement - If (linkLogmembername.equals(teamMeberName)): null

2018-09-05 18:02:54 - [TEST_STEP][PASSED] - Statement - linkLogmembername = linkUserName.get(i).getText(): null

2018-09-05 18:02:54 - [TEST_STEP][PASSED] - Statement - If (linkLogmembername.equals(teamMeberName)): null

2018-09-05 18:02:54 - [TEST_STEP][PASSED] - Statement - linkLogmembername = linkUserName.get(i).getText(): null

2018-09-05 18:02:54 - [TEST_STEP][PASSED] - Statement - If (linkLogmembername.equals(teamMeberName)): null

2018-09-05 18:02:54 - [TEST_STEP][PASSED] - Statement - linkLogmembername = linkUserName.get(i).getText(): null

2018-09-05 18:02:54 - [TEST_STEP][PASSED] - Statement - If (linkLogmembername.equals(teamMeberName)): null

2018-09-05 18:02:54 - [TEST_STEP][PASSED] - Statement - linkLogmembername = linkUserName.get(i).getText(): null

2018-09-05 18:02:54 - [TEST_STEP][PASSED] - Statement - If (linkLogmembername.equals(teamMeberName)): null

2018-09-05 18:02:54 - [TEST_STEP][PASSED] - Statement - linkLogmembername = linkUserName.get(i).getText(): null

2018-09-05 18:02:54 - [TEST_STEP][PASSED] - Statement - If (linkLogmembername.equals(teamMeberName)): null

2018-09-05 18:02:54 - [TEST_STEP][PASSED] - Statement - linkLogmembername = linkUserName.get(i).getText(): null

2018-09-05 18:02:54 - [TEST_STEP][PASSED] - Statement - If (linkLogmembername.equals(teamMeberName)): null

2018-09-05 18:02:54 - [TEST_STEP][PASSED] - Statement - linkLogmembername = linkUserName.get(i).getText(): null

2018-09-05 18:02:54 - [TEST_STEP][PASSED] - Statement - If (linkLogmembername.equals(teamMeberName)): null

2018-09-05 18:02:54 - [TEST_STEP][PASSED] - Statement - linkLogmembername = linkUserName.get(i).getText(): null

2018-09-05 18:02:54 - [TEST_STEP][PASSED] - Statement - If (linkLogmembername.equals(teamMeberName)): null

2018-09-05 18:02:54 - [TEST_STEP][PASSED] - Statement - linkLogmembername = linkUserName.get(i).getText(): null

2018-09-05 18:02:54 - [TEST_STEP][PASSED] - Statement - If (linkLogmembername.equals(teamMeberName)): null

2018-09-05 18:02:54 - [TEST_STEP][PASSED] - Statement - linkLogmembername = linkUserName.get(i).getText(): null

2018-09-05 18:02:54 - [TEST_STEP][PASSED] - Statement - If (linkLogmembername.equals(teamMeberName)): null

2018-09-05 18:02:54 - [TEST_STEP][PASSED] - Statement - linkLogmembername = linkUserName.get(i).getText(): null

2018-09-05 18:02:54 - [TEST_STEP][PASSED] - Statement - If (linkLogmembername.equals(teamMeberName)): null

2018-09-05 18:02:54 - [TEST_STEP][PASSED] - Statement - linkLogmembername = linkUserName.get(i).getText(): null

2018-09-05 18:02:54 - [TEST_STEP][PASSED] - Statement - If (linkLogmembername.equals(teamMeberName)): null

2018-09-05 18:02:54 - [TEST_STEP][PASSED] - Statement - linkLogmembername = linkUserName.get(i).getText(): null

2018-09-05 18:02:54 - [TEST_STEP][PASSED] - Statement - If (linkLogmembername.equals(teamMeberName)): null

2018-09-05 18:02:54 - [TEST_STEP][PASSED] - Statement - linkLogmembername = linkUserName.get(i).getText(): null

2018-09-05 18:02:54 - [TEST_STEP][PASSED] - Statement - If (linkLogmembername.equals(teamMeberName)): null

2018-09-05 18:02:54 - [TEST_STEP][PASSED] - Statement - js = driver: null

2018-09-05 18:02:54 - [TEST_STEP][PASSED] - Statement - js.executeScript("window.open();"): null

2018-09-05 18:02:54 - [TEST_STEP][PASSED] - Statement - currentWindow = com.kms.katalon.core.webui.keyword.WebUiBuiltInKeywords.getWindowIndex(): Current window's index is: 0

2018-09-05 18:02:54 - [MESSAGE][PASSED] - Current window's index is: 0

2018-09-05 18:02:54 - [TEST_STEP][PASSED] - switchToWindowIndex: Switched to window with index: '1'

2018-09-05 18:02:55 - [MESSAGE][PASSED] - Switched to window with index: '1'

2018-09-05 18:02:55 - [TEST_STEP][PASSED] - navigateToUrl: Navigate to 'https://dev.vcalling.in/url/UAT/?id=UAT-1-531' successfully

2018-09-05 18:02:57 - [MESSAGE][PASSED] - Navigate to 'https://dev.vcalling.in/url/UAT/?id=UAT-1-531' successfully

2018-09-05 18:02:57 - [TEST_STEP][PASSED] - Statement - currentTab = com.kms.katalon.core.webui.keyword.WebUiBuiltInKeywords.getWindowIndex(): Current window's index is: 1

2018-09-05 18:02:57 - [MESSAGE][PASSED] - Current window's index is: 1]]></system-out>
         <system-err><![CDATA[]]></system-err>
      </testcase>
      <testcase name="Test Cases/completed/TestCase2_LinkGenerateThroughGetLink/linkGenerateThroughName" classname="Test Cases/completed/TestCase2_LinkGenerateThroughGetLink/linkGenerateThroughName" status="PASSED">
         <system-out><![CDATA[2018-09-05 18:02:57 - [TEST_CASE][PASSED] - Test Cases/completed/TestCase2_LinkGenerateThroughGetLink/linkGenerateThroughName: Test Cases/completed/TestCase2_LinkGenerateThroughGetLink/linkGenerateThroughName

2018-09-05 18:02:58 - [TEST_STEP][PASSED] - callTestCase: Call Test Case 'Test Cases/BVT/aSimple_Login' successfully

2018-09-05 18:02:58 - [TEST_CASE][PASSED] - Test Cases/BVT/aSimple_Login: Test Cases/BVT/aSimple_Login

2018-09-05 18:02:58 - [TEST_STEP][PASSED] - openBrowser: Browser is opened with url: ''

2018-09-05 18:02:58 - [MESSAGE][WARNING] - A browser is already opened. Closing browser and opening a new one

2018-09-05 18:03:02 - [MESSAGE][PASSED] - Browser is opened with url: ''

2018-09-05 18:03:02 - [TEST_STEP][PASSED] - maximizeWindow: Current window maximized

2018-09-05 18:03:03 - [MESSAGE][PASSED] - Current window maximized

2018-09-05 18:03:03 - [TEST_STEP][PASSED] - navigateToUrl: Navigate to 'https://dev.vcalling.in/enterprises/UAT/Dashboard/index.html' successfully

2018-09-05 18:03:07 - [MESSAGE][PASSED] - Navigate to 'https://dev.vcalling.in/enterprises/UAT/Dashboard/index.html' successfully

2018-09-05 18:03:07 - [TEST_STEP][PASSED] - setText: Text 'testing4dea@gmail.com' is set on object 'Object Repository/Login/UserId'

2018-09-05 18:03:08 - [MESSAGE][PASSED] - Text 'testing4dea@gmail.com' is set on object 'Object Repository/Login/UserId'

2018-09-05 18:03:08 - [TEST_STEP][PASSED] - click: Object: 'Object Repository/Login/div_GET OTP' is clicked on

2018-09-05 18:03:08 - [MESSAGE][PASSED] - Object: 'Object Repository/Login/div_GET OTP' is clicked on

2018-09-05 18:03:08 - [TEST_STEP][PASSED] - waitForElementPresent: Object 'Object Repository/Login/div_SUBMIT' is present

2018-09-05 18:03:10 - [MESSAGE][PASSED] - Object 'Object Repository/Login/div_SUBMIT' is present

2018-09-05 18:03:10 - [TEST_STEP][PASSED] - Statement - If (com.kms.katalon.core.webui.keyword.WebUiBuiltInKeywords.verifyElementNotPresent(com.kms.katalon.core.testobject.ObjectRepository.findTestObject(Login/div_SUBMIT), 5, OPTIONAL)): Web element with id: 'Object Repository/Login/div_SUBMIT' located by 'By.xpath: //div[(text() = ' SUBMIT ' or . = ' SUBMIT ')]' is present after '5' second(s)

2018-09-05 18:03:16 - [MESSAGE][WARNING] - Web element with id: 'Object Repository/Login/div_SUBMIT' located by 'By.xpath: //div[(text() = ' SUBMIT ' or . = ' SUBMIT ')]' is present after '5' second(s)
[[ATTACHMENT|C:\\Users\\User\\Desktop\\Katalon Studio\\Katalon Studio\\vCallingDashboard\\Reports\\RegressionSuite\\20180905_175530\\1536150795434.png]]

2018-09-05 18:03:16 - [TEST_STEP][PASSED] - Statement - sleep(5000): null

2018-09-05 18:03:21 - [TEST_STEP][PASSED] - Statement - OTP = getOTP(): null

2018-09-05 18:03:21 - [TEST_STEP][PASSED] - Statement - host = "imap.gmail.com": null

2018-09-05 18:03:21 - [TEST_STEP][PASSED] - Statement - msg = <not implemented yet for class: org.codehaus.groovy.ast.expr.EmptyExpression>: null

2018-09-05 18:03:21 - [TEST_STEP][PASSED] - Statement - msgSub = <not implemented yet for class: org.codehaus.groovy.ast.expr.EmptyExpression>: null

2018-09-05 18:03:21 - [TEST_STEP][PASSED] - Statement - OTP = "unavailable": null

2018-09-05 18:03:21 - [TEST_STEP][PASSED] - Statement - props = new java.util.Properties(): null

2018-09-05 18:03:21 - [TEST_STEP][PASSED] - Statement - props.setProperty("mail.imap.ssl.enable", "true"): null

2018-09-05 18:03:21 - [TEST_STEP][PASSED] - Statement - session = javax.mail.Session.getInstance(props): null

2018-09-05 18:03:21 - [TEST_STEP][PASSED] - Statement - store = <not implemented yet for class: org.codehaus.groovy.ast.expr.EmptyExpression>: null

2018-09-05 18:03:21 - [TEST_STEP][PASSED] - Statement - Try: null

2018-09-05 18:03:21 - [TEST_STEP][PASSED] - Statement - store = session.getStore("imap"): null

2018-09-05 18:03:21 - [TEST_STEP][PASSED] - Statement - store.connect(host, Email, Password): null

2018-09-05 18:03:23 - [TEST_STEP][PASSED] - Statement - emailFolder = store.getFolder("INBOX"): null

2018-09-05 18:03:23 - [TEST_STEP][PASSED] - Statement - emailFolder.open(READ_WRITE): null

2018-09-05 18:03:23 - [TEST_STEP][PASSED] - Statement - messages = emailFolder.getMessages(): null

2018-09-05 18:03:23 - [TEST_STEP][PASSED] - Statement - n = length: null

2018-09-05 18:03:23 - [TEST_STEP][PASSED] - Statement - message = messages[n - 1]: null

2018-09-05 18:03:23 - [TEST_STEP][PASSED] - Statement - msgSub = message.getSubject(): null

2018-09-05 18:03:23 - [TEST_STEP][PASSED] - Statement - If (msgSub.equals("OTP to Sign In")): null

2018-09-05 18:03:23 - [TEST_STEP][PASSED] - Statement - msg = message.getContent().toString(): null

2018-09-05 18:03:24 - [TEST_STEP][PASSED] - Statement - OTP = msg.substring(msg.length() - 7): null

2018-09-05 18:03:24 - [TEST_STEP][PASSED] - Statement - message.setFlag(DELETED, true): null

2018-09-05 18:03:24 - [TEST_STEP][PASSED] - Statement - emailFolder.close(true): null

2018-09-05 18:03:25 - [TEST_STEP][PASSED] - Statement - store.close(): null

2018-09-05 18:03:25 - [TEST_STEP][PASSED] - Statement - return OTP: null

2018-09-05 18:03:25 - [TEST_STEP][PASSED] - Statement - If (OTP.equals("unavailable")): null

2018-09-05 18:03:25 - [TEST_STEP][PASSED] - Statement - Else: Text 's8487
' is set on object 'Object Repository/Login/OtpInput'

2018-09-05 18:03:25 - [TEST_STEP][PASSED] - setText: Text 's8487
' is set on object 'Object Repository/Login/OtpInput'

2018-09-05 18:03:26 - [MESSAGE][PASSED] - Text 's8487
' is set on object 'Object Repository/Login/OtpInput'

2018-09-05 18:03:26 - [TEST_STEP][PASSED] - verifyElementPresent: Object 'Object Repository/Login/afterOpenDisplay' is present

2018-09-05 18:03:27 - [MESSAGE][PASSED] - Object 'Object Repository/Login/afterOpenDisplay' is present

2018-09-05 18:03:27 - [MESSAGE][PASSED] - Call Test Case 'Test Cases/BVT/aSimple_Login' successfully

2018-09-05 18:03:27 - [TEST_STEP][PASSED] - click: Object: 'Object Repository/Dashboard_Link Generator/linkgeneratorIcon' is clicked on

2018-09-05 18:03:27 - [MESSAGE][PASSED] - Object: 'Object Repository/Dashboard_Link Generator/linkgeneratorIcon' is clicked on

2018-09-05 18:03:27 - [TEST_STEP][PASSED] - Statement - x = CustomKeywords.newPackage.newKeyword.randomString(3).toLowerCase(): newPackage.newKeyword.randomString is PASSED

2018-09-05 18:03:27 - [MESSAGE][PASSED] - newPackage.newKeyword.randomString is PASSED

2018-09-05 18:03:27 - [TEST_STEP][PASSED] - Statement - teamMeberName = x: null

2018-09-05 18:03:27 - [TEST_STEP][PASSED] - setText: Text 'ay0' is set on object 'Object Repository/AddTeamMemberDashboard/name'

2018-09-05 18:03:28 - [MESSAGE][PASSED] - Text 'ay0' is set on object 'Object Repository/AddTeamMemberDashboard/name'

2018-09-05 18:03:28 - [TEST_STEP][PASSED] - click: Object: 'Object Repository/Dashboard_Link Generator/div_GET LINK' is clicked on

2018-09-05 18:03:29 - [MESSAGE][PASSED] - Object: 'Object Repository/Dashboard_Link Generator/div_GET LINK' is clicked on

2018-09-05 18:03:29 - [TEST_STEP][PASSED] - Statement - If (com.kms.katalon.core.webui.keyword.WebUiBuiltInKeywords.verifyElementPresent(com.kms.katalon.core.testobject.ObjectRepository.findTestObject(Dashboard_Link Generator/validation), 5, OPTIONAL)): null

2018-09-05 18:03:29 - [MESSAGE][PASSED] - Object 'Object Repository/Dashboard_Link Generator/validation' is present

2018-09-05 18:03:29 - [TEST_STEP][PASSED] - Statement - validationMessage = com.kms.katalon.core.webui.keyword.WebUiBuiltInKeywords.getText(com.kms.katalon.core.testobject.ObjectRepository.findTestObject(Dashboard_Link Generator/validation)): Text of object 'Object Repository/Dashboard_Link Generator/validation' is: 'Please enter either Phone or Email'

2018-09-05 18:03:29 - [MESSAGE][PASSED] - Text of object 'Object Repository/Dashboard_Link Generator/validation' is: 'Please enter either Phone or Email'

2018-09-05 18:03:29 - [TEST_STEP][PASSED] - verifyMatch: Actual text 'Please enter either Phone or Email' and expected text 'Please enter either Phone or Email' are matched 

2018-09-05 18:03:29 - [MESSAGE][PASSED] - Actual text 'Please enter either Phone or Email' and expected text 'Please enter either Phone or Email' are matched 

2018-09-05 18:03:29 - [TEST_STEP][PASSED] - Statement - println("successful"): null]]></system-out>
         <system-err><![CDATA[]]></system-err>
      </testcase>
      <testcase name="Test Cases/completed/TestCase2_LinkGenerateThroughGetLink/LinkGenFullCustInfo" classname="Test Cases/completed/TestCase2_LinkGenerateThroughGetLink/LinkGenFullCustInfo" status="PASSED">
         <system-out><![CDATA[2018-09-05 18:03:29 - [TEST_CASE][PASSED] - Test Cases/completed/TestCase2_LinkGenerateThroughGetLink/LinkGenFullCustInfo: Test Cases/completed/TestCase2_LinkGenerateThroughGetLink/LinkGenFullCustInfo

2018-09-05 18:03:29 - [TEST_STEP][PASSED] - callTestCase: Call Test Case 'Test Cases/BVT/aSimple_Login' successfully

2018-09-05 18:03:29 - [TEST_CASE][PASSED] - Test Cases/BVT/aSimple_Login: Test Cases/BVT/aSimple_Login

2018-09-05 18:03:29 - [TEST_STEP][PASSED] - openBrowser: Browser is opened with url: ''

2018-09-05 18:03:29 - [MESSAGE][WARNING] - A browser is already opened. Closing browser and opening a new one

2018-09-05 18:03:33 - [MESSAGE][PASSED] - Browser is opened with url: ''

2018-09-05 18:03:33 - [TEST_STEP][PASSED] - maximizeWindow: Current window maximized

2018-09-05 18:03:34 - [MESSAGE][PASSED] - Current window maximized

2018-09-05 18:03:34 - [TEST_STEP][PASSED] - navigateToUrl: Navigate to 'https://dev.vcalling.in/enterprises/UAT/Dashboard/index.html' successfully

2018-09-05 18:03:39 - [MESSAGE][PASSED] - Navigate to 'https://dev.vcalling.in/enterprises/UAT/Dashboard/index.html' successfully

2018-09-05 18:03:39 - [TEST_STEP][PASSED] - setText: Text 'testing4dea@gmail.com' is set on object 'Object Repository/Login/UserId'

2018-09-05 18:03:39 - [MESSAGE][PASSED] - Text 'testing4dea@gmail.com' is set on object 'Object Repository/Login/UserId'

2018-09-05 18:03:39 - [TEST_STEP][PASSED] - click: Object: 'Object Repository/Login/div_GET OTP' is clicked on

2018-09-05 18:03:40 - [MESSAGE][PASSED] - Object: 'Object Repository/Login/div_GET OTP' is clicked on

2018-09-05 18:03:40 - [TEST_STEP][PASSED] - waitForElementPresent: Object 'Object Repository/Login/div_SUBMIT' is present

2018-09-05 18:03:42 - [MESSAGE][PASSED] - Object 'Object Repository/Login/div_SUBMIT' is present

2018-09-05 18:03:42 - [TEST_STEP][PASSED] - Statement - If (com.kms.katalon.core.webui.keyword.WebUiBuiltInKeywords.verifyElementNotPresent(com.kms.katalon.core.testobject.ObjectRepository.findTestObject(Login/div_SUBMIT), 5, OPTIONAL)): Web element with id: 'Object Repository/Login/div_SUBMIT' located by 'By.xpath: //div[(text() = ' SUBMIT ' or . = ' SUBMIT ')]' is present after '5' second(s)

2018-09-05 18:03:47 - [MESSAGE][WARNING] - Web element with id: 'Object Repository/Login/div_SUBMIT' located by 'By.xpath: //div[(text() = ' SUBMIT ' or . = ' SUBMIT ')]' is present after '5' second(s)
[[ATTACHMENT|C:\\Users\\User\\Desktop\\Katalon Studio\\Katalon Studio\\vCallingDashboard\\Reports\\RegressionSuite\\20180905_175530\\1536150827226.png]]

2018-09-05 18:03:47 - [TEST_STEP][PASSED] - Statement - sleep(5000): null

2018-09-05 18:03:52 - [TEST_STEP][PASSED] - Statement - OTP = getOTP(): null

2018-09-05 18:03:52 - [TEST_STEP][PASSED] - Statement - host = "imap.gmail.com": null

2018-09-05 18:03:52 - [TEST_STEP][PASSED] - Statement - msg = <not implemented yet for class: org.codehaus.groovy.ast.expr.EmptyExpression>: null

2018-09-05 18:03:52 - [TEST_STEP][PASSED] - Statement - msgSub = <not implemented yet for class: org.codehaus.groovy.ast.expr.EmptyExpression>: null

2018-09-05 18:03:52 - [TEST_STEP][PASSED] - Statement - OTP = "unavailable": null

2018-09-05 18:03:52 - [TEST_STEP][PASSED] - Statement - props = new java.util.Properties(): null

2018-09-05 18:03:52 - [TEST_STEP][PASSED] - Statement - props.setProperty("mail.imap.ssl.enable", "true"): null

2018-09-05 18:03:52 - [TEST_STEP][PASSED] - Statement - session = javax.mail.Session.getInstance(props): null

2018-09-05 18:03:52 - [TEST_STEP][PASSED] - Statement - store = <not implemented yet for class: org.codehaus.groovy.ast.expr.EmptyExpression>: null

2018-09-05 18:03:52 - [TEST_STEP][PASSED] - Statement - Try: null

2018-09-05 18:03:52 - [TEST_STEP][PASSED] - Statement - store = session.getStore("imap"): null

2018-09-05 18:03:52 - [TEST_STEP][PASSED] - Statement - store.connect(host, Email, Password): null

2018-09-05 18:03:54 - [TEST_STEP][PASSED] - Statement - emailFolder = store.getFolder("INBOX"): null

2018-09-05 18:03:54 - [TEST_STEP][PASSED] - Statement - emailFolder.open(READ_WRITE): null

2018-09-05 18:03:54 - [TEST_STEP][PASSED] - Statement - messages = emailFolder.getMessages(): null

2018-09-05 18:03:54 - [TEST_STEP][PASSED] - Statement - n = length: null

2018-09-05 18:03:54 - [TEST_STEP][PASSED] - Statement - message = messages[n - 1]: null

2018-09-05 18:03:54 - [TEST_STEP][PASSED] - Statement - msgSub = message.getSubject(): null

2018-09-05 18:03:55 - [TEST_STEP][PASSED] - Statement - If (msgSub.equals("OTP to Sign In")): null

2018-09-05 18:03:55 - [TEST_STEP][PASSED] - Statement - msg = message.getContent().toString(): null

2018-09-05 18:03:55 - [TEST_STEP][PASSED] - Statement - OTP = msg.substring(msg.length() - 7): null

2018-09-05 18:03:55 - [TEST_STEP][PASSED] - Statement - message.setFlag(DELETED, true): null

2018-09-05 18:03:56 - [TEST_STEP][PASSED] - Statement - emailFolder.close(true): null

2018-09-05 18:03:56 - [TEST_STEP][PASSED] - Statement - store.close(): null

2018-09-05 18:03:56 - [TEST_STEP][PASSED] - Statement - return OTP: null

2018-09-05 18:03:56 - [TEST_STEP][PASSED] - Statement - If (OTP.equals("unavailable")): null

2018-09-05 18:03:56 - [TEST_STEP][PASSED] - Statement - Else: Text 'r9608
' is set on object 'Object Repository/Login/OtpInput'

2018-09-05 18:03:56 - [TEST_STEP][PASSED] - setText: Text 'r9608
' is set on object 'Object Repository/Login/OtpInput'

2018-09-05 18:03:57 - [MESSAGE][PASSED] - Text 'r9608
' is set on object 'Object Repository/Login/OtpInput'

2018-09-05 18:03:57 - [TEST_STEP][PASSED] - verifyElementPresent: Object 'Object Repository/Login/afterOpenDisplay' is present

2018-09-05 18:03:57 - [MESSAGE][PASSED] - Object 'Object Repository/Login/afterOpenDisplay' is present

2018-09-05 18:03:57 - [MESSAGE][PASSED] - Call Test Case 'Test Cases/BVT/aSimple_Login' successfully

2018-09-05 18:03:57 - [TEST_STEP][PASSED] - callTestCase: Call Test Case 'Test Cases/commonFunctionality/linkLogCreation' successfully

2018-09-05 18:03:58 - [TEST_CASE][PASSED] - Test Cases/commonFunctionality/linkLogCreation: Test Cases/commonFunctionality/linkLogCreation

2018-09-05 18:03:58 - [TEST_STEP][PASSED] - Statement - driver = com.kms.katalon.core.webui.driver.DriverFactory.getWebDriver(): null

2018-09-05 18:03:58 - [TEST_STEP][PASSED] - click: Object: 'Object Repository/Dashboard_Link Generator/linkgeneratorIcon' is clicked on

2018-09-05 18:03:59 - [MESSAGE][PASSED] - Object: 'Object Repository/Dashboard_Link Generator/linkgeneratorIcon' is clicked on

2018-09-05 18:03:59 - [TEST_STEP][PASSED] - Statement - x = CustomKeywords.newPackage.newKeyword.randomString(3).toLowerCase(): newPackage.newKeyword.randomString is PASSED

2018-09-05 18:03:59 - [MESSAGE][PASSED] - newPackage.newKeyword.randomString is PASSED

2018-09-05 18:03:59 - [TEST_STEP][PASSED] - Statement - teamMeberName = x: null

2018-09-05 18:03:59 - [TEST_STEP][PASSED] - setText: Text 'y3m' is set on object 'Object Repository/AddTeamMemberDashboard/name'

2018-09-05 18:03:59 - [MESSAGE][PASSED] - Text 'y3m' is set on object 'Object Repository/AddTeamMemberDashboard/name'

2018-09-05 18:03:59 - [TEST_STEP][PASSED] - setText: Text 'XwI1tdceRp@gmail.com' is set on object 'Object Repository/AddTeamMemberDashboard/email'

2018-09-05 18:03:59 - [MESSAGE][PASSED] - newPackage.newKeyword.randomString is PASSED

2018-09-05 18:04:01 - [MESSAGE][PASSED] - Text 'XwI1tdceRp@gmail.com' is set on object 'Object Repository/AddTeamMemberDashboard/email'

2018-09-05 18:04:01 - [TEST_STEP][PASSED] - Statement - number = CustomKeywords.phoneNumbers.contactNumbers.randomString(9): phoneNumbers.contactNumbers.randomString is PASSED

2018-09-05 18:04:01 - [MESSAGE][PASSED] - phoneNumbers.contactNumbers.randomString is PASSED

2018-09-05 18:04:01 - [TEST_STEP][PASSED] - Statement - Mobile_Number = number: null

2018-09-05 18:04:01 - [TEST_STEP][PASSED] - setText: Text '9958871581' is set on object 'Object Repository/Dashboard_Link Generator/contactNumber'

2018-09-05 18:04:01 - [MESSAGE][PASSED] - Text '9958871581' is set on object 'Object Repository/Dashboard_Link Generator/contactNumber'

2018-09-05 18:04:01 - [TEST_STEP][PASSED] - setText: Text 'property' is set on object 'Object Repository/Dashboard_Link Generator/tag'

2018-09-05 18:04:02 - [MESSAGE][PASSED] - Text 'property' is set on object 'Object Repository/Dashboard_Link Generator/tag'

2018-09-05 18:04:02 - [TEST_STEP][PASSED] - click: Object: 'Object Repository/Dashboard_Link Generator/div_GET LINK' is clicked on

2018-09-05 18:04:02 - [MESSAGE][PASSED] - Object: 'Object Repository/Dashboard_Link Generator/div_GET LINK' is clicked on

2018-09-05 18:04:02 - [MESSAGE][PASSED] - Call Test Case 'Test Cases/commonFunctionality/linkLogCreation' successfully

2018-09-05 18:04:02 - [TEST_STEP][PASSED] - Statement - driver = com.kms.katalon.core.webui.driver.DriverFactory.getWebDriver(): null

2018-09-05 18:04:02 - [TEST_STEP][PASSED] - Statement - getLink = com.kms.katalon.core.webui.keyword.WebUiBuiltInKeywords.getAttribute(com.kms.katalon.core.testobject.ObjectRepository.findTestObject(Dashboard_Link Generator/input_link-text), "value"): Attribute 'value' of object 'Object Repository/Dashboard_Link Generator/input_link-text' is: 'https://dev.vcalling.in/url/UAT/?id=UAT-1-532'

2018-09-05 18:04:03 - [MESSAGE][PASSED] - Attribute 'value' of object 'Object Repository/Dashboard_Link Generator/input_link-text' is: 'https://dev.vcalling.in/url/UAT/?id=UAT-1-532'

2018-09-05 18:04:03 - [TEST_STEP][PASSED] - Statement - println(getLink): null

2018-09-05 18:04:03 - [TEST_STEP][PASSED] - click: Object: 'Object Repository/Dashboard_Link Generator/copyLink' is clicked on

2018-09-05 18:04:03 - [MESSAGE][PASSED] - Object: 'Object Repository/Dashboard_Link Generator/copyLink' is clicked on

2018-09-05 18:04:03 - [TEST_STEP][PASSED] - Statement - If (com.kms.katalon.core.webui.keyword.WebUiBuiltInKeywords.verifyElementPresent(com.kms.katalon.core.testobject.ObjectRepository.findTestObject(Dashboard_Link Generator/validation), 5, OPTIONAL)): null

2018-09-05 18:04:03 - [MESSAGE][PASSED] - Object 'Object Repository/Dashboard_Link Generator/validation' is present

2018-09-05 18:04:03 - [TEST_STEP][PASSED] - Statement - validationMessage = com.kms.katalon.core.webui.keyword.WebUiBuiltInKeywords.getText(com.kms.katalon.core.testobject.ObjectRepository.findTestObject(Dashboard_Link Generator/validation)): Text of object 'Object Repository/Dashboard_Link Generator/validation' is: 'Link Copied.!'

2018-09-05 18:04:03 - [MESSAGE][PASSED] - Text of object 'Object Repository/Dashboard_Link Generator/validation' is: 'Link Copied.!'

2018-09-05 18:04:03 - [TEST_STEP][PASSED] - verifyMatch: Actual text 'Link Copied.!' and expected text 'Link Copied.!' are matched 

2018-09-05 18:04:03 - [MESSAGE][PASSED] - Actual text 'Link Copied.!' and expected text 'Link Copied.!' are matched 

2018-09-05 18:04:03 - [TEST_STEP][PASSED] - Statement - println("successful"): null

2018-09-05 18:04:03 - [TEST_STEP][PASSED] - Statement - linkUserName = driver.findElements(org.openqa.selenium.By.className("text-link-log")): null

2018-09-05 18:04:03 - [TEST_STEP][PASSED] - Statement - previousCountValue = 0: null

2018-09-05 18:04:03 - [TEST_STEP][PASSED] - Statement - For ([i = 0, i < linkUserName.size(), (i++)]): null

2018-09-05 18:04:03 - [TEST_STEP][PASSED] - Statement - out.println("Admin Console: " + linkUserName.get(i).getText()): null

2018-09-05 18:04:03 - [TEST_STEP][PASSED] - Statement - linkLogmembername = linkUserName.get(i).getText(): null

2018-09-05 18:04:03 - [TEST_STEP][PASSED] - Statement - If (linkLogmembername.equals(teamMeberName)): null

2018-09-05 18:04:03 - [TEST_STEP][PASSED] - Statement - out.println("Admin Console: " + linkUserName.get(i).getText()): null

2018-09-05 18:04:03 - [TEST_STEP][PASSED] - Statement - linkLogmembername = linkUserName.get(i).getText(): null

2018-09-05 18:04:03 - [TEST_STEP][PASSED] - Statement - If (linkLogmembername.equals(teamMeberName)): null

2018-09-05 18:04:03 - [TEST_STEP][PASSED] - Statement - out.println("Admin Console: " + linkUserName.get(i).getText()): null

2018-09-05 18:04:03 - [TEST_STEP][PASSED] - Statement - linkLogmembername = linkUserName.get(i).getText(): null

2018-09-05 18:04:03 - [TEST_STEP][PASSED] - Statement - If (linkLogmembername.equals(teamMeberName)): null

2018-09-05 18:04:03 - [TEST_STEP][PASSED] - Statement - out.println("Admin Console: " + linkUserName.get(i).getText()): null

2018-09-05 18:04:03 - [TEST_STEP][PASSED] - Statement - linkLogmembername = linkUserName.get(i).getText(): null

2018-09-05 18:04:03 - [TEST_STEP][PASSED] - Statement - If (linkLogmembername.equals(teamMeberName)): null

2018-09-05 18:04:03 - [TEST_STEP][PASSED] - Statement - out.println("Admin Console: " + linkUserName.get(i).getText()): null

2018-09-05 18:04:03 - [TEST_STEP][PASSED] - Statement - linkLogmembername = linkUserName.get(i).getText(): null

2018-09-05 18:04:03 - [TEST_STEP][PASSED] - Statement - If (linkLogmembername.equals(teamMeberName)): null

2018-09-05 18:04:03 - [TEST_STEP][PASSED] - Statement - out.println("Admin Console: " + linkUserName.get(i).getText()): null

2018-09-05 18:04:03 - [TEST_STEP][PASSED] - Statement - linkLogmembername = linkUserName.get(i).getText(): null

2018-09-05 18:04:03 - [TEST_STEP][PASSED] - Statement - If (linkLogmembername.equals(teamMeberName)): null

2018-09-05 18:04:03 - [TEST_STEP][PASSED] - Statement - out.println("Admin Console: " + linkUserName.get(i).getText()): null

2018-09-05 18:04:03 - [TEST_STEP][PASSED] - Statement - linkLogmembername = linkUserName.get(i).getText(): null

2018-09-05 18:04:04 - [TEST_STEP][PASSED] - Statement - If (linkLogmembername.equals(teamMeberName)): null

2018-09-05 18:04:04 - [TEST_STEP][PASSED] - Statement - out.println("Admin Console: " + linkUserName.get(i).getText()): null

2018-09-05 18:04:04 - [TEST_STEP][PASSED] - Statement - linkLogmembername = linkUserName.get(i).getText(): null

2018-09-05 18:04:04 - [TEST_STEP][PASSED] - Statement - If (linkLogmembername.equals(teamMeberName)): null

2018-09-05 18:04:04 - [TEST_STEP][PASSED] - Statement - out.println("Admin Console: " + linkLogmembername): null

2018-09-05 18:04:04 - [TEST_STEP][PASSED] - Statement - linkUserName.get(i).click(): null

2018-09-05 18:04:04 - [TEST_STEP][PASSED] - Statement - out.println("Admin Console: " + linkUserName.get(i).getText()): null

2018-09-05 18:04:04 - [TEST_STEP][PASSED] - Statement - linkLogmembername = linkUserName.get(i).getText(): null

2018-09-05 18:04:04 - [TEST_STEP][PASSED] - Statement - If (linkLogmembername.equals(teamMeberName)): null

2018-09-05 18:04:04 - [TEST_STEP][PASSED] - Statement - out.println("Admin Console: " + linkUserName.get(i).getText()): null

2018-09-05 18:04:04 - [TEST_STEP][PASSED] - Statement - linkLogmembername = linkUserName.get(i).getText(): null

2018-09-05 18:04:04 - [TEST_STEP][PASSED] - Statement - If (linkLogmembername.equals(teamMeberName)): null

2018-09-05 18:04:04 - [TEST_STEP][PASSED] - Statement - out.println("Admin Console: " + linkUserName.get(i).getText()): null

2018-09-05 18:04:04 - [TEST_STEP][PASSED] - Statement - linkLogmembername = linkUserName.get(i).getText(): null

2018-09-05 18:04:04 - [TEST_STEP][PASSED] - Statement - If (linkLogmembername.equals(teamMeberName)): null

2018-09-05 18:04:04 - [TEST_STEP][PASSED] - Statement - out.println("Admin Console: " + linkUserName.get(i).getText()): null

2018-09-05 18:04:04 - [TEST_STEP][PASSED] - Statement - linkLogmembername = linkUserName.get(i).getText(): null

2018-09-05 18:04:04 - [TEST_STEP][PASSED] - Statement - If (linkLogmembername.equals(teamMeberName)): null

2018-09-05 18:04:04 - [TEST_STEP][PASSED] - Statement - out.println("Admin Console: " + linkUserName.get(i).getText()): null

2018-09-05 18:04:04 - [TEST_STEP][PASSED] - Statement - linkLogmembername = linkUserName.get(i).getText(): null

2018-09-05 18:04:04 - [TEST_STEP][PASSED] - Statement - If (linkLogmembername.equals(teamMeberName)): null

2018-09-05 18:04:04 - [TEST_STEP][PASSED] - Statement - out.println("Admin Console: " + linkUserName.get(i).getText()): null

2018-09-05 18:04:04 - [TEST_STEP][PASSED] - Statement - linkLogmembername = linkUserName.get(i).getText(): null

2018-09-05 18:04:04 - [TEST_STEP][PASSED] - Statement - If (linkLogmembername.equals(teamMeberName)): null

2018-09-05 18:04:04 - [TEST_STEP][PASSED] - Statement - out.println("Admin Console: " + linkUserName.get(i).getText()): null

2018-09-05 18:04:04 - [TEST_STEP][PASSED] - Statement - linkLogmembername = linkUserName.get(i).getText(): null

2018-09-05 18:04:05 - [TEST_STEP][PASSED] - Statement - If (linkLogmembername.equals(teamMeberName)): null

2018-09-05 18:04:05 - [TEST_STEP][PASSED] - Statement - out.println("Admin Console: " + linkUserName.get(i).getText()): null

2018-09-05 18:04:05 - [TEST_STEP][PASSED] - Statement - linkLogmembername = linkUserName.get(i).getText(): null

2018-09-05 18:04:05 - [TEST_STEP][PASSED] - Statement - If (linkLogmembername.equals(teamMeberName)): null

2018-09-05 18:04:05 - [TEST_STEP][PASSED] - Statement - out.println("Admin Console: " + linkUserName.get(i).getText()): null

2018-09-05 18:04:05 - [TEST_STEP][PASSED] - Statement - linkLogmembername = linkUserName.get(i).getText(): null

2018-09-05 18:04:05 - [TEST_STEP][PASSED] - Statement - If (linkLogmembername.equals(teamMeberName)): null

2018-09-05 18:04:05 - [TEST_STEP][PASSED] - Statement - out.println("Admin Console: " + linkUserName.get(i).getText()): null

2018-09-05 18:04:05 - [TEST_STEP][PASSED] - Statement - linkLogmembername = linkUserName.get(i).getText(): null

2018-09-05 18:04:05 - [TEST_STEP][PASSED] - Statement - If (linkLogmembername.equals(teamMeberName)): null

2018-09-05 18:04:05 - [TEST_STEP][PASSED] - Statement - out.println("Admin Console: " + linkUserName.get(i).getText()): null

2018-09-05 18:04:05 - [TEST_STEP][PASSED] - Statement - linkLogmembername = linkUserName.get(i).getText(): null

2018-09-05 18:04:05 - [TEST_STEP][PASSED] - Statement - If (linkLogmembername.equals(teamMeberName)): null

2018-09-05 18:04:05 - [TEST_STEP][PASSED] - Statement - out.println("Admin Console: " + linkUserName.get(i).getText()): null

2018-09-05 18:04:05 - [TEST_STEP][PASSED] - Statement - linkLogmembername = linkUserName.get(i).getText(): null

2018-09-05 18:04:05 - [TEST_STEP][PASSED] - Statement - If (linkLogmembername.equals(teamMeberName)): null

2018-09-05 18:04:05 - [TEST_STEP][PASSED] - Statement - out.println("Admin Console: " + linkUserName.get(i).getText()): null

2018-09-05 18:04:05 - [TEST_STEP][PASSED] - Statement - linkLogmembername = linkUserName.get(i).getText(): null

2018-09-05 18:04:05 - [TEST_STEP][PASSED] - Statement - If (linkLogmembername.equals(teamMeberName)): null

2018-09-05 18:04:05 - [TEST_STEP][PASSED] - Statement - out.println("Admin Console: " + linkUserName.get(i).getText()): null

2018-09-05 18:04:05 - [TEST_STEP][PASSED] - Statement - linkLogmembername = linkUserName.get(i).getText(): null

2018-09-05 18:04:05 - [TEST_STEP][PASSED] - Statement - If (linkLogmembername.equals(teamMeberName)): null

2018-09-05 18:04:05 - [TEST_STEP][PASSED] - Statement - out.println("Admin Console: " + linkUserName.get(i).getText()): null

2018-09-05 18:04:05 - [TEST_STEP][PASSED] - Statement - linkLogmembername = linkUserName.get(i).getText(): null

2018-09-05 18:04:05 - [TEST_STEP][PASSED] - Statement - If (linkLogmembername.equals(teamMeberName)): null

2018-09-05 18:04:05 - [TEST_STEP][PASSED] - Statement - out.println("Admin Console: " + linkUserName.get(i).getText()): null

2018-09-05 18:04:06 - [TEST_STEP][PASSED] - Statement - linkLogmembername = linkUserName.get(i).getText(): null

2018-09-05 18:04:06 - [TEST_STEP][PASSED] - Statement - If (linkLogmembername.equals(teamMeberName)): null

2018-09-05 18:04:06 - [TEST_STEP][PASSED] - Statement - out.println("Admin Console: " + linkUserName.get(i).getText()): null

2018-09-05 18:04:06 - [TEST_STEP][PASSED] - Statement - linkLogmembername = linkUserName.get(i).getText(): null

2018-09-05 18:04:06 - [TEST_STEP][PASSED] - Statement - If (linkLogmembername.equals(teamMeberName)): null

2018-09-05 18:04:06 - [TEST_STEP][PASSED] - Statement - out.println("Admin Console: " + linkUserName.get(i).getText()): null

2018-09-05 18:04:06 - [TEST_STEP][PASSED] - Statement - linkLogmembername = linkUserName.get(i).getText(): null

2018-09-05 18:04:06 - [TEST_STEP][PASSED] - Statement - If (linkLogmembername.equals(teamMeberName)): null

2018-09-05 18:04:06 - [TEST_STEP][PASSED] - Statement - out.println("Admin Console: " + linkUserName.get(i).getText()): null

2018-09-05 18:04:06 - [TEST_STEP][PASSED] - Statement - linkLogmembername = linkUserName.get(i).getText(): null

2018-09-05 18:04:06 - [TEST_STEP][PASSED] - Statement - If (linkLogmembername.equals(teamMeberName)): null

2018-09-05 18:04:06 - [TEST_STEP][PASSED] - Statement - out.println("Admin Console: " + linkUserName.get(i).getText()): null

2018-09-05 18:04:06 - [TEST_STEP][PASSED] - Statement - linkLogmembername = linkUserName.get(i).getText(): null

2018-09-05 18:04:06 - [TEST_STEP][PASSED] - Statement - If (linkLogmembername.equals(teamMeberName)): null

2018-09-05 18:04:06 - [TEST_STEP][PASSED] - Statement - out.println("Admin Console: " + linkUserName.get(i).getText()): null

2018-09-05 18:04:06 - [TEST_STEP][PASSED] - Statement - linkLogmembername = linkUserName.get(i).getText(): null

2018-09-05 18:04:06 - [TEST_STEP][PASSED] - Statement - If (linkLogmembername.equals(teamMeberName)): null

2018-09-05 18:04:06 - [TEST_STEP][PASSED] - Statement - out.println("Admin Console: " + linkUserName.get(i).getText()): null

2018-09-05 18:04:06 - [TEST_STEP][PASSED] - Statement - linkLogmembername = linkUserName.get(i).getText(): null

2018-09-05 18:04:06 - [TEST_STEP][PASSED] - Statement - If (linkLogmembername.equals(teamMeberName)): null

2018-09-05 18:04:06 - [TEST_STEP][PASSED] - Statement - out.println("Admin Console: " + linkUserName.get(i).getText()): null

2018-09-05 18:04:06 - [TEST_STEP][PASSED] - Statement - linkLogmembername = linkUserName.get(i).getText(): null

2018-09-05 18:04:06 - [TEST_STEP][PASSED] - Statement - If (linkLogmembername.equals(teamMeberName)): null

2018-09-05 18:04:06 - [TEST_STEP][PASSED] - Statement - out.println("Admin Console: " + linkUserName.get(i).getText()): null

2018-09-05 18:04:06 - [TEST_STEP][PASSED] - Statement - linkLogmembername = linkUserName.get(i).getText(): null

2018-09-05 18:04:06 - [TEST_STEP][PASSED] - Statement - If (linkLogmembername.equals(teamMeberName)): null

2018-09-05 18:04:06 - [TEST_STEP][PASSED] - Statement - out.println("Admin Console: " + linkUserName.get(i).getText()): null

2018-09-05 18:04:06 - [TEST_STEP][PASSED] - Statement - linkLogmembername = linkUserName.get(i).getText(): null

2018-09-05 18:04:06 - [TEST_STEP][PASSED] - Statement - If (linkLogmembername.equals(teamMeberName)): null

2018-09-05 18:04:06 - [TEST_STEP][PASSED] - Statement - out.println("Admin Console: " + linkUserName.get(i).getText()): null

2018-09-05 18:04:06 - [TEST_STEP][PASSED] - Statement - linkLogmembername = linkUserName.get(i).getText(): null

2018-09-05 18:04:06 - [TEST_STEP][PASSED] - Statement - If (linkLogmembername.equals(teamMeberName)): null

2018-09-05 18:04:06 - [TEST_STEP][PASSED] - Statement - out.println("Admin Console: " + linkUserName.get(i).getText()): null

2018-09-05 18:04:06 - [TEST_STEP][PASSED] - Statement - linkLogmembername = linkUserName.get(i).getText(): null

2018-09-05 18:04:06 - [TEST_STEP][PASSED] - Statement - If (linkLogmembername.equals(teamMeberName)): null

2018-09-05 18:04:06 - [TEST_STEP][PASSED] - Statement - out.println("Admin Console: " + linkUserName.get(i).getText()): null

2018-09-05 18:04:06 - [TEST_STEP][PASSED] - Statement - linkLogmembername = linkUserName.get(i).getText(): null

2018-09-05 18:04:06 - [TEST_STEP][PASSED] - Statement - If (linkLogmembername.equals(teamMeberName)): null

2018-09-05 18:04:06 - [TEST_STEP][PASSED] - Statement - out.println("Admin Console: " + linkUserName.get(i).getText()): null

2018-09-05 18:04:07 - [TEST_STEP][PASSED] - Statement - linkLogmembername = linkUserName.get(i).getText(): null

2018-09-05 18:04:07 - [TEST_STEP][PASSED] - Statement - If (linkLogmembername.equals(teamMeberName)): null

2018-09-05 18:04:07 - [TEST_STEP][PASSED] - Statement - out.println("Admin Console: " + linkUserName.get(i).getText()): null

2018-09-05 18:04:07 - [TEST_STEP][PASSED] - Statement - linkLogmembername = linkUserName.get(i).getText(): null

2018-09-05 18:04:07 - [TEST_STEP][PASSED] - Statement - If (linkLogmembername.equals(teamMeberName)): null

2018-09-05 18:04:07 - [TEST_STEP][PASSED] - Statement - out.println("Admin Console: " + linkUserName.get(i).getText()): null

2018-09-05 18:04:07 - [TEST_STEP][PASSED] - Statement - linkLogmembername = linkUserName.get(i).getText(): null

2018-09-05 18:04:07 - [TEST_STEP][PASSED] - Statement - If (linkLogmembername.equals(teamMeberName)): null

2018-09-05 18:04:07 - [TEST_STEP][PASSED] - Statement - out.println("Admin Console: " + linkUserName.get(i).getText()): null

2018-09-05 18:04:07 - [TEST_STEP][PASSED] - Statement - linkLogmembername = linkUserName.get(i).getText(): null

2018-09-05 18:04:07 - [TEST_STEP][PASSED] - Statement - If (linkLogmembername.equals(teamMeberName)): null

2018-09-05 18:04:07 - [TEST_STEP][PASSED] - Statement - out.println("Admin Console: " + linkUserName.get(i).getText()): null

2018-09-05 18:04:07 - [TEST_STEP][PASSED] - Statement - linkLogmembername = linkUserName.get(i).getText(): null

2018-09-05 18:04:07 - [TEST_STEP][PASSED] - Statement - If (linkLogmembername.equals(teamMeberName)): null

2018-09-05 18:04:07 - [TEST_STEP][PASSED] - Statement - out.println("Admin Console: " + linkUserName.get(i).getText()): null

2018-09-05 18:04:07 - [TEST_STEP][PASSED] - Statement - linkLogmembername = linkUserName.get(i).getText(): null

2018-09-05 18:04:07 - [TEST_STEP][PASSED] - Statement - If (linkLogmembername.equals(teamMeberName)): null

2018-09-05 18:04:07 - [TEST_STEP][PASSED] - Statement - out.println("Admin Console: " + linkUserName.get(i).getText()): null

2018-09-05 18:04:07 - [TEST_STEP][PASSED] - Statement - linkLogmembername = linkUserName.get(i).getText(): null

2018-09-05 18:04:07 - [TEST_STEP][PASSED] - Statement - If (linkLogmembername.equals(teamMeberName)): null

2018-09-05 18:04:07 - [TEST_STEP][PASSED] - Statement - out.println("Admin Console: " + linkUserName.get(i).getText()): null

2018-09-05 18:04:07 - [TEST_STEP][PASSED] - Statement - linkLogmembername = linkUserName.get(i).getText(): null

2018-09-05 18:04:07 - [TEST_STEP][PASSED] - Statement - If (linkLogmembername.equals(teamMeberName)): null

2018-09-05 18:04:07 - [TEST_STEP][PASSED] - Statement - out.println("Admin Console: " + linkUserName.get(i).getText()): null

2018-09-05 18:04:07 - [TEST_STEP][PASSED] - Statement - linkLogmembername = linkUserName.get(i).getText(): null

2018-09-05 18:04:07 - [TEST_STEP][PASSED] - Statement - If (linkLogmembername.equals(teamMeberName)): null

2018-09-05 18:04:07 - [TEST_STEP][PASSED] - Statement - out.println("Admin Console: " + linkUserName.get(i).getText()): null

2018-09-05 18:04:07 - [TEST_STEP][PASSED] - Statement - linkLogmembername = linkUserName.get(i).getText(): null

2018-09-05 18:04:07 - [TEST_STEP][PASSED] - Statement - If (linkLogmembername.equals(teamMeberName)): null

2018-09-05 18:04:07 - [TEST_STEP][PASSED] - Statement - out.println("Admin Console: " + linkUserName.get(i).getText()): null

2018-09-05 18:04:07 - [TEST_STEP][PASSED] - Statement - linkLogmembername = linkUserName.get(i).getText(): null

2018-09-05 18:04:07 - [TEST_STEP][PASSED] - Statement - If (linkLogmembername.equals(teamMeberName)): null

2018-09-05 18:04:07 - [TEST_STEP][PASSED] - Statement - out.println("Admin Console: " + linkUserName.get(i).getText()): null

2018-09-05 18:04:07 - [TEST_STEP][PASSED] - Statement - linkLogmembername = linkUserName.get(i).getText(): null

2018-09-05 18:04:07 - [TEST_STEP][PASSED] - Statement - If (linkLogmembername.equals(teamMeberName)): null

2018-09-05 18:04:07 - [TEST_STEP][PASSED] - Statement - out.println("Admin Console: " + linkUserName.get(i).getText()): null

2018-09-05 18:04:08 - [TEST_STEP][PASSED] - Statement - linkLogmembername = linkUserName.get(i).getText(): null

2018-09-05 18:04:08 - [TEST_STEP][PASSED] - Statement - If (linkLogmembername.equals(teamMeberName)): null

2018-09-05 18:04:08 - [TEST_STEP][PASSED] - Statement - out.println("Admin Console: " + linkUserName.get(i).getText()): null

2018-09-05 18:04:08 - [TEST_STEP][PASSED] - Statement - linkLogmembername = linkUserName.get(i).getText(): null

2018-09-05 18:04:08 - [TEST_STEP][PASSED] - Statement - If (linkLogmembername.equals(teamMeberName)): null

2018-09-05 18:04:08 - [TEST_STEP][PASSED] - Statement - out.println("Admin Console: " + linkUserName.get(i).getText()): null

2018-09-05 18:04:08 - [TEST_STEP][PASSED] - Statement - linkLogmembername = linkUserName.get(i).getText(): null

2018-09-05 18:04:08 - [TEST_STEP][PASSED] - Statement - If (linkLogmembername.equals(teamMeberName)): null

2018-09-05 18:04:08 - [TEST_STEP][PASSED] - Statement - out.println("Admin Console: " + linkUserName.get(i).getText()): null

2018-09-05 18:04:08 - [TEST_STEP][PASSED] - Statement - linkLogmembername = linkUserName.get(i).getText(): null

2018-09-05 18:04:08 - [TEST_STEP][PASSED] - Statement - If (linkLogmembername.equals(teamMeberName)): null

2018-09-05 18:04:08 - [TEST_STEP][PASSED] - Statement - out.println("Admin Console: " + linkUserName.get(i).getText()): null

2018-09-05 18:04:08 - [TEST_STEP][PASSED] - Statement - linkLogmembername = linkUserName.get(i).getText(): null

2018-09-05 18:04:08 - [TEST_STEP][PASSED] - Statement - If (linkLogmembername.equals(teamMeberName)): null

2018-09-05 18:04:08 - [TEST_STEP][PASSED] - Statement - out.println("Admin Console: " + linkUserName.get(i).getText()): null

2018-09-05 18:04:08 - [TEST_STEP][PASSED] - Statement - linkLogmembername = linkUserName.get(i).getText(): null

2018-09-05 18:04:08 - [TEST_STEP][PASSED] - Statement - If (linkLogmembername.equals(teamMeberName)): null

2018-09-05 18:04:08 - [TEST_STEP][PASSED] - Statement - out.println("Admin Console: " + linkUserName.get(i).getText()): null

2018-09-05 18:04:08 - [TEST_STEP][PASSED] - Statement - linkLogmembername = linkUserName.get(i).getText(): null

2018-09-05 18:04:08 - [TEST_STEP][PASSED] - Statement - If (linkLogmembername.equals(teamMeberName)): null

2018-09-05 18:04:08 - [TEST_STEP][PASSED] - Statement - out.println("Admin Console: " + linkUserName.get(i).getText()): null

2018-09-05 18:04:08 - [TEST_STEP][PASSED] - Statement - linkLogmembername = linkUserName.get(i).getText(): null

2018-09-05 18:04:08 - [TEST_STEP][PASSED] - Statement - If (linkLogmembername.equals(teamMeberName)): null

2018-09-05 18:04:08 - [TEST_STEP][PASSED] - Statement - out.println("Admin Console: " + linkUserName.get(i).getText()): null

2018-09-05 18:04:09 - [TEST_STEP][PASSED] - Statement - linkLogmembername = linkUserName.get(i).getText(): null

2018-09-05 18:04:09 - [TEST_STEP][PASSED] - Statement - If (linkLogmembername.equals(teamMeberName)): null

2018-09-05 18:04:09 - [TEST_STEP][PASSED] - Statement - js = driver: null

2018-09-05 18:04:09 - [TEST_STEP][PASSED] - Statement - js.executeScript("window.open();"): null

2018-09-05 18:04:09 - [TEST_STEP][PASSED] - Statement - currentWindow = com.kms.katalon.core.webui.keyword.WebUiBuiltInKeywords.getWindowIndex(): Current window's index is: 0

2018-09-05 18:04:09 - [MESSAGE][PASSED] - Current window's index is: 0

2018-09-05 18:04:09 - [TEST_STEP][PASSED] - switchToWindowIndex: Switched to window with index: '1'

2018-09-05 18:04:09 - [MESSAGE][PASSED] - Switched to window with index: '1'

2018-09-05 18:04:09 - [TEST_STEP][PASSED] - navigateToUrl: Navigate to 'https://dev.vcalling.in/url/UAT/?id=UAT-1-532' successfully

2018-09-05 18:04:12 - [MESSAGE][PASSED] - Navigate to 'https://dev.vcalling.in/url/UAT/?id=UAT-1-532' successfully

2018-09-05 18:04:12 - [TEST_STEP][PASSED] - Statement - currentTab = com.kms.katalon.core.webui.keyword.WebUiBuiltInKeywords.getWindowIndex(): Current window's index is: 1

2018-09-05 18:04:12 - [MESSAGE][PASSED] - Current window's index is: 1

2018-09-05 18:04:12 - [TEST_STEP][PASSED] - switchToWindowIndex: Switched to window with index: '0'

2018-09-05 18:04:12 - [MESSAGE][PASSED] - Switched to window with index: '0'

2018-09-05 18:04:12 - [TEST_STEP][PASSED] - refresh: Refresh successfully

2018-09-05 18:04:12 - [MESSAGE][PASSED] - Refresh successfully

2018-09-05 18:04:12 - [TEST_STEP][PASSED] - acceptAlert: Alert accepted

2018-09-05 18:04:12 - [MESSAGE][PASSED] - Alert accepted]]></system-out>
         <system-err><![CDATA[]]></system-err>
      </testcase>
      <testcase name="Test Cases/completed/TestCase2_LinkGenerateThroughGetLink/LinkGenrateThroughMail,Number" classname="Test Cases/completed/TestCase2_LinkGenerateThroughGetLink/LinkGenrateThroughMail,Number" status="PASSED">
         <system-out><![CDATA[2018-09-05 18:04:12 - [TEST_CASE][PASSED] - Test Cases/completed/TestCase2_LinkGenerateThroughGetLink/LinkGenrateThroughMail,Number: Test Cases/completed/TestCase2_LinkGenerateThroughGetLink/LinkGenrateThroughMail,Number

2018-09-05 18:04:13 - [TEST_STEP][PASSED] - callTestCase: Call Test Case 'Test Cases/BVT/aSimple_Login' successfully

2018-09-05 18:04:13 - [TEST_CASE][PASSED] - Test Cases/BVT/aSimple_Login: Test Cases/BVT/aSimple_Login

2018-09-05 18:04:13 - [TEST_STEP][PASSED] - openBrowser: Browser is opened with url: ''

2018-09-05 18:04:13 - [MESSAGE][WARNING] - A browser is already opened. Closing browser and opening a new one

2018-09-05 18:04:17 - [MESSAGE][PASSED] - Browser is opened with url: ''

2018-09-05 18:04:17 - [TEST_STEP][PASSED] - maximizeWindow: Current window maximized

2018-09-05 18:04:18 - [MESSAGE][PASSED] - Current window maximized

2018-09-05 18:04:18 - [TEST_STEP][PASSED] - navigateToUrl: Navigate to 'https://dev.vcalling.in/enterprises/UAT/Dashboard/index.html' successfully

2018-09-05 18:04:22 - [MESSAGE][PASSED] - Navigate to 'https://dev.vcalling.in/enterprises/UAT/Dashboard/index.html' successfully

2018-09-05 18:04:22 - [TEST_STEP][PASSED] - setText: Text 'testing4dea@gmail.com' is set on object 'Object Repository/Login/UserId'

2018-09-05 18:04:23 - [MESSAGE][PASSED] - Text 'testing4dea@gmail.com' is set on object 'Object Repository/Login/UserId'

2018-09-05 18:04:23 - [TEST_STEP][PASSED] - click: Object: 'Object Repository/Login/div_GET OTP' is clicked on

2018-09-05 18:04:23 - [MESSAGE][PASSED] - Object: 'Object Repository/Login/div_GET OTP' is clicked on

2018-09-05 18:04:23 - [TEST_STEP][PASSED] - waitForElementPresent: Object 'Object Repository/Login/div_SUBMIT' is present

2018-09-05 18:04:25 - [MESSAGE][PASSED] - Object 'Object Repository/Login/div_SUBMIT' is present

2018-09-05 18:04:25 - [TEST_STEP][PASSED] - Statement - If (com.kms.katalon.core.webui.keyword.WebUiBuiltInKeywords.verifyElementNotPresent(com.kms.katalon.core.testobject.ObjectRepository.findTestObject(Login/div_SUBMIT), 5, OPTIONAL)): Web element with id: 'Object Repository/Login/div_SUBMIT' located by 'By.xpath: //div[(text() = ' SUBMIT ' or . = ' SUBMIT ')]' is present after '5' second(s)

2018-09-05 18:04:31 - [MESSAGE][WARNING] - Web element with id: 'Object Repository/Login/div_SUBMIT' located by 'By.xpath: //div[(text() = ' SUBMIT ' or . = ' SUBMIT ')]' is present after '5' second(s)
[[ATTACHMENT|C:\\Users\\User\\Desktop\\Katalon Studio\\Katalon Studio\\vCallingDashboard\\Reports\\RegressionSuite\\20180905_175530\\1536150870561.png]]

2018-09-05 18:04:31 - [TEST_STEP][PASSED] - Statement - sleep(5000): null

2018-09-05 18:04:36 - [TEST_STEP][PASSED] - Statement - OTP = getOTP(): null

2018-09-05 18:04:36 - [TEST_STEP][PASSED] - Statement - host = "imap.gmail.com": null

2018-09-05 18:04:36 - [TEST_STEP][PASSED] - Statement - msg = <not implemented yet for class: org.codehaus.groovy.ast.expr.EmptyExpression>: null

2018-09-05 18:04:36 - [TEST_STEP][PASSED] - Statement - msgSub = <not implemented yet for class: org.codehaus.groovy.ast.expr.EmptyExpression>: null

2018-09-05 18:04:36 - [TEST_STEP][PASSED] - Statement - OTP = "unavailable": null

2018-09-05 18:04:36 - [TEST_STEP][PASSED] - Statement - props = new java.util.Properties(): null

2018-09-05 18:04:36 - [TEST_STEP][PASSED] - Statement - props.setProperty("mail.imap.ssl.enable", "true"): null

2018-09-05 18:04:36 - [TEST_STEP][PASSED] - Statement - session = javax.mail.Session.getInstance(props): null

2018-09-05 18:04:36 - [TEST_STEP][PASSED] - Statement - store = <not implemented yet for class: org.codehaus.groovy.ast.expr.EmptyExpression>: null

2018-09-05 18:04:36 - [TEST_STEP][PASSED] - Statement - Try: null

2018-09-05 18:04:36 - [TEST_STEP][PASSED] - Statement - store = session.getStore("imap"): null

2018-09-05 18:04:36 - [TEST_STEP][PASSED] - Statement - store.connect(host, Email, Password): null

2018-09-05 18:04:37 - [TEST_STEP][PASSED] - Statement - emailFolder = store.getFolder("INBOX"): null

2018-09-05 18:04:37 - [TEST_STEP][PASSED] - Statement - emailFolder.open(READ_WRITE): null

2018-09-05 18:04:38 - [TEST_STEP][PASSED] - Statement - messages = emailFolder.getMessages(): null

2018-09-05 18:04:38 - [TEST_STEP][PASSED] - Statement - n = length: null

2018-09-05 18:04:38 - [TEST_STEP][PASSED] - Statement - message = messages[n - 1]: null

2018-09-05 18:04:38 - [TEST_STEP][PASSED] - Statement - msgSub = message.getSubject(): null

2018-09-05 18:04:38 - [TEST_STEP][PASSED] - Statement - If (msgSub.equals("OTP to Sign In")): null

2018-09-05 18:04:38 - [TEST_STEP][PASSED] - Statement - msg = message.getContent().toString(): null

2018-09-05 18:04:39 - [TEST_STEP][PASSED] - Statement - OTP = msg.substring(msg.length() - 7): null

2018-09-05 18:04:39 - [TEST_STEP][PASSED] - Statement - message.setFlag(DELETED, true): null

2018-09-05 18:04:39 - [TEST_STEP][PASSED] - Statement - emailFolder.close(true): null

2018-09-05 18:04:40 - [TEST_STEP][PASSED] - Statement - store.close(): null

2018-09-05 18:04:40 - [TEST_STEP][PASSED] - Statement - return OTP: null

2018-09-05 18:04:40 - [TEST_STEP][PASSED] - Statement - If (OTP.equals("unavailable")): null

2018-09-05 18:04:40 - [TEST_STEP][PASSED] - Statement - Else: Text 'l1338
' is set on object 'Object Repository/Login/OtpInput'

2018-09-05 18:04:40 - [TEST_STEP][PASSED] - setText: Text 'l1338
' is set on object 'Object Repository/Login/OtpInput'

2018-09-05 18:04:40 - [MESSAGE][PASSED] - Text 'l1338
' is set on object 'Object Repository/Login/OtpInput'

2018-09-05 18:04:40 - [TEST_STEP][PASSED] - verifyElementPresent: Object 'Object Repository/Login/afterOpenDisplay' is present

2018-09-05 18:04:42 - [MESSAGE][PASSED] - Object 'Object Repository/Login/afterOpenDisplay' is present

2018-09-05 18:04:42 - [MESSAGE][PASSED] - Call Test Case 'Test Cases/BVT/aSimple_Login' successfully

2018-09-05 18:04:42 - [TEST_STEP][PASSED] - Statement - driver = com.kms.katalon.core.webui.driver.DriverFactory.getWebDriver(): null

2018-09-05 18:04:42 - [TEST_STEP][PASSED] - click: Object: 'Object Repository/Dashboard_Link Generator/linkgeneratorIcon' is clicked on

2018-09-05 18:04:42 - [MESSAGE][PASSED] - Object: 'Object Repository/Dashboard_Link Generator/linkgeneratorIcon' is clicked on

2018-09-05 18:04:42 - [TEST_STEP][PASSED] - Statement - x = CustomKeywords.newPackage.newKeyword.randomString(3).toLowerCase(): newPackage.newKeyword.randomString is PASSED

2018-09-05 18:04:42 - [MESSAGE][PASSED] - newPackage.newKeyword.randomString is PASSED

2018-09-05 18:04:42 - [TEST_STEP][PASSED] - Statement - teamMeberName = x: null

2018-09-05 18:04:42 - [TEST_STEP][PASSED] - setText: Text 'js2' is set on object 'Object Repository/AddTeamMemberDashboard/name'

2018-09-05 18:04:43 - [MESSAGE][PASSED] - Text 'js2' is set on object 'Object Repository/AddTeamMemberDashboard/name'

2018-09-05 18:04:43 - [TEST_STEP][PASSED] - setText: Text 'ji1WGX3iKv@gmail.com' is set on object 'Object Repository/AddTeamMemberDashboard/email'

2018-09-05 18:04:43 - [MESSAGE][PASSED] - newPackage.newKeyword.randomString is PASSED

2018-09-05 18:04:43 - [MESSAGE][PASSED] - Text 'ji1WGX3iKv@gmail.com' is set on object 'Object Repository/AddTeamMemberDashboard/email'

2018-09-05 18:04:43 - [TEST_STEP][PASSED] - Statement - number = CustomKeywords.phoneNumbers.contactNumbers.randomString(9): phoneNumbers.contactNumbers.randomString is PASSED

2018-09-05 18:04:43 - [MESSAGE][PASSED] - phoneNumbers.contactNumbers.randomString is PASSED

2018-09-05 18:04:43 - [TEST_STEP][PASSED] - Statement - Mobile_Number = number: null

2018-09-05 18:04:43 - [TEST_STEP][PASSED] - setText: Text '7651504821' is set on object 'Object Repository/Dashboard_Link Generator/contactNumber'

2018-09-05 18:04:44 - [MESSAGE][PASSED] - Text '7651504821' is set on object 'Object Repository/Dashboard_Link Generator/contactNumber'

2018-09-05 18:04:44 - [TEST_STEP][PASSED] - click: Object: 'Object Repository/Dashboard_Link Generator/div_GET LINK' is clicked on

2018-09-05 18:04:44 - [MESSAGE][PASSED] - Object: 'Object Repository/Dashboard_Link Generator/div_GET LINK' is clicked on

2018-09-05 18:04:44 - [TEST_STEP][PASSED] - Statement - getLink = com.kms.katalon.core.webui.keyword.WebUiBuiltInKeywords.getAttribute(com.kms.katalon.core.testobject.ObjectRepository.findTestObject(Dashboard_Link Generator/input_link-text), "value"): Attribute 'value' of object 'Object Repository/Dashboard_Link Generator/input_link-text' is: 'https://dev.vcalling.in/url/UAT/?id=UAT-1-533'

2018-09-05 18:04:45 - [MESSAGE][PASSED] - Attribute 'value' of object 'Object Repository/Dashboard_Link Generator/input_link-text' is: 'https://dev.vcalling.in/url/UAT/?id=UAT-1-533'

2018-09-05 18:04:45 - [TEST_STEP][PASSED] - Statement - println(getLink): null

2018-09-05 18:04:45 - [TEST_STEP][PASSED] - click: Object: 'Object Repository/Dashboard_Link Generator/copyLink' is clicked on

2018-09-05 18:04:45 - [MESSAGE][PASSED] - Object: 'Object Repository/Dashboard_Link Generator/copyLink' is clicked on

2018-09-05 18:04:45 - [TEST_STEP][PASSED] - Statement - If (com.kms.katalon.core.webui.keyword.WebUiBuiltInKeywords.verifyElementPresent(com.kms.katalon.core.testobject.ObjectRepository.findTestObject(Dashboard_Link Generator/validation), 5, OPTIONAL)): null

2018-09-05 18:04:45 - [MESSAGE][PASSED] - Object 'Object Repository/Dashboard_Link Generator/validation' is present

2018-09-05 18:04:45 - [TEST_STEP][PASSED] - Statement - validationMessage = com.kms.katalon.core.webui.keyword.WebUiBuiltInKeywords.getText(com.kms.katalon.core.testobject.ObjectRepository.findTestObject(Dashboard_Link Generator/validation)): Text of object 'Object Repository/Dashboard_Link Generator/validation' is: 'Link Copied.!'

2018-09-05 18:04:45 - [MESSAGE][PASSED] - Text of object 'Object Repository/Dashboard_Link Generator/validation' is: 'Link Copied.!'

2018-09-05 18:04:45 - [TEST_STEP][PASSED] - verifyMatch: Actual text 'Link Copied.!' and expected text 'Link Copied.!' are matched 

2018-09-05 18:04:45 - [MESSAGE][PASSED] - Actual text 'Link Copied.!' and expected text 'Link Copied.!' are matched 

2018-09-05 18:04:45 - [TEST_STEP][PASSED] - Statement - println("successful"): null

2018-09-05 18:04:45 - [TEST_STEP][PASSED] - Statement - linkUserName = driver.findElements(org.openqa.selenium.By.className("text-link-log")): null

2018-09-05 18:04:45 - [TEST_STEP][PASSED] - Statement - previousCountValue = 0: null

2018-09-05 18:04:45 - [TEST_STEP][PASSED] - Statement - For ([i = 0, i < linkUserName.size(), (i++)]): null

2018-09-05 18:04:45 - [TEST_STEP][PASSED] - Statement - out.println("Admin Console: " + linkUserName.get(i).getText()): null

2018-09-05 18:04:45 - [TEST_STEP][PASSED] - Statement - linkLogmembername = linkUserName.get(i).getText(): null

2018-09-05 18:04:45 - [TEST_STEP][PASSED] - Statement - If (linkLogmembername.equals(teamMeberName)): null

2018-09-05 18:04:45 - [TEST_STEP][PASSED] - Statement - out.println("Admin Console: " + linkUserName.get(i).getText()): null

2018-09-05 18:04:45 - [TEST_STEP][PASSED] - Statement - linkLogmembername = linkUserName.get(i).getText(): null

2018-09-05 18:04:45 - [TEST_STEP][PASSED] - Statement - If (linkLogmembername.equals(teamMeberName)): null

2018-09-05 18:04:45 - [TEST_STEP][PASSED] - Statement - out.println("Admin Console: " + linkUserName.get(i).getText()): null

2018-09-05 18:04:45 - [TEST_STEP][PASSED] - Statement - linkLogmembername = linkUserName.get(i).getText(): null

2018-09-05 18:04:45 - [TEST_STEP][PASSED] - Statement - If (linkLogmembername.equals(teamMeberName)): null

2018-09-05 18:04:45 - [TEST_STEP][PASSED] - Statement - out.println("Admin Console: " + linkUserName.get(i).getText()): null

2018-09-05 18:04:45 - [TEST_STEP][PASSED] - Statement - linkLogmembername = linkUserName.get(i).getText(): null

2018-09-05 18:04:46 - [TEST_STEP][PASSED] - Statement - If (linkLogmembername.equals(teamMeberName)): null

2018-09-05 18:04:46 - [TEST_STEP][PASSED] - Statement - out.println("Admin Console: " + linkUserName.get(i).getText()): null

2018-09-05 18:04:46 - [TEST_STEP][PASSED] - Statement - linkLogmembername = linkUserName.get(i).getText(): null

2018-09-05 18:04:46 - [TEST_STEP][PASSED] - Statement - If (linkLogmembername.equals(teamMeberName)): null

2018-09-05 18:04:46 - [TEST_STEP][PASSED] - Statement - out.println("Admin Console: " + linkUserName.get(i).getText()): null

2018-09-05 18:04:46 - [TEST_STEP][PASSED] - Statement - linkLogmembername = linkUserName.get(i).getText(): null

2018-09-05 18:04:46 - [TEST_STEP][PASSED] - Statement - If (linkLogmembername.equals(teamMeberName)): null

2018-09-05 18:04:46 - [TEST_STEP][PASSED] - Statement - out.println("Admin Console: " + linkUserName.get(i).getText()): null

2018-09-05 18:04:46 - [TEST_STEP][PASSED] - Statement - linkLogmembername = linkUserName.get(i).getText(): null

2018-09-05 18:04:46 - [TEST_STEP][PASSED] - Statement - If (linkLogmembername.equals(teamMeberName)): null

2018-09-05 18:04:46 - [TEST_STEP][PASSED] - Statement - out.println("Admin Console: " + linkUserName.get(i).getText()): null

2018-09-05 18:04:46 - [TEST_STEP][PASSED] - Statement - linkLogmembername = linkUserName.get(i).getText(): null

2018-09-05 18:04:46 - [TEST_STEP][PASSED] - Statement - If (linkLogmembername.equals(teamMeberName)): null

2018-09-05 18:04:46 - [TEST_STEP][PASSED] - Statement - out.println("Admin Console: " + linkLogmembername): null

2018-09-05 18:04:46 - [TEST_STEP][PASSED] - Statement - linkUserName.get(i).click(): null

2018-09-05 18:04:46 - [TEST_STEP][PASSED] - Statement - out.println("Admin Console: " + linkUserName.get(i).getText()): null

2018-09-05 18:04:46 - [TEST_STEP][PASSED] - Statement - linkLogmembername = linkUserName.get(i).getText(): null

2018-09-05 18:04:46 - [TEST_STEP][PASSED] - Statement - If (linkLogmembername.equals(teamMeberName)): null

2018-09-05 18:04:46 - [TEST_STEP][PASSED] - Statement - out.println("Admin Console: " + linkUserName.get(i).getText()): null

2018-09-05 18:04:46 - [TEST_STEP][PASSED] - Statement - linkLogmembername = linkUserName.get(i).getText(): null

2018-09-05 18:04:46 - [TEST_STEP][PASSED] - Statement - If (linkLogmembername.equals(teamMeberName)): null

2018-09-05 18:04:46 - [TEST_STEP][PASSED] - Statement - out.println("Admin Console: " + linkUserName.get(i).getText()): null

2018-09-05 18:04:46 - [TEST_STEP][PASSED] - Statement - linkLogmembername = linkUserName.get(i).getText(): null

2018-09-05 18:04:46 - [TEST_STEP][PASSED] - Statement - If (linkLogmembername.equals(teamMeberName)): null

2018-09-05 18:04:46 - [TEST_STEP][PASSED] - Statement - out.println("Admin Console: " + linkUserName.get(i).getText()): null

2018-09-05 18:04:47 - [TEST_STEP][PASSED] - Statement - linkLogmembername = linkUserName.get(i).getText(): null

2018-09-05 18:04:47 - [TEST_STEP][PASSED] - Statement - If (linkLogmembername.equals(teamMeberName)): null

2018-09-05 18:04:47 - [TEST_STEP][PASSED] - Statement - out.println("Admin Console: " + linkUserName.get(i).getText()): null

2018-09-05 18:04:47 - [TEST_STEP][PASSED] - Statement - linkLogmembername = linkUserName.get(i).getText(): null

2018-09-05 18:04:47 - [TEST_STEP][PASSED] - Statement - If (linkLogmembername.equals(teamMeberName)): null

2018-09-05 18:04:47 - [TEST_STEP][PASSED] - Statement - out.println("Admin Console: " + linkUserName.get(i).getText()): null

2018-09-05 18:04:47 - [TEST_STEP][PASSED] - Statement - linkLogmembername = linkUserName.get(i).getText(): null

2018-09-05 18:04:47 - [TEST_STEP][PASSED] - Statement - If (linkLogmembername.equals(teamMeberName)): null

2018-09-05 18:04:47 - [TEST_STEP][PASSED] - Statement - out.println("Admin Console: " + linkUserName.get(i).getText()): null

2018-09-05 18:04:47 - [TEST_STEP][PASSED] - Statement - linkLogmembername = linkUserName.get(i).getText(): null

2018-09-05 18:04:47 - [TEST_STEP][PASSED] - Statement - If (linkLogmembername.equals(teamMeberName)): null

2018-09-05 18:04:47 - [TEST_STEP][PASSED] - Statement - out.println("Admin Console: " + linkUserName.get(i).getText()): null

2018-09-05 18:04:47 - [TEST_STEP][PASSED] - Statement - linkLogmembername = linkUserName.get(i).getText(): null

2018-09-05 18:04:47 - [TEST_STEP][PASSED] - Statement - If (linkLogmembername.equals(teamMeberName)): null

2018-09-05 18:04:47 - [TEST_STEP][PASSED] - Statement - out.println("Admin Console: " + linkUserName.get(i).getText()): null

2018-09-05 18:04:47 - [TEST_STEP][PASSED] - Statement - linkLogmembername = linkUserName.get(i).getText(): null

2018-09-05 18:04:47 - [TEST_STEP][PASSED] - Statement - If (linkLogmembername.equals(teamMeberName)): null

2018-09-05 18:04:47 - [TEST_STEP][PASSED] - Statement - out.println("Admin Console: " + linkUserName.get(i).getText()): null

2018-09-05 18:04:47 - [TEST_STEP][PASSED] - Statement - linkLogmembername = linkUserName.get(i).getText(): null

2018-09-05 18:04:47 - [TEST_STEP][PASSED] - Statement - If (linkLogmembername.equals(teamMeberName)): null

2018-09-05 18:04:47 - [TEST_STEP][PASSED] - Statement - out.println("Admin Console: " + linkUserName.get(i).getText()): null

2018-09-05 18:04:47 - [TEST_STEP][PASSED] - Statement - linkLogmembername = linkUserName.get(i).getText(): null

2018-09-05 18:04:47 - [TEST_STEP][PASSED] - Statement - If (linkLogmembername.equals(teamMeberName)): null

2018-09-05 18:04:47 - [TEST_STEP][PASSED] - Statement - out.println("Admin Console: " + linkUserName.get(i).getText()): null

2018-09-05 18:04:47 - [TEST_STEP][PASSED] - Statement - linkLogmembername = linkUserName.get(i).getText(): null

2018-09-05 18:04:47 - [TEST_STEP][PASSED] - Statement - If (linkLogmembername.equals(teamMeberName)): null

2018-09-05 18:04:47 - [TEST_STEP][PASSED] - Statement - out.println("Admin Console: " + linkUserName.get(i).getText()): null

2018-09-05 18:04:47 - [TEST_STEP][PASSED] - Statement - linkLogmembername = linkUserName.get(i).getText(): null

2018-09-05 18:04:47 - [TEST_STEP][PASSED] - Statement - If (linkLogmembername.equals(teamMeberName)): null

2018-09-05 18:04:47 - [TEST_STEP][PASSED] - Statement - out.println("Admin Console: " + linkUserName.get(i).getText()): null

2018-09-05 18:04:47 - [TEST_STEP][PASSED] - Statement - linkLogmembername = linkUserName.get(i).getText(): null

2018-09-05 18:04:47 - [TEST_STEP][PASSED] - Statement - If (linkLogmembername.equals(teamMeberName)): null

2018-09-05 18:04:47 - [TEST_STEP][PASSED] - Statement - out.println("Admin Console: " + linkUserName.get(i).getText()): null

2018-09-05 18:04:47 - [TEST_STEP][PASSED] - Statement - linkLogmembername = linkUserName.get(i).getText(): null

2018-09-05 18:04:47 - [TEST_STEP][PASSED] - Statement - If (linkLogmembername.equals(teamMeberName)): null

2018-09-05 18:04:47 - [TEST_STEP][PASSED] - Statement - out.println("Admin Console: " + linkUserName.get(i).getText()): null

2018-09-05 18:04:47 - [TEST_STEP][PASSED] - Statement - linkLogmembername = linkUserName.get(i).getText(): null

2018-09-05 18:04:47 - [TEST_STEP][PASSED] - Statement - If (linkLogmembername.equals(teamMeberName)): null

2018-09-05 18:04:47 - [TEST_STEP][PASSED] - Statement - out.println("Admin Console: " + linkUserName.get(i).getText()): null

2018-09-05 18:04:47 - [TEST_STEP][PASSED] - Statement - linkLogmembername = linkUserName.get(i).getText(): null

2018-09-05 18:04:47 - [TEST_STEP][PASSED] - Statement - If (linkLogmembername.equals(teamMeberName)): null

2018-09-05 18:04:47 - [TEST_STEP][PASSED] - Statement - out.println("Admin Console: " + linkUserName.get(i).getText()): null

2018-09-05 18:04:48 - [TEST_STEP][PASSED] - Statement - linkLogmembername = linkUserName.get(i).getText(): null

2018-09-05 18:04:48 - [TEST_STEP][PASSED] - Statement - If (linkLogmembername.equals(teamMeberName)): null

2018-09-05 18:04:48 - [TEST_STEP][PASSED] - Statement - out.println("Admin Console: " + linkUserName.get(i).getText()): null

2018-09-05 18:04:48 - [TEST_STEP][PASSED] - Statement - linkLogmembername = linkUserName.get(i).getText(): null

2018-09-05 18:04:48 - [TEST_STEP][PASSED] - Statement - If (linkLogmembername.equals(teamMeberName)): null

2018-09-05 18:04:48 - [TEST_STEP][PASSED] - Statement - out.println("Admin Console: " + linkUserName.get(i).getText()): null

2018-09-05 18:04:48 - [TEST_STEP][PASSED] - Statement - linkLogmembername = linkUserName.get(i).getText(): null

2018-09-05 18:04:48 - [TEST_STEP][PASSED] - Statement - If (linkLogmembername.equals(teamMeberName)): null

2018-09-05 18:04:48 - [TEST_STEP][PASSED] - Statement - out.println("Admin Console: " + linkUserName.get(i).getText()): null

2018-09-05 18:04:48 - [TEST_STEP][PASSED] - Statement - linkLogmembername = linkUserName.get(i).getText(): null

2018-09-05 18:04:48 - [TEST_STEP][PASSED] - Statement - If (linkLogmembername.equals(teamMeberName)): null

2018-09-05 18:04:48 - [TEST_STEP][PASSED] - Statement - out.println("Admin Console: " + linkUserName.get(i).getText()): null

2018-09-05 18:04:48 - [TEST_STEP][PASSED] - Statement - linkLogmembername = linkUserName.get(i).getText(): null

2018-09-05 18:04:48 - [TEST_STEP][PASSED] - Statement - If (linkLogmembername.equals(teamMeberName)): null

2018-09-05 18:04:48 - [TEST_STEP][PASSED] - Statement - out.println("Admin Console: " + linkUserName.get(i).getText()): null

2018-09-05 18:04:48 - [TEST_STEP][PASSED] - Statement - linkLogmembername = linkUserName.get(i).getText(): null

2018-09-05 18:04:48 - [TEST_STEP][PASSED] - Statement - If (linkLogmembername.equals(teamMeberName)): null

2018-09-05 18:04:48 - [TEST_STEP][PASSED] - Statement - out.println("Admin Console: " + linkUserName.get(i).getText()): null

2018-09-05 18:04:48 - [TEST_STEP][PASSED] - Statement - linkLogmembername = linkUserName.get(i).getText(): null

2018-09-05 18:04:48 - [TEST_STEP][PASSED] - Statement - If (linkLogmembername.equals(teamMeberName)): null

2018-09-05 18:04:48 - [TEST_STEP][PASSED] - Statement - out.println("Admin Console: " + linkUserName.get(i).getText()): null

2018-09-05 18:04:48 - [TEST_STEP][PASSED] - Statement - linkLogmembername = linkUserName.get(i).getText(): null

2018-09-05 18:04:48 - [TEST_STEP][PASSED] - Statement - If (linkLogmembername.equals(teamMeberName)): null

2018-09-05 18:04:48 - [TEST_STEP][PASSED] - Statement - out.println("Admin Console: " + linkUserName.get(i).getText()): null

2018-09-05 18:04:48 - [TEST_STEP][PASSED] - Statement - linkLogmembername = linkUserName.get(i).getText(): null

2018-09-05 18:04:48 - [TEST_STEP][PASSED] - Statement - If (linkLogmembername.equals(teamMeberName)): null

2018-09-05 18:04:48 - [TEST_STEP][PASSED] - Statement - out.println("Admin Console: " + linkUserName.get(i).getText()): null

2018-09-05 18:04:48 - [TEST_STEP][PASSED] - Statement - linkLogmembername = linkUserName.get(i).getText(): null

2018-09-05 18:04:48 - [TEST_STEP][PASSED] - Statement - If (linkLogmembername.equals(teamMeberName)): null

2018-09-05 18:04:48 - [TEST_STEP][PASSED] - Statement - out.println("Admin Console: " + linkUserName.get(i).getText()): null

2018-09-05 18:04:48 - [TEST_STEP][PASSED] - Statement - linkLogmembername = linkUserName.get(i).getText(): null

2018-09-05 18:04:48 - [TEST_STEP][PASSED] - Statement - If (linkLogmembername.equals(teamMeberName)): null

2018-09-05 18:04:48 - [TEST_STEP][PASSED] - Statement - out.println("Admin Console: " + linkUserName.get(i).getText()): null

2018-09-05 18:04:48 - [TEST_STEP][PASSED] - Statement - linkLogmembername = linkUserName.get(i).getText(): null

2018-09-05 18:04:48 - [TEST_STEP][PASSED] - Statement - If (linkLogmembername.equals(teamMeberName)): null

2018-09-05 18:04:48 - [TEST_STEP][PASSED] - Statement - out.println("Admin Console: " + linkUserName.get(i).getText()): null

2018-09-05 18:04:48 - [TEST_STEP][PASSED] - Statement - linkLogmembername = linkUserName.get(i).getText(): null

2018-09-05 18:04:48 - [TEST_STEP][PASSED] - Statement - If (linkLogmembername.equals(teamMeberName)): null

2018-09-05 18:04:48 - [TEST_STEP][PASSED] - Statement - out.println("Admin Console: " + linkUserName.get(i).getText()): null

2018-09-05 18:04:48 - [TEST_STEP][PASSED] - Statement - linkLogmembername = linkUserName.get(i).getText(): null

2018-09-05 18:04:48 - [TEST_STEP][PASSED] - Statement - If (linkLogmembername.equals(teamMeberName)): null

2018-09-05 18:04:48 - [TEST_STEP][PASSED] - Statement - out.println("Admin Console: " + linkUserName.get(i).getText()): null

2018-09-05 18:04:48 - [TEST_STEP][PASSED] - Statement - linkLogmembername = linkUserName.get(i).getText(): null

2018-09-05 18:04:48 - [TEST_STEP][PASSED] - Statement - If (linkLogmembername.equals(teamMeberName)): null

2018-09-05 18:04:48 - [TEST_STEP][PASSED] - Statement - out.println("Admin Console: " + linkUserName.get(i).getText()): null

2018-09-05 18:04:48 - [TEST_STEP][PASSED] - Statement - linkLogmembername = linkUserName.get(i).getText(): null

2018-09-05 18:04:48 - [TEST_STEP][PASSED] - Statement - If (linkLogmembername.equals(teamMeberName)): null

2018-09-05 18:04:48 - [TEST_STEP][PASSED] - Statement - out.println("Admin Console: " + linkUserName.get(i).getText()): null

2018-09-05 18:04:48 - [TEST_STEP][PASSED] - Statement - linkLogmembername = linkUserName.get(i).getText(): null

2018-09-05 18:04:48 - [TEST_STEP][PASSED] - Statement - If (linkLogmembername.equals(teamMeberName)): null

2018-09-05 18:04:48 - [TEST_STEP][PASSED] - Statement - out.println("Admin Console: " + linkUserName.get(i).getText()): null

2018-09-05 18:04:48 - [TEST_STEP][PASSED] - Statement - linkLogmembername = linkUserName.get(i).getText(): null

2018-09-05 18:04:48 - [TEST_STEP][PASSED] - Statement - If (linkLogmembername.equals(teamMeberName)): null

2018-09-05 18:04:48 - [TEST_STEP][PASSED] - Statement - out.println("Admin Console: " + linkUserName.get(i).getText()): null

2018-09-05 18:04:48 - [TEST_STEP][PASSED] - Statement - linkLogmembername = linkUserName.get(i).getText(): null

2018-09-05 18:04:48 - [TEST_STEP][PASSED] - Statement - If (linkLogmembername.equals(teamMeberName)): null

2018-09-05 18:04:48 - [TEST_STEP][PASSED] - Statement - out.println("Admin Console: " + linkUserName.get(i).getText()): null

2018-09-05 18:04:49 - [TEST_STEP][PASSED] - Statement - linkLogmembername = linkUserName.get(i).getText(): null

2018-09-05 18:04:49 - [TEST_STEP][PASSED] - Statement - If (linkLogmembername.equals(teamMeberName)): null

2018-09-05 18:04:49 - [TEST_STEP][PASSED] - Statement - out.println("Admin Console: " + linkUserName.get(i).getText()): null

2018-09-05 18:04:49 - [TEST_STEP][PASSED] - Statement - linkLogmembername = linkUserName.get(i).getText(): null

2018-09-05 18:04:49 - [TEST_STEP][PASSED] - Statement - If (linkLogmembername.equals(teamMeberName)): null

2018-09-05 18:04:49 - [TEST_STEP][PASSED] - Statement - out.println("Admin Console: " + linkUserName.get(i).getText()): null

2018-09-05 18:04:49 - [TEST_STEP][PASSED] - Statement - linkLogmembername = linkUserName.get(i).getText(): null

2018-09-05 18:04:49 - [TEST_STEP][PASSED] - Statement - If (linkLogmembername.equals(teamMeberName)): null

2018-09-05 18:04:49 - [TEST_STEP][PASSED] - Statement - out.println("Admin Console: " + linkUserName.get(i).getText()): null

2018-09-05 18:04:49 - [TEST_STEP][PASSED] - Statement - linkLogmembername = linkUserName.get(i).getText(): null

2018-09-05 18:04:49 - [TEST_STEP][PASSED] - Statement - If (linkLogmembername.equals(teamMeberName)): null

2018-09-05 18:04:49 - [TEST_STEP][PASSED] - Statement - out.println("Admin Console: " + linkUserName.get(i).getText()): null

2018-09-05 18:04:49 - [TEST_STEP][PASSED] - Statement - linkLogmembername = linkUserName.get(i).getText(): null

2018-09-05 18:04:49 - [TEST_STEP][PASSED] - Statement - If (linkLogmembername.equals(teamMeberName)): null

2018-09-05 18:04:49 - [TEST_STEP][PASSED] - Statement - out.println("Admin Console: " + linkUserName.get(i).getText()): null

2018-09-05 18:04:49 - [TEST_STEP][PASSED] - Statement - linkLogmembername = linkUserName.get(i).getText(): null

2018-09-05 18:04:49 - [TEST_STEP][PASSED] - Statement - If (linkLogmembername.equals(teamMeberName)): null

2018-09-05 18:04:49 - [TEST_STEP][PASSED] - Statement - out.println("Admin Console: " + linkUserName.get(i).getText()): null

2018-09-05 18:04:49 - [TEST_STEP][PASSED] - Statement - linkLogmembername = linkUserName.get(i).getText(): null

2018-09-05 18:04:49 - [TEST_STEP][PASSED] - Statement - If (linkLogmembername.equals(teamMeberName)): null

2018-09-05 18:04:49 - [TEST_STEP][PASSED] - Statement - out.println("Admin Console: " + linkUserName.get(i).getText()): null

2018-09-05 18:04:49 - [TEST_STEP][PASSED] - Statement - linkLogmembername = linkUserName.get(i).getText(): null

2018-09-05 18:04:49 - [TEST_STEP][PASSED] - Statement - If (linkLogmembername.equals(teamMeberName)): null

2018-09-05 18:04:49 - [TEST_STEP][PASSED] - Statement - out.println("Admin Console: " + linkUserName.get(i).getText()): null

2018-09-05 18:04:49 - [TEST_STEP][PASSED] - Statement - linkLogmembername = linkUserName.get(i).getText(): null

2018-09-05 18:04:49 - [TEST_STEP][PASSED] - Statement - If (linkLogmembername.equals(teamMeberName)): null

2018-09-05 18:04:49 - [TEST_STEP][PASSED] - Statement - out.println("Admin Console: " + linkUserName.get(i).getText()): null

2018-09-05 18:04:49 - [TEST_STEP][PASSED] - Statement - linkLogmembername = linkUserName.get(i).getText(): null

2018-09-05 18:04:49 - [TEST_STEP][PASSED] - Statement - If (linkLogmembername.equals(teamMeberName)): null

2018-09-05 18:04:49 - [TEST_STEP][PASSED] - Statement - out.println("Admin Console: " + linkUserName.get(i).getText()): null

2018-09-05 18:04:49 - [TEST_STEP][PASSED] - Statement - linkLogmembername = linkUserName.get(i).getText(): null

2018-09-05 18:04:49 - [TEST_STEP][PASSED] - Statement - If (linkLogmembername.equals(teamMeberName)): null

2018-09-05 18:04:49 - [TEST_STEP][PASSED] - Statement - out.println("Admin Console: " + linkUserName.get(i).getText()): null

2018-09-05 18:04:49 - [TEST_STEP][PASSED] - Statement - linkLogmembername = linkUserName.get(i).getText(): null

2018-09-05 18:04:49 - [TEST_STEP][PASSED] - Statement - If (linkLogmembername.equals(teamMeberName)): null

2018-09-05 18:04:49 - [TEST_STEP][PASSED] - Statement - out.println("Admin Console: " + linkUserName.get(i).getText()): null

2018-09-05 18:04:49 - [TEST_STEP][PASSED] - Statement - linkLogmembername = linkUserName.get(i).getText(): null

2018-09-05 18:04:49 - [TEST_STEP][PASSED] - Statement - If (linkLogmembername.equals(teamMeberName)): null

2018-09-05 18:04:49 - [TEST_STEP][PASSED] - Statement - js = driver: null

2018-09-05 18:04:49 - [TEST_STEP][PASSED] - Statement - js.executeScript("window.open();"): null

2018-09-05 18:04:49 - [TEST_STEP][PASSED] - Statement - currentWindow = com.kms.katalon.core.webui.keyword.WebUiBuiltInKeywords.getWindowIndex(): Current window's index is: 0

2018-09-05 18:04:49 - [MESSAGE][PASSED] - Current window's index is: 0

2018-09-05 18:04:49 - [TEST_STEP][PASSED] - switchToWindowIndex: Switched to window with index: '1'

2018-09-05 18:04:49 - [MESSAGE][PASSED] - Switched to window with index: '1'

2018-09-05 18:04:49 - [TEST_STEP][PASSED] - navigateToUrl: Navigate to 'https://dev.vcalling.in/url/UAT/?id=UAT-1-533' successfully

2018-09-05 18:04:52 - [MESSAGE][PASSED] - Navigate to 'https://dev.vcalling.in/url/UAT/?id=UAT-1-533' successfully

2018-09-05 18:04:52 - [TEST_STEP][PASSED] - Statement - currentTab = com.kms.katalon.core.webui.keyword.WebUiBuiltInKeywords.getWindowIndex(): Current window's index is: 1

2018-09-05 18:04:52 - [MESSAGE][PASSED] - Current window's index is: 1

2018-09-05 18:04:52 - [TEST_STEP][PASSED] - switchToWindowIndex: Switched to window with index: '0'

2018-09-05 18:04:52 - [MESSAGE][PASSED] - Switched to window with index: '0'

2018-09-05 18:04:52 - [TEST_STEP][PASSED] - refresh: Refresh successfully

2018-09-05 18:04:52 - [MESSAGE][PASSED] - Refresh successfully

2018-09-05 18:04:52 - [TEST_STEP][PASSED] - acceptAlert: Alert accepted

2018-09-05 18:04:52 - [MESSAGE][PASSED] - Alert accepted]]></system-out>
         <system-err><![CDATA[]]></system-err>
      </testcase>
      <testcase name="Test Cases/completed/TestCase2_LinkGenerateThroughGetLink/LinkGenrateThroughNumber" classname="Test Cases/completed/TestCase2_LinkGenerateThroughGetLink/LinkGenrateThroughNumber" status="PASSED">
         <system-out><![CDATA[2018-09-05 18:04:52 - [TEST_CASE][PASSED] - Test Cases/completed/TestCase2_LinkGenerateThroughGetLink/LinkGenrateThroughNumber: Test Cases/completed/TestCase2_LinkGenerateThroughGetLink/LinkGenrateThroughNumber

2018-09-05 18:04:53 - [TEST_STEP][PASSED] - callTestCase: Call Test Case 'Test Cases/BVT/aSimple_Login' successfully

2018-09-05 18:04:53 - [TEST_CASE][PASSED] - Test Cases/BVT/aSimple_Login: Test Cases/BVT/aSimple_Login

2018-09-05 18:04:53 - [TEST_STEP][PASSED] - openBrowser: Browser is opened with url: ''

2018-09-05 18:04:53 - [MESSAGE][WARNING] - A browser is already opened. Closing browser and opening a new one

2018-09-05 18:04:56 - [MESSAGE][PASSED] - Browser is opened with url: ''

2018-09-05 18:04:56 - [TEST_STEP][PASSED] - maximizeWindow: Current window maximized

2018-09-05 18:04:57 - [MESSAGE][PASSED] - Current window maximized

2018-09-05 18:04:57 - [TEST_STEP][PASSED] - navigateToUrl: Navigate to 'https://dev.vcalling.in/enterprises/UAT/Dashboard/index.html' successfully

2018-09-05 18:05:01 - [MESSAGE][PASSED] - Navigate to 'https://dev.vcalling.in/enterprises/UAT/Dashboard/index.html' successfully

2018-09-05 18:05:01 - [TEST_STEP][PASSED] - setText: Text 'testing4dea@gmail.com' is set on object 'Object Repository/Login/UserId'

2018-09-05 18:05:02 - [MESSAGE][PASSED] - Text 'testing4dea@gmail.com' is set on object 'Object Repository/Login/UserId'

2018-09-05 18:05:02 - [TEST_STEP][PASSED] - click: Object: 'Object Repository/Login/div_GET OTP' is clicked on

2018-09-05 18:05:02 - [MESSAGE][PASSED] - Object: 'Object Repository/Login/div_GET OTP' is clicked on

2018-09-05 18:05:02 - [TEST_STEP][PASSED] - waitForElementPresent: Object 'Object Repository/Login/div_SUBMIT' is present

2018-09-05 18:05:04 - [MESSAGE][PASSED] - Object 'Object Repository/Login/div_SUBMIT' is present

2018-09-05 18:05:04 - [TEST_STEP][PASSED] - Statement - If (com.kms.katalon.core.webui.keyword.WebUiBuiltInKeywords.verifyElementNotPresent(com.kms.katalon.core.testobject.ObjectRepository.findTestObject(Login/div_SUBMIT), 5, OPTIONAL)): Web element with id: 'Object Repository/Login/div_SUBMIT' located by 'By.xpath: //div[(text() = ' SUBMIT ' or . = ' SUBMIT ')]' is present after '5' second(s)

2018-09-05 18:05:09 - [MESSAGE][WARNING] - Web element with id: 'Object Repository/Login/div_SUBMIT' located by 'By.xpath: //div[(text() = ' SUBMIT ' or . = ' SUBMIT ')]' is present after '5' second(s)
[[ATTACHMENT|C:\\Users\\User\\Desktop\\Katalon Studio\\Katalon Studio\\vCallingDashboard\\Reports\\RegressionSuite\\20180905_175530\\1536150909593.png]]

2018-09-05 18:05:09 - [TEST_STEP][PASSED] - Statement - sleep(5000): null

2018-09-05 18:05:14 - [TEST_STEP][PASSED] - Statement - OTP = getOTP(): null

2018-09-05 18:05:14 - [TEST_STEP][PASSED] - Statement - host = "imap.gmail.com": null

2018-09-05 18:05:14 - [TEST_STEP][PASSED] - Statement - msg = <not implemented yet for class: org.codehaus.groovy.ast.expr.EmptyExpression>: null

2018-09-05 18:05:14 - [TEST_STEP][PASSED] - Statement - msgSub = <not implemented yet for class: org.codehaus.groovy.ast.expr.EmptyExpression>: null

2018-09-05 18:05:14 - [TEST_STEP][PASSED] - Statement - OTP = "unavailable": null

2018-09-05 18:05:14 - [TEST_STEP][PASSED] - Statement - props = new java.util.Properties(): null

2018-09-05 18:05:14 - [TEST_STEP][PASSED] - Statement - props.setProperty("mail.imap.ssl.enable", "true"): null

2018-09-05 18:05:14 - [TEST_STEP][PASSED] - Statement - session = javax.mail.Session.getInstance(props): null

2018-09-05 18:05:14 - [TEST_STEP][PASSED] - Statement - store = <not implemented yet for class: org.codehaus.groovy.ast.expr.EmptyExpression>: null

2018-09-05 18:05:14 - [TEST_STEP][PASSED] - Statement - Try: null

2018-09-05 18:05:14 - [TEST_STEP][PASSED] - Statement - store = session.getStore("imap"): null

2018-09-05 18:05:14 - [TEST_STEP][PASSED] - Statement - store.connect(host, Email, Password): null

2018-09-05 18:05:16 - [TEST_STEP][PASSED] - Statement - emailFolder = store.getFolder("INBOX"): null

2018-09-05 18:05:16 - [TEST_STEP][PASSED] - Statement - emailFolder.open(READ_WRITE): null

2018-09-05 18:05:17 - [TEST_STEP][PASSED] - Statement - messages = emailFolder.getMessages(): null

2018-09-05 18:05:17 - [TEST_STEP][PASSED] - Statement - n = length: null

2018-09-05 18:05:17 - [TEST_STEP][PASSED] - Statement - message = messages[n - 1]: null

2018-09-05 18:05:17 - [TEST_STEP][PASSED] - Statement - msgSub = message.getSubject(): null

2018-09-05 18:05:17 - [TEST_STEP][PASSED] - Statement - If (msgSub.equals("OTP to Sign In")): null

2018-09-05 18:05:17 - [TEST_STEP][PASSED] - Statement - msg = message.getContent().toString(): null

2018-09-05 18:05:18 - [TEST_STEP][PASSED] - Statement - OTP = msg.substring(msg.length() - 7): null

2018-09-05 18:05:18 - [TEST_STEP][PASSED] - Statement - message.setFlag(DELETED, true): null

2018-09-05 18:05:18 - [TEST_STEP][PASSED] - Statement - emailFolder.close(true): null

2018-09-05 18:05:19 - [TEST_STEP][PASSED] - Statement - store.close(): null

2018-09-05 18:05:19 - [TEST_STEP][PASSED] - Statement - return OTP: null

2018-09-05 18:05:19 - [TEST_STEP][PASSED] - Statement - If (OTP.equals("unavailable")): null

2018-09-05 18:05:19 - [TEST_STEP][PASSED] - Statement - Else: Text 'c6191
' is set on object 'Object Repository/Login/OtpInput'

2018-09-05 18:05:19 - [TEST_STEP][PASSED] - setText: Text 'c6191
' is set on object 'Object Repository/Login/OtpInput'

2018-09-05 18:05:19 - [MESSAGE][PASSED] - Text 'c6191
' is set on object 'Object Repository/Login/OtpInput'

2018-09-05 18:05:19 - [TEST_STEP][PASSED] - verifyElementPresent: Object 'Object Repository/Login/afterOpenDisplay' is present

2018-09-05 18:05:20 - [MESSAGE][PASSED] - Object 'Object Repository/Login/afterOpenDisplay' is present

2018-09-05 18:05:20 - [MESSAGE][PASSED] - Call Test Case 'Test Cases/BVT/aSimple_Login' successfully

2018-09-05 18:05:20 - [TEST_STEP][PASSED] - Statement - driver = com.kms.katalon.core.webui.driver.DriverFactory.getWebDriver(): null

2018-09-05 18:05:20 - [TEST_STEP][PASSED] - click: Object: 'Object Repository/Dashboard_Link Generator/linkgeneratorIcon' is clicked on

2018-09-05 18:05:21 - [MESSAGE][PASSED] - Object: 'Object Repository/Dashboard_Link Generator/linkgeneratorIcon' is clicked on

2018-09-05 18:05:21 - [TEST_STEP][PASSED] - Statement - number = CustomKeywords.phoneNumbers.contactNumbers.randomString(9): phoneNumbers.contactNumbers.randomString is PASSED

2018-09-05 18:05:21 - [MESSAGE][PASSED] - phoneNumbers.contactNumbers.randomString is PASSED

2018-09-05 18:05:21 - [TEST_STEP][PASSED] - Statement - Mobile_Number = number: null

2018-09-05 18:05:21 - [TEST_STEP][PASSED] - setText: Text '4482543451' is set on object 'Object Repository/Dashboard_Link Generator/contactNumber'

2018-09-05 18:05:22 - [MESSAGE][PASSED] - Text '4482543451' is set on object 'Object Repository/Dashboard_Link Generator/contactNumber'

2018-09-05 18:05:22 - [TEST_STEP][PASSED] - verifyElementPresent: Object 'Object Repository/Dashboard_Link Generator/div_GET LINK' is present

2018-09-05 18:05:22 - [MESSAGE][PASSED] - Object 'Object Repository/Dashboard_Link Generator/div_GET LINK' is present

2018-09-05 18:05:22 - [TEST_STEP][PASSED] - click: Object: 'Object Repository/Dashboard_Link Generator/div_GET LINK' is clicked on

2018-09-05 18:05:23 - [MESSAGE][PASSED] - Object: 'Object Repository/Dashboard_Link Generator/div_GET LINK' is clicked on

2018-09-05 18:05:23 - [TEST_STEP][PASSED] - Statement - getLink = com.kms.katalon.core.webui.keyword.WebUiBuiltInKeywords.getAttribute(com.kms.katalon.core.testobject.ObjectRepository.findTestObject(Dashboard_Link Generator/input_link-text), "value"): Attribute 'value' of object 'Object Repository/Dashboard_Link Generator/input_link-text' is: 'https://dev.vcalling.in/url/UAT/?id=UAT-1-534'

2018-09-05 18:05:23 - [MESSAGE][PASSED] - Attribute 'value' of object 'Object Repository/Dashboard_Link Generator/input_link-text' is: 'https://dev.vcalling.in/url/UAT/?id=UAT-1-534'

2018-09-05 18:05:23 - [TEST_STEP][PASSED] - Statement - println(getLink): null

2018-09-05 18:05:23 - [TEST_STEP][PASSED] - click: Object: 'Object Repository/Dashboard_Link Generator/copyLink' is clicked on

2018-09-05 18:05:23 - [MESSAGE][PASSED] - Object: 'Object Repository/Dashboard_Link Generator/copyLink' is clicked on

2018-09-05 18:05:23 - [TEST_STEP][PASSED] - Statement - If (com.kms.katalon.core.webui.keyword.WebUiBuiltInKeywords.verifyElementPresent(com.kms.katalon.core.testobject.ObjectRepository.findTestObject(Dashboard_Link Generator/validation), 5, OPTIONAL)): null

2018-09-05 18:05:24 - [MESSAGE][PASSED] - Object 'Object Repository/Dashboard_Link Generator/validation' is present

2018-09-05 18:05:24 - [TEST_STEP][PASSED] - Statement - validationMessage = com.kms.katalon.core.webui.keyword.WebUiBuiltInKeywords.getText(com.kms.katalon.core.testobject.ObjectRepository.findTestObject(Dashboard_Link Generator/validation)): Text of object 'Object Repository/Dashboard_Link Generator/validation' is: 'Link Copied.!'

2018-09-05 18:05:24 - [MESSAGE][PASSED] - Text of object 'Object Repository/Dashboard_Link Generator/validation' is: 'Link Copied.!'

2018-09-05 18:05:24 - [TEST_STEP][PASSED] - verifyMatch: Actual text 'Link Copied.!' and expected text 'Link Copied.!' are matched 

2018-09-05 18:05:24 - [MESSAGE][PASSED] - Actual text 'Link Copied.!' and expected text 'Link Copied.!' are matched 

2018-09-05 18:05:24 - [TEST_STEP][PASSED] - Statement - println("successful"): null

2018-09-05 18:05:24 - [TEST_STEP][PASSED] - Statement - linkUserName = driver.findElements(org.openqa.selenium.By.xpath("/html/body/div[2]/div/div/div[2]/div[2]/div[1]/div[2]/div[2]/div[1]/div")): null

2018-09-05 18:05:24 - [TEST_STEP][PASSED] - Statement - previousCountValue = 0: null

2018-09-05 18:05:24 - [TEST_STEP][PASSED] - Statement - For ([i = 0, i < linkUserName.size(), (i++)]): null

2018-09-05 18:05:24 - [TEST_STEP][PASSED] - Statement - out.println("Admin Console: " + linkUserName.get(i).getText()): null

2018-09-05 18:05:24 - [TEST_STEP][PASSED] - Statement - linkLogmembername = linkUserName.get(i).getText(): null

2018-09-05 18:05:24 - [TEST_STEP][PASSED] - Statement - If (linkLogmembername.equals("--")): null

2018-09-05 18:05:24 - [TEST_STEP][PASSED] - Statement - out.println("Admin Console: " + linkLogmembername): null

2018-09-05 18:05:24 - [TEST_STEP][PASSED] - Statement - linkUserName.get(i).click(): null

2018-09-05 18:05:24 - [TEST_STEP][PASSED] - Statement - js = driver: null

2018-09-05 18:05:24 - [TEST_STEP][PASSED] - Statement - js.executeScript("window.open();"): null

2018-09-05 18:05:24 - [TEST_STEP][PASSED] - Statement - currentWindow = com.kms.katalon.core.webui.keyword.WebUiBuiltInKeywords.getWindowIndex(): Current window's index is: 0

2018-09-05 18:05:24 - [MESSAGE][PASSED] - Current window's index is: 0

2018-09-05 18:05:24 - [TEST_STEP][PASSED] - switchToWindowIndex: Switched to window with index: '1'

2018-09-05 18:05:24 - [MESSAGE][PASSED] - Switched to window with index: '1'

2018-09-05 18:05:24 - [TEST_STEP][PASSED] - navigateToUrl: Navigate to 'https://dev.vcalling.in/url/UAT/?id=UAT-1-534' successfully

2018-09-05 18:05:27 - [MESSAGE][PASSED] - Navigate to 'https://dev.vcalling.in/url/UAT/?id=UAT-1-534' successfully

2018-09-05 18:05:27 - [TEST_STEP][PASSED] - Statement - currentTab = com.kms.katalon.core.webui.keyword.WebUiBuiltInKeywords.getWindowIndex(): Current window's index is: 1

2018-09-05 18:05:27 - [MESSAGE][PASSED] - Current window's index is: 1

2018-09-05 18:05:27 - [TEST_STEP][PASSED] - delay: Delayed 8 second(s)

2018-09-05 18:05:35 - [MESSAGE][PASSED] - Delayed 8 second(s)

2018-09-05 18:05:35 - [TEST_STEP][PASSED] - switchToWindowIndex: Switched to window with index: '0'

2018-09-05 18:05:35 - [MESSAGE][PASSED] - Switched to window with index: '0'

2018-09-05 18:05:35 - [TEST_STEP][PASSED] - refresh: Refresh successfully

2018-09-05 18:05:35 - [MESSAGE][PASSED] - Refresh successfully

2018-09-05 18:05:35 - [TEST_STEP][PASSED] - acceptAlert: Alert accepted

2018-09-05 18:05:35 - [MESSAGE][PASSED] - Alert accepted

2018-09-05 18:05:35 - [TEST_STEP][PASSED] - delay: Delayed 8 second(s)

2018-09-05 18:05:43 - [MESSAGE][PASSED] - Delayed 8 second(s)]]></system-out>
         <system-err><![CDATA[]]></system-err>
      </testcase>
      <testcase name="Test Cases/completed/TestCase2_LinkGenerateThroughGetLink/linkGenrateThroughTag" classname="Test Cases/completed/TestCase2_LinkGenerateThroughGetLink/linkGenrateThroughTag" status="PASSED">
         <system-out><![CDATA[2018-09-05 18:05:43 - [TEST_CASE][PASSED] - Test Cases/completed/TestCase2_LinkGenerateThroughGetLink/linkGenrateThroughTag: Test Cases/completed/TestCase2_LinkGenerateThroughGetLink/linkGenrateThroughTag

2018-09-05 18:05:43 - [TEST_STEP][PASSED] - callTestCase: Call Test Case 'Test Cases/BVT/aSimple_Login' successfully

2018-09-05 18:05:44 - [TEST_CASE][PASSED] - Test Cases/BVT/aSimple_Login: Test Cases/BVT/aSimple_Login

2018-09-05 18:05:44 - [TEST_STEP][PASSED] - openBrowser: Browser is opened with url: ''

2018-09-05 18:05:44 - [MESSAGE][WARNING] - A browser is already opened. Closing browser and opening a new one

2018-09-05 18:05:47 - [MESSAGE][PASSED] - Browser is opened with url: ''

2018-09-05 18:05:47 - [TEST_STEP][PASSED] - maximizeWindow: Current window maximized

2018-09-05 18:05:48 - [MESSAGE][PASSED] - Current window maximized

2018-09-05 18:05:48 - [TEST_STEP][PASSED] - navigateToUrl: Navigate to 'https://dev.vcalling.in/enterprises/UAT/Dashboard/index.html' successfully

2018-09-05 18:05:52 - [MESSAGE][PASSED] - Navigate to 'https://dev.vcalling.in/enterprises/UAT/Dashboard/index.html' successfully

2018-09-05 18:05:52 - [TEST_STEP][PASSED] - setText: Text 'testing4dea@gmail.com' is set on object 'Object Repository/Login/UserId'

2018-09-05 18:05:53 - [MESSAGE][PASSED] - Text 'testing4dea@gmail.com' is set on object 'Object Repository/Login/UserId'

2018-09-05 18:05:53 - [TEST_STEP][PASSED] - click: Object: 'Object Repository/Login/div_GET OTP' is clicked on

2018-09-05 18:05:53 - [MESSAGE][PASSED] - Object: 'Object Repository/Login/div_GET OTP' is clicked on

2018-09-05 18:05:53 - [TEST_STEP][PASSED] - waitForElementPresent: Object 'Object Repository/Login/div_SUBMIT' is present

2018-09-05 18:05:55 - [MESSAGE][PASSED] - Object 'Object Repository/Login/div_SUBMIT' is present

2018-09-05 18:05:55 - [TEST_STEP][PASSED] - Statement - If (com.kms.katalon.core.webui.keyword.WebUiBuiltInKeywords.verifyElementNotPresent(com.kms.katalon.core.testobject.ObjectRepository.findTestObject(Login/div_SUBMIT), 5, OPTIONAL)): Web element with id: 'Object Repository/Login/div_SUBMIT' located by 'By.xpath: //div[(text() = ' SUBMIT ' or . = ' SUBMIT ')]' is present after '5' second(s)

2018-09-05 18:06:00 - [MESSAGE][WARNING] - Web element with id: 'Object Repository/Login/div_SUBMIT' located by 'By.xpath: //div[(text() = ' SUBMIT ' or . = ' SUBMIT ')]' is present after '5' second(s)
[[ATTACHMENT|C:\\Users\\User\\Desktop\\Katalon Studio\\Katalon Studio\\vCallingDashboard\\Reports\\RegressionSuite\\20180905_175530\\1536150960354.png]]

2018-09-05 18:06:00 - [TEST_STEP][PASSED] - Statement - sleep(5000): null

2018-09-05 18:06:05 - [TEST_STEP][PASSED] - Statement - OTP = getOTP(): null

2018-09-05 18:06:05 - [TEST_STEP][PASSED] - Statement - host = "imap.gmail.com": null

2018-09-05 18:06:05 - [TEST_STEP][PASSED] - Statement - msg = <not implemented yet for class: org.codehaus.groovy.ast.expr.EmptyExpression>: null

2018-09-05 18:06:05 - [TEST_STEP][PASSED] - Statement - msgSub = <not implemented yet for class: org.codehaus.groovy.ast.expr.EmptyExpression>: null

2018-09-05 18:06:05 - [TEST_STEP][PASSED] - Statement - OTP = "unavailable": null

2018-09-05 18:06:05 - [TEST_STEP][PASSED] - Statement - props = new java.util.Properties(): null

2018-09-05 18:06:05 - [TEST_STEP][PASSED] - Statement - props.setProperty("mail.imap.ssl.enable", "true"): null

2018-09-05 18:06:05 - [TEST_STEP][PASSED] - Statement - session = javax.mail.Session.getInstance(props): null

2018-09-05 18:06:05 - [TEST_STEP][PASSED] - Statement - store = <not implemented yet for class: org.codehaus.groovy.ast.expr.EmptyExpression>: null

2018-09-05 18:06:05 - [TEST_STEP][PASSED] - Statement - Try: null

2018-09-05 18:06:05 - [TEST_STEP][PASSED] - Statement - store = session.getStore("imap"): null

2018-09-05 18:06:05 - [TEST_STEP][PASSED] - Statement - store.connect(host, Email, Password): null

2018-09-05 18:06:07 - [TEST_STEP][PASSED] - Statement - emailFolder = store.getFolder("INBOX"): null

2018-09-05 18:06:07 - [TEST_STEP][PASSED] - Statement - emailFolder.open(READ_WRITE): null

2018-09-05 18:06:08 - [TEST_STEP][PASSED] - Statement - messages = emailFolder.getMessages(): null

2018-09-05 18:06:08 - [TEST_STEP][PASSED] - Statement - n = length: null

2018-09-05 18:06:08 - [TEST_STEP][PASSED] - Statement - message = messages[n - 1]: null

2018-09-05 18:06:08 - [TEST_STEP][PASSED] - Statement - msgSub = message.getSubject(): null

2018-09-05 18:06:08 - [TEST_STEP][PASSED] - Statement - If (msgSub.equals("OTP to Sign In")): null

2018-09-05 18:06:08 - [TEST_STEP][PASSED] - Statement - msg = message.getContent().toString(): null

2018-09-05 18:06:09 - [TEST_STEP][PASSED] - Statement - OTP = msg.substring(msg.length() - 7): null

2018-09-05 18:06:09 - [TEST_STEP][PASSED] - Statement - message.setFlag(DELETED, true): null

2018-09-05 18:06:09 - [TEST_STEP][PASSED] - Statement - emailFolder.close(true): null

2018-09-05 18:06:09 - [TEST_STEP][PASSED] - Statement - store.close(): null

2018-09-05 18:06:10 - [TEST_STEP][PASSED] - Statement - return OTP: null

2018-09-05 18:06:10 - [TEST_STEP][PASSED] - Statement - If (OTP.equals("unavailable")): null

2018-09-05 18:06:10 - [TEST_STEP][PASSED] - Statement - Else: Text 'z9972
' is set on object 'Object Repository/Login/OtpInput'

2018-09-05 18:06:10 - [TEST_STEP][PASSED] - setText: Text 'z9972
' is set on object 'Object Repository/Login/OtpInput'

2018-09-05 18:06:10 - [MESSAGE][PASSED] - Text 'z9972
' is set on object 'Object Repository/Login/OtpInput'

2018-09-05 18:06:10 - [TEST_STEP][PASSED] - verifyElementPresent: Object 'Object Repository/Login/afterOpenDisplay' is present

2018-09-05 18:06:11 - [MESSAGE][PASSED] - Object 'Object Repository/Login/afterOpenDisplay' is present

2018-09-05 18:06:11 - [MESSAGE][PASSED] - Call Test Case 'Test Cases/BVT/aSimple_Login' successfully

2018-09-05 18:06:11 - [TEST_STEP][PASSED] - click: Object: 'Object Repository/Dashboard_Link Generator/linkgeneratorIcon' is clicked on

2018-09-05 18:06:12 - [MESSAGE][PASSED] - Object: 'Object Repository/Dashboard_Link Generator/linkgeneratorIcon' is clicked on

2018-09-05 18:06:12 - [TEST_STEP][PASSED] - setText: Text 'property' is set on object 'Object Repository/Dashboard_Link Generator/tag'

2018-09-05 18:06:13 - [MESSAGE][PASSED] - Text 'property' is set on object 'Object Repository/Dashboard_Link Generator/tag'

2018-09-05 18:06:13 - [TEST_STEP][PASSED] - click: Object: 'Object Repository/Dashboard_Link Generator/div_GET LINK' is clicked on

2018-09-05 18:06:14 - [MESSAGE][PASSED] - Object: 'Object Repository/Dashboard_Link Generator/div_GET LINK' is clicked on

2018-09-05 18:06:14 - [TEST_STEP][PASSED] - Statement - If (com.kms.katalon.core.webui.keyword.WebUiBuiltInKeywords.verifyElementPresent(com.kms.katalon.core.testobject.ObjectRepository.findTestObject(Dashboard_Link Generator/validation), 5, OPTIONAL)): null

2018-09-05 18:06:14 - [MESSAGE][PASSED] - Object 'Object Repository/Dashboard_Link Generator/validation' is present

2018-09-05 18:06:14 - [TEST_STEP][PASSED] - Statement - validationMessage = com.kms.katalon.core.webui.keyword.WebUiBuiltInKeywords.getText(com.kms.katalon.core.testobject.ObjectRepository.findTestObject(Dashboard_Link Generator/validation)): Text of object 'Object Repository/Dashboard_Link Generator/validation' is: 'Please enter either Phone or Email'

2018-09-05 18:06:14 - [MESSAGE][PASSED] - Text of object 'Object Repository/Dashboard_Link Generator/validation' is: 'Please enter either Phone or Email'

2018-09-05 18:06:14 - [TEST_STEP][PASSED] - verifyMatch: Actual text 'Please enter either Phone or Email' and expected text 'Please enter either Phone or Email' are matched 

2018-09-05 18:06:14 - [MESSAGE][PASSED] - Actual text 'Please enter either Phone or Email' and expected text 'Please enter either Phone or Email' are matched 

2018-09-05 18:06:14 - [TEST_STEP][PASSED] - Statement - println("successful"): null]]></system-out>
         <system-err><![CDATA[]]></system-err>
      </testcase>
      <testcase name="Test Cases/completed/TestCase2_LinkGenerateThroughGetLink/linkGenratetThroughMail" classname="Test Cases/completed/TestCase2_LinkGenerateThroughGetLink/linkGenratetThroughMail" status="PASSED">
         <system-out><![CDATA[2018-09-05 18:06:14 - [TEST_CASE][PASSED] - Test Cases/completed/TestCase2_LinkGenerateThroughGetLink/linkGenratetThroughMail: Test Cases/completed/TestCase2_LinkGenerateThroughGetLink/linkGenratetThroughMail

2018-09-05 18:06:15 - [TEST_STEP][PASSED] - callTestCase: Call Test Case 'Test Cases/BVT/aSimple_Login' successfully

2018-09-05 18:06:15 - [TEST_CASE][PASSED] - Test Cases/BVT/aSimple_Login: Test Cases/BVT/aSimple_Login

2018-09-05 18:06:15 - [TEST_STEP][PASSED] - openBrowser: Browser is opened with url: ''

2018-09-05 18:06:15 - [MESSAGE][WARNING] - A browser is already opened. Closing browser and opening a new one

2018-09-05 18:06:18 - [MESSAGE][PASSED] - Browser is opened with url: ''

2018-09-05 18:06:18 - [TEST_STEP][PASSED] - maximizeWindow: Current window maximized

2018-09-05 18:06:19 - [MESSAGE][PASSED] - Current window maximized

2018-09-05 18:06:19 - [TEST_STEP][PASSED] - navigateToUrl: Navigate to 'https://dev.vcalling.in/enterprises/UAT/Dashboard/index.html' successfully

2018-09-05 18:06:23 - [MESSAGE][PASSED] - Navigate to 'https://dev.vcalling.in/enterprises/UAT/Dashboard/index.html' successfully

2018-09-05 18:06:23 - [TEST_STEP][PASSED] - setText: Text 'testing4dea@gmail.com' is set on object 'Object Repository/Login/UserId'

2018-09-05 18:06:23 - [MESSAGE][PASSED] - Text 'testing4dea@gmail.com' is set on object 'Object Repository/Login/UserId'

2018-09-05 18:06:23 - [TEST_STEP][PASSED] - click: Object: 'Object Repository/Login/div_GET OTP' is clicked on

2018-09-05 18:06:24 - [MESSAGE][PASSED] - Object: 'Object Repository/Login/div_GET OTP' is clicked on

2018-09-05 18:06:24 - [TEST_STEP][PASSED] - waitForElementPresent: Object 'Object Repository/Login/div_SUBMIT' is present

2018-09-05 18:06:25 - [MESSAGE][PASSED] - Object 'Object Repository/Login/div_SUBMIT' is present

2018-09-05 18:06:25 - [TEST_STEP][PASSED] - Statement - If (com.kms.katalon.core.webui.keyword.WebUiBuiltInKeywords.verifyElementNotPresent(com.kms.katalon.core.testobject.ObjectRepository.findTestObject(Login/div_SUBMIT), 5, OPTIONAL)): Web element with id: 'Object Repository/Login/div_SUBMIT' located by 'By.xpath: //div[(text() = ' SUBMIT ' or . = ' SUBMIT ')]' is present after '5' second(s)

2018-09-05 18:06:31 - [MESSAGE][WARNING] - Web element with id: 'Object Repository/Login/div_SUBMIT' located by 'By.xpath: //div[(text() = ' SUBMIT ' or . = ' SUBMIT ')]' is present after '5' second(s)
[[ATTACHMENT|C:\\Users\\User\\Desktop\\Katalon Studio\\Katalon Studio\\vCallingDashboard\\Reports\\RegressionSuite\\20180905_175530\\1536150990947.png]]

2018-09-05 18:06:31 - [TEST_STEP][PASSED] - Statement - sleep(5000): null

2018-09-05 18:06:36 - [TEST_STEP][PASSED] - Statement - OTP = getOTP(): null

2018-09-05 18:06:36 - [TEST_STEP][PASSED] - Statement - host = "imap.gmail.com": null

2018-09-05 18:06:36 - [TEST_STEP][PASSED] - Statement - msg = <not implemented yet for class: org.codehaus.groovy.ast.expr.EmptyExpression>: null

2018-09-05 18:06:36 - [TEST_STEP][PASSED] - Statement - msgSub = <not implemented yet for class: org.codehaus.groovy.ast.expr.EmptyExpression>: null

2018-09-05 18:06:36 - [TEST_STEP][PASSED] - Statement - OTP = "unavailable": null

2018-09-05 18:06:36 - [TEST_STEP][PASSED] - Statement - props = new java.util.Properties(): null

2018-09-05 18:06:36 - [TEST_STEP][PASSED] - Statement - props.setProperty("mail.imap.ssl.enable", "true"): null

2018-09-05 18:06:36 - [TEST_STEP][PASSED] - Statement - session = javax.mail.Session.getInstance(props): null

2018-09-05 18:06:36 - [TEST_STEP][PASSED] - Statement - store = <not implemented yet for class: org.codehaus.groovy.ast.expr.EmptyExpression>: null

2018-09-05 18:06:36 - [TEST_STEP][PASSED] - Statement - Try: null

2018-09-05 18:06:36 - [TEST_STEP][PASSED] - Statement - store = session.getStore("imap"): null

2018-09-05 18:06:36 - [TEST_STEP][PASSED] - Statement - store.connect(host, Email, Password): null

2018-09-05 18:06:38 - [TEST_STEP][PASSED] - Statement - emailFolder = store.getFolder("INBOX"): null

2018-09-05 18:06:38 - [TEST_STEP][PASSED] - Statement - emailFolder.open(READ_WRITE): null

2018-09-05 18:06:38 - [TEST_STEP][PASSED] - Statement - messages = emailFolder.getMessages(): null

2018-09-05 18:06:38 - [TEST_STEP][PASSED] - Statement - n = length: null

2018-09-05 18:06:38 - [TEST_STEP][PASSED] - Statement - message = messages[n - 1]: null

2018-09-05 18:06:38 - [TEST_STEP][PASSED] - Statement - msgSub = message.getSubject(): null

2018-09-05 18:06:38 - [TEST_STEP][PASSED] - Statement - If (msgSub.equals("OTP to Sign In")): null

2018-09-05 18:06:38 - [TEST_STEP][PASSED] - Statement - msg = message.getContent().toString(): null

2018-09-05 18:06:39 - [TEST_STEP][PASSED] - Statement - OTP = msg.substring(msg.length() - 7): null

2018-09-05 18:06:39 - [TEST_STEP][PASSED] - Statement - message.setFlag(DELETED, true): null

2018-09-05 18:06:40 - [TEST_STEP][PASSED] - Statement - emailFolder.close(true): null

2018-09-05 18:06:40 - [TEST_STEP][PASSED] - Statement - store.close(): null

2018-09-05 18:06:40 - [TEST_STEP][PASSED] - Statement - return OTP: null

2018-09-05 18:06:40 - [TEST_STEP][PASSED] - Statement - If (OTP.equals("unavailable")): null

2018-09-05 18:06:40 - [TEST_STEP][PASSED] - Statement - Else: Text 'x7881
' is set on object 'Object Repository/Login/OtpInput'

2018-09-05 18:06:40 - [TEST_STEP][PASSED] - setText: Text 'x7881
' is set on object 'Object Repository/Login/OtpInput'

2018-09-05 18:06:40 - [MESSAGE][PASSED] - Text 'x7881
' is set on object 'Object Repository/Login/OtpInput'

2018-09-05 18:06:40 - [TEST_STEP][PASSED] - verifyElementPresent: Object 'Object Repository/Login/afterOpenDisplay' is present

2018-09-05 18:06:41 - [MESSAGE][PASSED] - Object 'Object Repository/Login/afterOpenDisplay' is present

2018-09-05 18:06:41 - [MESSAGE][PASSED] - Call Test Case 'Test Cases/BVT/aSimple_Login' successfully

2018-09-05 18:06:41 - [TEST_STEP][PASSED] - Statement - driver = com.kms.katalon.core.webui.driver.DriverFactory.getWebDriver(): null

2018-09-05 18:06:41 - [TEST_STEP][PASSED] - click: Object: 'Object Repository/Dashboard_Link Generator/linkgeneratorIcon' is clicked on

2018-09-05 18:06:42 - [MESSAGE][PASSED] - Object: 'Object Repository/Dashboard_Link Generator/linkgeneratorIcon' is clicked on

2018-09-05 18:06:42 - [TEST_STEP][PASSED] - Statement - x = CustomKeywords.newPackage.newKeyword.randomString(3).toLowerCase(): newPackage.newKeyword.randomString is PASSED

2018-09-05 18:06:42 - [MESSAGE][PASSED] - newPackage.newKeyword.randomString is PASSED

2018-09-05 18:06:42 - [TEST_STEP][PASSED] - Statement - teamMeberName = x: null

2018-09-05 18:06:42 - [TEST_STEP][PASSED] - setText: Text 'uuc' is set on object 'Object Repository/AddTeamMemberDashboard/name'

2018-09-05 18:06:43 - [MESSAGE][PASSED] - Text 'uuc' is set on object 'Object Repository/AddTeamMemberDashboard/name'

2018-09-05 18:06:43 - [TEST_STEP][PASSED] - setText: Text 'FZVODeggmL@gmail.com' is set on object 'Object Repository/AddTeamMemberDashboard/email'

2018-09-05 18:06:43 - [MESSAGE][PASSED] - newPackage.newKeyword.randomString is PASSED

2018-09-05 18:06:43 - [MESSAGE][PASSED] - Text 'FZVODeggmL@gmail.com' is set on object 'Object Repository/AddTeamMemberDashboard/email'

2018-09-05 18:06:43 - [TEST_STEP][PASSED] - click: Object: 'Object Repository/Dashboard_Link Generator/div_GET LINK' is clicked on

2018-09-05 18:06:43 - [MESSAGE][PASSED] - Object: 'Object Repository/Dashboard_Link Generator/div_GET LINK' is clicked on

2018-09-05 18:06:43 - [TEST_STEP][PASSED] - Statement - getLink = com.kms.katalon.core.webui.keyword.WebUiBuiltInKeywords.getAttribute(com.kms.katalon.core.testobject.ObjectRepository.findTestObject(Dashboard_Link Generator/input_link-text), "value"): Attribute 'value' of object 'Object Repository/Dashboard_Link Generator/input_link-text' is: 'https://dev.vcalling.in/url/UAT/?id=UAT-1-535'

2018-09-05 18:06:44 - [MESSAGE][PASSED] - Attribute 'value' of object 'Object Repository/Dashboard_Link Generator/input_link-text' is: 'https://dev.vcalling.in/url/UAT/?id=UAT-1-535'

2018-09-05 18:06:44 - [TEST_STEP][PASSED] - Statement - println(getLink): null

2018-09-05 18:06:44 - [TEST_STEP][PASSED] - click: Object: 'Object Repository/Dashboard_Link Generator/copyLink' is clicked on

2018-09-05 18:06:44 - [MESSAGE][PASSED] - Object: 'Object Repository/Dashboard_Link Generator/copyLink' is clicked on

2018-09-05 18:06:44 - [TEST_STEP][PASSED] - Statement - If (com.kms.katalon.core.webui.keyword.WebUiBuiltInKeywords.verifyElementPresent(com.kms.katalon.core.testobject.ObjectRepository.findTestObject(Dashboard_Link Generator/validation), 5, OPTIONAL)): null

2018-09-05 18:06:44 - [MESSAGE][PASSED] - Object 'Object Repository/Dashboard_Link Generator/validation' is present

2018-09-05 18:06:44 - [TEST_STEP][PASSED] - Statement - validationMessage = com.kms.katalon.core.webui.keyword.WebUiBuiltInKeywords.getText(com.kms.katalon.core.testobject.ObjectRepository.findTestObject(Dashboard_Link Generator/validation)): Text of object 'Object Repository/Dashboard_Link Generator/validation' is: 'Link Copied.!'

2018-09-05 18:06:44 - [MESSAGE][PASSED] - Text of object 'Object Repository/Dashboard_Link Generator/validation' is: 'Link Copied.!'

2018-09-05 18:06:44 - [TEST_STEP][PASSED] - verifyMatch: Actual text 'Link Copied.!' and expected text 'Link Copied.!' are matched 

2018-09-05 18:06:44 - [MESSAGE][PASSED] - Actual text 'Link Copied.!' and expected text 'Link Copied.!' are matched 

2018-09-05 18:06:44 - [TEST_STEP][PASSED] - Statement - println("successful"): null

2018-09-05 18:06:44 - [TEST_STEP][PASSED] - Statement - linkUserName = driver.findElements(org.openqa.selenium.By.className("text-link-log")): null

2018-09-05 18:06:44 - [TEST_STEP][PASSED] - Statement - previousCountValue = 0: null

2018-09-05 18:06:44 - [TEST_STEP][PASSED] - Statement - For ([i = 0, i < linkUserName.size(), (i++)]): null

2018-09-05 18:06:44 - [TEST_STEP][PASSED] - Statement - out.println("Admin Console: " + linkUserName.get(i).getText()): null

2018-09-05 18:06:44 - [TEST_STEP][PASSED] - Statement - linkLogmembername = linkUserName.get(i).getText(): null

2018-09-05 18:06:44 - [TEST_STEP][PASSED] - Statement - If (linkLogmembername.equals(teamMeberName)): null

2018-09-05 18:06:44 - [TEST_STEP][PASSED] - Statement - out.println("Admin Console: " + linkUserName.get(i).getText()): null

2018-09-05 18:06:44 - [TEST_STEP][PASSED] - Statement - linkLogmembername = linkUserName.get(i).getText(): null

2018-09-05 18:06:44 - [TEST_STEP][PASSED] - Statement - If (linkLogmembername.equals(teamMeberName)): null

2018-09-05 18:06:44 - [TEST_STEP][PASSED] - Statement - out.println("Admin Console: " + linkUserName.get(i).getText()): null

2018-09-05 18:06:44 - [TEST_STEP][PASSED] - Statement - linkLogmembername = linkUserName.get(i).getText(): null

2018-09-05 18:06:44 - [TEST_STEP][PASSED] - Statement - If (linkLogmembername.equals(teamMeberName)): null

2018-09-05 18:06:44 - [TEST_STEP][PASSED] - Statement - out.println("Admin Console: " + linkUserName.get(i).getText()): null

2018-09-05 18:06:44 - [TEST_STEP][PASSED] - Statement - linkLogmembername = linkUserName.get(i).getText(): null

2018-09-05 18:06:44 - [TEST_STEP][PASSED] - Statement - If (linkLogmembername.equals(teamMeberName)): null

2018-09-05 18:06:44 - [TEST_STEP][PASSED] - Statement - out.println("Admin Console: " + linkUserName.get(i).getText()): null

2018-09-05 18:06:44 - [TEST_STEP][PASSED] - Statement - linkLogmembername = linkUserName.get(i).getText(): null

2018-09-05 18:06:44 - [TEST_STEP][PASSED] - Statement - If (linkLogmembername.equals(teamMeberName)): null

2018-09-05 18:06:44 - [TEST_STEP][PASSED] - Statement - out.println("Admin Console: " + linkUserName.get(i).getText()): null

2018-09-05 18:06:44 - [TEST_STEP][PASSED] - Statement - linkLogmembername = linkUserName.get(i).getText(): null

2018-09-05 18:06:44 - [TEST_STEP][PASSED] - Statement - If (linkLogmembername.equals(teamMeberName)): null

2018-09-05 18:06:44 - [TEST_STEP][PASSED] - Statement - out.println("Admin Console: " + linkUserName.get(i).getText()): null

2018-09-05 18:06:44 - [TEST_STEP][PASSED] - Statement - linkLogmembername = linkUserName.get(i).getText(): null

2018-09-05 18:06:44 - [TEST_STEP][PASSED] - Statement - If (linkLogmembername.equals(teamMeberName)): null

2018-09-05 18:06:44 - [TEST_STEP][PASSED] - Statement - out.println("Admin Console: " + linkUserName.get(i).getText()): null

2018-09-05 18:06:44 - [TEST_STEP][PASSED] - Statement - linkLogmembername = linkUserName.get(i).getText(): null

2018-09-05 18:06:44 - [TEST_STEP][PASSED] - Statement - If (linkLogmembername.equals(teamMeberName)): null

2018-09-05 18:06:44 - [TEST_STEP][PASSED] - Statement - out.println("Admin Console: " + linkLogmembername): null

2018-09-05 18:06:44 - [TEST_STEP][PASSED] - Statement - linkUserName.get(i).click(): null

2018-09-05 18:06:45 - [TEST_STEP][PASSED] - Statement - out.println("Admin Console: " + linkUserName.get(i).getText()): null

2018-09-05 18:06:45 - [TEST_STEP][PASSED] - Statement - linkLogmembername = linkUserName.get(i).getText(): null

2018-09-05 18:06:45 - [TEST_STEP][PASSED] - Statement - If (linkLogmembername.equals(teamMeberName)): null

2018-09-05 18:06:45 - [TEST_STEP][PASSED] - Statement - out.println("Admin Console: " + linkUserName.get(i).getText()): null

2018-09-05 18:06:45 - [TEST_STEP][PASSED] - Statement - linkLogmembername = linkUserName.get(i).getText(): null

2018-09-05 18:06:45 - [TEST_STEP][PASSED] - Statement - If (linkLogmembername.equals(teamMeberName)): null

2018-09-05 18:06:45 - [TEST_STEP][PASSED] - Statement - out.println("Admin Console: " + linkUserName.get(i).getText()): null

2018-09-05 18:06:45 - [TEST_STEP][PASSED] - Statement - linkLogmembername = linkUserName.get(i).getText(): null

2018-09-05 18:06:45 - [TEST_STEP][PASSED] - Statement - If (linkLogmembername.equals(teamMeberName)): null

2018-09-05 18:06:45 - [TEST_STEP][PASSED] - Statement - out.println("Admin Console: " + linkUserName.get(i).getText()): null

2018-09-05 18:06:45 - [TEST_STEP][PASSED] - Statement - linkLogmembername = linkUserName.get(i).getText(): null

2018-09-05 18:06:45 - [TEST_STEP][PASSED] - Statement - If (linkLogmembername.equals(teamMeberName)): null

2018-09-05 18:06:45 - [TEST_STEP][PASSED] - Statement - out.println("Admin Console: " + linkUserName.get(i).getText()): null

2018-09-05 18:06:45 - [TEST_STEP][PASSED] - Statement - linkLogmembername = linkUserName.get(i).getText(): null

2018-09-05 18:06:45 - [TEST_STEP][PASSED] - Statement - If (linkLogmembername.equals(teamMeberName)): null

2018-09-05 18:06:45 - [TEST_STEP][PASSED] - Statement - out.println("Admin Console: " + linkUserName.get(i).getText()): null

2018-09-05 18:06:45 - [TEST_STEP][PASSED] - Statement - linkLogmembername = linkUserName.get(i).getText(): null

2018-09-05 18:06:45 - [TEST_STEP][PASSED] - Statement - If (linkLogmembername.equals(teamMeberName)): null

2018-09-05 18:06:45 - [TEST_STEP][PASSED] - Statement - out.println("Admin Console: " + linkUserName.get(i).getText()): null

2018-09-05 18:06:45 - [TEST_STEP][PASSED] - Statement - linkLogmembername = linkUserName.get(i).getText(): null

2018-09-05 18:06:45 - [TEST_STEP][PASSED] - Statement - If (linkLogmembername.equals(teamMeberName)): null

2018-09-05 18:06:45 - [TEST_STEP][PASSED] - Statement - out.println("Admin Console: " + linkUserName.get(i).getText()): null

2018-09-05 18:06:45 - [TEST_STEP][PASSED] - Statement - linkLogmembername = linkUserName.get(i).getText(): null

2018-09-05 18:06:45 - [TEST_STEP][PASSED] - Statement - If (linkLogmembername.equals(teamMeberName)): null

2018-09-05 18:06:45 - [TEST_STEP][PASSED] - Statement - out.println("Admin Console: " + linkUserName.get(i).getText()): null

2018-09-05 18:06:45 - [TEST_STEP][PASSED] - Statement - linkLogmembername = linkUserName.get(i).getText(): null

2018-09-05 18:06:45 - [TEST_STEP][PASSED] - Statement - If (linkLogmembername.equals(teamMeberName)): null

2018-09-05 18:06:45 - [TEST_STEP][PASSED] - Statement - out.println("Admin Console: " + linkUserName.get(i).getText()): null

2018-09-05 18:06:45 - [TEST_STEP][PASSED] - Statement - linkLogmembername = linkUserName.get(i).getText(): null

2018-09-05 18:06:46 - [TEST_STEP][PASSED] - Statement - If (linkLogmembername.equals(teamMeberName)): null

2018-09-05 18:06:46 - [TEST_STEP][PASSED] - Statement - out.println("Admin Console: " + linkUserName.get(i).getText()): null

2018-09-05 18:06:46 - [TEST_STEP][PASSED] - Statement - linkLogmembername = linkUserName.get(i).getText(): null

2018-09-05 18:06:46 - [TEST_STEP][PASSED] - Statement - If (linkLogmembername.equals(teamMeberName)): null

2018-09-05 18:06:46 - [TEST_STEP][PASSED] - Statement - out.println("Admin Console: " + linkUserName.get(i).getText()): null

2018-09-05 18:06:46 - [TEST_STEP][PASSED] - Statement - linkLogmembername = linkUserName.get(i).getText(): null

2018-09-05 18:06:46 - [TEST_STEP][PASSED] - Statement - If (linkLogmembername.equals(teamMeberName)): null

2018-09-05 18:06:46 - [TEST_STEP][PASSED] - Statement - out.println("Admin Console: " + linkUserName.get(i).getText()): null

2018-09-05 18:06:46 - [TEST_STEP][PASSED] - Statement - linkLogmembername = linkUserName.get(i).getText(): null

2018-09-05 18:06:46 - [TEST_STEP][PASSED] - Statement - If (linkLogmembername.equals(teamMeberName)): null

2018-09-05 18:06:46 - [TEST_STEP][PASSED] - Statement - out.println("Admin Console: " + linkUserName.get(i).getText()): null

2018-09-05 18:06:46 - [TEST_STEP][PASSED] - Statement - linkLogmembername = linkUserName.get(i).getText(): null

2018-09-05 18:06:46 - [TEST_STEP][PASSED] - Statement - If (linkLogmembername.equals(teamMeberName)): null

2018-09-05 18:06:46 - [TEST_STEP][PASSED] - Statement - out.println("Admin Console: " + linkUserName.get(i).getText()): null

2018-09-05 18:06:46 - [TEST_STEP][PASSED] - Statement - linkLogmembername = linkUserName.get(i).getText(): null

2018-09-05 18:06:46 - [TEST_STEP][PASSED] - Statement - If (linkLogmembername.equals(teamMeberName)): null

2018-09-05 18:06:46 - [TEST_STEP][PASSED] - Statement - out.println("Admin Console: " + linkUserName.get(i).getText()): null

2018-09-05 18:06:46 - [TEST_STEP][PASSED] - Statement - linkLogmembername = linkUserName.get(i).getText(): null

2018-09-05 18:06:46 - [TEST_STEP][PASSED] - Statement - If (linkLogmembername.equals(teamMeberName)): null

2018-09-05 18:06:46 - [TEST_STEP][PASSED] - Statement - out.println("Admin Console: " + linkUserName.get(i).getText()): null

2018-09-05 18:06:46 - [TEST_STEP][PASSED] - Statement - linkLogmembername = linkUserName.get(i).getText(): null

2018-09-05 18:06:46 - [TEST_STEP][PASSED] - Statement - If (linkLogmembername.equals(teamMeberName)): null

2018-09-05 18:06:46 - [TEST_STEP][PASSED] - Statement - out.println("Admin Console: " + linkUserName.get(i).getText()): null

2018-09-05 18:06:46 - [TEST_STEP][PASSED] - Statement - linkLogmembername = linkUserName.get(i).getText(): null

2018-09-05 18:06:46 - [TEST_STEP][PASSED] - Statement - If (linkLogmembername.equals(teamMeberName)): null

2018-09-05 18:06:46 - [TEST_STEP][PASSED] - Statement - out.println("Admin Console: " + linkUserName.get(i).getText()): null

2018-09-05 18:06:46 - [TEST_STEP][PASSED] - Statement - linkLogmembername = linkUserName.get(i).getText(): null

2018-09-05 18:06:46 - [TEST_STEP][PASSED] - Statement - If (linkLogmembername.equals(teamMeberName)): null

2018-09-05 18:06:46 - [TEST_STEP][PASSED] - Statement - out.println("Admin Console: " + linkUserName.get(i).getText()): null

2018-09-05 18:06:46 - [TEST_STEP][PASSED] - Statement - linkLogmembername = linkUserName.get(i).getText(): null

2018-09-05 18:06:46 - [TEST_STEP][PASSED] - Statement - If (linkLogmembername.equals(teamMeberName)): null

2018-09-05 18:06:46 - [TEST_STEP][PASSED] - Statement - out.println("Admin Console: " + linkUserName.get(i).getText()): null

2018-09-05 18:06:46 - [TEST_STEP][PASSED] - Statement - linkLogmembername = linkUserName.get(i).getText(): null

2018-09-05 18:06:46 - [TEST_STEP][PASSED] - Statement - If (linkLogmembername.equals(teamMeberName)): null

2018-09-05 18:06:46 - [TEST_STEP][PASSED] - Statement - out.println("Admin Console: " + linkUserName.get(i).getText()): null

2018-09-05 18:06:46 - [TEST_STEP][PASSED] - Statement - linkLogmembername = linkUserName.get(i).getText(): null

2018-09-05 18:06:46 - [TEST_STEP][PASSED] - Statement - If (linkLogmembername.equals(teamMeberName)): null

2018-09-05 18:06:46 - [TEST_STEP][PASSED] - Statement - out.println("Admin Console: " + linkUserName.get(i).getText()): null

2018-09-05 18:06:46 - [TEST_STEP][PASSED] - Statement - linkLogmembername = linkUserName.get(i).getText(): null

2018-09-05 18:06:46 - [TEST_STEP][PASSED] - Statement - If (linkLogmembername.equals(teamMeberName)): null

2018-09-05 18:06:46 - [TEST_STEP][PASSED] - Statement - out.println("Admin Console: " + linkUserName.get(i).getText()): null

2018-09-05 18:06:46 - [TEST_STEP][PASSED] - Statement - linkLogmembername = linkUserName.get(i).getText(): null

2018-09-05 18:06:46 - [TEST_STEP][PASSED] - Statement - If (linkLogmembername.equals(teamMeberName)): null

2018-09-05 18:06:46 - [TEST_STEP][PASSED] - Statement - out.println("Admin Console: " + linkUserName.get(i).getText()): null

2018-09-05 18:06:46 - [TEST_STEP][PASSED] - Statement - linkLogmembername = linkUserName.get(i).getText(): null

2018-09-05 18:06:46 - [TEST_STEP][PASSED] - Statement - If (linkLogmembername.equals(teamMeberName)): null

2018-09-05 18:06:46 - [TEST_STEP][PASSED] - Statement - out.println("Admin Console: " + linkUserName.get(i).getText()): null

2018-09-05 18:06:46 - [TEST_STEP][PASSED] - Statement - linkLogmembername = linkUserName.get(i).getText(): null

2018-09-05 18:06:46 - [TEST_STEP][PASSED] - Statement - If (linkLogmembername.equals(teamMeberName)): null

2018-09-05 18:06:46 - [TEST_STEP][PASSED] - Statement - out.println("Admin Console: " + linkUserName.get(i).getText()): null

2018-09-05 18:06:46 - [TEST_STEP][PASSED] - Statement - linkLogmembername = linkUserName.get(i).getText(): null

2018-09-05 18:06:47 - [TEST_STEP][PASSED] - Statement - If (linkLogmembername.equals(teamMeberName)): null

2018-09-05 18:06:47 - [TEST_STEP][PASSED] - Statement - out.println("Admin Console: " + linkUserName.get(i).getText()): null

2018-09-05 18:06:47 - [TEST_STEP][PASSED] - Statement - linkLogmembername = linkUserName.get(i).getText(): null

2018-09-05 18:06:47 - [TEST_STEP][PASSED] - Statement - If (linkLogmembername.equals(teamMeberName)): null

2018-09-05 18:06:47 - [TEST_STEP][PASSED] - Statement - out.println("Admin Console: " + linkUserName.get(i).getText()): null

2018-09-05 18:06:47 - [TEST_STEP][PASSED] - Statement - linkLogmembername = linkUserName.get(i).getText(): null

2018-09-05 18:06:47 - [TEST_STEP][PASSED] - Statement - If (linkLogmembername.equals(teamMeberName)): null

2018-09-05 18:06:47 - [TEST_STEP][PASSED] - Statement - out.println("Admin Console: " + linkUserName.get(i).getText()): null

2018-09-05 18:06:47 - [TEST_STEP][PASSED] - Statement - linkLogmembername = linkUserName.get(i).getText(): null

2018-09-05 18:06:47 - [TEST_STEP][PASSED] - Statement - If (linkLogmembername.equals(teamMeberName)): null

2018-09-05 18:06:47 - [TEST_STEP][PASSED] - Statement - out.println("Admin Console: " + linkUserName.get(i).getText()): null

2018-09-05 18:06:47 - [TEST_STEP][PASSED] - Statement - linkLogmembername = linkUserName.get(i).getText(): null

2018-09-05 18:06:47 - [TEST_STEP][PASSED] - Statement - If (linkLogmembername.equals(teamMeberName)): null

2018-09-05 18:06:47 - [TEST_STEP][PASSED] - Statement - out.println("Admin Console: " + linkUserName.get(i).getText()): null

2018-09-05 18:06:47 - [TEST_STEP][PASSED] - Statement - linkLogmembername = linkUserName.get(i).getText(): null

2018-09-05 18:06:47 - [TEST_STEP][PASSED] - Statement - If (linkLogmembername.equals(teamMeberName)): null

2018-09-05 18:06:47 - [TEST_STEP][PASSED] - Statement - out.println("Admin Console: " + linkUserName.get(i).getText()): null

2018-09-05 18:06:47 - [TEST_STEP][PASSED] - Statement - linkLogmembername = linkUserName.get(i).getText(): null

2018-09-05 18:06:47 - [TEST_STEP][PASSED] - Statement - If (linkLogmembername.equals(teamMeberName)): null

2018-09-05 18:06:47 - [TEST_STEP][PASSED] - Statement - out.println("Admin Console: " + linkUserName.get(i).getText()): null

2018-09-05 18:06:47 - [TEST_STEP][PASSED] - Statement - linkLogmembername = linkUserName.get(i).getText(): null

2018-09-05 18:06:47 - [TEST_STEP][PASSED] - Statement - If (linkLogmembername.equals(teamMeberName)): null

2018-09-05 18:06:47 - [TEST_STEP][PASSED] - Statement - out.println("Admin Console: " + linkUserName.get(i).getText()): null

2018-09-05 18:06:47 - [TEST_STEP][PASSED] - Statement - linkLogmembername = linkUserName.get(i).getText(): null

2018-09-05 18:06:47 - [TEST_STEP][PASSED] - Statement - If (linkLogmembername.equals(teamMeberName)): null

2018-09-05 18:06:47 - [TEST_STEP][PASSED] - Statement - out.println("Admin Console: " + linkUserName.get(i).getText()): null

2018-09-05 18:06:47 - [TEST_STEP][PASSED] - Statement - linkLogmembername = linkUserName.get(i).getText(): null

2018-09-05 18:06:47 - [TEST_STEP][PASSED] - Statement - If (linkLogmembername.equals(teamMeberName)): null

2018-09-05 18:06:47 - [TEST_STEP][PASSED] - Statement - out.println("Admin Console: " + linkUserName.get(i).getText()): null

2018-09-05 18:06:47 - [TEST_STEP][PASSED] - Statement - linkLogmembername = linkUserName.get(i).getText(): null

2018-09-05 18:06:47 - [TEST_STEP][PASSED] - Statement - If (linkLogmembername.equals(teamMeberName)): null

2018-09-05 18:06:47 - [TEST_STEP][PASSED] - Statement - out.println("Admin Console: " + linkUserName.get(i).getText()): null

2018-09-05 18:06:47 - [TEST_STEP][PASSED] - Statement - linkLogmembername = linkUserName.get(i).getText(): null

2018-09-05 18:06:47 - [TEST_STEP][PASSED] - Statement - If (linkLogmembername.equals(teamMeberName)): null

2018-09-05 18:06:47 - [TEST_STEP][PASSED] - Statement - out.println("Admin Console: " + linkUserName.get(i).getText()): null

2018-09-05 18:06:47 - [TEST_STEP][PASSED] - Statement - linkLogmembername = linkUserName.get(i).getText(): null

2018-09-05 18:06:47 - [TEST_STEP][PASSED] - Statement - If (linkLogmembername.equals(teamMeberName)): null

2018-09-05 18:06:47 - [TEST_STEP][PASSED] - Statement - out.println("Admin Console: " + linkUserName.get(i).getText()): null

2018-09-05 18:06:47 - [TEST_STEP][PASSED] - Statement - linkLogmembername = linkUserName.get(i).getText(): null

2018-09-05 18:06:47 - [TEST_STEP][PASSED] - Statement - If (linkLogmembername.equals(teamMeberName)): null

2018-09-05 18:06:47 - [TEST_STEP][PASSED] - Statement - out.println("Admin Console: " + linkUserName.get(i).getText()): null

2018-09-05 18:06:47 - [TEST_STEP][PASSED] - Statement - linkLogmembername = linkUserName.get(i).getText(): null

2018-09-05 18:06:47 - [TEST_STEP][PASSED] - Statement - If (linkLogmembername.equals(teamMeberName)): null

2018-09-05 18:06:47 - [TEST_STEP][PASSED] - Statement - out.println("Admin Console: " + linkUserName.get(i).getText()): null

2018-09-05 18:06:47 - [TEST_STEP][PASSED] - Statement - linkLogmembername = linkUserName.get(i).getText(): null

2018-09-05 18:06:47 - [TEST_STEP][PASSED] - Statement - If (linkLogmembername.equals(teamMeberName)): null

2018-09-05 18:06:47 - [TEST_STEP][PASSED] - Statement - out.println("Admin Console: " + linkUserName.get(i).getText()): null

2018-09-05 18:06:47 - [TEST_STEP][PASSED] - Statement - linkLogmembername = linkUserName.get(i).getText(): null

2018-09-05 18:06:47 - [TEST_STEP][PASSED] - Statement - If (linkLogmembername.equals(teamMeberName)): null

2018-09-05 18:06:47 - [TEST_STEP][PASSED] - Statement - out.println("Admin Console: " + linkUserName.get(i).getText()): null

2018-09-05 18:06:47 - [TEST_STEP][PASSED] - Statement - linkLogmembername = linkUserName.get(i).getText(): null

2018-09-05 18:06:47 - [TEST_STEP][PASSED] - Statement - If (linkLogmembername.equals(teamMeberName)): null

2018-09-05 18:06:47 - [TEST_STEP][PASSED] - Statement - out.println("Admin Console: " + linkUserName.get(i).getText()): null

2018-09-05 18:06:48 - [TEST_STEP][PASSED] - Statement - linkLogmembername = linkUserName.get(i).getText(): null

2018-09-05 18:06:48 - [TEST_STEP][PASSED] - Statement - If (linkLogmembername.equals(teamMeberName)): null

2018-09-05 18:06:48 - [TEST_STEP][PASSED] - Statement - out.println("Admin Console: " + linkUserName.get(i).getText()): null

2018-09-05 18:06:48 - [TEST_STEP][PASSED] - Statement - linkLogmembername = linkUserName.get(i).getText(): null

2018-09-05 18:06:48 - [TEST_STEP][PASSED] - Statement - If (linkLogmembername.equals(teamMeberName)): null

2018-09-05 18:06:48 - [TEST_STEP][PASSED] - Statement - out.println("Admin Console: " + linkUserName.get(i).getText()): null

2018-09-05 18:06:48 - [TEST_STEP][PASSED] - Statement - linkLogmembername = linkUserName.get(i).getText(): null

2018-09-05 18:06:48 - [TEST_STEP][PASSED] - Statement - If (linkLogmembername.equals(teamMeberName)): null

2018-09-05 18:06:48 - [TEST_STEP][PASSED] - Statement - out.println("Admin Console: " + linkUserName.get(i).getText()): null

2018-09-05 18:06:48 - [TEST_STEP][PASSED] - Statement - linkLogmembername = linkUserName.get(i).getText(): null

2018-09-05 18:06:48 - [TEST_STEP][PASSED] - Statement - If (linkLogmembername.equals(teamMeberName)): null

2018-09-05 18:06:48 - [TEST_STEP][PASSED] - Statement - out.println("Admin Console: " + linkUserName.get(i).getText()): null

2018-09-05 18:06:48 - [TEST_STEP][PASSED] - Statement - linkLogmembername = linkUserName.get(i).getText(): null

2018-09-05 18:06:48 - [TEST_STEP][PASSED] - Statement - If (linkLogmembername.equals(teamMeberName)): null

2018-09-05 18:06:48 - [TEST_STEP][PASSED] - Statement - js = driver: null

2018-09-05 18:06:48 - [TEST_STEP][PASSED] - Statement - js.executeScript("window.open();"): null

2018-09-05 18:06:48 - [TEST_STEP][PASSED] - Statement - currentWindow = com.kms.katalon.core.webui.keyword.WebUiBuiltInKeywords.getWindowIndex(): Current window's index is: 0

2018-09-05 18:06:48 - [MESSAGE][PASSED] - Current window's index is: 0

2018-09-05 18:06:48 - [TEST_STEP][PASSED] - switchToWindowIndex: Switched to window with index: '1'

2018-09-05 18:06:48 - [MESSAGE][PASSED] - Switched to window with index: '1'

2018-09-05 18:06:48 - [TEST_STEP][PASSED] - navigateToUrl: Navigate to 'https://dev.vcalling.in/url/UAT/?id=UAT-1-535' successfully

2018-09-05 18:06:50 - [MESSAGE][PASSED] - Navigate to 'https://dev.vcalling.in/url/UAT/?id=UAT-1-535' successfully

2018-09-05 18:06:50 - [TEST_STEP][PASSED] - Statement - currentTab = com.kms.katalon.core.webui.keyword.WebUiBuiltInKeywords.getWindowIndex(): Current window's index is: 1

2018-09-05 18:06:50 - [MESSAGE][PASSED] - Current window's index is: 1

2018-09-05 18:06:50 - [TEST_STEP][PASSED] - switchToWindowIndex: Switched to window with index: '0'

2018-09-05 18:06:50 - [MESSAGE][PASSED] - Switched to window with index: '0'

2018-09-05 18:06:50 - [TEST_STEP][PASSED] - refresh: Refresh successfully

2018-09-05 18:06:50 - [MESSAGE][PASSED] - Refresh successfully

2018-09-05 18:06:50 - [TEST_STEP][PASSED] - acceptAlert: Alert accepted

2018-09-05 18:06:50 - [MESSAGE][PASSED] - Alert accepted]]></system-out>
         <system-err><![CDATA[]]></system-err>
      </testcase>
      <testcase name="Test Cases/completed/TestCase2_LinkGenerateThroughGetLink/LinkGenThroughEmptyData" classname="Test Cases/completed/TestCase2_LinkGenerateThroughGetLink/LinkGenThroughEmptyData" status="PASSED">
         <system-out><![CDATA[2018-09-05 18:06:50 - [TEST_CASE][PASSED] - Test Cases/completed/TestCase2_LinkGenerateThroughGetLink/LinkGenThroughEmptyData: Test Cases/completed/TestCase2_LinkGenerateThroughGetLink/LinkGenThroughEmptyData

2018-09-05 18:06:51 - [TEST_STEP][PASSED] - callTestCase: Call Test Case 'Test Cases/BVT/aSimple_Login' successfully

2018-09-05 18:06:51 - [TEST_CASE][PASSED] - Test Cases/BVT/aSimple_Login: Test Cases/BVT/aSimple_Login

2018-09-05 18:06:51 - [TEST_STEP][PASSED] - openBrowser: Browser is opened with url: ''

2018-09-05 18:06:51 - [MESSAGE][WARNING] - A browser is already opened. Closing browser and opening a new one

2018-09-05 18:06:54 - [MESSAGE][PASSED] - Browser is opened with url: ''

2018-09-05 18:06:54 - [TEST_STEP][PASSED] - maximizeWindow: Current window maximized

2018-09-05 18:06:55 - [MESSAGE][PASSED] - Current window maximized

2018-09-05 18:06:55 - [TEST_STEP][PASSED] - navigateToUrl: Navigate to 'https://dev.vcalling.in/enterprises/UAT/Dashboard/index.html' successfully

2018-09-05 18:06:58 - [MESSAGE][PASSED] - Navigate to 'https://dev.vcalling.in/enterprises/UAT/Dashboard/index.html' successfully

2018-09-05 18:06:58 - [TEST_STEP][PASSED] - setText: Text 'testing4dea@gmail.com' is set on object 'Object Repository/Login/UserId'

2018-09-05 18:06:59 - [MESSAGE][PASSED] - Text 'testing4dea@gmail.com' is set on object 'Object Repository/Login/UserId'

2018-09-05 18:06:59 - [TEST_STEP][PASSED] - click: Object: 'Object Repository/Login/div_GET OTP' is clicked on

2018-09-05 18:06:59 - [MESSAGE][PASSED] - Object: 'Object Repository/Login/div_GET OTP' is clicked on

2018-09-05 18:06:59 - [TEST_STEP][PASSED] - waitForElementPresent: Object 'Object Repository/Login/div_SUBMIT' is present

2018-09-05 18:07:01 - [MESSAGE][PASSED] - Object 'Object Repository/Login/div_SUBMIT' is present

2018-09-05 18:07:01 - [TEST_STEP][PASSED] - Statement - If (com.kms.katalon.core.webui.keyword.WebUiBuiltInKeywords.verifyElementNotPresent(com.kms.katalon.core.testobject.ObjectRepository.findTestObject(Login/div_SUBMIT), 5, OPTIONAL)): Web element with id: 'Object Repository/Login/div_SUBMIT' located by 'By.xpath: //div[(text() = ' SUBMIT ' or . = ' SUBMIT ')]' is present after '5' second(s)

2018-09-05 18:07:06 - [MESSAGE][WARNING] - Web element with id: 'Object Repository/Login/div_SUBMIT' located by 'By.xpath: //div[(text() = ' SUBMIT ' or . = ' SUBMIT ')]' is present after '5' second(s)
[[ATTACHMENT|C:\\Users\\User\\Desktop\\Katalon Studio\\Katalon Studio\\vCallingDashboard\\Reports\\RegressionSuite\\20180905_175530\\1536151026357.png]]

2018-09-05 18:07:06 - [TEST_STEP][PASSED] - Statement - sleep(5000): null

2018-09-05 18:07:11 - [TEST_STEP][PASSED] - Statement - OTP = getOTP(): null

2018-09-05 18:07:11 - [TEST_STEP][PASSED] - Statement - host = "imap.gmail.com": null

2018-09-05 18:07:11 - [TEST_STEP][PASSED] - Statement - msg = <not implemented yet for class: org.codehaus.groovy.ast.expr.EmptyExpression>: null

2018-09-05 18:07:11 - [TEST_STEP][PASSED] - Statement - msgSub = <not implemented yet for class: org.codehaus.groovy.ast.expr.EmptyExpression>: null

2018-09-05 18:07:11 - [TEST_STEP][PASSED] - Statement - OTP = "unavailable": null

2018-09-05 18:07:11 - [TEST_STEP][PASSED] - Statement - props = new java.util.Properties(): null

2018-09-05 18:07:11 - [TEST_STEP][PASSED] - Statement - props.setProperty("mail.imap.ssl.enable", "true"): null

2018-09-05 18:07:11 - [TEST_STEP][PASSED] - Statement - session = javax.mail.Session.getInstance(props): null

2018-09-05 18:07:11 - [TEST_STEP][PASSED] - Statement - store = <not implemented yet for class: org.codehaus.groovy.ast.expr.EmptyExpression>: null

2018-09-05 18:07:11 - [TEST_STEP][PASSED] - Statement - Try: null

2018-09-05 18:07:11 - [TEST_STEP][PASSED] - Statement - store = session.getStore("imap"): null

2018-09-05 18:07:11 - [TEST_STEP][PASSED] - Statement - store.connect(host, Email, Password): null

2018-09-05 18:07:13 - [TEST_STEP][PASSED] - Statement - emailFolder = store.getFolder("INBOX"): null

2018-09-05 18:07:13 - [TEST_STEP][PASSED] - Statement - emailFolder.open(READ_WRITE): null

2018-09-05 18:07:13 - [TEST_STEP][PASSED] - Statement - messages = emailFolder.getMessages(): null

2018-09-05 18:07:13 - [TEST_STEP][PASSED] - Statement - n = length: null

2018-09-05 18:07:13 - [TEST_STEP][PASSED] - Statement - message = messages[n - 1]: null

2018-09-05 18:07:13 - [TEST_STEP][PASSED] - Statement - msgSub = message.getSubject(): null

2018-09-05 18:07:14 - [TEST_STEP][PASSED] - Statement - If (msgSub.equals("OTP to Sign In")): null

2018-09-05 18:07:14 - [TEST_STEP][PASSED] - Statement - msg = message.getContent().toString(): null

2018-09-05 18:07:14 - [TEST_STEP][PASSED] - Statement - OTP = msg.substring(msg.length() - 7): null

2018-09-05 18:07:14 - [TEST_STEP][PASSED] - Statement - message.setFlag(DELETED, true): null

2018-09-05 18:07:15 - [TEST_STEP][PASSED] - Statement - emailFolder.close(true): null

2018-09-05 18:07:15 - [TEST_STEP][PASSED] - Statement - store.close(): null

2018-09-05 18:07:15 - [TEST_STEP][PASSED] - Statement - return OTP: null

2018-09-05 18:07:15 - [TEST_STEP][PASSED] - Statement - If (OTP.equals("unavailable")): null

2018-09-05 18:07:15 - [TEST_STEP][PASSED] - Statement - Else: Text 'm8767
' is set on object 'Object Repository/Login/OtpInput'

2018-09-05 18:07:15 - [TEST_STEP][PASSED] - setText: Text 'm8767
' is set on object 'Object Repository/Login/OtpInput'

2018-09-05 18:07:16 - [MESSAGE][PASSED] - Text 'm8767
' is set on object 'Object Repository/Login/OtpInput'

2018-09-05 18:07:16 - [TEST_STEP][PASSED] - verifyElementPresent: Object 'Object Repository/Login/afterOpenDisplay' is present

2018-09-05 18:07:16 - [MESSAGE][PASSED] - Object 'Object Repository/Login/afterOpenDisplay' is present

2018-09-05 18:07:16 - [MESSAGE][PASSED] - Call Test Case 'Test Cases/BVT/aSimple_Login' successfully

2018-09-05 18:07:16 - [TEST_STEP][PASSED] - click: Object: 'Object Repository/Dashboard_Link Generator/linkgeneratorIcon' is clicked on

2018-09-05 18:07:17 - [MESSAGE][PASSED] - Object: 'Object Repository/Dashboard_Link Generator/linkgeneratorIcon' is clicked on

2018-09-05 18:07:17 - [TEST_STEP][PASSED] - click: Object: 'Object Repository/Dashboard_Link Generator/div_GET LINK' is clicked on

2018-09-05 18:07:17 - [MESSAGE][PASSED] - Object: 'Object Repository/Dashboard_Link Generator/div_GET LINK' is clicked on

2018-09-05 18:07:17 - [TEST_STEP][PASSED] - Statement - If (com.kms.katalon.core.webui.keyword.WebUiBuiltInKeywords.verifyElementPresent(com.kms.katalon.core.testobject.ObjectRepository.findTestObject(Dashboard_Link Generator/validation), 5, OPTIONAL)): null

2018-09-05 18:07:17 - [MESSAGE][PASSED] - Object 'Object Repository/Dashboard_Link Generator/validation' is present

2018-09-05 18:07:17 - [TEST_STEP][PASSED] - Statement - validationMessage = com.kms.katalon.core.webui.keyword.WebUiBuiltInKeywords.getText(com.kms.katalon.core.testobject.ObjectRepository.findTestObject(Dashboard_Link Generator/validation)): Text of object 'Object Repository/Dashboard_Link Generator/validation' is: 'Please enter either Phone or Email'

2018-09-05 18:07:17 - [MESSAGE][PASSED] - Text of object 'Object Repository/Dashboard_Link Generator/validation' is: 'Please enter either Phone or Email'

2018-09-05 18:07:17 - [TEST_STEP][PASSED] - verifyMatch: Actual text 'Please enter either Phone or Email' and expected text 'Please enter either Phone or Email' are matched 

2018-09-05 18:07:17 - [MESSAGE][PASSED] - Actual text 'Please enter either Phone or Email' and expected text 'Please enter either Phone or Email' are matched 

2018-09-05 18:07:17 - [TEST_STEP][PASSED] - Statement - println("successful"): null]]></system-out>
         <system-err><![CDATA[]]></system-err>
      </testcase>
      <testcase name="Test Cases/completed/TestCase2_LinkGenerateThroughGetLink/linkGenTroughCheckBoxs" classname="Test Cases/completed/TestCase2_LinkGenerateThroughGetLink/linkGenTroughCheckBoxs" status="PASSED">
         <system-out><![CDATA[2018-09-05 18:07:17 - [TEST_CASE][PASSED] - Test Cases/completed/TestCase2_LinkGenerateThroughGetLink/linkGenTroughCheckBoxs: Test Cases/completed/TestCase2_LinkGenerateThroughGetLink/linkGenTroughCheckBoxs

2018-09-05 18:07:18 - [TEST_STEP][PASSED] - callTestCase: Call Test Case 'Test Cases/BVT/aSimple_Login' successfully

2018-09-05 18:07:18 - [TEST_CASE][PASSED] - Test Cases/BVT/aSimple_Login: Test Cases/BVT/aSimple_Login

2018-09-05 18:07:18 - [TEST_STEP][PASSED] - openBrowser: Browser is opened with url: ''

2018-09-05 18:07:18 - [MESSAGE][WARNING] - A browser is already opened. Closing browser and opening a new one

2018-09-05 18:07:21 - [MESSAGE][PASSED] - Browser is opened with url: ''

2018-09-05 18:07:21 - [TEST_STEP][PASSED] - maximizeWindow: Current window maximized

2018-09-05 18:07:22 - [MESSAGE][PASSED] - Current window maximized

2018-09-05 18:07:22 - [TEST_STEP][PASSED] - navigateToUrl: Navigate to 'https://dev.vcalling.in/enterprises/UAT/Dashboard/index.html' successfully

2018-09-05 18:07:25 - [MESSAGE][PASSED] - Navigate to 'https://dev.vcalling.in/enterprises/UAT/Dashboard/index.html' successfully

2018-09-05 18:07:25 - [TEST_STEP][PASSED] - setText: Text 'testing4dea@gmail.com' is set on object 'Object Repository/Login/UserId'

2018-09-05 18:07:26 - [MESSAGE][PASSED] - Text 'testing4dea@gmail.com' is set on object 'Object Repository/Login/UserId'

2018-09-05 18:07:26 - [TEST_STEP][PASSED] - click: Object: 'Object Repository/Login/div_GET OTP' is clicked on

2018-09-05 18:07:26 - [MESSAGE][PASSED] - Object: 'Object Repository/Login/div_GET OTP' is clicked on

2018-09-05 18:07:26 - [TEST_STEP][PASSED] - waitForElementPresent: Object 'Object Repository/Login/div_SUBMIT' is present

2018-09-05 18:07:27 - [MESSAGE][PASSED] - Object 'Object Repository/Login/div_SUBMIT' is present

2018-09-05 18:07:27 - [TEST_STEP][PASSED] - Statement - If (com.kms.katalon.core.webui.keyword.WebUiBuiltInKeywords.verifyElementNotPresent(com.kms.katalon.core.testobject.ObjectRepository.findTestObject(Login/div_SUBMIT), 5, OPTIONAL)): Web element with id: 'Object Repository/Login/div_SUBMIT' located by 'By.xpath: //div[(text() = ' SUBMIT ' or . = ' SUBMIT ')]' is present after '5' second(s)

2018-09-05 18:07:33 - [MESSAGE][WARNING] - Web element with id: 'Object Repository/Login/div_SUBMIT' located by 'By.xpath: //div[(text() = ' SUBMIT ' or . = ' SUBMIT ')]' is present after '5' second(s)
[[ATTACHMENT|C:\\Users\\User\\Desktop\\Katalon Studio\\Katalon Studio\\vCallingDashboard\\Reports\\RegressionSuite\\20180905_175530\\1536151052775.png]]

2018-09-05 18:07:33 - [TEST_STEP][PASSED] - Statement - sleep(5000): null

2018-09-05 18:07:38 - [TEST_STEP][PASSED] - Statement - OTP = getOTP(): null

2018-09-05 18:07:38 - [TEST_STEP][PASSED] - Statement - host = "imap.gmail.com": null

2018-09-05 18:07:38 - [TEST_STEP][PASSED] - Statement - msg = <not implemented yet for class: org.codehaus.groovy.ast.expr.EmptyExpression>: null

2018-09-05 18:07:38 - [TEST_STEP][PASSED] - Statement - msgSub = <not implemented yet for class: org.codehaus.groovy.ast.expr.EmptyExpression>: null

2018-09-05 18:07:38 - [TEST_STEP][PASSED] - Statement - OTP = "unavailable": null

2018-09-05 18:07:38 - [TEST_STEP][PASSED] - Statement - props = new java.util.Properties(): null

2018-09-05 18:07:38 - [TEST_STEP][PASSED] - Statement - props.setProperty("mail.imap.ssl.enable", "true"): null

2018-09-05 18:07:38 - [TEST_STEP][PASSED] - Statement - session = javax.mail.Session.getInstance(props): null

2018-09-05 18:07:38 - [TEST_STEP][PASSED] - Statement - store = <not implemented yet for class: org.codehaus.groovy.ast.expr.EmptyExpression>: null

2018-09-05 18:07:38 - [TEST_STEP][PASSED] - Statement - Try: null

2018-09-05 18:07:38 - [TEST_STEP][PASSED] - Statement - store = session.getStore("imap"): null

2018-09-05 18:07:38 - [TEST_STEP][PASSED] - Statement - store.connect(host, Email, Password): null

2018-09-05 18:07:39 - [TEST_STEP][PASSED] - Statement - emailFolder = store.getFolder("INBOX"): null

2018-09-05 18:07:39 - [TEST_STEP][PASSED] - Statement - emailFolder.open(READ_WRITE): null

2018-09-05 18:07:40 - [TEST_STEP][PASSED] - Statement - messages = emailFolder.getMessages(): null

2018-09-05 18:07:40 - [TEST_STEP][PASSED] - Statement - n = length: null

2018-09-05 18:07:40 - [TEST_STEP][PASSED] - Statement - message = messages[n - 1]: null

2018-09-05 18:07:40 - [TEST_STEP][PASSED] - Statement - msgSub = message.getSubject(): null

2018-09-05 18:07:40 - [TEST_STEP][PASSED] - Statement - If (msgSub.equals("OTP to Sign In")): null

2018-09-05 18:07:40 - [TEST_STEP][PASSED] - Statement - msg = message.getContent().toString(): null

2018-09-05 18:07:41 - [TEST_STEP][PASSED] - Statement - OTP = msg.substring(msg.length() - 7): null

2018-09-05 18:07:41 - [TEST_STEP][PASSED] - Statement - message.setFlag(DELETED, true): null

2018-09-05 18:07:41 - [TEST_STEP][PASSED] - Statement - emailFolder.close(true): null

2018-09-05 18:07:42 - [TEST_STEP][PASSED] - Statement - store.close(): null

2018-09-05 18:07:42 - [TEST_STEP][PASSED] - Statement - return OTP: null

2018-09-05 18:07:42 - [TEST_STEP][PASSED] - Statement - If (OTP.equals("unavailable")): null

2018-09-05 18:07:42 - [TEST_STEP][PASSED] - Statement - Else: Text 'p9684
' is set on object 'Object Repository/Login/OtpInput'

2018-09-05 18:07:42 - [TEST_STEP][PASSED] - setText: Text 'p9684
' is set on object 'Object Repository/Login/OtpInput'

2018-09-05 18:07:42 - [MESSAGE][PASSED] - Text 'p9684
' is set on object 'Object Repository/Login/OtpInput'

2018-09-05 18:07:42 - [TEST_STEP][PASSED] - verifyElementPresent: Object 'Object Repository/Login/afterOpenDisplay' is present

2018-09-05 18:07:43 - [MESSAGE][PASSED] - Object 'Object Repository/Login/afterOpenDisplay' is present

2018-09-05 18:07:43 - [MESSAGE][PASSED] - Call Test Case 'Test Cases/BVT/aSimple_Login' successfully

2018-09-05 18:07:43 - [TEST_STEP][PASSED] - click: Object: 'Object Repository/Dashboard_Link Generator/linkgeneratorIcon' is clicked on

2018-09-05 18:07:43 - [MESSAGE][PASSED] - Object: 'Object Repository/Dashboard_Link Generator/linkgeneratorIcon' is clicked on

2018-09-05 18:07:43 - [TEST_STEP][PASSED] - click: Object: 'Object Repository/Dashboard_Link Generator/checkbox_phone ' is clicked on

2018-09-05 18:07:44 - [MESSAGE][PASSED] - Object: 'Object Repository/Dashboard_Link Generator/checkbox_phone ' is clicked on

2018-09-05 18:07:44 - [TEST_STEP][PASSED] - click: Object: 'Object Repository/Dashboard_Link Generator/div_GET LINK' is clicked on

2018-09-05 18:07:44 - [MESSAGE][PASSED] - Object: 'Object Repository/Dashboard_Link Generator/div_GET LINK' is clicked on

2018-09-05 18:07:44 - [TEST_STEP][PASSED] - Statement - If (com.kms.katalon.core.webui.keyword.WebUiBuiltInKeywords.verifyElementPresent(com.kms.katalon.core.testobject.ObjectRepository.findTestObject(Dashboard_Link Generator/validation), 5, OPTIONAL)): null

2018-09-05 18:07:44 - [MESSAGE][PASSED] - Object 'Object Repository/Dashboard_Link Generator/validation' is present

2018-09-05 18:07:44 - [TEST_STEP][PASSED] - Statement - validationMessage = com.kms.katalon.core.webui.keyword.WebUiBuiltInKeywords.getText(com.kms.katalon.core.testobject.ObjectRepository.findTestObject(Dashboard_Link Generator/validation)): Text of object 'Object Repository/Dashboard_Link Generator/validation' is: 'Please enter either Phone or Email'

2018-09-05 18:07:44 - [MESSAGE][PASSED] - Text of object 'Object Repository/Dashboard_Link Generator/validation' is: 'Please enter either Phone or Email'

2018-09-05 18:07:44 - [TEST_STEP][PASSED] - verifyMatch: Actual text 'Please enter either Phone or Email' and expected text 'Please enter either Phone or Email' are matched 

2018-09-05 18:07:44 - [MESSAGE][PASSED] - Actual text 'Please enter either Phone or Email' and expected text 'Please enter either Phone or Email' are matched 

2018-09-05 18:07:44 - [TEST_STEP][PASSED] - Statement - println("successful"): null

2018-09-05 18:07:44 - [TEST_STEP][PASSED] - delay: Delayed 4 second(s)

2018-09-05 18:07:48 - [MESSAGE][PASSED] - Delayed 4 second(s)

2018-09-05 18:07:48 - [TEST_STEP][PASSED] - click: Object: 'Object Repository/Dashboard_Link Generator/checkbox_mail' is clicked on

2018-09-05 18:07:48 - [MESSAGE][PASSED] - Object: 'Object Repository/Dashboard_Link Generator/checkbox_mail' is clicked on

2018-09-05 18:07:48 - [TEST_STEP][PASSED] - click: Object: 'Object Repository/Dashboard_Link Generator/div_GET LINK' is clicked on

2018-09-05 18:07:49 - [MESSAGE][PASSED] - Object: 'Object Repository/Dashboard_Link Generator/div_GET LINK' is clicked on

2018-09-05 18:07:49 - [TEST_STEP][PASSED] - Statement - If (com.kms.katalon.core.webui.keyword.WebUiBuiltInKeywords.verifyElementPresent(com.kms.katalon.core.testobject.ObjectRepository.findTestObject(Dashboard_Link Generator/validation), 5, OPTIONAL)): null

2018-09-05 18:07:49 - [MESSAGE][PASSED] - Object 'Object Repository/Dashboard_Link Generator/validation' is present

2018-09-05 18:07:49 - [TEST_STEP][PASSED] - Statement - validationMessage = com.kms.katalon.core.webui.keyword.WebUiBuiltInKeywords.getText(com.kms.katalon.core.testobject.ObjectRepository.findTestObject(Dashboard_Link Generator/validation)): Text of object 'Object Repository/Dashboard_Link Generator/validation' is: 'Please enter either Phone or Email'

2018-09-05 18:07:49 - [MESSAGE][PASSED] - Text of object 'Object Repository/Dashboard_Link Generator/validation' is: 'Please enter either Phone or Email'

2018-09-05 18:07:49 - [TEST_STEP][PASSED] - verifyMatch: Actual text 'Please enter either Phone or Email' and expected text 'Please enter either Phone or Email' are matched 

2018-09-05 18:07:49 - [MESSAGE][PASSED] - Actual text 'Please enter either Phone or Email' and expected text 'Please enter either Phone or Email' are matched 

2018-09-05 18:07:49 - [TEST_STEP][PASSED] - Statement - println("successful"): null

2018-09-05 18:07:49 - [TEST_STEP][PASSED] - delay: Delayed 4 second(s)

2018-09-05 18:07:53 - [MESSAGE][PASSED] - Delayed 4 second(s)

2018-09-05 18:07:53 - [TEST_STEP][PASSED] - click: Object: 'Object Repository/Dashboard_Link Generator/callOnly' is clicked on

2018-09-05 18:07:53 - [MESSAGE][PASSED] - Object: 'Object Repository/Dashboard_Link Generator/callOnly' is clicked on

2018-09-05 18:07:53 - [TEST_STEP][PASSED] - click: Object: 'Object Repository/Dashboard_Link Generator/div_GET LINK' is clicked on

2018-09-05 18:07:53 - [MESSAGE][PASSED] - Object: 'Object Repository/Dashboard_Link Generator/div_GET LINK' is clicked on

2018-09-05 18:07:53 - [TEST_STEP][PASSED] - Statement - If (com.kms.katalon.core.webui.keyword.WebUiBuiltInKeywords.verifyElementPresent(com.kms.katalon.core.testobject.ObjectRepository.findTestObject(Dashboard_Link Generator/validation), 5, OPTIONAL)): null

2018-09-05 18:07:53 - [MESSAGE][PASSED] - Object 'Object Repository/Dashboard_Link Generator/validation' is present

2018-09-05 18:07:53 - [TEST_STEP][PASSED] - Statement - validationMessage = com.kms.katalon.core.webui.keyword.WebUiBuiltInKeywords.getText(com.kms.katalon.core.testobject.ObjectRepository.findTestObject(Dashboard_Link Generator/validation)): Text of object 'Object Repository/Dashboard_Link Generator/validation' is: 'Please enter either Phone or Email'

2018-09-05 18:07:53 - [MESSAGE][PASSED] - Text of object 'Object Repository/Dashboard_Link Generator/validation' is: 'Please enter either Phone or Email'

2018-09-05 18:07:53 - [TEST_STEP][PASSED] - verifyMatch: Actual text 'Please enter either Phone or Email' and expected text 'Please enter either Phone or Email' are matched 

2018-09-05 18:07:53 - [MESSAGE][PASSED] - Actual text 'Please enter either Phone or Email' and expected text 'Please enter either Phone or Email' are matched 

2018-09-05 18:07:53 - [TEST_STEP][PASSED] - Statement - println("successful"): null]]></system-out>
         <system-err><![CDATA[]]></system-err>
      </testcase>
      <testcase name="Test Cases/completed/TestCase3_FilterLinkLog/FilterCountAndTimeSpent" classname="Test Cases/completed/TestCase3_FilterLinkLog/FilterCountAndTimeSpent" status="FAILED">
         <failure type="FAILED" message="Unable to click on object 'Object Repository/LinkLogFilter/FilterButton' (Root cause: org.openqa.selenium.WebDriverException: unknown error: Element &lt;div class=&quot;filter-btn&quot;>...&lt;/div> is not clickable at point (383, 102). Other element would receive the click: &lt;div class=&quot;loader-screen&quot;>...&lt;/div>
  (Session info: chrome=68.0.3440.106)
  (Driver info: chromedriver=2.35.528161 (5b82f2d2aae0ca24b877009200ced9065a772e73),platform=Windows NT 10.0.17134 x86_64) (WARNING: The server did not provide any stacktrace information)
Command duration or timeout: 0 milliseconds
Build info: version: '3.7.1', revision: '8a0099a', time: '2017-11-06T21:07:36.161Z'
System info: host: 'DESKTOP-LIL', ip: '10.6.8.31', os.name: 'Windows 10', os.arch: 'amd64', os.version: '10.0', java.version: '1.8.0_102'
Driver info: com.kms.katalon.selenium.driver.CChromeDriver
Capabilities {acceptInsecureCerts: false, acceptSslCerts: false, applicationCacheEnabled: false, browserConnectionEnabled: false, browserName: chrome, chrome: {chromedriverVersion: 2.35.528161 (5b82f2d2aae0ca..., userDataDir: C:\Users\User\AppData\Local...}, cssSelectorsEnabled: true, databaseEnabled: false, handlesAlerts: true, hasTouchScreen: false, javascriptEnabled: true, locationContextEnabled: true, mobileEmulationEnabled: false, nativeEvents: true, networkConnectionEnabled: false, pageLoadStrategy: normal, platform: XP, platformName: XP, rotatable: false, setWindowRect: true, takesHeapSnapshot: true, takesScreenshot: true, unexpectedAlertBehaviour: , unhandledPromptBehavior: , version: 68.0.3440.106, webStorageEnabled: true}
Session ID: 5b05a88e202dc37452023629128de20a)"/>
         <system-out><![CDATA[2018-09-05 18:07:53 - [TEST_CASE][FAILED] - Test Cases/completed/TestCase3_FilterLinkLog/FilterCountAndTimeSpent: Test Cases/completed/TestCase3_FilterLinkLog/FilterCountAndTimeSpent FAILED because (of) Unable to click on object 'Object Repository/LinkLogFilter/FilterButton' (Root cause: org.openqa.selenium.WebDriverException: unknown error: Element <div class="filter-btn">...</div> is not clickable at point (383, 102). Other element would receive the click: <div class="loader-screen">...</div>
  (Session info: chrome=68.0.3440.106)
  (Driver info: chromedriver=2.35.528161 (5b82f2d2aae0ca24b877009200ced9065a772e73),platform=Windows NT 10.0.17134 x86_64) (WARNING: The server did not provide any stacktrace information)
Command duration or timeout: 0 milliseconds
Build info: version: '3.7.1', revision: '8a0099a', time: '2017-11-06T21:07:36.161Z'
System info: host: 'DESKTOP-LIL', ip: '10.6.8.31', os.name: 'Windows 10', os.arch: 'amd64', os.version: '10.0', java.version: '1.8.0_102'
Driver info: com.kms.katalon.selenium.driver.CChromeDriver
Capabilities {acceptInsecureCerts: false, acceptSslCerts: false, applicationCacheEnabled: false, browserConnectionEnabled: false, browserName: chrome, chrome: {chromedriverVersion: 2.35.528161 (5b82f2d2aae0ca..., userDataDir: C:\Users\User\AppData\Local...}, cssSelectorsEnabled: true, databaseEnabled: false, handlesAlerts: true, hasTouchScreen: false, javascriptEnabled: true, locationContextEnabled: true, mobileEmulationEnabled: false, nativeEvents: true, networkConnectionEnabled: false, pageLoadStrategy: normal, platform: XP, platformName: XP, rotatable: false, setWindowRect: true, takesHeapSnapshot: true, takesScreenshot: true, unexpectedAlertBehaviour: , unhandledPromptBehavior: , version: 68.0.3440.106, webStorageEnabled: true}
Session ID: 5b05a88e202dc37452023629128de20a)

2018-09-05 18:07:53 - [TEST_STEP][PASSED] - callTestCase: Call Test Case 'Test Cases/BVT/aSimple_Login' successfully

2018-09-05 18:07:53 - [TEST_CASE][PASSED] - Test Cases/BVT/aSimple_Login: Test Cases/BVT/aSimple_Login

2018-09-05 18:07:53 - [TEST_STEP][PASSED] - openBrowser: Browser is opened with url: ''

2018-09-05 18:07:53 - [MESSAGE][WARNING] - A browser is already opened. Closing browser and opening a new one

2018-09-05 18:07:56 - [MESSAGE][PASSED] - Browser is opened with url: ''

2018-09-05 18:07:56 - [TEST_STEP][PASSED] - maximizeWindow: Current window maximized

2018-09-05 18:07:57 - [MESSAGE][PASSED] - Current window maximized

2018-09-05 18:07:57 - [TEST_STEP][PASSED] - navigateToUrl: Navigate to 'https://dev.vcalling.in/enterprises/UAT/Dashboard/index.html' successfully

2018-09-05 18:08:00 - [MESSAGE][PASSED] - Navigate to 'https://dev.vcalling.in/enterprises/UAT/Dashboard/index.html' successfully

2018-09-05 18:08:00 - [TEST_STEP][PASSED] - setText: Text 'testing4dea@gmail.com' is set on object 'Object Repository/Login/UserId'

2018-09-05 18:08:01 - [MESSAGE][PASSED] - Text 'testing4dea@gmail.com' is set on object 'Object Repository/Login/UserId'

2018-09-05 18:08:01 - [TEST_STEP][PASSED] - click: Object: 'Object Repository/Login/div_GET OTP' is clicked on

2018-09-05 18:08:01 - [MESSAGE][PASSED] - Object: 'Object Repository/Login/div_GET OTP' is clicked on

2018-09-05 18:08:01 - [TEST_STEP][PASSED] - waitForElementPresent: Object 'Object Repository/Login/div_SUBMIT' is present

2018-09-05 18:08:03 - [MESSAGE][PASSED] - Object 'Object Repository/Login/div_SUBMIT' is present

2018-09-05 18:08:03 - [TEST_STEP][PASSED] - Statement - If (com.kms.katalon.core.webui.keyword.WebUiBuiltInKeywords.verifyElementNotPresent(com.kms.katalon.core.testobject.ObjectRepository.findTestObject(Login/div_SUBMIT), 5, OPTIONAL)): Web element with id: 'Object Repository/Login/div_SUBMIT' located by 'By.xpath: //div[(text() = ' SUBMIT ' or . = ' SUBMIT ')]' is present after '5' second(s)

2018-09-05 18:08:08 - [MESSAGE][WARNING] - Web element with id: 'Object Repository/Login/div_SUBMIT' located by 'By.xpath: //div[(text() = ' SUBMIT ' or . = ' SUBMIT ')]' is present after '5' second(s)
[[ATTACHMENT|C:\\Users\\User\\Desktop\\Katalon Studio\\Katalon Studio\\vCallingDashboard\\Reports\\RegressionSuite\\20180905_175530\\1536151088466.png]]

2018-09-05 18:08:08 - [TEST_STEP][PASSED] - Statement - sleep(5000): null

2018-09-05 18:08:13 - [TEST_STEP][PASSED] - Statement - OTP = getOTP(): null

2018-09-05 18:08:13 - [TEST_STEP][PASSED] - Statement - host = "imap.gmail.com": null

2018-09-05 18:08:13 - [TEST_STEP][PASSED] - Statement - msg = <not implemented yet for class: org.codehaus.groovy.ast.expr.EmptyExpression>: null

2018-09-05 18:08:13 - [TEST_STEP][PASSED] - Statement - msgSub = <not implemented yet for class: org.codehaus.groovy.ast.expr.EmptyExpression>: null

2018-09-05 18:08:13 - [TEST_STEP][PASSED] - Statement - OTP = "unavailable": null

2018-09-05 18:08:13 - [TEST_STEP][PASSED] - Statement - props = new java.util.Properties(): null

2018-09-05 18:08:13 - [TEST_STEP][PASSED] - Statement - props.setProperty("mail.imap.ssl.enable", "true"): null

2018-09-05 18:08:13 - [TEST_STEP][PASSED] - Statement - session = javax.mail.Session.getInstance(props): null

2018-09-05 18:08:13 - [TEST_STEP][PASSED] - Statement - store = <not implemented yet for class: org.codehaus.groovy.ast.expr.EmptyExpression>: null

2018-09-05 18:08:13 - [TEST_STEP][PASSED] - Statement - Try: null

2018-09-05 18:08:13 - [TEST_STEP][PASSED] - Statement - store = session.getStore("imap"): null

2018-09-05 18:08:13 - [TEST_STEP][PASSED] - Statement - store.connect(host, Email, Password): null

2018-09-05 18:08:15 - [TEST_STEP][PASSED] - Statement - emailFolder = store.getFolder("INBOX"): null

2018-09-05 18:08:15 - [TEST_STEP][PASSED] - Statement - emailFolder.open(READ_WRITE): null

2018-09-05 18:08:15 - [TEST_STEP][PASSED] - Statement - messages = emailFolder.getMessages(): null

2018-09-05 18:08:15 - [TEST_STEP][PASSED] - Statement - n = length: null

2018-09-05 18:08:15 - [TEST_STEP][PASSED] - Statement - message = messages[n - 1]: null

2018-09-05 18:08:15 - [TEST_STEP][PASSED] - Statement - msgSub = message.getSubject(): null

2018-09-05 18:08:16 - [TEST_STEP][PASSED] - Statement - If (msgSub.equals("OTP to Sign In")): null

2018-09-05 18:08:16 - [TEST_STEP][PASSED] - Statement - msg = message.getContent().toString(): null

2018-09-05 18:08:16 - [TEST_STEP][PASSED] - Statement - OTP = msg.substring(msg.length() - 7): null

2018-09-05 18:08:16 - [TEST_STEP][PASSED] - Statement - message.setFlag(DELETED, true): null

2018-09-05 18:08:17 - [TEST_STEP][PASSED] - Statement - emailFolder.close(true): null

2018-09-05 18:08:17 - [TEST_STEP][PASSED] - Statement - store.close(): null

2018-09-05 18:08:17 - [TEST_STEP][PASSED] - Statement - return OTP: null

2018-09-05 18:08:17 - [TEST_STEP][PASSED] - Statement - If (OTP.equals("unavailable")): null

2018-09-05 18:08:17 - [TEST_STEP][PASSED] - Statement - Else: Text 'n6672
' is set on object 'Object Repository/Login/OtpInput'

2018-09-05 18:08:17 - [TEST_STEP][PASSED] - setText: Text 'n6672
' is set on object 'Object Repository/Login/OtpInput'

2018-09-05 18:08:18 - [MESSAGE][PASSED] - Text 'n6672
' is set on object 'Object Repository/Login/OtpInput'

2018-09-05 18:08:18 - [TEST_STEP][PASSED] - verifyElementPresent: Object 'Object Repository/Login/afterOpenDisplay' is present

2018-09-05 18:08:19 - [MESSAGE][PASSED] - Object 'Object Repository/Login/afterOpenDisplay' is present

2018-09-05 18:08:19 - [MESSAGE][PASSED] - Call Test Case 'Test Cases/BVT/aSimple_Login' successfully

2018-09-05 18:08:19 - [TEST_STEP][FAILED] - callTestCase: Unable to call Test Case with id 'Test Cases/commonFunctionality/filterTimeSpentAndCount' (Root cause: Call Test Case 'Test Cases/commonFunctionality/filterTimeSpentAndCount' failed)

2018-09-05 18:08:19 - [TEST_CASE][FAILED] - Test Cases/commonFunctionality/filterTimeSpentAndCount: Test Cases/commonFunctionality/filterTimeSpentAndCount FAILED because (of) Unable to click on object 'Object Repository/LinkLogFilter/FilterButton' (Root cause: org.openqa.selenium.WebDriverException: unknown error: Element <div class="filter-btn">...</div> is not clickable at point (383, 102). Other element would receive the click: <div class="loader-screen">...</div>
  (Session info: chrome=68.0.3440.106)
  (Driver info: chromedriver=2.35.528161 (5b82f2d2aae0ca24b877009200ced9065a772e73),platform=Windows NT 10.0.17134 x86_64) (WARNING: The server did not provide any stacktrace information)
Command duration or timeout: 0 milliseconds
Build info: version: '3.7.1', revision: '8a0099a', time: '2017-11-06T21:07:36.161Z'
System info: host: 'DESKTOP-LIL', ip: '10.6.8.31', os.name: 'Windows 10', os.arch: 'amd64', os.version: '10.0', java.version: '1.8.0_102'
Driver info: com.kms.katalon.selenium.driver.CChromeDriver
Capabilities {acceptInsecureCerts: false, acceptSslCerts: false, applicationCacheEnabled: false, browserConnectionEnabled: false, browserName: chrome, chrome: {chromedriverVersion: 2.35.528161 (5b82f2d2aae0ca..., userDataDir: C:\Users\User\AppData\Local...}, cssSelectorsEnabled: true, databaseEnabled: false, handlesAlerts: true, hasTouchScreen: false, javascriptEnabled: true, locationContextEnabled: true, mobileEmulationEnabled: false, nativeEvents: true, networkConnectionEnabled: false, pageLoadStrategy: normal, platform: XP, platformName: XP, rotatable: false, setWindowRect: true, takesHeapSnapshot: true, takesScreenshot: true, unexpectedAlertBehaviour: , unhandledPromptBehavior: , version: 68.0.3440.106, webStorageEnabled: true}
Session ID: 5b05a88e202dc37452023629128de20a)

2018-09-05 18:08:19 - [TEST_STEP][PASSED] - click: Object: 'Object Repository/LinkLogFilter/FilterButton' is clicked on

2018-09-05 18:08:20 - [MESSAGE][PASSED] - Object: 'Object Repository/LinkLogFilter/FilterButton' is clicked on

2018-09-05 18:08:20 - [TEST_STEP][PASSED] - Statement - If (com.kms.katalon.core.webui.keyword.WebUiBuiltInKeywords.verifyElementPresent(com.kms.katalon.core.testobject.ObjectRepository.findTestObject(filter/filterContainer), 5, OPTIONAL)): null

2018-09-05 18:08:20 - [MESSAGE][PASSED] - Object 'Object Repository/filter/filterContainer' is present

2018-09-05 18:08:20 - [TEST_STEP][PASSED] - Statement - println("open filter POP Up successful"): null

2018-09-05 18:08:20 - [TEST_STEP][PASSED] - setText: Text '0' is set on object 'Object Repository/LinkLogFilter/openLinkCount'

2018-09-05 18:08:20 - [MESSAGE][PASSED] - Text '0' is set on object 'Object Repository/LinkLogFilter/openLinkCount'

2018-09-05 18:08:20 - [TEST_STEP][PASSED] - setText: Text '2' is set on object 'Object Repository/LinkLogFilter/timeSpentFilter'

2018-09-05 18:08:20 - [MESSAGE][PASSED] - Text '2' is set on object 'Object Repository/LinkLogFilter/timeSpentFilter'

2018-09-05 18:08:20 - [TEST_STEP][PASSED] - click: Object: 'Object Repository/LinkLogFilter/innerFilterButton' is clicked on

2018-09-05 18:08:20 - [MESSAGE][PASSED] - Object: 'Object Repository/LinkLogFilter/innerFilterButton' is clicked on

2018-09-05 18:08:20 - [TEST_STEP][PASSED] - delay: Delayed 5 second(s)

2018-09-05 18:08:25 - [MESSAGE][PASSED] - Delayed 5 second(s)

2018-09-05 18:08:25 - [TEST_STEP][PASSED] - click: Object: 'Object Repository/LinkLogFilter/FilterButton' is clicked on

2018-09-05 18:08:25 - [MESSAGE][PASSED] - Object: 'Object Repository/LinkLogFilter/FilterButton' is clicked on

2018-09-05 18:08:25 - [TEST_STEP][PASSED] - Statement - If (com.kms.katalon.core.webui.keyword.WebUiBuiltInKeywords.verifyElementPresent(com.kms.katalon.core.testobject.ObjectRepository.findTestObject(filter/filterContainer), 5, OPTIONAL)): null

2018-09-05 18:08:25 - [MESSAGE][PASSED] - Object 'Object Repository/filter/filterContainer' is present

2018-09-05 18:08:25 - [TEST_STEP][PASSED] - Statement - println("open filter POP Up successful"): null

2018-09-05 18:08:25 - [TEST_STEP][PASSED] - setText: Text 'P' is set on object 'Object Repository/LinkLogFilter/openLinkCount'

2018-09-05 18:08:26 - [MESSAGE][PASSED] - Text 'P' is set on object 'Object Repository/LinkLogFilter/openLinkCount'

2018-09-05 18:08:26 - [TEST_STEP][PASSED] - setText: Text '0' is set on object 'Object Repository/LinkLogFilter/timeSpentFilter'

2018-09-05 18:08:26 - [MESSAGE][PASSED] - Text '0' is set on object 'Object Repository/LinkLogFilter/timeSpentFilter'

2018-09-05 18:08:26 - [TEST_STEP][PASSED] - click: Object: 'Object Repository/LinkLogFilter/innerFilterButton' is clicked on

2018-09-05 18:08:26 - [MESSAGE][PASSED] - Object: 'Object Repository/LinkLogFilter/innerFilterButton' is clicked on

2018-09-05 18:08:26 - [TEST_STEP][PASSED] - delay: Delayed 5 second(s)

2018-09-05 18:08:31 - [MESSAGE][PASSED] - Delayed 5 second(s)

2018-09-05 18:08:31 - [TEST_STEP][PASSED] - clickOffset: Object: 'Object Repository/filter/filterScreen' is clicked on using offset x=100 and y=200

2018-09-05 18:08:31 - [MESSAGE][PASSED] - Object: 'Object Repository/filter/filterScreen' is clicked on using offset x=100 and y=200

2018-09-05 18:08:31 - [TEST_STEP][PASSED] - click: Object: 'Object Repository/LinkLogFilter/FilterButton' is clicked on

2018-09-05 18:08:31 - [MESSAGE][PASSED] - Object: 'Object Repository/LinkLogFilter/FilterButton' is clicked on

2018-09-05 18:08:31 - [TEST_STEP][PASSED] - Statement - If (com.kms.katalon.core.webui.keyword.WebUiBuiltInKeywords.verifyElementPresent(com.kms.katalon.core.testobject.ObjectRepository.findTestObject(filter/filterContainer), 5, OPTIONAL)): null

2018-09-05 18:08:31 - [MESSAGE][PASSED] - Object 'Object Repository/filter/filterContainer' is present

2018-09-05 18:08:31 - [TEST_STEP][PASSED] - Statement - println("open filter POP Up successful"): null

2018-09-05 18:08:31 - [TEST_STEP][PASSED] - sendKeys: Keys 'CONTROL + DELETE + a' sent to object: 'Object Repository/LinkLogFilter/openLinkCount'

2018-09-05 18:08:31 - [MESSAGE][PASSED] - Keys 'CONTROL + DELETE + a' sent to object: 'Object Repository/LinkLogFilter/openLinkCount'

2018-09-05 18:08:31 - [TEST_STEP][PASSED] - setText: Text '2' is set on object 'Object Repository/LinkLogFilter/openLinkCount'

2018-09-05 18:08:31 - [MESSAGE][PASSED] - Text '2' is set on object 'Object Repository/LinkLogFilter/openLinkCount'

2018-09-05 18:08:31 - [TEST_STEP][PASSED] - sendKeys: Keys 'CONTROL + DELETE + a' sent to object: 'Object Repository/LinkLogFilter/timeSpentFilter'

2018-09-05 18:08:31 - [MESSAGE][PASSED] - Keys 'CONTROL + DELETE + a' sent to object: 'Object Repository/LinkLogFilter/timeSpentFilter'

2018-09-05 18:08:31 - [TEST_STEP][PASSED] - setText: Text '899999999999999999' is set on object 'Object Repository/LinkLogFilter/timeSpentFilter'

2018-09-05 18:08:32 - [MESSAGE][PASSED] - Text '899999999999999999' is set on object 'Object Repository/LinkLogFilter/timeSpentFilter'

2018-09-05 18:08:32 - [TEST_STEP][PASSED] - click: Object: 'Object Repository/LinkLogFilter/innerFilterButton' is clicked on

2018-09-05 18:08:32 - [MESSAGE][PASSED] - Object: 'Object Repository/LinkLogFilter/innerFilterButton' is clicked on

2018-09-05 18:08:32 - [TEST_STEP][PASSED] - verifyElementPresent: Object 'Object Repository/LinkLogFilter/noTagAvailable' is present

2018-09-05 18:08:36 - [MESSAGE][PASSED] - Object 'Object Repository/LinkLogFilter/noTagAvailable' is present

2018-09-05 18:08:36 - [TEST_STEP][PASSED] - click: Object: 'Object Repository/LinkLogFilter/FilterButton' is clicked on

2018-09-05 18:08:36 - [MESSAGE][PASSED] - Object: 'Object Repository/LinkLogFilter/FilterButton' is clicked on

2018-09-05 18:08:36 - [TEST_STEP][PASSED] - Statement - If (com.kms.katalon.core.webui.keyword.WebUiBuiltInKeywords.verifyElementPresent(com.kms.katalon.core.testobject.ObjectRepository.findTestObject(filter/filterContainer), 5, OPTIONAL)): null

2018-09-05 18:08:36 - [MESSAGE][PASSED] - Object 'Object Repository/filter/filterContainer' is present

2018-09-05 18:08:36 - [TEST_STEP][PASSED] - Statement - println("open filter POP Up successful"): null

2018-09-05 18:08:36 - [TEST_STEP][PASSED] - sendKeys: Keys 'CONTROL + DELETE + a' sent to object: 'Object Repository/LinkLogFilter/openLinkCount'

2018-09-05 18:08:36 - [MESSAGE][PASSED] - Keys 'CONTROL + DELETE + a' sent to object: 'Object Repository/LinkLogFilter/openLinkCount'

2018-09-05 18:08:36 - [TEST_STEP][PASSED] - setText: Text '2' is set on object 'Object Repository/LinkLogFilter/openLinkCount'

2018-09-05 18:08:36 - [MESSAGE][PASSED] - Text '2' is set on object 'Object Repository/LinkLogFilter/openLinkCount'

2018-09-05 18:08:36 - [TEST_STEP][PASSED] - sendKeys: Keys 'CONTROL + DELETE + a' sent to object: 'Object Repository/LinkLogFilter/timeSpentFilter'

2018-09-05 18:08:36 - [MESSAGE][PASSED] - Keys 'CONTROL + DELETE + a' sent to object: 'Object Repository/LinkLogFilter/timeSpentFilter'

2018-09-05 18:08:36 - [TEST_STEP][PASSED] - setText: Text ''@-' is set on object 'Object Repository/LinkLogFilter/timeSpentFilter'

2018-09-05 18:08:37 - [MESSAGE][PASSED] - Text ''@-' is set on object 'Object Repository/LinkLogFilter/timeSpentFilter'

2018-09-05 18:08:37 - [TEST_STEP][PASSED] - click: Object: 'Object Repository/LinkLogFilter/innerFilterButton' is clicked on

2018-09-05 18:08:37 - [MESSAGE][PASSED] - Object: 'Object Repository/LinkLogFilter/innerFilterButton' is clicked on

2018-09-05 18:08:37 - [TEST_STEP][PASSED] - clickOffset: Object: 'Object Repository/filter/filterScreen' is clicked on using offset x=100 and y=200

2018-09-05 18:08:37 - [MESSAGE][PASSED] - Object: 'Object Repository/filter/filterScreen' is clicked on using offset x=100 and y=200

2018-09-05 18:08:37 - [TEST_STEP][PASSED] - click: Object: 'Object Repository/LinkLogFilter/FilterButton' is clicked on

2018-09-05 18:08:37 - [MESSAGE][PASSED] - Object: 'Object Repository/LinkLogFilter/FilterButton' is clicked on

2018-09-05 18:08:37 - [TEST_STEP][PASSED] - Statement - If (com.kms.katalon.core.webui.keyword.WebUiBuiltInKeywords.verifyElementPresent(com.kms.katalon.core.testobject.ObjectRepository.findTestObject(filter/filterContainer), 5, OPTIONAL)): null

2018-09-05 18:08:37 - [MESSAGE][PASSED] - Object 'Object Repository/filter/filterContainer' is present

2018-09-05 18:08:37 - [TEST_STEP][PASSED] - Statement - println("open filter POP Up successful"): null

2018-09-05 18:08:37 - [TEST_STEP][PASSED] - sendKeys: Keys 'CONTROL + DELETE + a' sent to object: 'Object Repository/LinkLogFilter/TagFilter'

2018-09-05 18:08:37 - [MESSAGE][PASSED] - Keys 'CONTROL + DELETE + a' sent to object: 'Object Repository/LinkLogFilter/TagFilter'

2018-09-05 18:08:37 - [TEST_STEP][PASSED] - setText: Text '2' is set on object 'Object Repository/LinkLogFilter/openLinkCount'

2018-09-05 18:08:37 - [MESSAGE][PASSED] - Text '2' is set on object 'Object Repository/LinkLogFilter/openLinkCount'

2018-09-05 18:08:37 - [TEST_STEP][PASSED] - sendKeys: Keys 'CONTROL + DELETE + a' sent to object: 'Object Repository/LinkLogFilter/timeSpentFilter'

2018-09-05 18:08:37 - [MESSAGE][PASSED] - Keys 'CONTROL + DELETE + a' sent to object: 'Object Repository/LinkLogFilter/timeSpentFilter'

2018-09-05 18:08:37 - [TEST_STEP][PASSED] - setText: Text 'ashjjk' is set on object 'Object Repository/LinkLogFilter/timeSpentFilter'

2018-09-05 18:08:37 - [MESSAGE][PASSED] - Text 'ashjjk' is set on object 'Object Repository/LinkLogFilter/timeSpentFilter'

2018-09-05 18:08:37 - [TEST_STEP][PASSED] - click: Object: 'Object Repository/LinkLogFilter/innerFilterButton' is clicked on

2018-09-05 18:08:38 - [MESSAGE][PASSED] - Object: 'Object Repository/LinkLogFilter/innerFilterButton' is clicked on

2018-09-05 18:08:38 - [TEST_STEP][PASSED] - clickOffset: Object: 'Object Repository/filter/filterScreen' is clicked on using offset x=100 and y=200

2018-09-05 18:08:38 - [MESSAGE][PASSED] - Object: 'Object Repository/filter/filterScreen' is clicked on using offset x=100 and y=200

2018-09-05 18:08:38 - [TEST_STEP][PASSED] - click: Object: 'Object Repository/LinkLogFilter/FilterButton' is clicked on

2018-09-05 18:08:38 - [MESSAGE][PASSED] - Object: 'Object Repository/LinkLogFilter/FilterButton' is clicked on

2018-09-05 18:08:38 - [TEST_STEP][PASSED] - Statement - If (com.kms.katalon.core.webui.keyword.WebUiBuiltInKeywords.verifyElementPresent(com.kms.katalon.core.testobject.ObjectRepository.findTestObject(filter/filterContainer), 5, OPTIONAL)): null

2018-09-05 18:08:38 - [MESSAGE][PASSED] - Object 'Object Repository/filter/filterContainer' is present

2018-09-05 18:08:38 - [TEST_STEP][PASSED] - Statement - println("open filter POP Up successful"): null

2018-09-05 18:08:38 - [TEST_STEP][PASSED] - setText: Text '189899' is set on object 'Object Repository/LinkLogFilter/openLinkCount'

2018-09-05 18:08:38 - [MESSAGE][PASSED] - Text '189899' is set on object 'Object Repository/LinkLogFilter/openLinkCount'

2018-09-05 18:08:38 - [TEST_STEP][PASSED] - setText: Text '2' is set on object 'Object Repository/LinkLogFilter/timeSpentFilter'

2018-09-05 18:08:38 - [MESSAGE][PASSED] - Text '2' is set on object 'Object Repository/LinkLogFilter/timeSpentFilter'

2018-09-05 18:08:38 - [TEST_STEP][PASSED] - click: Object: 'Object Repository/LinkLogFilter/innerFilterButton' is clicked on

2018-09-05 18:08:38 - [MESSAGE][PASSED] - Object: 'Object Repository/LinkLogFilter/innerFilterButton' is clicked on

2018-09-05 18:08:38 - [TEST_STEP][FAILED] - click: Unable to click on object 'Object Repository/LinkLogFilter/FilterButton' (Root cause: org.openqa.selenium.WebDriverException: unknown error: Element <div class="filter-btn">...</div> is not clickable at point (383, 102). Other element would receive the click: <div class="loader-screen">...</div>
  (Session info: chrome=68.0.3440.106)
  (Driver info: chromedriver=2.35.528161 (5b82f2d2aae0ca24b877009200ced9065a772e73),platform=Windows NT 10.0.17134 x86_64) (WARNING: The server did not provide any stacktrace information)
Command duration or timeout: 0 milliseconds
Build info: version: '3.7.1', revision: '8a0099a', time: '2017-11-06T21:07:36.161Z'
System info: host: 'DESKTOP-LIL', ip: '10.6.8.31', os.name: 'Windows 10', os.arch: 'amd64', os.version: '10.0', java.version: '1.8.0_102'
Driver info: com.kms.katalon.selenium.driver.CChromeDriver
Capabilities {acceptInsecureCerts: false, acceptSslCerts: false, applicationCacheEnabled: false, browserConnectionEnabled: false, browserName: chrome, chrome: {chromedriverVersion: 2.35.528161 (5b82f2d2aae0ca..., userDataDir: C:\Users\User\AppData\Local...}, cssSelectorsEnabled: true, databaseEnabled: false, handlesAlerts: true, hasTouchScreen: false, javascriptEnabled: true, locationContextEnabled: true, mobileEmulationEnabled: false, nativeEvents: true, networkConnectionEnabled: false, pageLoadStrategy: normal, platform: XP, platformName: XP, rotatable: false, setWindowRect: true, takesHeapSnapshot: true, takesScreenshot: true, unexpectedAlertBehaviour: , unhandledPromptBehavior: , version: 68.0.3440.106, webStorageEnabled: true}
Session ID: 5b05a88e202dc37452023629128de20a)

2018-09-05 18:08:39 - [MESSAGE][FAILED] - Unable to click on object 'Object Repository/LinkLogFilter/FilterButton' (Root cause: org.openqa.selenium.WebDriverException: unknown error: Element <div class="filter-btn">...</div> is not clickable at point (383, 102). Other element would receive the click: <div class="loader-screen">...</div>
  (Session info: chrome=68.0.3440.106)
  (Driver info: chromedriver=2.35.528161 (5b82f2d2aae0ca24b877009200ced9065a772e73),platform=Windows NT 10.0.17134 x86_64) (WARNING: The server did not provide any stacktrace information)
Command duration or timeout: 0 milliseconds
Build info: version: '3.7.1', revision: '8a0099a', time: '2017-11-06T21:07:36.161Z'
System info: host: 'DESKTOP-LIL', ip: '10.6.8.31', os.name: 'Windows 10', os.arch: 'amd64', os.version: '10.0', java.version: '1.8.0_102'
Driver info: com.kms.katalon.selenium.driver.CChromeDriver
Capabilities {acceptInsecureCerts: false, acceptSslCerts: false, applicationCacheEnabled: false, browserConnectionEnabled: false, browserName: chrome, chrome: {chromedriverVersion: 2.35.528161 (5b82f2d2aae0ca..., userDataDir: C:\Users\User\AppData\Local...}, cssSelectorsEnabled: true, databaseEnabled: false, handlesAlerts: true, hasTouchScreen: false, javascriptEnabled: true, locationContextEnabled: true, mobileEmulationEnabled: false, nativeEvents: true, networkConnectionEnabled: false, pageLoadStrategy: normal, platform: XP, platformName: XP, rotatable: false, setWindowRect: true, takesHeapSnapshot: true, takesScreenshot: true, unexpectedAlertBehaviour: , unhandledPromptBehavior: , version: 68.0.3440.106, webStorageEnabled: true}
Session ID: 5b05a88e202dc37452023629128de20a)
[[ATTACHMENT|C:\\Users\\User\\Desktop\\Katalon Studio\\Katalon Studio\\vCallingDashboard\\Reports\\RegressionSuite\\20180905_175530\\1536151119076.png]]

2018-09-05 18:08:39 - [MESSAGE][FAILED] - Unable to call Test Case with id 'Test Cases/commonFunctionality/filterTimeSpentAndCount' (Root cause: Call Test Case 'Test Cases/commonFunctionality/filterTimeSpentAndCount' failed)]]></system-out>
         <system-err><![CDATA[2018-09-05 18:07:53 - [TEST_CASE][FAILED] - Test Cases/completed/TestCase3_FilterLinkLog/FilterCountAndTimeSpent: Test Cases/completed/TestCase3_FilterLinkLog/FilterCountAndTimeSpent FAILED because (of) Unable to click on object 'Object Repository/LinkLogFilter/FilterButton' (Root cause: org.openqa.selenium.WebDriverException: unknown error: Element <div class="filter-btn">...</div> is not clickable at point (383, 102). Other element would receive the click: <div class="loader-screen">...</div>
  (Session info: chrome=68.0.3440.106)
  (Driver info: chromedriver=2.35.528161 (5b82f2d2aae0ca24b877009200ced9065a772e73),platform=Windows NT 10.0.17134 x86_64) (WARNING: The server did not provide any stacktrace information)
Command duration or timeout: 0 milliseconds
Build info: version: '3.7.1', revision: '8a0099a', time: '2017-11-06T21:07:36.161Z'
System info: host: 'DESKTOP-LIL', ip: '10.6.8.31', os.name: 'Windows 10', os.arch: 'amd64', os.version: '10.0', java.version: '1.8.0_102'
Driver info: com.kms.katalon.selenium.driver.CChromeDriver
Capabilities {acceptInsecureCerts: false, acceptSslCerts: false, applicationCacheEnabled: false, browserConnectionEnabled: false, browserName: chrome, chrome: {chromedriverVersion: 2.35.528161 (5b82f2d2aae0ca..., userDataDir: C:\Users\User\AppData\Local...}, cssSelectorsEnabled: true, databaseEnabled: false, handlesAlerts: true, hasTouchScreen: false, javascriptEnabled: true, locationContextEnabled: true, mobileEmulationEnabled: false, nativeEvents: true, networkConnectionEnabled: false, pageLoadStrategy: normal, platform: XP, platformName: XP, rotatable: false, setWindowRect: true, takesHeapSnapshot: true, takesScreenshot: true, unexpectedAlertBehaviour: , unhandledPromptBehavior: , version: 68.0.3440.106, webStorageEnabled: true}
Session ID: 5b05a88e202dc37452023629128de20a)]]></system-err>
      </testcase>
      <testcase name="Test Cases/completed/TestCase3_FilterLinkLog/FilterTag" classname="Test Cases/completed/TestCase3_FilterLinkLog/FilterTag" status="FAILED">
         <failure type="FAILED" message="Unable to click on object 'Object Repository/LinkLogFilter/FilterButton' (Root cause: org.openqa.selenium.WebDriverException: unknown error: Element &lt;div class=&quot;filter-btn&quot;>...&lt;/div> is not clickable at point (383, 102). Other element would receive the click: &lt;div class=&quot;loader-screen&quot;>...&lt;/div>
  (Session info: chrome=68.0.3440.106)
  (Driver info: chromedriver=2.35.528161 (5b82f2d2aae0ca24b877009200ced9065a772e73),platform=Windows NT 10.0.17134 x86_64) (WARNING: The server did not provide any stacktrace information)
Command duration or timeout: 0 milliseconds
Build info: version: '3.7.1', revision: '8a0099a', time: '2017-11-06T21:07:36.161Z'
System info: host: 'DESKTOP-LIL', ip: '10.6.8.31', os.name: 'Windows 10', os.arch: 'amd64', os.version: '10.0', java.version: '1.8.0_102'
Driver info: com.kms.katalon.selenium.driver.CChromeDriver
Capabilities {acceptInsecureCerts: false, acceptSslCerts: false, applicationCacheEnabled: false, browserConnectionEnabled: false, browserName: chrome, chrome: {chromedriverVersion: 2.35.528161 (5b82f2d2aae0ca..., userDataDir: C:\Users\User\AppData\Local...}, cssSelectorsEnabled: true, databaseEnabled: false, handlesAlerts: true, hasTouchScreen: false, javascriptEnabled: true, locationContextEnabled: true, mobileEmulationEnabled: false, nativeEvents: true, networkConnectionEnabled: false, pageLoadStrategy: normal, platform: XP, platformName: XP, rotatable: false, setWindowRect: true, takesHeapSnapshot: true, takesScreenshot: true, unexpectedAlertBehaviour: , unhandledPromptBehavior: , version: 68.0.3440.106, webStorageEnabled: true}
Session ID: 0c88e56819c47d2a159ae4e4d35a4a24)"/>
         <system-out><![CDATA[2018-09-05 18:08:39 - [TEST_CASE][FAILED] - Test Cases/completed/TestCase3_FilterLinkLog/FilterTag: Test Cases/completed/TestCase3_FilterLinkLog/FilterTag FAILED because (of) Unable to click on object 'Object Repository/LinkLogFilter/FilterButton' (Root cause: org.openqa.selenium.WebDriverException: unknown error: Element <div class="filter-btn">...</div> is not clickable at point (383, 102). Other element would receive the click: <div class="loader-screen">...</div>
  (Session info: chrome=68.0.3440.106)
  (Driver info: chromedriver=2.35.528161 (5b82f2d2aae0ca24b877009200ced9065a772e73),platform=Windows NT 10.0.17134 x86_64) (WARNING: The server did not provide any stacktrace information)
Command duration or timeout: 0 milliseconds
Build info: version: '3.7.1', revision: '8a0099a', time: '2017-11-06T21:07:36.161Z'
System info: host: 'DESKTOP-LIL', ip: '10.6.8.31', os.name: 'Windows 10', os.arch: 'amd64', os.version: '10.0', java.version: '1.8.0_102'
Driver info: com.kms.katalon.selenium.driver.CChromeDriver
Capabilities {acceptInsecureCerts: false, acceptSslCerts: false, applicationCacheEnabled: false, browserConnectionEnabled: false, browserName: chrome, chrome: {chromedriverVersion: 2.35.528161 (5b82f2d2aae0ca..., userDataDir: C:\Users\User\AppData\Local...}, cssSelectorsEnabled: true, databaseEnabled: false, handlesAlerts: true, hasTouchScreen: false, javascriptEnabled: true, locationContextEnabled: true, mobileEmulationEnabled: false, nativeEvents: true, networkConnectionEnabled: false, pageLoadStrategy: normal, platform: XP, platformName: XP, rotatable: false, setWindowRect: true, takesHeapSnapshot: true, takesScreenshot: true, unexpectedAlertBehaviour: , unhandledPromptBehavior: , version: 68.0.3440.106, webStorageEnabled: true}
Session ID: 0c88e56819c47d2a159ae4e4d35a4a24)

2018-09-05 18:08:40 - [TEST_STEP][PASSED] - callTestCase: Call Test Case 'Test Cases/BVT/aSimple_Login' successfully

2018-09-05 18:08:40 - [TEST_CASE][PASSED] - Test Cases/BVT/aSimple_Login: Test Cases/BVT/aSimple_Login

2018-09-05 18:08:40 - [TEST_STEP][PASSED] - openBrowser: Browser is opened with url: ''

2018-09-05 18:08:40 - [MESSAGE][WARNING] - A browser is already opened. Closing browser and opening a new one

2018-09-05 18:08:43 - [MESSAGE][PASSED] - Browser is opened with url: ''

2018-09-05 18:08:43 - [TEST_STEP][PASSED] - maximizeWindow: Current window maximized

2018-09-05 18:08:45 - [MESSAGE][PASSED] - Current window maximized

2018-09-05 18:08:45 - [TEST_STEP][PASSED] - navigateToUrl: Navigate to 'https://dev.vcalling.in/enterprises/UAT/Dashboard/index.html' successfully

2018-09-05 18:08:48 - [MESSAGE][PASSED] - Navigate to 'https://dev.vcalling.in/enterprises/UAT/Dashboard/index.html' successfully

2018-09-05 18:08:48 - [TEST_STEP][PASSED] - setText: Text 'testing4dea@gmail.com' is set on object 'Object Repository/Login/UserId'

2018-09-05 18:08:48 - [MESSAGE][PASSED] - Text 'testing4dea@gmail.com' is set on object 'Object Repository/Login/UserId'

2018-09-05 18:08:48 - [TEST_STEP][PASSED] - click: Object: 'Object Repository/Login/div_GET OTP' is clicked on

2018-09-05 18:08:48 - [MESSAGE][PASSED] - Object: 'Object Repository/Login/div_GET OTP' is clicked on

2018-09-05 18:08:48 - [TEST_STEP][PASSED] - waitForElementPresent: Object 'Object Repository/Login/div_SUBMIT' is present

2018-09-05 18:08:50 - [MESSAGE][PASSED] - Object 'Object Repository/Login/div_SUBMIT' is present

2018-09-05 18:08:50 - [TEST_STEP][PASSED] - Statement - If (com.kms.katalon.core.webui.keyword.WebUiBuiltInKeywords.verifyElementNotPresent(com.kms.katalon.core.testobject.ObjectRepository.findTestObject(Login/div_SUBMIT), 5, OPTIONAL)): Web element with id: 'Object Repository/Login/div_SUBMIT' located by 'By.xpath: //div[(text() = ' SUBMIT ' or . = ' SUBMIT ')]' is present after '5' second(s)

2018-09-05 18:08:55 - [MESSAGE][WARNING] - Web element with id: 'Object Repository/Login/div_SUBMIT' located by 'By.xpath: //div[(text() = ' SUBMIT ' or . = ' SUBMIT ')]' is present after '5' second(s)
[[ATTACHMENT|C:\\Users\\User\\Desktop\\Katalon Studio\\Katalon Studio\\vCallingDashboard\\Reports\\RegressionSuite\\20180905_175530\\1536151135296.png]]

2018-09-05 18:08:55 - [TEST_STEP][PASSED] - Statement - sleep(5000): null

2018-09-05 18:09:00 - [TEST_STEP][PASSED] - Statement - OTP = getOTP(): null

2018-09-05 18:09:00 - [TEST_STEP][PASSED] - Statement - host = "imap.gmail.com": null

2018-09-05 18:09:00 - [TEST_STEP][PASSED] - Statement - msg = <not implemented yet for class: org.codehaus.groovy.ast.expr.EmptyExpression>: null

2018-09-05 18:09:00 - [TEST_STEP][PASSED] - Statement - msgSub = <not implemented yet for class: org.codehaus.groovy.ast.expr.EmptyExpression>: null

2018-09-05 18:09:00 - [TEST_STEP][PASSED] - Statement - OTP = "unavailable": null

2018-09-05 18:09:00 - [TEST_STEP][PASSED] - Statement - props = new java.util.Properties(): null

2018-09-05 18:09:00 - [TEST_STEP][PASSED] - Statement - props.setProperty("mail.imap.ssl.enable", "true"): null

2018-09-05 18:09:00 - [TEST_STEP][PASSED] - Statement - session = javax.mail.Session.getInstance(props): null

2018-09-05 18:09:00 - [TEST_STEP][PASSED] - Statement - store = <not implemented yet for class: org.codehaus.groovy.ast.expr.EmptyExpression>: null

2018-09-05 18:09:00 - [TEST_STEP][PASSED] - Statement - Try: null

2018-09-05 18:09:00 - [TEST_STEP][PASSED] - Statement - store = session.getStore("imap"): null

2018-09-05 18:09:00 - [TEST_STEP][PASSED] - Statement - store.connect(host, Email, Password): null

2018-09-05 18:09:02 - [TEST_STEP][PASSED] - Statement - emailFolder = store.getFolder("INBOX"): null

2018-09-05 18:09:02 - [TEST_STEP][PASSED] - Statement - emailFolder.open(READ_WRITE): null

2018-09-05 18:09:02 - [TEST_STEP][PASSED] - Statement - messages = emailFolder.getMessages(): null

2018-09-05 18:09:02 - [TEST_STEP][PASSED] - Statement - n = length: null

2018-09-05 18:09:02 - [TEST_STEP][PASSED] - Statement - message = messages[n - 1]: null

2018-09-05 18:09:02 - [TEST_STEP][PASSED] - Statement - msgSub = message.getSubject(): null

2018-09-05 18:09:03 - [TEST_STEP][PASSED] - Statement - If (msgSub.equals("OTP to Sign In")): null

2018-09-05 18:09:03 - [TEST_STEP][PASSED] - Statement - msg = message.getContent().toString(): null

2018-09-05 18:09:03 - [TEST_STEP][PASSED] - Statement - OTP = msg.substring(msg.length() - 7): null

2018-09-05 18:09:03 - [TEST_STEP][PASSED] - Statement - message.setFlag(DELETED, true): null

2018-09-05 18:09:04 - [TEST_STEP][PASSED] - Statement - emailFolder.close(true): null

2018-09-05 18:09:04 - [TEST_STEP][PASSED] - Statement - store.close(): null

2018-09-05 18:09:04 - [TEST_STEP][PASSED] - Statement - return OTP: null

2018-09-05 18:09:04 - [TEST_STEP][PASSED] - Statement - If (OTP.equals("unavailable")): null

2018-09-05 18:09:04 - [TEST_STEP][PASSED] - Statement - Else: Text 'd7379
' is set on object 'Object Repository/Login/OtpInput'

2018-09-05 18:09:04 - [TEST_STEP][PASSED] - setText: Text 'd7379
' is set on object 'Object Repository/Login/OtpInput'

2018-09-05 18:09:04 - [MESSAGE][PASSED] - Text 'd7379
' is set on object 'Object Repository/Login/OtpInput'

2018-09-05 18:09:04 - [TEST_STEP][PASSED] - verifyElementPresent: Object 'Object Repository/Login/afterOpenDisplay' is present

2018-09-05 18:09:05 - [MESSAGE][PASSED] - Object 'Object Repository/Login/afterOpenDisplay' is present

2018-09-05 18:09:05 - [MESSAGE][PASSED] - Call Test Case 'Test Cases/BVT/aSimple_Login' successfully

2018-09-05 18:09:05 - [TEST_STEP][FAILED] - callTestCase: Unable to call Test Case with id 'Test Cases/commonFunctionality/TagsFilter' (Root cause: Call Test Case 'Test Cases/commonFunctionality/TagsFilter' failed)

2018-09-05 18:09:05 - [TEST_CASE][FAILED] - Test Cases/commonFunctionality/TagsFilter: Test Cases/commonFunctionality/TagsFilter FAILED because (of) Unable to click on object 'Object Repository/LinkLogFilter/FilterButton' (Root cause: org.openqa.selenium.WebDriverException: unknown error: Element <div class="filter-btn">...</div> is not clickable at point (383, 102). Other element would receive the click: <div class="loader-screen">...</div>
  (Session info: chrome=68.0.3440.106)
  (Driver info: chromedriver=2.35.528161 (5b82f2d2aae0ca24b877009200ced9065a772e73),platform=Windows NT 10.0.17134 x86_64) (WARNING: The server did not provide any stacktrace information)
Command duration or timeout: 0 milliseconds
Build info: version: '3.7.1', revision: '8a0099a', time: '2017-11-06T21:07:36.161Z'
System info: host: 'DESKTOP-LIL', ip: '10.6.8.31', os.name: 'Windows 10', os.arch: 'amd64', os.version: '10.0', java.version: '1.8.0_102'
Driver info: com.kms.katalon.selenium.driver.CChromeDriver
Capabilities {acceptInsecureCerts: false, acceptSslCerts: false, applicationCacheEnabled: false, browserConnectionEnabled: false, browserName: chrome, chrome: {chromedriverVersion: 2.35.528161 (5b82f2d2aae0ca..., userDataDir: C:\Users\User\AppData\Local...}, cssSelectorsEnabled: true, databaseEnabled: false, handlesAlerts: true, hasTouchScreen: false, javascriptEnabled: true, locationContextEnabled: true, mobileEmulationEnabled: false, nativeEvents: true, networkConnectionEnabled: false, pageLoadStrategy: normal, platform: XP, platformName: XP, rotatable: false, setWindowRect: true, takesHeapSnapshot: true, takesScreenshot: true, unexpectedAlertBehaviour: , unhandledPromptBehavior: , version: 68.0.3440.106, webStorageEnabled: true}
Session ID: 0c88e56819c47d2a159ae4e4d35a4a24)

2018-09-05 18:09:06 - [TEST_STEP][PASSED] - click: Object: 'Object Repository/LinkLogFilter/FilterButton' is clicked on

2018-09-05 18:09:06 - [MESSAGE][PASSED] - Object: 'Object Repository/LinkLogFilter/FilterButton' is clicked on

2018-09-05 18:09:06 - [TEST_STEP][PASSED] - Statement - If (com.kms.katalon.core.webui.keyword.WebUiBuiltInKeywords.verifyElementPresent(com.kms.katalon.core.testobject.ObjectRepository.findTestObject(filter/filterContainer), 5, OPTIONAL)): null

2018-09-05 18:09:06 - [MESSAGE][PASSED] - Object 'Object Repository/filter/filterContainer' is present

2018-09-05 18:09:06 - [TEST_STEP][PASSED] - Statement - println("open filter POP Up successful"): null

2018-09-05 18:09:06 - [TEST_STEP][PASSED] - setText: Text 'P' is set on object 'Object Repository/LinkLogFilter/TagFilter'

2018-09-05 18:09:07 - [MESSAGE][PASSED] - Text 'P' is set on object 'Object Repository/LinkLogFilter/TagFilter'

2018-09-05 18:09:07 - [TEST_STEP][PASSED] - click: Object: 'Object Repository/LinkLogFilter/innerFilterButton' is clicked on

2018-09-05 18:09:07 - [MESSAGE][PASSED] - Object: 'Object Repository/LinkLogFilter/innerFilterButton' is clicked on

2018-09-05 18:09:07 - [TEST_STEP][PASSED] - delay: Delayed 20 second(s)

2018-09-05 18:09:27 - [MESSAGE][PASSED] - Delayed 20 second(s)

2018-09-05 18:09:27 - [TEST_STEP][PASSED] - click: Object: 'Object Repository/callLogs/downLoadCsv' is clicked on

2018-09-05 18:09:27 - [MESSAGE][PASSED] - Object: 'Object Repository/callLogs/downLoadCsv' is clicked on

2018-09-05 18:09:27 - [TEST_STEP][PASSED] - click: Object: 'Object Repository/LinkLogFilter/FilterButton' is clicked on

2018-09-05 18:09:30 - [MESSAGE][PASSED] - Object: 'Object Repository/LinkLogFilter/FilterButton' is clicked on

2018-09-05 18:09:30 - [TEST_STEP][PASSED] - Statement - If (com.kms.katalon.core.webui.keyword.WebUiBuiltInKeywords.verifyElementPresent(com.kms.katalon.core.testobject.ObjectRepository.findTestObject(filter/filterContainer), 5, OPTIONAL)): null

2018-09-05 18:09:30 - [MESSAGE][PASSED] - Object 'Object Repository/filter/filterContainer' is present

2018-09-05 18:09:30 - [TEST_STEP][PASSED] - Statement - println("open filter POP Up successful"): null

2018-09-05 18:09:30 - [TEST_STEP][PASSED] - sendKeys: Keys 'CONTROL + DELETE + a' sent to object: 'Object Repository/LinkLogFilter/TagFilter'

2018-09-05 18:09:30 - [MESSAGE][PASSED] - Keys 'CONTROL + DELETE + a' sent to object: 'Object Repository/LinkLogFilter/TagFilter'

2018-09-05 18:09:30 - [TEST_STEP][PASSED] - click: Object: 'Object Repository/LinkLogFilter/innerFilterButton' is clicked on

2018-09-05 18:09:31 - [MESSAGE][PASSED] - Object: 'Object Repository/LinkLogFilter/innerFilterButton' is clicked on

2018-09-05 18:09:31 - [TEST_STEP][PASSED] - delay: Delayed 5 second(s)

2018-09-05 18:09:36 - [MESSAGE][PASSED] - Delayed 5 second(s)

2018-09-05 18:09:36 - [TEST_STEP][PASSED] - setText: Text ' ' is set on object 'Object Repository/LinkLogFilter/TagFilter'

2018-09-05 18:09:36 - [MESSAGE][PASSED] - Text ' ' is set on object 'Object Repository/LinkLogFilter/TagFilter'

2018-09-05 18:09:36 - [TEST_STEP][PASSED] - click: Object: 'Object Repository/LinkLogFilter/innerFilterButton' is clicked on

2018-09-05 18:09:36 - [MESSAGE][PASSED] - Object: 'Object Repository/LinkLogFilter/innerFilterButton' is clicked on

2018-09-05 18:09:36 - [TEST_STEP][PASSED] - delay: Delayed 3 second(s)

2018-09-05 18:09:39 - [MESSAGE][PASSED] - Delayed 3 second(s)

2018-09-05 18:09:39 - [TEST_STEP][PASSED] - setText: Text '~"#' is set on object 'Object Repository/LinkLogFilter/TagFilter'

2018-09-05 18:09:39 - [MESSAGE][PASSED] - Text '~"#' is set on object 'Object Repository/LinkLogFilter/TagFilter'

2018-09-05 18:09:39 - [TEST_STEP][PASSED] - click: Object: 'Object Repository/LinkLogFilter/innerFilterButton' is clicked on

2018-09-05 18:09:39 - [MESSAGE][PASSED] - Object: 'Object Repository/LinkLogFilter/innerFilterButton' is clicked on

2018-09-05 18:09:39 - [TEST_STEP][PASSED] - delay: Delayed 3 second(s)

2018-09-05 18:09:42 - [MESSAGE][PASSED] - Delayed 3 second(s)

2018-09-05 18:09:42 - [TEST_STEP][PASSED] - setText: Text '898' is set on object 'Object Repository/LinkLogFilter/TagFilter'

2018-09-05 18:09:42 - [MESSAGE][PASSED] - Text '898' is set on object 'Object Repository/LinkLogFilter/TagFilter'

2018-09-05 18:09:42 - [TEST_STEP][PASSED] - click: Object: 'Object Repository/LinkLogFilter/innerFilterButton' is clicked on

2018-09-05 18:09:42 - [MESSAGE][PASSED] - Object: 'Object Repository/LinkLogFilter/innerFilterButton' is clicked on

2018-09-05 18:09:42 - [TEST_STEP][PASSED] - verifyElementPresent: com.kms.katalon.core.webui.exception.WebElementNotFoundException: Web element with id: 'Object Repository/LinkLogFilter/noTagAvailable' located by 'By.xpath: /html/body/div[2]/div/div/div[2]/div[2]/div[1]/div[2]/div[2][count(. | //div[@class = 'no-logs-container']) = count(//div[@class = 'no-logs-container'])]' not found

2018-09-05 18:09:48 - [MESSAGE][WARNING] - com.kms.katalon.core.webui.exception.WebElementNotFoundException: Web element with id: 'Object Repository/LinkLogFilter/noTagAvailable' located by 'By.xpath: /html/body/div[2]/div/div/div[2]/div[2]/div[1]/div[2]/div[2][count(. | //div[@class = 'no-logs-container']) = count(//div[@class = 'no-logs-container'])]' not found
[[ATTACHMENT|C:\\Users\\User\\Desktop\\Katalon Studio\\Katalon Studio\\vCallingDashboard\\Reports\\RegressionSuite\\20180905_175530\\1536151187835.png]]

2018-09-05 18:09:48 - [TEST_STEP][PASSED] - delay: Delayed 5 second(s)

2018-09-05 18:09:53 - [MESSAGE][PASSED] - Delayed 5 second(s)

2018-09-05 18:09:53 - [TEST_STEP][FAILED] - click: Unable to click on object 'Object Repository/LinkLogFilter/FilterButton' (Root cause: org.openqa.selenium.WebDriverException: unknown error: Element <div class="filter-btn">...</div> is not clickable at point (383, 102). Other element would receive the click: <div class="loader-screen">...</div>
  (Session info: chrome=68.0.3440.106)
  (Driver info: chromedriver=2.35.528161 (5b82f2d2aae0ca24b877009200ced9065a772e73),platform=Windows NT 10.0.17134 x86_64) (WARNING: The server did not provide any stacktrace information)
Command duration or timeout: 0 milliseconds
Build info: version: '3.7.1', revision: '8a0099a', time: '2017-11-06T21:07:36.161Z'
System info: host: 'DESKTOP-LIL', ip: '10.6.8.31', os.name: 'Windows 10', os.arch: 'amd64', os.version: '10.0', java.version: '1.8.0_102'
Driver info: com.kms.katalon.selenium.driver.CChromeDriver
Capabilities {acceptInsecureCerts: false, acceptSslCerts: false, applicationCacheEnabled: false, browserConnectionEnabled: false, browserName: chrome, chrome: {chromedriverVersion: 2.35.528161 (5b82f2d2aae0ca..., userDataDir: C:\Users\User\AppData\Local...}, cssSelectorsEnabled: true, databaseEnabled: false, handlesAlerts: true, hasTouchScreen: false, javascriptEnabled: true, locationContextEnabled: true, mobileEmulationEnabled: false, nativeEvents: true, networkConnectionEnabled: false, pageLoadStrategy: normal, platform: XP, platformName: XP, rotatable: false, setWindowRect: true, takesHeapSnapshot: true, takesScreenshot: true, unexpectedAlertBehaviour: , unhandledPromptBehavior: , version: 68.0.3440.106, webStorageEnabled: true}
Session ID: 0c88e56819c47d2a159ae4e4d35a4a24)

2018-09-05 18:09:53 - [MESSAGE][FAILED] - Unable to click on object 'Object Repository/LinkLogFilter/FilterButton' (Root cause: org.openqa.selenium.WebDriverException: unknown error: Element <div class="filter-btn">...</div> is not clickable at point (383, 102). Other element would receive the click: <div class="loader-screen">...</div>
  (Session info: chrome=68.0.3440.106)
  (Driver info: chromedriver=2.35.528161 (5b82f2d2aae0ca24b877009200ced9065a772e73),platform=Windows NT 10.0.17134 x86_64) (WARNING: The server did not provide any stacktrace information)
Command duration or timeout: 0 milliseconds
Build info: version: '3.7.1', revision: '8a0099a', time: '2017-11-06T21:07:36.161Z'
System info: host: 'DESKTOP-LIL', ip: '10.6.8.31', os.name: 'Windows 10', os.arch: 'amd64', os.version: '10.0', java.version: '1.8.0_102'
Driver info: com.kms.katalon.selenium.driver.CChromeDriver
Capabilities {acceptInsecureCerts: false, acceptSslCerts: false, applicationCacheEnabled: false, browserConnectionEnabled: false, browserName: chrome, chrome: {chromedriverVersion: 2.35.528161 (5b82f2d2aae0ca..., userDataDir: C:\Users\User\AppData\Local...}, cssSelectorsEnabled: true, databaseEnabled: false, handlesAlerts: true, hasTouchScreen: false, javascriptEnabled: true, locationContextEnabled: true, mobileEmulationEnabled: false, nativeEvents: true, networkConnectionEnabled: false, pageLoadStrategy: normal, platform: XP, platformName: XP, rotatable: false, setWindowRect: true, takesHeapSnapshot: true, takesScreenshot: true, unexpectedAlertBehaviour: , unhandledPromptBehavior: , version: 68.0.3440.106, webStorageEnabled: true}
Session ID: 0c88e56819c47d2a159ae4e4d35a4a24)
[[ATTACHMENT|C:\\Users\\User\\Desktop\\Katalon Studio\\Katalon Studio\\vCallingDashboard\\Reports\\RegressionSuite\\20180905_175530\\1536151193512.png]]

2018-09-05 18:09:53 - [MESSAGE][FAILED] - Unable to call Test Case with id 'Test Cases/commonFunctionality/TagsFilter' (Root cause: Call Test Case 'Test Cases/commonFunctionality/TagsFilter' failed)]]></system-out>
         <system-err><![CDATA[2018-09-05 18:08:39 - [TEST_CASE][FAILED] - Test Cases/completed/TestCase3_FilterLinkLog/FilterTag: Test Cases/completed/TestCase3_FilterLinkLog/FilterTag FAILED because (of) Unable to click on object 'Object Repository/LinkLogFilter/FilterButton' (Root cause: org.openqa.selenium.WebDriverException: unknown error: Element <div class="filter-btn">...</div> is not clickable at point (383, 102). Other element would receive the click: <div class="loader-screen">...</div>
  (Session info: chrome=68.0.3440.106)
  (Driver info: chromedriver=2.35.528161 (5b82f2d2aae0ca24b877009200ced9065a772e73),platform=Windows NT 10.0.17134 x86_64) (WARNING: The server did not provide any stacktrace information)
Command duration or timeout: 0 milliseconds
Build info: version: '3.7.1', revision: '8a0099a', time: '2017-11-06T21:07:36.161Z'
System info: host: 'DESKTOP-LIL', ip: '10.6.8.31', os.name: 'Windows 10', os.arch: 'amd64', os.version: '10.0', java.version: '1.8.0_102'
Driver info: com.kms.katalon.selenium.driver.CChromeDriver
Capabilities {acceptInsecureCerts: false, acceptSslCerts: false, applicationCacheEnabled: false, browserConnectionEnabled: false, browserName: chrome, chrome: {chromedriverVersion: 2.35.528161 (5b82f2d2aae0ca..., userDataDir: C:\Users\User\AppData\Local...}, cssSelectorsEnabled: true, databaseEnabled: false, handlesAlerts: true, hasTouchScreen: false, javascriptEnabled: true, locationContextEnabled: true, mobileEmulationEnabled: false, nativeEvents: true, networkConnectionEnabled: false, pageLoadStrategy: normal, platform: XP, platformName: XP, rotatable: false, setWindowRect: true, takesHeapSnapshot: true, takesScreenshot: true, unexpectedAlertBehaviour: , unhandledPromptBehavior: , version: 68.0.3440.106, webStorageEnabled: true}
Session ID: 0c88e56819c47d2a159ae4e4d35a4a24)]]></system-err>
      </testcase>
      <testcase name="Test Cases/completed/TestCase3_FilterLinkLog/FilterTimeSpent" classname="Test Cases/completed/TestCase3_FilterLinkLog/FilterTimeSpent" status="FAILED">
         <failure type="FAILED" message="Unable to click on object 'Object Repository/LinkLogFilter/FilterButton' (Root cause: org.openqa.selenium.WebDriverException: unknown error: Element &lt;div class=&quot;filter-btn&quot;>...&lt;/div> is not clickable at point (383, 102). Other element would receive the click: &lt;div class=&quot;loader-screen&quot;>...&lt;/div>
  (Session info: chrome=68.0.3440.106)
  (Driver info: chromedriver=2.35.528161 (5b82f2d2aae0ca24b877009200ced9065a772e73),platform=Windows NT 10.0.17134 x86_64) (WARNING: The server did not provide any stacktrace information)
Command duration or timeout: 0 milliseconds
Build info: version: '3.7.1', revision: '8a0099a', time: '2017-11-06T21:07:36.161Z'
System info: host: 'DESKTOP-LIL', ip: '10.6.8.31', os.name: 'Windows 10', os.arch: 'amd64', os.version: '10.0', java.version: '1.8.0_102'
Driver info: com.kms.katalon.selenium.driver.CChromeDriver
Capabilities {acceptInsecureCerts: false, acceptSslCerts: false, applicationCacheEnabled: false, browserConnectionEnabled: false, browserName: chrome, chrome: {chromedriverVersion: 2.35.528161 (5b82f2d2aae0ca..., userDataDir: C:\Users\User\AppData\Local...}, cssSelectorsEnabled: true, databaseEnabled: false, handlesAlerts: true, hasTouchScreen: false, javascriptEnabled: true, locationContextEnabled: true, mobileEmulationEnabled: false, nativeEvents: true, networkConnectionEnabled: false, pageLoadStrategy: normal, platform: XP, platformName: XP, rotatable: false, setWindowRect: true, takesHeapSnapshot: true, takesScreenshot: true, unexpectedAlertBehaviour: , unhandledPromptBehavior: , version: 68.0.3440.106, webStorageEnabled: true}
Session ID: 64c69364dee36d24d0986369f4823d50)"/>
         <system-out><![CDATA[2018-09-05 18:09:53 - [TEST_CASE][FAILED] - Test Cases/completed/TestCase3_FilterLinkLog/FilterTimeSpent: Test Cases/completed/TestCase3_FilterLinkLog/FilterTimeSpent FAILED because (of) Unable to click on object 'Object Repository/LinkLogFilter/FilterButton' (Root cause: org.openqa.selenium.WebDriverException: unknown error: Element <div class="filter-btn">...</div> is not clickable at point (383, 102). Other element would receive the click: <div class="loader-screen">...</div>
  (Session info: chrome=68.0.3440.106)
  (Driver info: chromedriver=2.35.528161 (5b82f2d2aae0ca24b877009200ced9065a772e73),platform=Windows NT 10.0.17134 x86_64) (WARNING: The server did not provide any stacktrace information)
Command duration or timeout: 0 milliseconds
Build info: version: '3.7.1', revision: '8a0099a', time: '2017-11-06T21:07:36.161Z'
System info: host: 'DESKTOP-LIL', ip: '10.6.8.31', os.name: 'Windows 10', os.arch: 'amd64', os.version: '10.0', java.version: '1.8.0_102'
Driver info: com.kms.katalon.selenium.driver.CChromeDriver
Capabilities {acceptInsecureCerts: false, acceptSslCerts: false, applicationCacheEnabled: false, browserConnectionEnabled: false, browserName: chrome, chrome: {chromedriverVersion: 2.35.528161 (5b82f2d2aae0ca..., userDataDir: C:\Users\User\AppData\Local...}, cssSelectorsEnabled: true, databaseEnabled: false, handlesAlerts: true, hasTouchScreen: false, javascriptEnabled: true, locationContextEnabled: true, mobileEmulationEnabled: false, nativeEvents: true, networkConnectionEnabled: false, pageLoadStrategy: normal, platform: XP, platformName: XP, rotatable: false, setWindowRect: true, takesHeapSnapshot: true, takesScreenshot: true, unexpectedAlertBehaviour: , unhandledPromptBehavior: , version: 68.0.3440.106, webStorageEnabled: true}
Session ID: 64c69364dee36d24d0986369f4823d50)

2018-09-05 18:09:54 - [TEST_STEP][PASSED] - callTestCase: Call Test Case 'Test Cases/BVT/aSimple_Login' successfully

2018-09-05 18:09:54 - [TEST_CASE][PASSED] - Test Cases/BVT/aSimple_Login: Test Cases/BVT/aSimple_Login

2018-09-05 18:09:54 - [TEST_STEP][PASSED] - openBrowser: Browser is opened with url: ''

2018-09-05 18:09:54 - [MESSAGE][WARNING] - A browser is already opened. Closing browser and opening a new one

2018-09-05 18:09:58 - [MESSAGE][PASSED] - Browser is opened with url: ''

2018-09-05 18:09:58 - [TEST_STEP][PASSED] - maximizeWindow: Current window maximized

2018-09-05 18:09:59 - [MESSAGE][PASSED] - Current window maximized

2018-09-05 18:09:59 - [TEST_STEP][PASSED] - navigateToUrl: Navigate to 'https://dev.vcalling.in/enterprises/UAT/Dashboard/index.html' successfully

2018-09-05 18:10:03 - [MESSAGE][PASSED] - Navigate to 'https://dev.vcalling.in/enterprises/UAT/Dashboard/index.html' successfully

2018-09-05 18:10:03 - [TEST_STEP][PASSED] - setText: Text 'testing4dea@gmail.com' is set on object 'Object Repository/Login/UserId'

2018-09-05 18:10:03 - [MESSAGE][PASSED] - Text 'testing4dea@gmail.com' is set on object 'Object Repository/Login/UserId'

2018-09-05 18:10:03 - [TEST_STEP][PASSED] - click: Object: 'Object Repository/Login/div_GET OTP' is clicked on

2018-09-05 18:10:03 - [MESSAGE][PASSED] - Object: 'Object Repository/Login/div_GET OTP' is clicked on

2018-09-05 18:10:03 - [TEST_STEP][PASSED] - waitForElementPresent: Object 'Object Repository/Login/div_SUBMIT' is present

2018-09-05 18:10:05 - [MESSAGE][PASSED] - Object 'Object Repository/Login/div_SUBMIT' is present

2018-09-05 18:10:05 - [TEST_STEP][PASSED] - Statement - If (com.kms.katalon.core.webui.keyword.WebUiBuiltInKeywords.verifyElementNotPresent(com.kms.katalon.core.testobject.ObjectRepository.findTestObject(Login/div_SUBMIT), 5, OPTIONAL)): Web element with id: 'Object Repository/Login/div_SUBMIT' located by 'By.xpath: //div[(text() = ' SUBMIT ' or . = ' SUBMIT ')]' is present after '5' second(s)

2018-09-05 18:10:10 - [MESSAGE][WARNING] - Web element with id: 'Object Repository/Login/div_SUBMIT' located by 'By.xpath: //div[(text() = ' SUBMIT ' or . = ' SUBMIT ')]' is present after '5' second(s)
[[ATTACHMENT|C:\\Users\\User\\Desktop\\Katalon Studio\\Katalon Studio\\vCallingDashboard\\Reports\\RegressionSuite\\20180905_175530\\1536151210162.png]]

2018-09-05 18:10:10 - [TEST_STEP][PASSED] - Statement - sleep(5000): null

2018-09-05 18:10:15 - [TEST_STEP][PASSED] - Statement - OTP = getOTP(): null

2018-09-05 18:10:15 - [TEST_STEP][PASSED] - Statement - host = "imap.gmail.com": null

2018-09-05 18:10:15 - [TEST_STEP][PASSED] - Statement - msg = <not implemented yet for class: org.codehaus.groovy.ast.expr.EmptyExpression>: null

2018-09-05 18:10:15 - [TEST_STEP][PASSED] - Statement - msgSub = <not implemented yet for class: org.codehaus.groovy.ast.expr.EmptyExpression>: null

2018-09-05 18:10:15 - [TEST_STEP][PASSED] - Statement - OTP = "unavailable": null

2018-09-05 18:10:15 - [TEST_STEP][PASSED] - Statement - props = new java.util.Properties(): null

2018-09-05 18:10:15 - [TEST_STEP][PASSED] - Statement - props.setProperty("mail.imap.ssl.enable", "true"): null

2018-09-05 18:10:15 - [TEST_STEP][PASSED] - Statement - session = javax.mail.Session.getInstance(props): null

2018-09-05 18:10:15 - [TEST_STEP][PASSED] - Statement - store = <not implemented yet for class: org.codehaus.groovy.ast.expr.EmptyExpression>: null

2018-09-05 18:10:15 - [TEST_STEP][PASSED] - Statement - Try: null

2018-09-05 18:10:15 - [TEST_STEP][PASSED] - Statement - store = session.getStore("imap"): null

2018-09-05 18:10:15 - [TEST_STEP][PASSED] - Statement - store.connect(host, Email, Password): null

2018-09-05 18:10:17 - [TEST_STEP][PASSED] - Statement - emailFolder = store.getFolder("INBOX"): null

2018-09-05 18:10:17 - [TEST_STEP][PASSED] - Statement - emailFolder.open(READ_WRITE): null

2018-09-05 18:10:17 - [TEST_STEP][PASSED] - Statement - messages = emailFolder.getMessages(): null

2018-09-05 18:10:17 - [TEST_STEP][PASSED] - Statement - n = length: null

2018-09-05 18:10:17 - [TEST_STEP][PASSED] - Statement - message = messages[n - 1]: null

2018-09-05 18:10:17 - [TEST_STEP][PASSED] - Statement - msgSub = message.getSubject(): null

2018-09-05 18:10:17 - [TEST_STEP][PASSED] - Statement - If (msgSub.equals("OTP to Sign In")): null

2018-09-05 18:10:17 - [TEST_STEP][PASSED] - Statement - msg = message.getContent().toString(): null

2018-09-05 18:10:18 - [TEST_STEP][PASSED] - Statement - OTP = msg.substring(msg.length() - 7): null

2018-09-05 18:10:18 - [TEST_STEP][PASSED] - Statement - message.setFlag(DELETED, true): null

2018-09-05 18:10:18 - [TEST_STEP][PASSED] - Statement - emailFolder.close(true): null

2018-09-05 18:10:19 - [TEST_STEP][PASSED] - Statement - store.close(): null

2018-09-05 18:10:19 - [TEST_STEP][PASSED] - Statement - return OTP: null

2018-09-05 18:10:19 - [TEST_STEP][PASSED] - Statement - If (OTP.equals("unavailable")): null

2018-09-05 18:10:19 - [TEST_STEP][PASSED] - Statement - Else: Text 'a3243
' is set on object 'Object Repository/Login/OtpInput'

2018-09-05 18:10:19 - [TEST_STEP][PASSED] - setText: Text 'a3243
' is set on object 'Object Repository/Login/OtpInput'

2018-09-05 18:10:19 - [MESSAGE][PASSED] - Text 'a3243
' is set on object 'Object Repository/Login/OtpInput'

2018-09-05 18:10:19 - [TEST_STEP][PASSED] - verifyElementPresent: Object 'Object Repository/Login/afterOpenDisplay' is present

2018-09-05 18:10:20 - [MESSAGE][PASSED] - Object 'Object Repository/Login/afterOpenDisplay' is present

2018-09-05 18:10:20 - [MESSAGE][PASSED] - Call Test Case 'Test Cases/BVT/aSimple_Login' successfully

2018-09-05 18:10:20 - [TEST_STEP][FAILED] - callTestCase: Unable to call Test Case with id 'Test Cases/commonFunctionality/timeSpentFilter' (Root cause: Call Test Case 'Test Cases/commonFunctionality/timeSpentFilter' failed)

2018-09-05 18:10:20 - [TEST_CASE][FAILED] - Test Cases/commonFunctionality/timeSpentFilter: Test Cases/commonFunctionality/timeSpentFilter FAILED because (of) Unable to click on object 'Object Repository/LinkLogFilter/FilterButton' (Root cause: org.openqa.selenium.WebDriverException: unknown error: Element <div class="filter-btn">...</div> is not clickable at point (383, 102). Other element would receive the click: <div class="loader-screen">...</div>
  (Session info: chrome=68.0.3440.106)
  (Driver info: chromedriver=2.35.528161 (5b82f2d2aae0ca24b877009200ced9065a772e73),platform=Windows NT 10.0.17134 x86_64) (WARNING: The server did not provide any stacktrace information)
Command duration or timeout: 0 milliseconds
Build info: version: '3.7.1', revision: '8a0099a', time: '2017-11-06T21:07:36.161Z'
System info: host: 'DESKTOP-LIL', ip: '10.6.8.31', os.name: 'Windows 10', os.arch: 'amd64', os.version: '10.0', java.version: '1.8.0_102'
Driver info: com.kms.katalon.selenium.driver.CChromeDriver
Capabilities {acceptInsecureCerts: false, acceptSslCerts: false, applicationCacheEnabled: false, browserConnectionEnabled: false, browserName: chrome, chrome: {chromedriverVersion: 2.35.528161 (5b82f2d2aae0ca..., userDataDir: C:\Users\User\AppData\Local...}, cssSelectorsEnabled: true, databaseEnabled: false, handlesAlerts: true, hasTouchScreen: false, javascriptEnabled: true, locationContextEnabled: true, mobileEmulationEnabled: false, nativeEvents: true, networkConnectionEnabled: false, pageLoadStrategy: normal, platform: XP, platformName: XP, rotatable: false, setWindowRect: true, takesHeapSnapshot: true, takesScreenshot: true, unexpectedAlertBehaviour: , unhandledPromptBehavior: , version: 68.0.3440.106, webStorageEnabled: true}
Session ID: 64c69364dee36d24d0986369f4823d50)

2018-09-05 18:10:21 - [TEST_STEP][PASSED] - click: Object: 'Object Repository/LinkLogFilter/FilterButton' is clicked on

2018-09-05 18:10:22 - [MESSAGE][PASSED] - Object: 'Object Repository/LinkLogFilter/FilterButton' is clicked on

2018-09-05 18:10:22 - [TEST_STEP][PASSED] - Statement - If (com.kms.katalon.core.webui.keyword.WebUiBuiltInKeywords.verifyElementPresent(com.kms.katalon.core.testobject.ObjectRepository.findTestObject(filter/filterContainer), 5, OPTIONAL)): null

2018-09-05 18:10:22 - [MESSAGE][PASSED] - Object 'Object Repository/filter/filterContainer' is present

2018-09-05 18:10:22 - [TEST_STEP][PASSED] - Statement - println("open filter POP Up successful"): null

2018-09-05 18:10:22 - [TEST_STEP][PASSED] - setText: Text '2' is set on object 'Object Repository/LinkLogFilter/timeSpentFilter'

2018-09-05 18:10:22 - [MESSAGE][PASSED] - Text '2' is set on object 'Object Repository/LinkLogFilter/timeSpentFilter'

2018-09-05 18:10:22 - [TEST_STEP][PASSED] - click: Object: 'Object Repository/LinkLogFilter/innerFilterButton' is clicked on

2018-09-05 18:10:23 - [MESSAGE][PASSED] - Object: 'Object Repository/LinkLogFilter/innerFilterButton' is clicked on

2018-09-05 18:10:23 - [TEST_STEP][PASSED] - delay: Delayed 5 second(s)

2018-09-05 18:10:28 - [MESSAGE][PASSED] - Delayed 5 second(s)

2018-09-05 18:10:28 - [TEST_STEP][FAILED] - click: Unable to click on object 'Object Repository/LinkLogFilter/FilterButton' (Root cause: org.openqa.selenium.WebDriverException: unknown error: Element <div class="filter-btn">...</div> is not clickable at point (383, 102). Other element would receive the click: <div class="loader-screen">...</div>
  (Session info: chrome=68.0.3440.106)
  (Driver info: chromedriver=2.35.528161 (5b82f2d2aae0ca24b877009200ced9065a772e73),platform=Windows NT 10.0.17134 x86_64) (WARNING: The server did not provide any stacktrace information)
Command duration or timeout: 0 milliseconds
Build info: version: '3.7.1', revision: '8a0099a', time: '2017-11-06T21:07:36.161Z'
System info: host: 'DESKTOP-LIL', ip: '10.6.8.31', os.name: 'Windows 10', os.arch: 'amd64', os.version: '10.0', java.version: '1.8.0_102'
Driver info: com.kms.katalon.selenium.driver.CChromeDriver
Capabilities {acceptInsecureCerts: false, acceptSslCerts: false, applicationCacheEnabled: false, browserConnectionEnabled: false, browserName: chrome, chrome: {chromedriverVersion: 2.35.528161 (5b82f2d2aae0ca..., userDataDir: C:\Users\User\AppData\Local...}, cssSelectorsEnabled: true, databaseEnabled: false, handlesAlerts: true, hasTouchScreen: false, javascriptEnabled: true, locationContextEnabled: true, mobileEmulationEnabled: false, nativeEvents: true, networkConnectionEnabled: false, pageLoadStrategy: normal, platform: XP, platformName: XP, rotatable: false, setWindowRect: true, takesHeapSnapshot: true, takesScreenshot: true, unexpectedAlertBehaviour: , unhandledPromptBehavior: , version: 68.0.3440.106, webStorageEnabled: true}
Session ID: 64c69364dee36d24d0986369f4823d50)

2018-09-05 18:10:28 - [MESSAGE][FAILED] - Unable to click on object 'Object Repository/LinkLogFilter/FilterButton' (Root cause: org.openqa.selenium.WebDriverException: unknown error: Element <div class="filter-btn">...</div> is not clickable at point (383, 102). Other element would receive the click: <div class="loader-screen">...</div>
  (Session info: chrome=68.0.3440.106)
  (Driver info: chromedriver=2.35.528161 (5b82f2d2aae0ca24b877009200ced9065a772e73),platform=Windows NT 10.0.17134 x86_64) (WARNING: The server did not provide any stacktrace information)
Command duration or timeout: 0 milliseconds
Build info: version: '3.7.1', revision: '8a0099a', time: '2017-11-06T21:07:36.161Z'
System info: host: 'DESKTOP-LIL', ip: '10.6.8.31', os.name: 'Windows 10', os.arch: 'amd64', os.version: '10.0', java.version: '1.8.0_102'
Driver info: com.kms.katalon.selenium.driver.CChromeDriver
Capabilities {acceptInsecureCerts: false, acceptSslCerts: false, applicationCacheEnabled: false, browserConnectionEnabled: false, browserName: chrome, chrome: {chromedriverVersion: 2.35.528161 (5b82f2d2aae0ca..., userDataDir: C:\Users\User\AppData\Local...}, cssSelectorsEnabled: true, databaseEnabled: false, handlesAlerts: true, hasTouchScreen: false, javascriptEnabled: true, locationContextEnabled: true, mobileEmulationEnabled: false, nativeEvents: true, networkConnectionEnabled: false, pageLoadStrategy: normal, platform: XP, platformName: XP, rotatable: false, setWindowRect: true, takesHeapSnapshot: true, takesScreenshot: true, unexpectedAlertBehaviour: , unhandledPromptBehavior: , version: 68.0.3440.106, webStorageEnabled: true}
Session ID: 64c69364dee36d24d0986369f4823d50)
[[ATTACHMENT|C:\\Users\\User\\Desktop\\Katalon Studio\\Katalon Studio\\vCallingDashboard\\Reports\\RegressionSuite\\20180905_175530\\1536151228233.png]]

2018-09-05 18:10:28 - [MESSAGE][FAILED] - Unable to call Test Case with id 'Test Cases/commonFunctionality/timeSpentFilter' (Root cause: Call Test Case 'Test Cases/commonFunctionality/timeSpentFilter' failed)]]></system-out>
         <system-err><![CDATA[2018-09-05 18:09:53 - [TEST_CASE][FAILED] - Test Cases/completed/TestCase3_FilterLinkLog/FilterTimeSpent: Test Cases/completed/TestCase3_FilterLinkLog/FilterTimeSpent FAILED because (of) Unable to click on object 'Object Repository/LinkLogFilter/FilterButton' (Root cause: org.openqa.selenium.WebDriverException: unknown error: Element <div class="filter-btn">...</div> is not clickable at point (383, 102). Other element would receive the click: <div class="loader-screen">...</div>
  (Session info: chrome=68.0.3440.106)
  (Driver info: chromedriver=2.35.528161 (5b82f2d2aae0ca24b877009200ced9065a772e73),platform=Windows NT 10.0.17134 x86_64) (WARNING: The server did not provide any stacktrace information)
Command duration or timeout: 0 milliseconds
Build info: version: '3.7.1', revision: '8a0099a', time: '2017-11-06T21:07:36.161Z'
System info: host: 'DESKTOP-LIL', ip: '10.6.8.31', os.name: 'Windows 10', os.arch: 'amd64', os.version: '10.0', java.version: '1.8.0_102'
Driver info: com.kms.katalon.selenium.driver.CChromeDriver
Capabilities {acceptInsecureCerts: false, acceptSslCerts: false, applicationCacheEnabled: false, browserConnectionEnabled: false, browserName: chrome, chrome: {chromedriverVersion: 2.35.528161 (5b82f2d2aae0ca..., userDataDir: C:\Users\User\AppData\Local...}, cssSelectorsEnabled: true, databaseEnabled: false, handlesAlerts: true, hasTouchScreen: false, javascriptEnabled: true, locationContextEnabled: true, mobileEmulationEnabled: false, nativeEvents: true, networkConnectionEnabled: false, pageLoadStrategy: normal, platform: XP, platformName: XP, rotatable: false, setWindowRect: true, takesHeapSnapshot: true, takesScreenshot: true, unexpectedAlertBehaviour: , unhandledPromptBehavior: , version: 68.0.3440.106, webStorageEnabled: true}
Session ID: 64c69364dee36d24d0986369f4823d50)]]></system-err>
      </testcase>
      <testcase name="Test Cases/completed/TestCase3_FilterLinkLog/linkOpenCount" classname="Test Cases/completed/TestCase3_FilterLinkLog/linkOpenCount" status="FAILED">
         <failure type="FAILED" message="Unable to click on object 'Object Repository/LinkLogFilter/FilterButton' (Root cause: org.openqa.selenium.WebDriverException: unknown error: Element &lt;div class=&quot;filter-btn&quot;>...&lt;/div> is not clickable at point (383, 102). Other element would receive the click: &lt;div class=&quot;loader-screen&quot;>...&lt;/div>
  (Session info: chrome=68.0.3440.106)
  (Driver info: chromedriver=2.35.528161 (5b82f2d2aae0ca24b877009200ced9065a772e73),platform=Windows NT 10.0.17134 x86_64) (WARNING: The server did not provide any stacktrace information)
Command duration or timeout: 0 milliseconds
Build info: version: '3.7.1', revision: '8a0099a', time: '2017-11-06T21:07:36.161Z'
System info: host: 'DESKTOP-LIL', ip: '10.6.8.31', os.name: 'Windows 10', os.arch: 'amd64', os.version: '10.0', java.version: '1.8.0_102'
Driver info: com.kms.katalon.selenium.driver.CChromeDriver
Capabilities {acceptInsecureCerts: false, acceptSslCerts: false, applicationCacheEnabled: false, browserConnectionEnabled: false, browserName: chrome, chrome: {chromedriverVersion: 2.35.528161 (5b82f2d2aae0ca..., userDataDir: C:\Users\User\AppData\Local...}, cssSelectorsEnabled: true, databaseEnabled: false, handlesAlerts: true, hasTouchScreen: false, javascriptEnabled: true, locationContextEnabled: true, mobileEmulationEnabled: false, nativeEvents: true, networkConnectionEnabled: false, pageLoadStrategy: normal, platform: XP, platformName: XP, rotatable: false, setWindowRect: true, takesHeapSnapshot: true, takesScreenshot: true, unexpectedAlertBehaviour: , unhandledPromptBehavior: , version: 68.0.3440.106, webStorageEnabled: true}
Session ID: 16df40f0c0c2aa0fff35aeb27d8aa754)"/>
         <system-out><![CDATA[2018-09-05 18:10:28 - [TEST_CASE][FAILED] - Test Cases/completed/TestCase3_FilterLinkLog/linkOpenCount: Test Cases/completed/TestCase3_FilterLinkLog/linkOpenCount FAILED because (of) Unable to click on object 'Object Repository/LinkLogFilter/FilterButton' (Root cause: org.openqa.selenium.WebDriverException: unknown error: Element <div class="filter-btn">...</div> is not clickable at point (383, 102). Other element would receive the click: <div class="loader-screen">...</div>
  (Session info: chrome=68.0.3440.106)
  (Driver info: chromedriver=2.35.528161 (5b82f2d2aae0ca24b877009200ced9065a772e73),platform=Windows NT 10.0.17134 x86_64) (WARNING: The server did not provide any stacktrace information)
Command duration or timeout: 0 milliseconds
Build info: version: '3.7.1', revision: '8a0099a', time: '2017-11-06T21:07:36.161Z'
System info: host: 'DESKTOP-LIL', ip: '10.6.8.31', os.name: 'Windows 10', os.arch: 'amd64', os.version: '10.0', java.version: '1.8.0_102'
Driver info: com.kms.katalon.selenium.driver.CChromeDriver
Capabilities {acceptInsecureCerts: false, acceptSslCerts: false, applicationCacheEnabled: false, browserConnectionEnabled: false, browserName: chrome, chrome: {chromedriverVersion: 2.35.528161 (5b82f2d2aae0ca..., userDataDir: C:\Users\User\AppData\Local...}, cssSelectorsEnabled: true, databaseEnabled: false, handlesAlerts: true, hasTouchScreen: false, javascriptEnabled: true, locationContextEnabled: true, mobileEmulationEnabled: false, nativeEvents: true, networkConnectionEnabled: false, pageLoadStrategy: normal, platform: XP, platformName: XP, rotatable: false, setWindowRect: true, takesHeapSnapshot: true, takesScreenshot: true, unexpectedAlertBehaviour: , unhandledPromptBehavior: , version: 68.0.3440.106, webStorageEnabled: true}
Session ID: 16df40f0c0c2aa0fff35aeb27d8aa754)

2018-09-05 18:10:29 - [TEST_STEP][PASSED] - callTestCase: Call Test Case 'Test Cases/BVT/aSimple_Login' successfully

2018-09-05 18:10:29 - [TEST_CASE][PASSED] - Test Cases/BVT/aSimple_Login: Test Cases/BVT/aSimple_Login

2018-09-05 18:10:29 - [TEST_STEP][PASSED] - openBrowser: Browser is opened with url: ''

2018-09-05 18:10:29 - [MESSAGE][WARNING] - A browser is already opened. Closing browser and opening a new one

2018-09-05 18:10:32 - [MESSAGE][PASSED] - Browser is opened with url: ''

2018-09-05 18:10:32 - [TEST_STEP][PASSED] - maximizeWindow: Current window maximized

2018-09-05 18:10:33 - [MESSAGE][PASSED] - Current window maximized

2018-09-05 18:10:33 - [TEST_STEP][PASSED] - navigateToUrl: Navigate to 'https://dev.vcalling.in/enterprises/UAT/Dashboard/index.html' successfully

2018-09-05 18:10:38 - [MESSAGE][PASSED] - Navigate to 'https://dev.vcalling.in/enterprises/UAT/Dashboard/index.html' successfully

2018-09-05 18:10:38 - [TEST_STEP][PASSED] - setText: Text 'testing4dea@gmail.com' is set on object 'Object Repository/Login/UserId'

2018-09-05 18:10:39 - [MESSAGE][PASSED] - Text 'testing4dea@gmail.com' is set on object 'Object Repository/Login/UserId'

2018-09-05 18:10:39 - [TEST_STEP][PASSED] - click: Object: 'Object Repository/Login/div_GET OTP' is clicked on

2018-09-05 18:10:39 - [MESSAGE][PASSED] - Object: 'Object Repository/Login/div_GET OTP' is clicked on

2018-09-05 18:10:39 - [TEST_STEP][PASSED] - waitForElementPresent: Object 'Object Repository/Login/div_SUBMIT' is present

2018-09-05 18:10:40 - [MESSAGE][PASSED] - Object 'Object Repository/Login/div_SUBMIT' is present

2018-09-05 18:10:40 - [TEST_STEP][PASSED] - Statement - If (com.kms.katalon.core.webui.keyword.WebUiBuiltInKeywords.verifyElementNotPresent(com.kms.katalon.core.testobject.ObjectRepository.findTestObject(Login/div_SUBMIT), 5, OPTIONAL)): Web element with id: 'Object Repository/Login/div_SUBMIT' located by 'By.xpath: //div[(text() = ' SUBMIT ' or . = ' SUBMIT ')]' is present after '5' second(s)

2018-09-05 18:10:46 - [MESSAGE][WARNING] - Web element with id: 'Object Repository/Login/div_SUBMIT' located by 'By.xpath: //div[(text() = ' SUBMIT ' or . = ' SUBMIT ')]' is present after '5' second(s)
[[ATTACHMENT|C:\\Users\\User\\Desktop\\Katalon Studio\\Katalon Studio\\vCallingDashboard\\Reports\\RegressionSuite\\20180905_175530\\1536151246039.png]]

2018-09-05 18:10:46 - [TEST_STEP][PASSED] - Statement - sleep(5000): null

2018-09-05 18:10:51 - [TEST_STEP][PASSED] - Statement - OTP = getOTP(): null

2018-09-05 18:10:51 - [TEST_STEP][PASSED] - Statement - host = "imap.gmail.com": null

2018-09-05 18:10:51 - [TEST_STEP][PASSED] - Statement - msg = <not implemented yet for class: org.codehaus.groovy.ast.expr.EmptyExpression>: null

2018-09-05 18:10:51 - [TEST_STEP][PASSED] - Statement - msgSub = <not implemented yet for class: org.codehaus.groovy.ast.expr.EmptyExpression>: null

2018-09-05 18:10:51 - [TEST_STEP][PASSED] - Statement - OTP = "unavailable": null

2018-09-05 18:10:51 - [TEST_STEP][PASSED] - Statement - props = new java.util.Properties(): null

2018-09-05 18:10:51 - [TEST_STEP][PASSED] - Statement - props.setProperty("mail.imap.ssl.enable", "true"): null

2018-09-05 18:10:51 - [TEST_STEP][PASSED] - Statement - session = javax.mail.Session.getInstance(props): null

2018-09-05 18:10:51 - [TEST_STEP][PASSED] - Statement - store = <not implemented yet for class: org.codehaus.groovy.ast.expr.EmptyExpression>: null

2018-09-05 18:10:51 - [TEST_STEP][PASSED] - Statement - Try: null

2018-09-05 18:10:51 - [TEST_STEP][PASSED] - Statement - store = session.getStore("imap"): null

2018-09-05 18:10:51 - [TEST_STEP][PASSED] - Statement - store.connect(host, Email, Password): null

2018-09-05 18:10:53 - [TEST_STEP][PASSED] - Statement - emailFolder = store.getFolder("INBOX"): null

2018-09-05 18:10:53 - [TEST_STEP][PASSED] - Statement - emailFolder.open(READ_WRITE): null

2018-09-05 18:10:53 - [TEST_STEP][PASSED] - Statement - messages = emailFolder.getMessages(): null

2018-09-05 18:10:53 - [TEST_STEP][PASSED] - Statement - n = length: null

2018-09-05 18:10:53 - [TEST_STEP][PASSED] - Statement - message = messages[n - 1]: null

2018-09-05 18:10:53 - [TEST_STEP][PASSED] - Statement - msgSub = message.getSubject(): null

2018-09-05 18:10:53 - [TEST_STEP][PASSED] - Statement - If (msgSub.equals("OTP to Sign In")): null

2018-09-05 18:10:53 - [TEST_STEP][PASSED] - Statement - msg = message.getContent().toString(): null

2018-09-05 18:10:54 - [TEST_STEP][PASSED] - Statement - OTP = msg.substring(msg.length() - 7): null

2018-09-05 18:10:54 - [TEST_STEP][PASSED] - Statement - message.setFlag(DELETED, true): null

2018-09-05 18:10:55 - [TEST_STEP][PASSED] - Statement - emailFolder.close(true): null

2018-09-05 18:10:55 - [TEST_STEP][PASSED] - Statement - store.close(): null

2018-09-05 18:10:55 - [TEST_STEP][PASSED] - Statement - return OTP: null

2018-09-05 18:10:55 - [TEST_STEP][PASSED] - Statement - If (OTP.equals("unavailable")): null

2018-09-05 18:10:55 - [TEST_STEP][PASSED] - Statement - Else: Text 'e4866
' is set on object 'Object Repository/Login/OtpInput'

2018-09-05 18:10:55 - [TEST_STEP][PASSED] - setText: Text 'e4866
' is set on object 'Object Repository/Login/OtpInput'

2018-09-05 18:10:55 - [MESSAGE][PASSED] - Text 'e4866
' is set on object 'Object Repository/Login/OtpInput'

2018-09-05 18:10:55 - [TEST_STEP][PASSED] - verifyElementPresent: Object 'Object Repository/Login/afterOpenDisplay' is present

2018-09-05 18:10:56 - [MESSAGE][PASSED] - Object 'Object Repository/Login/afterOpenDisplay' is present

2018-09-05 18:10:56 - [MESSAGE][PASSED] - Call Test Case 'Test Cases/BVT/aSimple_Login' successfully

2018-09-05 18:10:56 - [TEST_STEP][FAILED] - callTestCase: Unable to call Test Case with id 'Test Cases/commonFunctionality/linkOpenCountFilter' (Root cause: Call Test Case 'Test Cases/commonFunctionality/linkOpenCountFilter' failed)

2018-09-05 18:10:56 - [TEST_CASE][FAILED] - Test Cases/commonFunctionality/linkOpenCountFilter: Test Cases/commonFunctionality/linkOpenCountFilter FAILED because (of) Unable to click on object 'Object Repository/LinkLogFilter/FilterButton' (Root cause: org.openqa.selenium.WebDriverException: unknown error: Element <div class="filter-btn">...</div> is not clickable at point (383, 102). Other element would receive the click: <div class="loader-screen">...</div>
  (Session info: chrome=68.0.3440.106)
  (Driver info: chromedriver=2.35.528161 (5b82f2d2aae0ca24b877009200ced9065a772e73),platform=Windows NT 10.0.17134 x86_64) (WARNING: The server did not provide any stacktrace information)
Command duration or timeout: 0 milliseconds
Build info: version: '3.7.1', revision: '8a0099a', time: '2017-11-06T21:07:36.161Z'
System info: host: 'DESKTOP-LIL', ip: '10.6.8.31', os.name: 'Windows 10', os.arch: 'amd64', os.version: '10.0', java.version: '1.8.0_102'
Driver info: com.kms.katalon.selenium.driver.CChromeDriver
Capabilities {acceptInsecureCerts: false, acceptSslCerts: false, applicationCacheEnabled: false, browserConnectionEnabled: false, browserName: chrome, chrome: {chromedriverVersion: 2.35.528161 (5b82f2d2aae0ca..., userDataDir: C:\Users\User\AppData\Local...}, cssSelectorsEnabled: true, databaseEnabled: false, handlesAlerts: true, hasTouchScreen: false, javascriptEnabled: true, locationContextEnabled: true, mobileEmulationEnabled: false, nativeEvents: true, networkConnectionEnabled: false, pageLoadStrategy: normal, platform: XP, platformName: XP, rotatable: false, setWindowRect: true, takesHeapSnapshot: true, takesScreenshot: true, unexpectedAlertBehaviour: , unhandledPromptBehavior: , version: 68.0.3440.106, webStorageEnabled: true}
Session ID: 16df40f0c0c2aa0fff35aeb27d8aa754)

2018-09-05 18:10:57 - [TEST_STEP][PASSED] - click: Object: 'Object Repository/LinkLogFilter/FilterButton' is clicked on

2018-09-05 18:10:57 - [MESSAGE][PASSED] - Object: 'Object Repository/LinkLogFilter/FilterButton' is clicked on

2018-09-05 18:10:57 - [TEST_STEP][PASSED] - Statement - If (com.kms.katalon.core.webui.keyword.WebUiBuiltInKeywords.verifyElementPresent(com.kms.katalon.core.testobject.ObjectRepository.findTestObject(filter/filterContainer), 5, OPTIONAL)): null

2018-09-05 18:10:57 - [MESSAGE][PASSED] - Object 'Object Repository/filter/filterContainer' is present

2018-09-05 18:10:57 - [TEST_STEP][PASSED] - Statement - println("open filter POP Up successful"): null

2018-09-05 18:10:57 - [TEST_STEP][PASSED] - setText: Text '0' is set on object 'Object Repository/LinkLogFilter/openLinkCount'

2018-09-05 18:10:57 - [MESSAGE][PASSED] - Text '0' is set on object 'Object Repository/LinkLogFilter/openLinkCount'

2018-09-05 18:10:57 - [TEST_STEP][PASSED] - click: Object: 'Object Repository/LinkLogFilter/innerFilterButton' is clicked on

2018-09-05 18:10:58 - [MESSAGE][PASSED] - Object: 'Object Repository/LinkLogFilter/innerFilterButton' is clicked on

2018-09-05 18:10:58 - [TEST_STEP][PASSED] - delay: Delayed 5 second(s)

2018-09-05 18:11:03 - [MESSAGE][PASSED] - Delayed 5 second(s)

2018-09-05 18:11:03 - [TEST_STEP][FAILED] - click: Unable to click on object 'Object Repository/LinkLogFilter/FilterButton' (Root cause: org.openqa.selenium.WebDriverException: unknown error: Element <div class="filter-btn">...</div> is not clickable at point (383, 102). Other element would receive the click: <div class="loader-screen">...</div>
  (Session info: chrome=68.0.3440.106)
  (Driver info: chromedriver=2.35.528161 (5b82f2d2aae0ca24b877009200ced9065a772e73),platform=Windows NT 10.0.17134 x86_64) (WARNING: The server did not provide any stacktrace information)
Command duration or timeout: 0 milliseconds
Build info: version: '3.7.1', revision: '8a0099a', time: '2017-11-06T21:07:36.161Z'
System info: host: 'DESKTOP-LIL', ip: '10.6.8.31', os.name: 'Windows 10', os.arch: 'amd64', os.version: '10.0', java.version: '1.8.0_102'
Driver info: com.kms.katalon.selenium.driver.CChromeDriver
Capabilities {acceptInsecureCerts: false, acceptSslCerts: false, applicationCacheEnabled: false, browserConnectionEnabled: false, browserName: chrome, chrome: {chromedriverVersion: 2.35.528161 (5b82f2d2aae0ca..., userDataDir: C:\Users\User\AppData\Local...}, cssSelectorsEnabled: true, databaseEnabled: false, handlesAlerts: true, hasTouchScreen: false, javascriptEnabled: true, locationContextEnabled: true, mobileEmulationEnabled: false, nativeEvents: true, networkConnectionEnabled: false, pageLoadStrategy: normal, platform: XP, platformName: XP, rotatable: false, setWindowRect: true, takesHeapSnapshot: true, takesScreenshot: true, unexpectedAlertBehaviour: , unhandledPromptBehavior: , version: 68.0.3440.106, webStorageEnabled: true}
Session ID: 16df40f0c0c2aa0fff35aeb27d8aa754)

2018-09-05 18:11:03 - [MESSAGE][FAILED] - Unable to click on object 'Object Repository/LinkLogFilter/FilterButton' (Root cause: org.openqa.selenium.WebDriverException: unknown error: Element <div class="filter-btn">...</div> is not clickable at point (383, 102). Other element would receive the click: <div class="loader-screen">...</div>
  (Session info: chrome=68.0.3440.106)
  (Driver info: chromedriver=2.35.528161 (5b82f2d2aae0ca24b877009200ced9065a772e73),platform=Windows NT 10.0.17134 x86_64) (WARNING: The server did not provide any stacktrace information)
Command duration or timeout: 0 milliseconds
Build info: version: '3.7.1', revision: '8a0099a', time: '2017-11-06T21:07:36.161Z'
System info: host: 'DESKTOP-LIL', ip: '10.6.8.31', os.name: 'Windows 10', os.arch: 'amd64', os.version: '10.0', java.version: '1.8.0_102'
Driver info: com.kms.katalon.selenium.driver.CChromeDriver
Capabilities {acceptInsecureCerts: false, acceptSslCerts: false, applicationCacheEnabled: false, browserConnectionEnabled: false, browserName: chrome, chrome: {chromedriverVersion: 2.35.528161 (5b82f2d2aae0ca..., userDataDir: C:\Users\User\AppData\Local...}, cssSelectorsEnabled: true, databaseEnabled: false, handlesAlerts: true, hasTouchScreen: false, javascriptEnabled: true, locationContextEnabled: true, mobileEmulationEnabled: false, nativeEvents: true, networkConnectionEnabled: false, pageLoadStrategy: normal, platform: XP, platformName: XP, rotatable: false, setWindowRect: true, takesHeapSnapshot: true, takesScreenshot: true, unexpectedAlertBehaviour: , unhandledPromptBehavior: , version: 68.0.3440.106, webStorageEnabled: true}
Session ID: 16df40f0c0c2aa0fff35aeb27d8aa754)
[[ATTACHMENT|C:\\Users\\User\\Desktop\\Katalon Studio\\Katalon Studio\\vCallingDashboard\\Reports\\RegressionSuite\\20180905_175530\\1536151263240.png]]

2018-09-05 18:11:03 - [MESSAGE][FAILED] - Unable to call Test Case with id 'Test Cases/commonFunctionality/linkOpenCountFilter' (Root cause: Call Test Case 'Test Cases/commonFunctionality/linkOpenCountFilter' failed)]]></system-out>
         <system-err><![CDATA[2018-09-05 18:10:28 - [TEST_CASE][FAILED] - Test Cases/completed/TestCase3_FilterLinkLog/linkOpenCount: Test Cases/completed/TestCase3_FilterLinkLog/linkOpenCount FAILED because (of) Unable to click on object 'Object Repository/LinkLogFilter/FilterButton' (Root cause: org.openqa.selenium.WebDriverException: unknown error: Element <div class="filter-btn">...</div> is not clickable at point (383, 102). Other element would receive the click: <div class="loader-screen">...</div>
  (Session info: chrome=68.0.3440.106)
  (Driver info: chromedriver=2.35.528161 (5b82f2d2aae0ca24b877009200ced9065a772e73),platform=Windows NT 10.0.17134 x86_64) (WARNING: The server did not provide any stacktrace information)
Command duration or timeout: 0 milliseconds
Build info: version: '3.7.1', revision: '8a0099a', time: '2017-11-06T21:07:36.161Z'
System info: host: 'DESKTOP-LIL', ip: '10.6.8.31', os.name: 'Windows 10', os.arch: 'amd64', os.version: '10.0', java.version: '1.8.0_102'
Driver info: com.kms.katalon.selenium.driver.CChromeDriver
Capabilities {acceptInsecureCerts: false, acceptSslCerts: false, applicationCacheEnabled: false, browserConnectionEnabled: false, browserName: chrome, chrome: {chromedriverVersion: 2.35.528161 (5b82f2d2aae0ca..., userDataDir: C:\Users\User\AppData\Local...}, cssSelectorsEnabled: true, databaseEnabled: false, handlesAlerts: true, hasTouchScreen: false, javascriptEnabled: true, locationContextEnabled: true, mobileEmulationEnabled: false, nativeEvents: true, networkConnectionEnabled: false, pageLoadStrategy: normal, platform: XP, platformName: XP, rotatable: false, setWindowRect: true, takesHeapSnapshot: true, takesScreenshot: true, unexpectedAlertBehaviour: , unhandledPromptBehavior: , version: 68.0.3440.106, webStorageEnabled: true}
Session ID: 16df40f0c0c2aa0fff35aeb27d8aa754)]]></system-err>
      </testcase>
      <testcase name="Test Cases/completed/TestCase3_FilterLinkLog/tagAndCount" classname="Test Cases/completed/TestCase3_FilterLinkLog/tagAndCount" status="FAILED">
         <failure type="FAILED" message="Unable to click on object 'Object Repository/LinkLogFilter/FilterButton' (Root cause: org.openqa.selenium.WebDriverException: unknown error: Element &lt;div class=&quot;filter-btn&quot;>...&lt;/div> is not clickable at point (383, 102). Other element would receive the click: &lt;div class=&quot;loader-screen&quot;>...&lt;/div>
  (Session info: chrome=68.0.3440.106)
  (Driver info: chromedriver=2.35.528161 (5b82f2d2aae0ca24b877009200ced9065a772e73),platform=Windows NT 10.0.17134 x86_64) (WARNING: The server did not provide any stacktrace information)
Command duration or timeout: 0 milliseconds
Build info: version: '3.7.1', revision: '8a0099a', time: '2017-11-06T21:07:36.161Z'
System info: host: 'DESKTOP-LIL', ip: '10.6.8.31', os.name: 'Windows 10', os.arch: 'amd64', os.version: '10.0', java.version: '1.8.0_102'
Driver info: com.kms.katalon.selenium.driver.CChromeDriver
Capabilities {acceptInsecureCerts: false, acceptSslCerts: false, applicationCacheEnabled: false, browserConnectionEnabled: false, browserName: chrome, chrome: {chromedriverVersion: 2.35.528161 (5b82f2d2aae0ca..., userDataDir: C:\Users\User\AppData\Local...}, cssSelectorsEnabled: true, databaseEnabled: false, handlesAlerts: true, hasTouchScreen: false, javascriptEnabled: true, locationContextEnabled: true, mobileEmulationEnabled: false, nativeEvents: true, networkConnectionEnabled: false, pageLoadStrategy: normal, platform: XP, platformName: XP, rotatable: false, setWindowRect: true, takesHeapSnapshot: true, takesScreenshot: true, unexpectedAlertBehaviour: , unhandledPromptBehavior: , version: 68.0.3440.106, webStorageEnabled: true}
Session ID: d8ada31f8aef0bb0984ac5622e0a59c9)"/>
         <system-out><![CDATA[2018-09-05 18:11:03 - [TEST_CASE][FAILED] - Test Cases/completed/TestCase3_FilterLinkLog/tagAndCount: Test Cases/completed/TestCase3_FilterLinkLog/tagAndCount FAILED because (of) Unable to click on object 'Object Repository/LinkLogFilter/FilterButton' (Root cause: org.openqa.selenium.WebDriverException: unknown error: Element <div class="filter-btn">...</div> is not clickable at point (383, 102). Other element would receive the click: <div class="loader-screen">...</div>
  (Session info: chrome=68.0.3440.106)
  (Driver info: chromedriver=2.35.528161 (5b82f2d2aae0ca24b877009200ced9065a772e73),platform=Windows NT 10.0.17134 x86_64) (WARNING: The server did not provide any stacktrace information)
Command duration or timeout: 0 milliseconds
Build info: version: '3.7.1', revision: '8a0099a', time: '2017-11-06T21:07:36.161Z'
System info: host: 'DESKTOP-LIL', ip: '10.6.8.31', os.name: 'Windows 10', os.arch: 'amd64', os.version: '10.0', java.version: '1.8.0_102'
Driver info: com.kms.katalon.selenium.driver.CChromeDriver
Capabilities {acceptInsecureCerts: false, acceptSslCerts: false, applicationCacheEnabled: false, browserConnectionEnabled: false, browserName: chrome, chrome: {chromedriverVersion: 2.35.528161 (5b82f2d2aae0ca..., userDataDir: C:\Users\User\AppData\Local...}, cssSelectorsEnabled: true, databaseEnabled: false, handlesAlerts: true, hasTouchScreen: false, javascriptEnabled: true, locationContextEnabled: true, mobileEmulationEnabled: false, nativeEvents: true, networkConnectionEnabled: false, pageLoadStrategy: normal, platform: XP, platformName: XP, rotatable: false, setWindowRect: true, takesHeapSnapshot: true, takesScreenshot: true, unexpectedAlertBehaviour: , unhandledPromptBehavior: , version: 68.0.3440.106, webStorageEnabled: true}
Session ID: d8ada31f8aef0bb0984ac5622e0a59c9)

2018-09-05 18:11:04 - [TEST_STEP][PASSED] - callTestCase: Call Test Case 'Test Cases/BVT/aSimple_Login' successfully

2018-09-05 18:11:04 - [TEST_CASE][PASSED] - Test Cases/BVT/aSimple_Login: Test Cases/BVT/aSimple_Login

2018-09-05 18:11:04 - [TEST_STEP][PASSED] - openBrowser: Browser is opened with url: ''

2018-09-05 18:11:04 - [MESSAGE][WARNING] - A browser is already opened. Closing browser and opening a new one

2018-09-05 18:11:07 - [MESSAGE][PASSED] - Browser is opened with url: ''

2018-09-05 18:11:07 - [TEST_STEP][PASSED] - maximizeWindow: Current window maximized

2018-09-05 18:11:09 - [MESSAGE][PASSED] - Current window maximized

2018-09-05 18:11:09 - [TEST_STEP][PASSED] - navigateToUrl: Navigate to 'https://dev.vcalling.in/enterprises/UAT/Dashboard/index.html' successfully

2018-09-05 18:11:13 - [MESSAGE][PASSED] - Navigate to 'https://dev.vcalling.in/enterprises/UAT/Dashboard/index.html' successfully

2018-09-05 18:11:13 - [TEST_STEP][PASSED] - setText: Text 'testing4dea@gmail.com' is set on object 'Object Repository/Login/UserId'

2018-09-05 18:11:13 - [MESSAGE][PASSED] - Text 'testing4dea@gmail.com' is set on object 'Object Repository/Login/UserId'

2018-09-05 18:11:13 - [TEST_STEP][PASSED] - click: Object: 'Object Repository/Login/div_GET OTP' is clicked on

2018-09-05 18:11:18 - [MESSAGE][PASSED] - Object: 'Object Repository/Login/div_GET OTP' is clicked on

2018-09-05 18:11:18 - [TEST_STEP][PASSED] - waitForElementPresent: Object 'Object Repository/Login/div_SUBMIT' is present

2018-09-05 18:11:20 - [MESSAGE][PASSED] - Object 'Object Repository/Login/div_SUBMIT' is present

2018-09-05 18:11:20 - [TEST_STEP][PASSED] - Statement - If (com.kms.katalon.core.webui.keyword.WebUiBuiltInKeywords.verifyElementNotPresent(com.kms.katalon.core.testobject.ObjectRepository.findTestObject(Login/div_SUBMIT), 5, OPTIONAL)): Web element with id: 'Object Repository/Login/div_SUBMIT' located by 'By.xpath: //div[(text() = ' SUBMIT ' or . = ' SUBMIT ')]' is present after '5' second(s)

2018-09-05 18:11:25 - [MESSAGE][WARNING] - Web element with id: 'Object Repository/Login/div_SUBMIT' located by 'By.xpath: //div[(text() = ' SUBMIT ' or . = ' SUBMIT ')]' is present after '5' second(s)
[[ATTACHMENT|C:\\Users\\User\\Desktop\\Katalon Studio\\Katalon Studio\\vCallingDashboard\\Reports\\RegressionSuite\\20180905_175530\\1536151285403.png]]

2018-09-05 18:11:25 - [TEST_STEP][PASSED] - Statement - sleep(5000): null

2018-09-05 18:11:30 - [TEST_STEP][PASSED] - Statement - OTP = getOTP(): null

2018-09-05 18:11:30 - [TEST_STEP][PASSED] - Statement - host = "imap.gmail.com": null

2018-09-05 18:11:30 - [TEST_STEP][PASSED] - Statement - msg = <not implemented yet for class: org.codehaus.groovy.ast.expr.EmptyExpression>: null

2018-09-05 18:11:30 - [TEST_STEP][PASSED] - Statement - msgSub = <not implemented yet for class: org.codehaus.groovy.ast.expr.EmptyExpression>: null

2018-09-05 18:11:30 - [TEST_STEP][PASSED] - Statement - OTP = "unavailable": null

2018-09-05 18:11:30 - [TEST_STEP][PASSED] - Statement - props = new java.util.Properties(): null

2018-09-05 18:11:30 - [TEST_STEP][PASSED] - Statement - props.setProperty("mail.imap.ssl.enable", "true"): null

2018-09-05 18:11:30 - [TEST_STEP][PASSED] - Statement - session = javax.mail.Session.getInstance(props): null

2018-09-05 18:11:30 - [TEST_STEP][PASSED] - Statement - store = <not implemented yet for class: org.codehaus.groovy.ast.expr.EmptyExpression>: null

2018-09-05 18:11:30 - [TEST_STEP][PASSED] - Statement - Try: null

2018-09-05 18:11:30 - [TEST_STEP][PASSED] - Statement - store = session.getStore("imap"): null

2018-09-05 18:11:30 - [TEST_STEP][PASSED] - Statement - store.connect(host, Email, Password): null

2018-09-05 18:11:32 - [TEST_STEP][PASSED] - Statement - emailFolder = store.getFolder("INBOX"): null

2018-09-05 18:11:32 - [TEST_STEP][PASSED] - Statement - emailFolder.open(READ_WRITE): null

2018-09-05 18:11:33 - [TEST_STEP][PASSED] - Statement - messages = emailFolder.getMessages(): null

2018-09-05 18:11:33 - [TEST_STEP][PASSED] - Statement - n = length: null

2018-09-05 18:11:33 - [TEST_STEP][PASSED] - Statement - message = messages[n - 1]: null

2018-09-05 18:11:33 - [TEST_STEP][PASSED] - Statement - msgSub = message.getSubject(): null

2018-09-05 18:11:33 - [TEST_STEP][PASSED] - Statement - If (msgSub.equals("OTP to Sign In")): null

2018-09-05 18:11:33 - [TEST_STEP][PASSED] - Statement - msg = message.getContent().toString(): null

2018-09-05 18:11:34 - [TEST_STEP][PASSED] - Statement - OTP = msg.substring(msg.length() - 7): null

2018-09-05 18:11:34 - [TEST_STEP][PASSED] - Statement - message.setFlag(DELETED, true): null

2018-09-05 18:11:34 - [TEST_STEP][PASSED] - Statement - emailFolder.close(true): null

2018-09-05 18:11:35 - [TEST_STEP][PASSED] - Statement - store.close(): null

2018-09-05 18:11:35 - [TEST_STEP][PASSED] - Statement - return OTP: null

2018-09-05 18:11:35 - [TEST_STEP][PASSED] - Statement - If (OTP.equals("unavailable")): null

2018-09-05 18:11:35 - [TEST_STEP][PASSED] - Statement - Else: Text 'd2227
' is set on object 'Object Repository/Login/OtpInput'

2018-09-05 18:11:35 - [TEST_STEP][PASSED] - setText: Text 'd2227
' is set on object 'Object Repository/Login/OtpInput'

2018-09-05 18:11:36 - [MESSAGE][PASSED] - Text 'd2227
' is set on object 'Object Repository/Login/OtpInput'

2018-09-05 18:11:36 - [TEST_STEP][PASSED] - verifyElementPresent: Object 'Object Repository/Login/afterOpenDisplay' is present

2018-09-05 18:11:37 - [MESSAGE][PASSED] - Object 'Object Repository/Login/afterOpenDisplay' is present

2018-09-05 18:11:37 - [MESSAGE][PASSED] - Call Test Case 'Test Cases/BVT/aSimple_Login' successfully

2018-09-05 18:11:37 - [TEST_STEP][FAILED] - callTestCase: Unable to call Test Case with id 'Test Cases/commonFunctionality/tagsAndCountFilters' (Root cause: Call Test Case 'Test Cases/commonFunctionality/tagsAndCountFilters' failed)

2018-09-05 18:11:37 - [TEST_CASE][FAILED] - Test Cases/commonFunctionality/tagsAndCountFilters: Test Cases/commonFunctionality/tagsAndCountFilters FAILED because (of) Unable to click on object 'Object Repository/LinkLogFilter/FilterButton' (Root cause: org.openqa.selenium.WebDriverException: unknown error: Element <div class="filter-btn">...</div> is not clickable at point (383, 102). Other element would receive the click: <div class="loader-screen">...</div>
  (Session info: chrome=68.0.3440.106)
  (Driver info: chromedriver=2.35.528161 (5b82f2d2aae0ca24b877009200ced9065a772e73),platform=Windows NT 10.0.17134 x86_64) (WARNING: The server did not provide any stacktrace information)
Command duration or timeout: 0 milliseconds
Build info: version: '3.7.1', revision: '8a0099a', time: '2017-11-06T21:07:36.161Z'
System info: host: 'DESKTOP-LIL', ip: '10.6.8.31', os.name: 'Windows 10', os.arch: 'amd64', os.version: '10.0', java.version: '1.8.0_102'
Driver info: com.kms.katalon.selenium.driver.CChromeDriver
Capabilities {acceptInsecureCerts: false, acceptSslCerts: false, applicationCacheEnabled: false, browserConnectionEnabled: false, browserName: chrome, chrome: {chromedriverVersion: 2.35.528161 (5b82f2d2aae0ca..., userDataDir: C:\Users\User\AppData\Local...}, cssSelectorsEnabled: true, databaseEnabled: false, handlesAlerts: true, hasTouchScreen: false, javascriptEnabled: true, locationContextEnabled: true, mobileEmulationEnabled: false, nativeEvents: true, networkConnectionEnabled: false, pageLoadStrategy: normal, platform: XP, platformName: XP, rotatable: false, setWindowRect: true, takesHeapSnapshot: true, takesScreenshot: true, unexpectedAlertBehaviour: , unhandledPromptBehavior: , version: 68.0.3440.106, webStorageEnabled: true}
Session ID: d8ada31f8aef0bb0984ac5622e0a59c9)

2018-09-05 18:11:37 - [TEST_STEP][PASSED] - click: Object: 'Object Repository/LinkLogFilter/FilterButton' is clicked on

2018-09-05 18:11:43 - [MESSAGE][PASSED] - Object: 'Object Repository/LinkLogFilter/FilterButton' is clicked on

2018-09-05 18:11:43 - [TEST_STEP][PASSED] - Statement - If (com.kms.katalon.core.webui.keyword.WebUiBuiltInKeywords.verifyElementPresent(com.kms.katalon.core.testobject.ObjectRepository.findTestObject(filter/filterContainer), 5, OPTIONAL)): null

2018-09-05 18:11:43 - [MESSAGE][PASSED] - Object 'Object Repository/filter/filterContainer' is present

2018-09-05 18:11:43 - [TEST_STEP][PASSED] - Statement - println("open filter POP Up successful"): null

2018-09-05 18:11:43 - [TEST_STEP][PASSED] - setText: Text 'P' is set on object 'Object Repository/LinkLogFilter/TagFilter'

2018-09-05 18:11:43 - [MESSAGE][PASSED] - Text 'P' is set on object 'Object Repository/LinkLogFilter/TagFilter'

2018-09-05 18:11:43 - [TEST_STEP][PASSED] - setText: Text '0' is set on object 'Object Repository/LinkLogFilter/openLinkCount'

2018-09-05 18:11:43 - [MESSAGE][PASSED] - Text '0' is set on object 'Object Repository/LinkLogFilter/openLinkCount'

2018-09-05 18:11:43 - [TEST_STEP][PASSED] - click: Object: 'Object Repository/LinkLogFilter/innerFilterButton' is clicked on

2018-09-05 18:11:48 - [MESSAGE][PASSED] - Object: 'Object Repository/LinkLogFilter/innerFilterButton' is clicked on

2018-09-05 18:11:48 - [TEST_STEP][PASSED] - delay: Delayed 5 second(s)

2018-09-05 18:11:53 - [MESSAGE][PASSED] - Delayed 5 second(s)

2018-09-05 18:11:53 - [TEST_STEP][PASSED] - click: Object: 'Object Repository/LinkLogFilter/FilterButton' is clicked on

2018-09-05 18:11:58 - [MESSAGE][PASSED] - Object: 'Object Repository/LinkLogFilter/FilterButton' is clicked on

2018-09-05 18:11:58 - [TEST_STEP][PASSED] - Statement - If (com.kms.katalon.core.webui.keyword.WebUiBuiltInKeywords.verifyElementPresent(com.kms.katalon.core.testobject.ObjectRepository.findTestObject(filter/filterContainer), 5, OPTIONAL)): null

2018-09-05 18:11:58 - [MESSAGE][PASSED] - Object 'Object Repository/filter/filterContainer' is present

2018-09-05 18:11:58 - [TEST_STEP][PASSED] - Statement - println("open filter POP Up successful"): null

2018-09-05 18:11:58 - [TEST_STEP][PASSED] - sendKeys: Keys 'CONTROL + DELETE + a' sent to object: 'Object Repository/LinkLogFilter/TagFilter'

2018-09-05 18:11:59 - [MESSAGE][PASSED] - Keys 'CONTROL + DELETE + a' sent to object: 'Object Repository/LinkLogFilter/TagFilter'

2018-09-05 18:11:59 - [TEST_STEP][PASSED] - setText: Text 'hjkjlk;l' is set on object 'Object Repository/LinkLogFilter/TagFilter'

2018-09-05 18:11:59 - [MESSAGE][PASSED] - Text 'hjkjlk;l' is set on object 'Object Repository/LinkLogFilter/TagFilter'

2018-09-05 18:11:59 - [TEST_STEP][PASSED] - sendKeys: Keys 'CONTROL + DELETE + a' sent to object: 'Object Repository/LinkLogFilter/openLinkCount'

2018-09-05 18:11:59 - [MESSAGE][PASSED] - Keys 'CONTROL + DELETE + a' sent to object: 'Object Repository/LinkLogFilter/openLinkCount'

2018-09-05 18:11:59 - [TEST_STEP][PASSED] - setText: Text '0' is set on object 'Object Repository/LinkLogFilter/openLinkCount'

2018-09-05 18:11:59 - [MESSAGE][PASSED] - Text '0' is set on object 'Object Repository/LinkLogFilter/openLinkCount'

2018-09-05 18:11:59 - [TEST_STEP][PASSED] - click: Object: 'Object Repository/LinkLogFilter/innerFilterButton' is clicked on

2018-09-05 18:12:04 - [MESSAGE][PASSED] - Object: 'Object Repository/LinkLogFilter/innerFilterButton' is clicked on

2018-09-05 18:12:04 - [TEST_STEP][PASSED] - clickOffset: Object: 'Object Repository/filter/filterScreen' is clicked on using offset x=100 and y=200

2018-09-05 18:12:10 - [MESSAGE][PASSED] - Object: 'Object Repository/filter/filterScreen' is clicked on using offset x=100 and y=200

2018-09-05 18:12:10 - [TEST_STEP][PASSED] - click: Object: 'Object Repository/LinkLogFilter/FilterButton' is clicked on

2018-09-05 18:12:15 - [MESSAGE][PASSED] - Object: 'Object Repository/LinkLogFilter/FilterButton' is clicked on

2018-09-05 18:12:15 - [TEST_STEP][PASSED] - Statement - If (com.kms.katalon.core.webui.keyword.WebUiBuiltInKeywords.verifyElementPresent(com.kms.katalon.core.testobject.ObjectRepository.findTestObject(filter/filterContainer), 5, OPTIONAL)): null

2018-09-05 18:12:15 - [MESSAGE][PASSED] - Object 'Object Repository/filter/filterContainer' is present

2018-09-05 18:12:15 - [TEST_STEP][PASSED] - Statement - println("open filter POP Up successful"): null

2018-09-05 18:12:15 - [TEST_STEP][PASSED] - sendKeys: Keys 'CONTROL + DELETE + a' sent to object: 'Object Repository/LinkLogFilter/TagFilter'

2018-09-05 18:12:15 - [MESSAGE][PASSED] - Keys 'CONTROL + DELETE + a' sent to object: 'Object Repository/LinkLogFilter/TagFilter'

2018-09-05 18:12:15 - [TEST_STEP][PASSED] - delay: Delayed 3 second(s)

2018-09-05 18:12:18 - [MESSAGE][PASSED] - Delayed 3 second(s)

2018-09-05 18:12:18 - [TEST_STEP][PASSED] - setText: Text 'P' is set on object 'Object Repository/LinkLogFilter/TagFilter'

2018-09-05 18:12:18 - [MESSAGE][PASSED] - Text 'P' is set on object 'Object Repository/LinkLogFilter/TagFilter'

2018-09-05 18:12:18 - [TEST_STEP][PASSED] - delay: Delayed 3 second(s)

2018-09-05 18:12:21 - [MESSAGE][PASSED] - Delayed 3 second(s)

2018-09-05 18:12:21 - [TEST_STEP][PASSED] - setText: Text '2222666' is set on object 'Object Repository/LinkLogFilter/openLinkCount'

2018-09-05 18:12:21 - [MESSAGE][PASSED] - Text '2222666' is set on object 'Object Repository/LinkLogFilter/openLinkCount'

2018-09-05 18:12:21 - [TEST_STEP][PASSED] - click: Object: 'Object Repository/LinkLogFilter/innerFilterButton' is clicked on

2018-09-05 18:12:26 - [MESSAGE][PASSED] - Object: 'Object Repository/LinkLogFilter/innerFilterButton' is clicked on

2018-09-05 18:12:26 - [TEST_STEP][PASSED] - delay: Delayed 5 second(s)

2018-09-05 18:12:31 - [MESSAGE][PASSED] - Delayed 5 second(s)

2018-09-05 18:12:31 - [TEST_STEP][PASSED] - click: Object: 'Object Repository/LinkLogFilter/FilterButton' is clicked on

2018-09-05 18:12:36 - [MESSAGE][PASSED] - Object: 'Object Repository/LinkLogFilter/FilterButton' is clicked on

2018-09-05 18:12:36 - [TEST_STEP][PASSED] - Statement - If (com.kms.katalon.core.webui.keyword.WebUiBuiltInKeywords.verifyElementPresent(com.kms.katalon.core.testobject.ObjectRepository.findTestObject(filter/filterContainer), 5, OPTIONAL)): null

2018-09-05 18:12:36 - [MESSAGE][PASSED] - Object 'Object Repository/filter/filterContainer' is present

2018-09-05 18:12:36 - [TEST_STEP][PASSED] - Statement - println("open filter POP Up successful"): null

2018-09-05 18:12:36 - [TEST_STEP][PASSED] - setText: Text '212321' is set on object 'Object Repository/LinkLogFilter/TagFilter'

2018-09-05 18:12:37 - [MESSAGE][PASSED] - Text '212321' is set on object 'Object Repository/LinkLogFilter/TagFilter'

2018-09-05 18:12:37 - [TEST_STEP][PASSED] - setText: Text '0' is set on object 'Object Repository/LinkLogFilter/openLinkCount'

2018-09-05 18:12:37 - [MESSAGE][PASSED] - Text '0' is set on object 'Object Repository/LinkLogFilter/openLinkCount'

2018-09-05 18:12:37 - [TEST_STEP][PASSED] - click: Object: 'Object Repository/LinkLogFilter/innerFilterButton' is clicked on

2018-09-05 18:12:42 - [MESSAGE][PASSED] - Object: 'Object Repository/LinkLogFilter/innerFilterButton' is clicked on

2018-09-05 18:12:42 - [TEST_STEP][PASSED] - delay: Delayed 5 second(s)

2018-09-05 18:12:47 - [MESSAGE][PASSED] - Delayed 5 second(s)

2018-09-05 18:12:47 - [TEST_STEP][FAILED] - click: Unable to click on object 'Object Repository/LinkLogFilter/FilterButton' (Root cause: org.openqa.selenium.WebDriverException: unknown error: Element <div class="filter-btn">...</div> is not clickable at point (383, 102). Other element would receive the click: <div class="loader-screen">...</div>
  (Session info: chrome=68.0.3440.106)
  (Driver info: chromedriver=2.35.528161 (5b82f2d2aae0ca24b877009200ced9065a772e73),platform=Windows NT 10.0.17134 x86_64) (WARNING: The server did not provide any stacktrace information)
Command duration or timeout: 0 milliseconds
Build info: version: '3.7.1', revision: '8a0099a', time: '2017-11-06T21:07:36.161Z'
System info: host: 'DESKTOP-LIL', ip: '10.6.8.31', os.name: 'Windows 10', os.arch: 'amd64', os.version: '10.0', java.version: '1.8.0_102'
Driver info: com.kms.katalon.selenium.driver.CChromeDriver
Capabilities {acceptInsecureCerts: false, acceptSslCerts: false, applicationCacheEnabled: false, browserConnectionEnabled: false, browserName: chrome, chrome: {chromedriverVersion: 2.35.528161 (5b82f2d2aae0ca..., userDataDir: C:\Users\User\AppData\Local...}, cssSelectorsEnabled: true, databaseEnabled: false, handlesAlerts: true, hasTouchScreen: false, javascriptEnabled: true, locationContextEnabled: true, mobileEmulationEnabled: false, nativeEvents: true, networkConnectionEnabled: false, pageLoadStrategy: normal, platform: XP, platformName: XP, rotatable: false, setWindowRect: true, takesHeapSnapshot: true, takesScreenshot: true, unexpectedAlertBehaviour: , unhandledPromptBehavior: , version: 68.0.3440.106, webStorageEnabled: true}
Session ID: d8ada31f8aef0bb0984ac5622e0a59c9)

2018-09-05 18:12:48 - [MESSAGE][FAILED] - Unable to click on object 'Object Repository/LinkLogFilter/FilterButton' (Root cause: org.openqa.selenium.WebDriverException: unknown error: Element <div class="filter-btn">...</div> is not clickable at point (383, 102). Other element would receive the click: <div class="loader-screen">...</div>
  (Session info: chrome=68.0.3440.106)
  (Driver info: chromedriver=2.35.528161 (5b82f2d2aae0ca24b877009200ced9065a772e73),platform=Windows NT 10.0.17134 x86_64) (WARNING: The server did not provide any stacktrace information)
Command duration or timeout: 0 milliseconds
Build info: version: '3.7.1', revision: '8a0099a', time: '2017-11-06T21:07:36.161Z'
System info: host: 'DESKTOP-LIL', ip: '10.6.8.31', os.name: 'Windows 10', os.arch: 'amd64', os.version: '10.0', java.version: '1.8.0_102'
Driver info: com.kms.katalon.selenium.driver.CChromeDriver
Capabilities {acceptInsecureCerts: false, acceptSslCerts: false, applicationCacheEnabled: false, browserConnectionEnabled: false, browserName: chrome, chrome: {chromedriverVersion: 2.35.528161 (5b82f2d2aae0ca..., userDataDir: C:\Users\User\AppData\Local...}, cssSelectorsEnabled: true, databaseEnabled: false, handlesAlerts: true, hasTouchScreen: false, javascriptEnabled: true, locationContextEnabled: true, mobileEmulationEnabled: false, nativeEvents: true, networkConnectionEnabled: false, pageLoadStrategy: normal, platform: XP, platformName: XP, rotatable: false, setWindowRect: true, takesHeapSnapshot: true, takesScreenshot: true, unexpectedAlertBehaviour: , unhandledPromptBehavior: , version: 68.0.3440.106, webStorageEnabled: true}
Session ID: d8ada31f8aef0bb0984ac5622e0a59c9)
[[ATTACHMENT|C:\\Users\\User\\Desktop\\Katalon Studio\\Katalon Studio\\vCallingDashboard\\Reports\\RegressionSuite\\20180905_175530\\1536151367449.png]]

2018-09-05 18:12:48 - [MESSAGE][FAILED] - Unable to call Test Case with id 'Test Cases/commonFunctionality/tagsAndCountFilters' (Root cause: Call Test Case 'Test Cases/commonFunctionality/tagsAndCountFilters' failed)]]></system-out>
         <system-err><![CDATA[2018-09-05 18:11:03 - [TEST_CASE][FAILED] - Test Cases/completed/TestCase3_FilterLinkLog/tagAndCount: Test Cases/completed/TestCase3_FilterLinkLog/tagAndCount FAILED because (of) Unable to click on object 'Object Repository/LinkLogFilter/FilterButton' (Root cause: org.openqa.selenium.WebDriverException: unknown error: Element <div class="filter-btn">...</div> is not clickable at point (383, 102). Other element would receive the click: <div class="loader-screen">...</div>
  (Session info: chrome=68.0.3440.106)
  (Driver info: chromedriver=2.35.528161 (5b82f2d2aae0ca24b877009200ced9065a772e73),platform=Windows NT 10.0.17134 x86_64) (WARNING: The server did not provide any stacktrace information)
Command duration or timeout: 0 milliseconds
Build info: version: '3.7.1', revision: '8a0099a', time: '2017-11-06T21:07:36.161Z'
System info: host: 'DESKTOP-LIL', ip: '10.6.8.31', os.name: 'Windows 10', os.arch: 'amd64', os.version: '10.0', java.version: '1.8.0_102'
Driver info: com.kms.katalon.selenium.driver.CChromeDriver
Capabilities {acceptInsecureCerts: false, acceptSslCerts: false, applicationCacheEnabled: false, browserConnectionEnabled: false, browserName: chrome, chrome: {chromedriverVersion: 2.35.528161 (5b82f2d2aae0ca..., userDataDir: C:\Users\User\AppData\Local...}, cssSelectorsEnabled: true, databaseEnabled: false, handlesAlerts: true, hasTouchScreen: false, javascriptEnabled: true, locationContextEnabled: true, mobileEmulationEnabled: false, nativeEvents: true, networkConnectionEnabled: false, pageLoadStrategy: normal, platform: XP, platformName: XP, rotatable: false, setWindowRect: true, takesHeapSnapshot: true, takesScreenshot: true, unexpectedAlertBehaviour: , unhandledPromptBehavior: , version: 68.0.3440.106, webStorageEnabled: true}
Session ID: d8ada31f8aef0bb0984ac5622e0a59c9)]]></system-err>
      </testcase>
      <testcase name="Test Cases/completed/TestCase4_EditCustomerDetails/EnterContactAndSaveCustomerDetails" classname="Test Cases/completed/TestCase4_EditCustomerDetails/EnterContactAndSaveCustomerDetails" status="PASSED">
         <system-out><![CDATA[2018-09-05 18:12:48 - [TEST_CASE][PASSED] - Test Cases/completed/TestCase4_EditCustomerDetails/EnterContactAndSaveCustomerDetails: Test Cases/completed/TestCase4_EditCustomerDetails/EnterContactAndSaveCustomerDetails

2018-09-05 18:12:48 - [TEST_STEP][PASSED] - callTestCase: Call Test Case 'Test Cases/BVT/aSimple_Login' successfully

2018-09-05 18:12:48 - [TEST_CASE][PASSED] - Test Cases/BVT/aSimple_Login: Test Cases/BVT/aSimple_Login

2018-09-05 18:12:48 - [TEST_STEP][PASSED] - openBrowser: Browser is opened with url: ''

2018-09-05 18:12:48 - [MESSAGE][WARNING] - A browser is already opened. Closing browser and opening a new one

2018-09-05 18:12:52 - [MESSAGE][PASSED] - Browser is opened with url: ''

2018-09-05 18:12:52 - [TEST_STEP][PASSED] - maximizeWindow: Current window maximized

2018-09-05 18:12:53 - [MESSAGE][PASSED] - Current window maximized

2018-09-05 18:12:53 - [TEST_STEP][PASSED] - navigateToUrl: Navigate to 'https://dev.vcalling.in/enterprises/UAT/Dashboard/index.html' successfully

2018-09-05 18:12:58 - [MESSAGE][PASSED] - Navigate to 'https://dev.vcalling.in/enterprises/UAT/Dashboard/index.html' successfully

2018-09-05 18:12:58 - [TEST_STEP][PASSED] - setText: Text 'testing4dea@gmail.com' is set on object 'Object Repository/Login/UserId'

2018-09-05 18:12:58 - [MESSAGE][PASSED] - Text 'testing4dea@gmail.com' is set on object 'Object Repository/Login/UserId'

2018-09-05 18:12:58 - [TEST_STEP][PASSED] - click: Object: 'Object Repository/Login/div_GET OTP' is clicked on

2018-09-05 18:12:59 - [MESSAGE][PASSED] - Object: 'Object Repository/Login/div_GET OTP' is clicked on

2018-09-05 18:12:59 - [TEST_STEP][PASSED] - waitForElementPresent: Object 'Object Repository/Login/div_SUBMIT' is present

2018-09-05 18:13:00 - [MESSAGE][PASSED] - Object 'Object Repository/Login/div_SUBMIT' is present

2018-09-05 18:13:00 - [TEST_STEP][PASSED] - Statement - If (com.kms.katalon.core.webui.keyword.WebUiBuiltInKeywords.verifyElementNotPresent(com.kms.katalon.core.testobject.ObjectRepository.findTestObject(Login/div_SUBMIT), 5, OPTIONAL)): Web element with id: 'Object Repository/Login/div_SUBMIT' located by 'By.xpath: //div[(text() = ' SUBMIT ' or . = ' SUBMIT ')]' is present after '5' second(s)

2018-09-05 18:13:06 - [MESSAGE][WARNING] - Web element with id: 'Object Repository/Login/div_SUBMIT' located by 'By.xpath: //div[(text() = ' SUBMIT ' or . = ' SUBMIT ')]' is present after '5' second(s)
[[ATTACHMENT|C:\\Users\\User\\Desktop\\Katalon Studio\\Katalon Studio\\vCallingDashboard\\Reports\\RegressionSuite\\20180905_175530\\1536151385950.png]]

2018-09-05 18:13:06 - [TEST_STEP][PASSED] - Statement - sleep(5000): null

2018-09-05 18:13:11 - [TEST_STEP][PASSED] - Statement - OTP = getOTP(): null

2018-09-05 18:13:11 - [TEST_STEP][PASSED] - Statement - host = "imap.gmail.com": null

2018-09-05 18:13:11 - [TEST_STEP][PASSED] - Statement - msg = <not implemented yet for class: org.codehaus.groovy.ast.expr.EmptyExpression>: null

2018-09-05 18:13:11 - [TEST_STEP][PASSED] - Statement - msgSub = <not implemented yet for class: org.codehaus.groovy.ast.expr.EmptyExpression>: null

2018-09-05 18:13:11 - [TEST_STEP][PASSED] - Statement - OTP = "unavailable": null

2018-09-05 18:13:11 - [TEST_STEP][PASSED] - Statement - props = new java.util.Properties(): null

2018-09-05 18:13:11 - [TEST_STEP][PASSED] - Statement - props.setProperty("mail.imap.ssl.enable", "true"): null

2018-09-05 18:13:11 - [TEST_STEP][PASSED] - Statement - session = javax.mail.Session.getInstance(props): null

2018-09-05 18:13:11 - [TEST_STEP][PASSED] - Statement - store = <not implemented yet for class: org.codehaus.groovy.ast.expr.EmptyExpression>: null

2018-09-05 18:13:11 - [TEST_STEP][PASSED] - Statement - Try: null

2018-09-05 18:13:11 - [TEST_STEP][PASSED] - Statement - store = session.getStore("imap"): null

2018-09-05 18:13:11 - [TEST_STEP][PASSED] - Statement - store.connect(host, Email, Password): null

2018-09-05 18:13:13 - [TEST_STEP][PASSED] - Statement - emailFolder = store.getFolder("INBOX"): null

2018-09-05 18:13:13 - [TEST_STEP][PASSED] - Statement - emailFolder.open(READ_WRITE): null

2018-09-05 18:13:13 - [TEST_STEP][PASSED] - Statement - messages = emailFolder.getMessages(): null

2018-09-05 18:13:13 - [TEST_STEP][PASSED] - Statement - n = length: null

2018-09-05 18:13:13 - [TEST_STEP][PASSED] - Statement - message = messages[n - 1]: null

2018-09-05 18:13:13 - [TEST_STEP][PASSED] - Statement - msgSub = message.getSubject(): null

2018-09-05 18:13:13 - [TEST_STEP][PASSED] - Statement - If (msgSub.equals("OTP to Sign In")): null

2018-09-05 18:13:13 - [TEST_STEP][PASSED] - Statement - msg = message.getContent().toString(): null

2018-09-05 18:13:14 - [TEST_STEP][PASSED] - Statement - OTP = msg.substring(msg.length() - 7): null

2018-09-05 18:13:14 - [TEST_STEP][PASSED] - Statement - message.setFlag(DELETED, true): null

2018-09-05 18:13:14 - [TEST_STEP][PASSED] - Statement - emailFolder.close(true): null

2018-09-05 18:13:15 - [TEST_STEP][PASSED] - Statement - store.close(): null

2018-09-05 18:13:15 - [TEST_STEP][PASSED] - Statement - return OTP: null

2018-09-05 18:13:15 - [TEST_STEP][PASSED] - Statement - If (OTP.equals("unavailable")): null

2018-09-05 18:13:15 - [TEST_STEP][PASSED] - Statement - Else: Text 'u8517
' is set on object 'Object Repository/Login/OtpInput'

2018-09-05 18:13:15 - [TEST_STEP][PASSED] - setText: Text 'u8517
' is set on object 'Object Repository/Login/OtpInput'

2018-09-05 18:13:15 - [MESSAGE][PASSED] - Text 'u8517
' is set on object 'Object Repository/Login/OtpInput'

2018-09-05 18:13:15 - [TEST_STEP][PASSED] - verifyElementPresent: Object 'Object Repository/Login/afterOpenDisplay' is present

2018-09-05 18:13:16 - [MESSAGE][PASSED] - Object 'Object Repository/Login/afterOpenDisplay' is present

2018-09-05 18:13:16 - [MESSAGE][PASSED] - Call Test Case 'Test Cases/BVT/aSimple_Login' successfully

2018-09-05 18:13:16 - [TEST_STEP][PASSED] - Statement - driver = com.kms.katalon.core.webui.driver.DriverFactory.getWebDriver(): null

2018-09-05 18:13:16 - [TEST_STEP][PASSED] - click: Object: 'Object Repository/Dashboard_Link Generator/linkgeneratorIcon' is clicked on

2018-09-05 18:13:17 - [MESSAGE][PASSED] - Object: 'Object Repository/Dashboard_Link Generator/linkgeneratorIcon' is clicked on

2018-09-05 18:13:17 - [TEST_STEP][PASSED] - Statement - x = CustomKeywords.newPackage.newKeyword.randomString(3).toLowerCase(): newPackage.newKeyword.randomString is PASSED

2018-09-05 18:13:17 - [MESSAGE][PASSED] - newPackage.newKeyword.randomString is PASSED

2018-09-05 18:13:17 - [TEST_STEP][PASSED] - Statement - teamMeberName = x: null

2018-09-05 18:13:17 - [TEST_STEP][PASSED] - setText: Text 'k62' is set on object 'Object Repository/AddTeamMemberDashboard/name'

2018-09-05 18:13:18 - [MESSAGE][PASSED] - Text 'k62' is set on object 'Object Repository/AddTeamMemberDashboard/name'

2018-09-05 18:13:18 - [TEST_STEP][PASSED] - setText: Text 'xOQVbl9P1u@gmail.com' is set on object 'Object Repository/AddTeamMemberDashboard/email'

2018-09-05 18:13:18 - [MESSAGE][PASSED] - newPackage.newKeyword.randomString is PASSED

2018-09-05 18:13:18 - [MESSAGE][PASSED] - Text 'xOQVbl9P1u@gmail.com' is set on object 'Object Repository/AddTeamMemberDashboard/email'

2018-09-05 18:13:18 - [TEST_STEP][PASSED] - setText: Text 'property' is set on object 'Object Repository/Dashboard_Link Generator/tag'

2018-09-05 18:13:19 - [MESSAGE][PASSED] - Text 'property' is set on object 'Object Repository/Dashboard_Link Generator/tag'

2018-09-05 18:13:19 - [TEST_STEP][PASSED] - click: Object: 'Object Repository/Dashboard_Link Generator/div_GET LINK' is clicked on

2018-09-05 18:13:19 - [MESSAGE][PASSED] - Object: 'Object Repository/Dashboard_Link Generator/div_GET LINK' is clicked on

2018-09-05 18:13:19 - [TEST_STEP][PASSED] - Statement - getLink = com.kms.katalon.core.webui.keyword.WebUiBuiltInKeywords.getAttribute(com.kms.katalon.core.testobject.ObjectRepository.findTestObject(Dashboard_Link Generator/input_link-text), "value"): Attribute 'value' of object 'Object Repository/Dashboard_Link Generator/input_link-text' is: 'https://dev.vcalling.in/url/UAT/?id=UAT-1-536'

2018-09-05 18:13:20 - [MESSAGE][PASSED] - Attribute 'value' of object 'Object Repository/Dashboard_Link Generator/input_link-text' is: 'https://dev.vcalling.in/url/UAT/?id=UAT-1-536'

2018-09-05 18:13:20 - [TEST_STEP][PASSED] - Statement - println(getLink): null

2018-09-05 18:13:20 - [TEST_STEP][PASSED] - click: Object: 'Object Repository/Dashboard_Link Generator/copyLink' is clicked on

2018-09-05 18:13:20 - [MESSAGE][PASSED] - Object: 'Object Repository/Dashboard_Link Generator/copyLink' is clicked on

2018-09-05 18:13:20 - [TEST_STEP][PASSED] - Statement - If (com.kms.katalon.core.webui.keyword.WebUiBuiltInKeywords.verifyElementPresent(com.kms.katalon.core.testobject.ObjectRepository.findTestObject(Dashboard_Link Generator/validation), 5, OPTIONAL)): null

2018-09-05 18:13:20 - [MESSAGE][PASSED] - Object 'Object Repository/Dashboard_Link Generator/validation' is present

2018-09-05 18:13:20 - [TEST_STEP][PASSED] - Statement - validationMessage = com.kms.katalon.core.webui.keyword.WebUiBuiltInKeywords.getText(com.kms.katalon.core.testobject.ObjectRepository.findTestObject(Dashboard_Link Generator/validation)): Text of object 'Object Repository/Dashboard_Link Generator/validation' is: 'Link Copied.!'

2018-09-05 18:13:20 - [MESSAGE][PASSED] - Text of object 'Object Repository/Dashboard_Link Generator/validation' is: 'Link Copied.!'

2018-09-05 18:13:20 - [TEST_STEP][PASSED] - verifyMatch: Actual text 'Link Copied.!' and expected text 'Link Copied.!' are matched 

2018-09-05 18:13:20 - [MESSAGE][PASSED] - Actual text 'Link Copied.!' and expected text 'Link Copied.!' are matched 

2018-09-05 18:13:20 - [TEST_STEP][PASSED] - Statement - println("successful"): null

2018-09-05 18:13:20 - [TEST_STEP][PASSED] - Statement - linkUserName = driver.findElements(org.openqa.selenium.By.className("text-link-log")): null

2018-09-05 18:13:20 - [TEST_STEP][PASSED] - Statement - previousCountValue = 0: null

2018-09-05 18:13:20 - [TEST_STEP][PASSED] - Statement - For ([i = 0, i < linkUserName.size(), (i++)]): null

2018-09-05 18:13:20 - [TEST_STEP][PASSED] - Statement - out.println("Admin Console: " + linkUserName.get(i).getText()): null

2018-09-05 18:13:20 - [TEST_STEP][PASSED] - Statement - linkLogmembername = linkUserName.get(i).getText(): null

2018-09-05 18:13:20 - [TEST_STEP][PASSED] - Statement - out.println("new Admin :" + linkLogmembername): null

2018-09-05 18:13:20 - [TEST_STEP][PASSED] - Statement - If (linkLogmembername.equals(teamMeberName)): null

2018-09-05 18:13:20 - [TEST_STEP][PASSED] - Statement - out.println("Admin Console: " + linkUserName.get(i).getText()): null

2018-09-05 18:13:20 - [TEST_STEP][PASSED] - Statement - linkLogmembername = linkUserName.get(i).getText(): null

2018-09-05 18:13:20 - [TEST_STEP][PASSED] - Statement - out.println("new Admin :" + linkLogmembername): null

2018-09-05 18:13:20 - [TEST_STEP][PASSED] - Statement - If (linkLogmembername.equals(teamMeberName)): null

2018-09-05 18:13:20 - [TEST_STEP][PASSED] - Statement - out.println("Admin Console: " + linkUserName.get(i).getText()): null

2018-09-05 18:13:20 - [TEST_STEP][PASSED] - Statement - linkLogmembername = linkUserName.get(i).getText(): null

2018-09-05 18:13:20 - [TEST_STEP][PASSED] - Statement - out.println("new Admin :" + linkLogmembername): null

2018-09-05 18:13:20 - [TEST_STEP][PASSED] - Statement - If (linkLogmembername.equals(teamMeberName)): null

2018-09-05 18:13:20 - [TEST_STEP][PASSED] - Statement - out.println("Admin Console: " + linkUserName.get(i).getText()): null

2018-09-05 18:13:20 - [TEST_STEP][PASSED] - Statement - linkLogmembername = linkUserName.get(i).getText(): null

2018-09-05 18:13:20 - [TEST_STEP][PASSED] - Statement - out.println("new Admin :" + linkLogmembername): null

2018-09-05 18:13:20 - [TEST_STEP][PASSED] - Statement - If (linkLogmembername.equals(teamMeberName)): null

2018-09-05 18:13:20 - [TEST_STEP][PASSED] - Statement - out.println("Admin Console: " + linkUserName.get(i).getText()): null

2018-09-05 18:13:20 - [TEST_STEP][PASSED] - Statement - linkLogmembername = linkUserName.get(i).getText(): null

2018-09-05 18:13:20 - [TEST_STEP][PASSED] - Statement - out.println("new Admin :" + linkLogmembername): null

2018-09-05 18:13:20 - [TEST_STEP][PASSED] - Statement - If (linkLogmembername.equals(teamMeberName)): null

2018-09-05 18:13:20 - [TEST_STEP][PASSED] - Statement - out.println("Admin Console: " + linkUserName.get(i).getText()): null

2018-09-05 18:13:20 - [TEST_STEP][PASSED] - Statement - linkLogmembername = linkUserName.get(i).getText(): null

2018-09-05 18:13:20 - [TEST_STEP][PASSED] - Statement - out.println("new Admin :" + linkLogmembername): null

2018-09-05 18:13:20 - [TEST_STEP][PASSED] - Statement - If (linkLogmembername.equals(teamMeberName)): null

2018-09-05 18:13:20 - [TEST_STEP][PASSED] - Statement - out.println("Admin Console: " + linkUserName.get(i).getText()): null

2018-09-05 18:13:20 - [TEST_STEP][PASSED] - Statement - linkLogmembername = linkUserName.get(i).getText(): null

2018-09-05 18:13:20 - [TEST_STEP][PASSED] - Statement - out.println("new Admin :" + linkLogmembername): null

2018-09-05 18:13:20 - [TEST_STEP][PASSED] - Statement - If (linkLogmembername.equals(teamMeberName)): null

2018-09-05 18:13:20 - [TEST_STEP][PASSED] - Statement - out.println("Admin Console: " + linkUserName.get(i).getText()): null

2018-09-05 18:13:21 - [TEST_STEP][PASSED] - Statement - linkLogmembername = linkUserName.get(i).getText(): null

2018-09-05 18:13:21 - [TEST_STEP][PASSED] - Statement - out.println("new Admin :" + linkLogmembername): null

2018-09-05 18:13:21 - [TEST_STEP][PASSED] - Statement - If (linkLogmembername.equals(teamMeberName)): null

2018-09-05 18:13:21 - [TEST_STEP][PASSED] - Statement - out.println("Admin Console: " + linkLogmembername): null

2018-09-05 18:13:21 - [TEST_STEP][PASSED] - Statement - linkUserName.get(i).click(): null

2018-09-05 18:13:21 - [TEST_STEP][PASSED] - Statement - out.println("Admin Console: " + linkUserName.get(i).getText()): null

2018-09-05 18:13:21 - [TEST_STEP][PASSED] - Statement - linkLogmembername = linkUserName.get(i).getText(): null

2018-09-05 18:13:21 - [TEST_STEP][PASSED] - Statement - out.println("new Admin :" + linkLogmembername): null

2018-09-05 18:13:21 - [TEST_STEP][PASSED] - Statement - If (linkLogmembername.equals(teamMeberName)): null

2018-09-05 18:13:21 - [TEST_STEP][PASSED] - Statement - out.println("Admin Console: " + linkUserName.get(i).getText()): null

2018-09-05 18:13:21 - [TEST_STEP][PASSED] - Statement - linkLogmembername = linkUserName.get(i).getText(): null

2018-09-05 18:13:21 - [TEST_STEP][PASSED] - Statement - out.println("new Admin :" + linkLogmembername): null

2018-09-05 18:13:21 - [TEST_STEP][PASSED] - Statement - If (linkLogmembername.equals(teamMeberName)): null

2018-09-05 18:13:21 - [TEST_STEP][PASSED] - Statement - out.println("Admin Console: " + linkUserName.get(i).getText()): null

2018-09-05 18:13:21 - [TEST_STEP][PASSED] - Statement - linkLogmembername = linkUserName.get(i).getText(): null

2018-09-05 18:13:21 - [TEST_STEP][PASSED] - Statement - out.println("new Admin :" + linkLogmembername): null

2018-09-05 18:13:21 - [TEST_STEP][PASSED] - Statement - If (linkLogmembername.equals(teamMeberName)): null

2018-09-05 18:13:21 - [TEST_STEP][PASSED] - Statement - out.println("Admin Console: " + linkUserName.get(i).getText()): null

2018-09-05 18:13:21 - [TEST_STEP][PASSED] - Statement - linkLogmembername = linkUserName.get(i).getText(): null

2018-09-05 18:13:21 - [TEST_STEP][PASSED] - Statement - out.println("new Admin :" + linkLogmembername): null

2018-09-05 18:13:21 - [TEST_STEP][PASSED] - Statement - If (linkLogmembername.equals(teamMeberName)): null

2018-09-05 18:13:21 - [TEST_STEP][PASSED] - Statement - out.println("Admin Console: " + linkUserName.get(i).getText()): null

2018-09-05 18:13:21 - [TEST_STEP][PASSED] - Statement - linkLogmembername = linkUserName.get(i).getText(): null

2018-09-05 18:13:22 - [TEST_STEP][PASSED] - Statement - out.println("new Admin :" + linkLogmembername): null

2018-09-05 18:13:22 - [TEST_STEP][PASSED] - Statement - If (linkLogmembername.equals(teamMeberName)): null

2018-09-05 18:13:22 - [TEST_STEP][PASSED] - Statement - out.println("Admin Console: " + linkUserName.get(i).getText()): null

2018-09-05 18:13:22 - [TEST_STEP][PASSED] - Statement - linkLogmembername = linkUserName.get(i).getText(): null

2018-09-05 18:13:22 - [TEST_STEP][PASSED] - Statement - out.println("new Admin :" + linkLogmembername): null

2018-09-05 18:13:22 - [TEST_STEP][PASSED] - Statement - If (linkLogmembername.equals(teamMeberName)): null

2018-09-05 18:13:22 - [TEST_STEP][PASSED] - Statement - out.println("Admin Console: " + linkUserName.get(i).getText()): null

2018-09-05 18:13:22 - [TEST_STEP][PASSED] - Statement - linkLogmembername = linkUserName.get(i).getText(): null

2018-09-05 18:13:22 - [TEST_STEP][PASSED] - Statement - out.println("new Admin :" + linkLogmembername): null

2018-09-05 18:13:22 - [TEST_STEP][PASSED] - Statement - If (linkLogmembername.equals(teamMeberName)): null

2018-09-05 18:13:22 - [TEST_STEP][PASSED] - Statement - out.println("Admin Console: " + linkUserName.get(i).getText()): null

2018-09-05 18:13:22 - [TEST_STEP][PASSED] - Statement - linkLogmembername = linkUserName.get(i).getText(): null

2018-09-05 18:13:22 - [TEST_STEP][PASSED] - Statement - out.println("new Admin :" + linkLogmembername): null

2018-09-05 18:13:22 - [TEST_STEP][PASSED] - Statement - If (linkLogmembername.equals(teamMeberName)): null

2018-09-05 18:13:22 - [TEST_STEP][PASSED] - Statement - out.println("Admin Console: " + linkUserName.get(i).getText()): null

2018-09-05 18:13:22 - [TEST_STEP][PASSED] - Statement - linkLogmembername = linkUserName.get(i).getText(): null

2018-09-05 18:13:22 - [TEST_STEP][PASSED] - Statement - out.println("new Admin :" + linkLogmembername): null

2018-09-05 18:13:22 - [TEST_STEP][PASSED] - Statement - If (linkLogmembername.equals(teamMeberName)): null

2018-09-05 18:13:22 - [TEST_STEP][PASSED] - Statement - out.println("Admin Console: " + linkUserName.get(i).getText()): null

2018-09-05 18:13:22 - [TEST_STEP][PASSED] - Statement - linkLogmembername = linkUserName.get(i).getText(): null

2018-09-05 18:13:22 - [TEST_STEP][PASSED] - Statement - out.println("new Admin :" + linkLogmembername): null

2018-09-05 18:13:22 - [TEST_STEP][PASSED] - Statement - If (linkLogmembername.equals(teamMeberName)): null

2018-09-05 18:13:22 - [TEST_STEP][PASSED] - Statement - out.println("Admin Console: " + linkUserName.get(i).getText()): null

2018-09-05 18:13:22 - [TEST_STEP][PASSED] - Statement - linkLogmembername = linkUserName.get(i).getText(): null

2018-09-05 18:13:22 - [TEST_STEP][PASSED] - Statement - out.println("new Admin :" + linkLogmembername): null

2018-09-05 18:13:22 - [TEST_STEP][PASSED] - Statement - If (linkLogmembername.equals(teamMeberName)): null

2018-09-05 18:13:22 - [TEST_STEP][PASSED] - Statement - out.println("Admin Console: " + linkUserName.get(i).getText()): null

2018-09-05 18:13:22 - [TEST_STEP][PASSED] - Statement - linkLogmembername = linkUserName.get(i).getText(): null

2018-09-05 18:13:22 - [TEST_STEP][PASSED] - Statement - out.println("new Admin :" + linkLogmembername): null

2018-09-05 18:13:22 - [TEST_STEP][PASSED] - Statement - If (linkLogmembername.equals(teamMeberName)): null

2018-09-05 18:13:22 - [TEST_STEP][PASSED] - Statement - out.println("Admin Console: " + linkUserName.get(i).getText()): null

2018-09-05 18:13:22 - [TEST_STEP][PASSED] - Statement - linkLogmembername = linkUserName.get(i).getText(): null

2018-09-05 18:13:22 - [TEST_STEP][PASSED] - Statement - out.println("new Admin :" + linkLogmembername): null

2018-09-05 18:13:22 - [TEST_STEP][PASSED] - Statement - If (linkLogmembername.equals(teamMeberName)): null

2018-09-05 18:13:22 - [TEST_STEP][PASSED] - Statement - out.println("Admin Console: " + linkUserName.get(i).getText()): null

2018-09-05 18:13:22 - [TEST_STEP][PASSED] - Statement - linkLogmembername = linkUserName.get(i).getText(): null

2018-09-05 18:13:22 - [TEST_STEP][PASSED] - Statement - out.println("new Admin :" + linkLogmembername): null

2018-09-05 18:13:22 - [TEST_STEP][PASSED] - Statement - If (linkLogmembername.equals(teamMeberName)): null

2018-09-05 18:13:22 - [TEST_STEP][PASSED] - Statement - out.println("Admin Console: " + linkUserName.get(i).getText()): null

2018-09-05 18:13:22 - [TEST_STEP][PASSED] - Statement - linkLogmembername = linkUserName.get(i).getText(): null

2018-09-05 18:13:22 - [TEST_STEP][PASSED] - Statement - out.println("new Admin :" + linkLogmembername): null

2018-09-05 18:13:22 - [TEST_STEP][PASSED] - Statement - If (linkLogmembername.equals(teamMeberName)): null

2018-09-05 18:13:22 - [TEST_STEP][PASSED] - Statement - out.println("Admin Console: " + linkUserName.get(i).getText()): null

2018-09-05 18:13:22 - [TEST_STEP][PASSED] - Statement - linkLogmembername = linkUserName.get(i).getText(): null

2018-09-05 18:13:22 - [TEST_STEP][PASSED] - Statement - out.println("new Admin :" + linkLogmembername): null

2018-09-05 18:13:22 - [TEST_STEP][PASSED] - Statement - If (linkLogmembername.equals(teamMeberName)): null

2018-09-05 18:13:22 - [TEST_STEP][PASSED] - Statement - out.println("Admin Console: " + linkUserName.get(i).getText()): null

2018-09-05 18:13:22 - [TEST_STEP][PASSED] - Statement - linkLogmembername = linkUserName.get(i).getText(): null

2018-09-05 18:13:22 - [TEST_STEP][PASSED] - Statement - out.println("new Admin :" + linkLogmembername): null

2018-09-05 18:13:22 - [TEST_STEP][PASSED] - Statement - If (linkLogmembername.equals(teamMeberName)): null

2018-09-05 18:13:22 - [TEST_STEP][PASSED] - Statement - out.println("Admin Console: " + linkUserName.get(i).getText()): null

2018-09-05 18:13:22 - [TEST_STEP][PASSED] - Statement - linkLogmembername = linkUserName.get(i).getText(): null

2018-09-05 18:13:22 - [TEST_STEP][PASSED] - Statement - out.println("new Admin :" + linkLogmembername): null

2018-09-05 18:13:22 - [TEST_STEP][PASSED] - Statement - If (linkLogmembername.equals(teamMeberName)): null

2018-09-05 18:13:22 - [TEST_STEP][PASSED] - Statement - out.println("Admin Console: " + linkUserName.get(i).getText()): null

2018-09-05 18:13:23 - [TEST_STEP][PASSED] - Statement - linkLogmembername = linkUserName.get(i).getText(): null

2018-09-05 18:13:23 - [TEST_STEP][PASSED] - Statement - out.println("new Admin :" + linkLogmembername): null

2018-09-05 18:13:23 - [TEST_STEP][PASSED] - Statement - If (linkLogmembername.equals(teamMeberName)): null

2018-09-05 18:13:23 - [TEST_STEP][PASSED] - Statement - out.println("Admin Console: " + linkUserName.get(i).getText()): null

2018-09-05 18:13:23 - [TEST_STEP][PASSED] - Statement - linkLogmembername = linkUserName.get(i).getText(): null

2018-09-05 18:13:23 - [TEST_STEP][PASSED] - Statement - out.println("new Admin :" + linkLogmembername): null

2018-09-05 18:13:23 - [TEST_STEP][PASSED] - Statement - If (linkLogmembername.equals(teamMeberName)): null

2018-09-05 18:13:23 - [TEST_STEP][PASSED] - Statement - out.println("Admin Console: " + linkUserName.get(i).getText()): null

2018-09-05 18:13:23 - [TEST_STEP][PASSED] - Statement - linkLogmembername = linkUserName.get(i).getText(): null

2018-09-05 18:13:23 - [TEST_STEP][PASSED] - Statement - out.println("new Admin :" + linkLogmembername): null

2018-09-05 18:13:23 - [TEST_STEP][PASSED] - Statement - If (linkLogmembername.equals(teamMeberName)): null

2018-09-05 18:13:23 - [TEST_STEP][PASSED] - Statement - out.println("Admin Console: " + linkUserName.get(i).getText()): null

2018-09-05 18:13:23 - [TEST_STEP][PASSED] - Statement - linkLogmembername = linkUserName.get(i).getText(): null

2018-09-05 18:13:23 - [TEST_STEP][PASSED] - Statement - out.println("new Admin :" + linkLogmembername): null

2018-09-05 18:13:23 - [TEST_STEP][PASSED] - Statement - If (linkLogmembername.equals(teamMeberName)): null

2018-09-05 18:13:23 - [TEST_STEP][PASSED] - Statement - out.println("Admin Console: " + linkUserName.get(i).getText()): null

2018-09-05 18:13:23 - [TEST_STEP][PASSED] - Statement - linkLogmembername = linkUserName.get(i).getText(): null

2018-09-05 18:13:23 - [TEST_STEP][PASSED] - Statement - out.println("new Admin :" + linkLogmembername): null

2018-09-05 18:13:23 - [TEST_STEP][PASSED] - Statement - If (linkLogmembername.equals(teamMeberName)): null

2018-09-05 18:13:23 - [TEST_STEP][PASSED] - Statement - out.println("Admin Console: " + linkUserName.get(i).getText()): null

2018-09-05 18:13:23 - [TEST_STEP][PASSED] - Statement - linkLogmembername = linkUserName.get(i).getText(): null

2018-09-05 18:13:23 - [TEST_STEP][PASSED] - Statement - out.println("new Admin :" + linkLogmembername): null

2018-09-05 18:13:23 - [TEST_STEP][PASSED] - Statement - If (linkLogmembername.equals(teamMeberName)): null

2018-09-05 18:13:23 - [TEST_STEP][PASSED] - Statement - out.println("Admin Console: " + linkUserName.get(i).getText()): null

2018-09-05 18:13:23 - [TEST_STEP][PASSED] - Statement - linkLogmembername = linkUserName.get(i).getText(): null

2018-09-05 18:13:23 - [TEST_STEP][PASSED] - Statement - out.println("new Admin :" + linkLogmembername): null

2018-09-05 18:13:23 - [TEST_STEP][PASSED] - Statement - If (linkLogmembername.equals(teamMeberName)): null

2018-09-05 18:13:23 - [TEST_STEP][PASSED] - Statement - out.println("Admin Console: " + linkUserName.get(i).getText()): null

2018-09-05 18:13:23 - [TEST_STEP][PASSED] - Statement - linkLogmembername = linkUserName.get(i).getText(): null

2018-09-05 18:13:23 - [TEST_STEP][PASSED] - Statement - out.println("new Admin :" + linkLogmembername): null

2018-09-05 18:13:23 - [TEST_STEP][PASSED] - Statement - If (linkLogmembername.equals(teamMeberName)): null

2018-09-05 18:13:23 - [TEST_STEP][PASSED] - Statement - out.println("Admin Console: " + linkUserName.get(i).getText()): null

2018-09-05 18:13:23 - [TEST_STEP][PASSED] - Statement - linkLogmembername = linkUserName.get(i).getText(): null

2018-09-05 18:13:23 - [TEST_STEP][PASSED] - Statement - out.println("new Admin :" + linkLogmembername): null

2018-09-05 18:13:23 - [TEST_STEP][PASSED] - Statement - If (linkLogmembername.equals(teamMeberName)): null

2018-09-05 18:13:23 - [TEST_STEP][PASSED] - Statement - out.println("Admin Console: " + linkUserName.get(i).getText()): null

2018-09-05 18:13:23 - [TEST_STEP][PASSED] - Statement - linkLogmembername = linkUserName.get(i).getText(): null

2018-09-05 18:13:23 - [TEST_STEP][PASSED] - Statement - out.println("new Admin :" + linkLogmembername): null

2018-09-05 18:13:23 - [TEST_STEP][PASSED] - Statement - If (linkLogmembername.equals(teamMeberName)): null

2018-09-05 18:13:23 - [TEST_STEP][PASSED] - Statement - out.println("Admin Console: " + linkUserName.get(i).getText()): null

2018-09-05 18:13:23 - [TEST_STEP][PASSED] - Statement - linkLogmembername = linkUserName.get(i).getText(): null

2018-09-05 18:13:23 - [TEST_STEP][PASSED] - Statement - out.println("new Admin :" + linkLogmembername): null

2018-09-05 18:13:23 - [TEST_STEP][PASSED] - Statement - If (linkLogmembername.equals(teamMeberName)): null

2018-09-05 18:13:23 - [TEST_STEP][PASSED] - Statement - out.println("Admin Console: " + linkUserName.get(i).getText()): null

2018-09-05 18:13:23 - [TEST_STEP][PASSED] - Statement - linkLogmembername = linkUserName.get(i).getText(): null

2018-09-05 18:13:23 - [TEST_STEP][PASSED] - Statement - out.println("new Admin :" + linkLogmembername): null

2018-09-05 18:13:23 - [TEST_STEP][PASSED] - Statement - If (linkLogmembername.equals(teamMeberName)): null

2018-09-05 18:13:23 - [TEST_STEP][PASSED] - Statement - out.println("Admin Console: " + linkUserName.get(i).getText()): null

2018-09-05 18:13:23 - [TEST_STEP][PASSED] - Statement - linkLogmembername = linkUserName.get(i).getText(): null

2018-09-05 18:13:23 - [TEST_STEP][PASSED] - Statement - out.println("new Admin :" + linkLogmembername): null

2018-09-05 18:13:23 - [TEST_STEP][PASSED] - Statement - If (linkLogmembername.equals(teamMeberName)): null

2018-09-05 18:13:23 - [TEST_STEP][PASSED] - Statement - out.println("Admin Console: " + linkUserName.get(i).getText()): null

2018-09-05 18:13:24 - [TEST_STEP][PASSED] - Statement - linkLogmembername = linkUserName.get(i).getText(): null

2018-09-05 18:13:24 - [TEST_STEP][PASSED] - Statement - out.println("new Admin :" + linkLogmembername): null

2018-09-05 18:13:24 - [TEST_STEP][PASSED] - Statement - If (linkLogmembername.equals(teamMeberName)): null

2018-09-05 18:13:24 - [TEST_STEP][PASSED] - Statement - out.println("Admin Console: " + linkUserName.get(i).getText()): null

2018-09-05 18:13:24 - [TEST_STEP][PASSED] - Statement - linkLogmembername = linkUserName.get(i).getText(): null

2018-09-05 18:13:24 - [TEST_STEP][PASSED] - Statement - out.println("new Admin :" + linkLogmembername): null

2018-09-05 18:13:24 - [TEST_STEP][PASSED] - Statement - If (linkLogmembername.equals(teamMeberName)): null

2018-09-05 18:13:24 - [TEST_STEP][PASSED] - Statement - out.println("Admin Console: " + linkUserName.get(i).getText()): null

2018-09-05 18:13:24 - [TEST_STEP][PASSED] - Statement - linkLogmembername = linkUserName.get(i).getText(): null

2018-09-05 18:13:24 - [TEST_STEP][PASSED] - Statement - out.println("new Admin :" + linkLogmembername): null

2018-09-05 18:13:24 - [TEST_STEP][PASSED] - Statement - If (linkLogmembername.equals(teamMeberName)): null

2018-09-05 18:13:24 - [TEST_STEP][PASSED] - Statement - out.println("Admin Console: " + linkUserName.get(i).getText()): null

2018-09-05 18:13:24 - [TEST_STEP][PASSED] - Statement - linkLogmembername = linkUserName.get(i).getText(): null

2018-09-05 18:13:24 - [TEST_STEP][PASSED] - Statement - out.println("new Admin :" + linkLogmembername): null

2018-09-05 18:13:24 - [TEST_STEP][PASSED] - Statement - If (linkLogmembername.equals(teamMeberName)): null

2018-09-05 18:13:24 - [TEST_STEP][PASSED] - Statement - out.println("Admin Console: " + linkUserName.get(i).getText()): null

2018-09-05 18:13:24 - [TEST_STEP][PASSED] - Statement - linkLogmembername = linkUserName.get(i).getText(): null

2018-09-05 18:13:24 - [TEST_STEP][PASSED] - Statement - out.println("new Admin :" + linkLogmembername): null

2018-09-05 18:13:24 - [TEST_STEP][PASSED] - Statement - If (linkLogmembername.equals(teamMeberName)): null

2018-09-05 18:13:24 - [TEST_STEP][PASSED] - Statement - out.println("Admin Console: " + linkUserName.get(i).getText()): null

2018-09-05 18:13:24 - [TEST_STEP][PASSED] - Statement - linkLogmembername = linkUserName.get(i).getText(): null

2018-09-05 18:13:24 - [TEST_STEP][PASSED] - Statement - out.println("new Admin :" + linkLogmembername): null

2018-09-05 18:13:24 - [TEST_STEP][PASSED] - Statement - If (linkLogmembername.equals(teamMeberName)): null

2018-09-05 18:13:24 - [TEST_STEP][PASSED] - Statement - out.println("Admin Console: " + linkUserName.get(i).getText()): null

2018-09-05 18:13:24 - [TEST_STEP][PASSED] - Statement - linkLogmembername = linkUserName.get(i).getText(): null

2018-09-05 18:13:24 - [TEST_STEP][PASSED] - Statement - out.println("new Admin :" + linkLogmembername): null

2018-09-05 18:13:24 - [TEST_STEP][PASSED] - Statement - If (linkLogmembername.equals(teamMeberName)): null

2018-09-05 18:13:24 - [TEST_STEP][PASSED] - Statement - out.println("Admin Console: " + linkUserName.get(i).getText()): null

2018-09-05 18:13:24 - [TEST_STEP][PASSED] - Statement - linkLogmembername = linkUserName.get(i).getText(): null

2018-09-05 18:13:24 - [TEST_STEP][PASSED] - Statement - out.println("new Admin :" + linkLogmembername): null

2018-09-05 18:13:24 - [TEST_STEP][PASSED] - Statement - If (linkLogmembername.equals(teamMeberName)): null

2018-09-05 18:13:24 - [TEST_STEP][PASSED] - Statement - out.println("Admin Console: " + linkUserName.get(i).getText()): null

2018-09-05 18:13:24 - [TEST_STEP][PASSED] - Statement - linkLogmembername = linkUserName.get(i).getText(): null

2018-09-05 18:13:24 - [TEST_STEP][PASSED] - Statement - out.println("new Admin :" + linkLogmembername): null

2018-09-05 18:13:24 - [TEST_STEP][PASSED] - Statement - If (linkLogmembername.equals(teamMeberName)): null

2018-09-05 18:13:24 - [TEST_STEP][PASSED] - Statement - out.println("Admin Console: " + linkUserName.get(i).getText()): null

2018-09-05 18:13:24 - [TEST_STEP][PASSED] - Statement - linkLogmembername = linkUserName.get(i).getText(): null

2018-09-05 18:13:24 - [TEST_STEP][PASSED] - Statement - out.println("new Admin :" + linkLogmembername): null

2018-09-05 18:13:24 - [TEST_STEP][PASSED] - Statement - If (linkLogmembername.equals(teamMeberName)): null

2018-09-05 18:13:24 - [TEST_STEP][PASSED] - Statement - out.println("Admin Console: " + linkUserName.get(i).getText()): null

2018-09-05 18:13:24 - [TEST_STEP][PASSED] - Statement - linkLogmembername = linkUserName.get(i).getText(): null

2018-09-05 18:13:24 - [TEST_STEP][PASSED] - Statement - out.println("new Admin :" + linkLogmembername): null

2018-09-05 18:13:24 - [TEST_STEP][PASSED] - Statement - If (linkLogmembername.equals(teamMeberName)): null

2018-09-05 18:13:24 - [TEST_STEP][PASSED] - Statement - out.println("Admin Console: " + linkUserName.get(i).getText()): null

2018-09-05 18:13:24 - [TEST_STEP][PASSED] - Statement - linkLogmembername = linkUserName.get(i).getText(): null

2018-09-05 18:13:24 - [TEST_STEP][PASSED] - Statement - out.println("new Admin :" + linkLogmembername): null

2018-09-05 18:13:24 - [TEST_STEP][PASSED] - Statement - If (linkLogmembername.equals(teamMeberName)): null

2018-09-05 18:13:24 - [TEST_STEP][PASSED] - Statement - out.println("Admin Console: " + linkUserName.get(i).getText()): null

2018-09-05 18:13:24 - [TEST_STEP][PASSED] - Statement - linkLogmembername = linkUserName.get(i).getText(): null

2018-09-05 18:13:24 - [TEST_STEP][PASSED] - Statement - out.println("new Admin :" + linkLogmembername): null

2018-09-05 18:13:24 - [TEST_STEP][PASSED] - Statement - If (linkLogmembername.equals(teamMeberName)): null

2018-09-05 18:13:24 - [TEST_STEP][PASSED] - Statement - out.println("Admin Console: " + linkUserName.get(i).getText()): null

2018-09-05 18:13:24 - [TEST_STEP][PASSED] - Statement - linkLogmembername = linkUserName.get(i).getText(): null

2018-09-05 18:13:24 - [TEST_STEP][PASSED] - Statement - out.println("new Admin :" + linkLogmembername): null

2018-09-05 18:13:24 - [TEST_STEP][PASSED] - Statement - If (linkLogmembername.equals(teamMeberName)): null

2018-09-05 18:13:24 - [TEST_STEP][PASSED] - Statement - out.println("Admin Console: " + linkUserName.get(i).getText()): null

2018-09-05 18:13:25 - [TEST_STEP][PASSED] - Statement - linkLogmembername = linkUserName.get(i).getText(): null

2018-09-05 18:13:25 - [TEST_STEP][PASSED] - Statement - out.println("new Admin :" + linkLogmembername): null

2018-09-05 18:13:25 - [TEST_STEP][PASSED] - Statement - If (linkLogmembername.equals(teamMeberName)): null

2018-09-05 18:13:25 - [TEST_STEP][PASSED] - Statement - out.println("Admin Console: " + linkUserName.get(i).getText()): null

2018-09-05 18:13:25 - [TEST_STEP][PASSED] - Statement - linkLogmembername = linkUserName.get(i).getText(): null

2018-09-05 18:13:25 - [TEST_STEP][PASSED] - Statement - out.println("new Admin :" + linkLogmembername): null

2018-09-05 18:13:25 - [TEST_STEP][PASSED] - Statement - If (linkLogmembername.equals(teamMeberName)): null

2018-09-05 18:13:25 - [TEST_STEP][PASSED] - Statement - out.println("Admin Console: " + linkUserName.get(i).getText()): null

2018-09-05 18:13:25 - [TEST_STEP][PASSED] - Statement - linkLogmembername = linkUserName.get(i).getText(): null

2018-09-05 18:13:25 - [TEST_STEP][PASSED] - Statement - out.println("new Admin :" + linkLogmembername): null

2018-09-05 18:13:25 - [TEST_STEP][PASSED] - Statement - If (linkLogmembername.equals(teamMeberName)): null

2018-09-05 18:13:25 - [TEST_STEP][PASSED] - Statement - out.println("Admin Console: " + linkUserName.get(i).getText()): null

2018-09-05 18:13:25 - [TEST_STEP][PASSED] - Statement - linkLogmembername = linkUserName.get(i).getText(): null

2018-09-05 18:13:25 - [TEST_STEP][PASSED] - Statement - out.println("new Admin :" + linkLogmembername): null

2018-09-05 18:13:25 - [TEST_STEP][PASSED] - Statement - If (linkLogmembername.equals(teamMeberName)): null

2018-09-05 18:13:25 - [TEST_STEP][PASSED] - Statement - If (com.kms.katalon.core.webui.keyword.WebUiBuiltInKeywords.verifyElementPresent(com.kms.katalon.core.testobject.ObjectRepository.findTestObject(Object Repository/linkLog/customerProfileDetails), 5, OPTIONAL)): null

2018-09-05 18:13:25 - [MESSAGE][PASSED] - Object 'Object Repository/linkLog/customerProfileDetails' is present

2018-09-05 18:13:25 - [TEST_STEP][PASSED] - Statement - println("open link log successful"): null

2018-09-05 18:13:25 - [TEST_STEP][PASSED] - click: Object: 'Object Repository/linkLog/editButton' is clicked on

2018-09-05 18:13:25 - [MESSAGE][PASSED] - Object: 'Object Repository/linkLog/editButton' is clicked on

2018-09-05 18:13:25 - [TEST_STEP][PASSED] - Statement - number = CustomKeywords.phoneNumbers.contactNumbers.randomString(9): phoneNumbers.contactNumbers.randomString is PASSED

2018-09-05 18:13:25 - [MESSAGE][PASSED] - phoneNumbers.contactNumbers.randomString is PASSED

2018-09-05 18:13:25 - [TEST_STEP][PASSED] - Statement - Mobile_Number = number: null

2018-09-05 18:13:25 - [TEST_STEP][PASSED] - setText: Text '3569855631' is set on object 'Object Repository/customerDetailsEdit/enterNumber'

2018-09-05 18:13:25 - [MESSAGE][PASSED] - Text '3569855631' is set on object 'Object Repository/customerDetailsEdit/enterNumber'

2018-09-05 18:13:25 - [TEST_STEP][PASSED] - click: Object: 'Object Repository/customerDetailsEdit/saveButtonObject' is clicked on

2018-09-05 18:13:26 - [MESSAGE][PASSED] - Object: 'Object Repository/customerDetailsEdit/saveButtonObject' is clicked on

2018-09-05 18:13:26 - [TEST_STEP][PASSED] - Statement - If (com.kms.katalon.core.webui.keyword.WebUiBuiltInKeywords.verifyElementPresent(com.kms.katalon.core.testobject.ObjectRepository.findTestObject(Dashboard_Link Generator/validation), 5)): null

2018-09-05 18:13:26 - [MESSAGE][PASSED] - Object 'Object Repository/Dashboard_Link Generator/validation' is present

2018-09-05 18:13:26 - [TEST_STEP][PASSED] - Statement - validationMessage = com.kms.katalon.core.webui.keyword.WebUiBuiltInKeywords.getText(com.kms.katalon.core.testobject.ObjectRepository.findTestObject(Dashboard_Link Generator/validation)): Text of object 'Object Repository/Dashboard_Link Generator/validation' is: 'Please select country code'

2018-09-05 18:13:26 - [MESSAGE][PASSED] - Text of object 'Object Repository/Dashboard_Link Generator/validation' is: 'Please select country code'

2018-09-05 18:13:26 - [TEST_STEP][PASSED] - verifyMatch: Actual text 'Please select country code' and expected text 'Please select country code' are matched 

2018-09-05 18:13:26 - [MESSAGE][PASSED] - Actual text 'Please select country code' and expected text 'Please select country code' are matched 

2018-09-05 18:13:26 - [TEST_STEP][PASSED] - Statement - println("successful"): null

2018-09-05 18:13:26 - [TEST_STEP][PASSED] - delay: Delayed 15 second(s)

2018-09-05 18:13:41 - [MESSAGE][PASSED] - Delayed 15 second(s)

2018-09-05 18:13:41 - [TEST_STEP][PASSED] - selectOptionByIndex: All options with index in [0] are selected on object 'Object Repository/customerDetailsEdit/countryCode'

2018-09-05 18:13:41 - [MESSAGE][PASSED] - All options with index in [0] are selected on object 'Object Repository/customerDetailsEdit/countryCode'

2018-09-05 18:13:41 - [TEST_STEP][PASSED] - click: Object: 'Object Repository/customerDetailsEdit/saveButtonObject' is clicked on

2018-09-05 18:13:41 - [MESSAGE][PASSED] - Object: 'Object Repository/customerDetailsEdit/saveButtonObject' is clicked on

2018-09-05 18:13:41 - [TEST_STEP][PASSED] - Statement - If (com.kms.katalon.core.webui.keyword.WebUiBuiltInKeywords.verifyElementPresent(com.kms.katalon.core.testobject.ObjectRepository.findTestObject(Dashboard_Link Generator/validation), 5)): null

2018-09-05 18:13:43 - [MESSAGE][PASSED] - Object 'Object Repository/Dashboard_Link Generator/validation' is present

2018-09-05 18:13:43 - [TEST_STEP][PASSED] - Statement - validationMessage = com.kms.katalon.core.webui.keyword.WebUiBuiltInKeywords.getText(com.kms.katalon.core.testobject.ObjectRepository.findTestObject(Dashboard_Link Generator/validation)): Text of object 'Object Repository/Dashboard_Link Generator/validation' is: 'Details Updated, Please refresh logs for updated details'

2018-09-05 18:13:43 - [MESSAGE][PASSED] - Text of object 'Object Repository/Dashboard_Link Generator/validation' is: 'Details Updated, Please refresh logs for updated details'

2018-09-05 18:13:43 - [TEST_STEP][PASSED] - verifyMatch: Actual text 'Details Updated, Please refresh logs for updated details' and expected text 'Details Updated, Please refresh logs for updated details' are matched 

2018-09-05 18:13:43 - [MESSAGE][PASSED] - Actual text 'Details Updated, Please refresh logs for updated details' and expected text 'Details Updated, Please refresh logs for updated details' are matched 

2018-09-05 18:13:43 - [TEST_STEP][PASSED] - Statement - println("successful"): null

2018-09-05 18:13:43 - [TEST_STEP][PASSED] - clickOffset: Object: 'Object Repository/customerDetailsEdit/customerDetailScreen' is clicked on using offset x=100 and y=200

2018-09-05 18:13:43 - [MESSAGE][PASSED] - Object: 'Object Repository/customerDetailsEdit/customerDetailScreen' is clicked on using offset x=100 and y=200

2018-09-05 18:13:43 - [TEST_STEP][PASSED] - click: Object: 'Object Repository/customerDetailsEdit/refreshButton' is clicked on

2018-09-05 18:13:44 - [MESSAGE][PASSED] - Object: 'Object Repository/customerDetailsEdit/refreshButton' is clicked on]]></system-out>
         <system-err><![CDATA[]]></system-err>
      </testcase>
      <testcase name="Test Cases/completed/TestCase4_EditCustomerDetails/EnterEmailAndSaveCustDetails" classname="Test Cases/completed/TestCase4_EditCustomerDetails/EnterEmailAndSaveCustDetails" status="PASSED">
         <system-out><![CDATA[2018-09-05 18:13:44 - [TEST_CASE][PASSED] - Test Cases/completed/TestCase4_EditCustomerDetails/EnterEmailAndSaveCustDetails: Test Cases/completed/TestCase4_EditCustomerDetails/EnterEmailAndSaveCustDetails

2018-09-05 18:13:44 - [TEST_STEP][PASSED] - callTestCase: Call Test Case 'Test Cases/BVT/aSimple_Login' successfully

2018-09-05 18:13:44 - [TEST_CASE][PASSED] - Test Cases/BVT/aSimple_Login: Test Cases/BVT/aSimple_Login

2018-09-05 18:13:44 - [TEST_STEP][PASSED] - openBrowser: Browser is opened with url: ''

2018-09-05 18:13:44 - [MESSAGE][WARNING] - A browser is already opened. Closing browser and opening a new one

2018-09-05 18:13:47 - [MESSAGE][PASSED] - Browser is opened with url: ''

2018-09-05 18:13:47 - [TEST_STEP][PASSED] - maximizeWindow: Current window maximized

2018-09-05 18:13:48 - [MESSAGE][PASSED] - Current window maximized

2018-09-05 18:13:48 - [TEST_STEP][PASSED] - navigateToUrl: Navigate to 'https://dev.vcalling.in/enterprises/UAT/Dashboard/index.html' successfully

2018-09-05 18:13:54 - [MESSAGE][PASSED] - Navigate to 'https://dev.vcalling.in/enterprises/UAT/Dashboard/index.html' successfully

2018-09-05 18:13:54 - [TEST_STEP][PASSED] - setText: Text 'testing4dea@gmail.com' is set on object 'Object Repository/Login/UserId'

2018-09-05 18:13:55 - [MESSAGE][PASSED] - Text 'testing4dea@gmail.com' is set on object 'Object Repository/Login/UserId'

2018-09-05 18:13:55 - [TEST_STEP][PASSED] - click: Object: 'Object Repository/Login/div_GET OTP' is clicked on

2018-09-05 18:13:55 - [MESSAGE][PASSED] - Object: 'Object Repository/Login/div_GET OTP' is clicked on

2018-09-05 18:13:55 - [TEST_STEP][PASSED] - waitForElementPresent: Object 'Object Repository/Login/div_SUBMIT' is present

2018-09-05 18:13:57 - [MESSAGE][PASSED] - Object 'Object Repository/Login/div_SUBMIT' is present

2018-09-05 18:13:57 - [TEST_STEP][PASSED] - Statement - If (com.kms.katalon.core.webui.keyword.WebUiBuiltInKeywords.verifyElementNotPresent(com.kms.katalon.core.testobject.ObjectRepository.findTestObject(Login/div_SUBMIT), 5, OPTIONAL)): Web element with id: 'Object Repository/Login/div_SUBMIT' located by 'By.xpath: //div[(text() = ' SUBMIT ' or . = ' SUBMIT ')]' is present after '5' second(s)

2018-09-05 18:14:02 - [MESSAGE][WARNING] - Web element with id: 'Object Repository/Login/div_SUBMIT' located by 'By.xpath: //div[(text() = ' SUBMIT ' or . = ' SUBMIT ')]' is present after '5' second(s)
[[ATTACHMENT|C:\\Users\\User\\Desktop\\Katalon Studio\\Katalon Studio\\vCallingDashboard\\Reports\\RegressionSuite\\20180905_175530\\1536151442306.png]]

2018-09-05 18:14:02 - [TEST_STEP][PASSED] - Statement - sleep(5000): null

2018-09-05 18:14:07 - [TEST_STEP][PASSED] - Statement - OTP = getOTP(): null

2018-09-05 18:14:07 - [TEST_STEP][PASSED] - Statement - host = "imap.gmail.com": null

2018-09-05 18:14:07 - [TEST_STEP][PASSED] - Statement - msg = <not implemented yet for class: org.codehaus.groovy.ast.expr.EmptyExpression>: null

2018-09-05 18:14:07 - [TEST_STEP][PASSED] - Statement - msgSub = <not implemented yet for class: org.codehaus.groovy.ast.expr.EmptyExpression>: null

2018-09-05 18:14:07 - [TEST_STEP][PASSED] - Statement - OTP = "unavailable": null

2018-09-05 18:14:07 - [TEST_STEP][PASSED] - Statement - props = new java.util.Properties(): null

2018-09-05 18:14:07 - [TEST_STEP][PASSED] - Statement - props.setProperty("mail.imap.ssl.enable", "true"): null

2018-09-05 18:14:07 - [TEST_STEP][PASSED] - Statement - session = javax.mail.Session.getInstance(props): null

2018-09-05 18:14:07 - [TEST_STEP][PASSED] - Statement - store = <not implemented yet for class: org.codehaus.groovy.ast.expr.EmptyExpression>: null

2018-09-05 18:14:07 - [TEST_STEP][PASSED] - Statement - Try: null

2018-09-05 18:14:07 - [TEST_STEP][PASSED] - Statement - store = session.getStore("imap"): null

2018-09-05 18:14:07 - [TEST_STEP][PASSED] - Statement - store.connect(host, Email, Password): null

2018-09-05 18:14:09 - [TEST_STEP][PASSED] - Statement - emailFolder = store.getFolder("INBOX"): null

2018-09-05 18:14:09 - [TEST_STEP][PASSED] - Statement - emailFolder.open(READ_WRITE): null

2018-09-05 18:14:09 - [TEST_STEP][PASSED] - Statement - messages = emailFolder.getMessages(): null

2018-09-05 18:14:09 - [TEST_STEP][PASSED] - Statement - n = length: null

2018-09-05 18:14:09 - [TEST_STEP][PASSED] - Statement - message = messages[n - 1]: null

2018-09-05 18:14:09 - [TEST_STEP][PASSED] - Statement - msgSub = message.getSubject(): null

2018-09-05 18:14:10 - [TEST_STEP][PASSED] - Statement - If (msgSub.equals("OTP to Sign In")): null

2018-09-05 18:14:10 - [TEST_STEP][PASSED] - Statement - msg = message.getContent().toString(): null

2018-09-05 18:14:10 - [TEST_STEP][PASSED] - Statement - OTP = msg.substring(msg.length() - 7): null

2018-09-05 18:14:10 - [TEST_STEP][PASSED] - Statement - message.setFlag(DELETED, true): null

2018-09-05 18:14:11 - [TEST_STEP][PASSED] - Statement - emailFolder.close(true): null

2018-09-05 18:14:11 - [TEST_STEP][PASSED] - Statement - store.close(): null

2018-09-05 18:14:11 - [TEST_STEP][PASSED] - Statement - return OTP: null

2018-09-05 18:14:11 - [TEST_STEP][PASSED] - Statement - If (OTP.equals("unavailable")): null

2018-09-05 18:14:11 - [TEST_STEP][PASSED] - Statement - Else: Text 'z8552
' is set on object 'Object Repository/Login/OtpInput'

2018-09-05 18:14:11 - [TEST_STEP][PASSED] - setText: Text 'z8552
' is set on object 'Object Repository/Login/OtpInput'

2018-09-05 18:14:12 - [MESSAGE][PASSED] - Text 'z8552
' is set on object 'Object Repository/Login/OtpInput'

2018-09-05 18:14:12 - [TEST_STEP][PASSED] - verifyElementPresent: Object 'Object Repository/Login/afterOpenDisplay' is present

2018-09-05 18:14:13 - [MESSAGE][PASSED] - Object 'Object Repository/Login/afterOpenDisplay' is present

2018-09-05 18:14:13 - [MESSAGE][PASSED] - Call Test Case 'Test Cases/BVT/aSimple_Login' successfully

2018-09-05 18:14:13 - [TEST_STEP][PASSED] - Statement - driver = com.kms.katalon.core.webui.driver.DriverFactory.getWebDriver(): null

2018-09-05 18:14:13 - [TEST_STEP][PASSED] - click: Object: 'Object Repository/Dashboard_Link Generator/linkgeneratorIcon' is clicked on

2018-09-05 18:14:13 - [MESSAGE][PASSED] - Object: 'Object Repository/Dashboard_Link Generator/linkgeneratorIcon' is clicked on

2018-09-05 18:14:13 - [TEST_STEP][PASSED] - Statement - x = CustomKeywords.newPackage.newKeyword.randomString(3).toLowerCase(): newPackage.newKeyword.randomString is PASSED

2018-09-05 18:14:13 - [MESSAGE][PASSED] - newPackage.newKeyword.randomString is PASSED

2018-09-05 18:14:13 - [TEST_STEP][PASSED] - Statement - teamMeberName = x: null

2018-09-05 18:14:13 - [TEST_STEP][PASSED] - setText: Text 'vmp' is set on object 'Object Repository/AddTeamMemberDashboard/name'

2018-09-05 18:14:14 - [MESSAGE][PASSED] - Text 'vmp' is set on object 'Object Repository/AddTeamMemberDashboard/name'

2018-09-05 18:14:14 - [TEST_STEP][PASSED] - setText: Text ' ' is set on object 'Object Repository/AddTeamMemberDashboard/email'

2018-09-05 18:14:14 - [MESSAGE][PASSED] - Text ' ' is set on object 'Object Repository/AddTeamMemberDashboard/email'

2018-09-05 18:14:14 - [TEST_STEP][PASSED] - Statement - number = CustomKeywords.phoneNumbers.contactNumbers.randomString(9): phoneNumbers.contactNumbers.randomString is PASSED

2018-09-05 18:14:14 - [MESSAGE][PASSED] - phoneNumbers.contactNumbers.randomString is PASSED

2018-09-05 18:14:14 - [TEST_STEP][PASSED] - Statement - Mobile_Number = number: null

2018-09-05 18:14:14 - [TEST_STEP][PASSED] - setText: Text '5376218011' is set on object 'Object Repository/Dashboard_Link Generator/contactNumber'

2018-09-05 18:14:14 - [MESSAGE][PASSED] - Text '5376218011' is set on object 'Object Repository/Dashboard_Link Generator/contactNumber'

2018-09-05 18:14:14 - [TEST_STEP][PASSED] - setText: Text 'property' is set on object 'Object Repository/Dashboard_Link Generator/tag'

2018-09-05 18:14:15 - [MESSAGE][PASSED] - Text 'property' is set on object 'Object Repository/Dashboard_Link Generator/tag'

2018-09-05 18:14:15 - [TEST_STEP][PASSED] - click: Object: 'Object Repository/Dashboard_Link Generator/div_GET LINK' is clicked on

2018-09-05 18:14:15 - [MESSAGE][PASSED] - Object: 'Object Repository/Dashboard_Link Generator/div_GET LINK' is clicked on

2018-09-05 18:14:15 - [TEST_STEP][PASSED] - Statement - getLink = com.kms.katalon.core.webui.keyword.WebUiBuiltInKeywords.getAttribute(com.kms.katalon.core.testobject.ObjectRepository.findTestObject(Dashboard_Link Generator/input_link-text), "value"): Attribute 'value' of object 'Object Repository/Dashboard_Link Generator/input_link-text' is: 'https://dev.vcalling.in/url/UAT/?id=UAT-1-537'

2018-09-05 18:14:16 - [MESSAGE][PASSED] - Attribute 'value' of object 'Object Repository/Dashboard_Link Generator/input_link-text' is: 'https://dev.vcalling.in/url/UAT/?id=UAT-1-537'

2018-09-05 18:14:16 - [TEST_STEP][PASSED] - Statement - println(getLink): null

2018-09-05 18:14:16 - [TEST_STEP][PASSED] - click: Object: 'Object Repository/Dashboard_Link Generator/copyLink' is clicked on

2018-09-05 18:14:16 - [MESSAGE][PASSED] - Object: 'Object Repository/Dashboard_Link Generator/copyLink' is clicked on

2018-09-05 18:14:16 - [TEST_STEP][PASSED] - Statement - If (com.kms.katalon.core.webui.keyword.WebUiBuiltInKeywords.verifyElementPresent(com.kms.katalon.core.testobject.ObjectRepository.findTestObject(Dashboard_Link Generator/validation), 5, OPTIONAL)): null

2018-09-05 18:14:16 - [MESSAGE][PASSED] - Object 'Object Repository/Dashboard_Link Generator/validation' is present

2018-09-05 18:14:16 - [TEST_STEP][PASSED] - Statement - validationMessage = com.kms.katalon.core.webui.keyword.WebUiBuiltInKeywords.getText(com.kms.katalon.core.testobject.ObjectRepository.findTestObject(Dashboard_Link Generator/validation)): Text of object 'Object Repository/Dashboard_Link Generator/validation' is: 'Link Copied.!'

2018-09-05 18:14:16 - [MESSAGE][PASSED] - Text of object 'Object Repository/Dashboard_Link Generator/validation' is: 'Link Copied.!'

2018-09-05 18:14:16 - [TEST_STEP][PASSED] - verifyMatch: Actual text 'Link Copied.!' and expected text 'Link Copied.!' are matched 

2018-09-05 18:14:16 - [MESSAGE][PASSED] - Actual text 'Link Copied.!' and expected text 'Link Copied.!' are matched 

2018-09-05 18:14:16 - [TEST_STEP][PASSED] - Statement - println("successful"): null

2018-09-05 18:14:16 - [TEST_STEP][PASSED] - Statement - linkUserName = driver.findElements(org.openqa.selenium.By.className("text-link-log")): null

2018-09-05 18:14:16 - [TEST_STEP][PASSED] - Statement - previousCountValue = 0: null

2018-09-05 18:14:16 - [TEST_STEP][PASSED] - Statement - For ([i = 0, i < linkUserName.size(), (i++)]): null

2018-09-05 18:14:16 - [TEST_STEP][PASSED] - Statement - out.println("Admin Console: " + linkUserName.get(i).getText()): null

2018-09-05 18:14:16 - [TEST_STEP][PASSED] - Statement - linkLogmembername = linkUserName.get(i).getText(): null

2018-09-05 18:14:16 - [TEST_STEP][PASSED] - Statement - out.println("new Admin :" + linkLogmembername): null

2018-09-05 18:14:16 - [TEST_STEP][PASSED] - Statement - If (linkLogmembername.equals(teamMeberName)): null

2018-09-05 18:14:16 - [TEST_STEP][PASSED] - Statement - out.println("Admin Console: " + linkUserName.get(i).getText()): null

2018-09-05 18:14:16 - [TEST_STEP][PASSED] - Statement - linkLogmembername = linkUserName.get(i).getText(): null

2018-09-05 18:14:16 - [TEST_STEP][PASSED] - Statement - out.println("new Admin :" + linkLogmembername): null

2018-09-05 18:14:16 - [TEST_STEP][PASSED] - Statement - If (linkLogmembername.equals(teamMeberName)): null

2018-09-05 18:14:16 - [TEST_STEP][PASSED] - Statement - out.println("Admin Console: " + linkUserName.get(i).getText()): null

2018-09-05 18:14:16 - [TEST_STEP][PASSED] - Statement - linkLogmembername = linkUserName.get(i).getText(): null

2018-09-05 18:14:17 - [TEST_STEP][PASSED] - Statement - out.println("new Admin :" + linkLogmembername): null

2018-09-05 18:14:17 - [TEST_STEP][PASSED] - Statement - If (linkLogmembername.equals(teamMeberName)): null

2018-09-05 18:14:17 - [TEST_STEP][PASSED] - Statement - out.println("Admin Console: " + linkUserName.get(i).getText()): null

2018-09-05 18:14:17 - [TEST_STEP][PASSED] - Statement - linkLogmembername = linkUserName.get(i).getText(): null

2018-09-05 18:14:17 - [TEST_STEP][PASSED] - Statement - out.println("new Admin :" + linkLogmembername): null

2018-09-05 18:14:17 - [TEST_STEP][PASSED] - Statement - If (linkLogmembername.equals(teamMeberName)): null

2018-09-05 18:14:17 - [TEST_STEP][PASSED] - Statement - out.println("Admin Console: " + linkUserName.get(i).getText()): null

2018-09-05 18:14:17 - [TEST_STEP][PASSED] - Statement - linkLogmembername = linkUserName.get(i).getText(): null

2018-09-05 18:14:17 - [TEST_STEP][PASSED] - Statement - out.println("new Admin :" + linkLogmembername): null

2018-09-05 18:14:17 - [TEST_STEP][PASSED] - Statement - If (linkLogmembername.equals(teamMeberName)): null

2018-09-05 18:14:17 - [TEST_STEP][PASSED] - Statement - out.println("Admin Console: " + linkUserName.get(i).getText()): null

2018-09-05 18:14:17 - [TEST_STEP][PASSED] - Statement - linkLogmembername = linkUserName.get(i).getText(): null

2018-09-05 18:14:17 - [TEST_STEP][PASSED] - Statement - out.println("new Admin :" + linkLogmembername): null

2018-09-05 18:14:17 - [TEST_STEP][PASSED] - Statement - If (linkLogmembername.equals(teamMeberName)): null

2018-09-05 18:14:17 - [TEST_STEP][PASSED] - Statement - out.println("Admin Console: " + linkUserName.get(i).getText()): null

2018-09-05 18:14:17 - [TEST_STEP][PASSED] - Statement - linkLogmembername = linkUserName.get(i).getText(): null

2018-09-05 18:14:17 - [TEST_STEP][PASSED] - Statement - out.println("new Admin :" + linkLogmembername): null

2018-09-05 18:14:17 - [TEST_STEP][PASSED] - Statement - If (linkLogmembername.equals(teamMeberName)): null

2018-09-05 18:14:17 - [TEST_STEP][PASSED] - Statement - out.println("Admin Console: " + linkUserName.get(i).getText()): null

2018-09-05 18:14:17 - [TEST_STEP][PASSED] - Statement - linkLogmembername = linkUserName.get(i).getText(): null

2018-09-05 18:14:17 - [TEST_STEP][PASSED] - Statement - out.println("new Admin :" + linkLogmembername): null

2018-09-05 18:14:17 - [TEST_STEP][PASSED] - Statement - If (linkLogmembername.equals(teamMeberName)): null

2018-09-05 18:14:17 - [TEST_STEP][PASSED] - Statement - out.println("Admin Console: " + linkLogmembername): null

2018-09-05 18:14:17 - [TEST_STEP][PASSED] - Statement - linkUserName.get(i).click(): null

2018-09-05 18:14:17 - [TEST_STEP][PASSED] - Statement - out.println("Admin Console: " + linkUserName.get(i).getText()): null

2018-09-05 18:14:17 - [TEST_STEP][PASSED] - Statement - linkLogmembername = linkUserName.get(i).getText(): null

2018-09-05 18:14:18 - [TEST_STEP][PASSED] - Statement - out.println("new Admin :" + linkLogmembername): null

2018-09-05 18:14:18 - [TEST_STEP][PASSED] - Statement - If (linkLogmembername.equals(teamMeberName)): null

2018-09-05 18:14:18 - [TEST_STEP][PASSED] - Statement - out.println("Admin Console: " + linkUserName.get(i).getText()): null

2018-09-05 18:14:18 - [TEST_STEP][PASSED] - Statement - linkLogmembername = linkUserName.get(i).getText(): null

2018-09-05 18:14:18 - [TEST_STEP][PASSED] - Statement - out.println("new Admin :" + linkLogmembername): null

2018-09-05 18:14:18 - [TEST_STEP][PASSED] - Statement - If (linkLogmembername.equals(teamMeberName)): null

2018-09-05 18:14:18 - [TEST_STEP][PASSED] - Statement - out.println("Admin Console: " + linkUserName.get(i).getText()): null

2018-09-05 18:14:18 - [TEST_STEP][PASSED] - Statement - linkLogmembername = linkUserName.get(i).getText(): null

2018-09-05 18:14:18 - [TEST_STEP][PASSED] - Statement - out.println("new Admin :" + linkLogmembername): null

2018-09-05 18:14:18 - [TEST_STEP][PASSED] - Statement - If (linkLogmembername.equals(teamMeberName)): null

2018-09-05 18:14:18 - [TEST_STEP][PASSED] - Statement - out.println("Admin Console: " + linkUserName.get(i).getText()): null

2018-09-05 18:14:18 - [TEST_STEP][PASSED] - Statement - linkLogmembername = linkUserName.get(i).getText(): null

2018-09-05 18:14:18 - [TEST_STEP][PASSED] - Statement - out.println("new Admin :" + linkLogmembername): null

2018-09-05 18:14:18 - [TEST_STEP][PASSED] - Statement - If (linkLogmembername.equals(teamMeberName)): null

2018-09-05 18:14:18 - [TEST_STEP][PASSED] - Statement - out.println("Admin Console: " + linkUserName.get(i).getText()): null

2018-09-05 18:14:18 - [TEST_STEP][PASSED] - Statement - linkLogmembername = linkUserName.get(i).getText(): null

2018-09-05 18:14:18 - [TEST_STEP][PASSED] - Statement - out.println("new Admin :" + linkLogmembername): null

2018-09-05 18:14:18 - [TEST_STEP][PASSED] - Statement - If (linkLogmembername.equals(teamMeberName)): null

2018-09-05 18:14:18 - [TEST_STEP][PASSED] - Statement - out.println("Admin Console: " + linkUserName.get(i).getText()): null

2018-09-05 18:14:18 - [TEST_STEP][PASSED] - Statement - linkLogmembername = linkUserName.get(i).getText(): null

2018-09-05 18:14:18 - [TEST_STEP][PASSED] - Statement - out.println("new Admin :" + linkLogmembername): null

2018-09-05 18:14:18 - [TEST_STEP][PASSED] - Statement - If (linkLogmembername.equals(teamMeberName)): null

2018-09-05 18:14:18 - [TEST_STEP][PASSED] - Statement - out.println("Admin Console: " + linkUserName.get(i).getText()): null

2018-09-05 18:14:18 - [TEST_STEP][PASSED] - Statement - linkLogmembername = linkUserName.get(i).getText(): null

2018-09-05 18:14:18 - [TEST_STEP][PASSED] - Statement - out.println("new Admin :" + linkLogmembername): null

2018-09-05 18:14:18 - [TEST_STEP][PASSED] - Statement - If (linkLogmembername.equals(teamMeberName)): null

2018-09-05 18:14:18 - [TEST_STEP][PASSED] - Statement - out.println("Admin Console: " + linkUserName.get(i).getText()): null

2018-09-05 18:14:18 - [TEST_STEP][PASSED] - Statement - linkLogmembername = linkUserName.get(i).getText(): null

2018-09-05 18:14:18 - [TEST_STEP][PASSED] - Statement - out.println("new Admin :" + linkLogmembername): null

2018-09-05 18:14:18 - [TEST_STEP][PASSED] - Statement - If (linkLogmembername.equals(teamMeberName)): null

2018-09-05 18:14:18 - [TEST_STEP][PASSED] - Statement - out.println("Admin Console: " + linkUserName.get(i).getText()): null

2018-09-05 18:14:18 - [TEST_STEP][PASSED] - Statement - linkLogmembername = linkUserName.get(i).getText(): null

2018-09-05 18:14:18 - [TEST_STEP][PASSED] - Statement - out.println("new Admin :" + linkLogmembername): null

2018-09-05 18:14:18 - [TEST_STEP][PASSED] - Statement - If (linkLogmembername.equals(teamMeberName)): null

2018-09-05 18:14:18 - [TEST_STEP][PASSED] - Statement - out.println("Admin Console: " + linkUserName.get(i).getText()): null

2018-09-05 18:14:19 - [TEST_STEP][PASSED] - Statement - linkLogmembername = linkUserName.get(i).getText(): null

2018-09-05 18:14:19 - [TEST_STEP][PASSED] - Statement - out.println("new Admin :" + linkLogmembername): null

2018-09-05 18:14:19 - [TEST_STEP][PASSED] - Statement - If (linkLogmembername.equals(teamMeberName)): null

2018-09-05 18:14:19 - [TEST_STEP][PASSED] - Statement - out.println("Admin Console: " + linkUserName.get(i).getText()): null

2018-09-05 18:14:19 - [TEST_STEP][PASSED] - Statement - linkLogmembername = linkUserName.get(i).getText(): null

2018-09-05 18:14:19 - [TEST_STEP][PASSED] - Statement - out.println("new Admin :" + linkLogmembername): null

2018-09-05 18:14:19 - [TEST_STEP][PASSED] - Statement - If (linkLogmembername.equals(teamMeberName)): null

2018-09-05 18:14:19 - [TEST_STEP][PASSED] - Statement - out.println("Admin Console: " + linkUserName.get(i).getText()): null

2018-09-05 18:14:19 - [TEST_STEP][PASSED] - Statement - linkLogmembername = linkUserName.get(i).getText(): null

2018-09-05 18:14:19 - [TEST_STEP][PASSED] - Statement - out.println("new Admin :" + linkLogmembername): null

2018-09-05 18:14:19 - [TEST_STEP][PASSED] - Statement - If (linkLogmembername.equals(teamMeberName)): null

2018-09-05 18:14:19 - [TEST_STEP][PASSED] - Statement - out.println("Admin Console: " + linkUserName.get(i).getText()): null

2018-09-05 18:14:19 - [TEST_STEP][PASSED] - Statement - linkLogmembername = linkUserName.get(i).getText(): null

2018-09-05 18:14:19 - [TEST_STEP][PASSED] - Statement - out.println("new Admin :" + linkLogmembername): null

2018-09-05 18:14:19 - [TEST_STEP][PASSED] - Statement - If (linkLogmembername.equals(teamMeberName)): null

2018-09-05 18:14:19 - [TEST_STEP][PASSED] - Statement - out.println("Admin Console: " + linkUserName.get(i).getText()): null

2018-09-05 18:14:19 - [TEST_STEP][PASSED] - Statement - linkLogmembername = linkUserName.get(i).getText(): null

2018-09-05 18:14:19 - [TEST_STEP][PASSED] - Statement - out.println("new Admin :" + linkLogmembername): null

2018-09-05 18:14:19 - [TEST_STEP][PASSED] - Statement - If (linkLogmembername.equals(teamMeberName)): null

2018-09-05 18:14:19 - [TEST_STEP][PASSED] - Statement - out.println("Admin Console: " + linkUserName.get(i).getText()): null

2018-09-05 18:14:19 - [TEST_STEP][PASSED] - Statement - linkLogmembername = linkUserName.get(i).getText(): null

2018-09-05 18:14:19 - [TEST_STEP][PASSED] - Statement - out.println("new Admin :" + linkLogmembername): null

2018-09-05 18:14:19 - [TEST_STEP][PASSED] - Statement - If (linkLogmembername.equals(teamMeberName)): null

2018-09-05 18:14:19 - [TEST_STEP][PASSED] - Statement - out.println("Admin Console: " + linkUserName.get(i).getText()): null

2018-09-05 18:14:19 - [TEST_STEP][PASSED] - Statement - linkLogmembername = linkUserName.get(i).getText(): null

2018-09-05 18:14:19 - [TEST_STEP][PASSED] - Statement - out.println("new Admin :" + linkLogmembername): null

2018-09-05 18:14:19 - [TEST_STEP][PASSED] - Statement - If (linkLogmembername.equals(teamMeberName)): null

2018-09-05 18:14:19 - [TEST_STEP][PASSED] - Statement - out.println("Admin Console: " + linkUserName.get(i).getText()): null

2018-09-05 18:14:19 - [TEST_STEP][PASSED] - Statement - linkLogmembername = linkUserName.get(i).getText(): null

2018-09-05 18:14:19 - [TEST_STEP][PASSED] - Statement - out.println("new Admin :" + linkLogmembername): null

2018-09-05 18:14:19 - [TEST_STEP][PASSED] - Statement - If (linkLogmembername.equals(teamMeberName)): null

2018-09-05 18:14:19 - [TEST_STEP][PASSED] - Statement - out.println("Admin Console: " + linkUserName.get(i).getText()): null

2018-09-05 18:14:19 - [TEST_STEP][PASSED] - Statement - linkLogmembername = linkUserName.get(i).getText(): null

2018-09-05 18:14:19 - [TEST_STEP][PASSED] - Statement - out.println("new Admin :" + linkLogmembername): null

2018-09-05 18:14:19 - [TEST_STEP][PASSED] - Statement - If (linkLogmembername.equals(teamMeberName)): null

2018-09-05 18:14:19 - [TEST_STEP][PASSED] - Statement - out.println("Admin Console: " + linkUserName.get(i).getText()): null

2018-09-05 18:14:19 - [TEST_STEP][PASSED] - Statement - linkLogmembername = linkUserName.get(i).getText(): null

2018-09-05 18:14:19 - [TEST_STEP][PASSED] - Statement - out.println("new Admin :" + linkLogmembername): null

2018-09-05 18:14:19 - [TEST_STEP][PASSED] - Statement - If (linkLogmembername.equals(teamMeberName)): null

2018-09-05 18:14:19 - [TEST_STEP][PASSED] - Statement - out.println("Admin Console: " + linkUserName.get(i).getText()): null

2018-09-05 18:14:19 - [TEST_STEP][PASSED] - Statement - linkLogmembername = linkUserName.get(i).getText(): null

2018-09-05 18:14:19 - [TEST_STEP][PASSED] - Statement - out.println("new Admin :" + linkLogmembername): null

2018-09-05 18:14:19 - [TEST_STEP][PASSED] - Statement - If (linkLogmembername.equals(teamMeberName)): null

2018-09-05 18:14:19 - [TEST_STEP][PASSED] - Statement - out.println("Admin Console: " + linkUserName.get(i).getText()): null

2018-09-05 18:14:19 - [TEST_STEP][PASSED] - Statement - linkLogmembername = linkUserName.get(i).getText(): null

2018-09-05 18:14:20 - [TEST_STEP][PASSED] - Statement - out.println("new Admin :" + linkLogmembername): null

2018-09-05 18:14:20 - [TEST_STEP][PASSED] - Statement - If (linkLogmembername.equals(teamMeberName)): null

2018-09-05 18:14:20 - [TEST_STEP][PASSED] - Statement - out.println("Admin Console: " + linkUserName.get(i).getText()): null

2018-09-05 18:14:20 - [TEST_STEP][PASSED] - Statement - linkLogmembername = linkUserName.get(i).getText(): null

2018-09-05 18:14:20 - [TEST_STEP][PASSED] - Statement - out.println("new Admin :" + linkLogmembername): null

2018-09-05 18:14:20 - [TEST_STEP][PASSED] - Statement - If (linkLogmembername.equals(teamMeberName)): null

2018-09-05 18:14:20 - [TEST_STEP][PASSED] - Statement - out.println("Admin Console: " + linkUserName.get(i).getText()): null

2018-09-05 18:14:20 - [TEST_STEP][PASSED] - Statement - linkLogmembername = linkUserName.get(i).getText(): null

2018-09-05 18:14:20 - [TEST_STEP][PASSED] - Statement - out.println("new Admin :" + linkLogmembername): null

2018-09-05 18:14:20 - [TEST_STEP][PASSED] - Statement - If (linkLogmembername.equals(teamMeberName)): null

2018-09-05 18:14:20 - [TEST_STEP][PASSED] - Statement - out.println("Admin Console: " + linkUserName.get(i).getText()): null

2018-09-05 18:14:20 - [TEST_STEP][PASSED] - Statement - linkLogmembername = linkUserName.get(i).getText(): null

2018-09-05 18:14:20 - [TEST_STEP][PASSED] - Statement - out.println("new Admin :" + linkLogmembername): null

2018-09-05 18:14:20 - [TEST_STEP][PASSED] - Statement - If (linkLogmembername.equals(teamMeberName)): null

2018-09-05 18:14:20 - [TEST_STEP][PASSED] - Statement - out.println("Admin Console: " + linkUserName.get(i).getText()): null

2018-09-05 18:14:20 - [TEST_STEP][PASSED] - Statement - linkLogmembername = linkUserName.get(i).getText(): null

2018-09-05 18:14:20 - [TEST_STEP][PASSED] - Statement - out.println("new Admin :" + linkLogmembername): null

2018-09-05 18:14:20 - [TEST_STEP][PASSED] - Statement - If (linkLogmembername.equals(teamMeberName)): null

2018-09-05 18:14:20 - [TEST_STEP][PASSED] - Statement - out.println("Admin Console: " + linkUserName.get(i).getText()): null

2018-09-05 18:14:20 - [TEST_STEP][PASSED] - Statement - linkLogmembername = linkUserName.get(i).getText(): null

2018-09-05 18:14:20 - [TEST_STEP][PASSED] - Statement - out.println("new Admin :" + linkLogmembername): null

2018-09-05 18:14:20 - [TEST_STEP][PASSED] - Statement - If (linkLogmembername.equals(teamMeberName)): null

2018-09-05 18:14:20 - [TEST_STEP][PASSED] - Statement - out.println("Admin Console: " + linkUserName.get(i).getText()): null

2018-09-05 18:14:20 - [TEST_STEP][PASSED] - Statement - linkLogmembername = linkUserName.get(i).getText(): null

2018-09-05 18:14:20 - [TEST_STEP][PASSED] - Statement - out.println("new Admin :" + linkLogmembername): null

2018-09-05 18:14:20 - [TEST_STEP][PASSED] - Statement - If (linkLogmembername.equals(teamMeberName)): null

2018-09-05 18:14:20 - [TEST_STEP][PASSED] - Statement - out.println("Admin Console: " + linkUserName.get(i).getText()): null

2018-09-05 18:14:20 - [TEST_STEP][PASSED] - Statement - linkLogmembername = linkUserName.get(i).getText(): null

2018-09-05 18:14:20 - [TEST_STEP][PASSED] - Statement - out.println("new Admin :" + linkLogmembername): null

2018-09-05 18:14:20 - [TEST_STEP][PASSED] - Statement - If (linkLogmembername.equals(teamMeberName)): null

2018-09-05 18:14:20 - [TEST_STEP][PASSED] - Statement - out.println("Admin Console: " + linkUserName.get(i).getText()): null

2018-09-05 18:14:20 - [TEST_STEP][PASSED] - Statement - linkLogmembername = linkUserName.get(i).getText(): null

2018-09-05 18:14:20 - [TEST_STEP][PASSED] - Statement - out.println("new Admin :" + linkLogmembername): null

2018-09-05 18:14:20 - [TEST_STEP][PASSED] - Statement - If (linkLogmembername.equals(teamMeberName)): null

2018-09-05 18:14:20 - [TEST_STEP][PASSED] - Statement - out.println("Admin Console: " + linkUserName.get(i).getText()): null

2018-09-05 18:14:20 - [TEST_STEP][PASSED] - Statement - linkLogmembername = linkUserName.get(i).getText(): null

2018-09-05 18:14:20 - [TEST_STEP][PASSED] - Statement - out.println("new Admin :" + linkLogmembername): null

2018-09-05 18:14:20 - [TEST_STEP][PASSED] - Statement - If (linkLogmembername.equals(teamMeberName)): null

2018-09-05 18:14:20 - [TEST_STEP][PASSED] - Statement - out.println("Admin Console: " + linkUserName.get(i).getText()): null

2018-09-05 18:14:21 - [TEST_STEP][PASSED] - Statement - linkLogmembername = linkUserName.get(i).getText(): null

2018-09-05 18:14:21 - [TEST_STEP][PASSED] - Statement - out.println("new Admin :" + linkLogmembername): null

2018-09-05 18:14:21 - [TEST_STEP][PASSED] - Statement - If (linkLogmembername.equals(teamMeberName)): null

2018-09-05 18:14:21 - [TEST_STEP][PASSED] - Statement - out.println("Admin Console: " + linkUserName.get(i).getText()): null

2018-09-05 18:14:21 - [TEST_STEP][PASSED] - Statement - linkLogmembername = linkUserName.get(i).getText(): null

2018-09-05 18:14:21 - [TEST_STEP][PASSED] - Statement - out.println("new Admin :" + linkLogmembername): null

2018-09-05 18:14:21 - [TEST_STEP][PASSED] - Statement - If (linkLogmembername.equals(teamMeberName)): null

2018-09-05 18:14:21 - [TEST_STEP][PASSED] - Statement - out.println("Admin Console: " + linkUserName.get(i).getText()): null

2018-09-05 18:14:21 - [TEST_STEP][PASSED] - Statement - linkLogmembername = linkUserName.get(i).getText(): null

2018-09-05 18:14:21 - [TEST_STEP][PASSED] - Statement - out.println("new Admin :" + linkLogmembername): null

2018-09-05 18:14:21 - [TEST_STEP][PASSED] - Statement - If (linkLogmembername.equals(teamMeberName)): null

2018-09-05 18:14:21 - [TEST_STEP][PASSED] - Statement - out.println("Admin Console: " + linkUserName.get(i).getText()): null

2018-09-05 18:14:21 - [TEST_STEP][PASSED] - Statement - linkLogmembername = linkUserName.get(i).getText(): null

2018-09-05 18:14:21 - [TEST_STEP][PASSED] - Statement - out.println("new Admin :" + linkLogmembername): null

2018-09-05 18:14:21 - [TEST_STEP][PASSED] - Statement - If (linkLogmembername.equals(teamMeberName)): null

2018-09-05 18:14:21 - [TEST_STEP][PASSED] - Statement - out.println("Admin Console: " + linkUserName.get(i).getText()): null

2018-09-05 18:14:21 - [TEST_STEP][PASSED] - Statement - linkLogmembername = linkUserName.get(i).getText(): null

2018-09-05 18:14:21 - [TEST_STEP][PASSED] - Statement - out.println("new Admin :" + linkLogmembername): null

2018-09-05 18:14:21 - [TEST_STEP][PASSED] - Statement - If (linkLogmembername.equals(teamMeberName)): null

2018-09-05 18:14:21 - [TEST_STEP][PASSED] - Statement - out.println("Admin Console: " + linkUserName.get(i).getText()): null

2018-09-05 18:14:21 - [TEST_STEP][PASSED] - Statement - linkLogmembername = linkUserName.get(i).getText(): null

2018-09-05 18:14:21 - [TEST_STEP][PASSED] - Statement - out.println("new Admin :" + linkLogmembername): null

2018-09-05 18:14:21 - [TEST_STEP][PASSED] - Statement - If (linkLogmembername.equals(teamMeberName)): null

2018-09-05 18:14:21 - [TEST_STEP][PASSED] - Statement - out.println("Admin Console: " + linkUserName.get(i).getText()): null

2018-09-05 18:14:21 - [TEST_STEP][PASSED] - Statement - linkLogmembername = linkUserName.get(i).getText(): null

2018-09-05 18:14:21 - [TEST_STEP][PASSED] - Statement - out.println("new Admin :" + linkLogmembername): null

2018-09-05 18:14:21 - [TEST_STEP][PASSED] - Statement - If (linkLogmembername.equals(teamMeberName)): null

2018-09-05 18:14:21 - [TEST_STEP][PASSED] - Statement - out.println("Admin Console: " + linkUserName.get(i).getText()): null

2018-09-05 18:14:21 - [TEST_STEP][PASSED] - Statement - linkLogmembername = linkUserName.get(i).getText(): null

2018-09-05 18:14:21 - [TEST_STEP][PASSED] - Statement - out.println("new Admin :" + linkLogmembername): null

2018-09-05 18:14:21 - [TEST_STEP][PASSED] - Statement - If (linkLogmembername.equals(teamMeberName)): null

2018-09-05 18:14:21 - [TEST_STEP][PASSED] - Statement - out.println("Admin Console: " + linkUserName.get(i).getText()): null

2018-09-05 18:14:21 - [TEST_STEP][PASSED] - Statement - linkLogmembername = linkUserName.get(i).getText(): null

2018-09-05 18:14:21 - [TEST_STEP][PASSED] - Statement - out.println("new Admin :" + linkLogmembername): null

2018-09-05 18:14:21 - [TEST_STEP][PASSED] - Statement - If (linkLogmembername.equals(teamMeberName)): null

2018-09-05 18:14:21 - [TEST_STEP][PASSED] - Statement - out.println("Admin Console: " + linkUserName.get(i).getText()): null

2018-09-05 18:14:21 - [TEST_STEP][PASSED] - Statement - linkLogmembername = linkUserName.get(i).getText(): null

2018-09-05 18:14:21 - [TEST_STEP][PASSED] - Statement - out.println("new Admin :" + linkLogmembername): null

2018-09-05 18:14:21 - [TEST_STEP][PASSED] - Statement - If (linkLogmembername.equals(teamMeberName)): null

2018-09-05 18:14:21 - [TEST_STEP][PASSED] - Statement - out.println("Admin Console: " + linkUserName.get(i).getText()): null

2018-09-05 18:14:21 - [TEST_STEP][PASSED] - Statement - linkLogmembername = linkUserName.get(i).getText(): null

2018-09-05 18:14:21 - [TEST_STEP][PASSED] - Statement - out.println("new Admin :" + linkLogmembername): null

2018-09-05 18:14:21 - [TEST_STEP][PASSED] - Statement - If (linkLogmembername.equals(teamMeberName)): null

2018-09-05 18:14:21 - [TEST_STEP][PASSED] - Statement - out.println("Admin Console: " + linkUserName.get(i).getText()): null

2018-09-05 18:14:21 - [TEST_STEP][PASSED] - Statement - linkLogmembername = linkUserName.get(i).getText(): null

2018-09-05 18:14:21 - [TEST_STEP][PASSED] - Statement - out.println("new Admin :" + linkLogmembername): null

2018-09-05 18:14:21 - [TEST_STEP][PASSED] - Statement - If (linkLogmembername.equals(teamMeberName)): null

2018-09-05 18:14:21 - [TEST_STEP][PASSED] - Statement - out.println("Admin Console: " + linkUserName.get(i).getText()): null

2018-09-05 18:14:21 - [TEST_STEP][PASSED] - Statement - linkLogmembername = linkUserName.get(i).getText(): null

2018-09-05 18:14:21 - [TEST_STEP][PASSED] - Statement - out.println("new Admin :" + linkLogmembername): null

2018-09-05 18:14:21 - [TEST_STEP][PASSED] - Statement - If (linkLogmembername.equals(teamMeberName)): null

2018-09-05 18:14:21 - [TEST_STEP][PASSED] - Statement - out.println("Admin Console: " + linkUserName.get(i).getText()): null

2018-09-05 18:14:21 - [TEST_STEP][PASSED] - Statement - linkLogmembername = linkUserName.get(i).getText(): null

2018-09-05 18:14:22 - [TEST_STEP][PASSED] - Statement - out.println("new Admin :" + linkLogmembername): null

2018-09-05 18:14:22 - [TEST_STEP][PASSED] - Statement - If (linkLogmembername.equals(teamMeberName)): null

2018-09-05 18:14:22 - [TEST_STEP][PASSED] - Statement - out.println("Admin Console: " + linkUserName.get(i).getText()): null

2018-09-05 18:14:22 - [TEST_STEP][PASSED] - Statement - linkLogmembername = linkUserName.get(i).getText(): null

2018-09-05 18:14:22 - [TEST_STEP][PASSED] - Statement - out.println("new Admin :" + linkLogmembername): null

2018-09-05 18:14:22 - [TEST_STEP][PASSED] - Statement - If (linkLogmembername.equals(teamMeberName)): null

2018-09-05 18:14:22 - [TEST_STEP][PASSED] - Statement - out.println("Admin Console: " + linkUserName.get(i).getText()): null

2018-09-05 18:14:22 - [TEST_STEP][PASSED] - Statement - linkLogmembername = linkUserName.get(i).getText(): null

2018-09-05 18:14:22 - [TEST_STEP][PASSED] - Statement - out.println("new Admin :" + linkLogmembername): null

2018-09-05 18:14:22 - [TEST_STEP][PASSED] - Statement - If (linkLogmembername.equals(teamMeberName)): null

2018-09-05 18:14:22 - [TEST_STEP][PASSED] - Statement - out.println("Admin Console: " + linkUserName.get(i).getText()): null

2018-09-05 18:14:22 - [TEST_STEP][PASSED] - Statement - linkLogmembername = linkUserName.get(i).getText(): null

2018-09-05 18:14:22 - [TEST_STEP][PASSED] - Statement - out.println("new Admin :" + linkLogmembername): null

2018-09-05 18:14:22 - [TEST_STEP][PASSED] - Statement - If (linkLogmembername.equals(teamMeberName)): null

2018-09-05 18:14:22 - [TEST_STEP][PASSED] - Statement - out.println("Admin Console: " + linkUserName.get(i).getText()): null

2018-09-05 18:14:22 - [TEST_STEP][PASSED] - Statement - linkLogmembername = linkUserName.get(i).getText(): null

2018-09-05 18:14:22 - [TEST_STEP][PASSED] - Statement - out.println("new Admin :" + linkLogmembername): null

2018-09-05 18:14:22 - [TEST_STEP][PASSED] - Statement - If (linkLogmembername.equals(teamMeberName)): null

2018-09-05 18:14:22 - [TEST_STEP][PASSED] - Statement - out.println("Admin Console: " + linkUserName.get(i).getText()): null

2018-09-05 18:14:22 - [TEST_STEP][PASSED] - Statement - linkLogmembername = linkUserName.get(i).getText(): null

2018-09-05 18:14:22 - [TEST_STEP][PASSED] - Statement - out.println("new Admin :" + linkLogmembername): null

2018-09-05 18:14:22 - [TEST_STEP][PASSED] - Statement - If (linkLogmembername.equals(teamMeberName)): null

2018-09-05 18:14:22 - [TEST_STEP][PASSED] - Statement - If (com.kms.katalon.core.webui.keyword.WebUiBuiltInKeywords.verifyElementPresent(com.kms.katalon.core.testobject.ObjectRepository.findTestObject(Object Repository/linkLog/customerProfileDetails), 5, OPTIONAL)): null

2018-09-05 18:14:22 - [MESSAGE][PASSED] - Object 'Object Repository/linkLog/customerProfileDetails' is present

2018-09-05 18:14:22 - [TEST_STEP][PASSED] - Statement - println("open link log successful"): null

2018-09-05 18:14:22 - [TEST_STEP][PASSED] - click: Object: 'Object Repository/linkLog/editButton' is clicked on

2018-09-05 18:14:22 - [MESSAGE][PASSED] - Object: 'Object Repository/linkLog/editButton' is clicked on

2018-09-05 18:14:22 - [TEST_STEP][PASSED] - setText: Text '7R8qnasVqY@gmail.com' is set on object 'Object Repository/customerDetailsEdit/emailInputBox'

2018-09-05 18:14:22 - [MESSAGE][PASSED] - newPackage.newKeyword.randomString is PASSED

2018-09-05 18:14:23 - [MESSAGE][PASSED] - Text '7R8qnasVqY@gmail.com' is set on object 'Object Repository/customerDetailsEdit/emailInputBox'

2018-09-05 18:14:23 - [TEST_STEP][PASSED] - click: Object: 'Object Repository/customerDetailsEdit/saveButtonObject' is clicked on

2018-09-05 18:14:23 - [MESSAGE][PASSED] - Object: 'Object Repository/customerDetailsEdit/saveButtonObject' is clicked on

2018-09-05 18:14:23 - [TEST_STEP][PASSED] - Statement - If (com.kms.katalon.core.webui.keyword.WebUiBuiltInKeywords.verifyElementPresent(com.kms.katalon.core.testobject.ObjectRepository.findTestObject(Dashboard_Link Generator/validation), 5)): null

2018-09-05 18:14:24 - [MESSAGE][PASSED] - Object 'Object Repository/Dashboard_Link Generator/validation' is present

2018-09-05 18:14:24 - [TEST_STEP][PASSED] - Statement - validationMessage = com.kms.katalon.core.webui.keyword.WebUiBuiltInKeywords.getText(com.kms.katalon.core.testobject.ObjectRepository.findTestObject(Dashboard_Link Generator/validation)): Text of object 'Object Repository/Dashboard_Link Generator/validation' is: 'Details Updated, Please refresh logs for updated details'

2018-09-05 18:14:24 - [MESSAGE][PASSED] - Text of object 'Object Repository/Dashboard_Link Generator/validation' is: 'Details Updated, Please refresh logs for updated details'

2018-09-05 18:14:24 - [TEST_STEP][PASSED] - verifyMatch: Actual text 'Details Updated, Please refresh logs for updated details' and expected text 'Details Updated, Please refresh logs for updated details' are matched 

2018-09-05 18:14:24 - [MESSAGE][PASSED] - Actual text 'Details Updated, Please refresh logs for updated details' and expected text 'Details Updated, Please refresh logs for updated details' are matched 

2018-09-05 18:14:24 - [TEST_STEP][PASSED] - Statement - println("successful"): null

2018-09-05 18:14:24 - [TEST_STEP][PASSED] - clickOffset: Object: 'Object Repository/customerDetailsEdit/customerDetailScreen' is clicked on using offset x=100 and y=200

2018-09-05 18:14:24 - [MESSAGE][PASSED] - Object: 'Object Repository/customerDetailsEdit/customerDetailScreen' is clicked on using offset x=100 and y=200

2018-09-05 18:14:24 - [TEST_STEP][PASSED] - click: Object: 'Object Repository/customerDetailsEdit/refreshButton' is clicked on

2018-09-05 18:14:24 - [MESSAGE][PASSED] - Object: 'Object Repository/customerDetailsEdit/refreshButton' is clicked on]]></system-out>
         <system-err><![CDATA[]]></system-err>
      </testcase>
      <testcase name="Test Cases/completed/TestCase4_EditCustomerDetails/EnterNameAndSaveCustDetails" classname="Test Cases/completed/TestCase4_EditCustomerDetails/EnterNameAndSaveCustDetails" status="FAILED">
         <failure type="FAILED" message="Unable to click on object 'Object Repository/linkLog/editButton' (Root cause: com.kms.katalon.core.webui.exception.WebElementNotFoundException: Web element with id: 'Object Repository/linkLog/editButton' located by 'By.xpath: //*[@class = 'edit-btn']' not found)"/>
         <system-out><![CDATA[2018-09-05 18:14:24 - [TEST_CASE][FAILED] - Test Cases/completed/TestCase4_EditCustomerDetails/EnterNameAndSaveCustDetails: Test Cases/completed/TestCase4_EditCustomerDetails/EnterNameAndSaveCustDetails FAILED because (of) Unable to click on object 'Object Repository/linkLog/editButton' (Root cause: com.kms.katalon.core.webui.exception.WebElementNotFoundException: Web element with id: 'Object Repository/linkLog/editButton' located by 'By.xpath: //*[@class = 'edit-btn']' not found)

2018-09-05 18:14:25 - [TEST_STEP][PASSED] - callTestCase: Call Test Case 'Test Cases/BVT/aSimple_Login' successfully

2018-09-05 18:14:25 - [TEST_CASE][PASSED] - Test Cases/BVT/aSimple_Login: Test Cases/BVT/aSimple_Login

2018-09-05 18:14:25 - [TEST_STEP][PASSED] - openBrowser: Browser is opened with url: ''

2018-09-05 18:14:25 - [MESSAGE][WARNING] - A browser is already opened. Closing browser and opening a new one

2018-09-05 18:14:29 - [MESSAGE][PASSED] - Browser is opened with url: ''

2018-09-05 18:14:29 - [TEST_STEP][PASSED] - maximizeWindow: Current window maximized

2018-09-05 18:14:30 - [MESSAGE][PASSED] - Current window maximized

2018-09-05 18:14:30 - [TEST_STEP][PASSED] - navigateToUrl: Navigate to 'https://dev.vcalling.in/enterprises/UAT/Dashboard/index.html' successfully

2018-09-05 18:14:34 - [MESSAGE][PASSED] - Navigate to 'https://dev.vcalling.in/enterprises/UAT/Dashboard/index.html' successfully

2018-09-05 18:14:34 - [TEST_STEP][PASSED] - setText: Text 'testing4dea@gmail.com' is set on object 'Object Repository/Login/UserId'

2018-09-05 18:14:35 - [MESSAGE][PASSED] - Text 'testing4dea@gmail.com' is set on object 'Object Repository/Login/UserId'

2018-09-05 18:14:35 - [TEST_STEP][PASSED] - click: Object: 'Object Repository/Login/div_GET OTP' is clicked on

2018-09-05 18:14:36 - [MESSAGE][PASSED] - Object: 'Object Repository/Login/div_GET OTP' is clicked on

2018-09-05 18:14:36 - [TEST_STEP][PASSED] - waitForElementPresent: Object 'Object Repository/Login/div_SUBMIT' is present

2018-09-05 18:14:37 - [MESSAGE][PASSED] - Object 'Object Repository/Login/div_SUBMIT' is present

2018-09-05 18:14:37 - [TEST_STEP][PASSED] - Statement - If (com.kms.katalon.core.webui.keyword.WebUiBuiltInKeywords.verifyElementNotPresent(com.kms.katalon.core.testobject.ObjectRepository.findTestObject(Login/div_SUBMIT), 5, OPTIONAL)): Web element with id: 'Object Repository/Login/div_SUBMIT' located by 'By.xpath: //div[(text() = ' SUBMIT ' or . = ' SUBMIT ')]' is present after '5' second(s)

2018-09-05 18:14:43 - [MESSAGE][WARNING] - Web element with id: 'Object Repository/Login/div_SUBMIT' located by 'By.xpath: //div[(text() = ' SUBMIT ' or . = ' SUBMIT ')]' is present after '5' second(s)
[[ATTACHMENT|C:\\Users\\User\\Desktop\\Katalon Studio\\Katalon Studio\\vCallingDashboard\\Reports\\RegressionSuite\\20180905_175530\\1536151483445.png]]

2018-09-05 18:14:43 - [TEST_STEP][PASSED] - Statement - sleep(5000): null

2018-09-05 18:14:48 - [TEST_STEP][PASSED] - Statement - OTP = getOTP(): null

2018-09-05 18:14:48 - [TEST_STEP][PASSED] - Statement - host = "imap.gmail.com": null

2018-09-05 18:14:48 - [TEST_STEP][PASSED] - Statement - msg = <not implemented yet for class: org.codehaus.groovy.ast.expr.EmptyExpression>: null

2018-09-05 18:14:48 - [TEST_STEP][PASSED] - Statement - msgSub = <not implemented yet for class: org.codehaus.groovy.ast.expr.EmptyExpression>: null

2018-09-05 18:14:48 - [TEST_STEP][PASSED] - Statement - OTP = "unavailable": null

2018-09-05 18:14:48 - [TEST_STEP][PASSED] - Statement - props = new java.util.Properties(): null

2018-09-05 18:14:48 - [TEST_STEP][PASSED] - Statement - props.setProperty("mail.imap.ssl.enable", "true"): null

2018-09-05 18:14:48 - [TEST_STEP][PASSED] - Statement - session = javax.mail.Session.getInstance(props): null

2018-09-05 18:14:48 - [TEST_STEP][PASSED] - Statement - store = <not implemented yet for class: org.codehaus.groovy.ast.expr.EmptyExpression>: null

2018-09-05 18:14:48 - [TEST_STEP][PASSED] - Statement - Try: null

2018-09-05 18:14:48 - [TEST_STEP][PASSED] - Statement - store = session.getStore("imap"): null

2018-09-05 18:14:48 - [TEST_STEP][PASSED] - Statement - store.connect(host, Email, Password): null

2018-09-05 18:14:50 - [TEST_STEP][PASSED] - Statement - emailFolder = store.getFolder("INBOX"): null

2018-09-05 18:14:50 - [TEST_STEP][PASSED] - Statement - emailFolder.open(READ_WRITE): null

2018-09-05 18:14:51 - [TEST_STEP][PASSED] - Statement - messages = emailFolder.getMessages(): null

2018-09-05 18:14:51 - [TEST_STEP][PASSED] - Statement - n = length: null

2018-09-05 18:14:51 - [TEST_STEP][PASSED] - Statement - message = messages[n - 1]: null

2018-09-05 18:14:51 - [TEST_STEP][PASSED] - Statement - msgSub = message.getSubject(): null

2018-09-05 18:14:51 - [TEST_STEP][PASSED] - Statement - If (msgSub.equals("OTP to Sign In")): null

2018-09-05 18:14:51 - [TEST_STEP][PASSED] - Statement - msg = message.getContent().toString(): null

2018-09-05 18:14:52 - [TEST_STEP][PASSED] - Statement - OTP = msg.substring(msg.length() - 7): null

2018-09-05 18:14:52 - [TEST_STEP][PASSED] - Statement - message.setFlag(DELETED, true): null

2018-09-05 18:14:52 - [TEST_STEP][PASSED] - Statement - emailFolder.close(true): null

2018-09-05 18:14:52 - [TEST_STEP][PASSED] - Statement - store.close(): null

2018-09-05 18:14:53 - [TEST_STEP][PASSED] - Statement - return OTP: null

2018-09-05 18:14:53 - [TEST_STEP][PASSED] - Statement - If (OTP.equals("unavailable")): null

2018-09-05 18:14:53 - [TEST_STEP][PASSED] - Statement - Else: Text 'p6477
' is set on object 'Object Repository/Login/OtpInput'

2018-09-05 18:14:53 - [TEST_STEP][PASSED] - setText: Text 'p6477
' is set on object 'Object Repository/Login/OtpInput'

2018-09-05 18:14:53 - [MESSAGE][PASSED] - Text 'p6477
' is set on object 'Object Repository/Login/OtpInput'

2018-09-05 18:14:53 - [TEST_STEP][PASSED] - verifyElementPresent: Object 'Object Repository/Login/afterOpenDisplay' is present

2018-09-05 18:14:54 - [MESSAGE][PASSED] - Object 'Object Repository/Login/afterOpenDisplay' is present

2018-09-05 18:14:54 - [MESSAGE][PASSED] - Call Test Case 'Test Cases/BVT/aSimple_Login' successfully

2018-09-05 18:14:54 - [TEST_STEP][PASSED] - Statement - driver = com.kms.katalon.core.webui.driver.DriverFactory.getWebDriver(): null

2018-09-05 18:14:54 - [TEST_STEP][PASSED] - click: Object: 'Object Repository/Dashboard_Link Generator/linkgeneratorIcon' is clicked on

2018-09-05 18:14:56 - [MESSAGE][PASSED] - Object: 'Object Repository/Dashboard_Link Generator/linkgeneratorIcon' is clicked on

2018-09-05 18:14:56 - [TEST_STEP][PASSED] - Statement - x = CustomKeywords.newPackage.newKeyword.randomString(3).toLowerCase(): newPackage.newKeyword.randomString is PASSED

2018-09-05 18:14:56 - [MESSAGE][PASSED] - newPackage.newKeyword.randomString is PASSED

2018-09-05 18:14:56 - [TEST_STEP][PASSED] - Statement - teamMeberName = x: null

2018-09-05 18:14:56 - [TEST_STEP][PASSED] - setText: Text ' ' is set on object 'Object Repository/AddTeamMemberDashboard/name'

2018-09-05 18:14:57 - [MESSAGE][PASSED] - Text ' ' is set on object 'Object Repository/AddTeamMemberDashboard/name'

2018-09-05 18:14:57 - [TEST_STEP][PASSED] - setText: Text '3y6AEXUZ7L@gmail.com' is set on object 'Object Repository/AddTeamMemberDashboard/email'

2018-09-05 18:14:57 - [MESSAGE][PASSED] - newPackage.newKeyword.randomString is PASSED

2018-09-05 18:14:58 - [MESSAGE][PASSED] - Text '3y6AEXUZ7L@gmail.com' is set on object 'Object Repository/AddTeamMemberDashboard/email'

2018-09-05 18:14:58 - [TEST_STEP][PASSED] - setText: Text 'property' is set on object 'Object Repository/Dashboard_Link Generator/tag'

2018-09-05 18:14:59 - [MESSAGE][PASSED] - Text 'property' is set on object 'Object Repository/Dashboard_Link Generator/tag'

2018-09-05 18:14:59 - [TEST_STEP][PASSED] - click: Object: 'Object Repository/Dashboard_Link Generator/div_GET LINK' is clicked on

2018-09-05 18:14:59 - [MESSAGE][PASSED] - Object: 'Object Repository/Dashboard_Link Generator/div_GET LINK' is clicked on

2018-09-05 18:14:59 - [TEST_STEP][PASSED] - Statement - getLink = com.kms.katalon.core.webui.keyword.WebUiBuiltInKeywords.getAttribute(com.kms.katalon.core.testobject.ObjectRepository.findTestObject(Dashboard_Link Generator/input_link-text), "value"): Attribute 'value' of object 'Object Repository/Dashboard_Link Generator/input_link-text' is: 'https://dev.vcalling.in/url/UAT/?id=UAT-1-538'

2018-09-05 18:14:59 - [MESSAGE][PASSED] - Attribute 'value' of object 'Object Repository/Dashboard_Link Generator/input_link-text' is: 'https://dev.vcalling.in/url/UAT/?id=UAT-1-538'

2018-09-05 18:14:59 - [TEST_STEP][PASSED] - Statement - println(getLink): null

2018-09-05 18:14:59 - [TEST_STEP][PASSED] - click: Object: 'Object Repository/Dashboard_Link Generator/copyLink' is clicked on

2018-09-05 18:15:00 - [MESSAGE][PASSED] - Object: 'Object Repository/Dashboard_Link Generator/copyLink' is clicked on

2018-09-05 18:15:00 - [TEST_STEP][PASSED] - Statement - If (com.kms.katalon.core.webui.keyword.WebUiBuiltInKeywords.verifyElementPresent(com.kms.katalon.core.testobject.ObjectRepository.findTestObject(Dashboard_Link Generator/validation), 5, OPTIONAL)): null

2018-09-05 18:15:00 - [MESSAGE][PASSED] - Object 'Object Repository/Dashboard_Link Generator/validation' is present

2018-09-05 18:15:00 - [TEST_STEP][PASSED] - Statement - validationMessage = com.kms.katalon.core.webui.keyword.WebUiBuiltInKeywords.getText(com.kms.katalon.core.testobject.ObjectRepository.findTestObject(Dashboard_Link Generator/validation)): Text of object 'Object Repository/Dashboard_Link Generator/validation' is: 'Link Copied.!'

2018-09-05 18:15:00 - [MESSAGE][PASSED] - Text of object 'Object Repository/Dashboard_Link Generator/validation' is: 'Link Copied.!'

2018-09-05 18:15:00 - [TEST_STEP][PASSED] - verifyMatch: Actual text 'Link Copied.!' and expected text 'Link Copied.!' are matched 

2018-09-05 18:15:00 - [MESSAGE][PASSED] - Actual text 'Link Copied.!' and expected text 'Link Copied.!' are matched 

2018-09-05 18:15:00 - [TEST_STEP][PASSED] - Statement - println("successful"): null

2018-09-05 18:15:00 - [TEST_STEP][PASSED] - Statement - linkUserName = driver.findElements(org.openqa.selenium.By.className("text-link-log")): null

2018-09-05 18:15:00 - [TEST_STEP][PASSED] - Statement - previousCountValue = 0: null

2018-09-05 18:15:00 - [TEST_STEP][PASSED] - Statement - For ([i = 0, i < linkUserName.size(), (i++)]): null

2018-09-05 18:15:00 - [TEST_STEP][PASSED] - Statement - out.println("Admin Console: " + linkUserName.get(i).getText()): null

2018-09-05 18:15:01 - [TEST_STEP][PASSED] - Statement - linkLogmembername = linkUserName.get(i).getText(): null

2018-09-05 18:15:01 - [TEST_STEP][PASSED] - Statement - If (linkLogmembername.equals(teamMeberName)): null

2018-09-05 18:15:01 - [TEST_STEP][PASSED] - Statement - out.println("Admin Console: " + linkUserName.get(i).getText()): null

2018-09-05 18:15:01 - [TEST_STEP][PASSED] - Statement - linkLogmembername = linkUserName.get(i).getText(): null

2018-09-05 18:15:01 - [TEST_STEP][PASSED] - Statement - If (linkLogmembername.equals(teamMeberName)): null

2018-09-05 18:15:01 - [TEST_STEP][PASSED] - Statement - out.println("Admin Console: " + linkUserName.get(i).getText()): null

2018-09-05 18:15:01 - [TEST_STEP][PASSED] - Statement - linkLogmembername = linkUserName.get(i).getText(): null

2018-09-05 18:15:01 - [TEST_STEP][PASSED] - Statement - If (linkLogmembername.equals(teamMeberName)): null

2018-09-05 18:15:01 - [TEST_STEP][PASSED] - Statement - out.println("Admin Console: " + linkUserName.get(i).getText()): null

2018-09-05 18:15:02 - [TEST_STEP][PASSED] - Statement - linkLogmembername = linkUserName.get(i).getText(): null

2018-09-05 18:15:02 - [TEST_STEP][PASSED] - Statement - If (linkLogmembername.equals(teamMeberName)): null

2018-09-05 18:15:02 - [TEST_STEP][PASSED] - Statement - out.println("Admin Console: " + linkUserName.get(i).getText()): null

2018-09-05 18:15:02 - [TEST_STEP][PASSED] - Statement - linkLogmembername = linkUserName.get(i).getText(): null

2018-09-05 18:15:02 - [TEST_STEP][PASSED] - Statement - If (linkLogmembername.equals(teamMeberName)): null

2018-09-05 18:15:02 - [TEST_STEP][PASSED] - Statement - out.println("Admin Console: " + linkUserName.get(i).getText()): null

2018-09-05 18:15:02 - [TEST_STEP][PASSED] - Statement - linkLogmembername = linkUserName.get(i).getText(): null

2018-09-05 18:15:02 - [TEST_STEP][PASSED] - Statement - If (linkLogmembername.equals(teamMeberName)): null

2018-09-05 18:15:02 - [TEST_STEP][PASSED] - Statement - out.println("Admin Console: " + linkUserName.get(i).getText()): null

2018-09-05 18:15:02 - [TEST_STEP][PASSED] - Statement - linkLogmembername = linkUserName.get(i).getText(): null

2018-09-05 18:15:02 - [TEST_STEP][PASSED] - Statement - If (linkLogmembername.equals(teamMeberName)): null

2018-09-05 18:15:02 - [TEST_STEP][PASSED] - Statement - out.println("Admin Console: " + linkUserName.get(i).getText()): null

2018-09-05 18:15:02 - [TEST_STEP][PASSED] - Statement - linkLogmembername = linkUserName.get(i).getText(): null

2018-09-05 18:15:02 - [TEST_STEP][PASSED] - Statement - If (linkLogmembername.equals(teamMeberName)): null

2018-09-05 18:15:02 - [TEST_STEP][PASSED] - Statement - out.println("Admin Console: " + linkUserName.get(i).getText()): null

2018-09-05 18:15:02 - [TEST_STEP][PASSED] - Statement - linkLogmembername = linkUserName.get(i).getText(): null

2018-09-05 18:15:02 - [TEST_STEP][PASSED] - Statement - If (linkLogmembername.equals(teamMeberName)): null

2018-09-05 18:15:02 - [TEST_STEP][PASSED] - Statement - out.println("Admin Console: " + linkUserName.get(i).getText()): null

2018-09-05 18:15:02 - [TEST_STEP][PASSED] - Statement - linkLogmembername = linkUserName.get(i).getText(): null

2018-09-05 18:15:02 - [TEST_STEP][PASSED] - Statement - If (linkLogmembername.equals(teamMeberName)): null

2018-09-05 18:15:02 - [TEST_STEP][PASSED] - Statement - out.println("Admin Console: " + linkUserName.get(i).getText()): null

2018-09-05 18:15:02 - [TEST_STEP][PASSED] - Statement - linkLogmembername = linkUserName.get(i).getText(): null

2018-09-05 18:15:02 - [TEST_STEP][PASSED] - Statement - If (linkLogmembername.equals(teamMeberName)): null

2018-09-05 18:15:02 - [TEST_STEP][PASSED] - Statement - out.println("Admin Console: " + linkUserName.get(i).getText()): null

2018-09-05 18:15:02 - [TEST_STEP][PASSED] - Statement - linkLogmembername = linkUserName.get(i).getText(): null

2018-09-05 18:15:02 - [TEST_STEP][PASSED] - Statement - If (linkLogmembername.equals(teamMeberName)): null

2018-09-05 18:15:02 - [TEST_STEP][PASSED] - Statement - out.println("Admin Console: " + linkUserName.get(i).getText()): null

2018-09-05 18:15:02 - [TEST_STEP][PASSED] - Statement - linkLogmembername = linkUserName.get(i).getText(): null

2018-09-05 18:15:03 - [TEST_STEP][PASSED] - Statement - If (linkLogmembername.equals(teamMeberName)): null

2018-09-05 18:15:03 - [TEST_STEP][PASSED] - Statement - out.println("Admin Console: " + linkUserName.get(i).getText()): null

2018-09-05 18:15:03 - [TEST_STEP][PASSED] - Statement - linkLogmembername = linkUserName.get(i).getText(): null

2018-09-05 18:15:03 - [TEST_STEP][PASSED] - Statement - If (linkLogmembername.equals(teamMeberName)): null

2018-09-05 18:15:03 - [TEST_STEP][PASSED] - Statement - out.println("Admin Console: " + linkUserName.get(i).getText()): null

2018-09-05 18:15:03 - [TEST_STEP][PASSED] - Statement - linkLogmembername = linkUserName.get(i).getText(): null

2018-09-05 18:15:03 - [TEST_STEP][PASSED] - Statement - If (linkLogmembername.equals(teamMeberName)): null

2018-09-05 18:15:03 - [TEST_STEP][PASSED] - Statement - out.println("Admin Console: " + linkUserName.get(i).getText()): null

2018-09-05 18:15:03 - [TEST_STEP][PASSED] - Statement - linkLogmembername = linkUserName.get(i).getText(): null

2018-09-05 18:15:03 - [TEST_STEP][PASSED] - Statement - If (linkLogmembername.equals(teamMeberName)): null

2018-09-05 18:15:03 - [TEST_STEP][PASSED] - Statement - out.println("Admin Console: " + linkUserName.get(i).getText()): null

2018-09-05 18:15:03 - [TEST_STEP][PASSED] - Statement - linkLogmembername = linkUserName.get(i).getText(): null

2018-09-05 18:15:03 - [TEST_STEP][PASSED] - Statement - If (linkLogmembername.equals(teamMeberName)): null

2018-09-05 18:15:03 - [TEST_STEP][PASSED] - Statement - out.println("Admin Console: " + linkUserName.get(i).getText()): null

2018-09-05 18:15:03 - [TEST_STEP][PASSED] - Statement - linkLogmembername = linkUserName.get(i).getText(): null

2018-09-05 18:15:03 - [TEST_STEP][PASSED] - Statement - If (linkLogmembername.equals(teamMeberName)): null

2018-09-05 18:15:03 - [TEST_STEP][PASSED] - Statement - out.println("Admin Console: " + linkUserName.get(i).getText()): null

2018-09-05 18:15:03 - [TEST_STEP][PASSED] - Statement - linkLogmembername = linkUserName.get(i).getText(): null

2018-09-05 18:15:03 - [TEST_STEP][PASSED] - Statement - If (linkLogmembername.equals(teamMeberName)): null

2018-09-05 18:15:03 - [TEST_STEP][PASSED] - Statement - out.println("Admin Console: " + linkUserName.get(i).getText()): null

2018-09-05 18:15:03 - [TEST_STEP][PASSED] - Statement - linkLogmembername = linkUserName.get(i).getText(): null

2018-09-05 18:15:03 - [TEST_STEP][PASSED] - Statement - If (linkLogmembername.equals(teamMeberName)): null

2018-09-05 18:15:03 - [TEST_STEP][PASSED] - Statement - out.println("Admin Console: " + linkUserName.get(i).getText()): null

2018-09-05 18:15:03 - [TEST_STEP][PASSED] - Statement - linkLogmembername = linkUserName.get(i).getText(): null

2018-09-05 18:15:03 - [TEST_STEP][PASSED] - Statement - If (linkLogmembername.equals(teamMeberName)): null

2018-09-05 18:15:03 - [TEST_STEP][PASSED] - Statement - out.println("Admin Console: " + linkUserName.get(i).getText()): null

2018-09-05 18:15:03 - [TEST_STEP][PASSED] - Statement - linkLogmembername = linkUserName.get(i).getText(): null

2018-09-05 18:15:03 - [TEST_STEP][PASSED] - Statement - If (linkLogmembername.equals(teamMeberName)): null

2018-09-05 18:15:03 - [TEST_STEP][PASSED] - Statement - out.println("Admin Console: " + linkUserName.get(i).getText()): null

2018-09-05 18:15:03 - [TEST_STEP][PASSED] - Statement - linkLogmembername = linkUserName.get(i).getText(): null

2018-09-05 18:15:03 - [TEST_STEP][PASSED] - Statement - If (linkLogmembername.equals(teamMeberName)): null

2018-09-05 18:15:03 - [TEST_STEP][PASSED] - Statement - out.println("Admin Console: " + linkUserName.get(i).getText()): null

2018-09-05 18:15:03 - [TEST_STEP][PASSED] - Statement - linkLogmembername = linkUserName.get(i).getText(): null

2018-09-05 18:15:03 - [TEST_STEP][PASSED] - Statement - If (linkLogmembername.equals(teamMeberName)): null

2018-09-05 18:15:03 - [TEST_STEP][PASSED] - Statement - out.println("Admin Console: " + linkUserName.get(i).getText()): null

2018-09-05 18:15:03 - [TEST_STEP][PASSED] - Statement - linkLogmembername = linkUserName.get(i).getText(): null

2018-09-05 18:15:03 - [TEST_STEP][PASSED] - Statement - If (linkLogmembername.equals(teamMeberName)): null

2018-09-05 18:15:03 - [TEST_STEP][PASSED] - Statement - out.println("Admin Console: " + linkUserName.get(i).getText()): null

2018-09-05 18:15:03 - [TEST_STEP][PASSED] - Statement - linkLogmembername = linkUserName.get(i).getText(): null

2018-09-05 18:15:03 - [TEST_STEP][PASSED] - Statement - If (linkLogmembername.equals(teamMeberName)): null

2018-09-05 18:15:03 - [TEST_STEP][PASSED] - Statement - out.println("Admin Console: " + linkUserName.get(i).getText()): null

2018-09-05 18:15:04 - [TEST_STEP][PASSED] - Statement - linkLogmembername = linkUserName.get(i).getText(): null

2018-09-05 18:15:04 - [TEST_STEP][PASSED] - Statement - If (linkLogmembername.equals(teamMeberName)): null

2018-09-05 18:15:04 - [TEST_STEP][PASSED] - Statement - out.println("Admin Console: " + linkUserName.get(i).getText()): null

2018-09-05 18:15:04 - [TEST_STEP][PASSED] - Statement - linkLogmembername = linkUserName.get(i).getText(): null

2018-09-05 18:15:04 - [TEST_STEP][PASSED] - Statement - If (linkLogmembername.equals(teamMeberName)): null

2018-09-05 18:15:04 - [TEST_STEP][PASSED] - Statement - out.println("Admin Console: " + linkUserName.get(i).getText()): null

2018-09-05 18:15:04 - [TEST_STEP][PASSED] - Statement - linkLogmembername = linkUserName.get(i).getText(): null

2018-09-05 18:15:04 - [TEST_STEP][PASSED] - Statement - If (linkLogmembername.equals(teamMeberName)): null

2018-09-05 18:15:04 - [TEST_STEP][PASSED] - Statement - out.println("Admin Console: " + linkUserName.get(i).getText()): null

2018-09-05 18:15:04 - [TEST_STEP][PASSED] - Statement - linkLogmembername = linkUserName.get(i).getText(): null

2018-09-05 18:15:04 - [TEST_STEP][PASSED] - Statement - If (linkLogmembername.equals(teamMeberName)): null

2018-09-05 18:15:04 - [TEST_STEP][PASSED] - Statement - out.println("Admin Console: " + linkUserName.get(i).getText()): null

2018-09-05 18:15:04 - [TEST_STEP][PASSED] - Statement - linkLogmembername = linkUserName.get(i).getText(): null

2018-09-05 18:15:04 - [TEST_STEP][PASSED] - Statement - If (linkLogmembername.equals(teamMeberName)): null

2018-09-05 18:15:04 - [TEST_STEP][PASSED] - Statement - out.println("Admin Console: " + linkUserName.get(i).getText()): null

2018-09-05 18:15:04 - [TEST_STEP][PASSED] - Statement - linkLogmembername = linkUserName.get(i).getText(): null

2018-09-05 18:15:04 - [TEST_STEP][PASSED] - Statement - If (linkLogmembername.equals(teamMeberName)): null

2018-09-05 18:15:04 - [TEST_STEP][PASSED] - Statement - out.println("Admin Console: " + linkUserName.get(i).getText()): null

2018-09-05 18:15:04 - [TEST_STEP][PASSED] - Statement - linkLogmembername = linkUserName.get(i).getText(): null

2018-09-05 18:15:04 - [TEST_STEP][PASSED] - Statement - If (linkLogmembername.equals(teamMeberName)): null

2018-09-05 18:15:04 - [TEST_STEP][PASSED] - Statement - out.println("Admin Console: " + linkUserName.get(i).getText()): null

2018-09-05 18:15:04 - [TEST_STEP][PASSED] - Statement - linkLogmembername = linkUserName.get(i).getText(): null

2018-09-05 18:15:04 - [TEST_STEP][PASSED] - Statement - If (linkLogmembername.equals(teamMeberName)): null

2018-09-05 18:15:04 - [TEST_STEP][PASSED] - Statement - out.println("Admin Console: " + linkUserName.get(i).getText()): null

2018-09-05 18:15:04 - [TEST_STEP][PASSED] - Statement - linkLogmembername = linkUserName.get(i).getText(): null

2018-09-05 18:15:05 - [TEST_STEP][PASSED] - Statement - If (linkLogmembername.equals(teamMeberName)): null

2018-09-05 18:15:05 - [TEST_STEP][PASSED] - Statement - out.println("Admin Console: " + linkUserName.get(i).getText()): null

2018-09-05 18:15:05 - [TEST_STEP][PASSED] - Statement - linkLogmembername = linkUserName.get(i).getText(): null

2018-09-05 18:15:05 - [TEST_STEP][PASSED] - Statement - If (linkLogmembername.equals(teamMeberName)): null

2018-09-05 18:15:05 - [TEST_STEP][PASSED] - Statement - out.println("Admin Console: " + linkUserName.get(i).getText()): null

2018-09-05 18:15:05 - [TEST_STEP][PASSED] - Statement - linkLogmembername = linkUserName.get(i).getText(): null

2018-09-05 18:15:05 - [TEST_STEP][PASSED] - Statement - If (linkLogmembername.equals(teamMeberName)): null

2018-09-05 18:15:05 - [TEST_STEP][PASSED] - Statement - out.println("Admin Console: " + linkUserName.get(i).getText()): null

2018-09-05 18:15:05 - [TEST_STEP][PASSED] - Statement - linkLogmembername = linkUserName.get(i).getText(): null

2018-09-05 18:15:05 - [TEST_STEP][PASSED] - Statement - If (linkLogmembername.equals(teamMeberName)): null

2018-09-05 18:15:05 - [TEST_STEP][PASSED] - Statement - out.println("Admin Console: " + linkUserName.get(i).getText()): null

2018-09-05 18:15:05 - [TEST_STEP][PASSED] - Statement - linkLogmembername = linkUserName.get(i).getText(): null

2018-09-05 18:15:05 - [TEST_STEP][PASSED] - Statement - If (linkLogmembername.equals(teamMeberName)): null

2018-09-05 18:15:05 - [TEST_STEP][PASSED] - Statement - out.println("Admin Console: " + linkUserName.get(i).getText()): null

2018-09-05 18:15:05 - [TEST_STEP][PASSED] - Statement - linkLogmembername = linkUserName.get(i).getText(): null

2018-09-05 18:15:05 - [TEST_STEP][PASSED] - Statement - If (linkLogmembername.equals(teamMeberName)): null

2018-09-05 18:15:05 - [TEST_STEP][PASSED] - Statement - out.println("Admin Console: " + linkUserName.get(i).getText()): null

2018-09-05 18:15:06 - [TEST_STEP][PASSED] - Statement - linkLogmembername = linkUserName.get(i).getText(): null

2018-09-05 18:15:06 - [TEST_STEP][PASSED] - Statement - If (linkLogmembername.equals(teamMeberName)): null

2018-09-05 18:15:06 - [TEST_STEP][PASSED] - Statement - out.println("Admin Console: " + linkUserName.get(i).getText()): null

2018-09-05 18:15:06 - [TEST_STEP][PASSED] - Statement - linkLogmembername = linkUserName.get(i).getText(): null

2018-09-05 18:15:06 - [TEST_STEP][PASSED] - Statement - If (linkLogmembername.equals(teamMeberName)): null

2018-09-05 18:15:06 - [TEST_STEP][PASSED] - Statement - out.println("Admin Console: " + linkUserName.get(i).getText()): null

2018-09-05 18:15:06 - [TEST_STEP][PASSED] - Statement - linkLogmembername = linkUserName.get(i).getText(): null

2018-09-05 18:15:06 - [TEST_STEP][PASSED] - Statement - If (linkLogmembername.equals(teamMeberName)): null

2018-09-05 18:15:06 - [TEST_STEP][PASSED] - Statement - out.println("Admin Console: " + linkUserName.get(i).getText()): null

2018-09-05 18:15:06 - [TEST_STEP][PASSED] - Statement - linkLogmembername = linkUserName.get(i).getText(): null

2018-09-05 18:15:06 - [TEST_STEP][PASSED] - Statement - If (linkLogmembername.equals(teamMeberName)): null

2018-09-05 18:15:06 - [TEST_STEP][PASSED] - Statement - out.println("Admin Console: " + linkUserName.get(i).getText()): null

2018-09-05 18:15:06 - [TEST_STEP][PASSED] - Statement - linkLogmembername = linkUserName.get(i).getText(): null

2018-09-05 18:15:06 - [TEST_STEP][PASSED] - Statement - If (linkLogmembername.equals(teamMeberName)): null

2018-09-05 18:15:06 - [TEST_STEP][PASSED] - Statement - out.println("Admin Console: " + linkUserName.get(i).getText()): null

2018-09-05 18:15:06 - [TEST_STEP][PASSED] - Statement - linkLogmembername = linkUserName.get(i).getText(): null

2018-09-05 18:15:06 - [TEST_STEP][PASSED] - Statement - If (linkLogmembername.equals(teamMeberName)): null

2018-09-05 18:15:06 - [TEST_STEP][PASSED] - Statement - out.println("Admin Console: " + linkUserName.get(i).getText()): null

2018-09-05 18:15:07 - [TEST_STEP][PASSED] - Statement - linkLogmembername = linkUserName.get(i).getText(): null

2018-09-05 18:15:07 - [TEST_STEP][PASSED] - Statement - If (linkLogmembername.equals(teamMeberName)): null

2018-09-05 18:15:07 - [TEST_STEP][PASSED] - Statement - out.println("Admin Console: " + linkUserName.get(i).getText()): null

2018-09-05 18:15:07 - [TEST_STEP][PASSED] - Statement - linkLogmembername = linkUserName.get(i).getText(): null

2018-09-05 18:15:07 - [TEST_STEP][PASSED] - Statement - If (linkLogmembername.equals(teamMeberName)): null

2018-09-05 18:15:07 - [TEST_STEP][PASSED] - Statement - out.println("Admin Console: " + linkUserName.get(i).getText()): null

2018-09-05 18:15:07 - [TEST_STEP][PASSED] - Statement - linkLogmembername = linkUserName.get(i).getText(): null

2018-09-05 18:15:07 - [TEST_STEP][PASSED] - Statement - If (linkLogmembername.equals(teamMeberName)): null

2018-09-05 18:15:07 - [TEST_STEP][PASSED] - Statement - out.println("Admin Console: " + linkUserName.get(i).getText()): null

2018-09-05 18:15:07 - [TEST_STEP][PASSED] - Statement - linkLogmembername = linkUserName.get(i).getText(): null

2018-09-05 18:15:07 - [TEST_STEP][PASSED] - Statement - If (linkLogmembername.equals(teamMeberName)): null

2018-09-05 18:15:07 - [TEST_STEP][PASSED] - Statement - out.println("Admin Console: " + linkUserName.get(i).getText()): null

2018-09-05 18:15:07 - [TEST_STEP][PASSED] - Statement - linkLogmembername = linkUserName.get(i).getText(): null

2018-09-05 18:15:07 - [TEST_STEP][PASSED] - Statement - If (linkLogmembername.equals(teamMeberName)): null

2018-09-05 18:15:07 - [TEST_STEP][PASSED] - Statement - out.println("Admin Console: " + linkUserName.get(i).getText()): null

2018-09-05 18:15:07 - [TEST_STEP][PASSED] - Statement - linkLogmembername = linkUserName.get(i).getText(): null

2018-09-05 18:15:07 - [TEST_STEP][PASSED] - Statement - If (linkLogmembername.equals(teamMeberName)): null

2018-09-05 18:15:07 - [TEST_STEP][PASSED] - Statement - out.println("Admin Console: " + linkUserName.get(i).getText()): null

2018-09-05 18:15:07 - [TEST_STEP][PASSED] - Statement - linkLogmembername = linkUserName.get(i).getText(): null

2018-09-05 18:15:07 - [TEST_STEP][PASSED] - Statement - If (linkLogmembername.equals(teamMeberName)): null

2018-09-05 18:15:07 - [TEST_STEP][PASSED] - Statement - out.println("Admin Console: " + linkUserName.get(i).getText()): null

2018-09-05 18:15:07 - [TEST_STEP][PASSED] - Statement - linkLogmembername = linkUserName.get(i).getText(): null

2018-09-05 18:15:07 - [TEST_STEP][PASSED] - Statement - If (linkLogmembername.equals(teamMeberName)): null

2018-09-05 18:15:07 - [TEST_STEP][PASSED] - Statement - out.println("Admin Console: " + linkUserName.get(i).getText()): null

2018-09-05 18:15:07 - [TEST_STEP][PASSED] - Statement - linkLogmembername = linkUserName.get(i).getText(): null

2018-09-05 18:15:07 - [TEST_STEP][PASSED] - Statement - If (linkLogmembername.equals(teamMeberName)): null

2018-09-05 18:15:07 - [TEST_STEP][PASSED] - Statement - out.println("Admin Console: " + linkUserName.get(i).getText()): null

2018-09-05 18:15:07 - [TEST_STEP][PASSED] - Statement - linkLogmembername = linkUserName.get(i).getText(): null

2018-09-05 18:15:07 - [TEST_STEP][PASSED] - Statement - If (linkLogmembername.equals(teamMeberName)): null

2018-09-05 18:15:07 - [TEST_STEP][PASSED] - Statement - out.println("Admin Console: " + linkUserName.get(i).getText()): null

2018-09-05 18:15:08 - [TEST_STEP][PASSED] - Statement - linkLogmembername = linkUserName.get(i).getText(): null

2018-09-05 18:15:08 - [TEST_STEP][PASSED] - Statement - If (linkLogmembername.equals(teamMeberName)): null

2018-09-05 18:15:08 - [TEST_STEP][PASSED] - Statement - If (com.kms.katalon.core.webui.keyword.WebUiBuiltInKeywords.verifyElementPresent(com.kms.katalon.core.testobject.ObjectRepository.findTestObject(Object Repository/linkLog/customerProfileDetails), 5, OPTIONAL)): com.kms.katalon.core.webui.exception.WebElementNotFoundException: Web element with id: 'Object Repository/linkLog/customerProfileDetails' located by 'By.xpath: //*[@class = 'customer-details-screen']' not found

2018-09-05 18:15:13 - [MESSAGE][WARNING] - com.kms.katalon.core.webui.exception.WebElementNotFoundException: Web element with id: 'Object Repository/linkLog/customerProfileDetails' located by 'By.xpath: //*[@class = 'customer-details-screen']' not found
[[ATTACHMENT|C:\\Users\\User\\Desktop\\Katalon Studio\\Katalon Studio\\vCallingDashboard\\Reports\\RegressionSuite\\20180905_175530\\1536151513207.png]]

2018-09-05 18:15:13 - [TEST_STEP][PASSED] - Statement - Else: null

2018-09-05 18:15:13 - [TEST_STEP][PASSED] - Statement - println("link log container not open"): null

2018-09-05 18:15:13 - [TEST_STEP][FAILED] - click: Unable to click on object 'Object Repository/linkLog/editButton' (Root cause: com.kms.katalon.core.webui.exception.WebElementNotFoundException: Web element with id: 'Object Repository/linkLog/editButton' located by 'By.xpath: //*[@class = 'edit-btn']' not found)

2018-09-05 18:15:44 - [MESSAGE][FAILED] - Unable to click on object 'Object Repository/linkLog/editButton' (Root cause: com.kms.katalon.core.webui.exception.WebElementNotFoundException: Web element with id: 'Object Repository/linkLog/editButton' located by 'By.xpath: //*[@class = 'edit-btn']' not found)
[[ATTACHMENT|C:\\Users\\User\\Desktop\\Katalon Studio\\Katalon Studio\\vCallingDashboard\\Reports\\RegressionSuite\\20180905_175530\\1536151544649.png]]]]></system-out>
         <system-err><![CDATA[2018-09-05 18:14:24 - [TEST_CASE][FAILED] - Test Cases/completed/TestCase4_EditCustomerDetails/EnterNameAndSaveCustDetails: Test Cases/completed/TestCase4_EditCustomerDetails/EnterNameAndSaveCustDetails FAILED because (of) Unable to click on object 'Object Repository/linkLog/editButton' (Root cause: com.kms.katalon.core.webui.exception.WebElementNotFoundException: Web element with id: 'Object Repository/linkLog/editButton' located by 'By.xpath: //*[@class = 'edit-btn']' not found)]]></system-err>
      </testcase>
      <testcase name="Test Cases/completed/TestCase4_EditCustomerDetails/removeCustomerContactInTheDetails" classname="Test Cases/completed/TestCase4_EditCustomerDetails/removeCustomerContactInTheDetails" status="PASSED">
         <system-out><![CDATA[2018-09-05 18:15:44 - [TEST_CASE][PASSED] - Test Cases/completed/TestCase4_EditCustomerDetails/removeCustomerContactInTheDetails: Test Cases/completed/TestCase4_EditCustomerDetails/removeCustomerContactInTheDetails

2018-09-05 18:15:45 - [TEST_STEP][PASSED] - callTestCase: Call Test Case 'Test Cases/BVT/aSimple_Login' successfully

2018-09-05 18:15:45 - [TEST_CASE][PASSED] - Test Cases/BVT/aSimple_Login: Test Cases/BVT/aSimple_Login

2018-09-05 18:15:45 - [TEST_STEP][PASSED] - openBrowser: Browser is opened with url: ''

2018-09-05 18:15:45 - [MESSAGE][WARNING] - A browser is already opened. Closing browser and opening a new one

2018-09-05 18:15:48 - [MESSAGE][PASSED] - Browser is opened with url: ''

2018-09-05 18:15:48 - [TEST_STEP][PASSED] - maximizeWindow: Current window maximized

2018-09-05 18:15:49 - [MESSAGE][PASSED] - Current window maximized

2018-09-05 18:15:49 - [TEST_STEP][PASSED] - navigateToUrl: Navigate to 'https://dev.vcalling.in/enterprises/UAT/Dashboard/index.html' successfully

2018-09-05 18:15:53 - [MESSAGE][PASSED] - Navigate to 'https://dev.vcalling.in/enterprises/UAT/Dashboard/index.html' successfully

2018-09-05 18:15:53 - [TEST_STEP][PASSED] - setText: Text 'testing4dea@gmail.com' is set on object 'Object Repository/Login/UserId'

2018-09-05 18:15:54 - [MESSAGE][PASSED] - Text 'testing4dea@gmail.com' is set on object 'Object Repository/Login/UserId'

2018-09-05 18:15:54 - [TEST_STEP][PASSED] - click: Object: 'Object Repository/Login/div_GET OTP' is clicked on

2018-09-05 18:15:55 - [MESSAGE][PASSED] - Object: 'Object Repository/Login/div_GET OTP' is clicked on

2018-09-05 18:15:55 - [TEST_STEP][PASSED] - waitForElementPresent: Object 'Object Repository/Login/div_SUBMIT' is present

2018-09-05 18:15:57 - [MESSAGE][PASSED] - Object 'Object Repository/Login/div_SUBMIT' is present

2018-09-05 18:15:57 - [TEST_STEP][PASSED] - Statement - If (com.kms.katalon.core.webui.keyword.WebUiBuiltInKeywords.verifyElementNotPresent(com.kms.katalon.core.testobject.ObjectRepository.findTestObject(Login/div_SUBMIT), 5, OPTIONAL)): Web element with id: 'Object Repository/Login/div_SUBMIT' located by 'By.xpath: //div[(text() = ' SUBMIT ' or . = ' SUBMIT ')]' is present after '5' second(s)

2018-09-05 18:16:02 - [MESSAGE][WARNING] - Web element with id: 'Object Repository/Login/div_SUBMIT' located by 'By.xpath: //div[(text() = ' SUBMIT ' or . = ' SUBMIT ')]' is present after '5' second(s)
[[ATTACHMENT|C:\\Users\\User\\Desktop\\Katalon Studio\\Katalon Studio\\vCallingDashboard\\Reports\\RegressionSuite\\20180905_175530\\1536151562213.png]]

2018-09-05 18:16:02 - [TEST_STEP][PASSED] - Statement - sleep(5000): null

2018-09-05 18:16:07 - [TEST_STEP][PASSED] - Statement - OTP = getOTP(): null

2018-09-05 18:16:07 - [TEST_STEP][PASSED] - Statement - host = "imap.gmail.com": null

2018-09-05 18:16:07 - [TEST_STEP][PASSED] - Statement - msg = <not implemented yet for class: org.codehaus.groovy.ast.expr.EmptyExpression>: null

2018-09-05 18:16:07 - [TEST_STEP][PASSED] - Statement - msgSub = <not implemented yet for class: org.codehaus.groovy.ast.expr.EmptyExpression>: null

2018-09-05 18:16:07 - [TEST_STEP][PASSED] - Statement - OTP = "unavailable": null

2018-09-05 18:16:07 - [TEST_STEP][PASSED] - Statement - props = new java.util.Properties(): null

2018-09-05 18:16:07 - [TEST_STEP][PASSED] - Statement - props.setProperty("mail.imap.ssl.enable", "true"): null

2018-09-05 18:16:07 - [TEST_STEP][PASSED] - Statement - session = javax.mail.Session.getInstance(props): null

2018-09-05 18:16:07 - [TEST_STEP][PASSED] - Statement - store = <not implemented yet for class: org.codehaus.groovy.ast.expr.EmptyExpression>: null

2018-09-05 18:16:07 - [TEST_STEP][PASSED] - Statement - Try: null

2018-09-05 18:16:07 - [TEST_STEP][PASSED] - Statement - store = session.getStore("imap"): null

2018-09-05 18:16:07 - [TEST_STEP][PASSED] - Statement - store.connect(host, Email, Password): null

2018-09-05 18:16:09 - [TEST_STEP][PASSED] - Statement - emailFolder = store.getFolder("INBOX"): null

2018-09-05 18:16:09 - [TEST_STEP][PASSED] - Statement - emailFolder.open(READ_WRITE): null

2018-09-05 18:16:09 - [TEST_STEP][PASSED] - Statement - messages = emailFolder.getMessages(): null

2018-09-05 18:16:09 - [TEST_STEP][PASSED] - Statement - n = length: null

2018-09-05 18:16:09 - [TEST_STEP][PASSED] - Statement - message = messages[n - 1]: null

2018-09-05 18:16:09 - [TEST_STEP][PASSED] - Statement - msgSub = message.getSubject(): null

2018-09-05 18:16:10 - [TEST_STEP][PASSED] - Statement - If (msgSub.equals("OTP to Sign In")): null

2018-09-05 18:16:10 - [TEST_STEP][PASSED] - Statement - msg = message.getContent().toString(): null

2018-09-05 18:16:11 - [TEST_STEP][PASSED] - Statement - OTP = msg.substring(msg.length() - 7): null

2018-09-05 18:16:11 - [TEST_STEP][PASSED] - Statement - message.setFlag(DELETED, true): null

2018-09-05 18:16:11 - [TEST_STEP][PASSED] - Statement - emailFolder.close(true): null

2018-09-05 18:16:11 - [TEST_STEP][PASSED] - Statement - store.close(): null

2018-09-05 18:16:12 - [TEST_STEP][PASSED] - Statement - return OTP: null

2018-09-05 18:16:12 - [TEST_STEP][PASSED] - Statement - If (OTP.equals("unavailable")): null

2018-09-05 18:16:12 - [TEST_STEP][PASSED] - Statement - Else: Text 't7072
' is set on object 'Object Repository/Login/OtpInput'

2018-09-05 18:16:12 - [TEST_STEP][PASSED] - setText: Text 't7072
' is set on object 'Object Repository/Login/OtpInput'

2018-09-05 18:16:12 - [MESSAGE][PASSED] - Text 't7072
' is set on object 'Object Repository/Login/OtpInput'

2018-09-05 18:16:12 - [TEST_STEP][PASSED] - verifyElementPresent: Object 'Object Repository/Login/afterOpenDisplay' is present

2018-09-05 18:16:13 - [MESSAGE][PASSED] - Object 'Object Repository/Login/afterOpenDisplay' is present

2018-09-05 18:16:13 - [MESSAGE][PASSED] - Call Test Case 'Test Cases/BVT/aSimple_Login' successfully

2018-09-05 18:16:13 - [TEST_STEP][PASSED] - Statement - driver = com.kms.katalon.core.webui.driver.DriverFactory.getWebDriver(): null

2018-09-05 18:16:13 - [TEST_STEP][PASSED] - click: Object: 'Object Repository/Dashboard_Link Generator/linkgeneratorIcon' is clicked on

2018-09-05 18:16:14 - [MESSAGE][PASSED] - Object: 'Object Repository/Dashboard_Link Generator/linkgeneratorIcon' is clicked on

2018-09-05 18:16:14 - [TEST_STEP][PASSED] - Statement - x = CustomKeywords.newPackage.newKeyword.randomString(3).toLowerCase(): newPackage.newKeyword.randomString is PASSED

2018-09-05 18:16:14 - [MESSAGE][PASSED] - newPackage.newKeyword.randomString is PASSED

2018-09-05 18:16:14 - [TEST_STEP][PASSED] - Statement - teamMeberName = x: null

2018-09-05 18:16:14 - [TEST_STEP][PASSED] - setText: Text '6yy' is set on object 'Object Repository/AddTeamMemberDashboard/name'

2018-09-05 18:16:15 - [MESSAGE][PASSED] - Text '6yy' is set on object 'Object Repository/AddTeamMemberDashboard/name'

2018-09-05 18:16:15 - [TEST_STEP][PASSED] - setText: Text 'vZzMngvGd8@gmail.com' is set on object 'Object Repository/AddTeamMemberDashboard/email'

2018-09-05 18:16:15 - [MESSAGE][PASSED] - newPackage.newKeyword.randomString is PASSED

2018-09-05 18:16:15 - [MESSAGE][PASSED] - Text 'vZzMngvGd8@gmail.com' is set on object 'Object Repository/AddTeamMemberDashboard/email'

2018-09-05 18:16:15 - [TEST_STEP][PASSED] - Statement - number = CustomKeywords.phoneNumbers.contactNumbers.randomString(9): phoneNumbers.contactNumbers.randomString is PASSED

2018-09-05 18:16:15 - [MESSAGE][PASSED] - phoneNumbers.contactNumbers.randomString is PASSED

2018-09-05 18:16:15 - [TEST_STEP][PASSED] - Statement - Mobile_Number = number: null

2018-09-05 18:16:15 - [TEST_STEP][PASSED] - setText: Text '1775074991' is set on object 'Object Repository/Dashboard_Link Generator/contactNumber'

2018-09-05 18:16:16 - [MESSAGE][PASSED] - Text '1775074991' is set on object 'Object Repository/Dashboard_Link Generator/contactNumber'

2018-09-05 18:16:16 - [TEST_STEP][PASSED] - setText: Text 'property' is set on object 'Object Repository/Dashboard_Link Generator/tag'

2018-09-05 18:16:16 - [MESSAGE][PASSED] - Text 'property' is set on object 'Object Repository/Dashboard_Link Generator/tag'

2018-09-05 18:16:16 - [TEST_STEP][PASSED] - click: Object: 'Object Repository/Dashboard_Link Generator/div_GET LINK' is clicked on

2018-09-05 18:16:16 - [MESSAGE][PASSED] - Object: 'Object Repository/Dashboard_Link Generator/div_GET LINK' is clicked on

2018-09-05 18:16:16 - [TEST_STEP][PASSED] - Statement - getLink = com.kms.katalon.core.webui.keyword.WebUiBuiltInKeywords.getAttribute(com.kms.katalon.core.testobject.ObjectRepository.findTestObject(Dashboard_Link Generator/input_link-text), "value"): Attribute 'value' of object 'Object Repository/Dashboard_Link Generator/input_link-text' is: 'https://dev.vcalling.in/url/UAT/?id=UAT-1-539'

2018-09-05 18:16:17 - [MESSAGE][PASSED] - Attribute 'value' of object 'Object Repository/Dashboard_Link Generator/input_link-text' is: 'https://dev.vcalling.in/url/UAT/?id=UAT-1-539'

2018-09-05 18:16:17 - [TEST_STEP][PASSED] - Statement - println(getLink): null

2018-09-05 18:16:17 - [TEST_STEP][PASSED] - click: Object: 'Object Repository/Dashboard_Link Generator/copyLink' is clicked on

2018-09-05 18:16:17 - [MESSAGE][PASSED] - Object: 'Object Repository/Dashboard_Link Generator/copyLink' is clicked on

2018-09-05 18:16:17 - [TEST_STEP][PASSED] - Statement - If (com.kms.katalon.core.webui.keyword.WebUiBuiltInKeywords.verifyElementPresent(com.kms.katalon.core.testobject.ObjectRepository.findTestObject(Dashboard_Link Generator/validation), 5, OPTIONAL)): null

2018-09-05 18:16:17 - [MESSAGE][PASSED] - Object 'Object Repository/Dashboard_Link Generator/validation' is present

2018-09-05 18:16:17 - [TEST_STEP][PASSED] - Statement - validationMessage = com.kms.katalon.core.webui.keyword.WebUiBuiltInKeywords.getText(com.kms.katalon.core.testobject.ObjectRepository.findTestObject(Dashboard_Link Generator/validation)): Text of object 'Object Repository/Dashboard_Link Generator/validation' is: 'Link Copied.!'

2018-09-05 18:16:17 - [MESSAGE][PASSED] - Text of object 'Object Repository/Dashboard_Link Generator/validation' is: 'Link Copied.!'

2018-09-05 18:16:17 - [TEST_STEP][PASSED] - verifyMatch: Actual text 'Link Copied.!' and expected text 'Link Copied.!' are matched 

2018-09-05 18:16:17 - [MESSAGE][PASSED] - Actual text 'Link Copied.!' and expected text 'Link Copied.!' are matched 

2018-09-05 18:16:17 - [TEST_STEP][PASSED] - Statement - println("successful"): null

2018-09-05 18:16:17 - [TEST_STEP][PASSED] - Statement - linkUserName = driver.findElements(org.openqa.selenium.By.className("text-link-log")): null

2018-09-05 18:16:17 - [TEST_STEP][PASSED] - Statement - previousCountValue = 0: null

2018-09-05 18:16:17 - [TEST_STEP][PASSED] - Statement - For ([i = 0, i < linkUserName.size(), (i++)]): null

2018-09-05 18:16:17 - [TEST_STEP][PASSED] - Statement - out.println("Admin Console: " + linkUserName.get(i).getText()): null

2018-09-05 18:16:17 - [TEST_STEP][PASSED] - Statement - linkLogmembername = linkUserName.get(i).getText(): null

2018-09-05 18:16:18 - [TEST_STEP][PASSED] - Statement - out.println("new Admin :" + linkLogmembername): null

2018-09-05 18:16:18 - [TEST_STEP][PASSED] - Statement - If (linkLogmembername.equals(teamMeberName)): null

2018-09-05 18:16:18 - [TEST_STEP][PASSED] - Statement - out.println("Admin Console: " + linkUserName.get(i).getText()): null

2018-09-05 18:16:18 - [TEST_STEP][PASSED] - Statement - linkLogmembername = linkUserName.get(i).getText(): null

2018-09-05 18:16:18 - [TEST_STEP][PASSED] - Statement - out.println("new Admin :" + linkLogmembername): null

2018-09-05 18:16:18 - [TEST_STEP][PASSED] - Statement - If (linkLogmembername.equals(teamMeberName)): null

2018-09-05 18:16:18 - [TEST_STEP][PASSED] - Statement - out.println("Admin Console: " + linkUserName.get(i).getText()): null

2018-09-05 18:16:18 - [TEST_STEP][PASSED] - Statement - linkLogmembername = linkUserName.get(i).getText(): null

2018-09-05 18:16:18 - [TEST_STEP][PASSED] - Statement - out.println("new Admin :" + linkLogmembername): null

2018-09-05 18:16:18 - [TEST_STEP][PASSED] - Statement - If (linkLogmembername.equals(teamMeberName)): null

2018-09-05 18:16:18 - [TEST_STEP][PASSED] - Statement - out.println("Admin Console: " + linkUserName.get(i).getText()): null

2018-09-05 18:16:18 - [TEST_STEP][PASSED] - Statement - linkLogmembername = linkUserName.get(i).getText(): null

2018-09-05 18:16:18 - [TEST_STEP][PASSED] - Statement - out.println("new Admin :" + linkLogmembername): null

2018-09-05 18:16:18 - [TEST_STEP][PASSED] - Statement - If (linkLogmembername.equals(teamMeberName)): null

2018-09-05 18:16:18 - [TEST_STEP][PASSED] - Statement - out.println("Admin Console: " + linkUserName.get(i).getText()): null

2018-09-05 18:16:18 - [TEST_STEP][PASSED] - Statement - linkLogmembername = linkUserName.get(i).getText(): null

2018-09-05 18:16:18 - [TEST_STEP][PASSED] - Statement - out.println("new Admin :" + linkLogmembername): null

2018-09-05 18:16:18 - [TEST_STEP][PASSED] - Statement - If (linkLogmembername.equals(teamMeberName)): null

2018-09-05 18:16:18 - [TEST_STEP][PASSED] - Statement - out.println("Admin Console: " + linkUserName.get(i).getText()): null

2018-09-05 18:16:18 - [TEST_STEP][PASSED] - Statement - linkLogmembername = linkUserName.get(i).getText(): null

2018-09-05 18:16:18 - [TEST_STEP][PASSED] - Statement - out.println("new Admin :" + linkLogmembername): null

2018-09-05 18:16:18 - [TEST_STEP][PASSED] - Statement - If (linkLogmembername.equals(teamMeberName)): null

2018-09-05 18:16:18 - [TEST_STEP][PASSED] - Statement - out.println("Admin Console: " + linkUserName.get(i).getText()): null

2018-09-05 18:16:18 - [TEST_STEP][PASSED] - Statement - linkLogmembername = linkUserName.get(i).getText(): null

2018-09-05 18:16:18 - [TEST_STEP][PASSED] - Statement - out.println("new Admin :" + linkLogmembername): null

2018-09-05 18:16:18 - [TEST_STEP][PASSED] - Statement - If (linkLogmembername.equals(teamMeberName)): null

2018-09-05 18:16:18 - [TEST_STEP][PASSED] - Statement - out.println("Admin Console: " + linkUserName.get(i).getText()): null

2018-09-05 18:16:18 - [TEST_STEP][PASSED] - Statement - linkLogmembername = linkUserName.get(i).getText(): null

2018-09-05 18:16:18 - [TEST_STEP][PASSED] - Statement - out.println("new Admin :" + linkLogmembername): null

2018-09-05 18:16:18 - [TEST_STEP][PASSED] - Statement - If (linkLogmembername.equals(teamMeberName)): null

2018-09-05 18:16:18 - [TEST_STEP][PASSED] - Statement - out.println("Admin Console: " + linkLogmembername): null

2018-09-05 18:16:18 - [TEST_STEP][PASSED] - Statement - linkUserName.get(i).click(): null

2018-09-05 18:16:18 - [TEST_STEP][PASSED] - Statement - out.println("Admin Console: " + linkUserName.get(i).getText()): null

2018-09-05 18:16:18 - [TEST_STEP][PASSED] - Statement - linkLogmembername = linkUserName.get(i).getText(): null

2018-09-05 18:16:18 - [TEST_STEP][PASSED] - Statement - out.println("new Admin :" + linkLogmembername): null

2018-09-05 18:16:18 - [TEST_STEP][PASSED] - Statement - If (linkLogmembername.equals(teamMeberName)): null

2018-09-05 18:16:18 - [TEST_STEP][PASSED] - Statement - out.println("Admin Console: " + linkUserName.get(i).getText()): null

2018-09-05 18:16:18 - [TEST_STEP][PASSED] - Statement - linkLogmembername = linkUserName.get(i).getText(): null

2018-09-05 18:16:18 - [TEST_STEP][PASSED] - Statement - out.println("new Admin :" + linkLogmembername): null

2018-09-05 18:16:18 - [TEST_STEP][PASSED] - Statement - If (linkLogmembername.equals(teamMeberName)): null

2018-09-05 18:16:18 - [TEST_STEP][PASSED] - Statement - out.println("Admin Console: " + linkUserName.get(i).getText()): null

2018-09-05 18:16:19 - [TEST_STEP][PASSED] - Statement - linkLogmembername = linkUserName.get(i).getText(): null

2018-09-05 18:16:19 - [TEST_STEP][PASSED] - Statement - out.println("new Admin :" + linkLogmembername): null

2018-09-05 18:16:19 - [TEST_STEP][PASSED] - Statement - If (linkLogmembername.equals(teamMeberName)): null

2018-09-05 18:16:19 - [TEST_STEP][PASSED] - Statement - out.println("Admin Console: " + linkUserName.get(i).getText()): null

2018-09-05 18:16:19 - [TEST_STEP][PASSED] - Statement - linkLogmembername = linkUserName.get(i).getText(): null

2018-09-05 18:16:19 - [TEST_STEP][PASSED] - Statement - out.println("new Admin :" + linkLogmembername): null

2018-09-05 18:16:19 - [TEST_STEP][PASSED] - Statement - If (linkLogmembername.equals(teamMeberName)): null

2018-09-05 18:16:19 - [TEST_STEP][PASSED] - Statement - out.println("Admin Console: " + linkUserName.get(i).getText()): null

2018-09-05 18:16:19 - [TEST_STEP][PASSED] - Statement - linkLogmembername = linkUserName.get(i).getText(): null

2018-09-05 18:16:19 - [TEST_STEP][PASSED] - Statement - out.println("new Admin :" + linkLogmembername): null

2018-09-05 18:16:19 - [TEST_STEP][PASSED] - Statement - If (linkLogmembername.equals(teamMeberName)): null

2018-09-05 18:16:19 - [TEST_STEP][PASSED] - Statement - out.println("Admin Console: " + linkUserName.get(i).getText()): null

2018-09-05 18:16:19 - [TEST_STEP][PASSED] - Statement - linkLogmembername = linkUserName.get(i).getText(): null

2018-09-05 18:16:19 - [TEST_STEP][PASSED] - Statement - out.println("new Admin :" + linkLogmembername): null

2018-09-05 18:16:19 - [TEST_STEP][PASSED] - Statement - If (linkLogmembername.equals(teamMeberName)): null

2018-09-05 18:16:19 - [TEST_STEP][PASSED] - Statement - out.println("Admin Console: " + linkUserName.get(i).getText()): null

2018-09-05 18:16:19 - [TEST_STEP][PASSED] - Statement - linkLogmembername = linkUserName.get(i).getText(): null

2018-09-05 18:16:19 - [TEST_STEP][PASSED] - Statement - out.println("new Admin :" + linkLogmembername): null

2018-09-05 18:16:19 - [TEST_STEP][PASSED] - Statement - If (linkLogmembername.equals(teamMeberName)): null

2018-09-05 18:16:19 - [TEST_STEP][PASSED] - Statement - out.println("Admin Console: " + linkUserName.get(i).getText()): null

2018-09-05 18:16:19 - [TEST_STEP][PASSED] - Statement - linkLogmembername = linkUserName.get(i).getText(): null

2018-09-05 18:16:19 - [TEST_STEP][PASSED] - Statement - out.println("new Admin :" + linkLogmembername): null

2018-09-05 18:16:19 - [TEST_STEP][PASSED] - Statement - If (linkLogmembername.equals(teamMeberName)): null

2018-09-05 18:16:19 - [TEST_STEP][PASSED] - Statement - out.println("Admin Console: " + linkUserName.get(i).getText()): null

2018-09-05 18:16:19 - [TEST_STEP][PASSED] - Statement - linkLogmembername = linkUserName.get(i).getText(): null

2018-09-05 18:16:19 - [TEST_STEP][PASSED] - Statement - out.println("new Admin :" + linkLogmembername): null

2018-09-05 18:16:19 - [TEST_STEP][PASSED] - Statement - If (linkLogmembername.equals(teamMeberName)): null

2018-09-05 18:16:19 - [TEST_STEP][PASSED] - Statement - out.println("Admin Console: " + linkUserName.get(i).getText()): null

2018-09-05 18:16:19 - [TEST_STEP][PASSED] - Statement - linkLogmembername = linkUserName.get(i).getText(): null

2018-09-05 18:16:19 - [TEST_STEP][PASSED] - Statement - out.println("new Admin :" + linkLogmembername): null

2018-09-05 18:16:19 - [TEST_STEP][PASSED] - Statement - If (linkLogmembername.equals(teamMeberName)): null

2018-09-05 18:16:19 - [TEST_STEP][PASSED] - Statement - out.println("Admin Console: " + linkUserName.get(i).getText()): null

2018-09-05 18:16:19 - [TEST_STEP][PASSED] - Statement - linkLogmembername = linkUserName.get(i).getText(): null

2018-09-05 18:16:19 - [TEST_STEP][PASSED] - Statement - out.println("new Admin :" + linkLogmembername): null

2018-09-05 18:16:19 - [TEST_STEP][PASSED] - Statement - If (linkLogmembername.equals(teamMeberName)): null

2018-09-05 18:16:19 - [TEST_STEP][PASSED] - Statement - out.println("Admin Console: " + linkUserName.get(i).getText()): null

2018-09-05 18:16:19 - [TEST_STEP][PASSED] - Statement - linkLogmembername = linkUserName.get(i).getText(): null

2018-09-05 18:16:19 - [TEST_STEP][PASSED] - Statement - out.println("new Admin :" + linkLogmembername): null

2018-09-05 18:16:19 - [TEST_STEP][PASSED] - Statement - If (linkLogmembername.equals(teamMeberName)): null

2018-09-05 18:16:19 - [TEST_STEP][PASSED] - Statement - out.println("Admin Console: " + linkUserName.get(i).getText()): null

2018-09-05 18:16:19 - [TEST_STEP][PASSED] - Statement - linkLogmembername = linkUserName.get(i).getText(): null

2018-09-05 18:16:19 - [TEST_STEP][PASSED] - Statement - out.println("new Admin :" + linkLogmembername): null

2018-09-05 18:16:19 - [TEST_STEP][PASSED] - Statement - If (linkLogmembername.equals(teamMeberName)): null

2018-09-05 18:16:19 - [TEST_STEP][PASSED] - Statement - out.println("Admin Console: " + linkUserName.get(i).getText()): null

2018-09-05 18:16:19 - [TEST_STEP][PASSED] - Statement - linkLogmembername = linkUserName.get(i).getText(): null

2018-09-05 18:16:19 - [TEST_STEP][PASSED] - Statement - out.println("new Admin :" + linkLogmembername): null

2018-09-05 18:16:19 - [TEST_STEP][PASSED] - Statement - If (linkLogmembername.equals(teamMeberName)): null

2018-09-05 18:16:19 - [TEST_STEP][PASSED] - Statement - out.println("Admin Console: " + linkUserName.get(i).getText()): null

2018-09-05 18:16:19 - [TEST_STEP][PASSED] - Statement - linkLogmembername = linkUserName.get(i).getText(): null

2018-09-05 18:16:19 - [TEST_STEP][PASSED] - Statement - out.println("new Admin :" + linkLogmembername): null

2018-09-05 18:16:19 - [TEST_STEP][PASSED] - Statement - If (linkLogmembername.equals(teamMeberName)): null

2018-09-05 18:16:19 - [TEST_STEP][PASSED] - Statement - out.println("Admin Console: " + linkUserName.get(i).getText()): null

2018-09-05 18:16:19 - [TEST_STEP][PASSED] - Statement - linkLogmembername = linkUserName.get(i).getText(): null

2018-09-05 18:16:19 - [TEST_STEP][PASSED] - Statement - out.println("new Admin :" + linkLogmembername): null

2018-09-05 18:16:19 - [TEST_STEP][PASSED] - Statement - If (linkLogmembername.equals(teamMeberName)): null

2018-09-05 18:16:19 - [TEST_STEP][PASSED] - Statement - out.println("Admin Console: " + linkUserName.get(i).getText()): null

2018-09-05 18:16:19 - [TEST_STEP][PASSED] - Statement - linkLogmembername = linkUserName.get(i).getText(): null

2018-09-05 18:16:19 - [TEST_STEP][PASSED] - Statement - out.println("new Admin :" + linkLogmembername): null

2018-09-05 18:16:19 - [TEST_STEP][PASSED] - Statement - If (linkLogmembername.equals(teamMeberName)): null

2018-09-05 18:16:19 - [TEST_STEP][PASSED] - Statement - out.println("Admin Console: " + linkUserName.get(i).getText()): null

2018-09-05 18:16:19 - [TEST_STEP][PASSED] - Statement - linkLogmembername = linkUserName.get(i).getText(): null

2018-09-05 18:16:19 - [TEST_STEP][PASSED] - Statement - out.println("new Admin :" + linkLogmembername): null

2018-09-05 18:16:19 - [TEST_STEP][PASSED] - Statement - If (linkLogmembername.equals(teamMeberName)): null

2018-09-05 18:16:19 - [TEST_STEP][PASSED] - Statement - out.println("Admin Console: " + linkUserName.get(i).getText()): null

2018-09-05 18:16:20 - [TEST_STEP][PASSED] - Statement - linkLogmembername = linkUserName.get(i).getText(): null

2018-09-05 18:16:20 - [TEST_STEP][PASSED] - Statement - out.println("new Admin :" + linkLogmembername): null

2018-09-05 18:16:20 - [TEST_STEP][PASSED] - Statement - If (linkLogmembername.equals(teamMeberName)): null

2018-09-05 18:16:20 - [TEST_STEP][PASSED] - Statement - out.println("Admin Console: " + linkUserName.get(i).getText()): null

2018-09-05 18:16:20 - [TEST_STEP][PASSED] - Statement - linkLogmembername = linkUserName.get(i).getText(): null

2018-09-05 18:16:20 - [TEST_STEP][PASSED] - Statement - out.println("new Admin :" + linkLogmembername): null

2018-09-05 18:16:20 - [TEST_STEP][PASSED] - Statement - If (linkLogmembername.equals(teamMeberName)): null

2018-09-05 18:16:20 - [TEST_STEP][PASSED] - Statement - out.println("Admin Console: " + linkUserName.get(i).getText()): null

2018-09-05 18:16:20 - [TEST_STEP][PASSED] - Statement - linkLogmembername = linkUserName.get(i).getText(): null

2018-09-05 18:16:20 - [TEST_STEP][PASSED] - Statement - out.println("new Admin :" + linkLogmembername): null

2018-09-05 18:16:20 - [TEST_STEP][PASSED] - Statement - If (linkLogmembername.equals(teamMeberName)): null

2018-09-05 18:16:20 - [TEST_STEP][PASSED] - Statement - out.println("Admin Console: " + linkUserName.get(i).getText()): null

2018-09-05 18:16:20 - [TEST_STEP][PASSED] - Statement - linkLogmembername = linkUserName.get(i).getText(): null

2018-09-05 18:16:20 - [TEST_STEP][PASSED] - Statement - out.println("new Admin :" + linkLogmembername): null

2018-09-05 18:16:20 - [TEST_STEP][PASSED] - Statement - If (linkLogmembername.equals(teamMeberName)): null

2018-09-05 18:16:20 - [TEST_STEP][PASSED] - Statement - out.println("Admin Console: " + linkUserName.get(i).getText()): null

2018-09-05 18:16:20 - [TEST_STEP][PASSED] - Statement - linkLogmembername = linkUserName.get(i).getText(): null

2018-09-05 18:16:20 - [TEST_STEP][PASSED] - Statement - out.println("new Admin :" + linkLogmembername): null

2018-09-05 18:16:20 - [TEST_STEP][PASSED] - Statement - If (linkLogmembername.equals(teamMeberName)): null

2018-09-05 18:16:20 - [TEST_STEP][PASSED] - Statement - out.println("Admin Console: " + linkUserName.get(i).getText()): null

2018-09-05 18:16:20 - [TEST_STEP][PASSED] - Statement - linkLogmembername = linkUserName.get(i).getText(): null

2018-09-05 18:16:20 - [TEST_STEP][PASSED] - Statement - out.println("new Admin :" + linkLogmembername): null

2018-09-05 18:16:20 - [TEST_STEP][PASSED] - Statement - If (linkLogmembername.equals(teamMeberName)): null

2018-09-05 18:16:20 - [TEST_STEP][PASSED] - Statement - out.println("Admin Console: " + linkUserName.get(i).getText()): null

2018-09-05 18:16:20 - [TEST_STEP][PASSED] - Statement - linkLogmembername = linkUserName.get(i).getText(): null

2018-09-05 18:16:20 - [TEST_STEP][PASSED] - Statement - out.println("new Admin :" + linkLogmembername): null

2018-09-05 18:16:20 - [TEST_STEP][PASSED] - Statement - If (linkLogmembername.equals(teamMeberName)): null

2018-09-05 18:16:20 - [TEST_STEP][PASSED] - Statement - out.println("Admin Console: " + linkUserName.get(i).getText()): null

2018-09-05 18:16:20 - [TEST_STEP][PASSED] - Statement - linkLogmembername = linkUserName.get(i).getText(): null

2018-09-05 18:16:20 - [TEST_STEP][PASSED] - Statement - out.println("new Admin :" + linkLogmembername): null

2018-09-05 18:16:20 - [TEST_STEP][PASSED] - Statement - If (linkLogmembername.equals(teamMeberName)): null

2018-09-05 18:16:20 - [TEST_STEP][PASSED] - Statement - out.println("Admin Console: " + linkUserName.get(i).getText()): null

2018-09-05 18:16:20 - [TEST_STEP][PASSED] - Statement - linkLogmembername = linkUserName.get(i).getText(): null

2018-09-05 18:16:20 - [TEST_STEP][PASSED] - Statement - out.println("new Admin :" + linkLogmembername): null

2018-09-05 18:16:20 - [TEST_STEP][PASSED] - Statement - If (linkLogmembername.equals(teamMeberName)): null

2018-09-05 18:16:20 - [TEST_STEP][PASSED] - Statement - out.println("Admin Console: " + linkUserName.get(i).getText()): null

2018-09-05 18:16:20 - [TEST_STEP][PASSED] - Statement - linkLogmembername = linkUserName.get(i).getText(): null

2018-09-05 18:16:20 - [TEST_STEP][PASSED] - Statement - out.println("new Admin :" + linkLogmembername): null

2018-09-05 18:16:20 - [TEST_STEP][PASSED] - Statement - If (linkLogmembername.equals(teamMeberName)): null

2018-09-05 18:16:20 - [TEST_STEP][PASSED] - Statement - out.println("Admin Console: " + linkUserName.get(i).getText()): null

2018-09-05 18:16:20 - [TEST_STEP][PASSED] - Statement - linkLogmembername = linkUserName.get(i).getText(): null

2018-09-05 18:16:20 - [TEST_STEP][PASSED] - Statement - out.println("new Admin :" + linkLogmembername): null

2018-09-05 18:16:20 - [TEST_STEP][PASSED] - Statement - If (linkLogmembername.equals(teamMeberName)): null

2018-09-05 18:16:20 - [TEST_STEP][PASSED] - Statement - out.println("Admin Console: " + linkUserName.get(i).getText()): null

2018-09-05 18:16:20 - [TEST_STEP][PASSED] - Statement - linkLogmembername = linkUserName.get(i).getText(): null

2018-09-05 18:16:20 - [TEST_STEP][PASSED] - Statement - out.println("new Admin :" + linkLogmembername): null

2018-09-05 18:16:20 - [TEST_STEP][PASSED] - Statement - If (linkLogmembername.equals(teamMeberName)): null

2018-09-05 18:16:20 - [TEST_STEP][PASSED] - Statement - out.println("Admin Console: " + linkUserName.get(i).getText()): null

2018-09-05 18:16:20 - [TEST_STEP][PASSED] - Statement - linkLogmembername = linkUserName.get(i).getText(): null

2018-09-05 18:16:20 - [TEST_STEP][PASSED] - Statement - out.println("new Admin :" + linkLogmembername): null

2018-09-05 18:16:20 - [TEST_STEP][PASSED] - Statement - If (linkLogmembername.equals(teamMeberName)): null

2018-09-05 18:16:20 - [TEST_STEP][PASSED] - Statement - out.println("Admin Console: " + linkUserName.get(i).getText()): null

2018-09-05 18:16:20 - [TEST_STEP][PASSED] - Statement - linkLogmembername = linkUserName.get(i).getText(): null

2018-09-05 18:16:20 - [TEST_STEP][PASSED] - Statement - out.println("new Admin :" + linkLogmembername): null

2018-09-05 18:16:20 - [TEST_STEP][PASSED] - Statement - If (linkLogmembername.equals(teamMeberName)): null

2018-09-05 18:16:20 - [TEST_STEP][PASSED] - Statement - out.println("Admin Console: " + linkUserName.get(i).getText()): null

2018-09-05 18:16:20 - [TEST_STEP][PASSED] - Statement - linkLogmembername = linkUserName.get(i).getText(): null

2018-09-05 18:16:20 - [TEST_STEP][PASSED] - Statement - out.println("new Admin :" + linkLogmembername): null

2018-09-05 18:16:20 - [TEST_STEP][PASSED] - Statement - If (linkLogmembername.equals(teamMeberName)): null

2018-09-05 18:16:20 - [TEST_STEP][PASSED] - Statement - out.println("Admin Console: " + linkUserName.get(i).getText()): null

2018-09-05 18:16:20 - [TEST_STEP][PASSED] - Statement - linkLogmembername = linkUserName.get(i).getText(): null

2018-09-05 18:16:20 - [TEST_STEP][PASSED] - Statement - out.println("new Admin :" + linkLogmembername): null

2018-09-05 18:16:20 - [TEST_STEP][PASSED] - Statement - If (linkLogmembername.equals(teamMeberName)): null

2018-09-05 18:16:20 - [TEST_STEP][PASSED] - Statement - out.println("Admin Console: " + linkUserName.get(i).getText()): null

2018-09-05 18:16:21 - [TEST_STEP][PASSED] - Statement - linkLogmembername = linkUserName.get(i).getText(): null

2018-09-05 18:16:21 - [TEST_STEP][PASSED] - Statement - out.println("new Admin :" + linkLogmembername): null

2018-09-05 18:16:21 - [TEST_STEP][PASSED] - Statement - If (linkLogmembername.equals(teamMeberName)): null

2018-09-05 18:16:21 - [TEST_STEP][PASSED] - Statement - out.println("Admin Console: " + linkUserName.get(i).getText()): null

2018-09-05 18:16:21 - [TEST_STEP][PASSED] - Statement - linkLogmembername = linkUserName.get(i).getText(): null

2018-09-05 18:16:21 - [TEST_STEP][PASSED] - Statement - out.println("new Admin :" + linkLogmembername): null

2018-09-05 18:16:21 - [TEST_STEP][PASSED] - Statement - If (linkLogmembername.equals(teamMeberName)): null

2018-09-05 18:16:21 - [TEST_STEP][PASSED] - Statement - out.println("Admin Console: " + linkUserName.get(i).getText()): null

2018-09-05 18:16:21 - [TEST_STEP][PASSED] - Statement - linkLogmembername = linkUserName.get(i).getText(): null

2018-09-05 18:16:21 - [TEST_STEP][PASSED] - Statement - out.println("new Admin :" + linkLogmembername): null

2018-09-05 18:16:21 - [TEST_STEP][PASSED] - Statement - If (linkLogmembername.equals(teamMeberName)): null

2018-09-05 18:16:21 - [TEST_STEP][PASSED] - Statement - out.println("Admin Console: " + linkUserName.get(i).getText()): null

2018-09-05 18:16:21 - [TEST_STEP][PASSED] - Statement - linkLogmembername = linkUserName.get(i).getText(): null

2018-09-05 18:16:21 - [TEST_STEP][PASSED] - Statement - out.println("new Admin :" + linkLogmembername): null

2018-09-05 18:16:21 - [TEST_STEP][PASSED] - Statement - If (linkLogmembername.equals(teamMeberName)): null

2018-09-05 18:16:21 - [TEST_STEP][PASSED] - Statement - out.println("Admin Console: " + linkUserName.get(i).getText()): null

2018-09-05 18:16:21 - [TEST_STEP][PASSED] - Statement - linkLogmembername = linkUserName.get(i).getText(): null

2018-09-05 18:16:21 - [TEST_STEP][PASSED] - Statement - out.println("new Admin :" + linkLogmembername): null

2018-09-05 18:16:21 - [TEST_STEP][PASSED] - Statement - If (linkLogmembername.equals(teamMeberName)): null

2018-09-05 18:16:21 - [TEST_STEP][PASSED] - Statement - out.println("Admin Console: " + linkUserName.get(i).getText()): null

2018-09-05 18:16:21 - [TEST_STEP][PASSED] - Statement - linkLogmembername = linkUserName.get(i).getText(): null

2018-09-05 18:16:21 - [TEST_STEP][PASSED] - Statement - out.println("new Admin :" + linkLogmembername): null

2018-09-05 18:16:21 - [TEST_STEP][PASSED] - Statement - If (linkLogmembername.equals(teamMeberName)): null

2018-09-05 18:16:21 - [TEST_STEP][PASSED] - Statement - out.println("Admin Console: " + linkUserName.get(i).getText()): null

2018-09-05 18:16:21 - [TEST_STEP][PASSED] - Statement - linkLogmembername = linkUserName.get(i).getText(): null

2018-09-05 18:16:21 - [TEST_STEP][PASSED] - Statement - out.println("new Admin :" + linkLogmembername): null

2018-09-05 18:16:21 - [TEST_STEP][PASSED] - Statement - If (linkLogmembername.equals(teamMeberName)): null

2018-09-05 18:16:21 - [TEST_STEP][PASSED] - Statement - out.println("Admin Console: " + linkUserName.get(i).getText()): null

2018-09-05 18:16:21 - [TEST_STEP][PASSED] - Statement - linkLogmembername = linkUserName.get(i).getText(): null

2018-09-05 18:16:21 - [TEST_STEP][PASSED] - Statement - out.println("new Admin :" + linkLogmembername): null

2018-09-05 18:16:21 - [TEST_STEP][PASSED] - Statement - If (linkLogmembername.equals(teamMeberName)): null

2018-09-05 18:16:21 - [TEST_STEP][PASSED] - Statement - out.println("Admin Console: " + linkUserName.get(i).getText()): null

2018-09-05 18:16:21 - [TEST_STEP][PASSED] - Statement - linkLogmembername = linkUserName.get(i).getText(): null

2018-09-05 18:16:22 - [TEST_STEP][PASSED] - Statement - out.println("new Admin :" + linkLogmembername): null

2018-09-05 18:16:22 - [TEST_STEP][PASSED] - Statement - If (linkLogmembername.equals(teamMeberName)): null

2018-09-05 18:16:22 - [TEST_STEP][PASSED] - Statement - out.println("Admin Console: " + linkUserName.get(i).getText()): null

2018-09-05 18:16:22 - [TEST_STEP][PASSED] - Statement - linkLogmembername = linkUserName.get(i).getText(): null

2018-09-05 18:16:22 - [TEST_STEP][PASSED] - Statement - out.println("new Admin :" + linkLogmembername): null

2018-09-05 18:16:22 - [TEST_STEP][PASSED] - Statement - If (linkLogmembername.equals(teamMeberName)): null

2018-09-05 18:16:22 - [TEST_STEP][PASSED] - Statement - out.println("Admin Console: " + linkUserName.get(i).getText()): null

2018-09-05 18:16:22 - [TEST_STEP][PASSED] - Statement - linkLogmembername = linkUserName.get(i).getText(): null

2018-09-05 18:16:22 - [TEST_STEP][PASSED] - Statement - out.println("new Admin :" + linkLogmembername): null

2018-09-05 18:16:22 - [TEST_STEP][PASSED] - Statement - If (linkLogmembername.equals(teamMeberName)): null

2018-09-05 18:16:22 - [TEST_STEP][PASSED] - Statement - out.println("Admin Console: " + linkUserName.get(i).getText()): null

2018-09-05 18:16:22 - [TEST_STEP][PASSED] - Statement - linkLogmembername = linkUserName.get(i).getText(): null

2018-09-05 18:16:22 - [TEST_STEP][PASSED] - Statement - out.println("new Admin :" + linkLogmembername): null

2018-09-05 18:16:22 - [TEST_STEP][PASSED] - Statement - If (linkLogmembername.equals(teamMeberName)): null

2018-09-05 18:16:22 - [TEST_STEP][PASSED] - Statement - out.println("Admin Console: " + linkUserName.get(i).getText()): null

2018-09-05 18:16:22 - [TEST_STEP][PASSED] - Statement - linkLogmembername = linkUserName.get(i).getText(): null

2018-09-05 18:16:22 - [TEST_STEP][PASSED] - Statement - out.println("new Admin :" + linkLogmembername): null

2018-09-05 18:16:22 - [TEST_STEP][PASSED] - Statement - If (linkLogmembername.equals(teamMeberName)): null

2018-09-05 18:16:22 - [TEST_STEP][PASSED] - Statement - out.println("Admin Console: " + linkUserName.get(i).getText()): null

2018-09-05 18:16:22 - [TEST_STEP][PASSED] - Statement - linkLogmembername = linkUserName.get(i).getText(): null

2018-09-05 18:16:23 - [TEST_STEP][PASSED] - Statement - out.println("new Admin :" + linkLogmembername): null

2018-09-05 18:16:23 - [TEST_STEP][PASSED] - Statement - If (linkLogmembername.equals(teamMeberName)): null

2018-09-05 18:16:23 - [TEST_STEP][PASSED] - Statement - out.println("Admin Console: " + linkUserName.get(i).getText()): null

2018-09-05 18:16:23 - [TEST_STEP][PASSED] - Statement - linkLogmembername = linkUserName.get(i).getText(): null

2018-09-05 18:16:23 - [TEST_STEP][PASSED] - Statement - out.println("new Admin :" + linkLogmembername): null

2018-09-05 18:16:23 - [TEST_STEP][PASSED] - Statement - If (linkLogmembername.equals(teamMeberName)): null

2018-09-05 18:16:23 - [TEST_STEP][PASSED] - Statement - If (com.kms.katalon.core.webui.keyword.WebUiBuiltInKeywords.verifyElementPresent(com.kms.katalon.core.testobject.ObjectRepository.findTestObject(Object Repository/linkLog/customerProfileDetails), 5, OPTIONAL)): null

2018-09-05 18:16:23 - [MESSAGE][PASSED] - Object 'Object Repository/linkLog/customerProfileDetails' is present

2018-09-05 18:16:23 - [TEST_STEP][PASSED] - Statement - println("open link log successful"): null

2018-09-05 18:16:23 - [TEST_STEP][PASSED] - click: Object: 'Object Repository/linkLog/editButton' is clicked on

2018-09-05 18:16:23 - [MESSAGE][PASSED] - Object: 'Object Repository/linkLog/editButton' is clicked on

2018-09-05 18:16:23 - [TEST_STEP][PASSED] - sendKeys: Keys 'CONTROL + DELETE + a' sent to object: 'Object Repository/customerDetailsEdit/enterNumber'

2018-09-05 18:16:23 - [MESSAGE][PASSED] - Keys 'CONTROL + DELETE + a' sent to object: 'Object Repository/customerDetailsEdit/enterNumber'

2018-09-05 18:16:23 - [TEST_STEP][PASSED] - click: Object: 'Object Repository/customerDetailsEdit/saveButtonObject' is clicked on

2018-09-05 18:16:23 - [MESSAGE][PASSED] - Object: 'Object Repository/customerDetailsEdit/saveButtonObject' is clicked on

2018-09-05 18:16:23 - [TEST_STEP][PASSED] - Statement - If (com.kms.katalon.core.webui.keyword.WebUiBuiltInKeywords.verifyElementPresent(com.kms.katalon.core.testobject.ObjectRepository.findTestObject(Dashboard_Link Generator/validation), 5)): null

2018-09-05 18:16:24 - [MESSAGE][PASSED] - Object 'Object Repository/Dashboard_Link Generator/validation' is present

2018-09-05 18:16:24 - [TEST_STEP][PASSED] - Statement - validationMessage = com.kms.katalon.core.webui.keyword.WebUiBuiltInKeywords.getText(com.kms.katalon.core.testobject.ObjectRepository.findTestObject(Dashboard_Link Generator/validation)): Text of object 'Object Repository/Dashboard_Link Generator/validation' is: 'Details Updated, Please refresh logs for updated details'

2018-09-05 18:16:24 - [MESSAGE][PASSED] - Text of object 'Object Repository/Dashboard_Link Generator/validation' is: 'Details Updated, Please refresh logs for updated details'

2018-09-05 18:16:24 - [TEST_STEP][PASSED] - verifyMatch: Actual text 'Details Updated, Please refresh logs for updated details' and expected text 'Details Updated, Please refresh logs for updated details' are matched 

2018-09-05 18:16:24 - [MESSAGE][PASSED] - Actual text 'Details Updated, Please refresh logs for updated details' and expected text 'Details Updated, Please refresh logs for updated details' are matched 

2018-09-05 18:16:24 - [TEST_STEP][PASSED] - Statement - println("successful"): null]]></system-out>
         <system-err><![CDATA[]]></system-err>
      </testcase>
      <testcase name="Test Cases/completed/TestCase4_EditCustomerDetails/RemoveCustomerIDin theDetail" classname="Test Cases/completed/TestCase4_EditCustomerDetails/RemoveCustomerIDin theDetail" status="PASSED">
         <system-out><![CDATA[2018-09-05 18:16:24 - [TEST_CASE][PASSED] - Test Cases/completed/TestCase4_EditCustomerDetails/RemoveCustomerIDin theDetail: Test Cases/completed/TestCase4_EditCustomerDetails/RemoveCustomerIDin theDetail

2018-09-05 18:16:25 - [TEST_STEP][PASSED] - callTestCase: Call Test Case 'Test Cases/BVT/aSimple_Login' successfully

2018-09-05 18:16:25 - [TEST_CASE][PASSED] - Test Cases/BVT/aSimple_Login: Test Cases/BVT/aSimple_Login

2018-09-05 18:16:25 - [TEST_STEP][PASSED] - openBrowser: Browser is opened with url: ''

2018-09-05 18:16:25 - [MESSAGE][WARNING] - A browser is already opened. Closing browser and opening a new one

2018-09-05 18:16:29 - [MESSAGE][PASSED] - Browser is opened with url: ''

2018-09-05 18:16:29 - [TEST_STEP][PASSED] - maximizeWindow: Current window maximized

2018-09-05 18:16:30 - [MESSAGE][PASSED] - Current window maximized

2018-09-05 18:16:30 - [TEST_STEP][PASSED] - navigateToUrl: Navigate to 'https://dev.vcalling.in/enterprises/UAT/Dashboard/index.html' successfully

2018-09-05 18:16:35 - [MESSAGE][PASSED] - Navigate to 'https://dev.vcalling.in/enterprises/UAT/Dashboard/index.html' successfully

2018-09-05 18:16:35 - [TEST_STEP][PASSED] - setText: Text 'testing4dea@gmail.com' is set on object 'Object Repository/Login/UserId'

2018-09-05 18:16:36 - [MESSAGE][PASSED] - Text 'testing4dea@gmail.com' is set on object 'Object Repository/Login/UserId'

2018-09-05 18:16:36 - [TEST_STEP][PASSED] - click: Object: 'Object Repository/Login/div_GET OTP' is clicked on

2018-09-05 18:16:36 - [MESSAGE][PASSED] - Object: 'Object Repository/Login/div_GET OTP' is clicked on

2018-09-05 18:16:36 - [TEST_STEP][PASSED] - waitForElementPresent: Object 'Object Repository/Login/div_SUBMIT' is present

2018-09-05 18:16:38 - [MESSAGE][PASSED] - Object 'Object Repository/Login/div_SUBMIT' is present

2018-09-05 18:16:38 - [TEST_STEP][PASSED] - Statement - If (com.kms.katalon.core.webui.keyword.WebUiBuiltInKeywords.verifyElementNotPresent(com.kms.katalon.core.testobject.ObjectRepository.findTestObject(Login/div_SUBMIT), 5, OPTIONAL)): Web element with id: 'Object Repository/Login/div_SUBMIT' located by 'By.xpath: //div[(text() = ' SUBMIT ' or . = ' SUBMIT ')]' is present after '5' second(s)

2018-09-05 18:16:43 - [MESSAGE][WARNING] - Web element with id: 'Object Repository/Login/div_SUBMIT' located by 'By.xpath: //div[(text() = ' SUBMIT ' or . = ' SUBMIT ')]' is present after '5' second(s)
[[ATTACHMENT|C:\\Users\\User\\Desktop\\Katalon Studio\\Katalon Studio\\vCallingDashboard\\Reports\\RegressionSuite\\20180905_175530\\1536151603542.png]]

2018-09-05 18:16:43 - [TEST_STEP][PASSED] - Statement - sleep(5000): null

2018-09-05 18:16:48 - [TEST_STEP][PASSED] - Statement - OTP = getOTP(): null

2018-09-05 18:16:48 - [TEST_STEP][PASSED] - Statement - host = "imap.gmail.com": null

2018-09-05 18:16:48 - [TEST_STEP][PASSED] - Statement - msg = <not implemented yet for class: org.codehaus.groovy.ast.expr.EmptyExpression>: null

2018-09-05 18:16:48 - [TEST_STEP][PASSED] - Statement - msgSub = <not implemented yet for class: org.codehaus.groovy.ast.expr.EmptyExpression>: null

2018-09-05 18:16:48 - [TEST_STEP][PASSED] - Statement - OTP = "unavailable": null

2018-09-05 18:16:48 - [TEST_STEP][PASSED] - Statement - props = new java.util.Properties(): null

2018-09-05 18:16:48 - [TEST_STEP][PASSED] - Statement - props.setProperty("mail.imap.ssl.enable", "true"): null

2018-09-05 18:16:48 - [TEST_STEP][PASSED] - Statement - session = javax.mail.Session.getInstance(props): null

2018-09-05 18:16:48 - [TEST_STEP][PASSED] - Statement - store = <not implemented yet for class: org.codehaus.groovy.ast.expr.EmptyExpression>: null

2018-09-05 18:16:48 - [TEST_STEP][PASSED] - Statement - Try: null

2018-09-05 18:16:48 - [TEST_STEP][PASSED] - Statement - store = session.getStore("imap"): null

2018-09-05 18:16:48 - [TEST_STEP][PASSED] - Statement - store.connect(host, Email, Password): null

2018-09-05 18:16:50 - [TEST_STEP][PASSED] - Statement - emailFolder = store.getFolder("INBOX"): null

2018-09-05 18:16:50 - [TEST_STEP][PASSED] - Statement - emailFolder.open(READ_WRITE): null

2018-09-05 18:16:51 - [TEST_STEP][PASSED] - Statement - messages = emailFolder.getMessages(): null

2018-09-05 18:16:51 - [TEST_STEP][PASSED] - Statement - n = length: null

2018-09-05 18:16:51 - [TEST_STEP][PASSED] - Statement - message = messages[n - 1]: null

2018-09-05 18:16:51 - [TEST_STEP][PASSED] - Statement - msgSub = message.getSubject(): null

2018-09-05 18:16:51 - [TEST_STEP][PASSED] - Statement - If (msgSub.equals("OTP to Sign In")): null

2018-09-05 18:16:51 - [TEST_STEP][PASSED] - Statement - msg = message.getContent().toString(): null

2018-09-05 18:16:52 - [TEST_STEP][PASSED] - Statement - OTP = msg.substring(msg.length() - 7): null

2018-09-05 18:16:52 - [TEST_STEP][PASSED] - Statement - message.setFlag(DELETED, true): null

2018-09-05 18:16:52 - [TEST_STEP][PASSED] - Statement - emailFolder.close(true): null

2018-09-05 18:16:53 - [TEST_STEP][PASSED] - Statement - store.close(): null

2018-09-05 18:16:53 - [TEST_STEP][PASSED] - Statement - return OTP: null

2018-09-05 18:16:53 - [TEST_STEP][PASSED] - Statement - If (OTP.equals("unavailable")): null

2018-09-05 18:16:53 - [TEST_STEP][PASSED] - Statement - Else: Text 'n8790
' is set on object 'Object Repository/Login/OtpInput'

2018-09-05 18:16:53 - [TEST_STEP][PASSED] - setText: Text 'n8790
' is set on object 'Object Repository/Login/OtpInput'

2018-09-05 18:16:53 - [MESSAGE][PASSED] - Text 'n8790
' is set on object 'Object Repository/Login/OtpInput'

2018-09-05 18:16:53 - [TEST_STEP][PASSED] - verifyElementPresent: Object 'Object Repository/Login/afterOpenDisplay' is present

2018-09-05 18:16:54 - [MESSAGE][PASSED] - Object 'Object Repository/Login/afterOpenDisplay' is present

2018-09-05 18:16:54 - [MESSAGE][PASSED] - Call Test Case 'Test Cases/BVT/aSimple_Login' successfully

2018-09-05 18:16:54 - [TEST_STEP][PASSED] - Statement - driver = com.kms.katalon.core.webui.driver.DriverFactory.getWebDriver(): null

2018-09-05 18:16:54 - [TEST_STEP][PASSED] - click: Object: 'Object Repository/Dashboard_Link Generator/linkgeneratorIcon' is clicked on

2018-09-05 18:16:56 - [MESSAGE][PASSED] - Object: 'Object Repository/Dashboard_Link Generator/linkgeneratorIcon' is clicked on

2018-09-05 18:16:56 - [TEST_STEP][PASSED] - Statement - x = CustomKeywords.newPackage.newKeyword.randomString(3).toLowerCase(): newPackage.newKeyword.randomString is PASSED

2018-09-05 18:16:56 - [MESSAGE][PASSED] - newPackage.newKeyword.randomString is PASSED

2018-09-05 18:16:56 - [TEST_STEP][PASSED] - Statement - teamMeberName = x: null

2018-09-05 18:16:56 - [TEST_STEP][PASSED] - setText: Text 'urn' is set on object 'Object Repository/AddTeamMemberDashboard/name'

2018-09-05 18:16:57 - [MESSAGE][PASSED] - Text 'urn' is set on object 'Object Repository/AddTeamMemberDashboard/name'

2018-09-05 18:16:57 - [TEST_STEP][PASSED] - setText: Text 'QRlkyHtLpP@gmail.com' is set on object 'Object Repository/AddTeamMemberDashboard/email'

2018-09-05 18:16:57 - [MESSAGE][PASSED] - newPackage.newKeyword.randomString is PASSED

2018-09-05 18:16:58 - [MESSAGE][PASSED] - Text 'QRlkyHtLpP@gmail.com' is set on object 'Object Repository/AddTeamMemberDashboard/email'

2018-09-05 18:16:58 - [TEST_STEP][PASSED] - Statement - number = CustomKeywords.phoneNumbers.contactNumbers.randomString(9): phoneNumbers.contactNumbers.randomString is PASSED

2018-09-05 18:16:58 - [MESSAGE][PASSED] - phoneNumbers.contactNumbers.randomString is PASSED

2018-09-05 18:16:58 - [TEST_STEP][PASSED] - Statement - Mobile_Number = number: null

2018-09-05 18:16:58 - [TEST_STEP][PASSED] - setText: Text '2619227361' is set on object 'Object Repository/Dashboard_Link Generator/contactNumber'

2018-09-05 18:16:59 - [MESSAGE][PASSED] - Text '2619227361' is set on object 'Object Repository/Dashboard_Link Generator/contactNumber'

2018-09-05 18:16:59 - [TEST_STEP][PASSED] - setText: Text 'property' is set on object 'Object Repository/Dashboard_Link Generator/tag'

2018-09-05 18:17:00 - [MESSAGE][PASSED] - Text 'property' is set on object 'Object Repository/Dashboard_Link Generator/tag'

2018-09-05 18:17:00 - [TEST_STEP][PASSED] - click: Object: 'Object Repository/Dashboard_Link Generator/div_GET LINK' is clicked on

2018-09-05 18:17:00 - [MESSAGE][PASSED] - Object: 'Object Repository/Dashboard_Link Generator/div_GET LINK' is clicked on

2018-09-05 18:17:00 - [TEST_STEP][PASSED] - Statement - getLink = com.kms.katalon.core.webui.keyword.WebUiBuiltInKeywords.getAttribute(com.kms.katalon.core.testobject.ObjectRepository.findTestObject(Dashboard_Link Generator/input_link-text), "value"): Attribute 'value' of object 'Object Repository/Dashboard_Link Generator/input_link-text' is: 'https://dev.vcalling.in/url/UAT/?id=UAT-1-540'

2018-09-05 18:17:01 - [MESSAGE][PASSED] - Attribute 'value' of object 'Object Repository/Dashboard_Link Generator/input_link-text' is: 'https://dev.vcalling.in/url/UAT/?id=UAT-1-540'

2018-09-05 18:17:01 - [TEST_STEP][PASSED] - Statement - println(getLink): null

2018-09-05 18:17:01 - [TEST_STEP][PASSED] - click: Object: 'Object Repository/Dashboard_Link Generator/copyLink' is clicked on

2018-09-05 18:17:01 - [MESSAGE][PASSED] - Object: 'Object Repository/Dashboard_Link Generator/copyLink' is clicked on

2018-09-05 18:17:01 - [TEST_STEP][PASSED] - Statement - If (com.kms.katalon.core.webui.keyword.WebUiBuiltInKeywords.verifyElementPresent(com.kms.katalon.core.testobject.ObjectRepository.findTestObject(Dashboard_Link Generator/validation), 5, OPTIONAL)): null

2018-09-05 18:17:01 - [MESSAGE][PASSED] - Object 'Object Repository/Dashboard_Link Generator/validation' is present

2018-09-05 18:17:01 - [TEST_STEP][PASSED] - Statement - validationMessage = com.kms.katalon.core.webui.keyword.WebUiBuiltInKeywords.getText(com.kms.katalon.core.testobject.ObjectRepository.findTestObject(Dashboard_Link Generator/validation)): Text of object 'Object Repository/Dashboard_Link Generator/validation' is: 'Link Copied.!'

2018-09-05 18:17:01 - [MESSAGE][PASSED] - Text of object 'Object Repository/Dashboard_Link Generator/validation' is: 'Link Copied.!'

2018-09-05 18:17:01 - [TEST_STEP][PASSED] - verifyMatch: Actual text 'Link Copied.!' and expected text 'Link Copied.!' are matched 

2018-09-05 18:17:01 - [MESSAGE][PASSED] - Actual text 'Link Copied.!' and expected text 'Link Copied.!' are matched 

2018-09-05 18:17:01 - [TEST_STEP][PASSED] - Statement - println("successful"): null

2018-09-05 18:17:01 - [TEST_STEP][PASSED] - Statement - linkUserName = driver.findElements(org.openqa.selenium.By.className("text-link-log")): null

2018-09-05 18:17:01 - [TEST_STEP][PASSED] - Statement - previousCountValue = 0: null

2018-09-05 18:17:01 - [TEST_STEP][PASSED] - Statement - For ([i = 0, i < linkUserName.size(), (i++)]): null

2018-09-05 18:17:01 - [TEST_STEP][PASSED] - Statement - out.println("Admin Console: " + linkUserName.get(i).getText()): null

2018-09-05 18:17:01 - [TEST_STEP][PASSED] - Statement - linkLogmembername = linkUserName.get(i).getText(): null

2018-09-05 18:17:01 - [TEST_STEP][PASSED] - Statement - out.println("new Admin :" + linkLogmembername): null

2018-09-05 18:17:01 - [TEST_STEP][PASSED] - Statement - If (linkLogmembername.equals(teamMeberName)): null

2018-09-05 18:17:01 - [TEST_STEP][PASSED] - Statement - out.println("Admin Console: " + linkUserName.get(i).getText()): null

2018-09-05 18:17:01 - [TEST_STEP][PASSED] - Statement - linkLogmembername = linkUserName.get(i).getText(): null

2018-09-05 18:17:01 - [TEST_STEP][PASSED] - Statement - out.println("new Admin :" + linkLogmembername): null

2018-09-05 18:17:01 - [TEST_STEP][PASSED] - Statement - If (linkLogmembername.equals(teamMeberName)): null

2018-09-05 18:17:01 - [TEST_STEP][PASSED] - Statement - out.println("Admin Console: " + linkUserName.get(i).getText()): null

2018-09-05 18:17:01 - [TEST_STEP][PASSED] - Statement - linkLogmembername = linkUserName.get(i).getText(): null

2018-09-05 18:17:01 - [TEST_STEP][PASSED] - Statement - out.println("new Admin :" + linkLogmembername): null

2018-09-05 18:17:01 - [TEST_STEP][PASSED] - Statement - If (linkLogmembername.equals(teamMeberName)): null

2018-09-05 18:17:01 - [TEST_STEP][PASSED] - Statement - out.println("Admin Console: " + linkUserName.get(i).getText()): null

2018-09-05 18:17:02 - [TEST_STEP][PASSED] - Statement - linkLogmembername = linkUserName.get(i).getText(): null

2018-09-05 18:17:02 - [TEST_STEP][PASSED] - Statement - out.println("new Admin :" + linkLogmembername): null

2018-09-05 18:17:02 - [TEST_STEP][PASSED] - Statement - If (linkLogmembername.equals(teamMeberName)): null

2018-09-05 18:17:02 - [TEST_STEP][PASSED] - Statement - out.println("Admin Console: " + linkUserName.get(i).getText()): null

2018-09-05 18:17:02 - [TEST_STEP][PASSED] - Statement - linkLogmembername = linkUserName.get(i).getText(): null

2018-09-05 18:17:02 - [TEST_STEP][PASSED] - Statement - out.println("new Admin :" + linkLogmembername): null

2018-09-05 18:17:02 - [TEST_STEP][PASSED] - Statement - If (linkLogmembername.equals(teamMeberName)): null

2018-09-05 18:17:02 - [TEST_STEP][PASSED] - Statement - out.println("Admin Console: " + linkUserName.get(i).getText()): null

2018-09-05 18:17:02 - [TEST_STEP][PASSED] - Statement - linkLogmembername = linkUserName.get(i).getText(): null

2018-09-05 18:17:02 - [TEST_STEP][PASSED] - Statement - out.println("new Admin :" + linkLogmembername): null

2018-09-05 18:17:02 - [TEST_STEP][PASSED] - Statement - If (linkLogmembername.equals(teamMeberName)): null

2018-09-05 18:17:02 - [TEST_STEP][PASSED] - Statement - out.println("Admin Console: " + linkUserName.get(i).getText()): null

2018-09-05 18:17:02 - [TEST_STEP][PASSED] - Statement - linkLogmembername = linkUserName.get(i).getText(): null

2018-09-05 18:17:02 - [TEST_STEP][PASSED] - Statement - out.println("new Admin :" + linkLogmembername): null

2018-09-05 18:17:02 - [TEST_STEP][PASSED] - Statement - If (linkLogmembername.equals(teamMeberName)): null

2018-09-05 18:17:02 - [TEST_STEP][PASSED] - Statement - out.println("Admin Console: " + linkUserName.get(i).getText()): null

2018-09-05 18:17:02 - [TEST_STEP][PASSED] - Statement - linkLogmembername = linkUserName.get(i).getText(): null

2018-09-05 18:17:02 - [TEST_STEP][PASSED] - Statement - out.println("new Admin :" + linkLogmembername): null

2018-09-05 18:17:02 - [TEST_STEP][PASSED] - Statement - If (linkLogmembername.equals(teamMeberName)): null

2018-09-05 18:17:02 - [TEST_STEP][PASSED] - Statement - out.println("Admin Console: " + linkLogmembername): null

2018-09-05 18:17:02 - [TEST_STEP][PASSED] - Statement - linkUserName.get(i).click(): null

2018-09-05 18:17:03 - [TEST_STEP][PASSED] - Statement - out.println("Admin Console: " + linkUserName.get(i).getText()): null

2018-09-05 18:17:03 - [TEST_STEP][PASSED] - Statement - linkLogmembername = linkUserName.get(i).getText(): null

2018-09-05 18:17:03 - [TEST_STEP][PASSED] - Statement - out.println("new Admin :" + linkLogmembername): null

2018-09-05 18:17:03 - [TEST_STEP][PASSED] - Statement - If (linkLogmembername.equals(teamMeberName)): null

2018-09-05 18:17:03 - [TEST_STEP][PASSED] - Statement - out.println("Admin Console: " + linkUserName.get(i).getText()): null

2018-09-05 18:17:04 - [TEST_STEP][PASSED] - Statement - linkLogmembername = linkUserName.get(i).getText(): null

2018-09-05 18:17:04 - [TEST_STEP][PASSED] - Statement - out.println("new Admin :" + linkLogmembername): null

2018-09-05 18:17:04 - [TEST_STEP][PASSED] - Statement - If (linkLogmembername.equals(teamMeberName)): null

2018-09-05 18:17:04 - [TEST_STEP][PASSED] - Statement - out.println("Admin Console: " + linkUserName.get(i).getText()): null

2018-09-05 18:17:04 - [TEST_STEP][PASSED] - Statement - linkLogmembername = linkUserName.get(i).getText(): null

2018-09-05 18:17:04 - [TEST_STEP][PASSED] - Statement - out.println("new Admin :" + linkLogmembername): null

2018-09-05 18:17:04 - [TEST_STEP][PASSED] - Statement - If (linkLogmembername.equals(teamMeberName)): null

2018-09-05 18:17:04 - [TEST_STEP][PASSED] - Statement - out.println("Admin Console: " + linkUserName.get(i).getText()): null

2018-09-05 18:17:04 - [TEST_STEP][PASSED] - Statement - linkLogmembername = linkUserName.get(i).getText(): null

2018-09-05 18:17:04 - [TEST_STEP][PASSED] - Statement - out.println("new Admin :" + linkLogmembername): null

2018-09-05 18:17:04 - [TEST_STEP][PASSED] - Statement - If (linkLogmembername.equals(teamMeberName)): null

2018-09-05 18:17:04 - [TEST_STEP][PASSED] - Statement - out.println("Admin Console: " + linkUserName.get(i).getText()): null

2018-09-05 18:17:04 - [TEST_STEP][PASSED] - Statement - linkLogmembername = linkUserName.get(i).getText(): null

2018-09-05 18:17:04 - [TEST_STEP][PASSED] - Statement - out.println("new Admin :" + linkLogmembername): null

2018-09-05 18:17:04 - [TEST_STEP][PASSED] - Statement - If (linkLogmembername.equals(teamMeberName)): null

2018-09-05 18:17:04 - [TEST_STEP][PASSED] - Statement - out.println("Admin Console: " + linkUserName.get(i).getText()): null

2018-09-05 18:17:05 - [TEST_STEP][PASSED] - Statement - linkLogmembername = linkUserName.get(i).getText(): null

2018-09-05 18:17:05 - [TEST_STEP][PASSED] - Statement - out.println("new Admin :" + linkLogmembername): null

2018-09-05 18:17:05 - [TEST_STEP][PASSED] - Statement - If (linkLogmembername.equals(teamMeberName)): null

2018-09-05 18:17:05 - [TEST_STEP][PASSED] - Statement - out.println("Admin Console: " + linkUserName.get(i).getText()): null

2018-09-05 18:17:05 - [TEST_STEP][PASSED] - Statement - linkLogmembername = linkUserName.get(i).getText(): null

2018-09-05 18:17:05 - [TEST_STEP][PASSED] - Statement - out.println("new Admin :" + linkLogmembername): null

2018-09-05 18:17:05 - [TEST_STEP][PASSED] - Statement - If (linkLogmembername.equals(teamMeberName)): null

2018-09-05 18:17:05 - [TEST_STEP][PASSED] - Statement - out.println("Admin Console: " + linkUserName.get(i).getText()): null

2018-09-05 18:17:05 - [TEST_STEP][PASSED] - Statement - linkLogmembername = linkUserName.get(i).getText(): null

2018-09-05 18:17:05 - [TEST_STEP][PASSED] - Statement - out.println("new Admin :" + linkLogmembername): null

2018-09-05 18:17:05 - [TEST_STEP][PASSED] - Statement - If (linkLogmembername.equals(teamMeberName)): null

2018-09-05 18:17:05 - [TEST_STEP][PASSED] - Statement - out.println("Admin Console: " + linkUserName.get(i).getText()): null

2018-09-05 18:17:05 - [TEST_STEP][PASSED] - Statement - linkLogmembername = linkUserName.get(i).getText(): null

2018-09-05 18:17:05 - [TEST_STEP][PASSED] - Statement - out.println("new Admin :" + linkLogmembername): null

2018-09-05 18:17:05 - [TEST_STEP][PASSED] - Statement - If (linkLogmembername.equals(teamMeberName)): null

2018-09-05 18:17:05 - [TEST_STEP][PASSED] - Statement - out.println("Admin Console: " + linkUserName.get(i).getText()): null

2018-09-05 18:17:05 - [TEST_STEP][PASSED] - Statement - linkLogmembername = linkUserName.get(i).getText(): null

2018-09-05 18:17:05 - [TEST_STEP][PASSED] - Statement - out.println("new Admin :" + linkLogmembername): null

2018-09-05 18:17:05 - [TEST_STEP][PASSED] - Statement - If (linkLogmembername.equals(teamMeberName)): null

2018-09-05 18:17:05 - [TEST_STEP][PASSED] - Statement - out.println("Admin Console: " + linkUserName.get(i).getText()): null

2018-09-05 18:17:06 - [TEST_STEP][PASSED] - Statement - linkLogmembername = linkUserName.get(i).getText(): null

2018-09-05 18:17:06 - [TEST_STEP][PASSED] - Statement - out.println("new Admin :" + linkLogmembername): null

2018-09-05 18:17:06 - [TEST_STEP][PASSED] - Statement - If (linkLogmembername.equals(teamMeberName)): null

2018-09-05 18:17:06 - [TEST_STEP][PASSED] - Statement - out.println("Admin Console: " + linkUserName.get(i).getText()): null

2018-09-05 18:17:06 - [TEST_STEP][PASSED] - Statement - linkLogmembername = linkUserName.get(i).getText(): null

2018-09-05 18:17:06 - [TEST_STEP][PASSED] - Statement - out.println("new Admin :" + linkLogmembername): null

2018-09-05 18:17:06 - [TEST_STEP][PASSED] - Statement - If (linkLogmembername.equals(teamMeberName)): null

2018-09-05 18:17:06 - [TEST_STEP][PASSED] - Statement - out.println("Admin Console: " + linkUserName.get(i).getText()): null

2018-09-05 18:17:06 - [TEST_STEP][PASSED] - Statement - linkLogmembername = linkUserName.get(i).getText(): null

2018-09-05 18:17:06 - [TEST_STEP][PASSED] - Statement - out.println("new Admin :" + linkLogmembername): null

2018-09-05 18:17:06 - [TEST_STEP][PASSED] - Statement - If (linkLogmembername.equals(teamMeberName)): null

2018-09-05 18:17:06 - [TEST_STEP][PASSED] - Statement - out.println("Admin Console: " + linkUserName.get(i).getText()): null

2018-09-05 18:17:06 - [TEST_STEP][PASSED] - Statement - linkLogmembername = linkUserName.get(i).getText(): null

2018-09-05 18:17:06 - [TEST_STEP][PASSED] - Statement - out.println("new Admin :" + linkLogmembername): null

2018-09-05 18:17:06 - [TEST_STEP][PASSED] - Statement - If (linkLogmembername.equals(teamMeberName)): null

2018-09-05 18:17:06 - [TEST_STEP][PASSED] - Statement - out.println("Admin Console: " + linkUserName.get(i).getText()): null

2018-09-05 18:17:06 - [TEST_STEP][PASSED] - Statement - linkLogmembername = linkUserName.get(i).getText(): null

2018-09-05 18:17:06 - [TEST_STEP][PASSED] - Statement - out.println("new Admin :" + linkLogmembername): null

2018-09-05 18:17:06 - [TEST_STEP][PASSED] - Statement - If (linkLogmembername.equals(teamMeberName)): null

2018-09-05 18:17:06 - [TEST_STEP][PASSED] - Statement - out.println("Admin Console: " + linkUserName.get(i).getText()): null

2018-09-05 18:17:06 - [TEST_STEP][PASSED] - Statement - linkLogmembername = linkUserName.get(i).getText(): null

2018-09-05 18:17:06 - [TEST_STEP][PASSED] - Statement - out.println("new Admin :" + linkLogmembername): null

2018-09-05 18:17:06 - [TEST_STEP][PASSED] - Statement - If (linkLogmembername.equals(teamMeberName)): null

2018-09-05 18:17:06 - [TEST_STEP][PASSED] - Statement - out.println("Admin Console: " + linkUserName.get(i).getText()): null

2018-09-05 18:17:06 - [TEST_STEP][PASSED] - Statement - linkLogmembername = linkUserName.get(i).getText(): null

2018-09-05 18:17:06 - [TEST_STEP][PASSED] - Statement - out.println("new Admin :" + linkLogmembername): null

2018-09-05 18:17:06 - [TEST_STEP][PASSED] - Statement - If (linkLogmembername.equals(teamMeberName)): null

2018-09-05 18:17:06 - [TEST_STEP][PASSED] - Statement - out.println("Admin Console: " + linkUserName.get(i).getText()): null

2018-09-05 18:17:07 - [TEST_STEP][PASSED] - Statement - linkLogmembername = linkUserName.get(i).getText(): null

2018-09-05 18:17:07 - [TEST_STEP][PASSED] - Statement - out.println("new Admin :" + linkLogmembername): null

2018-09-05 18:17:07 - [TEST_STEP][PASSED] - Statement - If (linkLogmembername.equals(teamMeberName)): null

2018-09-05 18:17:07 - [TEST_STEP][PASSED] - Statement - out.println("Admin Console: " + linkUserName.get(i).getText()): null

2018-09-05 18:17:07 - [TEST_STEP][PASSED] - Statement - linkLogmembername = linkUserName.get(i).getText(): null

2018-09-05 18:17:07 - [TEST_STEP][PASSED] - Statement - out.println("new Admin :" + linkLogmembername): null

2018-09-05 18:17:07 - [TEST_STEP][PASSED] - Statement - If (linkLogmembername.equals(teamMeberName)): null

2018-09-05 18:17:07 - [TEST_STEP][PASSED] - Statement - out.println("Admin Console: " + linkUserName.get(i).getText()): null

2018-09-05 18:17:07 - [TEST_STEP][PASSED] - Statement - linkLogmembername = linkUserName.get(i).getText(): null

2018-09-05 18:17:07 - [TEST_STEP][PASSED] - Statement - out.println("new Admin :" + linkLogmembername): null

2018-09-05 18:17:07 - [TEST_STEP][PASSED] - Statement - If (linkLogmembername.equals(teamMeberName)): null

2018-09-05 18:17:07 - [TEST_STEP][PASSED] - Statement - out.println("Admin Console: " + linkUserName.get(i).getText()): null

2018-09-05 18:17:07 - [TEST_STEP][PASSED] - Statement - linkLogmembername = linkUserName.get(i).getText(): null

2018-09-05 18:17:07 - [TEST_STEP][PASSED] - Statement - out.println("new Admin :" + linkLogmembername): null

2018-09-05 18:17:07 - [TEST_STEP][PASSED] - Statement - If (linkLogmembername.equals(teamMeberName)): null

2018-09-05 18:17:07 - [TEST_STEP][PASSED] - Statement - out.println("Admin Console: " + linkUserName.get(i).getText()): null

2018-09-05 18:17:07 - [TEST_STEP][PASSED] - Statement - linkLogmembername = linkUserName.get(i).getText(): null

2018-09-05 18:17:07 - [TEST_STEP][PASSED] - Statement - out.println("new Admin :" + linkLogmembername): null

2018-09-05 18:17:07 - [TEST_STEP][PASSED] - Statement - If (linkLogmembername.equals(teamMeberName)): null

2018-09-05 18:17:07 - [TEST_STEP][PASSED] - Statement - out.println("Admin Console: " + linkUserName.get(i).getText()): null

2018-09-05 18:17:08 - [TEST_STEP][PASSED] - Statement - linkLogmembername = linkUserName.get(i).getText(): null

2018-09-05 18:17:08 - [TEST_STEP][PASSED] - Statement - out.println("new Admin :" + linkLogmembername): null

2018-09-05 18:17:08 - [TEST_STEP][PASSED] - Statement - If (linkLogmembername.equals(teamMeberName)): null

2018-09-05 18:17:08 - [TEST_STEP][PASSED] - Statement - out.println("Admin Console: " + linkUserName.get(i).getText()): null

2018-09-05 18:17:08 - [TEST_STEP][PASSED] - Statement - linkLogmembername = linkUserName.get(i).getText(): null

2018-09-05 18:17:08 - [TEST_STEP][PASSED] - Statement - out.println("new Admin :" + linkLogmembername): null

2018-09-05 18:17:08 - [TEST_STEP][PASSED] - Statement - If (linkLogmembername.equals(teamMeberName)): null

2018-09-05 18:17:08 - [TEST_STEP][PASSED] - Statement - out.println("Admin Console: " + linkUserName.get(i).getText()): null

2018-09-05 18:17:08 - [TEST_STEP][PASSED] - Statement - linkLogmembername = linkUserName.get(i).getText(): null

2018-09-05 18:17:08 - [TEST_STEP][PASSED] - Statement - out.println("new Admin :" + linkLogmembername): null

2018-09-05 18:17:08 - [TEST_STEP][PASSED] - Statement - If (linkLogmembername.equals(teamMeberName)): null

2018-09-05 18:17:08 - [TEST_STEP][PASSED] - Statement - out.println("Admin Console: " + linkUserName.get(i).getText()): null

2018-09-05 18:17:08 - [TEST_STEP][PASSED] - Statement - linkLogmembername = linkUserName.get(i).getText(): null

2018-09-05 18:17:08 - [TEST_STEP][PASSED] - Statement - out.println("new Admin :" + linkLogmembername): null

2018-09-05 18:17:08 - [TEST_STEP][PASSED] - Statement - If (linkLogmembername.equals(teamMeberName)): null

2018-09-05 18:17:08 - [TEST_STEP][PASSED] - Statement - out.println("Admin Console: " + linkUserName.get(i).getText()): null

2018-09-05 18:17:08 - [TEST_STEP][PASSED] - Statement - linkLogmembername = linkUserName.get(i).getText(): null

2018-09-05 18:17:08 - [TEST_STEP][PASSED] - Statement - out.println("new Admin :" + linkLogmembername): null

2018-09-05 18:17:08 - [TEST_STEP][PASSED] - Statement - If (linkLogmembername.equals(teamMeberName)): null

2018-09-05 18:17:08 - [TEST_STEP][PASSED] - Statement - out.println("Admin Console: " + linkUserName.get(i).getText()): null

2018-09-05 18:17:08 - [TEST_STEP][PASSED] - Statement - linkLogmembername = linkUserName.get(i).getText(): null

2018-09-05 18:17:08 - [TEST_STEP][PASSED] - Statement - out.println("new Admin :" + linkLogmembername): null

2018-09-05 18:17:08 - [TEST_STEP][PASSED] - Statement - If (linkLogmembername.equals(teamMeberName)): null

2018-09-05 18:17:08 - [TEST_STEP][PASSED] - Statement - out.println("Admin Console: " + linkUserName.get(i).getText()): null

2018-09-05 18:17:08 - [TEST_STEP][PASSED] - Statement - linkLogmembername = linkUserName.get(i).getText(): null

2018-09-05 18:17:08 - [TEST_STEP][PASSED] - Statement - out.println("new Admin :" + linkLogmembername): null

2018-09-05 18:17:08 - [TEST_STEP][PASSED] - Statement - If (linkLogmembername.equals(teamMeberName)): null

2018-09-05 18:17:08 - [TEST_STEP][PASSED] - Statement - out.println("Admin Console: " + linkUserName.get(i).getText()): null

2018-09-05 18:17:08 - [TEST_STEP][PASSED] - Statement - linkLogmembername = linkUserName.get(i).getText(): null

2018-09-05 18:17:08 - [TEST_STEP][PASSED] - Statement - out.println("new Admin :" + linkLogmembername): null

2018-09-05 18:17:08 - [TEST_STEP][PASSED] - Statement - If (linkLogmembername.equals(teamMeberName)): null

2018-09-05 18:17:08 - [TEST_STEP][PASSED] - Statement - out.println("Admin Console: " + linkUserName.get(i).getText()): null

2018-09-05 18:17:09 - [TEST_STEP][PASSED] - Statement - linkLogmembername = linkUserName.get(i).getText(): null

2018-09-05 18:17:09 - [TEST_STEP][PASSED] - Statement - out.println("new Admin :" + linkLogmembername): null

2018-09-05 18:17:09 - [TEST_STEP][PASSED] - Statement - If (linkLogmembername.equals(teamMeberName)): null

2018-09-05 18:17:09 - [TEST_STEP][PASSED] - Statement - out.println("Admin Console: " + linkUserName.get(i).getText()): null

2018-09-05 18:17:09 - [TEST_STEP][PASSED] - Statement - linkLogmembername = linkUserName.get(i).getText(): null

2018-09-05 18:17:09 - [TEST_STEP][PASSED] - Statement - out.println("new Admin :" + linkLogmembername): null

2018-09-05 18:17:09 - [TEST_STEP][PASSED] - Statement - If (linkLogmembername.equals(teamMeberName)): null

2018-09-05 18:17:09 - [TEST_STEP][PASSED] - Statement - out.println("Admin Console: " + linkUserName.get(i).getText()): null

2018-09-05 18:17:09 - [TEST_STEP][PASSED] - Statement - linkLogmembername = linkUserName.get(i).getText(): null

2018-09-05 18:17:09 - [TEST_STEP][PASSED] - Statement - out.println("new Admin :" + linkLogmembername): null

2018-09-05 18:17:09 - [TEST_STEP][PASSED] - Statement - If (linkLogmembername.equals(teamMeberName)): null

2018-09-05 18:17:09 - [TEST_STEP][PASSED] - Statement - out.println("Admin Console: " + linkUserName.get(i).getText()): null

2018-09-05 18:17:09 - [TEST_STEP][PASSED] - Statement - linkLogmembername = linkUserName.get(i).getText(): null

2018-09-05 18:17:09 - [TEST_STEP][PASSED] - Statement - out.println("new Admin :" + linkLogmembername): null

2018-09-05 18:17:09 - [TEST_STEP][PASSED] - Statement - If (linkLogmembername.equals(teamMeberName)): null

2018-09-05 18:17:09 - [TEST_STEP][PASSED] - Statement - out.println("Admin Console: " + linkUserName.get(i).getText()): null

2018-09-05 18:17:09 - [TEST_STEP][PASSED] - Statement - linkLogmembername = linkUserName.get(i).getText(): null

2018-09-05 18:17:09 - [TEST_STEP][PASSED] - Statement - out.println("new Admin :" + linkLogmembername): null

2018-09-05 18:17:09 - [TEST_STEP][PASSED] - Statement - If (linkLogmembername.equals(teamMeberName)): null

2018-09-05 18:17:09 - [TEST_STEP][PASSED] - Statement - out.println("Admin Console: " + linkUserName.get(i).getText()): null

2018-09-05 18:17:09 - [TEST_STEP][PASSED] - Statement - linkLogmembername = linkUserName.get(i).getText(): null

2018-09-05 18:17:09 - [TEST_STEP][PASSED] - Statement - out.println("new Admin :" + linkLogmembername): null

2018-09-05 18:17:09 - [TEST_STEP][PASSED] - Statement - If (linkLogmembername.equals(teamMeberName)): null

2018-09-05 18:17:09 - [TEST_STEP][PASSED] - Statement - out.println("Admin Console: " + linkUserName.get(i).getText()): null

2018-09-05 18:17:09 - [TEST_STEP][PASSED] - Statement - linkLogmembername = linkUserName.get(i).getText(): null

2018-09-05 18:17:09 - [TEST_STEP][PASSED] - Statement - out.println("new Admin :" + linkLogmembername): null

2018-09-05 18:17:09 - [TEST_STEP][PASSED] - Statement - If (linkLogmembername.equals(teamMeberName)): null

2018-09-05 18:17:09 - [TEST_STEP][PASSED] - Statement - out.println("Admin Console: " + linkUserName.get(i).getText()): null

2018-09-05 18:17:09 - [TEST_STEP][PASSED] - Statement - linkLogmembername = linkUserName.get(i).getText(): null

2018-09-05 18:17:09 - [TEST_STEP][PASSED] - Statement - out.println("new Admin :" + linkLogmembername): null

2018-09-05 18:17:09 - [TEST_STEP][PASSED] - Statement - If (linkLogmembername.equals(teamMeberName)): null

2018-09-05 18:17:09 - [TEST_STEP][PASSED] - Statement - out.println("Admin Console: " + linkUserName.get(i).getText()): null

2018-09-05 18:17:09 - [TEST_STEP][PASSED] - Statement - linkLogmembername = linkUserName.get(i).getText(): null

2018-09-05 18:17:09 - [TEST_STEP][PASSED] - Statement - out.println("new Admin :" + linkLogmembername): null

2018-09-05 18:17:09 - [TEST_STEP][PASSED] - Statement - If (linkLogmembername.equals(teamMeberName)): null

2018-09-05 18:17:09 - [TEST_STEP][PASSED] - Statement - out.println("Admin Console: " + linkUserName.get(i).getText()): null

2018-09-05 18:17:09 - [TEST_STEP][PASSED] - Statement - linkLogmembername = linkUserName.get(i).getText(): null

2018-09-05 18:17:09 - [TEST_STEP][PASSED] - Statement - out.println("new Admin :" + linkLogmembername): null

2018-09-05 18:17:09 - [TEST_STEP][PASSED] - Statement - If (linkLogmembername.equals(teamMeberName)): null

2018-09-05 18:17:09 - [TEST_STEP][PASSED] - Statement - out.println("Admin Console: " + linkUserName.get(i).getText()): null

2018-09-05 18:17:09 - [TEST_STEP][PASSED] - Statement - linkLogmembername = linkUserName.get(i).getText(): null

2018-09-05 18:17:09 - [TEST_STEP][PASSED] - Statement - out.println("new Admin :" + linkLogmembername): null

2018-09-05 18:17:09 - [TEST_STEP][PASSED] - Statement - If (linkLogmembername.equals(teamMeberName)): null

2018-09-05 18:17:09 - [TEST_STEP][PASSED] - Statement - out.println("Admin Console: " + linkUserName.get(i).getText()): null

2018-09-05 18:17:09 - [TEST_STEP][PASSED] - Statement - linkLogmembername = linkUserName.get(i).getText(): null

2018-09-05 18:17:09 - [TEST_STEP][PASSED] - Statement - out.println("new Admin :" + linkLogmembername): null

2018-09-05 18:17:09 - [TEST_STEP][PASSED] - Statement - If (linkLogmembername.equals(teamMeberName)): null

2018-09-05 18:17:09 - [TEST_STEP][PASSED] - Statement - out.println("Admin Console: " + linkUserName.get(i).getText()): null

2018-09-05 18:17:10 - [TEST_STEP][PASSED] - Statement - linkLogmembername = linkUserName.get(i).getText(): null

2018-09-05 18:17:10 - [TEST_STEP][PASSED] - Statement - out.println("new Admin :" + linkLogmembername): null

2018-09-05 18:17:10 - [TEST_STEP][PASSED] - Statement - If (linkLogmembername.equals(teamMeberName)): null

2018-09-05 18:17:10 - [TEST_STEP][PASSED] - Statement - out.println("Admin Console: " + linkUserName.get(i).getText()): null

2018-09-05 18:17:10 - [TEST_STEP][PASSED] - Statement - linkLogmembername = linkUserName.get(i).getText(): null

2018-09-05 18:17:10 - [TEST_STEP][PASSED] - Statement - out.println("new Admin :" + linkLogmembername): null

2018-09-05 18:17:10 - [TEST_STEP][PASSED] - Statement - If (linkLogmembername.equals(teamMeberName)): null

2018-09-05 18:17:10 - [TEST_STEP][PASSED] - Statement - out.println("Admin Console: " + linkUserName.get(i).getText()): null

2018-09-05 18:17:10 - [TEST_STEP][PASSED] - Statement - linkLogmembername = linkUserName.get(i).getText(): null

2018-09-05 18:17:10 - [TEST_STEP][PASSED] - Statement - out.println("new Admin :" + linkLogmembername): null

2018-09-05 18:17:10 - [TEST_STEP][PASSED] - Statement - If (linkLogmembername.equals(teamMeberName)): null

2018-09-05 18:17:10 - [TEST_STEP][PASSED] - Statement - out.println("Admin Console: " + linkUserName.get(i).getText()): null

2018-09-05 18:17:10 - [TEST_STEP][PASSED] - Statement - linkLogmembername = linkUserName.get(i).getText(): null

2018-09-05 18:17:10 - [TEST_STEP][PASSED] - Statement - out.println("new Admin :" + linkLogmembername): null

2018-09-05 18:17:10 - [TEST_STEP][PASSED] - Statement - If (linkLogmembername.equals(teamMeberName)): null

2018-09-05 18:17:10 - [TEST_STEP][PASSED] - Statement - out.println("Admin Console: " + linkUserName.get(i).getText()): null

2018-09-05 18:17:10 - [TEST_STEP][PASSED] - Statement - linkLogmembername = linkUserName.get(i).getText(): null

2018-09-05 18:17:10 - [TEST_STEP][PASSED] - Statement - out.println("new Admin :" + linkLogmembername): null

2018-09-05 18:17:10 - [TEST_STEP][PASSED] - Statement - If (linkLogmembername.equals(teamMeberName)): null

2018-09-05 18:17:10 - [TEST_STEP][PASSED] - Statement - out.println("Admin Console: " + linkUserName.get(i).getText()): null

2018-09-05 18:17:10 - [TEST_STEP][PASSED] - Statement - linkLogmembername = linkUserName.get(i).getText(): null

2018-09-05 18:17:10 - [TEST_STEP][PASSED] - Statement - out.println("new Admin :" + linkLogmembername): null

2018-09-05 18:17:10 - [TEST_STEP][PASSED] - Statement - If (linkLogmembername.equals(teamMeberName)): null

2018-09-05 18:17:10 - [TEST_STEP][PASSED] - Statement - out.println("Admin Console: " + linkUserName.get(i).getText()): null

2018-09-05 18:17:11 - [TEST_STEP][PASSED] - Statement - linkLogmembername = linkUserName.get(i).getText(): null

2018-09-05 18:17:11 - [TEST_STEP][PASSED] - Statement - out.println("new Admin :" + linkLogmembername): null

2018-09-05 18:17:11 - [TEST_STEP][PASSED] - Statement - If (linkLogmembername.equals(teamMeberName)): null

2018-09-05 18:17:11 - [TEST_STEP][PASSED] - Statement - If (com.kms.katalon.core.webui.keyword.WebUiBuiltInKeywords.verifyElementPresent(com.kms.katalon.core.testobject.ObjectRepository.findTestObject(Object Repository/linkLog/customerProfileDetails), 5, OPTIONAL)): null

2018-09-05 18:17:11 - [MESSAGE][PASSED] - Object 'Object Repository/linkLog/customerProfileDetails' is present

2018-09-05 18:17:11 - [TEST_STEP][PASSED] - Statement - println("open link log successful"): null

2018-09-05 18:17:11 - [TEST_STEP][PASSED] - click: Object: 'Object Repository/linkLog/editButton' is clicked on

2018-09-05 18:17:12 - [MESSAGE][PASSED] - Object: 'Object Repository/linkLog/editButton' is clicked on

2018-09-05 18:17:12 - [TEST_STEP][PASSED] - sendKeys: Keys 'CONTROL + DELETE + a' sent to object: 'Object Repository/customerDetailsEdit/emailInputBox'

2018-09-05 18:17:13 - [MESSAGE][PASSED] - Keys 'CONTROL + DELETE + a' sent to object: 'Object Repository/customerDetailsEdit/emailInputBox'

2018-09-05 18:17:13 - [TEST_STEP][PASSED] - click: Object: 'Object Repository/customerDetailsEdit/saveButtonObject' is clicked on

2018-09-05 18:17:13 - [MESSAGE][PASSED] - Object: 'Object Repository/customerDetailsEdit/saveButtonObject' is clicked on

2018-09-05 18:17:13 - [TEST_STEP][PASSED] - Statement - If (com.kms.katalon.core.webui.keyword.WebUiBuiltInKeywords.verifyElementPresent(com.kms.katalon.core.testobject.ObjectRepository.findTestObject(Dashboard_Link Generator/validation), 5)): null

2018-09-05 18:17:14 - [MESSAGE][PASSED] - Object 'Object Repository/Dashboard_Link Generator/validation' is present

2018-09-05 18:17:14 - [TEST_STEP][PASSED] - Statement - validationMessage = com.kms.katalon.core.webui.keyword.WebUiBuiltInKeywords.getText(com.kms.katalon.core.testobject.ObjectRepository.findTestObject(Dashboard_Link Generator/validation)): Text of object 'Object Repository/Dashboard_Link Generator/validation' is: 'Details Updated, Please refresh logs for updated details'

2018-09-05 18:17:14 - [MESSAGE][PASSED] - Text of object 'Object Repository/Dashboard_Link Generator/validation' is: 'Details Updated, Please refresh logs for updated details'

2018-09-05 18:17:14 - [TEST_STEP][PASSED] - verifyMatch: Actual text 'Details Updated, Please refresh logs for updated details' and expected text 'Details Updated, Please refresh logs for updated details' are matched 

2018-09-05 18:17:14 - [MESSAGE][PASSED] - Actual text 'Details Updated, Please refresh logs for updated details' and expected text 'Details Updated, Please refresh logs for updated details' are matched 

2018-09-05 18:17:14 - [TEST_STEP][PASSED] - Statement - println("successful"): null]]></system-out>
         <system-err><![CDATA[]]></system-err>
      </testcase>
      <testcase name="Test Cases/completed/TestCase4_EditCustomerDetails/removeCustomerNameThroughDetails" classname="Test Cases/completed/TestCase4_EditCustomerDetails/removeCustomerNameThroughDetails" status="PASSED">
         <system-out><![CDATA[2018-09-05 18:17:14 - [TEST_CASE][PASSED] - Test Cases/completed/TestCase4_EditCustomerDetails/removeCustomerNameThroughDetails: Test Cases/completed/TestCase4_EditCustomerDetails/removeCustomerNameThroughDetails

2018-09-05 18:17:15 - [TEST_STEP][PASSED] - callTestCase: Call Test Case 'Test Cases/BVT/aSimple_Login' successfully

2018-09-05 18:17:15 - [TEST_CASE][PASSED] - Test Cases/BVT/aSimple_Login: Test Cases/BVT/aSimple_Login

2018-09-05 18:17:15 - [TEST_STEP][PASSED] - openBrowser: Browser is opened with url: ''

2018-09-05 18:17:15 - [MESSAGE][WARNING] - A browser is already opened. Closing browser and opening a new one

2018-09-05 18:17:20 - [MESSAGE][PASSED] - Browser is opened with url: ''

2018-09-05 18:17:20 - [TEST_STEP][PASSED] - maximizeWindow: Current window maximized

2018-09-05 18:17:21 - [MESSAGE][PASSED] - Current window maximized

2018-09-05 18:17:21 - [TEST_STEP][PASSED] - navigateToUrl: Navigate to 'https://dev.vcalling.in/enterprises/UAT/Dashboard/index.html' successfully

2018-09-05 18:17:25 - [MESSAGE][PASSED] - Navigate to 'https://dev.vcalling.in/enterprises/UAT/Dashboard/index.html' successfully

2018-09-05 18:17:25 - [TEST_STEP][PASSED] - setText: Text 'testing4dea@gmail.com' is set on object 'Object Repository/Login/UserId'

2018-09-05 18:17:26 - [MESSAGE][PASSED] - Text 'testing4dea@gmail.com' is set on object 'Object Repository/Login/UserId'

2018-09-05 18:17:26 - [TEST_STEP][PASSED] - click: Object: 'Object Repository/Login/div_GET OTP' is clicked on

2018-09-05 18:17:26 - [MESSAGE][PASSED] - Object: 'Object Repository/Login/div_GET OTP' is clicked on

2018-09-05 18:17:26 - [TEST_STEP][PASSED] - waitForElementPresent: Object 'Object Repository/Login/div_SUBMIT' is present

2018-09-05 18:17:27 - [MESSAGE][PASSED] - Object 'Object Repository/Login/div_SUBMIT' is present

2018-09-05 18:17:27 - [TEST_STEP][PASSED] - Statement - If (com.kms.katalon.core.webui.keyword.WebUiBuiltInKeywords.verifyElementNotPresent(com.kms.katalon.core.testobject.ObjectRepository.findTestObject(Login/div_SUBMIT), 5, OPTIONAL)): Web element with id: 'Object Repository/Login/div_SUBMIT' located by 'By.xpath: //div[(text() = ' SUBMIT ' or . = ' SUBMIT ')]' is present after '5' second(s)

2018-09-05 18:17:32 - [MESSAGE][WARNING] - Web element with id: 'Object Repository/Login/div_SUBMIT' located by 'By.xpath: //div[(text() = ' SUBMIT ' or . = ' SUBMIT ')]' is present after '5' second(s)
[[ATTACHMENT|C:\\Users\\User\\Desktop\\Katalon Studio\\Katalon Studio\\vCallingDashboard\\Reports\\RegressionSuite\\20180905_175530\\1536151652578.png]]

2018-09-05 18:17:32 - [TEST_STEP][PASSED] - Statement - sleep(5000): null

2018-09-05 18:17:37 - [TEST_STEP][PASSED] - Statement - OTP = getOTP(): null

2018-09-05 18:17:37 - [TEST_STEP][PASSED] - Statement - host = "imap.gmail.com": null

2018-09-05 18:17:37 - [TEST_STEP][PASSED] - Statement - msg = <not implemented yet for class: org.codehaus.groovy.ast.expr.EmptyExpression>: null

2018-09-05 18:17:37 - [TEST_STEP][PASSED] - Statement - msgSub = <not implemented yet for class: org.codehaus.groovy.ast.expr.EmptyExpression>: null

2018-09-05 18:17:37 - [TEST_STEP][PASSED] - Statement - OTP = "unavailable": null

2018-09-05 18:17:37 - [TEST_STEP][PASSED] - Statement - props = new java.util.Properties(): null

2018-09-05 18:17:37 - [TEST_STEP][PASSED] - Statement - props.setProperty("mail.imap.ssl.enable", "true"): null

2018-09-05 18:17:37 - [TEST_STEP][PASSED] - Statement - session = javax.mail.Session.getInstance(props): null

2018-09-05 18:17:37 - [TEST_STEP][PASSED] - Statement - store = <not implemented yet for class: org.codehaus.groovy.ast.expr.EmptyExpression>: null

2018-09-05 18:17:37 - [TEST_STEP][PASSED] - Statement - Try: null

2018-09-05 18:17:37 - [TEST_STEP][PASSED] - Statement - store = session.getStore("imap"): null

2018-09-05 18:17:37 - [TEST_STEP][PASSED] - Statement - store.connect(host, Email, Password): null

2018-09-05 18:17:39 - [TEST_STEP][PASSED] - Statement - emailFolder = store.getFolder("INBOX"): null

2018-09-05 18:17:39 - [TEST_STEP][PASSED] - Statement - emailFolder.open(READ_WRITE): null

2018-09-05 18:17:40 - [TEST_STEP][PASSED] - Statement - messages = emailFolder.getMessages(): null

2018-09-05 18:17:40 - [TEST_STEP][PASSED] - Statement - n = length: null

2018-09-05 18:17:40 - [TEST_STEP][PASSED] - Statement - message = messages[n - 1]: null

2018-09-05 18:17:40 - [TEST_STEP][PASSED] - Statement - msgSub = message.getSubject(): null

2018-09-05 18:17:40 - [TEST_STEP][PASSED] - Statement - If (msgSub.equals("OTP to Sign In")): null

2018-09-05 18:17:40 - [TEST_STEP][PASSED] - Statement - msg = message.getContent().toString(): null

2018-09-05 18:17:41 - [TEST_STEP][PASSED] - Statement - OTP = msg.substring(msg.length() - 7): null

2018-09-05 18:17:41 - [TEST_STEP][PASSED] - Statement - message.setFlag(DELETED, true): null

2018-09-05 18:17:41 - [TEST_STEP][PASSED] - Statement - emailFolder.close(true): null

2018-09-05 18:17:41 - [TEST_STEP][PASSED] - Statement - store.close(): null

2018-09-05 18:17:42 - [TEST_STEP][PASSED] - Statement - return OTP: null

2018-09-05 18:17:42 - [TEST_STEP][PASSED] - Statement - If (OTP.equals("unavailable")): null

2018-09-05 18:17:42 - [TEST_STEP][PASSED] - Statement - Else: Text 'd5575
' is set on object 'Object Repository/Login/OtpInput'

2018-09-05 18:17:42 - [TEST_STEP][PASSED] - setText: Text 'd5575
' is set on object 'Object Repository/Login/OtpInput'

2018-09-05 18:17:42 - [MESSAGE][PASSED] - Text 'd5575
' is set on object 'Object Repository/Login/OtpInput'

2018-09-05 18:17:42 - [TEST_STEP][PASSED] - verifyElementPresent: Object 'Object Repository/Login/afterOpenDisplay' is present

2018-09-05 18:17:42 - [MESSAGE][PASSED] - Object 'Object Repository/Login/afterOpenDisplay' is present

2018-09-05 18:17:42 - [MESSAGE][PASSED] - Call Test Case 'Test Cases/BVT/aSimple_Login' successfully

2018-09-05 18:17:42 - [TEST_STEP][PASSED] - Statement - driver = com.kms.katalon.core.webui.driver.DriverFactory.getWebDriver(): null

2018-09-05 18:17:42 - [TEST_STEP][PASSED] - click: Object: 'Object Repository/Dashboard_Link Generator/linkgeneratorIcon' is clicked on

2018-09-05 18:17:44 - [MESSAGE][PASSED] - Object: 'Object Repository/Dashboard_Link Generator/linkgeneratorIcon' is clicked on

2018-09-05 18:17:44 - [TEST_STEP][PASSED] - Statement - x = CustomKeywords.newPackage.newKeyword.randomString(3).toLowerCase(): newPackage.newKeyword.randomString is PASSED

2018-09-05 18:17:44 - [MESSAGE][PASSED] - newPackage.newKeyword.randomString is PASSED

2018-09-05 18:17:44 - [TEST_STEP][PASSED] - Statement - teamMeberName = x: null

2018-09-05 18:17:44 - [TEST_STEP][PASSED] - setText: Text 'ucs' is set on object 'Object Repository/AddTeamMemberDashboard/name'

2018-09-05 18:17:45 - [MESSAGE][PASSED] - Text 'ucs' is set on object 'Object Repository/AddTeamMemberDashboard/name'

2018-09-05 18:17:45 - [TEST_STEP][PASSED] - setText: Text 'cwXd89rNN6@gmail.com' is set on object 'Object Repository/AddTeamMemberDashboard/email'

2018-09-05 18:17:45 - [MESSAGE][PASSED] - newPackage.newKeyword.randomString is PASSED

2018-09-05 18:17:46 - [MESSAGE][PASSED] - Text 'cwXd89rNN6@gmail.com' is set on object 'Object Repository/AddTeamMemberDashboard/email'

2018-09-05 18:17:46 - [TEST_STEP][PASSED] - Statement - number = CustomKeywords.phoneNumbers.contactNumbers.randomString(9): phoneNumbers.contactNumbers.randomString is PASSED

2018-09-05 18:17:46 - [MESSAGE][PASSED] - phoneNumbers.contactNumbers.randomString is PASSED

2018-09-05 18:17:46 - [TEST_STEP][PASSED] - Statement - Mobile_Number = number: null

2018-09-05 18:17:46 - [TEST_STEP][PASSED] - setText: Text '8049838881' is set on object 'Object Repository/Dashboard_Link Generator/contactNumber'

2018-09-05 18:17:46 - [MESSAGE][PASSED] - Text '8049838881' is set on object 'Object Repository/Dashboard_Link Generator/contactNumber'

2018-09-05 18:17:46 - [TEST_STEP][PASSED] - setText: Text 'property' is set on object 'Object Repository/Dashboard_Link Generator/tag'

2018-09-05 18:17:46 - [MESSAGE][PASSED] - Text 'property' is set on object 'Object Repository/Dashboard_Link Generator/tag'

2018-09-05 18:17:46 - [TEST_STEP][PASSED] - click: Object: 'Object Repository/Dashboard_Link Generator/div_GET LINK' is clicked on

2018-09-05 18:17:47 - [MESSAGE][PASSED] - Object: 'Object Repository/Dashboard_Link Generator/div_GET LINK' is clicked on

2018-09-05 18:17:47 - [TEST_STEP][PASSED] - Statement - getLink = com.kms.katalon.core.webui.keyword.WebUiBuiltInKeywords.getAttribute(com.kms.katalon.core.testobject.ObjectRepository.findTestObject(Dashboard_Link Generator/input_link-text), "value"): Attribute 'value' of object 'Object Repository/Dashboard_Link Generator/input_link-text' is: 'https://dev.vcalling.in/url/UAT/?id=UAT-1-541'

2018-09-05 18:17:47 - [MESSAGE][PASSED] - Attribute 'value' of object 'Object Repository/Dashboard_Link Generator/input_link-text' is: 'https://dev.vcalling.in/url/UAT/?id=UAT-1-541'

2018-09-05 18:17:47 - [TEST_STEP][PASSED] - Statement - println(getLink): null

2018-09-05 18:17:47 - [TEST_STEP][PASSED] - click: Object: 'Object Repository/Dashboard_Link Generator/copyLink' is clicked on

2018-09-05 18:17:47 - [MESSAGE][PASSED] - Object: 'Object Repository/Dashboard_Link Generator/copyLink' is clicked on

2018-09-05 18:17:47 - [TEST_STEP][PASSED] - Statement - If (com.kms.katalon.core.webui.keyword.WebUiBuiltInKeywords.verifyElementPresent(com.kms.katalon.core.testobject.ObjectRepository.findTestObject(Dashboard_Link Generator/validation), 5, OPTIONAL)): null

2018-09-05 18:17:48 - [MESSAGE][PASSED] - Object 'Object Repository/Dashboard_Link Generator/validation' is present

2018-09-05 18:17:48 - [TEST_STEP][PASSED] - Statement - validationMessage = com.kms.katalon.core.webui.keyword.WebUiBuiltInKeywords.getText(com.kms.katalon.core.testobject.ObjectRepository.findTestObject(Dashboard_Link Generator/validation)): Text of object 'Object Repository/Dashboard_Link Generator/validation' is: 'Link Copied.!'

2018-09-05 18:17:48 - [MESSAGE][PASSED] - Text of object 'Object Repository/Dashboard_Link Generator/validation' is: 'Link Copied.!'

2018-09-05 18:17:48 - [TEST_STEP][PASSED] - verifyMatch: Actual text 'Link Copied.!' and expected text 'Link Copied.!' are matched 

2018-09-05 18:17:48 - [MESSAGE][PASSED] - Actual text 'Link Copied.!' and expected text 'Link Copied.!' are matched 

2018-09-05 18:17:48 - [TEST_STEP][PASSED] - Statement - println("successful"): null

2018-09-05 18:17:48 - [TEST_STEP][PASSED] - Statement - linkUserName = driver.findElements(org.openqa.selenium.By.className("text-link-log")): null

2018-09-05 18:17:48 - [TEST_STEP][PASSED] - Statement - previousCountValue = 0: null

2018-09-05 18:17:48 - [TEST_STEP][PASSED] - Statement - For ([i = 0, i < linkUserName.size(), (i++)]): null

2018-09-05 18:17:48 - [TEST_STEP][PASSED] - Statement - out.println("Admin Console: " + linkUserName.get(i).getText()): null

2018-09-05 18:17:48 - [TEST_STEP][PASSED] - Statement - linkLogmembername = linkUserName.get(i).getText(): null

2018-09-05 18:17:48 - [TEST_STEP][PASSED] - Statement - out.println("new Admin :" + linkLogmembername): null

2018-09-05 18:17:48 - [TEST_STEP][PASSED] - Statement - If (linkLogmembername.equals(teamMeberName)): null

2018-09-05 18:17:48 - [TEST_STEP][PASSED] - Statement - out.println("Admin Console: " + linkUserName.get(i).getText()): null

2018-09-05 18:17:48 - [TEST_STEP][PASSED] - Statement - linkLogmembername = linkUserName.get(i).getText(): null

2018-09-05 18:17:48 - [TEST_STEP][PASSED] - Statement - out.println("new Admin :" + linkLogmembername): null

2018-09-05 18:17:48 - [TEST_STEP][PASSED] - Statement - If (linkLogmembername.equals(teamMeberName)): null

2018-09-05 18:17:48 - [TEST_STEP][PASSED] - Statement - out.println("Admin Console: " + linkUserName.get(i).getText()): null

2018-09-05 18:17:49 - [TEST_STEP][PASSED] - Statement - linkLogmembername = linkUserName.get(i).getText(): null

2018-09-05 18:17:49 - [TEST_STEP][PASSED] - Statement - out.println("new Admin :" + linkLogmembername): null

2018-09-05 18:17:49 - [TEST_STEP][PASSED] - Statement - If (linkLogmembername.equals(teamMeberName)): null

2018-09-05 18:17:49 - [TEST_STEP][PASSED] - Statement - out.println("Admin Console: " + linkUserName.get(i).getText()): null

2018-09-05 18:17:49 - [TEST_STEP][PASSED] - Statement - linkLogmembername = linkUserName.get(i).getText(): null

2018-09-05 18:17:49 - [TEST_STEP][PASSED] - Statement - out.println("new Admin :" + linkLogmembername): null

2018-09-05 18:17:49 - [TEST_STEP][PASSED] - Statement - If (linkLogmembername.equals(teamMeberName)): null

2018-09-05 18:17:49 - [TEST_STEP][PASSED] - Statement - out.println("Admin Console: " + linkUserName.get(i).getText()): null

2018-09-05 18:17:49 - [TEST_STEP][PASSED] - Statement - linkLogmembername = linkUserName.get(i).getText(): null

2018-09-05 18:17:49 - [TEST_STEP][PASSED] - Statement - out.println("new Admin :" + linkLogmembername): null

2018-09-05 18:17:49 - [TEST_STEP][PASSED] - Statement - If (linkLogmembername.equals(teamMeberName)): null

2018-09-05 18:17:49 - [TEST_STEP][PASSED] - Statement - out.println("Admin Console: " + linkUserName.get(i).getText()): null

2018-09-05 18:17:49 - [TEST_STEP][PASSED] - Statement - linkLogmembername = linkUserName.get(i).getText(): null

2018-09-05 18:17:49 - [TEST_STEP][PASSED] - Statement - out.println("new Admin :" + linkLogmembername): null

2018-09-05 18:17:49 - [TEST_STEP][PASSED] - Statement - If (linkLogmembername.equals(teamMeberName)): null

2018-09-05 18:17:49 - [TEST_STEP][PASSED] - Statement - out.println("Admin Console: " + linkUserName.get(i).getText()): null

2018-09-05 18:17:49 - [TEST_STEP][PASSED] - Statement - linkLogmembername = linkUserName.get(i).getText(): null

2018-09-05 18:17:49 - [TEST_STEP][PASSED] - Statement - out.println("new Admin :" + linkLogmembername): null

2018-09-05 18:17:49 - [TEST_STEP][PASSED] - Statement - If (linkLogmembername.equals(teamMeberName)): null

2018-09-05 18:17:49 - [TEST_STEP][PASSED] - Statement - out.println("Admin Console: " + linkUserName.get(i).getText()): null

2018-09-05 18:17:49 - [TEST_STEP][PASSED] - Statement - linkLogmembername = linkUserName.get(i).getText(): null

2018-09-05 18:17:49 - [TEST_STEP][PASSED] - Statement - out.println("new Admin :" + linkLogmembername): null

2018-09-05 18:17:49 - [TEST_STEP][PASSED] - Statement - If (linkLogmembername.equals(teamMeberName)): null

2018-09-05 18:17:49 - [TEST_STEP][PASSED] - Statement - out.println("Admin Console: " + linkLogmembername): null

2018-09-05 18:17:49 - [TEST_STEP][PASSED] - Statement - linkUserName.get(i).click(): null

2018-09-05 18:17:50 - [TEST_STEP][PASSED] - Statement - out.println("Admin Console: " + linkUserName.get(i).getText()): null

2018-09-05 18:17:50 - [TEST_STEP][PASSED] - Statement - linkLogmembername = linkUserName.get(i).getText(): null

2018-09-05 18:17:50 - [TEST_STEP][PASSED] - Statement - out.println("new Admin :" + linkLogmembername): null

2018-09-05 18:17:50 - [TEST_STEP][PASSED] - Statement - If (linkLogmembername.equals(teamMeberName)): null

2018-09-05 18:17:50 - [TEST_STEP][PASSED] - Statement - out.println("Admin Console: " + linkUserName.get(i).getText()): null

2018-09-05 18:17:50 - [TEST_STEP][PASSED] - Statement - linkLogmembername = linkUserName.get(i).getText(): null

2018-09-05 18:17:50 - [TEST_STEP][PASSED] - Statement - out.println("new Admin :" + linkLogmembername): null

2018-09-05 18:17:50 - [TEST_STEP][PASSED] - Statement - If (linkLogmembername.equals(teamMeberName)): null

2018-09-05 18:17:50 - [TEST_STEP][PASSED] - Statement - out.println("Admin Console: " + linkUserName.get(i).getText()): null

2018-09-05 18:17:50 - [TEST_STEP][PASSED] - Statement - linkLogmembername = linkUserName.get(i).getText(): null

2018-09-05 18:17:50 - [TEST_STEP][PASSED] - Statement - out.println("new Admin :" + linkLogmembername): null

2018-09-05 18:17:50 - [TEST_STEP][PASSED] - Statement - If (linkLogmembername.equals(teamMeberName)): null

2018-09-05 18:17:50 - [TEST_STEP][PASSED] - Statement - out.println("Admin Console: " + linkUserName.get(i).getText()): null

2018-09-05 18:17:50 - [TEST_STEP][PASSED] - Statement - linkLogmembername = linkUserName.get(i).getText(): null

2018-09-05 18:17:50 - [TEST_STEP][PASSED] - Statement - out.println("new Admin :" + linkLogmembername): null

2018-09-05 18:17:50 - [TEST_STEP][PASSED] - Statement - If (linkLogmembername.equals(teamMeberName)): null

2018-09-05 18:17:50 - [TEST_STEP][PASSED] - Statement - out.println("Admin Console: " + linkUserName.get(i).getText()): null

2018-09-05 18:17:50 - [TEST_STEP][PASSED] - Statement - linkLogmembername = linkUserName.get(i).getText(): null

2018-09-05 18:17:50 - [TEST_STEP][PASSED] - Statement - out.println("new Admin :" + linkLogmembername): null

2018-09-05 18:17:50 - [TEST_STEP][PASSED] - Statement - If (linkLogmembername.equals(teamMeberName)): null

2018-09-05 18:17:50 - [TEST_STEP][PASSED] - Statement - out.println("Admin Console: " + linkUserName.get(i).getText()): null

2018-09-05 18:17:50 - [TEST_STEP][PASSED] - Statement - linkLogmembername = linkUserName.get(i).getText(): null

2018-09-05 18:17:50 - [TEST_STEP][PASSED] - Statement - out.println("new Admin :" + linkLogmembername): null

2018-09-05 18:17:50 - [TEST_STEP][PASSED] - Statement - If (linkLogmembername.equals(teamMeberName)): null

2018-09-05 18:17:50 - [TEST_STEP][PASSED] - Statement - out.println("Admin Console: " + linkUserName.get(i).getText()): null

2018-09-05 18:17:50 - [TEST_STEP][PASSED] - Statement - linkLogmembername = linkUserName.get(i).getText(): null

2018-09-05 18:17:50 - [TEST_STEP][PASSED] - Statement - out.println("new Admin :" + linkLogmembername): null

2018-09-05 18:17:50 - [TEST_STEP][PASSED] - Statement - If (linkLogmembername.equals(teamMeberName)): null

2018-09-05 18:17:50 - [TEST_STEP][PASSED] - Statement - out.println("Admin Console: " + linkUserName.get(i).getText()): null

2018-09-05 18:17:50 - [TEST_STEP][PASSED] - Statement - linkLogmembername = linkUserName.get(i).getText(): null

2018-09-05 18:17:50 - [TEST_STEP][PASSED] - Statement - out.println("new Admin :" + linkLogmembername): null

2018-09-05 18:17:50 - [TEST_STEP][PASSED] - Statement - If (linkLogmembername.equals(teamMeberName)): null

2018-09-05 18:17:50 - [TEST_STEP][PASSED] - Statement - out.println("Admin Console: " + linkUserName.get(i).getText()): null

2018-09-05 18:17:50 - [TEST_STEP][PASSED] - Statement - linkLogmembername = linkUserName.get(i).getText(): null

2018-09-05 18:17:50 - [TEST_STEP][PASSED] - Statement - out.println("new Admin :" + linkLogmembername): null

2018-09-05 18:17:50 - [TEST_STEP][PASSED] - Statement - If (linkLogmembername.equals(teamMeberName)): null

2018-09-05 18:17:50 - [TEST_STEP][PASSED] - Statement - out.println("Admin Console: " + linkUserName.get(i).getText()): null

2018-09-05 18:17:50 - [TEST_STEP][PASSED] - Statement - linkLogmembername = linkUserName.get(i).getText(): null

2018-09-05 18:17:50 - [TEST_STEP][PASSED] - Statement - out.println("new Admin :" + linkLogmembername): null

2018-09-05 18:17:50 - [TEST_STEP][PASSED] - Statement - If (linkLogmembername.equals(teamMeberName)): null

2018-09-05 18:17:50 - [TEST_STEP][PASSED] - Statement - out.println("Admin Console: " + linkUserName.get(i).getText()): null

2018-09-05 18:17:50 - [TEST_STEP][PASSED] - Statement - linkLogmembername = linkUserName.get(i).getText(): null

2018-09-05 18:17:50 - [TEST_STEP][PASSED] - Statement - out.println("new Admin :" + linkLogmembername): null

2018-09-05 18:17:50 - [TEST_STEP][PASSED] - Statement - If (linkLogmembername.equals(teamMeberName)): null

2018-09-05 18:17:50 - [TEST_STEP][PASSED] - Statement - out.println("Admin Console: " + linkUserName.get(i).getText()): null

2018-09-05 18:17:50 - [TEST_STEP][PASSED] - Statement - linkLogmembername = linkUserName.get(i).getText(): null

2018-09-05 18:17:50 - [TEST_STEP][PASSED] - Statement - out.println("new Admin :" + linkLogmembername): null

2018-09-05 18:17:50 - [TEST_STEP][PASSED] - Statement - If (linkLogmembername.equals(teamMeberName)): null

2018-09-05 18:17:50 - [TEST_STEP][PASSED] - Statement - out.println("Admin Console: " + linkUserName.get(i).getText()): null

2018-09-05 18:17:50 - [TEST_STEP][PASSED] - Statement - linkLogmembername = linkUserName.get(i).getText(): null

2018-09-05 18:17:50 - [TEST_STEP][PASSED] - Statement - out.println("new Admin :" + linkLogmembername): null

2018-09-05 18:17:50 - [TEST_STEP][PASSED] - Statement - If (linkLogmembername.equals(teamMeberName)): null

2018-09-05 18:17:50 - [TEST_STEP][PASSED] - Statement - out.println("Admin Console: " + linkUserName.get(i).getText()): null

2018-09-05 18:17:50 - [TEST_STEP][PASSED] - Statement - linkLogmembername = linkUserName.get(i).getText(): null

2018-09-05 18:17:51 - [TEST_STEP][PASSED] - Statement - out.println("new Admin :" + linkLogmembername): null

2018-09-05 18:17:51 - [TEST_STEP][PASSED] - Statement - If (linkLogmembername.equals(teamMeberName)): null

2018-09-05 18:17:51 - [TEST_STEP][PASSED] - Statement - out.println("Admin Console: " + linkUserName.get(i).getText()): null

2018-09-05 18:17:51 - [TEST_STEP][PASSED] - Statement - linkLogmembername = linkUserName.get(i).getText(): null

2018-09-05 18:17:51 - [TEST_STEP][PASSED] - Statement - out.println("new Admin :" + linkLogmembername): null

2018-09-05 18:17:51 - [TEST_STEP][PASSED] - Statement - If (linkLogmembername.equals(teamMeberName)): null

2018-09-05 18:17:51 - [TEST_STEP][PASSED] - Statement - out.println("Admin Console: " + linkUserName.get(i).getText()): null

2018-09-05 18:17:51 - [TEST_STEP][PASSED] - Statement - linkLogmembername = linkUserName.get(i).getText(): null

2018-09-05 18:17:51 - [TEST_STEP][PASSED] - Statement - out.println("new Admin :" + linkLogmembername): null

2018-09-05 18:17:51 - [TEST_STEP][PASSED] - Statement - If (linkLogmembername.equals(teamMeberName)): null

2018-09-05 18:17:51 - [TEST_STEP][PASSED] - Statement - out.println("Admin Console: " + linkUserName.get(i).getText()): null

2018-09-05 18:17:51 - [TEST_STEP][PASSED] - Statement - linkLogmembername = linkUserName.get(i).getText(): null

2018-09-05 18:17:51 - [TEST_STEP][PASSED] - Statement - out.println("new Admin :" + linkLogmembername): null

2018-09-05 18:17:51 - [TEST_STEP][PASSED] - Statement - If (linkLogmembername.equals(teamMeberName)): null

2018-09-05 18:17:51 - [TEST_STEP][PASSED] - Statement - out.println("Admin Console: " + linkUserName.get(i).getText()): null

2018-09-05 18:17:51 - [TEST_STEP][PASSED] - Statement - linkLogmembername = linkUserName.get(i).getText(): null

2018-09-05 18:17:51 - [TEST_STEP][PASSED] - Statement - out.println("new Admin :" + linkLogmembername): null

2018-09-05 18:17:51 - [TEST_STEP][PASSED] - Statement - If (linkLogmembername.equals(teamMeberName)): null

2018-09-05 18:17:51 - [TEST_STEP][PASSED] - Statement - out.println("Admin Console: " + linkUserName.get(i).getText()): null

2018-09-05 18:17:51 - [TEST_STEP][PASSED] - Statement - linkLogmembername = linkUserName.get(i).getText(): null

2018-09-05 18:17:51 - [TEST_STEP][PASSED] - Statement - out.println("new Admin :" + linkLogmembername): null

2018-09-05 18:17:51 - [TEST_STEP][PASSED] - Statement - If (linkLogmembername.equals(teamMeberName)): null

2018-09-05 18:17:51 - [TEST_STEP][PASSED] - Statement - out.println("Admin Console: " + linkUserName.get(i).getText()): null

2018-09-05 18:17:51 - [TEST_STEP][PASSED] - Statement - linkLogmembername = linkUserName.get(i).getText(): null

2018-09-05 18:17:51 - [TEST_STEP][PASSED] - Statement - out.println("new Admin :" + linkLogmembername): null

2018-09-05 18:17:51 - [TEST_STEP][PASSED] - Statement - If (linkLogmembername.equals(teamMeberName)): null

2018-09-05 18:17:51 - [TEST_STEP][PASSED] - Statement - out.println("Admin Console: " + linkUserName.get(i).getText()): null

2018-09-05 18:17:51 - [TEST_STEP][PASSED] - Statement - linkLogmembername = linkUserName.get(i).getText(): null

2018-09-05 18:17:51 - [TEST_STEP][PASSED] - Statement - out.println("new Admin :" + linkLogmembername): null

2018-09-05 18:17:51 - [TEST_STEP][PASSED] - Statement - If (linkLogmembername.equals(teamMeberName)): null

2018-09-05 18:17:51 - [TEST_STEP][PASSED] - Statement - out.println("Admin Console: " + linkUserName.get(i).getText()): null

2018-09-05 18:17:51 - [TEST_STEP][PASSED] - Statement - linkLogmembername = linkUserName.get(i).getText(): null

2018-09-05 18:17:51 - [TEST_STEP][PASSED] - Statement - out.println("new Admin :" + linkLogmembername): null

2018-09-05 18:17:51 - [TEST_STEP][PASSED] - Statement - If (linkLogmembername.equals(teamMeberName)): null

2018-09-05 18:17:51 - [TEST_STEP][PASSED] - Statement - out.println("Admin Console: " + linkUserName.get(i).getText()): null

2018-09-05 18:17:51 - [TEST_STEP][PASSED] - Statement - linkLogmembername = linkUserName.get(i).getText(): null

2018-09-05 18:17:51 - [TEST_STEP][PASSED] - Statement - out.println("new Admin :" + linkLogmembername): null

2018-09-05 18:17:51 - [TEST_STEP][PASSED] - Statement - If (linkLogmembername.equals(teamMeberName)): null

2018-09-05 18:17:51 - [TEST_STEP][PASSED] - Statement - out.println("Admin Console: " + linkUserName.get(i).getText()): null

2018-09-05 18:17:51 - [TEST_STEP][PASSED] - Statement - linkLogmembername = linkUserName.get(i).getText(): null

2018-09-05 18:17:51 - [TEST_STEP][PASSED] - Statement - out.println("new Admin :" + linkLogmembername): null

2018-09-05 18:17:51 - [TEST_STEP][PASSED] - Statement - If (linkLogmembername.equals(teamMeberName)): null

2018-09-05 18:17:51 - [TEST_STEP][PASSED] - Statement - out.println("Admin Console: " + linkUserName.get(i).getText()): null

2018-09-05 18:17:51 - [TEST_STEP][PASSED] - Statement - linkLogmembername = linkUserName.get(i).getText(): null

2018-09-05 18:17:51 - [TEST_STEP][PASSED] - Statement - out.println("new Admin :" + linkLogmembername): null

2018-09-05 18:17:51 - [TEST_STEP][PASSED] - Statement - If (linkLogmembername.equals(teamMeberName)): null

2018-09-05 18:17:51 - [TEST_STEP][PASSED] - Statement - out.println("Admin Console: " + linkUserName.get(i).getText()): null

2018-09-05 18:17:51 - [TEST_STEP][PASSED] - Statement - linkLogmembername = linkUserName.get(i).getText(): null

2018-09-05 18:17:51 - [TEST_STEP][PASSED] - Statement - out.println("new Admin :" + linkLogmembername): null

2018-09-05 18:17:51 - [TEST_STEP][PASSED] - Statement - If (linkLogmembername.equals(teamMeberName)): null

2018-09-05 18:17:51 - [TEST_STEP][PASSED] - Statement - out.println("Admin Console: " + linkUserName.get(i).getText()): null

2018-09-05 18:17:51 - [TEST_STEP][PASSED] - Statement - linkLogmembername = linkUserName.get(i).getText(): null

2018-09-05 18:17:51 - [TEST_STEP][PASSED] - Statement - out.println("new Admin :" + linkLogmembername): null

2018-09-05 18:17:51 - [TEST_STEP][PASSED] - Statement - If (linkLogmembername.equals(teamMeberName)): null

2018-09-05 18:17:51 - [TEST_STEP][PASSED] - Statement - out.println("Admin Console: " + linkUserName.get(i).getText()): null

2018-09-05 18:17:51 - [TEST_STEP][PASSED] - Statement - linkLogmembername = linkUserName.get(i).getText(): null

2018-09-05 18:17:51 - [TEST_STEP][PASSED] - Statement - out.println("new Admin :" + linkLogmembername): null

2018-09-05 18:17:51 - [TEST_STEP][PASSED] - Statement - If (linkLogmembername.equals(teamMeberName)): null

2018-09-05 18:17:51 - [TEST_STEP][PASSED] - Statement - out.println("Admin Console: " + linkUserName.get(i).getText()): null

2018-09-05 18:17:51 - [TEST_STEP][PASSED] - Statement - linkLogmembername = linkUserName.get(i).getText(): null

2018-09-05 18:17:51 - [TEST_STEP][PASSED] - Statement - out.println("new Admin :" + linkLogmembername): null

2018-09-05 18:17:51 - [TEST_STEP][PASSED] - Statement - If (linkLogmembername.equals(teamMeberName)): null

2018-09-05 18:17:51 - [TEST_STEP][PASSED] - Statement - out.println("Admin Console: " + linkUserName.get(i).getText()): null

2018-09-05 18:17:51 - [TEST_STEP][PASSED] - Statement - linkLogmembername = linkUserName.get(i).getText(): null

2018-09-05 18:17:51 - [TEST_STEP][PASSED] - Statement - out.println("new Admin :" + linkLogmembername): null

2018-09-05 18:17:51 - [TEST_STEP][PASSED] - Statement - If (linkLogmembername.equals(teamMeberName)): null

2018-09-05 18:17:51 - [TEST_STEP][PASSED] - Statement - out.println("Admin Console: " + linkUserName.get(i).getText()): null

2018-09-05 18:17:51 - [TEST_STEP][PASSED] - Statement - linkLogmembername = linkUserName.get(i).getText(): null

2018-09-05 18:17:51 - [TEST_STEP][PASSED] - Statement - out.println("new Admin :" + linkLogmembername): null

2018-09-05 18:17:51 - [TEST_STEP][PASSED] - Statement - If (linkLogmembername.equals(teamMeberName)): null

2018-09-05 18:17:51 - [TEST_STEP][PASSED] - Statement - out.println("Admin Console: " + linkUserName.get(i).getText()): null

2018-09-05 18:17:51 - [TEST_STEP][PASSED] - Statement - linkLogmembername = linkUserName.get(i).getText(): null

2018-09-05 18:17:52 - [TEST_STEP][PASSED] - Statement - out.println("new Admin :" + linkLogmembername): null

2018-09-05 18:17:52 - [TEST_STEP][PASSED] - Statement - If (linkLogmembername.equals(teamMeberName)): null

2018-09-05 18:17:52 - [TEST_STEP][PASSED] - Statement - out.println("Admin Console: " + linkUserName.get(i).getText()): null

2018-09-05 18:17:52 - [TEST_STEP][PASSED] - Statement - linkLogmembername = linkUserName.get(i).getText(): null

2018-09-05 18:17:52 - [TEST_STEP][PASSED] - Statement - out.println("new Admin :" + linkLogmembername): null

2018-09-05 18:17:52 - [TEST_STEP][PASSED] - Statement - If (linkLogmembername.equals(teamMeberName)): null

2018-09-05 18:17:52 - [TEST_STEP][PASSED] - Statement - out.println("Admin Console: " + linkUserName.get(i).getText()): null

2018-09-05 18:17:52 - [TEST_STEP][PASSED] - Statement - linkLogmembername = linkUserName.get(i).getText(): null

2018-09-05 18:17:52 - [TEST_STEP][PASSED] - Statement - out.println("new Admin :" + linkLogmembername): null

2018-09-05 18:17:52 - [TEST_STEP][PASSED] - Statement - If (linkLogmembername.equals(teamMeberName)): null

2018-09-05 18:17:52 - [TEST_STEP][PASSED] - Statement - out.println("Admin Console: " + linkUserName.get(i).getText()): null

2018-09-05 18:17:52 - [TEST_STEP][PASSED] - Statement - linkLogmembername = linkUserName.get(i).getText(): null

2018-09-05 18:17:52 - [TEST_STEP][PASSED] - Statement - out.println("new Admin :" + linkLogmembername): null

2018-09-05 18:17:52 - [TEST_STEP][PASSED] - Statement - If (linkLogmembername.equals(teamMeberName)): null

2018-09-05 18:17:52 - [TEST_STEP][PASSED] - Statement - out.println("Admin Console: " + linkUserName.get(i).getText()): null

2018-09-05 18:17:52 - [TEST_STEP][PASSED] - Statement - linkLogmembername = linkUserName.get(i).getText(): null

2018-09-05 18:17:52 - [TEST_STEP][PASSED] - Statement - out.println("new Admin :" + linkLogmembername): null

2018-09-05 18:17:52 - [TEST_STEP][PASSED] - Statement - If (linkLogmembername.equals(teamMeberName)): null

2018-09-05 18:17:52 - [TEST_STEP][PASSED] - Statement - out.println("Admin Console: " + linkUserName.get(i).getText()): null

2018-09-05 18:17:52 - [TEST_STEP][PASSED] - Statement - linkLogmembername = linkUserName.get(i).getText(): null

2018-09-05 18:17:52 - [TEST_STEP][PASSED] - Statement - out.println("new Admin :" + linkLogmembername): null

2018-09-05 18:17:52 - [TEST_STEP][PASSED] - Statement - If (linkLogmembername.equals(teamMeberName)): null

2018-09-05 18:17:52 - [TEST_STEP][PASSED] - Statement - out.println("Admin Console: " + linkUserName.get(i).getText()): null

2018-09-05 18:17:52 - [TEST_STEP][PASSED] - Statement - linkLogmembername = linkUserName.get(i).getText(): null

2018-09-05 18:17:52 - [TEST_STEP][PASSED] - Statement - out.println("new Admin :" + linkLogmembername): null

2018-09-05 18:17:52 - [TEST_STEP][PASSED] - Statement - If (linkLogmembername.equals(teamMeberName)): null

2018-09-05 18:17:52 - [TEST_STEP][PASSED] - Statement - out.println("Admin Console: " + linkUserName.get(i).getText()): null

2018-09-05 18:17:52 - [TEST_STEP][PASSED] - Statement - linkLogmembername = linkUserName.get(i).getText(): null

2018-09-05 18:17:52 - [TEST_STEP][PASSED] - Statement - out.println("new Admin :" + linkLogmembername): null

2018-09-05 18:17:52 - [TEST_STEP][PASSED] - Statement - If (linkLogmembername.equals(teamMeberName)): null

2018-09-05 18:17:52 - [TEST_STEP][PASSED] - Statement - out.println("Admin Console: " + linkUserName.get(i).getText()): null

2018-09-05 18:17:52 - [TEST_STEP][PASSED] - Statement - linkLogmembername = linkUserName.get(i).getText(): null

2018-09-05 18:17:52 - [TEST_STEP][PASSED] - Statement - out.println("new Admin :" + linkLogmembername): null

2018-09-05 18:17:52 - [TEST_STEP][PASSED] - Statement - If (linkLogmembername.equals(teamMeberName)): null

2018-09-05 18:17:52 - [TEST_STEP][PASSED] - Statement - out.println("Admin Console: " + linkUserName.get(i).getText()): null

2018-09-05 18:17:52 - [TEST_STEP][PASSED] - Statement - linkLogmembername = linkUserName.get(i).getText(): null

2018-09-05 18:17:52 - [TEST_STEP][PASSED] - Statement - out.println("new Admin :" + linkLogmembername): null

2018-09-05 18:17:52 - [TEST_STEP][PASSED] - Statement - If (linkLogmembername.equals(teamMeberName)): null

2018-09-05 18:17:52 - [TEST_STEP][PASSED] - Statement - out.println("Admin Console: " + linkUserName.get(i).getText()): null

2018-09-05 18:17:52 - [TEST_STEP][PASSED] - Statement - linkLogmembername = linkUserName.get(i).getText(): null

2018-09-05 18:17:52 - [TEST_STEP][PASSED] - Statement - out.println("new Admin :" + linkLogmembername): null

2018-09-05 18:17:52 - [TEST_STEP][PASSED] - Statement - If (linkLogmembername.equals(teamMeberName)): null

2018-09-05 18:17:52 - [TEST_STEP][PASSED] - Statement - out.println("Admin Console: " + linkUserName.get(i).getText()): null

2018-09-05 18:17:52 - [TEST_STEP][PASSED] - Statement - linkLogmembername = linkUserName.get(i).getText(): null

2018-09-05 18:17:52 - [TEST_STEP][PASSED] - Statement - out.println("new Admin :" + linkLogmembername): null

2018-09-05 18:17:52 - [TEST_STEP][PASSED] - Statement - If (linkLogmembername.equals(teamMeberName)): null

2018-09-05 18:17:52 - [TEST_STEP][PASSED] - Statement - out.println("Admin Console: " + linkUserName.get(i).getText()): null

2018-09-05 18:17:52 - [TEST_STEP][PASSED] - Statement - linkLogmembername = linkUserName.get(i).getText(): null

2018-09-05 18:17:52 - [TEST_STEP][PASSED] - Statement - out.println("new Admin :" + linkLogmembername): null

2018-09-05 18:17:52 - [TEST_STEP][PASSED] - Statement - If (linkLogmembername.equals(teamMeberName)): null

2018-09-05 18:17:52 - [TEST_STEP][PASSED] - Statement - out.println("Admin Console: " + linkUserName.get(i).getText()): null

2018-09-05 18:17:52 - [TEST_STEP][PASSED] - Statement - linkLogmembername = linkUserName.get(i).getText(): null

2018-09-05 18:17:52 - [TEST_STEP][PASSED] - Statement - out.println("new Admin :" + linkLogmembername): null

2018-09-05 18:17:52 - [TEST_STEP][PASSED] - Statement - If (linkLogmembername.equals(teamMeberName)): null

2018-09-05 18:17:52 - [TEST_STEP][PASSED] - Statement - out.println("Admin Console: " + linkUserName.get(i).getText()): null

2018-09-05 18:17:52 - [TEST_STEP][PASSED] - Statement - linkLogmembername = linkUserName.get(i).getText(): null

2018-09-05 18:17:53 - [TEST_STEP][PASSED] - Statement - out.println("new Admin :" + linkLogmembername): null

2018-09-05 18:17:53 - [TEST_STEP][PASSED] - Statement - If (linkLogmembername.equals(teamMeberName)): null

2018-09-05 18:17:53 - [TEST_STEP][PASSED] - Statement - out.println("Admin Console: " + linkUserName.get(i).getText()): null

2018-09-05 18:17:53 - [TEST_STEP][PASSED] - Statement - linkLogmembername = linkUserName.get(i).getText(): null

2018-09-05 18:17:53 - [TEST_STEP][PASSED] - Statement - out.println("new Admin :" + linkLogmembername): null

2018-09-05 18:17:53 - [TEST_STEP][PASSED] - Statement - If (linkLogmembername.equals(teamMeberName)): null

2018-09-05 18:17:53 - [TEST_STEP][PASSED] - Statement - out.println("Admin Console: " + linkUserName.get(i).getText()): null

2018-09-05 18:17:53 - [TEST_STEP][PASSED] - Statement - linkLogmembername = linkUserName.get(i).getText(): null

2018-09-05 18:17:53 - [TEST_STEP][PASSED] - Statement - out.println("new Admin :" + linkLogmembername): null

2018-09-05 18:17:53 - [TEST_STEP][PASSED] - Statement - If (linkLogmembername.equals(teamMeberName)): null

2018-09-05 18:17:53 - [TEST_STEP][PASSED] - Statement - out.println("Admin Console: " + linkUserName.get(i).getText()): null

2018-09-05 18:17:53 - [TEST_STEP][PASSED] - Statement - linkLogmembername = linkUserName.get(i).getText(): null

2018-09-05 18:17:53 - [TEST_STEP][PASSED] - Statement - out.println("new Admin :" + linkLogmembername): null

2018-09-05 18:17:53 - [TEST_STEP][PASSED] - Statement - If (linkLogmembername.equals(teamMeberName)): null

2018-09-05 18:17:53 - [TEST_STEP][PASSED] - Statement - If (com.kms.katalon.core.webui.keyword.WebUiBuiltInKeywords.verifyElementPresent(com.kms.katalon.core.testobject.ObjectRepository.findTestObject(Object Repository/linkLog/customerProfileDetails), 5, OPTIONAL)): null

2018-09-05 18:17:53 - [MESSAGE][PASSED] - Object 'Object Repository/linkLog/customerProfileDetails' is present

2018-09-05 18:17:53 - [TEST_STEP][PASSED] - Statement - println("open link log successful"): null

2018-09-05 18:17:53 - [TEST_STEP][PASSED] - click: Object: 'Object Repository/linkLog/editButton' is clicked on

2018-09-05 18:17:53 - [MESSAGE][PASSED] - Object: 'Object Repository/linkLog/editButton' is clicked on

2018-09-05 18:17:53 - [TEST_STEP][PASSED] - sendKeys: Keys 'CONTROL + DELETE + a' sent to object: 'Object Repository/customerDetailsEdit/customerNameObject'

2018-09-05 18:17:53 - [MESSAGE][PASSED] - Keys 'CONTROL + DELETE + a' sent to object: 'Object Repository/customerDetailsEdit/customerNameObject'

2018-09-05 18:17:53 - [TEST_STEP][PASSED] - click: Object: 'Object Repository/customerDetailsEdit/saveButtonObject' is clicked on

2018-09-05 18:17:54 - [MESSAGE][PASSED] - Object: 'Object Repository/customerDetailsEdit/saveButtonObject' is clicked on

2018-09-05 18:17:54 - [TEST_STEP][PASSED] - Statement - If (com.kms.katalon.core.webui.keyword.WebUiBuiltInKeywords.verifyElementPresent(com.kms.katalon.core.testobject.ObjectRepository.findTestObject(Dashboard_Link Generator/validation), 5)): null

2018-09-05 18:17:54 - [MESSAGE][PASSED] - Object 'Object Repository/Dashboard_Link Generator/validation' is present

2018-09-05 18:17:54 - [TEST_STEP][PASSED] - Statement - validationMessage = com.kms.katalon.core.webui.keyword.WebUiBuiltInKeywords.getText(com.kms.katalon.core.testobject.ObjectRepository.findTestObject(Dashboard_Link Generator/validation)): Text of object 'Object Repository/Dashboard_Link Generator/validation' is: 'Details Updated, Please refresh logs for updated details'

2018-09-05 18:17:54 - [MESSAGE][PASSED] - Text of object 'Object Repository/Dashboard_Link Generator/validation' is: 'Details Updated, Please refresh logs for updated details'

2018-09-05 18:17:54 - [TEST_STEP][PASSED] - verifyMatch: Actual text 'Details Updated, Please refresh logs for updated details' and expected text 'Details Updated, Please refresh logs for updated details' are matched 

2018-09-05 18:17:54 - [MESSAGE][PASSED] - Actual text 'Details Updated, Please refresh logs for updated details' and expected text 'Details Updated, Please refresh logs for updated details' are matched 

2018-09-05 18:17:54 - [TEST_STEP][PASSED] - Statement - println("successful"): null]]></system-out>
         <system-err><![CDATA[]]></system-err>
      </testcase>
      <testcase name="Test Cases/completed/TestCase4_EditCustomerDetails/removeEmailAndContactCustomerDetails" classname="Test Cases/completed/TestCase4_EditCustomerDetails/removeEmailAndContactCustomerDetails" status="ERROR">
         <error type="ERROR" message="Test Cases/completed/TestCase4_EditCustomerDetails/removeEmailAndContactCustomerDetails FAILED because (of) java.lang.Error: Took too long to load the page to enter the OTP"/>
         <system-out><![CDATA[2018-09-05 18:17:54 - [TEST_CASE][ERROR] - Test Cases/completed/TestCase4_EditCustomerDetails/removeEmailAndContactCustomerDetails: Test Cases/completed/TestCase4_EditCustomerDetails/removeEmailAndContactCustomerDetails FAILED because (of) java.lang.Error: Took too long to load the page to enter the OTP

2018-09-05 18:17:55 - [TEST_STEP][FAILED] - callTestCase: Unable to call Test Case with id 'Test Cases/BVT/aSimple_Login' (Root cause: Call Test Case 'Test Cases/BVT/aSimple_Login' failed because of error(s))

2018-09-05 18:17:55 - [TEST_CASE][ERROR] - Test Cases/BVT/aSimple_Login: Test Cases/BVT/aSimple_Login FAILED because (of) java.lang.Error: Took too long to load the page to enter the OTP

2018-09-05 18:17:55 - [TEST_STEP][PASSED] - openBrowser: Browser is opened with url: ''

2018-09-05 18:17:55 - [MESSAGE][WARNING] - A browser is already opened. Closing browser and opening a new one

2018-09-05 18:17:59 - [MESSAGE][PASSED] - Browser is opened with url: ''

2018-09-05 18:17:59 - [TEST_STEP][PASSED] - maximizeWindow: Current window maximized

2018-09-05 18:18:00 - [MESSAGE][PASSED] - Current window maximized

2018-09-05 18:18:00 - [TEST_STEP][PASSED] - navigateToUrl: Navigate to 'https://dev.vcalling.in/enterprises/UAT/Dashboard/index.html' successfully

2018-09-05 18:18:26 - [MESSAGE][PASSED] - Navigate to 'https://dev.vcalling.in/enterprises/UAT/Dashboard/index.html' successfully

2018-09-05 18:18:26 - [TEST_STEP][PASSED] - setText: Text 'testing4dea@gmail.com' is set on object 'Object Repository/Login/UserId'

2018-09-05 18:18:26 - [MESSAGE][PASSED] - Text 'testing4dea@gmail.com' is set on object 'Object Repository/Login/UserId'

2018-09-05 18:18:26 - [TEST_STEP][PASSED] - click: Object: 'Object Repository/Login/div_GET OTP' is clicked on

2018-09-05 18:18:45 - [MESSAGE][PASSED] - Object: 'Object Repository/Login/div_GET OTP' is clicked on

2018-09-05 18:18:45 - [TEST_STEP][PASSED] - waitForElementPresent: Object 'Object Repository/Login/div_SUBMIT' is not present after 50 second(s)

2018-09-05 18:19:37 - [MESSAGE][WARNING] - Object 'Object Repository/Login/div_SUBMIT' is not present after 50 second(s)

2018-09-05 18:19:37 - [TEST_STEP][PASSED] - Statement - If (com.kms.katalon.core.webui.keyword.WebUiBuiltInKeywords.verifyElementNotPresent(com.kms.katalon.core.testobject.ObjectRepository.findTestObject(Login/div_SUBMIT), 5, OPTIONAL)): null

2018-09-05 18:19:37 - [MESSAGE][PASSED] - Web element with id: 'Object Repository/Login/div_SUBMIT' located by 'By.xpath: //div[(text() = ' SUBMIT ' or . = ' SUBMIT ')]' is not present after '5' second(s)

2018-09-05 18:19:37 - [TEST_STEP][PASSED] - Statement - Throw new java.lang.Error(Took too long to load the page to enter the OTP): null

2018-09-05 18:19:37 - [MESSAGE][FAILED] - Unable to call Test Case with id 'Test Cases/BVT/aSimple_Login' (Root cause: Call Test Case 'Test Cases/BVT/aSimple_Login' failed because of error(s))]]></system-out>
         <system-err><![CDATA[2018-09-05 18:17:54 - [TEST_CASE][ERROR] - Test Cases/completed/TestCase4_EditCustomerDetails/removeEmailAndContactCustomerDetails: Test Cases/completed/TestCase4_EditCustomerDetails/removeEmailAndContactCustomerDetails FAILED because (of) java.lang.Error: Took too long to load the page to enter the OTP]]></system-err>
      </testcase>
      <testcase name="Test Cases/completed/TestCase5_NotesFunctionality/addNotes" classname="Test Cases/completed/TestCase5_NotesFunctionality/addNotes" status="PASSED">
         <system-out><![CDATA[2018-09-05 18:19:37 - [TEST_CASE][PASSED] - Test Cases/completed/TestCase5_NotesFunctionality/addNotes: Test Cases/completed/TestCase5_NotesFunctionality/addNotes

2018-09-05 18:19:37 - [TEST_STEP][PASSED] - callTestCase: Call Test Case 'Test Cases/BVT/aSimple_Login' successfully

2018-09-05 18:19:37 - [TEST_CASE][PASSED] - Test Cases/BVT/aSimple_Login: Test Cases/BVT/aSimple_Login

2018-09-05 18:19:37 - [TEST_STEP][PASSED] - openBrowser: Browser is opened with url: ''

2018-09-05 18:19:37 - [MESSAGE][WARNING] - A browser is already opened. Closing browser and opening a new one

2018-09-05 18:19:41 - [MESSAGE][PASSED] - Browser is opened with url: ''

2018-09-05 18:19:41 - [TEST_STEP][PASSED] - maximizeWindow: Current window maximized

2018-09-05 18:19:42 - [MESSAGE][PASSED] - Current window maximized

2018-09-05 18:19:42 - [TEST_STEP][PASSED] - navigateToUrl: Navigate to 'https://dev.vcalling.in/enterprises/UAT/Dashboard/index.html' successfully

2018-09-05 18:19:47 - [MESSAGE][PASSED] - Navigate to 'https://dev.vcalling.in/enterprises/UAT/Dashboard/index.html' successfully

2018-09-05 18:19:47 - [TEST_STEP][PASSED] - setText: Text 'testing4dea@gmail.com' is set on object 'Object Repository/Login/UserId'

2018-09-05 18:19:48 - [MESSAGE][PASSED] - Text 'testing4dea@gmail.com' is set on object 'Object Repository/Login/UserId'

2018-09-05 18:19:48 - [TEST_STEP][PASSED] - click: Object: 'Object Repository/Login/div_GET OTP' is clicked on

2018-09-05 18:19:48 - [MESSAGE][PASSED] - Object: 'Object Repository/Login/div_GET OTP' is clicked on

2018-09-05 18:19:48 - [TEST_STEP][PASSED] - waitForElementPresent: Object 'Object Repository/Login/div_SUBMIT' is present

2018-09-05 18:19:50 - [MESSAGE][PASSED] - Object 'Object Repository/Login/div_SUBMIT' is present

2018-09-05 18:19:50 - [TEST_STEP][PASSED] - Statement - If (com.kms.katalon.core.webui.keyword.WebUiBuiltInKeywords.verifyElementNotPresent(com.kms.katalon.core.testobject.ObjectRepository.findTestObject(Login/div_SUBMIT), 5, OPTIONAL)): Web element with id: 'Object Repository/Login/div_SUBMIT' located by 'By.xpath: //div[(text() = ' SUBMIT ' or . = ' SUBMIT ')]' is present after '5' second(s)

2018-09-05 18:19:56 - [MESSAGE][WARNING] - Web element with id: 'Object Repository/Login/div_SUBMIT' located by 'By.xpath: //div[(text() = ' SUBMIT ' or . = ' SUBMIT ')]' is present after '5' second(s)
[[ATTACHMENT|C:\\Users\\User\\Desktop\\Katalon Studio\\Katalon Studio\\vCallingDashboard\\Reports\\RegressionSuite\\20180905_175530\\1536151795605.png]]

2018-09-05 18:19:56 - [TEST_STEP][PASSED] - Statement - sleep(5000): null

2018-09-05 18:20:01 - [TEST_STEP][PASSED] - Statement - OTP = getOTP(): null

2018-09-05 18:20:01 - [TEST_STEP][PASSED] - Statement - host = "imap.gmail.com": null

2018-09-05 18:20:01 - [TEST_STEP][PASSED] - Statement - msg = <not implemented yet for class: org.codehaus.groovy.ast.expr.EmptyExpression>: null

2018-09-05 18:20:01 - [TEST_STEP][PASSED] - Statement - msgSub = <not implemented yet for class: org.codehaus.groovy.ast.expr.EmptyExpression>: null

2018-09-05 18:20:01 - [TEST_STEP][PASSED] - Statement - OTP = "unavailable": null

2018-09-05 18:20:01 - [TEST_STEP][PASSED] - Statement - props = new java.util.Properties(): null

2018-09-05 18:20:01 - [TEST_STEP][PASSED] - Statement - props.setProperty("mail.imap.ssl.enable", "true"): null

2018-09-05 18:20:01 - [TEST_STEP][PASSED] - Statement - session = javax.mail.Session.getInstance(props): null

2018-09-05 18:20:01 - [TEST_STEP][PASSED] - Statement - store = <not implemented yet for class: org.codehaus.groovy.ast.expr.EmptyExpression>: null

2018-09-05 18:20:01 - [TEST_STEP][PASSED] - Statement - Try: null

2018-09-05 18:20:01 - [TEST_STEP][PASSED] - Statement - store = session.getStore("imap"): null

2018-09-05 18:20:01 - [TEST_STEP][PASSED] - Statement - store.connect(host, Email, Password): null

2018-09-05 18:20:03 - [TEST_STEP][PASSED] - Statement - emailFolder = store.getFolder("INBOX"): null

2018-09-05 18:20:03 - [TEST_STEP][PASSED] - Statement - emailFolder.open(READ_WRITE): null

2018-09-05 18:20:04 - [TEST_STEP][PASSED] - Statement - messages = emailFolder.getMessages(): null

2018-09-05 18:20:04 - [TEST_STEP][PASSED] - Statement - n = length: null

2018-09-05 18:20:04 - [TEST_STEP][PASSED] - Statement - message = messages[n - 1]: null

2018-09-05 18:20:04 - [TEST_STEP][PASSED] - Statement - msgSub = message.getSubject(): null

2018-09-05 18:20:04 - [TEST_STEP][PASSED] - Statement - If (msgSub.equals("OTP to Sign In")): null

2018-09-05 18:20:04 - [TEST_STEP][PASSED] - Statement - msg = message.getContent().toString(): null

2018-09-05 18:20:05 - [TEST_STEP][PASSED] - Statement - OTP = msg.substring(msg.length() - 7): null

2018-09-05 18:20:05 - [TEST_STEP][PASSED] - Statement - message.setFlag(DELETED, true): null

2018-09-05 18:20:05 - [TEST_STEP][PASSED] - Statement - emailFolder.close(true): null

2018-09-05 18:20:06 - [TEST_STEP][PASSED] - Statement - store.close(): null

2018-09-05 18:20:06 - [TEST_STEP][PASSED] - Statement - return OTP: null

2018-09-05 18:20:06 - [TEST_STEP][PASSED] - Statement - If (OTP.equals("unavailable")): null

2018-09-05 18:20:06 - [TEST_STEP][PASSED] - Statement - Else: Text 'l2719
' is set on object 'Object Repository/Login/OtpInput'

2018-09-05 18:20:06 - [TEST_STEP][PASSED] - setText: Text 'l2719
' is set on object 'Object Repository/Login/OtpInput'

2018-09-05 18:20:06 - [MESSAGE][PASSED] - Text 'l2719
' is set on object 'Object Repository/Login/OtpInput'

2018-09-05 18:20:06 - [TEST_STEP][PASSED] - verifyElementPresent: Object 'Object Repository/Login/afterOpenDisplay' is present

2018-09-05 18:20:07 - [MESSAGE][PASSED] - Object 'Object Repository/Login/afterOpenDisplay' is present

2018-09-05 18:20:07 - [MESSAGE][PASSED] - Call Test Case 'Test Cases/BVT/aSimple_Login' successfully

2018-09-05 18:20:07 - [TEST_STEP][PASSED] - Statement - driver = com.kms.katalon.core.webui.driver.DriverFactory.getWebDriver(): null

2018-09-05 18:20:07 - [TEST_STEP][PASSED] - click: Object: 'Object Repository/Dashboard_Link Generator/linkgeneratorIcon' is clicked on

2018-09-05 18:20:09 - [MESSAGE][PASSED] - Object: 'Object Repository/Dashboard_Link Generator/linkgeneratorIcon' is clicked on

2018-09-05 18:20:09 - [TEST_STEP][PASSED] - Statement - x = CustomKeywords.newPackage.newKeyword.randomString(3).toLowerCase(): newPackage.newKeyword.randomString is PASSED

2018-09-05 18:20:09 - [MESSAGE][PASSED] - newPackage.newKeyword.randomString is PASSED

2018-09-05 18:20:09 - [TEST_STEP][PASSED] - Statement - teamMeberName = x: null

2018-09-05 18:20:09 - [TEST_STEP][PASSED] - setText: Text '0z5' is set on object 'Object Repository/AddTeamMemberDashboard/name'

2018-09-05 18:20:10 - [MESSAGE][PASSED] - Text '0z5' is set on object 'Object Repository/AddTeamMemberDashboard/name'

2018-09-05 18:20:10 - [TEST_STEP][PASSED] - setText: Text '7siY2iehkm@gmail.com' is set on object 'Object Repository/AddTeamMemberDashboard/email'

2018-09-05 18:20:10 - [MESSAGE][PASSED] - newPackage.newKeyword.randomString is PASSED

2018-09-05 18:20:11 - [MESSAGE][PASSED] - Text '7siY2iehkm@gmail.com' is set on object 'Object Repository/AddTeamMemberDashboard/email'

2018-09-05 18:20:11 - [TEST_STEP][PASSED] - setText: Text 'property' is set on object 'Object Repository/Dashboard_Link Generator/tag'

2018-09-05 18:20:11 - [MESSAGE][PASSED] - Text 'property' is set on object 'Object Repository/Dashboard_Link Generator/tag'

2018-09-05 18:20:11 - [TEST_STEP][PASSED] - click: Object: 'Object Repository/Dashboard_Link Generator/div_GET LINK' is clicked on

2018-09-05 18:20:12 - [MESSAGE][PASSED] - Object: 'Object Repository/Dashboard_Link Generator/div_GET LINK' is clicked on

2018-09-05 18:20:12 - [TEST_STEP][PASSED] - Statement - getLink = com.kms.katalon.core.webui.keyword.WebUiBuiltInKeywords.getAttribute(com.kms.katalon.core.testobject.ObjectRepository.findTestObject(Dashboard_Link Generator/input_link-text), "value"): Attribute 'value' of object 'Object Repository/Dashboard_Link Generator/input_link-text' is: 'https://dev.vcalling.in/url/UAT/?id=UAT-1-542'

2018-09-05 18:20:12 - [MESSAGE][PASSED] - Attribute 'value' of object 'Object Repository/Dashboard_Link Generator/input_link-text' is: 'https://dev.vcalling.in/url/UAT/?id=UAT-1-542'

2018-09-05 18:20:12 - [TEST_STEP][PASSED] - Statement - println(getLink): null

2018-09-05 18:20:12 - [TEST_STEP][PASSED] - click: Object: 'Object Repository/Dashboard_Link Generator/copyLink' is clicked on

2018-09-05 18:20:12 - [MESSAGE][PASSED] - Object: 'Object Repository/Dashboard_Link Generator/copyLink' is clicked on

2018-09-05 18:20:12 - [TEST_STEP][PASSED] - Statement - If (com.kms.katalon.core.webui.keyword.WebUiBuiltInKeywords.verifyElementPresent(com.kms.katalon.core.testobject.ObjectRepository.findTestObject(Dashboard_Link Generator/validation), 5, OPTIONAL)): null

2018-09-05 18:20:12 - [MESSAGE][PASSED] - Object 'Object Repository/Dashboard_Link Generator/validation' is present

2018-09-05 18:20:12 - [TEST_STEP][PASSED] - Statement - validationMessage = com.kms.katalon.core.webui.keyword.WebUiBuiltInKeywords.getText(com.kms.katalon.core.testobject.ObjectRepository.findTestObject(Dashboard_Link Generator/validation)): Text of object 'Object Repository/Dashboard_Link Generator/validation' is: 'Link Copied.!'

2018-09-05 18:20:12 - [MESSAGE][PASSED] - Text of object 'Object Repository/Dashboard_Link Generator/validation' is: 'Link Copied.!'

2018-09-05 18:20:12 - [TEST_STEP][PASSED] - verifyMatch: Actual text 'Link Copied.!' and expected text 'Link Copied.!' are matched 

2018-09-05 18:20:12 - [MESSAGE][PASSED] - Actual text 'Link Copied.!' and expected text 'Link Copied.!' are matched 

2018-09-05 18:20:12 - [TEST_STEP][PASSED] - Statement - println("successful"): null

2018-09-05 18:20:12 - [TEST_STEP][PASSED] - Statement - linkUserName = driver.findElements(org.openqa.selenium.By.className("text-link-log")): null

2018-09-05 18:20:12 - [TEST_STEP][PASSED] - Statement - previousCountValue = 0: null

2018-09-05 18:20:12 - [TEST_STEP][PASSED] - Statement - For ([i = 0, i < linkUserName.size(), (i++)]): null

2018-09-05 18:20:12 - [TEST_STEP][PASSED] - Statement - out.println("Admin Console: " + linkUserName.get(i).getText()): null

2018-09-05 18:20:12 - [TEST_STEP][PASSED] - Statement - linkLogmembername = linkUserName.get(i).getText(): null

2018-09-05 18:20:12 - [TEST_STEP][PASSED] - Statement - out.println("new Admin :" + linkLogmembername): null

2018-09-05 18:20:12 - [TEST_STEP][PASSED] - Statement - If (linkLogmembername.equals(teamMeberName)): null

2018-09-05 18:20:12 - [TEST_STEP][PASSED] - Statement - out.println("Admin Console: " + linkUserName.get(i).getText()): null

2018-09-05 18:20:13 - [TEST_STEP][PASSED] - Statement - linkLogmembername = linkUserName.get(i).getText(): null

2018-09-05 18:20:13 - [TEST_STEP][PASSED] - Statement - out.println("new Admin :" + linkLogmembername): null

2018-09-05 18:20:13 - [TEST_STEP][PASSED] - Statement - If (linkLogmembername.equals(teamMeberName)): null

2018-09-05 18:20:13 - [TEST_STEP][PASSED] - Statement - out.println("Admin Console: " + linkUserName.get(i).getText()): null

2018-09-05 18:20:13 - [TEST_STEP][PASSED] - Statement - linkLogmembername = linkUserName.get(i).getText(): null

2018-09-05 18:20:13 - [TEST_STEP][PASSED] - Statement - out.println("new Admin :" + linkLogmembername): null

2018-09-05 18:20:13 - [TEST_STEP][PASSED] - Statement - If (linkLogmembername.equals(teamMeberName)): null

2018-09-05 18:20:13 - [TEST_STEP][PASSED] - Statement - out.println("Admin Console: " + linkUserName.get(i).getText()): null

2018-09-05 18:20:13 - [TEST_STEP][PASSED] - Statement - linkLogmembername = linkUserName.get(i).getText(): null

2018-09-05 18:20:13 - [TEST_STEP][PASSED] - Statement - out.println("new Admin :" + linkLogmembername): null

2018-09-05 18:20:13 - [TEST_STEP][PASSED] - Statement - If (linkLogmembername.equals(teamMeberName)): null

2018-09-05 18:20:13 - [TEST_STEP][PASSED] - Statement - out.println("Admin Console: " + linkUserName.get(i).getText()): null

2018-09-05 18:20:13 - [TEST_STEP][PASSED] - Statement - linkLogmembername = linkUserName.get(i).getText(): null

2018-09-05 18:20:13 - [TEST_STEP][PASSED] - Statement - out.println("new Admin :" + linkLogmembername): null

2018-09-05 18:20:13 - [TEST_STEP][PASSED] - Statement - If (linkLogmembername.equals(teamMeberName)): null

2018-09-05 18:20:13 - [TEST_STEP][PASSED] - Statement - out.println("Admin Console: " + linkUserName.get(i).getText()): null

2018-09-05 18:20:13 - [TEST_STEP][PASSED] - Statement - linkLogmembername = linkUserName.get(i).getText(): null

2018-09-05 18:20:13 - [TEST_STEP][PASSED] - Statement - out.println("new Admin :" + linkLogmembername): null

2018-09-05 18:20:13 - [TEST_STEP][PASSED] - Statement - If (linkLogmembername.equals(teamMeberName)): null

2018-09-05 18:20:13 - [TEST_STEP][PASSED] - Statement - out.println("Admin Console: " + linkUserName.get(i).getText()): null

2018-09-05 18:20:13 - [TEST_STEP][PASSED] - Statement - linkLogmembername = linkUserName.get(i).getText(): null

2018-09-05 18:20:13 - [TEST_STEP][PASSED] - Statement - out.println("new Admin :" + linkLogmembername): null

2018-09-05 18:20:13 - [TEST_STEP][PASSED] - Statement - If (linkLogmembername.equals(teamMeberName)): null

2018-09-05 18:20:13 - [TEST_STEP][PASSED] - Statement - out.println("Admin Console: " + linkUserName.get(i).getText()): null

2018-09-05 18:20:13 - [TEST_STEP][PASSED] - Statement - linkLogmembername = linkUserName.get(i).getText(): null

2018-09-05 18:20:13 - [TEST_STEP][PASSED] - Statement - out.println("new Admin :" + linkLogmembername): null

2018-09-05 18:20:13 - [TEST_STEP][PASSED] - Statement - If (linkLogmembername.equals(teamMeberName)): null

2018-09-05 18:20:13 - [TEST_STEP][PASSED] - Statement - out.println("Admin Console: " + linkLogmembername): null

2018-09-05 18:20:13 - [TEST_STEP][PASSED] - Statement - linkUserName.get(i).click(): null

2018-09-05 18:20:13 - [TEST_STEP][PASSED] - Statement - out.println("Admin Console: " + linkUserName.get(i).getText()): null

2018-09-05 18:20:13 - [TEST_STEP][PASSED] - Statement - linkLogmembername = linkUserName.get(i).getText(): null

2018-09-05 18:20:13 - [TEST_STEP][PASSED] - Statement - out.println("new Admin :" + linkLogmembername): null

2018-09-05 18:20:13 - [TEST_STEP][PASSED] - Statement - If (linkLogmembername.equals(teamMeberName)): null

2018-09-05 18:20:13 - [TEST_STEP][PASSED] - Statement - out.println("Admin Console: " + linkUserName.get(i).getText()): null

2018-09-05 18:20:13 - [TEST_STEP][PASSED] - Statement - linkLogmembername = linkUserName.get(i).getText(): null

2018-09-05 18:20:13 - [TEST_STEP][PASSED] - Statement - out.println("new Admin :" + linkLogmembername): null

2018-09-05 18:20:13 - [TEST_STEP][PASSED] - Statement - If (linkLogmembername.equals(teamMeberName)): null

2018-09-05 18:20:13 - [TEST_STEP][PASSED] - Statement - out.println("Admin Console: " + linkUserName.get(i).getText()): null

2018-09-05 18:20:13 - [TEST_STEP][PASSED] - Statement - linkLogmembername = linkUserName.get(i).getText(): null

2018-09-05 18:20:13 - [TEST_STEP][PASSED] - Statement - out.println("new Admin :" + linkLogmembername): null

2018-09-05 18:20:13 - [TEST_STEP][PASSED] - Statement - If (linkLogmembername.equals(teamMeberName)): null

2018-09-05 18:20:13 - [TEST_STEP][PASSED] - Statement - out.println("Admin Console: " + linkUserName.get(i).getText()): null

2018-09-05 18:20:13 - [TEST_STEP][PASSED] - Statement - linkLogmembername = linkUserName.get(i).getText(): null

2018-09-05 18:20:13 - [TEST_STEP][PASSED] - Statement - out.println("new Admin :" + linkLogmembername): null

2018-09-05 18:20:13 - [TEST_STEP][PASSED] - Statement - If (linkLogmembername.equals(teamMeberName)): null

2018-09-05 18:20:13 - [TEST_STEP][PASSED] - Statement - out.println("Admin Console: " + linkUserName.get(i).getText()): null

2018-09-05 18:20:13 - [TEST_STEP][PASSED] - Statement - linkLogmembername = linkUserName.get(i).getText(): null

2018-09-05 18:20:13 - [TEST_STEP][PASSED] - Statement - out.println("new Admin :" + linkLogmembername): null

2018-09-05 18:20:13 - [TEST_STEP][PASSED] - Statement - If (linkLogmembername.equals(teamMeberName)): null

2018-09-05 18:20:13 - [TEST_STEP][PASSED] - Statement - out.println("Admin Console: " + linkUserName.get(i).getText()): null

2018-09-05 18:20:14 - [TEST_STEP][PASSED] - Statement - linkLogmembername = linkUserName.get(i).getText(): null

2018-09-05 18:20:14 - [TEST_STEP][PASSED] - Statement - out.println("new Admin :" + linkLogmembername): null

2018-09-05 18:20:14 - [TEST_STEP][PASSED] - Statement - If (linkLogmembername.equals(teamMeberName)): null

2018-09-05 18:20:14 - [TEST_STEP][PASSED] - Statement - out.println("Admin Console: " + linkUserName.get(i).getText()): null

2018-09-05 18:20:14 - [TEST_STEP][PASSED] - Statement - linkLogmembername = linkUserName.get(i).getText(): null

2018-09-05 18:20:14 - [TEST_STEP][PASSED] - Statement - out.println("new Admin :" + linkLogmembername): null

2018-09-05 18:20:14 - [TEST_STEP][PASSED] - Statement - If (linkLogmembername.equals(teamMeberName)): null

2018-09-05 18:20:14 - [TEST_STEP][PASSED] - Statement - out.println("Admin Console: " + linkUserName.get(i).getText()): null

2018-09-05 18:20:14 - [TEST_STEP][PASSED] - Statement - linkLogmembername = linkUserName.get(i).getText(): null

2018-09-05 18:20:14 - [TEST_STEP][PASSED] - Statement - out.println("new Admin :" + linkLogmembername): null

2018-09-05 18:20:14 - [TEST_STEP][PASSED] - Statement - If (linkLogmembername.equals(teamMeberName)): null

2018-09-05 18:20:14 - [TEST_STEP][PASSED] - Statement - out.println("Admin Console: " + linkUserName.get(i).getText()): null

2018-09-05 18:20:14 - [TEST_STEP][PASSED] - Statement - linkLogmembername = linkUserName.get(i).getText(): null

2018-09-05 18:20:14 - [TEST_STEP][PASSED] - Statement - out.println("new Admin :" + linkLogmembername): null

2018-09-05 18:20:14 - [TEST_STEP][PASSED] - Statement - If (linkLogmembername.equals(teamMeberName)): null

2018-09-05 18:20:14 - [TEST_STEP][PASSED] - Statement - out.println("Admin Console: " + linkUserName.get(i).getText()): null

2018-09-05 18:20:14 - [TEST_STEP][PASSED] - Statement - linkLogmembername = linkUserName.get(i).getText(): null

2018-09-05 18:20:14 - [TEST_STEP][PASSED] - Statement - out.println("new Admin :" + linkLogmembername): null

2018-09-05 18:20:14 - [TEST_STEP][PASSED] - Statement - If (linkLogmembername.equals(teamMeberName)): null

2018-09-05 18:20:14 - [TEST_STEP][PASSED] - Statement - out.println("Admin Console: " + linkUserName.get(i).getText()): null

2018-09-05 18:20:14 - [TEST_STEP][PASSED] - Statement - linkLogmembername = linkUserName.get(i).getText(): null

2018-09-05 18:20:14 - [TEST_STEP][PASSED] - Statement - out.println("new Admin :" + linkLogmembername): null

2018-09-05 18:20:14 - [TEST_STEP][PASSED] - Statement - If (linkLogmembername.equals(teamMeberName)): null

2018-09-05 18:20:14 - [TEST_STEP][PASSED] - Statement - out.println("Admin Console: " + linkUserName.get(i).getText()): null

2018-09-05 18:20:14 - [TEST_STEP][PASSED] - Statement - linkLogmembername = linkUserName.get(i).getText(): null

2018-09-05 18:20:14 - [TEST_STEP][PASSED] - Statement - out.println("new Admin :" + linkLogmembername): null

2018-09-05 18:20:14 - [TEST_STEP][PASSED] - Statement - If (linkLogmembername.equals(teamMeberName)): null

2018-09-05 18:20:14 - [TEST_STEP][PASSED] - Statement - out.println("Admin Console: " + linkUserName.get(i).getText()): null

2018-09-05 18:20:14 - [TEST_STEP][PASSED] - Statement - linkLogmembername = linkUserName.get(i).getText(): null

2018-09-05 18:20:14 - [TEST_STEP][PASSED] - Statement - out.println("new Admin :" + linkLogmembername): null

2018-09-05 18:20:14 - [TEST_STEP][PASSED] - Statement - If (linkLogmembername.equals(teamMeberName)): null

2018-09-05 18:20:14 - [TEST_STEP][PASSED] - Statement - out.println("Admin Console: " + linkUserName.get(i).getText()): null

2018-09-05 18:20:14 - [TEST_STEP][PASSED] - Statement - linkLogmembername = linkUserName.get(i).getText(): null

2018-09-05 18:20:14 - [TEST_STEP][PASSED] - Statement - out.println("new Admin :" + linkLogmembername): null

2018-09-05 18:20:14 - [TEST_STEP][PASSED] - Statement - If (linkLogmembername.equals(teamMeberName)): null

2018-09-05 18:20:14 - [TEST_STEP][PASSED] - Statement - out.println("Admin Console: " + linkUserName.get(i).getText()): null

2018-09-05 18:20:14 - [TEST_STEP][PASSED] - Statement - linkLogmembername = linkUserName.get(i).getText(): null

2018-09-05 18:20:14 - [TEST_STEP][PASSED] - Statement - out.println("new Admin :" + linkLogmembername): null

2018-09-05 18:20:14 - [TEST_STEP][PASSED] - Statement - If (linkLogmembername.equals(teamMeberName)): null

2018-09-05 18:20:14 - [TEST_STEP][PASSED] - Statement - out.println("Admin Console: " + linkUserName.get(i).getText()): null

2018-09-05 18:20:15 - [TEST_STEP][PASSED] - Statement - linkLogmembername = linkUserName.get(i).getText(): null

2018-09-05 18:20:15 - [TEST_STEP][PASSED] - Statement - out.println("new Admin :" + linkLogmembername): null

2018-09-05 18:20:15 - [TEST_STEP][PASSED] - Statement - If (linkLogmembername.equals(teamMeberName)): null

2018-09-05 18:20:15 - [TEST_STEP][PASSED] - Statement - out.println("Admin Console: " + linkUserName.get(i).getText()): null

2018-09-05 18:20:15 - [TEST_STEP][PASSED] - Statement - linkLogmembername = linkUserName.get(i).getText(): null

2018-09-05 18:20:15 - [TEST_STEP][PASSED] - Statement - out.println("new Admin :" + linkLogmembername): null

2018-09-05 18:20:15 - [TEST_STEP][PASSED] - Statement - If (linkLogmembername.equals(teamMeberName)): null

2018-09-05 18:20:15 - [TEST_STEP][PASSED] - Statement - out.println("Admin Console: " + linkUserName.get(i).getText()): null

2018-09-05 18:20:15 - [TEST_STEP][PASSED] - Statement - linkLogmembername = linkUserName.get(i).getText(): null

2018-09-05 18:20:15 - [TEST_STEP][PASSED] - Statement - out.println("new Admin :" + linkLogmembername): null

2018-09-05 18:20:15 - [TEST_STEP][PASSED] - Statement - If (linkLogmembername.equals(teamMeberName)): null

2018-09-05 18:20:15 - [TEST_STEP][PASSED] - Statement - out.println("Admin Console: " + linkUserName.get(i).getText()): null

2018-09-05 18:20:15 - [TEST_STEP][PASSED] - Statement - linkLogmembername = linkUserName.get(i).getText(): null

2018-09-05 18:20:15 - [TEST_STEP][PASSED] - Statement - out.println("new Admin :" + linkLogmembername): null

2018-09-05 18:20:15 - [TEST_STEP][PASSED] - Statement - If (linkLogmembername.equals(teamMeberName)): null

2018-09-05 18:20:15 - [TEST_STEP][PASSED] - Statement - out.println("Admin Console: " + linkUserName.get(i).getText()): null

2018-09-05 18:20:15 - [TEST_STEP][PASSED] - Statement - linkLogmembername = linkUserName.get(i).getText(): null

2018-09-05 18:20:15 - [TEST_STEP][PASSED] - Statement - out.println("new Admin :" + linkLogmembername): null

2018-09-05 18:20:15 - [TEST_STEP][PASSED] - Statement - If (linkLogmembername.equals(teamMeberName)): null

2018-09-05 18:20:15 - [TEST_STEP][PASSED] - Statement - out.println("Admin Console: " + linkUserName.get(i).getText()): null

2018-09-05 18:20:15 - [TEST_STEP][PASSED] - Statement - linkLogmembername = linkUserName.get(i).getText(): null

2018-09-05 18:20:15 - [TEST_STEP][PASSED] - Statement - out.println("new Admin :" + linkLogmembername): null

2018-09-05 18:20:15 - [TEST_STEP][PASSED] - Statement - If (linkLogmembername.equals(teamMeberName)): null

2018-09-05 18:20:15 - [TEST_STEP][PASSED] - Statement - out.println("Admin Console: " + linkUserName.get(i).getText()): null

2018-09-05 18:20:16 - [TEST_STEP][PASSED] - Statement - linkLogmembername = linkUserName.get(i).getText(): null

2018-09-05 18:20:16 - [TEST_STEP][PASSED] - Statement - out.println("new Admin :" + linkLogmembername): null

2018-09-05 18:20:16 - [TEST_STEP][PASSED] - Statement - If (linkLogmembername.equals(teamMeberName)): null

2018-09-05 18:20:16 - [TEST_STEP][PASSED] - Statement - out.println("Admin Console: " + linkUserName.get(i).getText()): null

2018-09-05 18:20:16 - [TEST_STEP][PASSED] - Statement - linkLogmembername = linkUserName.get(i).getText(): null

2018-09-05 18:20:16 - [TEST_STEP][PASSED] - Statement - out.println("new Admin :" + linkLogmembername): null

2018-09-05 18:20:16 - [TEST_STEP][PASSED] - Statement - If (linkLogmembername.equals(teamMeberName)): null

2018-09-05 18:20:16 - [TEST_STEP][PASSED] - Statement - out.println("Admin Console: " + linkUserName.get(i).getText()): null

2018-09-05 18:20:16 - [TEST_STEP][PASSED] - Statement - linkLogmembername = linkUserName.get(i).getText(): null

2018-09-05 18:20:16 - [TEST_STEP][PASSED] - Statement - out.println("new Admin :" + linkLogmembername): null

2018-09-05 18:20:16 - [TEST_STEP][PASSED] - Statement - If (linkLogmembername.equals(teamMeberName)): null

2018-09-05 18:20:16 - [TEST_STEP][PASSED] - Statement - out.println("Admin Console: " + linkUserName.get(i).getText()): null

2018-09-05 18:20:16 - [TEST_STEP][PASSED] - Statement - linkLogmembername = linkUserName.get(i).getText(): null

2018-09-05 18:20:16 - [TEST_STEP][PASSED] - Statement - out.println("new Admin :" + linkLogmembername): null

2018-09-05 18:20:16 - [TEST_STEP][PASSED] - Statement - If (linkLogmembername.equals(teamMeberName)): null

2018-09-05 18:20:16 - [TEST_STEP][PASSED] - Statement - out.println("Admin Console: " + linkUserName.get(i).getText()): null

2018-09-05 18:20:16 - [TEST_STEP][PASSED] - Statement - linkLogmembername = linkUserName.get(i).getText(): null

2018-09-05 18:20:16 - [TEST_STEP][PASSED] - Statement - out.println("new Admin :" + linkLogmembername): null

2018-09-05 18:20:16 - [TEST_STEP][PASSED] - Statement - If (linkLogmembername.equals(teamMeberName)): null

2018-09-05 18:20:16 - [TEST_STEP][PASSED] - Statement - out.println("Admin Console: " + linkUserName.get(i).getText()): null

2018-09-05 18:20:16 - [TEST_STEP][PASSED] - Statement - linkLogmembername = linkUserName.get(i).getText(): null

2018-09-05 18:20:16 - [TEST_STEP][PASSED] - Statement - out.println("new Admin :" + linkLogmembername): null

2018-09-05 18:20:16 - [TEST_STEP][PASSED] - Statement - If (linkLogmembername.equals(teamMeberName)): null

2018-09-05 18:20:16 - [TEST_STEP][PASSED] - Statement - out.println("Admin Console: " + linkUserName.get(i).getText()): null

2018-09-05 18:20:16 - [TEST_STEP][PASSED] - Statement - linkLogmembername = linkUserName.get(i).getText(): null

2018-09-05 18:20:16 - [TEST_STEP][PASSED] - Statement - out.println("new Admin :" + linkLogmembername): null

2018-09-05 18:20:16 - [TEST_STEP][PASSED] - Statement - If (linkLogmembername.equals(teamMeberName)): null

2018-09-05 18:20:16 - [TEST_STEP][PASSED] - Statement - out.println("Admin Console: " + linkUserName.get(i).getText()): null

2018-09-05 18:20:16 - [TEST_STEP][PASSED] - Statement - linkLogmembername = linkUserName.get(i).getText(): null

2018-09-05 18:20:16 - [TEST_STEP][PASSED] - Statement - out.println("new Admin :" + linkLogmembername): null

2018-09-05 18:20:16 - [TEST_STEP][PASSED] - Statement - If (linkLogmembername.equals(teamMeberName)): null

2018-09-05 18:20:16 - [TEST_STEP][PASSED] - Statement - out.println("Admin Console: " + linkUserName.get(i).getText()): null

2018-09-05 18:20:16 - [TEST_STEP][PASSED] - Statement - linkLogmembername = linkUserName.get(i).getText(): null

2018-09-05 18:20:16 - [TEST_STEP][PASSED] - Statement - out.println("new Admin :" + linkLogmembername): null

2018-09-05 18:20:16 - [TEST_STEP][PASSED] - Statement - If (linkLogmembername.equals(teamMeberName)): null

2018-09-05 18:20:16 - [TEST_STEP][PASSED] - Statement - out.println("Admin Console: " + linkUserName.get(i).getText()): null

2018-09-05 18:20:16 - [TEST_STEP][PASSED] - Statement - linkLogmembername = linkUserName.get(i).getText(): null

2018-09-05 18:20:16 - [TEST_STEP][PASSED] - Statement - out.println("new Admin :" + linkLogmembername): null

2018-09-05 18:20:16 - [TEST_STEP][PASSED] - Statement - If (linkLogmembername.equals(teamMeberName)): null

2018-09-05 18:20:16 - [TEST_STEP][PASSED] - Statement - out.println("Admin Console: " + linkUserName.get(i).getText()): null

2018-09-05 18:20:16 - [TEST_STEP][PASSED] - Statement - linkLogmembername = linkUserName.get(i).getText(): null

2018-09-05 18:20:16 - [TEST_STEP][PASSED] - Statement - out.println("new Admin :" + linkLogmembername): null

2018-09-05 18:20:16 - [TEST_STEP][PASSED] - Statement - If (linkLogmembername.equals(teamMeberName)): null

2018-09-05 18:20:16 - [TEST_STEP][PASSED] - Statement - out.println("Admin Console: " + linkUserName.get(i).getText()): null

2018-09-05 18:20:16 - [TEST_STEP][PASSED] - Statement - linkLogmembername = linkUserName.get(i).getText(): null

2018-09-05 18:20:16 - [TEST_STEP][PASSED] - Statement - out.println("new Admin :" + linkLogmembername): null

2018-09-05 18:20:16 - [TEST_STEP][PASSED] - Statement - If (linkLogmembername.equals(teamMeberName)): null

2018-09-05 18:20:16 - [TEST_STEP][PASSED] - Statement - out.println("Admin Console: " + linkUserName.get(i).getText()): null

2018-09-05 18:20:16 - [TEST_STEP][PASSED] - Statement - linkLogmembername = linkUserName.get(i).getText(): null

2018-09-05 18:20:16 - [TEST_STEP][PASSED] - Statement - out.println("new Admin :" + linkLogmembername): null

2018-09-05 18:20:16 - [TEST_STEP][PASSED] - Statement - If (linkLogmembername.equals(teamMeberName)): null

2018-09-05 18:20:16 - [TEST_STEP][PASSED] - Statement - out.println("Admin Console: " + linkUserName.get(i).getText()): null

2018-09-05 18:20:16 - [TEST_STEP][PASSED] - Statement - linkLogmembername = linkUserName.get(i).getText(): null

2018-09-05 18:20:16 - [TEST_STEP][PASSED] - Statement - out.println("new Admin :" + linkLogmembername): null

2018-09-05 18:20:16 - [TEST_STEP][PASSED] - Statement - If (linkLogmembername.equals(teamMeberName)): null

2018-09-05 18:20:16 - [TEST_STEP][PASSED] - Statement - out.println("Admin Console: " + linkUserName.get(i).getText()): null

2018-09-05 18:20:17 - [TEST_STEP][PASSED] - Statement - linkLogmembername = linkUserName.get(i).getText(): null

2018-09-05 18:20:17 - [TEST_STEP][PASSED] - Statement - out.println("new Admin :" + linkLogmembername): null

2018-09-05 18:20:17 - [TEST_STEP][PASSED] - Statement - If (linkLogmembername.equals(teamMeberName)): null

2018-09-05 18:20:17 - [TEST_STEP][PASSED] - Statement - out.println("Admin Console: " + linkUserName.get(i).getText()): null

2018-09-05 18:20:17 - [TEST_STEP][PASSED] - Statement - linkLogmembername = linkUserName.get(i).getText(): null

2018-09-05 18:20:17 - [TEST_STEP][PASSED] - Statement - out.println("new Admin :" + linkLogmembername): null

2018-09-05 18:20:17 - [TEST_STEP][PASSED] - Statement - If (linkLogmembername.equals(teamMeberName)): null

2018-09-05 18:20:17 - [TEST_STEP][PASSED] - Statement - out.println("Admin Console: " + linkUserName.get(i).getText()): null

2018-09-05 18:20:17 - [TEST_STEP][PASSED] - Statement - linkLogmembername = linkUserName.get(i).getText(): null

2018-09-05 18:20:17 - [TEST_STEP][PASSED] - Statement - out.println("new Admin :" + linkLogmembername): null

2018-09-05 18:20:17 - [TEST_STEP][PASSED] - Statement - If (linkLogmembername.equals(teamMeberName)): null

2018-09-05 18:20:17 - [TEST_STEP][PASSED] - Statement - out.println("Admin Console: " + linkUserName.get(i).getText()): null

2018-09-05 18:20:17 - [TEST_STEP][PASSED] - Statement - linkLogmembername = linkUserName.get(i).getText(): null

2018-09-05 18:20:17 - [TEST_STEP][PASSED] - Statement - out.println("new Admin :" + linkLogmembername): null

2018-09-05 18:20:17 - [TEST_STEP][PASSED] - Statement - If (linkLogmembername.equals(teamMeberName)): null

2018-09-05 18:20:17 - [TEST_STEP][PASSED] - Statement - out.println("Admin Console: " + linkUserName.get(i).getText()): null

2018-09-05 18:20:17 - [TEST_STEP][PASSED] - Statement - linkLogmembername = linkUserName.get(i).getText(): null

2018-09-05 18:20:17 - [TEST_STEP][PASSED] - Statement - out.println("new Admin :" + linkLogmembername): null

2018-09-05 18:20:17 - [TEST_STEP][PASSED] - Statement - If (linkLogmembername.equals(teamMeberName)): null

2018-09-05 18:20:17 - [TEST_STEP][PASSED] - Statement - out.println("Admin Console: " + linkUserName.get(i).getText()): null

2018-09-05 18:20:17 - [TEST_STEP][PASSED] - Statement - linkLogmembername = linkUserName.get(i).getText(): null

2018-09-05 18:20:17 - [TEST_STEP][PASSED] - Statement - out.println("new Admin :" + linkLogmembername): null

2018-09-05 18:20:17 - [TEST_STEP][PASSED] - Statement - If (linkLogmembername.equals(teamMeberName)): null

2018-09-05 18:20:17 - [TEST_STEP][PASSED] - Statement - out.println("Admin Console: " + linkUserName.get(i).getText()): null

2018-09-05 18:20:17 - [TEST_STEP][PASSED] - Statement - linkLogmembername = linkUserName.get(i).getText(): null

2018-09-05 18:20:17 - [TEST_STEP][PASSED] - Statement - out.println("new Admin :" + linkLogmembername): null

2018-09-05 18:20:17 - [TEST_STEP][PASSED] - Statement - If (linkLogmembername.equals(teamMeberName)): null

2018-09-05 18:20:17 - [TEST_STEP][PASSED] - Statement - out.println("Admin Console: " + linkUserName.get(i).getText()): null

2018-09-05 18:20:17 - [TEST_STEP][PASSED] - Statement - linkLogmembername = linkUserName.get(i).getText(): null

2018-09-05 18:20:17 - [TEST_STEP][PASSED] - Statement - out.println("new Admin :" + linkLogmembername): null

2018-09-05 18:20:17 - [TEST_STEP][PASSED] - Statement - If (linkLogmembername.equals(teamMeberName)): null

2018-09-05 18:20:17 - [TEST_STEP][PASSED] - Statement - out.println("Admin Console: " + linkUserName.get(i).getText()): null

2018-09-05 18:20:17 - [TEST_STEP][PASSED] - Statement - linkLogmembername = linkUserName.get(i).getText(): null

2018-09-05 18:20:17 - [TEST_STEP][PASSED] - Statement - out.println("new Admin :" + linkLogmembername): null

2018-09-05 18:20:17 - [TEST_STEP][PASSED] - Statement - If (linkLogmembername.equals(teamMeberName)): null

2018-09-05 18:20:17 - [TEST_STEP][PASSED] - Statement - out.println("Admin Console: " + linkUserName.get(i).getText()): null

2018-09-05 18:20:17 - [TEST_STEP][PASSED] - Statement - linkLogmembername = linkUserName.get(i).getText(): null

2018-09-05 18:20:17 - [TEST_STEP][PASSED] - Statement - out.println("new Admin :" + linkLogmembername): null

2018-09-05 18:20:17 - [TEST_STEP][PASSED] - Statement - If (linkLogmembername.equals(teamMeberName)): null

2018-09-05 18:20:17 - [TEST_STEP][PASSED] - Statement - out.println("Admin Console: " + linkUserName.get(i).getText()): null

2018-09-05 18:20:17 - [TEST_STEP][PASSED] - Statement - linkLogmembername = linkUserName.get(i).getText(): null

2018-09-05 18:20:17 - [TEST_STEP][PASSED] - Statement - out.println("new Admin :" + linkLogmembername): null

2018-09-05 18:20:17 - [TEST_STEP][PASSED] - Statement - If (linkLogmembername.equals(teamMeberName)): null

2018-09-05 18:20:17 - [TEST_STEP][PASSED] - Statement - out.println("Admin Console: " + linkUserName.get(i).getText()): null

2018-09-05 18:20:18 - [TEST_STEP][PASSED] - Statement - linkLogmembername = linkUserName.get(i).getText(): null

2018-09-05 18:20:18 - [TEST_STEP][PASSED] - Statement - out.println("new Admin :" + linkLogmembername): null

2018-09-05 18:20:18 - [TEST_STEP][PASSED] - Statement - If (linkLogmembername.equals(teamMeberName)): null

2018-09-05 18:20:18 - [TEST_STEP][PASSED] - Statement - out.println("Admin Console: " + linkUserName.get(i).getText()): null

2018-09-05 18:20:18 - [TEST_STEP][PASSED] - Statement - linkLogmembername = linkUserName.get(i).getText(): null

2018-09-05 18:20:18 - [TEST_STEP][PASSED] - Statement - out.println("new Admin :" + linkLogmembername): null

2018-09-05 18:20:18 - [TEST_STEP][PASSED] - Statement - If (linkLogmembername.equals(teamMeberName)): null

2018-09-05 18:20:18 - [TEST_STEP][PASSED] - Statement - out.println("Admin Console: " + linkUserName.get(i).getText()): null

2018-09-05 18:20:18 - [TEST_STEP][PASSED] - Statement - linkLogmembername = linkUserName.get(i).getText(): null

2018-09-05 18:20:18 - [TEST_STEP][PASSED] - Statement - out.println("new Admin :" + linkLogmembername): null

2018-09-05 18:20:18 - [TEST_STEP][PASSED] - Statement - If (linkLogmembername.equals(teamMeberName)): null

2018-09-05 18:20:18 - [TEST_STEP][PASSED] - Statement - If (com.kms.katalon.core.webui.keyword.WebUiBuiltInKeywords.verifyElementPresent(com.kms.katalon.core.testobject.ObjectRepository.findTestObject(Object Repository/linkLog/customerProfileDetails), 5, OPTIONAL)): null

2018-09-05 18:20:18 - [MESSAGE][PASSED] - Object 'Object Repository/linkLog/customerProfileDetails' is present

2018-09-05 18:20:18 - [TEST_STEP][PASSED] - Statement - println("open link log successful"): null

2018-09-05 18:20:18 - [TEST_STEP][PASSED] - Statement - If (com.kms.katalon.core.webui.keyword.WebUiBuiltInKeywords.verifyElementPresent(com.kms.katalon.core.testobject.ObjectRepository.findTestObject(Object Repository/Notes/addNotesCustomerDetails), 2)): null

2018-09-05 18:20:18 - [MESSAGE][PASSED] - Object 'Object Repository/Notes/addNotesCustomerDetails' is present

2018-09-05 18:20:18 - [TEST_STEP][PASSED] - click: Object: 'Object Repository/Notes/addNotesCustomerDetails' is clicked on

2018-09-05 18:20:18 - [MESSAGE][PASSED] - Object: 'Object Repository/Notes/addNotesCustomerDetails' is clicked on

2018-09-05 18:20:18 - [TEST_STEP][PASSED] - Statement - println("successful"): null

2018-09-05 18:20:18 - [TEST_STEP][PASSED] - setText: Text 'Mass media campaigns are widely used to expose high proportions of large populations to messages through routine uses of existing media, such as television, radio, and newspapers.' is set on object 'Object Repository/Notes/notesInputBox'

2018-09-05 18:20:23 - [MESSAGE][PASSED] - Text 'Mass media campaigns are widely used to expose high proportions of large populations to messages through routine uses of existing media, such as television, radio, and newspapers.' is set on object 'Object Repository/Notes/notesInputBox'

2018-09-05 18:20:23 - [TEST_STEP][PASSED] - Statement - If (com.kms.katalon.core.webui.keyword.WebUiBuiltInKeywords.verifyElementPresent(com.kms.katalon.core.testobject.ObjectRepository.findTestObject(Object Repository/Notes/saveNotesButton), 2)): null

2018-09-05 18:20:23 - [MESSAGE][PASSED] - Object 'Object Repository/Notes/saveNotesButton' is present

2018-09-05 18:20:23 - [TEST_STEP][PASSED] - click: Object: 'Object Repository/Notes/saveNotesButton' is clicked on

2018-09-05 18:20:23 - [MESSAGE][PASSED] - Object: 'Object Repository/Notes/saveNotesButton' is clicked on

2018-09-05 18:20:23 - [TEST_STEP][PASSED] - Statement - println("successful"): null

2018-09-05 18:20:23 - [TEST_STEP][PASSED] - Statement - If (com.kms.katalon.core.webui.keyword.WebUiBuiltInKeywords.verifyElementPresent(com.kms.katalon.core.testobject.ObjectRepository.findTestObject(Dashboard_Link Generator/validation), 5)): null

2018-09-05 18:20:25 - [MESSAGE][PASSED] - Object 'Object Repository/Dashboard_Link Generator/validation' is present

2018-09-05 18:20:25 - [TEST_STEP][PASSED] - Statement - validationMessage = com.kms.katalon.core.webui.keyword.WebUiBuiltInKeywords.getText(com.kms.katalon.core.testobject.ObjectRepository.findTestObject(Dashboard_Link Generator/validation)): Text of object 'Object Repository/Dashboard_Link Generator/validation' is: 'Note Added.!'

2018-09-05 18:20:25 - [MESSAGE][PASSED] - Text of object 'Object Repository/Dashboard_Link Generator/validation' is: 'Note Added.!'

2018-09-05 18:20:25 - [TEST_STEP][PASSED] - verifyMatch: Actual text 'Note Added.!' and expected text 'Note Added.!' are matched 

2018-09-05 18:20:25 - [MESSAGE][PASSED] - Actual text 'Note Added.!' and expected text 'Note Added.!' are matched 

2018-09-05 18:20:25 - [TEST_STEP][PASSED] - Statement - println("successful"): null

2018-09-05 18:20:25 - [TEST_STEP][PASSED] - clickOffset: Object: 'Object Repository/customerDetailsEdit/customerDetailScreen' is clicked on using offset x=100 and y=200

2018-09-05 18:20:25 - [MESSAGE][PASSED] - Object: 'Object Repository/customerDetailsEdit/customerDetailScreen' is clicked on using offset x=100 and y=200

2018-09-05 18:20:25 - [TEST_STEP][PASSED] - click: Object: 'Object Repository/customerDetailsEdit/refreshButton' is clicked on

2018-09-05 18:20:26 - [MESSAGE][PASSED] - Object: 'Object Repository/customerDetailsEdit/refreshButton' is clicked on]]></system-out>
         <system-err><![CDATA[]]></system-err>
      </testcase>
      <testcase name="Test Cases/completed/TestCase5_NotesFunctionality/clearNotes" classname="Test Cases/completed/TestCase5_NotesFunctionality/clearNotes" status="PASSED">
         <system-out><![CDATA[2018-09-05 18:20:26 - [TEST_CASE][PASSED] - Test Cases/completed/TestCase5_NotesFunctionality/clearNotes: Test Cases/completed/TestCase5_NotesFunctionality/clearNotes

2018-09-05 18:20:26 - [TEST_STEP][PASSED] - callTestCase: Call Test Case 'Test Cases/BVT/aSimple_Login' successfully

2018-09-05 18:20:26 - [TEST_CASE][PASSED] - Test Cases/BVT/aSimple_Login: Test Cases/BVT/aSimple_Login

2018-09-05 18:20:26 - [TEST_STEP][PASSED] - openBrowser: Browser is opened with url: ''

2018-09-05 18:20:26 - [MESSAGE][WARNING] - A browser is already opened. Closing browser and opening a new one

2018-09-05 18:20:29 - [MESSAGE][PASSED] - Browser is opened with url: ''

2018-09-05 18:20:29 - [TEST_STEP][PASSED] - maximizeWindow: Current window maximized

2018-09-05 18:20:30 - [MESSAGE][PASSED] - Current window maximized

2018-09-05 18:20:30 - [TEST_STEP][PASSED] - navigateToUrl: Navigate to 'https://dev.vcalling.in/enterprises/UAT/Dashboard/index.html' successfully

2018-09-05 18:20:34 - [MESSAGE][PASSED] - Navigate to 'https://dev.vcalling.in/enterprises/UAT/Dashboard/index.html' successfully

2018-09-05 18:20:34 - [TEST_STEP][PASSED] - setText: Text 'testing4dea@gmail.com' is set on object 'Object Repository/Login/UserId'

2018-09-05 18:20:35 - [MESSAGE][PASSED] - Text 'testing4dea@gmail.com' is set on object 'Object Repository/Login/UserId'

2018-09-05 18:20:35 - [TEST_STEP][PASSED] - click: Object: 'Object Repository/Login/div_GET OTP' is clicked on

2018-09-05 18:20:36 - [MESSAGE][PASSED] - Object: 'Object Repository/Login/div_GET OTP' is clicked on

2018-09-05 18:20:36 - [TEST_STEP][PASSED] - waitForElementPresent: Object 'Object Repository/Login/div_SUBMIT' is present

2018-09-05 18:20:37 - [MESSAGE][PASSED] - Object 'Object Repository/Login/div_SUBMIT' is present

2018-09-05 18:20:37 - [TEST_STEP][PASSED] - Statement - If (com.kms.katalon.core.webui.keyword.WebUiBuiltInKeywords.verifyElementNotPresent(com.kms.katalon.core.testobject.ObjectRepository.findTestObject(Login/div_SUBMIT), 5, OPTIONAL)): Web element with id: 'Object Repository/Login/div_SUBMIT' located by 'By.xpath: //div[(text() = ' SUBMIT ' or . = ' SUBMIT ')]' is present after '5' second(s)

2018-09-05 18:20:43 - [MESSAGE][WARNING] - Web element with id: 'Object Repository/Login/div_SUBMIT' located by 'By.xpath: //div[(text() = ' SUBMIT ' or . = ' SUBMIT ')]' is present after '5' second(s)
[[ATTACHMENT|C:\\Users\\User\\Desktop\\Katalon Studio\\Katalon Studio\\vCallingDashboard\\Reports\\RegressionSuite\\20180905_175530\\1536151843052.png]]

2018-09-05 18:20:43 - [TEST_STEP][PASSED] - Statement - sleep(5000): null

2018-09-05 18:20:48 - [TEST_STEP][PASSED] - Statement - OTP = getOTP(): null

2018-09-05 18:20:48 - [TEST_STEP][PASSED] - Statement - host = "imap.gmail.com": null

2018-09-05 18:20:48 - [TEST_STEP][PASSED] - Statement - msg = <not implemented yet for class: org.codehaus.groovy.ast.expr.EmptyExpression>: null

2018-09-05 18:20:48 - [TEST_STEP][PASSED] - Statement - msgSub = <not implemented yet for class: org.codehaus.groovy.ast.expr.EmptyExpression>: null

2018-09-05 18:20:48 - [TEST_STEP][PASSED] - Statement - OTP = "unavailable": null

2018-09-05 18:20:48 - [TEST_STEP][PASSED] - Statement - props = new java.util.Properties(): null

2018-09-05 18:20:48 - [TEST_STEP][PASSED] - Statement - props.setProperty("mail.imap.ssl.enable", "true"): null

2018-09-05 18:20:48 - [TEST_STEP][PASSED] - Statement - session = javax.mail.Session.getInstance(props): null

2018-09-05 18:20:48 - [TEST_STEP][PASSED] - Statement - store = <not implemented yet for class: org.codehaus.groovy.ast.expr.EmptyExpression>: null

2018-09-05 18:20:48 - [TEST_STEP][PASSED] - Statement - Try: null

2018-09-05 18:20:48 - [TEST_STEP][PASSED] - Statement - store = session.getStore("imap"): null

2018-09-05 18:20:48 - [TEST_STEP][PASSED] - Statement - store.connect(host, Email, Password): null

2018-09-05 18:20:51 - [TEST_STEP][PASSED] - Statement - emailFolder = store.getFolder("INBOX"): null

2018-09-05 18:20:51 - [TEST_STEP][PASSED] - Statement - emailFolder.open(READ_WRITE): null

2018-09-05 18:20:51 - [TEST_STEP][PASSED] - Statement - messages = emailFolder.getMessages(): null

2018-09-05 18:20:51 - [TEST_STEP][PASSED] - Statement - n = length: null

2018-09-05 18:20:51 - [TEST_STEP][PASSED] - Statement - message = messages[n - 1]: null

2018-09-05 18:20:51 - [TEST_STEP][PASSED] - Statement - msgSub = message.getSubject(): null

2018-09-05 18:20:51 - [TEST_STEP][PASSED] - Statement - If (msgSub.equals("OTP to Sign In")): null

2018-09-05 18:20:51 - [TEST_STEP][PASSED] - Statement - msg = message.getContent().toString(): null

2018-09-05 18:20:52 - [TEST_STEP][PASSED] - Statement - OTP = msg.substring(msg.length() - 7): null

2018-09-05 18:20:52 - [TEST_STEP][PASSED] - Statement - message.setFlag(DELETED, true): null

2018-09-05 18:20:53 - [TEST_STEP][PASSED] - Statement - emailFolder.close(true): null

2018-09-05 18:20:53 - [TEST_STEP][PASSED] - Statement - store.close(): null

2018-09-05 18:20:53 - [TEST_STEP][PASSED] - Statement - return OTP: null

2018-09-05 18:20:53 - [TEST_STEP][PASSED] - Statement - If (OTP.equals("unavailable")): null

2018-09-05 18:20:53 - [TEST_STEP][PASSED] - Statement - Else: Text 'y6405
' is set on object 'Object Repository/Login/OtpInput'

2018-09-05 18:20:53 - [TEST_STEP][PASSED] - setText: Text 'y6405
' is set on object 'Object Repository/Login/OtpInput'

2018-09-05 18:20:54 - [MESSAGE][PASSED] - Text 'y6405
' is set on object 'Object Repository/Login/OtpInput'

2018-09-05 18:20:54 - [TEST_STEP][PASSED] - verifyElementPresent: Object 'Object Repository/Login/afterOpenDisplay' is present

2018-09-05 18:20:55 - [MESSAGE][PASSED] - Object 'Object Repository/Login/afterOpenDisplay' is present

2018-09-05 18:20:55 - [MESSAGE][PASSED] - Call Test Case 'Test Cases/BVT/aSimple_Login' successfully

2018-09-05 18:20:55 - [TEST_STEP][PASSED] - Statement - driver = com.kms.katalon.core.webui.driver.DriverFactory.getWebDriver(): null

2018-09-05 18:20:55 - [TEST_STEP][PASSED] - click: Object: 'Object Repository/Dashboard_Link Generator/linkgeneratorIcon' is clicked on

2018-09-05 18:20:56 - [MESSAGE][PASSED] - Object: 'Object Repository/Dashboard_Link Generator/linkgeneratorIcon' is clicked on

2018-09-05 18:20:56 - [TEST_STEP][PASSED] - Statement - x = CustomKeywords.newPackage.newKeyword.randomString(3).toLowerCase(): newPackage.newKeyword.randomString is PASSED

2018-09-05 18:20:56 - [MESSAGE][PASSED] - newPackage.newKeyword.randomString is PASSED

2018-09-05 18:20:56 - [TEST_STEP][PASSED] - Statement - teamMeberName = x: null

2018-09-05 18:20:56 - [TEST_STEP][PASSED] - setText: Text 'f5t' is set on object 'Object Repository/AddTeamMemberDashboard/name'

2018-09-05 18:20:57 - [MESSAGE][PASSED] - Text 'f5t' is set on object 'Object Repository/AddTeamMemberDashboard/name'

2018-09-05 18:20:57 - [TEST_STEP][PASSED] - setText: Text 'esVaJavv75@gmail.com' is set on object 'Object Repository/AddTeamMemberDashboard/email'

2018-09-05 18:20:57 - [MESSAGE][PASSED] - newPackage.newKeyword.randomString is PASSED

2018-09-05 18:20:57 - [MESSAGE][PASSED] - Text 'esVaJavv75@gmail.com' is set on object 'Object Repository/AddTeamMemberDashboard/email'

2018-09-05 18:20:57 - [TEST_STEP][PASSED] - setText: Text 'property' is set on object 'Object Repository/Dashboard_Link Generator/tag'

2018-09-05 18:20:58 - [MESSAGE][PASSED] - Text 'property' is set on object 'Object Repository/Dashboard_Link Generator/tag'

2018-09-05 18:20:58 - [TEST_STEP][PASSED] - click: Object: 'Object Repository/Dashboard_Link Generator/div_GET LINK' is clicked on

2018-09-05 18:20:58 - [MESSAGE][PASSED] - Object: 'Object Repository/Dashboard_Link Generator/div_GET LINK' is clicked on

2018-09-05 18:20:58 - [TEST_STEP][PASSED] - Statement - getLink = com.kms.katalon.core.webui.keyword.WebUiBuiltInKeywords.getAttribute(com.kms.katalon.core.testobject.ObjectRepository.findTestObject(Dashboard_Link Generator/input_link-text), "value"): Attribute 'value' of object 'Object Repository/Dashboard_Link Generator/input_link-text' is: 'https://dev.vcalling.in/url/UAT/?id=UAT-1-543'

2018-09-05 18:20:59 - [MESSAGE][PASSED] - Attribute 'value' of object 'Object Repository/Dashboard_Link Generator/input_link-text' is: 'https://dev.vcalling.in/url/UAT/?id=UAT-1-543'

2018-09-05 18:20:59 - [TEST_STEP][PASSED] - Statement - println(getLink): null

2018-09-05 18:20:59 - [TEST_STEP][PASSED] - click: Object: 'Object Repository/Dashboard_Link Generator/copyLink' is clicked on

2018-09-05 18:20:59 - [MESSAGE][PASSED] - Object: 'Object Repository/Dashboard_Link Generator/copyLink' is clicked on

2018-09-05 18:20:59 - [TEST_STEP][PASSED] - Statement - If (com.kms.katalon.core.webui.keyword.WebUiBuiltInKeywords.verifyElementPresent(com.kms.katalon.core.testobject.ObjectRepository.findTestObject(Dashboard_Link Generator/validation), 5, OPTIONAL)): null

2018-09-05 18:21:00 - [MESSAGE][PASSED] - Object 'Object Repository/Dashboard_Link Generator/validation' is present

2018-09-05 18:21:00 - [TEST_STEP][PASSED] - Statement - validationMessage = com.kms.katalon.core.webui.keyword.WebUiBuiltInKeywords.getText(com.kms.katalon.core.testobject.ObjectRepository.findTestObject(Dashboard_Link Generator/validation)): Text of object 'Object Repository/Dashboard_Link Generator/validation' is: 'Link Copied.!'

2018-09-05 18:21:00 - [MESSAGE][PASSED] - Text of object 'Object Repository/Dashboard_Link Generator/validation' is: 'Link Copied.!'

2018-09-05 18:21:00 - [TEST_STEP][PASSED] - verifyMatch: Actual text 'Link Copied.!' and expected text 'Link Copied.!' are matched 

2018-09-05 18:21:00 - [MESSAGE][PASSED] - Actual text 'Link Copied.!' and expected text 'Link Copied.!' are matched 

2018-09-05 18:21:00 - [TEST_STEP][PASSED] - Statement - println("successful"): null

2018-09-05 18:21:00 - [TEST_STEP][PASSED] - Statement - linkUserName = driver.findElements(org.openqa.selenium.By.className("text-link-log")): null

2018-09-05 18:21:00 - [TEST_STEP][PASSED] - Statement - previousCountValue = 0: null

2018-09-05 18:21:00 - [TEST_STEP][PASSED] - Statement - For ([i = 0, i < linkUserName.size(), (i++)]): null

2018-09-05 18:21:00 - [TEST_STEP][PASSED] - Statement - out.println("Admin Console: " + linkUserName.get(i).getText()): null

2018-09-05 18:21:00 - [TEST_STEP][PASSED] - Statement - linkLogmembername = linkUserName.get(i).getText(): null

2018-09-05 18:21:00 - [TEST_STEP][PASSED] - Statement - out.println("new Admin :" + linkLogmembername): null

2018-09-05 18:21:00 - [TEST_STEP][PASSED] - Statement - If (linkLogmembername.equals(teamMeberName)): null

2018-09-05 18:21:00 - [TEST_STEP][PASSED] - Statement - out.println("Admin Console: " + linkUserName.get(i).getText()): null

2018-09-05 18:21:00 - [TEST_STEP][PASSED] - Statement - linkLogmembername = linkUserName.get(i).getText(): null

2018-09-05 18:21:00 - [TEST_STEP][PASSED] - Statement - out.println("new Admin :" + linkLogmembername): null

2018-09-05 18:21:00 - [TEST_STEP][PASSED] - Statement - If (linkLogmembername.equals(teamMeberName)): null

2018-09-05 18:21:00 - [TEST_STEP][PASSED] - Statement - out.println("Admin Console: " + linkUserName.get(i).getText()): null

2018-09-05 18:21:00 - [TEST_STEP][PASSED] - Statement - linkLogmembername = linkUserName.get(i).getText(): null

2018-09-05 18:21:00 - [TEST_STEP][PASSED] - Statement - out.println("new Admin :" + linkLogmembername): null

2018-09-05 18:21:00 - [TEST_STEP][PASSED] - Statement - If (linkLogmembername.equals(teamMeberName)): null

2018-09-05 18:21:00 - [TEST_STEP][PASSED] - Statement - out.println("Admin Console: " + linkUserName.get(i).getText()): null

2018-09-05 18:21:00 - [TEST_STEP][PASSED] - Statement - linkLogmembername = linkUserName.get(i).getText(): null

2018-09-05 18:21:01 - [TEST_STEP][PASSED] - Statement - out.println("new Admin :" + linkLogmembername): null

2018-09-05 18:21:01 - [TEST_STEP][PASSED] - Statement - If (linkLogmembername.equals(teamMeberName)): null

2018-09-05 18:21:01 - [TEST_STEP][PASSED] - Statement - out.println("Admin Console: " + linkUserName.get(i).getText()): null

2018-09-05 18:21:01 - [TEST_STEP][PASSED] - Statement - linkLogmembername = linkUserName.get(i).getText(): null

2018-09-05 18:21:01 - [TEST_STEP][PASSED] - Statement - out.println("new Admin :" + linkLogmembername): null

2018-09-05 18:21:01 - [TEST_STEP][PASSED] - Statement - If (linkLogmembername.equals(teamMeberName)): null

2018-09-05 18:21:01 - [TEST_STEP][PASSED] - Statement - out.println("Admin Console: " + linkUserName.get(i).getText()): null

2018-09-05 18:21:01 - [TEST_STEP][PASSED] - Statement - linkLogmembername = linkUserName.get(i).getText(): null

2018-09-05 18:21:01 - [TEST_STEP][PASSED] - Statement - out.println("new Admin :" + linkLogmembername): null

2018-09-05 18:21:01 - [TEST_STEP][PASSED] - Statement - If (linkLogmembername.equals(teamMeberName)): null

2018-09-05 18:21:01 - [TEST_STEP][PASSED] - Statement - out.println("Admin Console: " + linkUserName.get(i).getText()): null

2018-09-05 18:21:01 - [TEST_STEP][PASSED] - Statement - linkLogmembername = linkUserName.get(i).getText(): null

2018-09-05 18:21:01 - [TEST_STEP][PASSED] - Statement - out.println("new Admin :" + linkLogmembername): null

2018-09-05 18:21:01 - [TEST_STEP][PASSED] - Statement - If (linkLogmembername.equals(teamMeberName)): null

2018-09-05 18:21:01 - [TEST_STEP][PASSED] - Statement - out.println("Admin Console: " + linkUserName.get(i).getText()): null

2018-09-05 18:21:01 - [TEST_STEP][PASSED] - Statement - linkLogmembername = linkUserName.get(i).getText(): null

2018-09-05 18:21:01 - [TEST_STEP][PASSED] - Statement - out.println("new Admin :" + linkLogmembername): null

2018-09-05 18:21:01 - [TEST_STEP][PASSED] - Statement - If (linkLogmembername.equals(teamMeberName)): null

2018-09-05 18:21:01 - [TEST_STEP][PASSED] - Statement - out.println("Admin Console: " + linkLogmembername): null

2018-09-05 18:21:01 - [TEST_STEP][PASSED] - Statement - linkUserName.get(i).click(): null

2018-09-05 18:21:02 - [TEST_STEP][PASSED] - Statement - out.println("Admin Console: " + linkUserName.get(i).getText()): null

2018-09-05 18:21:02 - [TEST_STEP][PASSED] - Statement - linkLogmembername = linkUserName.get(i).getText(): null

2018-09-05 18:21:02 - [TEST_STEP][PASSED] - Statement - out.println("new Admin :" + linkLogmembername): null

2018-09-05 18:21:02 - [TEST_STEP][PASSED] - Statement - If (linkLogmembername.equals(teamMeberName)): null

2018-09-05 18:21:02 - [TEST_STEP][PASSED] - Statement - out.println("Admin Console: " + linkUserName.get(i).getText()): null

2018-09-05 18:21:02 - [TEST_STEP][PASSED] - Statement - linkLogmembername = linkUserName.get(i).getText(): null

2018-09-05 18:21:02 - [TEST_STEP][PASSED] - Statement - out.println("new Admin :" + linkLogmembername): null

2018-09-05 18:21:02 - [TEST_STEP][PASSED] - Statement - If (linkLogmembername.equals(teamMeberName)): null

2018-09-05 18:21:02 - [TEST_STEP][PASSED] - Statement - out.println("Admin Console: " + linkUserName.get(i).getText()): null

2018-09-05 18:21:02 - [TEST_STEP][PASSED] - Statement - linkLogmembername = linkUserName.get(i).getText(): null

2018-09-05 18:21:03 - [TEST_STEP][PASSED] - Statement - out.println("new Admin :" + linkLogmembername): null

2018-09-05 18:21:03 - [TEST_STEP][PASSED] - Statement - If (linkLogmembername.equals(teamMeberName)): null

2018-09-05 18:21:03 - [TEST_STEP][PASSED] - Statement - out.println("Admin Console: " + linkUserName.get(i).getText()): null

2018-09-05 18:21:03 - [TEST_STEP][PASSED] - Statement - linkLogmembername = linkUserName.get(i).getText(): null

2018-09-05 18:21:03 - [TEST_STEP][PASSED] - Statement - out.println("new Admin :" + linkLogmembername): null

2018-09-05 18:21:03 - [TEST_STEP][PASSED] - Statement - If (linkLogmembername.equals(teamMeberName)): null

2018-09-05 18:21:03 - [TEST_STEP][PASSED] - Statement - out.println("Admin Console: " + linkUserName.get(i).getText()): null

2018-09-05 18:21:03 - [TEST_STEP][PASSED] - Statement - linkLogmembername = linkUserName.get(i).getText(): null

2018-09-05 18:21:03 - [TEST_STEP][PASSED] - Statement - out.println("new Admin :" + linkLogmembername): null

2018-09-05 18:21:03 - [TEST_STEP][PASSED] - Statement - If (linkLogmembername.equals(teamMeberName)): null

2018-09-05 18:21:03 - [TEST_STEP][PASSED] - Statement - out.println("Admin Console: " + linkUserName.get(i).getText()): null

2018-09-05 18:21:03 - [TEST_STEP][PASSED] - Statement - linkLogmembername = linkUserName.get(i).getText(): null

2018-09-05 18:21:03 - [TEST_STEP][PASSED] - Statement - out.println("new Admin :" + linkLogmembername): null

2018-09-05 18:21:03 - [TEST_STEP][PASSED] - Statement - If (linkLogmembername.equals(teamMeberName)): null

2018-09-05 18:21:03 - [TEST_STEP][PASSED] - Statement - out.println("Admin Console: " + linkUserName.get(i).getText()): null

2018-09-05 18:21:03 - [TEST_STEP][PASSED] - Statement - linkLogmembername = linkUserName.get(i).getText(): null

2018-09-05 18:21:03 - [TEST_STEP][PASSED] - Statement - out.println("new Admin :" + linkLogmembername): null

2018-09-05 18:21:03 - [TEST_STEP][PASSED] - Statement - If (linkLogmembername.equals(teamMeberName)): null

2018-09-05 18:21:03 - [TEST_STEP][PASSED] - Statement - out.println("Admin Console: " + linkUserName.get(i).getText()): null

2018-09-05 18:21:03 - [TEST_STEP][PASSED] - Statement - linkLogmembername = linkUserName.get(i).getText(): null

2018-09-05 18:21:03 - [TEST_STEP][PASSED] - Statement - out.println("new Admin :" + linkLogmembername): null

2018-09-05 18:21:03 - [TEST_STEP][PASSED] - Statement - If (linkLogmembername.equals(teamMeberName)): null

2018-09-05 18:21:03 - [TEST_STEP][PASSED] - Statement - out.println("Admin Console: " + linkUserName.get(i).getText()): null

2018-09-05 18:21:03 - [TEST_STEP][PASSED] - Statement - linkLogmembername = linkUserName.get(i).getText(): null

2018-09-05 18:21:03 - [TEST_STEP][PASSED] - Statement - out.println("new Admin :" + linkLogmembername): null

2018-09-05 18:21:03 - [TEST_STEP][PASSED] - Statement - If (linkLogmembername.equals(teamMeberName)): null

2018-09-05 18:21:03 - [TEST_STEP][PASSED] - Statement - out.println("Admin Console: " + linkUserName.get(i).getText()): null

2018-09-05 18:21:03 - [TEST_STEP][PASSED] - Statement - linkLogmembername = linkUserName.get(i).getText(): null

2018-09-05 18:21:03 - [TEST_STEP][PASSED] - Statement - out.println("new Admin :" + linkLogmembername): null

2018-09-05 18:21:03 - [TEST_STEP][PASSED] - Statement - If (linkLogmembername.equals(teamMeberName)): null

2018-09-05 18:21:03 - [TEST_STEP][PASSED] - Statement - out.println("Admin Console: " + linkUserName.get(i).getText()): null

2018-09-05 18:21:03 - [TEST_STEP][PASSED] - Statement - linkLogmembername = linkUserName.get(i).getText(): null

2018-09-05 18:21:04 - [TEST_STEP][PASSED] - Statement - out.println("new Admin :" + linkLogmembername): null

2018-09-05 18:21:04 - [TEST_STEP][PASSED] - Statement - If (linkLogmembername.equals(teamMeberName)): null

2018-09-05 18:21:04 - [TEST_STEP][PASSED] - Statement - out.println("Admin Console: " + linkUserName.get(i).getText()): null

2018-09-05 18:21:04 - [TEST_STEP][PASSED] - Statement - linkLogmembername = linkUserName.get(i).getText(): null

2018-09-05 18:21:04 - [TEST_STEP][PASSED] - Statement - out.println("new Admin :" + linkLogmembername): null

2018-09-05 18:21:04 - [TEST_STEP][PASSED] - Statement - If (linkLogmembername.equals(teamMeberName)): null

2018-09-05 18:21:04 - [TEST_STEP][PASSED] - Statement - out.println("Admin Console: " + linkUserName.get(i).getText()): null

2018-09-05 18:21:04 - [TEST_STEP][PASSED] - Statement - linkLogmembername = linkUserName.get(i).getText(): null

2018-09-05 18:21:04 - [TEST_STEP][PASSED] - Statement - out.println("new Admin :" + linkLogmembername): null

2018-09-05 18:21:04 - [TEST_STEP][PASSED] - Statement - If (linkLogmembername.equals(teamMeberName)): null

2018-09-05 18:21:04 - [TEST_STEP][PASSED] - Statement - out.println("Admin Console: " + linkUserName.get(i).getText()): null

2018-09-05 18:21:04 - [TEST_STEP][PASSED] - Statement - linkLogmembername = linkUserName.get(i).getText(): null

2018-09-05 18:21:04 - [TEST_STEP][PASSED] - Statement - out.println("new Admin :" + linkLogmembername): null

2018-09-05 18:21:04 - [TEST_STEP][PASSED] - Statement - If (linkLogmembername.equals(teamMeberName)): null

2018-09-05 18:21:04 - [TEST_STEP][PASSED] - Statement - out.println("Admin Console: " + linkUserName.get(i).getText()): null

2018-09-05 18:21:04 - [TEST_STEP][PASSED] - Statement - linkLogmembername = linkUserName.get(i).getText(): null

2018-09-05 18:21:04 - [TEST_STEP][PASSED] - Statement - out.println("new Admin :" + linkLogmembername): null

2018-09-05 18:21:04 - [TEST_STEP][PASSED] - Statement - If (linkLogmembername.equals(teamMeberName)): null

2018-09-05 18:21:04 - [TEST_STEP][PASSED] - Statement - out.println("Admin Console: " + linkUserName.get(i).getText()): null

2018-09-05 18:21:04 - [TEST_STEP][PASSED] - Statement - linkLogmembername = linkUserName.get(i).getText(): null

2018-09-05 18:21:04 - [TEST_STEP][PASSED] - Statement - out.println("new Admin :" + linkLogmembername): null

2018-09-05 18:21:04 - [TEST_STEP][PASSED] - Statement - If (linkLogmembername.equals(teamMeberName)): null

2018-09-05 18:21:04 - [TEST_STEP][PASSED] - Statement - out.println("Admin Console: " + linkUserName.get(i).getText()): null

2018-09-05 18:21:04 - [TEST_STEP][PASSED] - Statement - linkLogmembername = linkUserName.get(i).getText(): null

2018-09-05 18:21:04 - [TEST_STEP][PASSED] - Statement - out.println("new Admin :" + linkLogmembername): null

2018-09-05 18:21:04 - [TEST_STEP][PASSED] - Statement - If (linkLogmembername.equals(teamMeberName)): null

2018-09-05 18:21:04 - [TEST_STEP][PASSED] - Statement - out.println("Admin Console: " + linkUserName.get(i).getText()): null

2018-09-05 18:21:04 - [TEST_STEP][PASSED] - Statement - linkLogmembername = linkUserName.get(i).getText(): null

2018-09-05 18:21:04 - [TEST_STEP][PASSED] - Statement - out.println("new Admin :" + linkLogmembername): null

2018-09-05 18:21:04 - [TEST_STEP][PASSED] - Statement - If (linkLogmembername.equals(teamMeberName)): null

2018-09-05 18:21:04 - [TEST_STEP][PASSED] - Statement - out.println("Admin Console: " + linkUserName.get(i).getText()): null

2018-09-05 18:21:04 - [TEST_STEP][PASSED] - Statement - linkLogmembername = linkUserName.get(i).getText(): null

2018-09-05 18:21:04 - [TEST_STEP][PASSED] - Statement - out.println("new Admin :" + linkLogmembername): null

2018-09-05 18:21:04 - [TEST_STEP][PASSED] - Statement - If (linkLogmembername.equals(teamMeberName)): null

2018-09-05 18:21:04 - [TEST_STEP][PASSED] - Statement - out.println("Admin Console: " + linkUserName.get(i).getText()): null

2018-09-05 18:21:04 - [TEST_STEP][PASSED] - Statement - linkLogmembername = linkUserName.get(i).getText(): null

2018-09-05 18:21:04 - [TEST_STEP][PASSED] - Statement - out.println("new Admin :" + linkLogmembername): null

2018-09-05 18:21:04 - [TEST_STEP][PASSED] - Statement - If (linkLogmembername.equals(teamMeberName)): null

2018-09-05 18:21:04 - [TEST_STEP][PASSED] - Statement - out.println("Admin Console: " + linkUserName.get(i).getText()): null

2018-09-05 18:21:04 - [TEST_STEP][PASSED] - Statement - linkLogmembername = linkUserName.get(i).getText(): null

2018-09-05 18:21:04 - [TEST_STEP][PASSED] - Statement - out.println("new Admin :" + linkLogmembername): null

2018-09-05 18:21:04 - [TEST_STEP][PASSED] - Statement - If (linkLogmembername.equals(teamMeberName)): null

2018-09-05 18:21:04 - [TEST_STEP][PASSED] - Statement - out.println("Admin Console: " + linkUserName.get(i).getText()): null

2018-09-05 18:21:05 - [TEST_STEP][PASSED] - Statement - linkLogmembername = linkUserName.get(i).getText(): null

2018-09-05 18:21:05 - [TEST_STEP][PASSED] - Statement - out.println("new Admin :" + linkLogmembername): null

2018-09-05 18:21:05 - [TEST_STEP][PASSED] - Statement - If (linkLogmembername.equals(teamMeberName)): null

2018-09-05 18:21:05 - [TEST_STEP][PASSED] - Statement - out.println("Admin Console: " + linkUserName.get(i).getText()): null

2018-09-05 18:21:05 - [TEST_STEP][PASSED] - Statement - linkLogmembername = linkUserName.get(i).getText(): null

2018-09-05 18:21:05 - [TEST_STEP][PASSED] - Statement - out.println("new Admin :" + linkLogmembername): null

2018-09-05 18:21:05 - [TEST_STEP][PASSED] - Statement - If (linkLogmembername.equals(teamMeberName)): null

2018-09-05 18:21:05 - [TEST_STEP][PASSED] - Statement - out.println("Admin Console: " + linkUserName.get(i).getText()): null

2018-09-05 18:21:05 - [TEST_STEP][PASSED] - Statement - linkLogmembername = linkUserName.get(i).getText(): null

2018-09-05 18:21:05 - [TEST_STEP][PASSED] - Statement - out.println("new Admin :" + linkLogmembername): null

2018-09-05 18:21:05 - [TEST_STEP][PASSED] - Statement - If (linkLogmembername.equals(teamMeberName)): null

2018-09-05 18:21:05 - [TEST_STEP][PASSED] - Statement - out.println("Admin Console: " + linkUserName.get(i).getText()): null

2018-09-05 18:21:05 - [TEST_STEP][PASSED] - Statement - linkLogmembername = linkUserName.get(i).getText(): null

2018-09-05 18:21:05 - [TEST_STEP][PASSED] - Statement - out.println("new Admin :" + linkLogmembername): null

2018-09-05 18:21:05 - [TEST_STEP][PASSED] - Statement - If (linkLogmembername.equals(teamMeberName)): null

2018-09-05 18:21:05 - [TEST_STEP][PASSED] - Statement - out.println("Admin Console: " + linkUserName.get(i).getText()): null

2018-09-05 18:21:05 - [TEST_STEP][PASSED] - Statement - linkLogmembername = linkUserName.get(i).getText(): null

2018-09-05 18:21:05 - [TEST_STEP][PASSED] - Statement - out.println("new Admin :" + linkLogmembername): null

2018-09-05 18:21:05 - [TEST_STEP][PASSED] - Statement - If (linkLogmembername.equals(teamMeberName)): null

2018-09-05 18:21:05 - [TEST_STEP][PASSED] - Statement - out.println("Admin Console: " + linkUserName.get(i).getText()): null

2018-09-05 18:21:05 - [TEST_STEP][PASSED] - Statement - linkLogmembername = linkUserName.get(i).getText(): null

2018-09-05 18:21:05 - [TEST_STEP][PASSED] - Statement - out.println("new Admin :" + linkLogmembername): null

2018-09-05 18:21:05 - [TEST_STEP][PASSED] - Statement - If (linkLogmembername.equals(teamMeberName)): null

2018-09-05 18:21:05 - [TEST_STEP][PASSED] - Statement - out.println("Admin Console: " + linkUserName.get(i).getText()): null

2018-09-05 18:21:05 - [TEST_STEP][PASSED] - Statement - linkLogmembername = linkUserName.get(i).getText(): null

2018-09-05 18:21:05 - [TEST_STEP][PASSED] - Statement - out.println("new Admin :" + linkLogmembername): null

2018-09-05 18:21:05 - [TEST_STEP][PASSED] - Statement - If (linkLogmembername.equals(teamMeberName)): null

2018-09-05 18:21:05 - [TEST_STEP][PASSED] - Statement - out.println("Admin Console: " + linkUserName.get(i).getText()): null

2018-09-05 18:21:05 - [TEST_STEP][PASSED] - Statement - linkLogmembername = linkUserName.get(i).getText(): null

2018-09-05 18:21:05 - [TEST_STEP][PASSED] - Statement - out.println("new Admin :" + linkLogmembername): null

2018-09-05 18:21:05 - [TEST_STEP][PASSED] - Statement - If (linkLogmembername.equals(teamMeberName)): null

2018-09-05 18:21:05 - [TEST_STEP][PASSED] - Statement - out.println("Admin Console: " + linkUserName.get(i).getText()): null

2018-09-05 18:21:05 - [TEST_STEP][PASSED] - Statement - linkLogmembername = linkUserName.get(i).getText(): null

2018-09-05 18:21:05 - [TEST_STEP][PASSED] - Statement - out.println("new Admin :" + linkLogmembername): null

2018-09-05 18:21:05 - [TEST_STEP][PASSED] - Statement - If (linkLogmembername.equals(teamMeberName)): null

2018-09-05 18:21:05 - [TEST_STEP][PASSED] - Statement - out.println("Admin Console: " + linkUserName.get(i).getText()): null

2018-09-05 18:21:05 - [TEST_STEP][PASSED] - Statement - linkLogmembername = linkUserName.get(i).getText(): null

2018-09-05 18:21:05 - [TEST_STEP][PASSED] - Statement - out.println("new Admin :" + linkLogmembername): null

2018-09-05 18:21:05 - [TEST_STEP][PASSED] - Statement - If (linkLogmembername.equals(teamMeberName)): null

2018-09-05 18:21:05 - [TEST_STEP][PASSED] - Statement - out.println("Admin Console: " + linkUserName.get(i).getText()): null

2018-09-05 18:21:05 - [TEST_STEP][PASSED] - Statement - linkLogmembername = linkUserName.get(i).getText(): null

2018-09-05 18:21:05 - [TEST_STEP][PASSED] - Statement - out.println("new Admin :" + linkLogmembername): null

2018-09-05 18:21:05 - [TEST_STEP][PASSED] - Statement - If (linkLogmembername.equals(teamMeberName)): null

2018-09-05 18:21:05 - [TEST_STEP][PASSED] - Statement - out.println("Admin Console: " + linkUserName.get(i).getText()): null

2018-09-05 18:21:05 - [TEST_STEP][PASSED] - Statement - linkLogmembername = linkUserName.get(i).getText(): null

2018-09-05 18:21:05 - [TEST_STEP][PASSED] - Statement - out.println("new Admin :" + linkLogmembername): null

2018-09-05 18:21:05 - [TEST_STEP][PASSED] - Statement - If (linkLogmembername.equals(teamMeberName)): null

2018-09-05 18:21:05 - [TEST_STEP][PASSED] - Statement - out.println("Admin Console: " + linkUserName.get(i).getText()): null

2018-09-05 18:21:05 - [TEST_STEP][PASSED] - Statement - linkLogmembername = linkUserName.get(i).getText(): null

2018-09-05 18:21:05 - [TEST_STEP][PASSED] - Statement - out.println("new Admin :" + linkLogmembername): null

2018-09-05 18:21:05 - [TEST_STEP][PASSED] - Statement - If (linkLogmembername.equals(teamMeberName)): null

2018-09-05 18:21:05 - [TEST_STEP][PASSED] - Statement - out.println("Admin Console: " + linkUserName.get(i).getText()): null

2018-09-05 18:21:05 - [TEST_STEP][PASSED] - Statement - linkLogmembername = linkUserName.get(i).getText(): null

2018-09-05 18:21:05 - [TEST_STEP][PASSED] - Statement - out.println("new Admin :" + linkLogmembername): null

2018-09-05 18:21:05 - [TEST_STEP][PASSED] - Statement - If (linkLogmembername.equals(teamMeberName)): null

2018-09-05 18:21:05 - [TEST_STEP][PASSED] - Statement - out.println("Admin Console: " + linkUserName.get(i).getText()): null

2018-09-05 18:21:05 - [TEST_STEP][PASSED] - Statement - linkLogmembername = linkUserName.get(i).getText(): null

2018-09-05 18:21:05 - [TEST_STEP][PASSED] - Statement - out.println("new Admin :" + linkLogmembername): null

2018-09-05 18:21:05 - [TEST_STEP][PASSED] - Statement - If (linkLogmembername.equals(teamMeberName)): null

2018-09-05 18:21:05 - [TEST_STEP][PASSED] - Statement - out.println("Admin Console: " + linkUserName.get(i).getText()): null

2018-09-05 18:21:06 - [TEST_STEP][PASSED] - Statement - linkLogmembername = linkUserName.get(i).getText(): null

2018-09-05 18:21:06 - [TEST_STEP][PASSED] - Statement - out.println("new Admin :" + linkLogmembername): null

2018-09-05 18:21:06 - [TEST_STEP][PASSED] - Statement - If (linkLogmembername.equals(teamMeberName)): null

2018-09-05 18:21:06 - [TEST_STEP][PASSED] - Statement - out.println("Admin Console: " + linkUserName.get(i).getText()): null

2018-09-05 18:21:06 - [TEST_STEP][PASSED] - Statement - linkLogmembername = linkUserName.get(i).getText(): null

2018-09-05 18:21:06 - [TEST_STEP][PASSED] - Statement - out.println("new Admin :" + linkLogmembername): null

2018-09-05 18:21:06 - [TEST_STEP][PASSED] - Statement - If (linkLogmembername.equals(teamMeberName)): null

2018-09-05 18:21:06 - [TEST_STEP][PASSED] - Statement - out.println("Admin Console: " + linkUserName.get(i).getText()): null

2018-09-05 18:21:06 - [TEST_STEP][PASSED] - Statement - linkLogmembername = linkUserName.get(i).getText(): null

2018-09-05 18:21:06 - [TEST_STEP][PASSED] - Statement - out.println("new Admin :" + linkLogmembername): null

2018-09-05 18:21:06 - [TEST_STEP][PASSED] - Statement - If (linkLogmembername.equals(teamMeberName)): null

2018-09-05 18:21:06 - [TEST_STEP][PASSED] - Statement - out.println("Admin Console: " + linkUserName.get(i).getText()): null

2018-09-05 18:21:06 - [TEST_STEP][PASSED] - Statement - linkLogmembername = linkUserName.get(i).getText(): null

2018-09-05 18:21:06 - [TEST_STEP][PASSED] - Statement - out.println("new Admin :" + linkLogmembername): null

2018-09-05 18:21:06 - [TEST_STEP][PASSED] - Statement - If (linkLogmembername.equals(teamMeberName)): null

2018-09-05 18:21:06 - [TEST_STEP][PASSED] - Statement - out.println("Admin Console: " + linkUserName.get(i).getText()): null

2018-09-05 18:21:06 - [TEST_STEP][PASSED] - Statement - linkLogmembername = linkUserName.get(i).getText(): null

2018-09-05 18:21:06 - [TEST_STEP][PASSED] - Statement - out.println("new Admin :" + linkLogmembername): null

2018-09-05 18:21:06 - [TEST_STEP][PASSED] - Statement - If (linkLogmembername.equals(teamMeberName)): null

2018-09-05 18:21:06 - [TEST_STEP][PASSED] - Statement - out.println("Admin Console: " + linkUserName.get(i).getText()): null

2018-09-05 18:21:06 - [TEST_STEP][PASSED] - Statement - linkLogmembername = linkUserName.get(i).getText(): null

2018-09-05 18:21:06 - [TEST_STEP][PASSED] - Statement - out.println("new Admin :" + linkLogmembername): null

2018-09-05 18:21:06 - [TEST_STEP][PASSED] - Statement - If (linkLogmembername.equals(teamMeberName)): null

2018-09-05 18:21:06 - [TEST_STEP][PASSED] - Statement - out.println("Admin Console: " + linkUserName.get(i).getText()): null

2018-09-05 18:21:06 - [TEST_STEP][PASSED] - Statement - linkLogmembername = linkUserName.get(i).getText(): null

2018-09-05 18:21:06 - [TEST_STEP][PASSED] - Statement - out.println("new Admin :" + linkLogmembername): null

2018-09-05 18:21:06 - [TEST_STEP][PASSED] - Statement - If (linkLogmembername.equals(teamMeberName)): null

2018-09-05 18:21:06 - [TEST_STEP][PASSED] - Statement - out.println("Admin Console: " + linkUserName.get(i).getText()): null

2018-09-05 18:21:06 - [TEST_STEP][PASSED] - Statement - linkLogmembername = linkUserName.get(i).getText(): null

2018-09-05 18:21:06 - [TEST_STEP][PASSED] - Statement - out.println("new Admin :" + linkLogmembername): null

2018-09-05 18:21:06 - [TEST_STEP][PASSED] - Statement - If (linkLogmembername.equals(teamMeberName)): null

2018-09-05 18:21:06 - [TEST_STEP][PASSED] - Statement - out.println("Admin Console: " + linkUserName.get(i).getText()): null

2018-09-05 18:21:06 - [TEST_STEP][PASSED] - Statement - linkLogmembername = linkUserName.get(i).getText(): null

2018-09-05 18:21:06 - [TEST_STEP][PASSED] - Statement - out.println("new Admin :" + linkLogmembername): null

2018-09-05 18:21:06 - [TEST_STEP][PASSED] - Statement - If (linkLogmembername.equals(teamMeberName)): null

2018-09-05 18:21:06 - [TEST_STEP][PASSED] - Statement - out.println("Admin Console: " + linkUserName.get(i).getText()): null

2018-09-05 18:21:06 - [TEST_STEP][PASSED] - Statement - linkLogmembername = linkUserName.get(i).getText(): null

2018-09-05 18:21:06 - [TEST_STEP][PASSED] - Statement - out.println("new Admin :" + linkLogmembername): null

2018-09-05 18:21:06 - [TEST_STEP][PASSED] - Statement - If (linkLogmembername.equals(teamMeberName)): null

2018-09-05 18:21:06 - [TEST_STEP][PASSED] - Statement - out.println("Admin Console: " + linkUserName.get(i).getText()): null

2018-09-05 18:21:06 - [TEST_STEP][PASSED] - Statement - linkLogmembername = linkUserName.get(i).getText(): null

2018-09-05 18:21:06 - [TEST_STEP][PASSED] - Statement - out.println("new Admin :" + linkLogmembername): null

2018-09-05 18:21:06 - [TEST_STEP][PASSED] - Statement - If (linkLogmembername.equals(teamMeberName)): null

2018-09-05 18:21:06 - [TEST_STEP][PASSED] - Statement - out.println("Admin Console: " + linkUserName.get(i).getText()): null

2018-09-05 18:21:07 - [TEST_STEP][PASSED] - Statement - linkLogmembername = linkUserName.get(i).getText(): null

2018-09-05 18:21:07 - [TEST_STEP][PASSED] - Statement - out.println("new Admin :" + linkLogmembername): null

2018-09-05 18:21:07 - [TEST_STEP][PASSED] - Statement - If (linkLogmembername.equals(teamMeberName)): null

2018-09-05 18:21:07 - [TEST_STEP][PASSED] - Statement - out.println("Admin Console: " + linkUserName.get(i).getText()): null

2018-09-05 18:21:07 - [TEST_STEP][PASSED] - Statement - linkLogmembername = linkUserName.get(i).getText(): null

2018-09-05 18:21:07 - [TEST_STEP][PASSED] - Statement - out.println("new Admin :" + linkLogmembername): null

2018-09-05 18:21:07 - [TEST_STEP][PASSED] - Statement - If (linkLogmembername.equals(teamMeberName)): null

2018-09-05 18:21:07 - [TEST_STEP][PASSED] - Statement - If (com.kms.katalon.core.webui.keyword.WebUiBuiltInKeywords.verifyElementPresent(com.kms.katalon.core.testobject.ObjectRepository.findTestObject(Object Repository/linkLog/customerProfileDetails), 5, OPTIONAL)): null

2018-09-05 18:21:07 - [MESSAGE][PASSED] - Object 'Object Repository/linkLog/customerProfileDetails' is present

2018-09-05 18:21:07 - [TEST_STEP][PASSED] - Statement - println("open link log successful"): null

2018-09-05 18:21:07 - [TEST_STEP][PASSED] - Statement - If (com.kms.katalon.core.webui.keyword.WebUiBuiltInKeywords.verifyElementPresent(com.kms.katalon.core.testobject.ObjectRepository.findTestObject(Object Repository/Notes/addNotesCustomerDetails), 2)): null

2018-09-05 18:21:07 - [MESSAGE][PASSED] - Object 'Object Repository/Notes/addNotesCustomerDetails' is present

2018-09-05 18:21:07 - [TEST_STEP][PASSED] - click: Object: 'Object Repository/Notes/addNotesCustomerDetails' is clicked on

2018-09-05 18:21:07 - [MESSAGE][PASSED] - Object: 'Object Repository/Notes/addNotesCustomerDetails' is clicked on

2018-09-05 18:21:07 - [TEST_STEP][PASSED] - Statement - println("successful"): null

2018-09-05 18:21:07 - [TEST_STEP][PASSED] - setText: Text 'Mass media campaigns are widely used to expose high proportions of large populations to messages through routine uses of existing media, such as television, radio, and newspapers.' is set on object 'Object Repository/Notes/notesInputBox'

2018-09-05 18:21:13 - [MESSAGE][PASSED] - Text 'Mass media campaigns are widely used to expose high proportions of large populations to messages through routine uses of existing media, such as television, radio, and newspapers.' is set on object 'Object Repository/Notes/notesInputBox'

2018-09-05 18:21:13 - [TEST_STEP][PASSED] - Statement - If (com.kms.katalon.core.webui.keyword.WebUiBuiltInKeywords.verifyElementPresent(com.kms.katalon.core.testobject.ObjectRepository.findTestObject(Object Repository/Notes/clearNotes), 2)): null

2018-09-05 18:21:13 - [MESSAGE][PASSED] - Object 'Object Repository/Notes/clearNotes' is present

2018-09-05 18:21:13 - [TEST_STEP][PASSED] - click: Object: 'Object Repository/Notes/clearNotes' is clicked on

2018-09-05 18:21:14 - [MESSAGE][PASSED] - Object: 'Object Repository/Notes/clearNotes' is clicked on

2018-09-05 18:21:14 - [TEST_STEP][PASSED] - Statement - println("successful"): null

2018-09-05 18:21:14 - [TEST_STEP][PASSED] - Statement - If (com.kms.katalon.core.webui.keyword.WebUiBuiltInKeywords.verifyElementPresent(com.kms.katalon.core.testobject.ObjectRepository.findTestObject(Object Repository/Notes/notesInputBox), 5)): null

2018-09-05 18:21:14 - [MESSAGE][PASSED] - Object 'Object Repository/Notes/notesInputBox' is present

2018-09-05 18:21:14 - [TEST_STEP][PASSED] - Statement - validationMessage = com.kms.katalon.core.webui.keyword.WebUiBuiltInKeywords.getText(com.kms.katalon.core.testobject.ObjectRepository.findTestObject(Object Repository/Notes/notesInputBox)): Text of object 'Object Repository/Notes/notesInputBox' is: ''

2018-09-05 18:21:15 - [MESSAGE][PASSED] - Text of object 'Object Repository/Notes/notesInputBox' is: ''

2018-09-05 18:21:15 - [TEST_STEP][PASSED] - verifyMatch: Actual text '' and expected text '' are matched 

2018-09-05 18:21:15 - [MESSAGE][PASSED] - Actual text '' and expected text '' are matched 

2018-09-05 18:21:15 - [TEST_STEP][PASSED] - Statement - println("successful"): null

2018-09-05 18:21:15 - [TEST_STEP][PASSED] - clickOffset: Object: 'Object Repository/customerDetailsEdit/customerDetailScreen' is clicked on using offset x=100 and y=200

2018-09-05 18:21:15 - [MESSAGE][PASSED] - Object: 'Object Repository/customerDetailsEdit/customerDetailScreen' is clicked on using offset x=100 and y=200

2018-09-05 18:21:15 - [TEST_STEP][PASSED] - click: Object: 'Object Repository/customerDetailsEdit/refreshButton' is clicked on

2018-09-05 18:21:16 - [MESSAGE][PASSED] - Object: 'Object Repository/customerDetailsEdit/refreshButton' is clicked on]]></system-out>
         <system-err><![CDATA[]]></system-err>
      </testcase>
      <testcase name="Test Cases/completed/TestCase5_NotesFunctionality/clearNotesAndClickOnActivitylog" classname="Test Cases/completed/TestCase5_NotesFunctionality/clearNotesAndClickOnActivitylog" status="PASSED">
         <system-out><![CDATA[2018-09-05 18:21:16 - [TEST_CASE][PASSED] - Test Cases/completed/TestCase5_NotesFunctionality/clearNotesAndClickOnActivitylog: Test Cases/completed/TestCase5_NotesFunctionality/clearNotesAndClickOnActivitylog

2018-09-05 18:21:17 - [TEST_STEP][PASSED] - callTestCase: Call Test Case 'Test Cases/BVT/aSimple_Login' successfully

2018-09-05 18:21:17 - [TEST_CASE][PASSED] - Test Cases/BVT/aSimple_Login: Test Cases/BVT/aSimple_Login

2018-09-05 18:21:17 - [TEST_STEP][PASSED] - openBrowser: Browser is opened with url: ''

2018-09-05 18:21:17 - [MESSAGE][WARNING] - A browser is already opened. Closing browser and opening a new one

2018-09-05 18:21:26 - [MESSAGE][PASSED] - Browser is opened with url: ''

2018-09-05 18:21:26 - [TEST_STEP][PASSED] - maximizeWindow: Current window maximized

2018-09-05 18:21:27 - [MESSAGE][PASSED] - Current window maximized

2018-09-05 18:21:27 - [TEST_STEP][PASSED] - navigateToUrl: Navigate to 'https://dev.vcalling.in/enterprises/UAT/Dashboard/index.html' successfully

2018-09-05 18:21:32 - [MESSAGE][PASSED] - Navigate to 'https://dev.vcalling.in/enterprises/UAT/Dashboard/index.html' successfully

2018-09-05 18:21:32 - [TEST_STEP][PASSED] - setText: Text 'testing4dea@gmail.com' is set on object 'Object Repository/Login/UserId'

2018-09-05 18:21:33 - [MESSAGE][PASSED] - Text 'testing4dea@gmail.com' is set on object 'Object Repository/Login/UserId'

2018-09-05 18:21:33 - [TEST_STEP][PASSED] - click: Object: 'Object Repository/Login/div_GET OTP' is clicked on

2018-09-05 18:21:33 - [MESSAGE][PASSED] - Object: 'Object Repository/Login/div_GET OTP' is clicked on

2018-09-05 18:21:33 - [TEST_STEP][PASSED] - waitForElementPresent: Object 'Object Repository/Login/div_SUBMIT' is present

2018-09-05 18:21:34 - [MESSAGE][PASSED] - Object 'Object Repository/Login/div_SUBMIT' is present

2018-09-05 18:21:34 - [TEST_STEP][PASSED] - Statement - If (com.kms.katalon.core.webui.keyword.WebUiBuiltInKeywords.verifyElementNotPresent(com.kms.katalon.core.testobject.ObjectRepository.findTestObject(Login/div_SUBMIT), 5, OPTIONAL)): Web element with id: 'Object Repository/Login/div_SUBMIT' located by 'By.xpath: //div[(text() = ' SUBMIT ' or . = ' SUBMIT ')]' is present after '5' second(s)

2018-09-05 18:21:40 - [MESSAGE][WARNING] - Web element with id: 'Object Repository/Login/div_SUBMIT' located by 'By.xpath: //div[(text() = ' SUBMIT ' or . = ' SUBMIT ')]' is present after '5' second(s)
[[ATTACHMENT|C:\\Users\\User\\Desktop\\Katalon Studio\\Katalon Studio\\vCallingDashboard\\Reports\\RegressionSuite\\20180905_175530\\1536151899988.png]]

2018-09-05 18:21:40 - [TEST_STEP][PASSED] - Statement - sleep(5000): null

2018-09-05 18:21:45 - [TEST_STEP][PASSED] - Statement - OTP = getOTP(): null

2018-09-05 18:21:45 - [TEST_STEP][PASSED] - Statement - host = "imap.gmail.com": null

2018-09-05 18:21:45 - [TEST_STEP][PASSED] - Statement - msg = <not implemented yet for class: org.codehaus.groovy.ast.expr.EmptyExpression>: null

2018-09-05 18:21:45 - [TEST_STEP][PASSED] - Statement - msgSub = <not implemented yet for class: org.codehaus.groovy.ast.expr.EmptyExpression>: null

2018-09-05 18:21:45 - [TEST_STEP][PASSED] - Statement - OTP = "unavailable": null

2018-09-05 18:21:45 - [TEST_STEP][PASSED] - Statement - props = new java.util.Properties(): null

2018-09-05 18:21:45 - [TEST_STEP][PASSED] - Statement - props.setProperty("mail.imap.ssl.enable", "true"): null

2018-09-05 18:21:45 - [TEST_STEP][PASSED] - Statement - session = javax.mail.Session.getInstance(props): null

2018-09-05 18:21:45 - [TEST_STEP][PASSED] - Statement - store = <not implemented yet for class: org.codehaus.groovy.ast.expr.EmptyExpression>: null

2018-09-05 18:21:45 - [TEST_STEP][PASSED] - Statement - Try: null

2018-09-05 18:21:45 - [TEST_STEP][PASSED] - Statement - store = session.getStore("imap"): null

2018-09-05 18:21:45 - [TEST_STEP][PASSED] - Statement - store.connect(host, Email, Password): null

2018-09-05 18:21:48 - [TEST_STEP][PASSED] - Statement - emailFolder = store.getFolder("INBOX"): null

2018-09-05 18:21:48 - [TEST_STEP][PASSED] - Statement - emailFolder.open(READ_WRITE): null

2018-09-05 18:21:48 - [TEST_STEP][PASSED] - Statement - messages = emailFolder.getMessages(): null

2018-09-05 18:21:48 - [TEST_STEP][PASSED] - Statement - n = length: null

2018-09-05 18:21:48 - [TEST_STEP][PASSED] - Statement - message = messages[n - 1]: null

2018-09-05 18:21:48 - [TEST_STEP][PASSED] - Statement - msgSub = message.getSubject(): null

2018-09-05 18:21:48 - [TEST_STEP][PASSED] - Statement - If (msgSub.equals("OTP to Sign In")): null

2018-09-05 18:21:48 - [TEST_STEP][PASSED] - Statement - msg = message.getContent().toString(): null

2018-09-05 18:21:49 - [TEST_STEP][PASSED] - Statement - OTP = msg.substring(msg.length() - 7): null

2018-09-05 18:21:49 - [TEST_STEP][PASSED] - Statement - message.setFlag(DELETED, true): null

2018-09-05 18:21:49 - [TEST_STEP][PASSED] - Statement - emailFolder.close(true): null

2018-09-05 18:21:50 - [TEST_STEP][PASSED] - Statement - store.close(): null

2018-09-05 18:21:50 - [TEST_STEP][PASSED] - Statement - return OTP: null

2018-09-05 18:21:50 - [TEST_STEP][PASSED] - Statement - If (OTP.equals("unavailable")): null

2018-09-05 18:21:50 - [TEST_STEP][PASSED] - Statement - Else: Text 'c2921
' is set on object 'Object Repository/Login/OtpInput'

2018-09-05 18:21:50 - [TEST_STEP][PASSED] - setText: Text 'c2921
' is set on object 'Object Repository/Login/OtpInput'

2018-09-05 18:21:50 - [MESSAGE][PASSED] - Text 'c2921
' is set on object 'Object Repository/Login/OtpInput'

2018-09-05 18:21:50 - [TEST_STEP][PASSED] - verifyElementPresent: Object 'Object Repository/Login/afterOpenDisplay' is present

2018-09-05 18:21:51 - [MESSAGE][PASSED] - Object 'Object Repository/Login/afterOpenDisplay' is present

2018-09-05 18:21:51 - [MESSAGE][PASSED] - Call Test Case 'Test Cases/BVT/aSimple_Login' successfully

2018-09-05 18:21:51 - [TEST_STEP][PASSED] - Statement - driver = com.kms.katalon.core.webui.driver.DriverFactory.getWebDriver(): null

2018-09-05 18:21:51 - [TEST_STEP][PASSED] - click: Object: 'Object Repository/Dashboard_Link Generator/linkgeneratorIcon' is clicked on

2018-09-05 18:21:52 - [MESSAGE][PASSED] - Object: 'Object Repository/Dashboard_Link Generator/linkgeneratorIcon' is clicked on

2018-09-05 18:21:52 - [TEST_STEP][PASSED] - Statement - x = CustomKeywords.newPackage.newKeyword.randomString(3).toLowerCase(): newPackage.newKeyword.randomString is PASSED

2018-09-05 18:21:52 - [MESSAGE][PASSED] - newPackage.newKeyword.randomString is PASSED

2018-09-05 18:21:52 - [TEST_STEP][PASSED] - Statement - teamMeberName = x: null

2018-09-05 18:21:52 - [TEST_STEP][PASSED] - setText: Text 'zu6' is set on object 'Object Repository/AddTeamMemberDashboard/name'

2018-09-05 18:21:54 - [MESSAGE][PASSED] - Text 'zu6' is set on object 'Object Repository/AddTeamMemberDashboard/name'

2018-09-05 18:21:54 - [TEST_STEP][PASSED] - setText: Text 'o6qqtcYv8u@gmail.com' is set on object 'Object Repository/AddTeamMemberDashboard/email'

2018-09-05 18:21:54 - [MESSAGE][PASSED] - newPackage.newKeyword.randomString is PASSED

2018-09-05 18:21:55 - [MESSAGE][PASSED] - Text 'o6qqtcYv8u@gmail.com' is set on object 'Object Repository/AddTeamMemberDashboard/email'

2018-09-05 18:21:55 - [TEST_STEP][PASSED] - setText: Text 'property' is set on object 'Object Repository/Dashboard_Link Generator/tag'

2018-09-05 18:21:55 - [MESSAGE][PASSED] - Text 'property' is set on object 'Object Repository/Dashboard_Link Generator/tag'

2018-09-05 18:21:55 - [TEST_STEP][PASSED] - click: Object: 'Object Repository/Dashboard_Link Generator/div_GET LINK' is clicked on

2018-09-05 18:21:55 - [MESSAGE][PASSED] - Object: 'Object Repository/Dashboard_Link Generator/div_GET LINK' is clicked on

2018-09-05 18:21:55 - [TEST_STEP][PASSED] - Statement - getLink = com.kms.katalon.core.webui.keyword.WebUiBuiltInKeywords.getAttribute(com.kms.katalon.core.testobject.ObjectRepository.findTestObject(Dashboard_Link Generator/input_link-text), "value"): Attribute 'value' of object 'Object Repository/Dashboard_Link Generator/input_link-text' is: 'https://dev.vcalling.in/url/UAT/?id=UAT-1-544'

2018-09-05 18:21:56 - [MESSAGE][PASSED] - Attribute 'value' of object 'Object Repository/Dashboard_Link Generator/input_link-text' is: 'https://dev.vcalling.in/url/UAT/?id=UAT-1-544'

2018-09-05 18:21:56 - [TEST_STEP][PASSED] - Statement - println(getLink): null

2018-09-05 18:21:56 - [TEST_STEP][PASSED] - click: Object: 'Object Repository/Dashboard_Link Generator/copyLink' is clicked on

2018-09-05 18:21:56 - [MESSAGE][PASSED] - Object: 'Object Repository/Dashboard_Link Generator/copyLink' is clicked on

2018-09-05 18:21:56 - [TEST_STEP][PASSED] - Statement - If (com.kms.katalon.core.webui.keyword.WebUiBuiltInKeywords.verifyElementPresent(com.kms.katalon.core.testobject.ObjectRepository.findTestObject(Dashboard_Link Generator/validation), 5, OPTIONAL)): null

2018-09-05 18:21:56 - [MESSAGE][PASSED] - Object 'Object Repository/Dashboard_Link Generator/validation' is present

2018-09-05 18:21:56 - [TEST_STEP][PASSED] - Statement - validationMessage = com.kms.katalon.core.webui.keyword.WebUiBuiltInKeywords.getText(com.kms.katalon.core.testobject.ObjectRepository.findTestObject(Dashboard_Link Generator/validation)): Text of object 'Object Repository/Dashboard_Link Generator/validation' is: 'Link Copied.!'

2018-09-05 18:21:56 - [MESSAGE][PASSED] - Text of object 'Object Repository/Dashboard_Link Generator/validation' is: 'Link Copied.!'

2018-09-05 18:21:56 - [TEST_STEP][PASSED] - verifyMatch: Actual text 'Link Copied.!' and expected text 'Link Copied.!' are matched 

2018-09-05 18:21:56 - [MESSAGE][PASSED] - Actual text 'Link Copied.!' and expected text 'Link Copied.!' are matched 

2018-09-05 18:21:56 - [TEST_STEP][PASSED] - Statement - println("successful"): null

2018-09-05 18:21:56 - [TEST_STEP][PASSED] - Statement - linkUserName = driver.findElements(org.openqa.selenium.By.className("text-link-log")): null

2018-09-05 18:21:56 - [TEST_STEP][PASSED] - Statement - previousCountValue = 0: null

2018-09-05 18:21:56 - [TEST_STEP][PASSED] - Statement - For ([i = 0, i < linkUserName.size(), (i++)]): null

2018-09-05 18:21:56 - [TEST_STEP][PASSED] - Statement - out.println("Admin Console: " + linkUserName.get(i).getText()): null

2018-09-05 18:21:56 - [TEST_STEP][PASSED] - Statement - linkLogmembername = linkUserName.get(i).getText(): null

2018-09-05 18:21:56 - [TEST_STEP][PASSED] - Statement - out.println("new Admin :" + linkLogmembername): null

2018-09-05 18:21:56 - [TEST_STEP][PASSED] - Statement - If (linkLogmembername.equals(teamMeberName)): null

2018-09-05 18:21:56 - [TEST_STEP][PASSED] - Statement - out.println("Admin Console: " + linkUserName.get(i).getText()): null

2018-09-05 18:21:56 - [TEST_STEP][PASSED] - Statement - linkLogmembername = linkUserName.get(i).getText(): null

2018-09-05 18:21:56 - [TEST_STEP][PASSED] - Statement - out.println("new Admin :" + linkLogmembername): null

2018-09-05 18:21:56 - [TEST_STEP][PASSED] - Statement - If (linkLogmembername.equals(teamMeberName)): null

2018-09-05 18:21:56 - [TEST_STEP][PASSED] - Statement - out.println("Admin Console: " + linkUserName.get(i).getText()): null

2018-09-05 18:21:56 - [TEST_STEP][PASSED] - Statement - linkLogmembername = linkUserName.get(i).getText(): null

2018-09-05 18:21:56 - [TEST_STEP][PASSED] - Statement - out.println("new Admin :" + linkLogmembername): null

2018-09-05 18:21:56 - [TEST_STEP][PASSED] - Statement - If (linkLogmembername.equals(teamMeberName)): null

2018-09-05 18:21:56 - [TEST_STEP][PASSED] - Statement - out.println("Admin Console: " + linkUserName.get(i).getText()): null

2018-09-05 18:21:56 - [TEST_STEP][PASSED] - Statement - linkLogmembername = linkUserName.get(i).getText(): null

2018-09-05 18:21:56 - [TEST_STEP][PASSED] - Statement - out.println("new Admin :" + linkLogmembername): null

2018-09-05 18:21:56 - [TEST_STEP][PASSED] - Statement - If (linkLogmembername.equals(teamMeberName)): null

2018-09-05 18:21:56 - [TEST_STEP][PASSED] - Statement - out.println("Admin Console: " + linkUserName.get(i).getText()): null

2018-09-05 18:21:57 - [TEST_STEP][PASSED] - Statement - linkLogmembername = linkUserName.get(i).getText(): null

2018-09-05 18:21:57 - [TEST_STEP][PASSED] - Statement - out.println("new Admin :" + linkLogmembername): null

2018-09-05 18:21:57 - [TEST_STEP][PASSED] - Statement - If (linkLogmembername.equals(teamMeberName)): null

2018-09-05 18:21:57 - [TEST_STEP][PASSED] - Statement - out.println("Admin Console: " + linkUserName.get(i).getText()): null

2018-09-05 18:21:57 - [TEST_STEP][PASSED] - Statement - linkLogmembername = linkUserName.get(i).getText(): null

2018-09-05 18:21:57 - [TEST_STEP][PASSED] - Statement - out.println("new Admin :" + linkLogmembername): null

2018-09-05 18:21:57 - [TEST_STEP][PASSED] - Statement - If (linkLogmembername.equals(teamMeberName)): null

2018-09-05 18:21:57 - [TEST_STEP][PASSED] - Statement - out.println("Admin Console: " + linkUserName.get(i).getText()): null

2018-09-05 18:21:57 - [TEST_STEP][PASSED] - Statement - linkLogmembername = linkUserName.get(i).getText(): null

2018-09-05 18:21:57 - [TEST_STEP][PASSED] - Statement - out.println("new Admin :" + linkLogmembername): null

2018-09-05 18:21:57 - [TEST_STEP][PASSED] - Statement - If (linkLogmembername.equals(teamMeberName)): null

2018-09-05 18:21:57 - [TEST_STEP][PASSED] - Statement - out.println("Admin Console: " + linkUserName.get(i).getText()): null

2018-09-05 18:21:57 - [TEST_STEP][PASSED] - Statement - linkLogmembername = linkUserName.get(i).getText(): null

2018-09-05 18:21:57 - [TEST_STEP][PASSED] - Statement - out.println("new Admin :" + linkLogmembername): null

2018-09-05 18:21:57 - [TEST_STEP][PASSED] - Statement - If (linkLogmembername.equals(teamMeberName)): null

2018-09-05 18:21:57 - [TEST_STEP][PASSED] - Statement - out.println("Admin Console: " + linkLogmembername): null

2018-09-05 18:21:57 - [TEST_STEP][PASSED] - Statement - linkUserName.get(i).click(): null

2018-09-05 18:21:57 - [TEST_STEP][PASSED] - Statement - out.println("Admin Console: " + linkUserName.get(i).getText()): null

2018-09-05 18:21:57 - [TEST_STEP][PASSED] - Statement - linkLogmembername = linkUserName.get(i).getText(): null

2018-09-05 18:21:57 - [TEST_STEP][PASSED] - Statement - out.println("new Admin :" + linkLogmembername): null

2018-09-05 18:21:57 - [TEST_STEP][PASSED] - Statement - If (linkLogmembername.equals(teamMeberName)): null

2018-09-05 18:21:57 - [TEST_STEP][PASSED] - Statement - out.println("Admin Console: " + linkUserName.get(i).getText()): null

2018-09-05 18:21:57 - [TEST_STEP][PASSED] - Statement - linkLogmembername = linkUserName.get(i).getText(): null

2018-09-05 18:21:57 - [TEST_STEP][PASSED] - Statement - out.println("new Admin :" + linkLogmembername): null

2018-09-05 18:21:57 - [TEST_STEP][PASSED] - Statement - If (linkLogmembername.equals(teamMeberName)): null

2018-09-05 18:21:57 - [TEST_STEP][PASSED] - Statement - out.println("Admin Console: " + linkUserName.get(i).getText()): null

2018-09-05 18:21:57 - [TEST_STEP][PASSED] - Statement - linkLogmembername = linkUserName.get(i).getText(): null

2018-09-05 18:21:58 - [TEST_STEP][PASSED] - Statement - out.println("new Admin :" + linkLogmembername): null

2018-09-05 18:21:58 - [TEST_STEP][PASSED] - Statement - If (linkLogmembername.equals(teamMeberName)): null

2018-09-05 18:21:58 - [TEST_STEP][PASSED] - Statement - out.println("Admin Console: " + linkUserName.get(i).getText()): null

2018-09-05 18:21:58 - [TEST_STEP][PASSED] - Statement - linkLogmembername = linkUserName.get(i).getText(): null

2018-09-05 18:21:58 - [TEST_STEP][PASSED] - Statement - out.println("new Admin :" + linkLogmembername): null

2018-09-05 18:21:58 - [TEST_STEP][PASSED] - Statement - If (linkLogmembername.equals(teamMeberName)): null

2018-09-05 18:21:58 - [TEST_STEP][PASSED] - Statement - out.println("Admin Console: " + linkUserName.get(i).getText()): null

2018-09-05 18:21:58 - [TEST_STEP][PASSED] - Statement - linkLogmembername = linkUserName.get(i).getText(): null

2018-09-05 18:21:58 - [TEST_STEP][PASSED] - Statement - out.println("new Admin :" + linkLogmembername): null

2018-09-05 18:21:58 - [TEST_STEP][PASSED] - Statement - If (linkLogmembername.equals(teamMeberName)): null

2018-09-05 18:21:58 - [TEST_STEP][PASSED] - Statement - out.println("Admin Console: " + linkUserName.get(i).getText()): null

2018-09-05 18:21:58 - [TEST_STEP][PASSED] - Statement - linkLogmembername = linkUserName.get(i).getText(): null

2018-09-05 18:21:58 - [TEST_STEP][PASSED] - Statement - out.println("new Admin :" + linkLogmembername): null

2018-09-05 18:21:58 - [TEST_STEP][PASSED] - Statement - If (linkLogmembername.equals(teamMeberName)): null

2018-09-05 18:21:58 - [TEST_STEP][PASSED] - Statement - out.println("Admin Console: " + linkUserName.get(i).getText()): null

2018-09-05 18:21:58 - [TEST_STEP][PASSED] - Statement - linkLogmembername = linkUserName.get(i).getText(): null

2018-09-05 18:21:58 - [TEST_STEP][PASSED] - Statement - out.println("new Admin :" + linkLogmembername): null

2018-09-05 18:21:58 - [TEST_STEP][PASSED] - Statement - If (linkLogmembername.equals(teamMeberName)): null

2018-09-05 18:21:58 - [TEST_STEP][PASSED] - Statement - out.println("Admin Console: " + linkUserName.get(i).getText()): null

2018-09-05 18:21:58 - [TEST_STEP][PASSED] - Statement - linkLogmembername = linkUserName.get(i).getText(): null

2018-09-05 18:21:58 - [TEST_STEP][PASSED] - Statement - out.println("new Admin :" + linkLogmembername): null

2018-09-05 18:21:58 - [TEST_STEP][PASSED] - Statement - If (linkLogmembername.equals(teamMeberName)): null

2018-09-05 18:21:58 - [TEST_STEP][PASSED] - Statement - out.println("Admin Console: " + linkUserName.get(i).getText()): null

2018-09-05 18:21:58 - [TEST_STEP][PASSED] - Statement - linkLogmembername = linkUserName.get(i).getText(): null

2018-09-05 18:21:59 - [TEST_STEP][PASSED] - Statement - out.println("new Admin :" + linkLogmembername): null

2018-09-05 18:21:59 - [TEST_STEP][PASSED] - Statement - If (linkLogmembername.equals(teamMeberName)): null

2018-09-05 18:21:59 - [TEST_STEP][PASSED] - Statement - out.println("Admin Console: " + linkUserName.get(i).getText()): null

2018-09-05 18:21:59 - [TEST_STEP][PASSED] - Statement - linkLogmembername = linkUserName.get(i).getText(): null

2018-09-05 18:21:59 - [TEST_STEP][PASSED] - Statement - out.println("new Admin :" + linkLogmembername): null

2018-09-05 18:21:59 - [TEST_STEP][PASSED] - Statement - If (linkLogmembername.equals(teamMeberName)): null

2018-09-05 18:21:59 - [TEST_STEP][PASSED] - Statement - out.println("Admin Console: " + linkUserName.get(i).getText()): null

2018-09-05 18:21:59 - [TEST_STEP][PASSED] - Statement - linkLogmembername = linkUserName.get(i).getText(): null

2018-09-05 18:21:59 - [TEST_STEP][PASSED] - Statement - out.println("new Admin :" + linkLogmembername): null

2018-09-05 18:21:59 - [TEST_STEP][PASSED] - Statement - If (linkLogmembername.equals(teamMeberName)): null

2018-09-05 18:21:59 - [TEST_STEP][PASSED] - Statement - out.println("Admin Console: " + linkUserName.get(i).getText()): null

2018-09-05 18:21:59 - [TEST_STEP][PASSED] - Statement - linkLogmembername = linkUserName.get(i).getText(): null

2018-09-05 18:21:59 - [TEST_STEP][PASSED] - Statement - out.println("new Admin :" + linkLogmembername): null

2018-09-05 18:21:59 - [TEST_STEP][PASSED] - Statement - If (linkLogmembername.equals(teamMeberName)): null

2018-09-05 18:21:59 - [TEST_STEP][PASSED] - Statement - out.println("Admin Console: " + linkUserName.get(i).getText()): null

2018-09-05 18:21:59 - [TEST_STEP][PASSED] - Statement - linkLogmembername = linkUserName.get(i).getText(): null

2018-09-05 18:21:59 - [TEST_STEP][PASSED] - Statement - out.println("new Admin :" + linkLogmembername): null

2018-09-05 18:21:59 - [TEST_STEP][PASSED] - Statement - If (linkLogmembername.equals(teamMeberName)): null

2018-09-05 18:21:59 - [TEST_STEP][PASSED] - Statement - out.println("Admin Console: " + linkUserName.get(i).getText()): null

2018-09-05 18:21:59 - [TEST_STEP][PASSED] - Statement - linkLogmembername = linkUserName.get(i).getText(): null

2018-09-05 18:21:59 - [TEST_STEP][PASSED] - Statement - out.println("new Admin :" + linkLogmembername): null

2018-09-05 18:21:59 - [TEST_STEP][PASSED] - Statement - If (linkLogmembername.equals(teamMeberName)): null

2018-09-05 18:21:59 - [TEST_STEP][PASSED] - Statement - out.println("Admin Console: " + linkUserName.get(i).getText()): null

2018-09-05 18:21:59 - [TEST_STEP][PASSED] - Statement - linkLogmembername = linkUserName.get(i).getText(): null

2018-09-05 18:21:59 - [TEST_STEP][PASSED] - Statement - out.println("new Admin :" + linkLogmembername): null

2018-09-05 18:21:59 - [TEST_STEP][PASSED] - Statement - If (linkLogmembername.equals(teamMeberName)): null

2018-09-05 18:21:59 - [TEST_STEP][PASSED] - Statement - out.println("Admin Console: " + linkUserName.get(i).getText()): null

2018-09-05 18:21:59 - [TEST_STEP][PASSED] - Statement - linkLogmembername = linkUserName.get(i).getText(): null

2018-09-05 18:21:59 - [TEST_STEP][PASSED] - Statement - out.println("new Admin :" + linkLogmembername): null

2018-09-05 18:21:59 - [TEST_STEP][PASSED] - Statement - If (linkLogmembername.equals(teamMeberName)): null

2018-09-05 18:21:59 - [TEST_STEP][PASSED] - Statement - out.println("Admin Console: " + linkUserName.get(i).getText()): null

2018-09-05 18:21:59 - [TEST_STEP][PASSED] - Statement - linkLogmembername = linkUserName.get(i).getText(): null

2018-09-05 18:21:59 - [TEST_STEP][PASSED] - Statement - out.println("new Admin :" + linkLogmembername): null

2018-09-05 18:21:59 - [TEST_STEP][PASSED] - Statement - If (linkLogmembername.equals(teamMeberName)): null

2018-09-05 18:21:59 - [TEST_STEP][PASSED] - Statement - out.println("Admin Console: " + linkUserName.get(i).getText()): null

2018-09-05 18:21:59 - [TEST_STEP][PASSED] - Statement - linkLogmembername = linkUserName.get(i).getText(): null

2018-09-05 18:21:59 - [TEST_STEP][PASSED] - Statement - out.println("new Admin :" + linkLogmembername): null

2018-09-05 18:21:59 - [TEST_STEP][PASSED] - Statement - If (linkLogmembername.equals(teamMeberName)): null

2018-09-05 18:21:59 - [TEST_STEP][PASSED] - Statement - out.println("Admin Console: " + linkUserName.get(i).getText()): null

2018-09-05 18:21:59 - [TEST_STEP][PASSED] - Statement - linkLogmembername = linkUserName.get(i).getText(): null

2018-09-05 18:21:59 - [TEST_STEP][PASSED] - Statement - out.println("new Admin :" + linkLogmembername): null

2018-09-05 18:21:59 - [TEST_STEP][PASSED] - Statement - If (linkLogmembername.equals(teamMeberName)): null

2018-09-05 18:21:59 - [TEST_STEP][PASSED] - Statement - out.println("Admin Console: " + linkUserName.get(i).getText()): null

2018-09-05 18:21:59 - [TEST_STEP][PASSED] - Statement - linkLogmembername = linkUserName.get(i).getText(): null

2018-09-05 18:21:59 - [TEST_STEP][PASSED] - Statement - out.println("new Admin :" + linkLogmembername): null

2018-09-05 18:21:59 - [TEST_STEP][PASSED] - Statement - If (linkLogmembername.equals(teamMeberName)): null

2018-09-05 18:21:59 - [TEST_STEP][PASSED] - Statement - out.println("Admin Console: " + linkUserName.get(i).getText()): null

2018-09-05 18:21:59 - [TEST_STEP][PASSED] - Statement - linkLogmembername = linkUserName.get(i).getText(): null

2018-09-05 18:21:59 - [TEST_STEP][PASSED] - Statement - out.println("new Admin :" + linkLogmembername): null

2018-09-05 18:21:59 - [TEST_STEP][PASSED] - Statement - If (linkLogmembername.equals(teamMeberName)): null

2018-09-05 18:21:59 - [TEST_STEP][PASSED] - Statement - out.println("Admin Console: " + linkUserName.get(i).getText()): null

2018-09-05 18:21:59 - [TEST_STEP][PASSED] - Statement - linkLogmembername = linkUserName.get(i).getText(): null

2018-09-05 18:21:59 - [TEST_STEP][PASSED] - Statement - out.println("new Admin :" + linkLogmembername): null

2018-09-05 18:21:59 - [TEST_STEP][PASSED] - Statement - If (linkLogmembername.equals(teamMeberName)): null

2018-09-05 18:21:59 - [TEST_STEP][PASSED] - Statement - out.println("Admin Console: " + linkUserName.get(i).getText()): null

2018-09-05 18:21:59 - [TEST_STEP][PASSED] - Statement - linkLogmembername = linkUserName.get(i).getText(): null

2018-09-05 18:22:00 - [TEST_STEP][PASSED] - Statement - out.println("new Admin :" + linkLogmembername): null

2018-09-05 18:22:00 - [TEST_STEP][PASSED] - Statement - If (linkLogmembername.equals(teamMeberName)): null

2018-09-05 18:22:00 - [TEST_STEP][PASSED] - Statement - out.println("Admin Console: " + linkUserName.get(i).getText()): null

2018-09-05 18:22:00 - [TEST_STEP][PASSED] - Statement - linkLogmembername = linkUserName.get(i).getText(): null

2018-09-05 18:22:00 - [TEST_STEP][PASSED] - Statement - out.println("new Admin :" + linkLogmembername): null

2018-09-05 18:22:00 - [TEST_STEP][PASSED] - Statement - If (linkLogmembername.equals(teamMeberName)): null

2018-09-05 18:22:00 - [TEST_STEP][PASSED] - Statement - out.println("Admin Console: " + linkUserName.get(i).getText()): null

2018-09-05 18:22:00 - [TEST_STEP][PASSED] - Statement - linkLogmembername = linkUserName.get(i).getText(): null

2018-09-05 18:22:00 - [TEST_STEP][PASSED] - Statement - out.println("new Admin :" + linkLogmembername): null

2018-09-05 18:22:00 - [TEST_STEP][PASSED] - Statement - If (linkLogmembername.equals(teamMeberName)): null

2018-09-05 18:22:00 - [TEST_STEP][PASSED] - Statement - out.println("Admin Console: " + linkUserName.get(i).getText()): null

2018-09-05 18:22:00 - [TEST_STEP][PASSED] - Statement - linkLogmembername = linkUserName.get(i).getText(): null

2018-09-05 18:22:00 - [TEST_STEP][PASSED] - Statement - out.println("new Admin :" + linkLogmembername): null

2018-09-05 18:22:00 - [TEST_STEP][PASSED] - Statement - If (linkLogmembername.equals(teamMeberName)): null

2018-09-05 18:22:00 - [TEST_STEP][PASSED] - Statement - out.println("Admin Console: " + linkUserName.get(i).getText()): null

2018-09-05 18:22:00 - [TEST_STEP][PASSED] - Statement - linkLogmembername = linkUserName.get(i).getText(): null

2018-09-05 18:22:00 - [TEST_STEP][PASSED] - Statement - out.println("new Admin :" + linkLogmembername): null

2018-09-05 18:22:00 - [TEST_STEP][PASSED] - Statement - If (linkLogmembername.equals(teamMeberName)): null

2018-09-05 18:22:00 - [TEST_STEP][PASSED] - Statement - out.println("Admin Console: " + linkUserName.get(i).getText()): null

2018-09-05 18:22:00 - [TEST_STEP][PASSED] - Statement - linkLogmembername = linkUserName.get(i).getText(): null

2018-09-05 18:22:00 - [TEST_STEP][PASSED] - Statement - out.println("new Admin :" + linkLogmembername): null

2018-09-05 18:22:00 - [TEST_STEP][PASSED] - Statement - If (linkLogmembername.equals(teamMeberName)): null

2018-09-05 18:22:00 - [TEST_STEP][PASSED] - Statement - out.println("Admin Console: " + linkUserName.get(i).getText()): null

2018-09-05 18:22:00 - [TEST_STEP][PASSED] - Statement - linkLogmembername = linkUserName.get(i).getText(): null

2018-09-05 18:22:00 - [TEST_STEP][PASSED] - Statement - out.println("new Admin :" + linkLogmembername): null

2018-09-05 18:22:00 - [TEST_STEP][PASSED] - Statement - If (linkLogmembername.equals(teamMeberName)): null

2018-09-05 18:22:00 - [TEST_STEP][PASSED] - Statement - out.println("Admin Console: " + linkUserName.get(i).getText()): null

2018-09-05 18:22:00 - [TEST_STEP][PASSED] - Statement - linkLogmembername = linkUserName.get(i).getText(): null

2018-09-05 18:22:00 - [TEST_STEP][PASSED] - Statement - out.println("new Admin :" + linkLogmembername): null

2018-09-05 18:22:00 - [TEST_STEP][PASSED] - Statement - If (linkLogmembername.equals(teamMeberName)): null

2018-09-05 18:22:00 - [TEST_STEP][PASSED] - Statement - out.println("Admin Console: " + linkUserName.get(i).getText()): null

2018-09-05 18:22:00 - [TEST_STEP][PASSED] - Statement - linkLogmembername = linkUserName.get(i).getText(): null

2018-09-05 18:22:00 - [TEST_STEP][PASSED] - Statement - out.println("new Admin :" + linkLogmembername): null

2018-09-05 18:22:00 - [TEST_STEP][PASSED] - Statement - If (linkLogmembername.equals(teamMeberName)): null

2018-09-05 18:22:00 - [TEST_STEP][PASSED] - Statement - out.println("Admin Console: " + linkUserName.get(i).getText()): null

2018-09-05 18:22:00 - [TEST_STEP][PASSED] - Statement - linkLogmembername = linkUserName.get(i).getText(): null

2018-09-05 18:22:00 - [TEST_STEP][PASSED] - Statement - out.println("new Admin :" + linkLogmembername): null

2018-09-05 18:22:00 - [TEST_STEP][PASSED] - Statement - If (linkLogmembername.equals(teamMeberName)): null

2018-09-05 18:22:00 - [TEST_STEP][PASSED] - Statement - out.println("Admin Console: " + linkUserName.get(i).getText()): null

2018-09-05 18:22:00 - [TEST_STEP][PASSED] - Statement - linkLogmembername = linkUserName.get(i).getText(): null

2018-09-05 18:22:00 - [TEST_STEP][PASSED] - Statement - out.println("new Admin :" + linkLogmembername): null

2018-09-05 18:22:00 - [TEST_STEP][PASSED] - Statement - If (linkLogmembername.equals(teamMeberName)): null

2018-09-05 18:22:00 - [TEST_STEP][PASSED] - Statement - out.println("Admin Console: " + linkUserName.get(i).getText()): null

2018-09-05 18:22:00 - [TEST_STEP][PASSED] - Statement - linkLogmembername = linkUserName.get(i).getText(): null

2018-09-05 18:22:01 - [TEST_STEP][PASSED] - Statement - out.println("new Admin :" + linkLogmembername): null

2018-09-05 18:22:01 - [TEST_STEP][PASSED] - Statement - If (linkLogmembername.equals(teamMeberName)): null

2018-09-05 18:22:01 - [TEST_STEP][PASSED] - Statement - out.println("Admin Console: " + linkUserName.get(i).getText()): null

2018-09-05 18:22:01 - [TEST_STEP][PASSED] - Statement - linkLogmembername = linkUserName.get(i).getText(): null

2018-09-05 18:22:01 - [TEST_STEP][PASSED] - Statement - out.println("new Admin :" + linkLogmembername): null

2018-09-05 18:22:01 - [TEST_STEP][PASSED] - Statement - If (linkLogmembername.equals(teamMeberName)): null

2018-09-05 18:22:01 - [TEST_STEP][PASSED] - Statement - out.println("Admin Console: " + linkUserName.get(i).getText()): null

2018-09-05 18:22:01 - [TEST_STEP][PASSED] - Statement - linkLogmembername = linkUserName.get(i).getText(): null

2018-09-05 18:22:01 - [TEST_STEP][PASSED] - Statement - out.println("new Admin :" + linkLogmembername): null

2018-09-05 18:22:01 - [TEST_STEP][PASSED] - Statement - If (linkLogmembername.equals(teamMeberName)): null

2018-09-05 18:22:01 - [TEST_STEP][PASSED] - Statement - out.println("Admin Console: " + linkUserName.get(i).getText()): null

2018-09-05 18:22:01 - [TEST_STEP][PASSED] - Statement - linkLogmembername = linkUserName.get(i).getText(): null

2018-09-05 18:22:01 - [TEST_STEP][PASSED] - Statement - out.println("new Admin :" + linkLogmembername): null

2018-09-05 18:22:01 - [TEST_STEP][PASSED] - Statement - If (linkLogmembername.equals(teamMeberName)): null

2018-09-05 18:22:01 - [TEST_STEP][PASSED] - Statement - out.println("Admin Console: " + linkUserName.get(i).getText()): null

2018-09-05 18:22:01 - [TEST_STEP][PASSED] - Statement - linkLogmembername = linkUserName.get(i).getText(): null

2018-09-05 18:22:01 - [TEST_STEP][PASSED] - Statement - out.println("new Admin :" + linkLogmembername): null

2018-09-05 18:22:01 - [TEST_STEP][PASSED] - Statement - If (linkLogmembername.equals(teamMeberName)): null

2018-09-05 18:22:01 - [TEST_STEP][PASSED] - Statement - out.println("Admin Console: " + linkUserName.get(i).getText()): null

2018-09-05 18:22:01 - [TEST_STEP][PASSED] - Statement - linkLogmembername = linkUserName.get(i).getText(): null

2018-09-05 18:22:01 - [TEST_STEP][PASSED] - Statement - out.println("new Admin :" + linkLogmembername): null

2018-09-05 18:22:01 - [TEST_STEP][PASSED] - Statement - If (linkLogmembername.equals(teamMeberName)): null

2018-09-05 18:22:01 - [TEST_STEP][PASSED] - Statement - out.println("Admin Console: " + linkUserName.get(i).getText()): null

2018-09-05 18:22:01 - [TEST_STEP][PASSED] - Statement - linkLogmembername = linkUserName.get(i).getText(): null

2018-09-05 18:22:01 - [TEST_STEP][PASSED] - Statement - out.println("new Admin :" + linkLogmembername): null

2018-09-05 18:22:01 - [TEST_STEP][PASSED] - Statement - If (linkLogmembername.equals(teamMeberName)): null

2018-09-05 18:22:01 - [TEST_STEP][PASSED] - Statement - out.println("Admin Console: " + linkUserName.get(i).getText()): null

2018-09-05 18:22:01 - [TEST_STEP][PASSED] - Statement - linkLogmembername = linkUserName.get(i).getText(): null

2018-09-05 18:22:01 - [TEST_STEP][PASSED] - Statement - out.println("new Admin :" + linkLogmembername): null

2018-09-05 18:22:01 - [TEST_STEP][PASSED] - Statement - If (linkLogmembername.equals(teamMeberName)): null

2018-09-05 18:22:01 - [TEST_STEP][PASSED] - Statement - out.println("Admin Console: " + linkUserName.get(i).getText()): null

2018-09-05 18:22:01 - [TEST_STEP][PASSED] - Statement - linkLogmembername = linkUserName.get(i).getText(): null

2018-09-05 18:22:01 - [TEST_STEP][PASSED] - Statement - out.println("new Admin :" + linkLogmembername): null

2018-09-05 18:22:01 - [TEST_STEP][PASSED] - Statement - If (linkLogmembername.equals(teamMeberName)): null

2018-09-05 18:22:01 - [TEST_STEP][PASSED] - Statement - out.println("Admin Console: " + linkUserName.get(i).getText()): null

2018-09-05 18:22:01 - [TEST_STEP][PASSED] - Statement - linkLogmembername = linkUserName.get(i).getText(): null

2018-09-05 18:22:01 - [TEST_STEP][PASSED] - Statement - out.println("new Admin :" + linkLogmembername): null

2018-09-05 18:22:01 - [TEST_STEP][PASSED] - Statement - If (linkLogmembername.equals(teamMeberName)): null

2018-09-05 18:22:01 - [TEST_STEP][PASSED] - Statement - out.println("Admin Console: " + linkUserName.get(i).getText()): null

2018-09-05 18:22:02 - [TEST_STEP][PASSED] - Statement - linkLogmembername = linkUserName.get(i).getText(): null

2018-09-05 18:22:02 - [TEST_STEP][PASSED] - Statement - out.println("new Admin :" + linkLogmembername): null

2018-09-05 18:22:02 - [TEST_STEP][PASSED] - Statement - If (linkLogmembername.equals(teamMeberName)): null

2018-09-05 18:22:02 - [TEST_STEP][PASSED] - Statement - out.println("Admin Console: " + linkUserName.get(i).getText()): null

2018-09-05 18:22:02 - [TEST_STEP][PASSED] - Statement - linkLogmembername = linkUserName.get(i).getText(): null

2018-09-05 18:22:02 - [TEST_STEP][PASSED] - Statement - out.println("new Admin :" + linkLogmembername): null

2018-09-05 18:22:02 - [TEST_STEP][PASSED] - Statement - If (linkLogmembername.equals(teamMeberName)): null

2018-09-05 18:22:02 - [TEST_STEP][PASSED] - Statement - out.println("Admin Console: " + linkUserName.get(i).getText()): null

2018-09-05 18:22:02 - [TEST_STEP][PASSED] - Statement - linkLogmembername = linkUserName.get(i).getText(): null

2018-09-05 18:22:02 - [TEST_STEP][PASSED] - Statement - out.println("new Admin :" + linkLogmembername): null

2018-09-05 18:22:02 - [TEST_STEP][PASSED] - Statement - If (linkLogmembername.equals(teamMeberName)): null

2018-09-05 18:22:02 - [TEST_STEP][PASSED] - Statement - out.println("Admin Console: " + linkUserName.get(i).getText()): null

2018-09-05 18:22:02 - [TEST_STEP][PASSED] - Statement - linkLogmembername = linkUserName.get(i).getText(): null

2018-09-05 18:22:02 - [TEST_STEP][PASSED] - Statement - out.println("new Admin :" + linkLogmembername): null

2018-09-05 18:22:02 - [TEST_STEP][PASSED] - Statement - If (linkLogmembername.equals(teamMeberName)): null

2018-09-05 18:22:02 - [TEST_STEP][PASSED] - Statement - out.println("Admin Console: " + linkUserName.get(i).getText()): null

2018-09-05 18:22:02 - [TEST_STEP][PASSED] - Statement - linkLogmembername = linkUserName.get(i).getText(): null

2018-09-05 18:22:02 - [TEST_STEP][PASSED] - Statement - out.println("new Admin :" + linkLogmembername): null

2018-09-05 18:22:02 - [TEST_STEP][PASSED] - Statement - If (linkLogmembername.equals(teamMeberName)): null

2018-09-05 18:22:02 - [TEST_STEP][PASSED] - Statement - out.println("Admin Console: " + linkUserName.get(i).getText()): null

2018-09-05 18:22:02 - [TEST_STEP][PASSED] - Statement - linkLogmembername = linkUserName.get(i).getText(): null

2018-09-05 18:22:02 - [TEST_STEP][PASSED] - Statement - out.println("new Admin :" + linkLogmembername): null

2018-09-05 18:22:02 - [TEST_STEP][PASSED] - Statement - If (linkLogmembername.equals(teamMeberName)): null

2018-09-05 18:22:02 - [TEST_STEP][PASSED] - Statement - If (com.kms.katalon.core.webui.keyword.WebUiBuiltInKeywords.verifyElementPresent(com.kms.katalon.core.testobject.ObjectRepository.findTestObject(Object Repository/linkLog/customerProfileDetails), 5, OPTIONAL)): null

2018-09-05 18:22:02 - [MESSAGE][PASSED] - Object 'Object Repository/linkLog/customerProfileDetails' is present

2018-09-05 18:22:02 - [TEST_STEP][PASSED] - Statement - println("open link log successful"): null

2018-09-05 18:22:02 - [TEST_STEP][PASSED] - Statement - If (com.kms.katalon.core.webui.keyword.WebUiBuiltInKeywords.verifyElementPresent(com.kms.katalon.core.testobject.ObjectRepository.findTestObject(Object Repository/Notes/addNotesCustomerDetails), 2)): null

2018-09-05 18:22:02 - [MESSAGE][PASSED] - Object 'Object Repository/Notes/addNotesCustomerDetails' is present

2018-09-05 18:22:02 - [TEST_STEP][PASSED] - click: Object: 'Object Repository/Notes/addNotesCustomerDetails' is clicked on

2018-09-05 18:22:02 - [MESSAGE][PASSED] - Object: 'Object Repository/Notes/addNotesCustomerDetails' is clicked on

2018-09-05 18:22:02 - [TEST_STEP][PASSED] - Statement - println("successful"): null

2018-09-05 18:22:02 - [TEST_STEP][PASSED] - setText: Text 'Mass media campaigns are widely used to expose high proportions of large populations to messages through routine uses of existing media, such as television, radio, and newspapers.' is set on object 'Object Repository/Notes/notesInputBox'

2018-09-05 18:22:08 - [MESSAGE][PASSED] - Text 'Mass media campaigns are widely used to expose high proportions of large populations to messages through routine uses of existing media, such as television, radio, and newspapers.' is set on object 'Object Repository/Notes/notesInputBox'

2018-09-05 18:22:08 - [TEST_STEP][PASSED] - Statement - If (com.kms.katalon.core.webui.keyword.WebUiBuiltInKeywords.verifyElementPresent(com.kms.katalon.core.testobject.ObjectRepository.findTestObject(Object Repository/Notes/clearNotes), 2)): null

2018-09-05 18:22:08 - [MESSAGE][PASSED] - Object 'Object Repository/Notes/clearNotes' is present

2018-09-05 18:22:08 - [TEST_STEP][PASSED] - click: Object: 'Object Repository/Notes/clearNotes' is clicked on

2018-09-05 18:22:08 - [MESSAGE][PASSED] - Object: 'Object Repository/Notes/clearNotes' is clicked on

2018-09-05 18:22:08 - [TEST_STEP][PASSED] - Statement - println("successful"): null

2018-09-05 18:22:08 - [TEST_STEP][PASSED] - Statement - If (com.kms.katalon.core.webui.keyword.WebUiBuiltInKeywords.verifyElementPresent(com.kms.katalon.core.testobject.ObjectRepository.findTestObject(Object Repository/Notes/notesInputBox), 5)): null

2018-09-05 18:22:08 - [MESSAGE][PASSED] - Object 'Object Repository/Notes/notesInputBox' is present

2018-09-05 18:22:08 - [TEST_STEP][PASSED] - Statement - validationMessage = com.kms.katalon.core.webui.keyword.WebUiBuiltInKeywords.getText(com.kms.katalon.core.testobject.ObjectRepository.findTestObject(Object Repository/Notes/notesInputBox)): Text of object 'Object Repository/Notes/notesInputBox' is: ''

2018-09-05 18:22:08 - [MESSAGE][PASSED] - Text of object 'Object Repository/Notes/notesInputBox' is: ''

2018-09-05 18:22:08 - [TEST_STEP][PASSED] - verifyMatch: Actual text '' and expected text '' are matched 

2018-09-05 18:22:08 - [MESSAGE][PASSED] - Actual text '' and expected text '' are matched 

2018-09-05 18:22:08 - [TEST_STEP][PASSED] - Statement - println("successful"): null

2018-09-05 18:22:08 - [TEST_STEP][PASSED] - Statement - If (com.kms.katalon.core.webui.keyword.WebUiBuiltInKeywords.verifyElementPresent(com.kms.katalon.core.testobject.ObjectRepository.findTestObject(Object Repository/Notes/activityLog), 5)): null

2018-09-05 18:22:08 - [MESSAGE][PASSED] - Object 'Object Repository/Notes/activityLog' is present

2018-09-05 18:22:08 - [TEST_STEP][PASSED] - click: Object: 'Object Repository/Notes/activityLog' is clicked on

2018-09-05 18:22:09 - [MESSAGE][PASSED] - Object: 'Object Repository/Notes/activityLog' is clicked on

2018-09-05 18:22:09 - [TEST_STEP][PASSED] - Statement - println("successful"): null

2018-09-05 18:22:09 - [TEST_STEP][PASSED] - clickOffset: Object: 'Object Repository/customerDetailsEdit/customerDetailScreen' is clicked on using offset x=100 and y=200

2018-09-05 18:22:09 - [MESSAGE][PASSED] - Object: 'Object Repository/customerDetailsEdit/customerDetailScreen' is clicked on using offset x=100 and y=200

2018-09-05 18:22:09 - [TEST_STEP][PASSED] - click: Object: 'Object Repository/customerDetailsEdit/refreshButton' is clicked on

2018-09-05 18:22:09 - [MESSAGE][PASSED] - Object: 'Object Repository/customerDetailsEdit/refreshButton' is clicked on]]></system-out>
         <system-err><![CDATA[]]></system-err>
      </testcase>
      <testcase name="Test Cases/completed/TestCase5_NotesFunctionality/saveNotesAndBackThroughActivityLog" classname="Test Cases/completed/TestCase5_NotesFunctionality/saveNotesAndBackThroughActivityLog" status="PASSED">
         <system-out><![CDATA[2018-09-05 18:22:09 - [TEST_CASE][PASSED] - Test Cases/completed/TestCase5_NotesFunctionality/saveNotesAndBackThroughActivityLog: Test Cases/completed/TestCase5_NotesFunctionality/saveNotesAndBackThroughActivityLog

2018-09-05 18:22:10 - [TEST_STEP][PASSED] - callTestCase: Call Test Case 'Test Cases/BVT/aSimple_Login' successfully

2018-09-05 18:22:10 - [TEST_CASE][PASSED] - Test Cases/BVT/aSimple_Login: Test Cases/BVT/aSimple_Login

2018-09-05 18:22:10 - [TEST_STEP][PASSED] - openBrowser: Browser is opened with url: ''

2018-09-05 18:22:10 - [MESSAGE][WARNING] - A browser is already opened. Closing browser and opening a new one

2018-09-05 18:22:15 - [MESSAGE][PASSED] - Browser is opened with url: ''

2018-09-05 18:22:15 - [TEST_STEP][PASSED] - maximizeWindow: Current window maximized

2018-09-05 18:22:17 - [MESSAGE][PASSED] - Current window maximized

2018-09-05 18:22:17 - [TEST_STEP][PASSED] - navigateToUrl: Navigate to 'https://dev.vcalling.in/enterprises/UAT/Dashboard/index.html' successfully

2018-09-05 18:22:21 - [MESSAGE][PASSED] - Navigate to 'https://dev.vcalling.in/enterprises/UAT/Dashboard/index.html' successfully

2018-09-05 18:22:21 - [TEST_STEP][PASSED] - setText: Text 'testing4dea@gmail.com' is set on object 'Object Repository/Login/UserId'

2018-09-05 18:22:22 - [MESSAGE][PASSED] - Text 'testing4dea@gmail.com' is set on object 'Object Repository/Login/UserId'

2018-09-05 18:22:22 - [TEST_STEP][PASSED] - click: Object: 'Object Repository/Login/div_GET OTP' is clicked on

2018-09-05 18:22:23 - [MESSAGE][PASSED] - Object: 'Object Repository/Login/div_GET OTP' is clicked on

2018-09-05 18:22:23 - [TEST_STEP][PASSED] - waitForElementPresent: Object 'Object Repository/Login/div_SUBMIT' is present

2018-09-05 18:22:24 - [MESSAGE][PASSED] - Object 'Object Repository/Login/div_SUBMIT' is present

2018-09-05 18:22:24 - [TEST_STEP][PASSED] - Statement - If (com.kms.katalon.core.webui.keyword.WebUiBuiltInKeywords.verifyElementNotPresent(com.kms.katalon.core.testobject.ObjectRepository.findTestObject(Login/div_SUBMIT), 5, OPTIONAL)): Web element with id: 'Object Repository/Login/div_SUBMIT' located by 'By.xpath: //div[(text() = ' SUBMIT ' or . = ' SUBMIT ')]' is present after '5' second(s)

2018-09-05 18:22:30 - [MESSAGE][WARNING] - Web element with id: 'Object Repository/Login/div_SUBMIT' located by 'By.xpath: //div[(text() = ' SUBMIT ' or . = ' SUBMIT ')]' is present after '5' second(s)
[[ATTACHMENT|C:\\Users\\User\\Desktop\\Katalon Studio\\Katalon Studio\\vCallingDashboard\\Reports\\RegressionSuite\\20180905_175530\\1536151950154.png]]

2018-09-05 18:22:30 - [TEST_STEP][PASSED] - Statement - sleep(5000): null

2018-09-05 18:22:35 - [TEST_STEP][PASSED] - Statement - OTP = getOTP(): null

2018-09-05 18:22:35 - [TEST_STEP][PASSED] - Statement - host = "imap.gmail.com": null

2018-09-05 18:22:35 - [TEST_STEP][PASSED] - Statement - msg = <not implemented yet for class: org.codehaus.groovy.ast.expr.EmptyExpression>: null

2018-09-05 18:22:35 - [TEST_STEP][PASSED] - Statement - msgSub = <not implemented yet for class: org.codehaus.groovy.ast.expr.EmptyExpression>: null

2018-09-05 18:22:35 - [TEST_STEP][PASSED] - Statement - OTP = "unavailable": null

2018-09-05 18:22:35 - [TEST_STEP][PASSED] - Statement - props = new java.util.Properties(): null

2018-09-05 18:22:35 - [TEST_STEP][PASSED] - Statement - props.setProperty("mail.imap.ssl.enable", "true"): null

2018-09-05 18:22:35 - [TEST_STEP][PASSED] - Statement - session = javax.mail.Session.getInstance(props): null

2018-09-05 18:22:35 - [TEST_STEP][PASSED] - Statement - store = <not implemented yet for class: org.codehaus.groovy.ast.expr.EmptyExpression>: null

2018-09-05 18:22:35 - [TEST_STEP][PASSED] - Statement - Try: null

2018-09-05 18:22:35 - [TEST_STEP][PASSED] - Statement - store = session.getStore("imap"): null

2018-09-05 18:22:35 - [TEST_STEP][PASSED] - Statement - store.connect(host, Email, Password): null

2018-09-05 18:22:38 - [TEST_STEP][PASSED] - Statement - emailFolder = store.getFolder("INBOX"): null

2018-09-05 18:22:38 - [TEST_STEP][PASSED] - Statement - emailFolder.open(READ_WRITE): null

2018-09-05 18:22:38 - [TEST_STEP][PASSED] - Statement - messages = emailFolder.getMessages(): null

2018-09-05 18:22:38 - [TEST_STEP][PASSED] - Statement - n = length: null

2018-09-05 18:22:38 - [TEST_STEP][PASSED] - Statement - message = messages[n - 1]: null

2018-09-05 18:22:38 - [TEST_STEP][PASSED] - Statement - msgSub = message.getSubject(): null

2018-09-05 18:22:38 - [TEST_STEP][PASSED] - Statement - If (msgSub.equals("OTP to Sign In")): null

2018-09-05 18:22:38 - [TEST_STEP][PASSED] - Statement - msg = message.getContent().toString(): null

2018-09-05 18:22:39 - [TEST_STEP][PASSED] - Statement - OTP = msg.substring(msg.length() - 7): null

2018-09-05 18:22:39 - [TEST_STEP][PASSED] - Statement - message.setFlag(DELETED, true): null

2018-09-05 18:22:40 - [TEST_STEP][PASSED] - Statement - emailFolder.close(true): null

2018-09-05 18:22:40 - [TEST_STEP][PASSED] - Statement - store.close(): null

2018-09-05 18:22:40 - [TEST_STEP][PASSED] - Statement - return OTP: null

2018-09-05 18:22:40 - [TEST_STEP][PASSED] - Statement - If (OTP.equals("unavailable")): null

2018-09-05 18:22:40 - [TEST_STEP][PASSED] - Statement - Else: Text 'q4391
' is set on object 'Object Repository/Login/OtpInput'

2018-09-05 18:22:40 - [TEST_STEP][PASSED] - setText: Text 'q4391
' is set on object 'Object Repository/Login/OtpInput'

2018-09-05 18:22:41 - [MESSAGE][PASSED] - Text 'q4391
' is set on object 'Object Repository/Login/OtpInput'

2018-09-05 18:22:41 - [TEST_STEP][PASSED] - verifyElementPresent: Object 'Object Repository/Login/afterOpenDisplay' is present

2018-09-05 18:22:42 - [MESSAGE][PASSED] - Object 'Object Repository/Login/afterOpenDisplay' is present

2018-09-05 18:22:42 - [MESSAGE][PASSED] - Call Test Case 'Test Cases/BVT/aSimple_Login' successfully

2018-09-05 18:22:42 - [TEST_STEP][PASSED] - Statement - driver = com.kms.katalon.core.webui.driver.DriverFactory.getWebDriver(): null

2018-09-05 18:22:42 - [TEST_STEP][PASSED] - click: Object: 'Object Repository/Dashboard_Link Generator/linkgeneratorIcon' is clicked on

2018-09-05 18:22:43 - [MESSAGE][PASSED] - Object: 'Object Repository/Dashboard_Link Generator/linkgeneratorIcon' is clicked on

2018-09-05 18:22:43 - [TEST_STEP][PASSED] - Statement - x = CustomKeywords.newPackage.newKeyword.randomString(3).toLowerCase(): newPackage.newKeyword.randomString is PASSED

2018-09-05 18:22:43 - [MESSAGE][PASSED] - newPackage.newKeyword.randomString is PASSED

2018-09-05 18:22:43 - [TEST_STEP][PASSED] - Statement - teamMeberName = x: null

2018-09-05 18:22:43 - [TEST_STEP][PASSED] - setText: Text 'ls3' is set on object 'Object Repository/AddTeamMemberDashboard/name'

2018-09-05 18:22:45 - [MESSAGE][PASSED] - Text 'ls3' is set on object 'Object Repository/AddTeamMemberDashboard/name'

2018-09-05 18:22:45 - [TEST_STEP][PASSED] - setText: Text 'HttH5ysXLy@gmail.com' is set on object 'Object Repository/AddTeamMemberDashboard/email'

2018-09-05 18:22:45 - [MESSAGE][PASSED] - newPackage.newKeyword.randomString is PASSED

2018-09-05 18:22:45 - [MESSAGE][PASSED] - Text 'HttH5ysXLy@gmail.com' is set on object 'Object Repository/AddTeamMemberDashboard/email'

2018-09-05 18:22:45 - [TEST_STEP][PASSED] - setText: Text 'property' is set on object 'Object Repository/Dashboard_Link Generator/tag'

2018-09-05 18:22:46 - [MESSAGE][PASSED] - Text 'property' is set on object 'Object Repository/Dashboard_Link Generator/tag'

2018-09-05 18:22:46 - [TEST_STEP][PASSED] - click: Object: 'Object Repository/Dashboard_Link Generator/div_GET LINK' is clicked on

2018-09-05 18:22:46 - [MESSAGE][PASSED] - Object: 'Object Repository/Dashboard_Link Generator/div_GET LINK' is clicked on

2018-09-05 18:22:46 - [TEST_STEP][PASSED] - Statement - getLink = com.kms.katalon.core.webui.keyword.WebUiBuiltInKeywords.getAttribute(com.kms.katalon.core.testobject.ObjectRepository.findTestObject(Dashboard_Link Generator/input_link-text), "value"): Attribute 'value' of object 'Object Repository/Dashboard_Link Generator/input_link-text' is: 'https://dev.vcalling.in/url/UAT/?id=UAT-1-545'

2018-09-05 18:22:47 - [MESSAGE][PASSED] - Attribute 'value' of object 'Object Repository/Dashboard_Link Generator/input_link-text' is: 'https://dev.vcalling.in/url/UAT/?id=UAT-1-545'

2018-09-05 18:22:47 - [TEST_STEP][PASSED] - Statement - println(getLink): null

2018-09-05 18:22:47 - [TEST_STEP][PASSED] - click: Object: 'Object Repository/Dashboard_Link Generator/copyLink' is clicked on

2018-09-05 18:22:47 - [MESSAGE][PASSED] - Object: 'Object Repository/Dashboard_Link Generator/copyLink' is clicked on

2018-09-05 18:22:47 - [TEST_STEP][PASSED] - Statement - If (com.kms.katalon.core.webui.keyword.WebUiBuiltInKeywords.verifyElementPresent(com.kms.katalon.core.testobject.ObjectRepository.findTestObject(Dashboard_Link Generator/validation), 5, OPTIONAL)): null

2018-09-05 18:22:47 - [MESSAGE][PASSED] - Object 'Object Repository/Dashboard_Link Generator/validation' is present

2018-09-05 18:22:47 - [TEST_STEP][PASSED] - Statement - validationMessage = com.kms.katalon.core.webui.keyword.WebUiBuiltInKeywords.getText(com.kms.katalon.core.testobject.ObjectRepository.findTestObject(Dashboard_Link Generator/validation)): Text of object 'Object Repository/Dashboard_Link Generator/validation' is: 'Link Copied.!'

2018-09-05 18:22:47 - [MESSAGE][PASSED] - Text of object 'Object Repository/Dashboard_Link Generator/validation' is: 'Link Copied.!'

2018-09-05 18:22:47 - [TEST_STEP][PASSED] - verifyMatch: Actual text 'Link Copied.!' and expected text 'Link Copied.!' are matched 

2018-09-05 18:22:47 - [MESSAGE][PASSED] - Actual text 'Link Copied.!' and expected text 'Link Copied.!' are matched 

2018-09-05 18:22:47 - [TEST_STEP][PASSED] - Statement - println("successful"): null

2018-09-05 18:22:47 - [TEST_STEP][PASSED] - Statement - linkUserName = driver.findElements(org.openqa.selenium.By.className("text-link-log")): null

2018-09-05 18:22:47 - [TEST_STEP][PASSED] - Statement - previousCountValue = 0: null

2018-09-05 18:22:47 - [TEST_STEP][PASSED] - Statement - For ([i = 0, i < linkUserName.size(), (i++)]): null

2018-09-05 18:22:47 - [TEST_STEP][PASSED] - Statement - out.println("Admin Console: " + linkUserName.get(i).getText()): null

2018-09-05 18:22:47 - [TEST_STEP][PASSED] - Statement - linkLogmembername = linkUserName.get(i).getText(): null

2018-09-05 18:22:47 - [TEST_STEP][PASSED] - Statement - out.println("new Admin :" + linkLogmembername): null

2018-09-05 18:22:47 - [TEST_STEP][PASSED] - Statement - If (linkLogmembername.equals(teamMeberName)): null

2018-09-05 18:22:47 - [TEST_STEP][PASSED] - Statement - out.println("Admin Console: " + linkUserName.get(i).getText()): null

2018-09-05 18:22:47 - [TEST_STEP][PASSED] - Statement - linkLogmembername = linkUserName.get(i).getText(): null

2018-09-05 18:22:47 - [TEST_STEP][PASSED] - Statement - out.println("new Admin :" + linkLogmembername): null

2018-09-05 18:22:47 - [TEST_STEP][PASSED] - Statement - If (linkLogmembername.equals(teamMeberName)): null

2018-09-05 18:22:47 - [TEST_STEP][PASSED] - Statement - out.println("Admin Console: " + linkUserName.get(i).getText()): null

2018-09-05 18:22:47 - [TEST_STEP][PASSED] - Statement - linkLogmembername = linkUserName.get(i).getText(): null

2018-09-05 18:22:47 - [TEST_STEP][PASSED] - Statement - out.println("new Admin :" + linkLogmembername): null

2018-09-05 18:22:47 - [TEST_STEP][PASSED] - Statement - If (linkLogmembername.equals(teamMeberName)): null

2018-09-05 18:22:47 - [TEST_STEP][PASSED] - Statement - out.println("Admin Console: " + linkUserName.get(i).getText()): null

2018-09-05 18:22:47 - [TEST_STEP][PASSED] - Statement - linkLogmembername = linkUserName.get(i).getText(): null

2018-09-05 18:22:47 - [TEST_STEP][PASSED] - Statement - out.println("new Admin :" + linkLogmembername): null

2018-09-05 18:22:47 - [TEST_STEP][PASSED] - Statement - If (linkLogmembername.equals(teamMeberName)): null

2018-09-05 18:22:47 - [TEST_STEP][PASSED] - Statement - out.println("Admin Console: " + linkUserName.get(i).getText()): null

2018-09-05 18:22:47 - [TEST_STEP][PASSED] - Statement - linkLogmembername = linkUserName.get(i).getText(): null

2018-09-05 18:22:47 - [TEST_STEP][PASSED] - Statement - out.println("new Admin :" + linkLogmembername): null

2018-09-05 18:22:47 - [TEST_STEP][PASSED] - Statement - If (linkLogmembername.equals(teamMeberName)): null

2018-09-05 18:22:47 - [TEST_STEP][PASSED] - Statement - out.println("Admin Console: " + linkUserName.get(i).getText()): null

2018-09-05 18:22:47 - [TEST_STEP][PASSED] - Statement - linkLogmembername = linkUserName.get(i).getText(): null

2018-09-05 18:22:47 - [TEST_STEP][PASSED] - Statement - out.println("new Admin :" + linkLogmembername): null

2018-09-05 18:22:47 - [TEST_STEP][PASSED] - Statement - If (linkLogmembername.equals(teamMeberName)): null

2018-09-05 18:22:47 - [TEST_STEP][PASSED] - Statement - out.println("Admin Console: " + linkUserName.get(i).getText()): null

2018-09-05 18:22:47 - [TEST_STEP][PASSED] - Statement - linkLogmembername = linkUserName.get(i).getText(): null

2018-09-05 18:22:47 - [TEST_STEP][PASSED] - Statement - out.println("new Admin :" + linkLogmembername): null

2018-09-05 18:22:47 - [TEST_STEP][PASSED] - Statement - If (linkLogmembername.equals(teamMeberName)): null

2018-09-05 18:22:47 - [TEST_STEP][PASSED] - Statement - out.println("Admin Console: " + linkUserName.get(i).getText()): null

2018-09-05 18:22:47 - [TEST_STEP][PASSED] - Statement - linkLogmembername = linkUserName.get(i).getText(): null

2018-09-05 18:22:47 - [TEST_STEP][PASSED] - Statement - out.println("new Admin :" + linkLogmembername): null

2018-09-05 18:22:47 - [TEST_STEP][PASSED] - Statement - If (linkLogmembername.equals(teamMeberName)): null

2018-09-05 18:22:47 - [TEST_STEP][PASSED] - Statement - out.println("Admin Console: " + linkLogmembername): null

2018-09-05 18:22:47 - [TEST_STEP][PASSED] - Statement - linkUserName.get(i).click(): null

2018-09-05 18:22:47 - [TEST_STEP][PASSED] - Statement - out.println("Admin Console: " + linkUserName.get(i).getText()): null

2018-09-05 18:22:48 - [TEST_STEP][PASSED] - Statement - linkLogmembername = linkUserName.get(i).getText(): null

2018-09-05 18:22:48 - [TEST_STEP][PASSED] - Statement - out.println("new Admin :" + linkLogmembername): null

2018-09-05 18:22:48 - [TEST_STEP][PASSED] - Statement - If (linkLogmembername.equals(teamMeberName)): null

2018-09-05 18:22:48 - [TEST_STEP][PASSED] - Statement - out.println("Admin Console: " + linkUserName.get(i).getText()): null

2018-09-05 18:22:48 - [TEST_STEP][PASSED] - Statement - linkLogmembername = linkUserName.get(i).getText(): null

2018-09-05 18:22:48 - [TEST_STEP][PASSED] - Statement - out.println("new Admin :" + linkLogmembername): null

2018-09-05 18:22:48 - [TEST_STEP][PASSED] - Statement - If (linkLogmembername.equals(teamMeberName)): null

2018-09-05 18:22:48 - [TEST_STEP][PASSED] - Statement - out.println("Admin Console: " + linkUserName.get(i).getText()): null

2018-09-05 18:22:48 - [TEST_STEP][PASSED] - Statement - linkLogmembername = linkUserName.get(i).getText(): null

2018-09-05 18:22:48 - [TEST_STEP][PASSED] - Statement - out.println("new Admin :" + linkLogmembername): null

2018-09-05 18:22:48 - [TEST_STEP][PASSED] - Statement - If (linkLogmembername.equals(teamMeberName)): null

2018-09-05 18:22:48 - [TEST_STEP][PASSED] - Statement - out.println("Admin Console: " + linkUserName.get(i).getText()): null

2018-09-05 18:22:49 - [TEST_STEP][PASSED] - Statement - linkLogmembername = linkUserName.get(i).getText(): null

2018-09-05 18:22:49 - [TEST_STEP][PASSED] - Statement - out.println("new Admin :" + linkLogmembername): null

2018-09-05 18:22:49 - [TEST_STEP][PASSED] - Statement - If (linkLogmembername.equals(teamMeberName)): null

2018-09-05 18:22:49 - [TEST_STEP][PASSED] - Statement - out.println("Admin Console: " + linkUserName.get(i).getText()): null

2018-09-05 18:22:49 - [TEST_STEP][PASSED] - Statement - linkLogmembername = linkUserName.get(i).getText(): null

2018-09-05 18:22:49 - [TEST_STEP][PASSED] - Statement - out.println("new Admin :" + linkLogmembername): null

2018-09-05 18:22:49 - [TEST_STEP][PASSED] - Statement - If (linkLogmembername.equals(teamMeberName)): null

2018-09-05 18:22:49 - [TEST_STEP][PASSED] - Statement - out.println("Admin Console: " + linkUserName.get(i).getText()): null

2018-09-05 18:22:49 - [TEST_STEP][PASSED] - Statement - linkLogmembername = linkUserName.get(i).getText(): null

2018-09-05 18:22:49 - [TEST_STEP][PASSED] - Statement - out.println("new Admin :" + linkLogmembername): null

2018-09-05 18:22:49 - [TEST_STEP][PASSED] - Statement - If (linkLogmembername.equals(teamMeberName)): null

2018-09-05 18:22:49 - [TEST_STEP][PASSED] - Statement - out.println("Admin Console: " + linkUserName.get(i).getText()): null

2018-09-05 18:22:49 - [TEST_STEP][PASSED] - Statement - linkLogmembername = linkUserName.get(i).getText(): null

2018-09-05 18:22:49 - [TEST_STEP][PASSED] - Statement - out.println("new Admin :" + linkLogmembername): null

2018-09-05 18:22:49 - [TEST_STEP][PASSED] - Statement - If (linkLogmembername.equals(teamMeberName)): null

2018-09-05 18:22:49 - [TEST_STEP][PASSED] - Statement - out.println("Admin Console: " + linkUserName.get(i).getText()): null

2018-09-05 18:22:49 - [TEST_STEP][PASSED] - Statement - linkLogmembername = linkUserName.get(i).getText(): null

2018-09-05 18:22:49 - [TEST_STEP][PASSED] - Statement - out.println("new Admin :" + linkLogmembername): null

2018-09-05 18:22:49 - [TEST_STEP][PASSED] - Statement - If (linkLogmembername.equals(teamMeberName)): null

2018-09-05 18:22:49 - [TEST_STEP][PASSED] - Statement - out.println("Admin Console: " + linkUserName.get(i).getText()): null

2018-09-05 18:22:49 - [TEST_STEP][PASSED] - Statement - linkLogmembername = linkUserName.get(i).getText(): null

2018-09-05 18:22:49 - [TEST_STEP][PASSED] - Statement - out.println("new Admin :" + linkLogmembername): null

2018-09-05 18:22:49 - [TEST_STEP][PASSED] - Statement - If (linkLogmembername.equals(teamMeberName)): null

2018-09-05 18:22:49 - [TEST_STEP][PASSED] - Statement - out.println("Admin Console: " + linkUserName.get(i).getText()): null

2018-09-05 18:22:49 - [TEST_STEP][PASSED] - Statement - linkLogmembername = linkUserName.get(i).getText(): null

2018-09-05 18:22:49 - [TEST_STEP][PASSED] - Statement - out.println("new Admin :" + linkLogmembername): null

2018-09-05 18:22:49 - [TEST_STEP][PASSED] - Statement - If (linkLogmembername.equals(teamMeberName)): null

2018-09-05 18:22:49 - [TEST_STEP][PASSED] - Statement - out.println("Admin Console: " + linkUserName.get(i).getText()): null

2018-09-05 18:22:49 - [TEST_STEP][PASSED] - Statement - linkLogmembername = linkUserName.get(i).getText(): null

2018-09-05 18:22:49 - [TEST_STEP][PASSED] - Statement - out.println("new Admin :" + linkLogmembername): null

2018-09-05 18:22:49 - [TEST_STEP][PASSED] - Statement - If (linkLogmembername.equals(teamMeberName)): null

2018-09-05 18:22:49 - [TEST_STEP][PASSED] - Statement - out.println("Admin Console: " + linkUserName.get(i).getText()): null

2018-09-05 18:22:49 - [TEST_STEP][PASSED] - Statement - linkLogmembername = linkUserName.get(i).getText(): null

2018-09-05 18:22:49 - [TEST_STEP][PASSED] - Statement - out.println("new Admin :" + linkLogmembername): null

2018-09-05 18:22:49 - [TEST_STEP][PASSED] - Statement - If (linkLogmembername.equals(teamMeberName)): null

2018-09-05 18:22:49 - [TEST_STEP][PASSED] - Statement - out.println("Admin Console: " + linkUserName.get(i).getText()): null

2018-09-05 18:22:49 - [TEST_STEP][PASSED] - Statement - linkLogmembername = linkUserName.get(i).getText(): null

2018-09-05 18:22:50 - [TEST_STEP][PASSED] - Statement - out.println("new Admin :" + linkLogmembername): null

2018-09-05 18:22:50 - [TEST_STEP][PASSED] - Statement - If (linkLogmembername.equals(teamMeberName)): null

2018-09-05 18:22:50 - [TEST_STEP][PASSED] - Statement - out.println("Admin Console: " + linkUserName.get(i).getText()): null

2018-09-05 18:22:50 - [TEST_STEP][PASSED] - Statement - linkLogmembername = linkUserName.get(i).getText(): null

2018-09-05 18:22:50 - [TEST_STEP][PASSED] - Statement - out.println("new Admin :" + linkLogmembername): null

2018-09-05 18:22:50 - [TEST_STEP][PASSED] - Statement - If (linkLogmembername.equals(teamMeberName)): null

2018-09-05 18:22:50 - [TEST_STEP][PASSED] - Statement - out.println("Admin Console: " + linkUserName.get(i).getText()): null

2018-09-05 18:22:50 - [TEST_STEP][PASSED] - Statement - linkLogmembername = linkUserName.get(i).getText(): null

2018-09-05 18:22:50 - [TEST_STEP][PASSED] - Statement - out.println("new Admin :" + linkLogmembername): null

2018-09-05 18:22:50 - [TEST_STEP][PASSED] - Statement - If (linkLogmembername.equals(teamMeberName)): null

2018-09-05 18:22:50 - [TEST_STEP][PASSED] - Statement - out.println("Admin Console: " + linkUserName.get(i).getText()): null

2018-09-05 18:22:50 - [TEST_STEP][PASSED] - Statement - linkLogmembername = linkUserName.get(i).getText(): null

2018-09-05 18:22:50 - [TEST_STEP][PASSED] - Statement - out.println("new Admin :" + linkLogmembername): null

2018-09-05 18:22:50 - [TEST_STEP][PASSED] - Statement - If (linkLogmembername.equals(teamMeberName)): null

2018-09-05 18:22:50 - [TEST_STEP][PASSED] - Statement - out.println("Admin Console: " + linkUserName.get(i).getText()): null

2018-09-05 18:22:50 - [TEST_STEP][PASSED] - Statement - linkLogmembername = linkUserName.get(i).getText(): null

2018-09-05 18:22:50 - [TEST_STEP][PASSED] - Statement - out.println("new Admin :" + linkLogmembername): null

2018-09-05 18:22:50 - [TEST_STEP][PASSED] - Statement - If (linkLogmembername.equals(teamMeberName)): null

2018-09-05 18:22:50 - [TEST_STEP][PASSED] - Statement - out.println("Admin Console: " + linkUserName.get(i).getText()): null

2018-09-05 18:22:50 - [TEST_STEP][PASSED] - Statement - linkLogmembername = linkUserName.get(i).getText(): null

2018-09-05 18:22:50 - [TEST_STEP][PASSED] - Statement - out.println("new Admin :" + linkLogmembername): null

2018-09-05 18:22:50 - [TEST_STEP][PASSED] - Statement - If (linkLogmembername.equals(teamMeberName)): null

2018-09-05 18:22:50 - [TEST_STEP][PASSED] - Statement - out.println("Admin Console: " + linkUserName.get(i).getText()): null

2018-09-05 18:22:51 - [TEST_STEP][PASSED] - Statement - linkLogmembername = linkUserName.get(i).getText(): null

2018-09-05 18:22:51 - [TEST_STEP][PASSED] - Statement - out.println("new Admin :" + linkLogmembername): null

2018-09-05 18:22:51 - [TEST_STEP][PASSED] - Statement - If (linkLogmembername.equals(teamMeberName)): null

2018-09-05 18:22:51 - [TEST_STEP][PASSED] - Statement - out.println("Admin Console: " + linkUserName.get(i).getText()): null

2018-09-05 18:22:51 - [TEST_STEP][PASSED] - Statement - linkLogmembername = linkUserName.get(i).getText(): null

2018-09-05 18:22:51 - [TEST_STEP][PASSED] - Statement - out.println("new Admin :" + linkLogmembername): null

2018-09-05 18:22:51 - [TEST_STEP][PASSED] - Statement - If (linkLogmembername.equals(teamMeberName)): null

2018-09-05 18:22:51 - [TEST_STEP][PASSED] - Statement - out.println("Admin Console: " + linkUserName.get(i).getText()): null

2018-09-05 18:22:51 - [TEST_STEP][PASSED] - Statement - linkLogmembername = linkUserName.get(i).getText(): null

2018-09-05 18:22:51 - [TEST_STEP][PASSED] - Statement - out.println("new Admin :" + linkLogmembername): null

2018-09-05 18:22:51 - [TEST_STEP][PASSED] - Statement - If (linkLogmembername.equals(teamMeberName)): null

2018-09-05 18:22:51 - [TEST_STEP][PASSED] - Statement - out.println("Admin Console: " + linkUserName.get(i).getText()): null

2018-09-05 18:22:51 - [TEST_STEP][PASSED] - Statement - linkLogmembername = linkUserName.get(i).getText(): null

2018-09-05 18:22:51 - [TEST_STEP][PASSED] - Statement - out.println("new Admin :" + linkLogmembername): null

2018-09-05 18:22:51 - [TEST_STEP][PASSED] - Statement - If (linkLogmembername.equals(teamMeberName)): null

2018-09-05 18:22:51 - [TEST_STEP][PASSED] - Statement - out.println("Admin Console: " + linkUserName.get(i).getText()): null

2018-09-05 18:22:51 - [TEST_STEP][PASSED] - Statement - linkLogmembername = linkUserName.get(i).getText(): null

2018-09-05 18:22:51 - [TEST_STEP][PASSED] - Statement - out.println("new Admin :" + linkLogmembername): null

2018-09-05 18:22:51 - [TEST_STEP][PASSED] - Statement - If (linkLogmembername.equals(teamMeberName)): null

2018-09-05 18:22:51 - [TEST_STEP][PASSED] - Statement - out.println("Admin Console: " + linkUserName.get(i).getText()): null

2018-09-05 18:22:51 - [TEST_STEP][PASSED] - Statement - linkLogmembername = linkUserName.get(i).getText(): null

2018-09-05 18:22:52 - [TEST_STEP][PASSED] - Statement - out.println("new Admin :" + linkLogmembername): null

2018-09-05 18:22:52 - [TEST_STEP][PASSED] - Statement - If (linkLogmembername.equals(teamMeberName)): null

2018-09-05 18:22:52 - [TEST_STEP][PASSED] - Statement - out.println("Admin Console: " + linkUserName.get(i).getText()): null

2018-09-05 18:22:52 - [TEST_STEP][PASSED] - Statement - linkLogmembername = linkUserName.get(i).getText(): null

2018-09-05 18:22:52 - [TEST_STEP][PASSED] - Statement - out.println("new Admin :" + linkLogmembername): null

2018-09-05 18:22:52 - [TEST_STEP][PASSED] - Statement - If (linkLogmembername.equals(teamMeberName)): null

2018-09-05 18:22:52 - [TEST_STEP][PASSED] - Statement - out.println("Admin Console: " + linkUserName.get(i).getText()): null

2018-09-05 18:22:52 - [TEST_STEP][PASSED] - Statement - linkLogmembername = linkUserName.get(i).getText(): null

2018-09-05 18:22:52 - [TEST_STEP][PASSED] - Statement - out.println("new Admin :" + linkLogmembername): null

2018-09-05 18:22:52 - [TEST_STEP][PASSED] - Statement - If (linkLogmembername.equals(teamMeberName)): null

2018-09-05 18:22:52 - [TEST_STEP][PASSED] - Statement - out.println("Admin Console: " + linkUserName.get(i).getText()): null

2018-09-05 18:22:52 - [TEST_STEP][PASSED] - Statement - linkLogmembername = linkUserName.get(i).getText(): null

2018-09-05 18:22:52 - [TEST_STEP][PASSED] - Statement - out.println("new Admin :" + linkLogmembername): null

2018-09-05 18:22:52 - [TEST_STEP][PASSED] - Statement - If (linkLogmembername.equals(teamMeberName)): null

2018-09-05 18:22:52 - [TEST_STEP][PASSED] - Statement - out.println("Admin Console: " + linkUserName.get(i).getText()): null

2018-09-05 18:22:52 - [TEST_STEP][PASSED] - Statement - linkLogmembername = linkUserName.get(i).getText(): null

2018-09-05 18:22:52 - [TEST_STEP][PASSED] - Statement - out.println("new Admin :" + linkLogmembername): null

2018-09-05 18:22:52 - [TEST_STEP][PASSED] - Statement - If (linkLogmembername.equals(teamMeberName)): null

2018-09-05 18:22:52 - [TEST_STEP][PASSED] - Statement - out.println("Admin Console: " + linkUserName.get(i).getText()): null

2018-09-05 18:22:52 - [TEST_STEP][PASSED] - Statement - linkLogmembername = linkUserName.get(i).getText(): null

2018-09-05 18:22:52 - [TEST_STEP][PASSED] - Statement - out.println("new Admin :" + linkLogmembername): null

2018-09-05 18:22:52 - [TEST_STEP][PASSED] - Statement - If (linkLogmembername.equals(teamMeberName)): null

2018-09-05 18:22:52 - [TEST_STEP][PASSED] - Statement - out.println("Admin Console: " + linkUserName.get(i).getText()): null

2018-09-05 18:22:52 - [TEST_STEP][PASSED] - Statement - linkLogmembername = linkUserName.get(i).getText(): null

2018-09-05 18:22:52 - [TEST_STEP][PASSED] - Statement - out.println("new Admin :" + linkLogmembername): null

2018-09-05 18:22:52 - [TEST_STEP][PASSED] - Statement - If (linkLogmembername.equals(teamMeberName)): null

2018-09-05 18:22:52 - [TEST_STEP][PASSED] - Statement - out.println("Admin Console: " + linkUserName.get(i).getText()): null

2018-09-05 18:22:52 - [TEST_STEP][PASSED] - Statement - linkLogmembername = linkUserName.get(i).getText(): null

2018-09-05 18:22:53 - [TEST_STEP][PASSED] - Statement - out.println("new Admin :" + linkLogmembername): null

2018-09-05 18:22:53 - [TEST_STEP][PASSED] - Statement - If (linkLogmembername.equals(teamMeberName)): null

2018-09-05 18:22:53 - [TEST_STEP][PASSED] - Statement - out.println("Admin Console: " + linkUserName.get(i).getText()): null

2018-09-05 18:22:53 - [TEST_STEP][PASSED] - Statement - linkLogmembername = linkUserName.get(i).getText(): null

2018-09-05 18:22:53 - [TEST_STEP][PASSED] - Statement - out.println("new Admin :" + linkLogmembername): null

2018-09-05 18:22:53 - [TEST_STEP][PASSED] - Statement - If (linkLogmembername.equals(teamMeberName)): null

2018-09-05 18:22:53 - [TEST_STEP][PASSED] - Statement - out.println("Admin Console: " + linkUserName.get(i).getText()): null

2018-09-05 18:22:53 - [TEST_STEP][PASSED] - Statement - linkLogmembername = linkUserName.get(i).getText(): null

2018-09-05 18:22:53 - [TEST_STEP][PASSED] - Statement - out.println("new Admin :" + linkLogmembername): null

2018-09-05 18:22:53 - [TEST_STEP][PASSED] - Statement - If (linkLogmembername.equals(teamMeberName)): null

2018-09-05 18:22:53 - [TEST_STEP][PASSED] - Statement - out.println("Admin Console: " + linkUserName.get(i).getText()): null

2018-09-05 18:22:53 - [TEST_STEP][PASSED] - Statement - linkLogmembername = linkUserName.get(i).getText(): null

2018-09-05 18:22:53 - [TEST_STEP][PASSED] - Statement - out.println("new Admin :" + linkLogmembername): null

2018-09-05 18:22:53 - [TEST_STEP][PASSED] - Statement - If (linkLogmembername.equals(teamMeberName)): null

2018-09-05 18:22:53 - [TEST_STEP][PASSED] - Statement - out.println("Admin Console: " + linkUserName.get(i).getText()): null

2018-09-05 18:22:53 - [TEST_STEP][PASSED] - Statement - linkLogmembername = linkUserName.get(i).getText(): null

2018-09-05 18:22:53 - [TEST_STEP][PASSED] - Statement - out.println("new Admin :" + linkLogmembername): null

2018-09-05 18:22:53 - [TEST_STEP][PASSED] - Statement - If (linkLogmembername.equals(teamMeberName)): null

2018-09-05 18:22:53 - [TEST_STEP][PASSED] - Statement - out.println("Admin Console: " + linkUserName.get(i).getText()): null

2018-09-05 18:22:53 - [TEST_STEP][PASSED] - Statement - linkLogmembername = linkUserName.get(i).getText(): null

2018-09-05 18:22:53 - [TEST_STEP][PASSED] - Statement - out.println("new Admin :" + linkLogmembername): null

2018-09-05 18:22:53 - [TEST_STEP][PASSED] - Statement - If (linkLogmembername.equals(teamMeberName)): null

2018-09-05 18:22:53 - [TEST_STEP][PASSED] - Statement - out.println("Admin Console: " + linkUserName.get(i).getText()): null

2018-09-05 18:22:53 - [TEST_STEP][PASSED] - Statement - linkLogmembername = linkUserName.get(i).getText(): null

2018-09-05 18:22:53 - [TEST_STEP][PASSED] - Statement - out.println("new Admin :" + linkLogmembername): null

2018-09-05 18:22:53 - [TEST_STEP][PASSED] - Statement - If (linkLogmembername.equals(teamMeberName)): null

2018-09-05 18:22:53 - [TEST_STEP][PASSED] - Statement - out.println("Admin Console: " + linkUserName.get(i).getText()): null

2018-09-05 18:22:53 - [TEST_STEP][PASSED] - Statement - linkLogmembername = linkUserName.get(i).getText(): null

2018-09-05 18:22:53 - [TEST_STEP][PASSED] - Statement - out.println("new Admin :" + linkLogmembername): null

2018-09-05 18:22:53 - [TEST_STEP][PASSED] - Statement - If (linkLogmembername.equals(teamMeberName)): null

2018-09-05 18:22:53 - [TEST_STEP][PASSED] - Statement - out.println("Admin Console: " + linkUserName.get(i).getText()): null

2018-09-05 18:22:53 - [TEST_STEP][PASSED] - Statement - linkLogmembername = linkUserName.get(i).getText(): null

2018-09-05 18:22:53 - [TEST_STEP][PASSED] - Statement - out.println("new Admin :" + linkLogmembername): null

2018-09-05 18:22:53 - [TEST_STEP][PASSED] - Statement - If (linkLogmembername.equals(teamMeberName)): null

2018-09-05 18:22:53 - [TEST_STEP][PASSED] - Statement - out.println("Admin Console: " + linkUserName.get(i).getText()): null

2018-09-05 18:22:53 - [TEST_STEP][PASSED] - Statement - linkLogmembername = linkUserName.get(i).getText(): null

2018-09-05 18:22:53 - [TEST_STEP][PASSED] - Statement - out.println("new Admin :" + linkLogmembername): null

2018-09-05 18:22:53 - [TEST_STEP][PASSED] - Statement - If (linkLogmembername.equals(teamMeberName)): null

2018-09-05 18:22:53 - [TEST_STEP][PASSED] - Statement - out.println("Admin Console: " + linkUserName.get(i).getText()): null

2018-09-05 18:22:53 - [TEST_STEP][PASSED] - Statement - linkLogmembername = linkUserName.get(i).getText(): null

2018-09-05 18:22:53 - [TEST_STEP][PASSED] - Statement - out.println("new Admin :" + linkLogmembername): null

2018-09-05 18:22:53 - [TEST_STEP][PASSED] - Statement - If (linkLogmembername.equals(teamMeberName)): null

2018-09-05 18:22:53 - [TEST_STEP][PASSED] - Statement - out.println("Admin Console: " + linkUserName.get(i).getText()): null

2018-09-05 18:22:53 - [TEST_STEP][PASSED] - Statement - linkLogmembername = linkUserName.get(i).getText(): null

2018-09-05 18:22:53 - [TEST_STEP][PASSED] - Statement - out.println("new Admin :" + linkLogmembername): null

2018-09-05 18:22:53 - [TEST_STEP][PASSED] - Statement - If (linkLogmembername.equals(teamMeberName)): null

2018-09-05 18:22:53 - [TEST_STEP][PASSED] - Statement - out.println("Admin Console: " + linkUserName.get(i).getText()): null

2018-09-05 18:22:53 - [TEST_STEP][PASSED] - Statement - linkLogmembername = linkUserName.get(i).getText(): null

2018-09-05 18:22:53 - [TEST_STEP][PASSED] - Statement - out.println("new Admin :" + linkLogmembername): null

2018-09-05 18:22:53 - [TEST_STEP][PASSED] - Statement - If (linkLogmembername.equals(teamMeberName)): null

2018-09-05 18:22:53 - [TEST_STEP][PASSED] - Statement - out.println("Admin Console: " + linkUserName.get(i).getText()): null

2018-09-05 18:22:54 - [TEST_STEP][PASSED] - Statement - linkLogmembername = linkUserName.get(i).getText(): null

2018-09-05 18:22:54 - [TEST_STEP][PASSED] - Statement - out.println("new Admin :" + linkLogmembername): null

2018-09-05 18:22:54 - [TEST_STEP][PASSED] - Statement - If (linkLogmembername.equals(teamMeberName)): null

2018-09-05 18:22:54 - [TEST_STEP][PASSED] - Statement - out.println("Admin Console: " + linkUserName.get(i).getText()): null

2018-09-05 18:22:54 - [TEST_STEP][PASSED] - Statement - linkLogmembername = linkUserName.get(i).getText(): null

2018-09-05 18:22:54 - [TEST_STEP][PASSED] - Statement - out.println("new Admin :" + linkLogmembername): null

2018-09-05 18:22:54 - [TEST_STEP][PASSED] - Statement - If (linkLogmembername.equals(teamMeberName)): null

2018-09-05 18:22:54 - [TEST_STEP][PASSED] - Statement - out.println("Admin Console: " + linkUserName.get(i).getText()): null

2018-09-05 18:22:54 - [TEST_STEP][PASSED] - Statement - linkLogmembername = linkUserName.get(i).getText(): null

2018-09-05 18:22:54 - [TEST_STEP][PASSED] - Statement - out.println("new Admin :" + linkLogmembername): null

2018-09-05 18:22:54 - [TEST_STEP][PASSED] - Statement - If (linkLogmembername.equals(teamMeberName)): null

2018-09-05 18:22:54 - [TEST_STEP][PASSED] - Statement - out.println("Admin Console: " + linkUserName.get(i).getText()): null

2018-09-05 18:22:54 - [TEST_STEP][PASSED] - Statement - linkLogmembername = linkUserName.get(i).getText(): null

2018-09-05 18:22:54 - [TEST_STEP][PASSED] - Statement - out.println("new Admin :" + linkLogmembername): null

2018-09-05 18:22:54 - [TEST_STEP][PASSED] - Statement - If (linkLogmembername.equals(teamMeberName)): null

2018-09-05 18:22:54 - [TEST_STEP][PASSED] - Statement - out.println("Admin Console: " + linkUserName.get(i).getText()): null

2018-09-05 18:22:54 - [TEST_STEP][PASSED] - Statement - linkLogmembername = linkUserName.get(i).getText(): null

2018-09-05 18:22:54 - [TEST_STEP][PASSED] - Statement - out.println("new Admin :" + linkLogmembername): null

2018-09-05 18:22:54 - [TEST_STEP][PASSED] - Statement - If (linkLogmembername.equals(teamMeberName)): null

2018-09-05 18:22:54 - [TEST_STEP][PASSED] - Statement - out.println("Admin Console: " + linkUserName.get(i).getText()): null

2018-09-05 18:22:54 - [TEST_STEP][PASSED] - Statement - linkLogmembername = linkUserName.get(i).getText(): null

2018-09-05 18:22:54 - [TEST_STEP][PASSED] - Statement - out.println("new Admin :" + linkLogmembername): null

2018-09-05 18:22:54 - [TEST_STEP][PASSED] - Statement - If (linkLogmembername.equals(teamMeberName)): null

2018-09-05 18:22:54 - [TEST_STEP][PASSED] - Statement - If (com.kms.katalon.core.webui.keyword.WebUiBuiltInKeywords.verifyElementPresent(com.kms.katalon.core.testobject.ObjectRepository.findTestObject(Object Repository/linkLog/customerProfileDetails), 5, OPTIONAL)): null

2018-09-05 18:22:54 - [MESSAGE][PASSED] - Object 'Object Repository/linkLog/customerProfileDetails' is present

2018-09-05 18:22:54 - [TEST_STEP][PASSED] - Statement - println("open link log successful"): null

2018-09-05 18:22:54 - [TEST_STEP][PASSED] - Statement - If (com.kms.katalon.core.webui.keyword.WebUiBuiltInKeywords.verifyElementPresent(com.kms.katalon.core.testobject.ObjectRepository.findTestObject(Object Repository/Notes/addNotesCustomerDetails), 2)): null

2018-09-05 18:22:54 - [MESSAGE][PASSED] - Object 'Object Repository/Notes/addNotesCustomerDetails' is present

2018-09-05 18:22:54 - [TEST_STEP][PASSED] - click: Object: 'Object Repository/Notes/addNotesCustomerDetails' is clicked on

2018-09-05 18:22:54 - [MESSAGE][PASSED] - Object: 'Object Repository/Notes/addNotesCustomerDetails' is clicked on

2018-09-05 18:22:54 - [TEST_STEP][PASSED] - Statement - println("successful"): null

2018-09-05 18:22:54 - [TEST_STEP][PASSED] - setText: Text 'Mass media campaigns are widely used to expose high proportions of large populations to messages through routine uses of existing media, such as television, radio, and newspapers.' is set on object 'Object Repository/Notes/notesInputBox'

2018-09-05 18:22:56 - [MESSAGE][PASSED] - Text 'Mass media campaigns are widely used to expose high proportions of large populations to messages through routine uses of existing media, such as television, radio, and newspapers.' is set on object 'Object Repository/Notes/notesInputBox'

2018-09-05 18:22:56 - [TEST_STEP][PASSED] - Statement - If (com.kms.katalon.core.webui.keyword.WebUiBuiltInKeywords.verifyElementPresent(com.kms.katalon.core.testobject.ObjectRepository.findTestObject(Object Repository/Notes/saveNotesButton), 2)): null

2018-09-05 18:22:56 - [MESSAGE][PASSED] - Object 'Object Repository/Notes/saveNotesButton' is present

2018-09-05 18:22:56 - [TEST_STEP][PASSED] - click: Object: 'Object Repository/Notes/saveNotesButton' is clicked on

2018-09-05 18:22:56 - [MESSAGE][PASSED] - Object: 'Object Repository/Notes/saveNotesButton' is clicked on

2018-09-05 18:22:56 - [TEST_STEP][PASSED] - Statement - println("successful"): null

2018-09-05 18:22:56 - [TEST_STEP][PASSED] - Statement - If (com.kms.katalon.core.webui.keyword.WebUiBuiltInKeywords.verifyElementPresent(com.kms.katalon.core.testobject.ObjectRepository.findTestObject(Dashboard_Link Generator/validation), 5)): null

2018-09-05 18:22:57 - [MESSAGE][PASSED] - Object 'Object Repository/Dashboard_Link Generator/validation' is present

2018-09-05 18:22:57 - [TEST_STEP][PASSED] - Statement - validationMessage = com.kms.katalon.core.webui.keyword.WebUiBuiltInKeywords.getText(com.kms.katalon.core.testobject.ObjectRepository.findTestObject(Dashboard_Link Generator/validation)): Text of object 'Object Repository/Dashboard_Link Generator/validation' is: 'Note Added.!'

2018-09-05 18:22:57 - [MESSAGE][PASSED] - Text of object 'Object Repository/Dashboard_Link Generator/validation' is: 'Note Added.!'

2018-09-05 18:22:57 - [TEST_STEP][PASSED] - verifyMatch: Actual text 'Note Added.!' and expected text 'Note Added.!' are matched 

2018-09-05 18:22:57 - [MESSAGE][PASSED] - Actual text 'Note Added.!' and expected text 'Note Added.!' are matched 

2018-09-05 18:22:57 - [TEST_STEP][PASSED] - Statement - println("successful"): null

2018-09-05 18:22:57 - [TEST_STEP][PASSED] - Statement - If (com.kms.katalon.core.webui.keyword.WebUiBuiltInKeywords.verifyElementPresent(com.kms.katalon.core.testobject.ObjectRepository.findTestObject(Object Repository/Notes/activityLog), 5)): null

2018-09-05 18:22:57 - [MESSAGE][PASSED] - Object 'Object Repository/Notes/activityLog' is present

2018-09-05 18:22:57 - [TEST_STEP][PASSED] - click: Object: 'Object Repository/Notes/activityLog' is clicked on

2018-09-05 18:22:57 - [MESSAGE][PASSED] - Object: 'Object Repository/Notes/activityLog' is clicked on

2018-09-05 18:22:57 - [TEST_STEP][PASSED] - Statement - println("successful"): null

2018-09-05 18:22:57 - [TEST_STEP][PASSED] - clickOffset: Object: 'Object Repository/customerDetailsEdit/customerDetailScreen' is clicked on using offset x=100 and y=200

2018-09-05 18:22:57 - [MESSAGE][PASSED] - Object: 'Object Repository/customerDetailsEdit/customerDetailScreen' is clicked on using offset x=100 and y=200

2018-09-05 18:22:57 - [TEST_STEP][PASSED] - click: Object: 'Object Repository/customerDetailsEdit/refreshButton' is clicked on

2018-09-05 18:22:57 - [MESSAGE][PASSED] - Object: 'Object Repository/customerDetailsEdit/refreshButton' is clicked on]]></system-out>
         <system-err><![CDATA[]]></system-err>
      </testcase>
      <testcase name="Test Cases/completed/TestCase5_paginationNavigate/pagination" classname="Test Cases/completed/TestCase5_paginationNavigate/pagination" status="PASSED">
         <system-out><![CDATA[2018-09-05 18:22:57 - [TEST_CASE][PASSED] - Test Cases/completed/TestCase5_paginationNavigate/pagination: Test Cases/completed/TestCase5_paginationNavigate/pagination

2018-09-05 18:22:58 - [TEST_STEP][PASSED] - callTestCase: Call Test Case 'Test Cases/BVT/aSimple_Login' successfully

2018-09-05 18:22:58 - [TEST_CASE][PASSED] - Test Cases/BVT/aSimple_Login: Test Cases/BVT/aSimple_Login

2018-09-05 18:22:58 - [TEST_STEP][PASSED] - openBrowser: Browser is opened with url: ''

2018-09-05 18:22:58 - [MESSAGE][WARNING] - A browser is already opened. Closing browser and opening a new one

2018-09-05 18:23:03 - [MESSAGE][PASSED] - Browser is opened with url: ''

2018-09-05 18:23:03 - [TEST_STEP][PASSED] - maximizeWindow: Current window maximized

2018-09-05 18:23:04 - [MESSAGE][PASSED] - Current window maximized

2018-09-05 18:23:04 - [TEST_STEP][PASSED] - navigateToUrl: Navigate to 'https://dev.vcalling.in/enterprises/UAT/Dashboard/index.html' successfully

2018-09-05 18:23:08 - [MESSAGE][PASSED] - Navigate to 'https://dev.vcalling.in/enterprises/UAT/Dashboard/index.html' successfully

2018-09-05 18:23:08 - [TEST_STEP][PASSED] - setText: Text 'testing4dea@gmail.com' is set on object 'Object Repository/Login/UserId'

2018-09-05 18:23:09 - [MESSAGE][PASSED] - Text 'testing4dea@gmail.com' is set on object 'Object Repository/Login/UserId'

2018-09-05 18:23:09 - [TEST_STEP][PASSED] - click: Object: 'Object Repository/Login/div_GET OTP' is clicked on

2018-09-05 18:23:10 - [MESSAGE][PASSED] - Object: 'Object Repository/Login/div_GET OTP' is clicked on

2018-09-05 18:23:10 - [TEST_STEP][PASSED] - waitForElementPresent: Object 'Object Repository/Login/div_SUBMIT' is present

2018-09-05 18:23:11 - [MESSAGE][PASSED] - Object 'Object Repository/Login/div_SUBMIT' is present

2018-09-05 18:23:11 - [TEST_STEP][PASSED] - Statement - If (com.kms.katalon.core.webui.keyword.WebUiBuiltInKeywords.verifyElementNotPresent(com.kms.katalon.core.testobject.ObjectRepository.findTestObject(Login/div_SUBMIT), 5, OPTIONAL)): Web element with id: 'Object Repository/Login/div_SUBMIT' located by 'By.xpath: //div[(text() = ' SUBMIT ' or . = ' SUBMIT ')]' is present after '5' second(s)

2018-09-05 18:23:17 - [MESSAGE][WARNING] - Web element with id: 'Object Repository/Login/div_SUBMIT' located by 'By.xpath: //div[(text() = ' SUBMIT ' or . = ' SUBMIT ')]' is present after '5' second(s)
[[ATTACHMENT|C:\\Users\\User\\Desktop\\Katalon Studio\\Katalon Studio\\vCallingDashboard\\Reports\\RegressionSuite\\20180905_175530\\1536151997153.png]]

2018-09-05 18:23:17 - [TEST_STEP][PASSED] - Statement - sleep(5000): null

2018-09-05 18:23:22 - [TEST_STEP][PASSED] - Statement - OTP = getOTP(): null

2018-09-05 18:23:22 - [TEST_STEP][PASSED] - Statement - host = "imap.gmail.com": null

2018-09-05 18:23:22 - [TEST_STEP][PASSED] - Statement - msg = <not implemented yet for class: org.codehaus.groovy.ast.expr.EmptyExpression>: null

2018-09-05 18:23:22 - [TEST_STEP][PASSED] - Statement - msgSub = <not implemented yet for class: org.codehaus.groovy.ast.expr.EmptyExpression>: null

2018-09-05 18:23:22 - [TEST_STEP][PASSED] - Statement - OTP = "unavailable": null

2018-09-05 18:23:22 - [TEST_STEP][PASSED] - Statement - props = new java.util.Properties(): null

2018-09-05 18:23:22 - [TEST_STEP][PASSED] - Statement - props.setProperty("mail.imap.ssl.enable", "true"): null

2018-09-05 18:23:22 - [TEST_STEP][PASSED] - Statement - session = javax.mail.Session.getInstance(props): null

2018-09-05 18:23:22 - [TEST_STEP][PASSED] - Statement - store = <not implemented yet for class: org.codehaus.groovy.ast.expr.EmptyExpression>: null

2018-09-05 18:23:22 - [TEST_STEP][PASSED] - Statement - Try: null

2018-09-05 18:23:22 - [TEST_STEP][PASSED] - Statement - store = session.getStore("imap"): null

2018-09-05 18:23:22 - [TEST_STEP][PASSED] - Statement - store.connect(host, Email, Password): null

2018-09-05 18:23:25 - [TEST_STEP][PASSED] - Statement - emailFolder = store.getFolder("INBOX"): null

2018-09-05 18:23:25 - [TEST_STEP][PASSED] - Statement - emailFolder.open(READ_WRITE): null

2018-09-05 18:23:25 - [TEST_STEP][PASSED] - Statement - messages = emailFolder.getMessages(): null

2018-09-05 18:23:25 - [TEST_STEP][PASSED] - Statement - n = length: null

2018-09-05 18:23:25 - [TEST_STEP][PASSED] - Statement - message = messages[n - 1]: null

2018-09-05 18:23:25 - [TEST_STEP][PASSED] - Statement - msgSub = message.getSubject(): null

2018-09-05 18:23:25 - [TEST_STEP][PASSED] - Statement - If (msgSub.equals("OTP to Sign In")): null

2018-09-05 18:23:25 - [TEST_STEP][PASSED] - Statement - msg = message.getContent().toString(): null

2018-09-05 18:23:26 - [TEST_STEP][PASSED] - Statement - OTP = msg.substring(msg.length() - 7): null

2018-09-05 18:23:26 - [TEST_STEP][PASSED] - Statement - message.setFlag(DELETED, true): null

2018-09-05 18:23:27 - [TEST_STEP][PASSED] - Statement - emailFolder.close(true): null

2018-09-05 18:23:27 - [TEST_STEP][PASSED] - Statement - store.close(): null

2018-09-05 18:23:27 - [TEST_STEP][PASSED] - Statement - return OTP: null

2018-09-05 18:23:27 - [TEST_STEP][PASSED] - Statement - If (OTP.equals("unavailable")): null

2018-09-05 18:23:27 - [TEST_STEP][PASSED] - Statement - Else: Text 'p1913
' is set on object 'Object Repository/Login/OtpInput'

2018-09-05 18:23:27 - [TEST_STEP][PASSED] - setText: Text 'p1913
' is set on object 'Object Repository/Login/OtpInput'

2018-09-05 18:23:27 - [MESSAGE][PASSED] - Text 'p1913
' is set on object 'Object Repository/Login/OtpInput'

2018-09-05 18:23:27 - [TEST_STEP][PASSED] - verifyElementPresent: Object 'Object Repository/Login/afterOpenDisplay' is present

2018-09-05 18:23:28 - [MESSAGE][PASSED] - Object 'Object Repository/Login/afterOpenDisplay' is present

2018-09-05 18:23:28 - [MESSAGE][PASSED] - Call Test Case 'Test Cases/BVT/aSimple_Login' successfully

2018-09-05 18:23:28 - [TEST_STEP][PASSED] - delay: Delayed 2 second(s)

2018-09-05 18:23:30 - [MESSAGE][PASSED] - Delayed 2 second(s)

2018-09-05 18:23:30 - [TEST_STEP][PASSED] - Statement - driver = com.kms.katalon.core.webui.driver.DriverFactory.getWebDriver(): null

2018-09-05 18:23:30 - [TEST_STEP][PASSED] - Statement - linkLog = driver.findElements(org.openqa.selenium.By.xpath("/html/body/div[2]/div/div/div[2]/div[2]/div[1]/div[2]/div")): null

2018-09-05 18:23:30 - [TEST_STEP][PASSED] - Statement - println("linklogCount :" + linkLog.size()): null

2018-09-05 18:23:30 - [TEST_STEP][PASSED] - Statement - sizeStore = linkLog.size(): null

2018-09-05 18:23:30 - [TEST_STEP][PASSED] - Statement - linkGeneratorCount = driver.findElement(org.openqa.selenium.By.xpath("/html/body/div[2]/div/div/div[2]/div[2]/div[1]/div[1]/div[5]/div[1]/div[1]")).getText(): null

2018-09-05 18:23:30 - [TEST_STEP][PASSED] - Statement - println(linkGeneratorCount): null

2018-09-05 18:23:30 - [TEST_STEP][PASSED] - Statement - linkGeneratorCount = java.lang.Integer.parseInt(linkGeneratorCount.split(" ")[0]): null

2018-09-05 18:23:30 - [TEST_STEP][PASSED] - Statement - println(linkGeneratorCount): null

2018-09-05 18:23:30 - [TEST_STEP][PASSED] - Statement - If (com.kms.katalon.core.webui.keyword.WebUiBuiltInKeywords.verifyElementPresent(com.kms.katalon.core.testobject.ObjectRepository.findTestObject(Object Repository/pagi/paginationFooter), 2)): Object 'Object Repository/pagi/div_pagination-icon' is present

2018-09-05 18:23:30 - [MESSAGE][PASSED] - Object 'Object Repository/pagi/paginationFooter' is present

2018-09-05 18:23:30 - [TEST_STEP][PASSED] - Statement - cssValue = com.kms.katalon.core.webui.keyword.WebUiBuiltInKeywords.getCSSValue(com.kms.katalon.core.testobject.ObjectRepository.findTestObject(pagi/div_pagination-icon next-icn), "background"): Get CSS 'background' value on 'Object Repository/pagi/div_pagination-icon next-icn' successfully: 'rgba(0, 0, 0, 0) url("blob:https://dev.vcalling.in/c2ea0dd2-8e09-4f0c-96e5-d5b83c544a58") repeat scroll 0% 0% / 100% 100% padding-box border-box'.

2018-09-05 18:23:30 - [MESSAGE][PASSED] - Get CSS 'background' value on 'Object Repository/pagi/div_pagination-icon next-icn' successfully: 'rgba(0, 0, 0, 0) url("blob:https://dev.vcalling.in/c2ea0dd2-8e09-4f0c-96e5-d5b83c544a58") repeat scroll 0% 0% / 100% 100% padding-box border-box'.

2018-09-05 18:23:31 - [TEST_STEP][PASSED] - Statement - println(cssValue): null

2018-09-05 18:23:31 - [TEST_STEP][PASSED] - Statement - words = cssValue.split(""")[1]: null

2018-09-05 18:23:31 - [TEST_STEP][PASSED] - Statement - out.println(words): null

2018-09-05 18:23:31 - [TEST_STEP][PASSED] - Statement - word2 = words.split("/")[3]: null

2018-09-05 18:23:31 - [TEST_STEP][PASSED] - Statement - out.println(word2): null

2018-09-05 18:23:31 - [TEST_STEP][PASSED] - Statement - inActiveCssValue = com.kms.katalon.core.webui.keyword.WebUiBuiltInKeywords.getCSSValue(com.kms.katalon.core.testobject.ObjectRepository.findTestObject(pagi/div_pagination-icon), "background"): Get CSS 'background' value on 'Object Repository/pagi/div_pagination-icon' successfully: 'rgba(0, 0, 0, 0) url("blob:https://dev.vcalling.in/fc901f39-6e8a-45f1-9a4f-b3ad7c7a2fa1") repeat scroll 0% 0% / 100% 100% padding-box border-box'.

2018-09-05 18:23:31 - [MESSAGE][PASSED] - Get CSS 'background' value on 'Object Repository/pagi/div_pagination-icon' successfully: 'rgba(0, 0, 0, 0) url("blob:https://dev.vcalling.in/fc901f39-6e8a-45f1-9a4f-b3ad7c7a2fa1") repeat scroll 0% 0% / 100% 100% padding-box border-box'.

2018-09-05 18:23:31 - [TEST_STEP][PASSED] - Statement - println(inActiveCssValue): null

2018-09-05 18:23:31 - [TEST_STEP][PASSED] - Statement - notActivatedCss = inActiveCssValue.split(""")[1]: null

2018-09-05 18:23:31 - [TEST_STEP][PASSED] - Statement - out.println(notActivatedCss): null

2018-09-05 18:23:31 - [TEST_STEP][PASSED] - Statement - cssNotActive = notActivatedCss.split("/")[3]: null

2018-09-05 18:23:31 - [TEST_STEP][PASSED] - Statement - out.println(cssNotActive): null

2018-09-05 18:23:31 - [TEST_STEP][PASSED] - Statement - If (linkGeneratorCount > sizeStore - 2): Object 'Object Repository/pagi/div_pagination-icon' is present

2018-09-05 18:23:31 - [TEST_STEP][PASSED] - Statement - compare = true: null

2018-09-05 18:23:31 - [TEST_STEP][PASSED] - Statement - While (compare): Object 'Object Repository/pagi/div_pagination-icon' is present

2018-09-05 18:23:31 - [TEST_STEP][PASSED] - Statement - (linkGeneratorCount++): null

2018-09-05 18:23:31 - [TEST_STEP][PASSED] - click: Object: 'Object Repository/pagi/div_pagination-icon next-icn' is clicked on

2018-09-05 18:23:31 - [MESSAGE][PASSED] - Object: 'Object Repository/pagi/div_pagination-icon next-icn' is clicked on

2018-09-05 18:23:31 - [TEST_STEP][PASSED] - Statement - cssValue = com.kms.katalon.core.webui.keyword.WebUiBuiltInKeywords.getCSSValue(com.kms.katalon.core.testobject.ObjectRepository.findTestObject(pagi/div_pagination-icon next-icn), "background"): Get CSS 'background' value on 'Object Repository/pagi/div_pagination-icon next-icn' successfully: 'rgba(0, 0, 0, 0) url("blob:https://dev.vcalling.in/c2ea0dd2-8e09-4f0c-96e5-d5b83c544a58") repeat scroll 0% 0% / 100% 100% padding-box border-box'.

2018-09-05 18:23:31 - [MESSAGE][PASSED] - Get CSS 'background' value on 'Object Repository/pagi/div_pagination-icon next-icn' successfully: 'rgba(0, 0, 0, 0) url("blob:https://dev.vcalling.in/c2ea0dd2-8e09-4f0c-96e5-d5b83c544a58") repeat scroll 0% 0% / 100% 100% padding-box border-box'.

2018-09-05 18:23:31 - [TEST_STEP][PASSED] - Statement - println(cssValue): null

2018-09-05 18:23:31 - [TEST_STEP][PASSED] - delay: Delayed 5 second(s)

2018-09-05 18:23:36 - [MESSAGE][PASSED] - Delayed 5 second(s)

2018-09-05 18:23:36 - [TEST_STEP][PASSED] - Statement - words = cssValue.split(""")[1]: null

2018-09-05 18:23:36 - [TEST_STEP][PASSED] - Statement - out.println(words): null

2018-09-05 18:23:36 - [TEST_STEP][PASSED] - Statement - word2 = words.split("/")[3]: null

2018-09-05 18:23:36 - [TEST_STEP][PASSED] - Statement - out.println(word2): null

2018-09-05 18:23:36 - [TEST_STEP][PASSED] - Statement - compare = cssNotActive != word2: null

2018-09-05 18:23:36 - [TEST_STEP][PASSED] - Statement - println(compare): null

2018-09-05 18:23:36 - [TEST_STEP][PASSED] - verifyElementPresent: Object 'Object Repository/pagi/div_pagination-icon' is present

2018-09-05 18:23:36 - [MESSAGE][PASSED] - Object 'Object Repository/pagi/div_pagination-icon' is present

2018-09-05 18:23:36 - [TEST_STEP][PASSED] - Statement - (linkGeneratorCount++): null

2018-09-05 18:23:36 - [TEST_STEP][PASSED] - click: Object: 'Object Repository/pagi/div_pagination-icon next-icn' is clicked on

2018-09-05 18:23:36 - [MESSAGE][PASSED] - Object: 'Object Repository/pagi/div_pagination-icon next-icn' is clicked on

2018-09-05 18:23:36 - [TEST_STEP][PASSED] - Statement - cssValue = com.kms.katalon.core.webui.keyword.WebUiBuiltInKeywords.getCSSValue(com.kms.katalon.core.testobject.ObjectRepository.findTestObject(pagi/div_pagination-icon next-icn), "background"): Get CSS 'background' value on 'Object Repository/pagi/div_pagination-icon next-icn' successfully: 'rgba(0, 0, 0, 0) url("blob:https://dev.vcalling.in/c2ea0dd2-8e09-4f0c-96e5-d5b83c544a58") repeat scroll 0% 0% / 100% 100% padding-box border-box'.

2018-09-05 18:23:36 - [MESSAGE][PASSED] - Get CSS 'background' value on 'Object Repository/pagi/div_pagination-icon next-icn' successfully: 'rgba(0, 0, 0, 0) url("blob:https://dev.vcalling.in/c2ea0dd2-8e09-4f0c-96e5-d5b83c544a58") repeat scroll 0% 0% / 100% 100% padding-box border-box'.

2018-09-05 18:23:36 - [TEST_STEP][PASSED] - Statement - println(cssValue): null

2018-09-05 18:23:36 - [TEST_STEP][PASSED] - delay: Delayed 5 second(s)

2018-09-05 18:23:41 - [MESSAGE][PASSED] - Delayed 5 second(s)

2018-09-05 18:23:41 - [TEST_STEP][PASSED] - Statement - words = cssValue.split(""")[1]: null

2018-09-05 18:23:41 - [TEST_STEP][PASSED] - Statement - out.println(words): null

2018-09-05 18:23:41 - [TEST_STEP][PASSED] - Statement - word2 = words.split("/")[3]: null

2018-09-05 18:23:41 - [TEST_STEP][PASSED] - Statement - out.println(word2): null

2018-09-05 18:23:41 - [TEST_STEP][PASSED] - Statement - compare = cssNotActive != word2: null

2018-09-05 18:23:41 - [TEST_STEP][PASSED] - Statement - println(compare): null

2018-09-05 18:23:41 - [TEST_STEP][PASSED] - verifyElementPresent: Object 'Object Repository/pagi/div_pagination-icon' is present

2018-09-05 18:23:41 - [MESSAGE][PASSED] - Object 'Object Repository/pagi/div_pagination-icon' is present

2018-09-05 18:23:41 - [TEST_STEP][PASSED] - Statement - (linkGeneratorCount++): null

2018-09-05 18:23:41 - [TEST_STEP][PASSED] - click: Object: 'Object Repository/pagi/div_pagination-icon next-icn' is clicked on

2018-09-05 18:23:41 - [MESSAGE][PASSED] - Object: 'Object Repository/pagi/div_pagination-icon next-icn' is clicked on

2018-09-05 18:23:41 - [TEST_STEP][PASSED] - Statement - cssValue = com.kms.katalon.core.webui.keyword.WebUiBuiltInKeywords.getCSSValue(com.kms.katalon.core.testobject.ObjectRepository.findTestObject(pagi/div_pagination-icon next-icn), "background"): Get CSS 'background' value on 'Object Repository/pagi/div_pagination-icon next-icn' successfully: 'rgba(0, 0, 0, 0) url("blob:https://dev.vcalling.in/c2ea0dd2-8e09-4f0c-96e5-d5b83c544a58") repeat scroll 0% 0% / 100% 100% padding-box border-box'.

2018-09-05 18:23:41 - [MESSAGE][PASSED] - Get CSS 'background' value on 'Object Repository/pagi/div_pagination-icon next-icn' successfully: 'rgba(0, 0, 0, 0) url("blob:https://dev.vcalling.in/c2ea0dd2-8e09-4f0c-96e5-d5b83c544a58") repeat scroll 0% 0% / 100% 100% padding-box border-box'.

2018-09-05 18:23:41 - [TEST_STEP][PASSED] - Statement - println(cssValue): null

2018-09-05 18:23:41 - [TEST_STEP][PASSED] - delay: Delayed 5 second(s)

2018-09-05 18:23:46 - [MESSAGE][PASSED] - Delayed 5 second(s)

2018-09-05 18:23:46 - [TEST_STEP][PASSED] - Statement - words = cssValue.split(""")[1]: null

2018-09-05 18:23:46 - [TEST_STEP][PASSED] - Statement - out.println(words): null

2018-09-05 18:23:46 - [TEST_STEP][PASSED] - Statement - word2 = words.split("/")[3]: null

2018-09-05 18:23:46 - [TEST_STEP][PASSED] - Statement - out.println(word2): null

2018-09-05 18:23:46 - [TEST_STEP][PASSED] - Statement - compare = cssNotActive != word2: null

2018-09-05 18:23:46 - [TEST_STEP][PASSED] - Statement - println(compare): null

2018-09-05 18:23:46 - [TEST_STEP][PASSED] - verifyElementPresent: Object 'Object Repository/pagi/div_pagination-icon' is present

2018-09-05 18:23:46 - [MESSAGE][PASSED] - Object 'Object Repository/pagi/div_pagination-icon' is present

2018-09-05 18:23:46 - [TEST_STEP][PASSED] - Statement - (linkGeneratorCount++): null

2018-09-05 18:23:46 - [TEST_STEP][PASSED] - click: Object: 'Object Repository/pagi/div_pagination-icon next-icn' is clicked on

2018-09-05 18:23:46 - [MESSAGE][PASSED] - Object: 'Object Repository/pagi/div_pagination-icon next-icn' is clicked on

2018-09-05 18:23:46 - [TEST_STEP][PASSED] - Statement - cssValue = com.kms.katalon.core.webui.keyword.WebUiBuiltInKeywords.getCSSValue(com.kms.katalon.core.testobject.ObjectRepository.findTestObject(pagi/div_pagination-icon next-icn), "background"): Get CSS 'background' value on 'Object Repository/pagi/div_pagination-icon next-icn' successfully: 'rgba(0, 0, 0, 0) url("blob:https://dev.vcalling.in/c2ea0dd2-8e09-4f0c-96e5-d5b83c544a58") repeat scroll 0% 0% / 100% 100% padding-box border-box'.

2018-09-05 18:23:47 - [MESSAGE][PASSED] - Get CSS 'background' value on 'Object Repository/pagi/div_pagination-icon next-icn' successfully: 'rgba(0, 0, 0, 0) url("blob:https://dev.vcalling.in/c2ea0dd2-8e09-4f0c-96e5-d5b83c544a58") repeat scroll 0% 0% / 100% 100% padding-box border-box'.

2018-09-05 18:23:47 - [TEST_STEP][PASSED] - Statement - println(cssValue): null

2018-09-05 18:23:47 - [TEST_STEP][PASSED] - delay: Delayed 5 second(s)

2018-09-05 18:23:52 - [MESSAGE][PASSED] - Delayed 5 second(s)

2018-09-05 18:23:52 - [TEST_STEP][PASSED] - Statement - words = cssValue.split(""")[1]: null

2018-09-05 18:23:52 - [TEST_STEP][PASSED] - Statement - out.println(words): null

2018-09-05 18:23:52 - [TEST_STEP][PASSED] - Statement - word2 = words.split("/")[3]: null

2018-09-05 18:23:52 - [TEST_STEP][PASSED] - Statement - out.println(word2): null

2018-09-05 18:23:52 - [TEST_STEP][PASSED] - Statement - compare = cssNotActive != word2: null

2018-09-05 18:23:52 - [TEST_STEP][PASSED] - Statement - println(compare): null

2018-09-05 18:23:52 - [TEST_STEP][PASSED] - verifyElementPresent: Object 'Object Repository/pagi/div_pagination-icon' is present

2018-09-05 18:23:52 - [MESSAGE][PASSED] - Object 'Object Repository/pagi/div_pagination-icon' is present

2018-09-05 18:23:52 - [TEST_STEP][PASSED] - Statement - (linkGeneratorCount++): null

2018-09-05 18:23:52 - [TEST_STEP][PASSED] - click: Object: 'Object Repository/pagi/div_pagination-icon next-icn' is clicked on

2018-09-05 18:23:52 - [MESSAGE][PASSED] - Object: 'Object Repository/pagi/div_pagination-icon next-icn' is clicked on

2018-09-05 18:23:52 - [TEST_STEP][PASSED] - Statement - cssValue = com.kms.katalon.core.webui.keyword.WebUiBuiltInKeywords.getCSSValue(com.kms.katalon.core.testobject.ObjectRepository.findTestObject(pagi/div_pagination-icon next-icn), "background"): Get CSS 'background' value on 'Object Repository/pagi/div_pagination-icon next-icn' successfully: 'rgba(0, 0, 0, 0) url("blob:https://dev.vcalling.in/c2ea0dd2-8e09-4f0c-96e5-d5b83c544a58") repeat scroll 0% 0% / 100% 100% padding-box border-box'.

2018-09-05 18:23:52 - [MESSAGE][PASSED] - Get CSS 'background' value on 'Object Repository/pagi/div_pagination-icon next-icn' successfully: 'rgba(0, 0, 0, 0) url("blob:https://dev.vcalling.in/c2ea0dd2-8e09-4f0c-96e5-d5b83c544a58") repeat scroll 0% 0% / 100% 100% padding-box border-box'.

2018-09-05 18:23:52 - [TEST_STEP][PASSED] - Statement - println(cssValue): null

2018-09-05 18:23:52 - [TEST_STEP][PASSED] - delay: Delayed 5 second(s)

2018-09-05 18:23:57 - [MESSAGE][PASSED] - Delayed 5 second(s)

2018-09-05 18:23:57 - [TEST_STEP][PASSED] - Statement - words = cssValue.split(""")[1]: null

2018-09-05 18:23:57 - [TEST_STEP][PASSED] - Statement - out.println(words): null

2018-09-05 18:23:57 - [TEST_STEP][PASSED] - Statement - word2 = words.split("/")[3]: null

2018-09-05 18:23:57 - [TEST_STEP][PASSED] - Statement - out.println(word2): null

2018-09-05 18:23:57 - [TEST_STEP][PASSED] - Statement - compare = cssNotActive != word2: null

2018-09-05 18:23:57 - [TEST_STEP][PASSED] - Statement - println(compare): null

2018-09-05 18:23:57 - [TEST_STEP][PASSED] - verifyElementPresent: Object 'Object Repository/pagi/div_pagination-icon' is present

2018-09-05 18:23:57 - [MESSAGE][PASSED] - Object 'Object Repository/pagi/div_pagination-icon' is present

2018-09-05 18:23:57 - [TEST_STEP][PASSED] - Statement - (linkGeneratorCount++): null

2018-09-05 18:23:57 - [TEST_STEP][PASSED] - click: Object: 'Object Repository/pagi/div_pagination-icon next-icn' is clicked on

2018-09-05 18:23:57 - [MESSAGE][PASSED] - Object: 'Object Repository/pagi/div_pagination-icon next-icn' is clicked on

2018-09-05 18:23:57 - [TEST_STEP][PASSED] - Statement - cssValue = com.kms.katalon.core.webui.keyword.WebUiBuiltInKeywords.getCSSValue(com.kms.katalon.core.testobject.ObjectRepository.findTestObject(pagi/div_pagination-icon next-icn), "background"): Get CSS 'background' value on 'Object Repository/pagi/div_pagination-icon next-icn' successfully: 'rgba(0, 0, 0, 0) url("blob:https://dev.vcalling.in/c2ea0dd2-8e09-4f0c-96e5-d5b83c544a58") repeat scroll 0% 0% / 100% 100% padding-box border-box'.

2018-09-05 18:23:57 - [MESSAGE][PASSED] - Get CSS 'background' value on 'Object Repository/pagi/div_pagination-icon next-icn' successfully: 'rgba(0, 0, 0, 0) url("blob:https://dev.vcalling.in/c2ea0dd2-8e09-4f0c-96e5-d5b83c544a58") repeat scroll 0% 0% / 100% 100% padding-box border-box'.

2018-09-05 18:23:57 - [TEST_STEP][PASSED] - Statement - println(cssValue): null

2018-09-05 18:23:57 - [TEST_STEP][PASSED] - delay: Delayed 5 second(s)

2018-09-05 18:24:02 - [MESSAGE][PASSED] - Delayed 5 second(s)

2018-09-05 18:24:02 - [TEST_STEP][PASSED] - Statement - words = cssValue.split(""")[1]: null

2018-09-05 18:24:02 - [TEST_STEP][PASSED] - Statement - out.println(words): null

2018-09-05 18:24:02 - [TEST_STEP][PASSED] - Statement - word2 = words.split("/")[3]: null

2018-09-05 18:24:02 - [TEST_STEP][PASSED] - Statement - out.println(word2): null

2018-09-05 18:24:02 - [TEST_STEP][PASSED] - Statement - compare = cssNotActive != word2: null

2018-09-05 18:24:02 - [TEST_STEP][PASSED] - Statement - println(compare): null

2018-09-05 18:24:02 - [TEST_STEP][PASSED] - verifyElementPresent: Object 'Object Repository/pagi/div_pagination-icon' is present

2018-09-05 18:24:02 - [MESSAGE][PASSED] - Object 'Object Repository/pagi/div_pagination-icon' is present

2018-09-05 18:24:02 - [TEST_STEP][PASSED] - Statement - (linkGeneratorCount++): null

2018-09-05 18:24:02 - [TEST_STEP][PASSED] - click: Object: 'Object Repository/pagi/div_pagination-icon next-icn' is clicked on

2018-09-05 18:24:02 - [MESSAGE][PASSED] - Object: 'Object Repository/pagi/div_pagination-icon next-icn' is clicked on

2018-09-05 18:24:02 - [TEST_STEP][PASSED] - Statement - cssValue = com.kms.katalon.core.webui.keyword.WebUiBuiltInKeywords.getCSSValue(com.kms.katalon.core.testobject.ObjectRepository.findTestObject(pagi/div_pagination-icon next-icn), "background"): Get CSS 'background' value on 'Object Repository/pagi/div_pagination-icon next-icn' successfully: 'rgba(0, 0, 0, 0) url("blob:https://dev.vcalling.in/c2ea0dd2-8e09-4f0c-96e5-d5b83c544a58") repeat scroll 0% 0% / 100% 100% padding-box border-box'.

2018-09-05 18:24:02 - [MESSAGE][PASSED] - Get CSS 'background' value on 'Object Repository/pagi/div_pagination-icon next-icn' successfully: 'rgba(0, 0, 0, 0) url("blob:https://dev.vcalling.in/c2ea0dd2-8e09-4f0c-96e5-d5b83c544a58") repeat scroll 0% 0% / 100% 100% padding-box border-box'.

2018-09-05 18:24:02 - [TEST_STEP][PASSED] - Statement - println(cssValue): null

2018-09-05 18:24:02 - [TEST_STEP][PASSED] - delay: Delayed 5 second(s)

2018-09-05 18:24:07 - [MESSAGE][PASSED] - Delayed 5 second(s)

2018-09-05 18:24:07 - [TEST_STEP][PASSED] - Statement - words = cssValue.split(""")[1]: null

2018-09-05 18:24:07 - [TEST_STEP][PASSED] - Statement - out.println(words): null

2018-09-05 18:24:07 - [TEST_STEP][PASSED] - Statement - word2 = words.split("/")[3]: null

2018-09-05 18:24:07 - [TEST_STEP][PASSED] - Statement - out.println(word2): null

2018-09-05 18:24:07 - [TEST_STEP][PASSED] - Statement - compare = cssNotActive != word2: null

2018-09-05 18:24:07 - [TEST_STEP][PASSED] - Statement - println(compare): null

2018-09-05 18:24:07 - [TEST_STEP][PASSED] - verifyElementPresent: Object 'Object Repository/pagi/div_pagination-icon' is present

2018-09-05 18:24:07 - [MESSAGE][PASSED] - Object 'Object Repository/pagi/div_pagination-icon' is present

2018-09-05 18:24:07 - [TEST_STEP][PASSED] - Statement - (linkGeneratorCount++): null

2018-09-05 18:24:07 - [TEST_STEP][PASSED] - click: Object: 'Object Repository/pagi/div_pagination-icon next-icn' is clicked on

2018-09-05 18:24:07 - [MESSAGE][PASSED] - Object: 'Object Repository/pagi/div_pagination-icon next-icn' is clicked on

2018-09-05 18:24:07 - [TEST_STEP][PASSED] - Statement - cssValue = com.kms.katalon.core.webui.keyword.WebUiBuiltInKeywords.getCSSValue(com.kms.katalon.core.testobject.ObjectRepository.findTestObject(pagi/div_pagination-icon next-icn), "background"): Get CSS 'background' value on 'Object Repository/pagi/div_pagination-icon next-icn' successfully: 'rgba(0, 0, 0, 0) url("blob:https://dev.vcalling.in/c2ea0dd2-8e09-4f0c-96e5-d5b83c544a58") repeat scroll 0% 0% / 100% 100% padding-box border-box'.

2018-09-05 18:24:07 - [MESSAGE][PASSED] - Get CSS 'background' value on 'Object Repository/pagi/div_pagination-icon next-icn' successfully: 'rgba(0, 0, 0, 0) url("blob:https://dev.vcalling.in/c2ea0dd2-8e09-4f0c-96e5-d5b83c544a58") repeat scroll 0% 0% / 100% 100% padding-box border-box'.

2018-09-05 18:24:07 - [TEST_STEP][PASSED] - Statement - println(cssValue): null

2018-09-05 18:24:07 - [TEST_STEP][PASSED] - delay: Delayed 5 second(s)

2018-09-05 18:24:12 - [MESSAGE][PASSED] - Delayed 5 second(s)

2018-09-05 18:24:12 - [TEST_STEP][PASSED] - Statement - words = cssValue.split(""")[1]: null

2018-09-05 18:24:12 - [TEST_STEP][PASSED] - Statement - out.println(words): null

2018-09-05 18:24:12 - [TEST_STEP][PASSED] - Statement - word2 = words.split("/")[3]: null

2018-09-05 18:24:12 - [TEST_STEP][PASSED] - Statement - out.println(word2): null

2018-09-05 18:24:12 - [TEST_STEP][PASSED] - Statement - compare = cssNotActive != word2: null

2018-09-05 18:24:12 - [TEST_STEP][PASSED] - Statement - println(compare): null

2018-09-05 18:24:12 - [TEST_STEP][PASSED] - verifyElementPresent: Object 'Object Repository/pagi/div_pagination-icon' is present

2018-09-05 18:24:12 - [MESSAGE][PASSED] - Object 'Object Repository/pagi/div_pagination-icon' is present

2018-09-05 18:24:12 - [TEST_STEP][PASSED] - Statement - (linkGeneratorCount++): null

2018-09-05 18:24:12 - [TEST_STEP][PASSED] - click: Object: 'Object Repository/pagi/div_pagination-icon next-icn' is clicked on

2018-09-05 18:24:12 - [MESSAGE][PASSED] - Object: 'Object Repository/pagi/div_pagination-icon next-icn' is clicked on

2018-09-05 18:24:12 - [TEST_STEP][PASSED] - Statement - cssValue = com.kms.katalon.core.webui.keyword.WebUiBuiltInKeywords.getCSSValue(com.kms.katalon.core.testobject.ObjectRepository.findTestObject(pagi/div_pagination-icon next-icn), "background"): Get CSS 'background' value on 'Object Repository/pagi/div_pagination-icon next-icn' successfully: 'rgba(0, 0, 0, 0) url("blob:https://dev.vcalling.in/c2ea0dd2-8e09-4f0c-96e5-d5b83c544a58") repeat scroll 0% 0% / 100% 100% padding-box border-box'.

2018-09-05 18:24:12 - [MESSAGE][PASSED] - Get CSS 'background' value on 'Object Repository/pagi/div_pagination-icon next-icn' successfully: 'rgba(0, 0, 0, 0) url("blob:https://dev.vcalling.in/c2ea0dd2-8e09-4f0c-96e5-d5b83c544a58") repeat scroll 0% 0% / 100% 100% padding-box border-box'.

2018-09-05 18:24:12 - [TEST_STEP][PASSED] - Statement - println(cssValue): null

2018-09-05 18:24:12 - [TEST_STEP][PASSED] - delay: Delayed 5 second(s)

2018-09-05 18:24:17 - [MESSAGE][PASSED] - Delayed 5 second(s)

2018-09-05 18:24:17 - [TEST_STEP][PASSED] - Statement - words = cssValue.split(""")[1]: null

2018-09-05 18:24:17 - [TEST_STEP][PASSED] - Statement - out.println(words): null

2018-09-05 18:24:17 - [TEST_STEP][PASSED] - Statement - word2 = words.split("/")[3]: null

2018-09-05 18:24:17 - [TEST_STEP][PASSED] - Statement - out.println(word2): null

2018-09-05 18:24:17 - [TEST_STEP][PASSED] - Statement - compare = cssNotActive != word2: null

2018-09-05 18:24:17 - [TEST_STEP][PASSED] - Statement - println(compare): null

2018-09-05 18:24:17 - [TEST_STEP][PASSED] - verifyElementPresent: Object 'Object Repository/pagi/div_pagination-icon' is present

2018-09-05 18:24:17 - [MESSAGE][PASSED] - Object 'Object Repository/pagi/div_pagination-icon' is present

2018-09-05 18:24:17 - [TEST_STEP][PASSED] - Statement - (linkGeneratorCount++): null

2018-09-05 18:24:17 - [TEST_STEP][PASSED] - click: Object: 'Object Repository/pagi/div_pagination-icon next-icn' is clicked on

2018-09-05 18:24:22 - [MESSAGE][PASSED] - Object: 'Object Repository/pagi/div_pagination-icon next-icn' is clicked on

2018-09-05 18:24:22 - [TEST_STEP][PASSED] - Statement - cssValue = com.kms.katalon.core.webui.keyword.WebUiBuiltInKeywords.getCSSValue(com.kms.katalon.core.testobject.ObjectRepository.findTestObject(pagi/div_pagination-icon next-icn), "background"): Get CSS 'background' value on 'Object Repository/pagi/div_pagination-icon next-icn' successfully: 'rgba(0, 0, 0, 0) url("blob:https://dev.vcalling.in/c2ea0dd2-8e09-4f0c-96e5-d5b83c544a58") repeat scroll 0% 0% / 100% 100% padding-box border-box'.

2018-09-05 18:24:23 - [MESSAGE][PASSED] - Get CSS 'background' value on 'Object Repository/pagi/div_pagination-icon next-icn' successfully: 'rgba(0, 0, 0, 0) url("blob:https://dev.vcalling.in/c2ea0dd2-8e09-4f0c-96e5-d5b83c544a58") repeat scroll 0% 0% / 100% 100% padding-box border-box'.

2018-09-05 18:24:23 - [TEST_STEP][PASSED] - Statement - println(cssValue): null

2018-09-05 18:24:23 - [TEST_STEP][PASSED] - delay: Delayed 5 second(s)

2018-09-05 18:24:28 - [MESSAGE][PASSED] - Delayed 5 second(s)

2018-09-05 18:24:28 - [TEST_STEP][PASSED] - Statement - words = cssValue.split(""")[1]: null

2018-09-05 18:24:28 - [TEST_STEP][PASSED] - Statement - out.println(words): null

2018-09-05 18:24:28 - [TEST_STEP][PASSED] - Statement - word2 = words.split("/")[3]: null

2018-09-05 18:24:28 - [TEST_STEP][PASSED] - Statement - out.println(word2): null

2018-09-05 18:24:28 - [TEST_STEP][PASSED] - Statement - compare = cssNotActive != word2: null

2018-09-05 18:24:28 - [TEST_STEP][PASSED] - Statement - println(compare): null

2018-09-05 18:24:28 - [TEST_STEP][PASSED] - verifyElementPresent: Object 'Object Repository/pagi/div_pagination-icon' is present

2018-09-05 18:24:28 - [MESSAGE][PASSED] - Object 'Object Repository/pagi/div_pagination-icon' is present

2018-09-05 18:24:28 - [TEST_STEP][PASSED] - Statement - (linkGeneratorCount++): null

2018-09-05 18:24:28 - [TEST_STEP][PASSED] - click: Object: 'Object Repository/pagi/div_pagination-icon next-icn' is clicked on

2018-09-05 18:24:33 - [MESSAGE][PASSED] - Object: 'Object Repository/pagi/div_pagination-icon next-icn' is clicked on

2018-09-05 18:24:33 - [TEST_STEP][PASSED] - Statement - cssValue = com.kms.katalon.core.webui.keyword.WebUiBuiltInKeywords.getCSSValue(com.kms.katalon.core.testobject.ObjectRepository.findTestObject(pagi/div_pagination-icon next-icn), "background"): Get CSS 'background' value on 'Object Repository/pagi/div_pagination-icon next-icn' successfully: 'rgba(0, 0, 0, 0) url("blob:https://dev.vcalling.in/c2ea0dd2-8e09-4f0c-96e5-d5b83c544a58") repeat scroll 0% 0% / 100% 100% padding-box border-box'.

2018-09-05 18:24:33 - [MESSAGE][PASSED] - Get CSS 'background' value on 'Object Repository/pagi/div_pagination-icon next-icn' successfully: 'rgba(0, 0, 0, 0) url("blob:https://dev.vcalling.in/c2ea0dd2-8e09-4f0c-96e5-d5b83c544a58") repeat scroll 0% 0% / 100% 100% padding-box border-box'.

2018-09-05 18:24:33 - [TEST_STEP][PASSED] - Statement - println(cssValue): null

2018-09-05 18:24:33 - [TEST_STEP][PASSED] - delay: Delayed 5 second(s)

2018-09-05 18:24:38 - [MESSAGE][PASSED] - Delayed 5 second(s)

2018-09-05 18:24:38 - [TEST_STEP][PASSED] - Statement - words = cssValue.split(""")[1]: null

2018-09-05 18:24:38 - [TEST_STEP][PASSED] - Statement - out.println(words): null

2018-09-05 18:24:38 - [TEST_STEP][PASSED] - Statement - word2 = words.split("/")[3]: null

2018-09-05 18:24:38 - [TEST_STEP][PASSED] - Statement - out.println(word2): null

2018-09-05 18:24:38 - [TEST_STEP][PASSED] - Statement - compare = cssNotActive != word2: null

2018-09-05 18:24:38 - [TEST_STEP][PASSED] - Statement - println(compare): null

2018-09-05 18:24:38 - [TEST_STEP][PASSED] - verifyElementPresent: Object 'Object Repository/pagi/div_pagination-icon' is present

2018-09-05 18:24:38 - [MESSAGE][PASSED] - Object 'Object Repository/pagi/div_pagination-icon' is present

2018-09-05 18:24:38 - [TEST_STEP][PASSED] - Statement - (linkGeneratorCount++): null

2018-09-05 18:24:38 - [TEST_STEP][PASSED] - click: Object: 'Object Repository/pagi/div_pagination-icon next-icn' is clicked on

2018-09-05 18:24:43 - [MESSAGE][PASSED] - Object: 'Object Repository/pagi/div_pagination-icon next-icn' is clicked on

2018-09-05 18:24:43 - [TEST_STEP][PASSED] - Statement - cssValue = com.kms.katalon.core.webui.keyword.WebUiBuiltInKeywords.getCSSValue(com.kms.katalon.core.testobject.ObjectRepository.findTestObject(pagi/div_pagination-icon next-icn), "background"): Get CSS 'background' value on 'Object Repository/pagi/div_pagination-icon next-icn' successfully: 'rgba(0, 0, 0, 0) url("blob:https://dev.vcalling.in/c2ea0dd2-8e09-4f0c-96e5-d5b83c544a58") repeat scroll 0% 0% / 100% 100% padding-box border-box'.

2018-09-05 18:24:43 - [MESSAGE][PASSED] - Get CSS 'background' value on 'Object Repository/pagi/div_pagination-icon next-icn' successfully: 'rgba(0, 0, 0, 0) url("blob:https://dev.vcalling.in/c2ea0dd2-8e09-4f0c-96e5-d5b83c544a58") repeat scroll 0% 0% / 100% 100% padding-box border-box'.

2018-09-05 18:24:43 - [TEST_STEP][PASSED] - Statement - println(cssValue): null

2018-09-05 18:24:43 - [TEST_STEP][PASSED] - delay: Delayed 5 second(s)

2018-09-05 18:24:48 - [MESSAGE][PASSED] - Delayed 5 second(s)

2018-09-05 18:24:48 - [TEST_STEP][PASSED] - Statement - words = cssValue.split(""")[1]: null

2018-09-05 18:24:48 - [TEST_STEP][PASSED] - Statement - out.println(words): null

2018-09-05 18:24:48 - [TEST_STEP][PASSED] - Statement - word2 = words.split("/")[3]: null

2018-09-05 18:24:48 - [TEST_STEP][PASSED] - Statement - out.println(word2): null

2018-09-05 18:24:48 - [TEST_STEP][PASSED] - Statement - compare = cssNotActive != word2: null

2018-09-05 18:24:48 - [TEST_STEP][PASSED] - Statement - println(compare): null

2018-09-05 18:24:48 - [TEST_STEP][PASSED] - verifyElementPresent: Object 'Object Repository/pagi/div_pagination-icon' is present

2018-09-05 18:24:48 - [MESSAGE][PASSED] - Object 'Object Repository/pagi/div_pagination-icon' is present

2018-09-05 18:24:48 - [TEST_STEP][PASSED] - Statement - (linkGeneratorCount++): null

2018-09-05 18:24:48 - [TEST_STEP][PASSED] - click: Object: 'Object Repository/pagi/div_pagination-icon next-icn' is clicked on

2018-09-05 18:24:53 - [MESSAGE][PASSED] - Object: 'Object Repository/pagi/div_pagination-icon next-icn' is clicked on

2018-09-05 18:24:53 - [TEST_STEP][PASSED] - Statement - cssValue = com.kms.katalon.core.webui.keyword.WebUiBuiltInKeywords.getCSSValue(com.kms.katalon.core.testobject.ObjectRepository.findTestObject(pagi/div_pagination-icon next-icn), "background"): Get CSS 'background' value on 'Object Repository/pagi/div_pagination-icon next-icn' successfully: 'rgba(0, 0, 0, 0) url("blob:https://dev.vcalling.in/c2ea0dd2-8e09-4f0c-96e5-d5b83c544a58") repeat scroll 0% 0% / 100% 100% padding-box border-box'.

2018-09-05 18:24:53 - [MESSAGE][PASSED] - Get CSS 'background' value on 'Object Repository/pagi/div_pagination-icon next-icn' successfully: 'rgba(0, 0, 0, 0) url("blob:https://dev.vcalling.in/c2ea0dd2-8e09-4f0c-96e5-d5b83c544a58") repeat scroll 0% 0% / 100% 100% padding-box border-box'.

2018-09-05 18:24:53 - [TEST_STEP][PASSED] - Statement - println(cssValue): null

2018-09-05 18:24:53 - [TEST_STEP][PASSED] - delay: Delayed 5 second(s)

2018-09-05 18:24:58 - [MESSAGE][PASSED] - Delayed 5 second(s)

2018-09-05 18:24:58 - [TEST_STEP][PASSED] - Statement - words = cssValue.split(""")[1]: null

2018-09-05 18:24:58 - [TEST_STEP][PASSED] - Statement - out.println(words): null

2018-09-05 18:24:58 - [TEST_STEP][PASSED] - Statement - word2 = words.split("/")[3]: null

2018-09-05 18:24:58 - [TEST_STEP][PASSED] - Statement - out.println(word2): null

2018-09-05 18:24:58 - [TEST_STEP][PASSED] - Statement - compare = cssNotActive != word2: null

2018-09-05 18:24:58 - [TEST_STEP][PASSED] - Statement - println(compare): null

2018-09-05 18:24:58 - [TEST_STEP][PASSED] - verifyElementPresent: Object 'Object Repository/pagi/div_pagination-icon' is present

2018-09-05 18:24:58 - [MESSAGE][PASSED] - Object 'Object Repository/pagi/div_pagination-icon' is present

2018-09-05 18:24:58 - [TEST_STEP][PASSED] - Statement - (linkGeneratorCount++): null

2018-09-05 18:24:58 - [TEST_STEP][PASSED] - click: Object: 'Object Repository/pagi/div_pagination-icon next-icn' is clicked on

2018-09-05 18:25:03 - [MESSAGE][PASSED] - Object: 'Object Repository/pagi/div_pagination-icon next-icn' is clicked on

2018-09-05 18:25:03 - [TEST_STEP][PASSED] - Statement - cssValue = com.kms.katalon.core.webui.keyword.WebUiBuiltInKeywords.getCSSValue(com.kms.katalon.core.testobject.ObjectRepository.findTestObject(pagi/div_pagination-icon next-icn), "background"): Get CSS 'background' value on 'Object Repository/pagi/div_pagination-icon next-icn' successfully: 'rgba(0, 0, 0, 0) url("blob:https://dev.vcalling.in/c2ea0dd2-8e09-4f0c-96e5-d5b83c544a58") repeat scroll 0% 0% / 100% 100% padding-box border-box'.

2018-09-05 18:25:03 - [MESSAGE][PASSED] - Get CSS 'background' value on 'Object Repository/pagi/div_pagination-icon next-icn' successfully: 'rgba(0, 0, 0, 0) url("blob:https://dev.vcalling.in/c2ea0dd2-8e09-4f0c-96e5-d5b83c544a58") repeat scroll 0% 0% / 100% 100% padding-box border-box'.

2018-09-05 18:25:03 - [TEST_STEP][PASSED] - Statement - println(cssValue): null

2018-09-05 18:25:03 - [TEST_STEP][PASSED] - delay: Delayed 5 second(s)

2018-09-05 18:25:08 - [MESSAGE][PASSED] - Delayed 5 second(s)

2018-09-05 18:25:08 - [TEST_STEP][PASSED] - Statement - words = cssValue.split(""")[1]: null

2018-09-05 18:25:08 - [TEST_STEP][PASSED] - Statement - out.println(words): null

2018-09-05 18:25:08 - [TEST_STEP][PASSED] - Statement - word2 = words.split("/")[3]: null

2018-09-05 18:25:08 - [TEST_STEP][PASSED] - Statement - out.println(word2): null

2018-09-05 18:25:08 - [TEST_STEP][PASSED] - Statement - compare = cssNotActive != word2: null

2018-09-05 18:25:08 - [TEST_STEP][PASSED] - Statement - println(compare): null

2018-09-05 18:25:08 - [TEST_STEP][PASSED] - verifyElementPresent: Object 'Object Repository/pagi/div_pagination-icon' is present

2018-09-05 18:25:08 - [MESSAGE][PASSED] - Object 'Object Repository/pagi/div_pagination-icon' is present

2018-09-05 18:25:08 - [TEST_STEP][PASSED] - Statement - (linkGeneratorCount++): null

2018-09-05 18:25:08 - [TEST_STEP][PASSED] - click: Object: 'Object Repository/pagi/div_pagination-icon next-icn' is clicked on

2018-09-05 18:25:14 - [MESSAGE][PASSED] - Object: 'Object Repository/pagi/div_pagination-icon next-icn' is clicked on

2018-09-05 18:25:14 - [TEST_STEP][PASSED] - Statement - cssValue = com.kms.katalon.core.webui.keyword.WebUiBuiltInKeywords.getCSSValue(com.kms.katalon.core.testobject.ObjectRepository.findTestObject(pagi/div_pagination-icon next-icn), "background"): Get CSS 'background' value on 'Object Repository/pagi/div_pagination-icon next-icn' successfully: 'rgba(0, 0, 0, 0) url("blob:https://dev.vcalling.in/c2ea0dd2-8e09-4f0c-96e5-d5b83c544a58") repeat scroll 0% 0% / 100% 100% padding-box border-box'.

2018-09-05 18:25:14 - [MESSAGE][PASSED] - Get CSS 'background' value on 'Object Repository/pagi/div_pagination-icon next-icn' successfully: 'rgba(0, 0, 0, 0) url("blob:https://dev.vcalling.in/c2ea0dd2-8e09-4f0c-96e5-d5b83c544a58") repeat scroll 0% 0% / 100% 100% padding-box border-box'.

2018-09-05 18:25:14 - [TEST_STEP][PASSED] - Statement - println(cssValue): null

2018-09-05 18:25:14 - [TEST_STEP][PASSED] - delay: Delayed 5 second(s)

2018-09-05 18:25:19 - [MESSAGE][PASSED] - Delayed 5 second(s)

2018-09-05 18:25:19 - [TEST_STEP][PASSED] - Statement - words = cssValue.split(""")[1]: null

2018-09-05 18:25:19 - [TEST_STEP][PASSED] - Statement - out.println(words): null

2018-09-05 18:25:19 - [TEST_STEP][PASSED] - Statement - word2 = words.split("/")[3]: null

2018-09-05 18:25:19 - [TEST_STEP][PASSED] - Statement - out.println(word2): null

2018-09-05 18:25:19 - [TEST_STEP][PASSED] - Statement - compare = cssNotActive != word2: null

2018-09-05 18:25:19 - [TEST_STEP][PASSED] - Statement - println(compare): null

2018-09-05 18:25:19 - [TEST_STEP][PASSED] - verifyElementPresent: Object 'Object Repository/pagi/div_pagination-icon' is present

2018-09-05 18:25:19 - [MESSAGE][PASSED] - Object 'Object Repository/pagi/div_pagination-icon' is present

2018-09-05 18:25:19 - [TEST_STEP][PASSED] - Statement - (linkGeneratorCount++): null

2018-09-05 18:25:19 - [TEST_STEP][PASSED] - click: Object: 'Object Repository/pagi/div_pagination-icon next-icn' is clicked on

2018-09-05 18:25:24 - [MESSAGE][PASSED] - Object: 'Object Repository/pagi/div_pagination-icon next-icn' is clicked on

2018-09-05 18:25:24 - [TEST_STEP][PASSED] - Statement - cssValue = com.kms.katalon.core.webui.keyword.WebUiBuiltInKeywords.getCSSValue(com.kms.katalon.core.testobject.ObjectRepository.findTestObject(pagi/div_pagination-icon next-icn), "background"): Get CSS 'background' value on 'Object Repository/pagi/div_pagination-icon next-icn' successfully: 'rgba(0, 0, 0, 0) url("blob:https://dev.vcalling.in/c2ea0dd2-8e09-4f0c-96e5-d5b83c544a58") repeat scroll 0% 0% / 100% 100% padding-box border-box'.

2018-09-05 18:25:24 - [MESSAGE][PASSED] - Get CSS 'background' value on 'Object Repository/pagi/div_pagination-icon next-icn' successfully: 'rgba(0, 0, 0, 0) url("blob:https://dev.vcalling.in/c2ea0dd2-8e09-4f0c-96e5-d5b83c544a58") repeat scroll 0% 0% / 100% 100% padding-box border-box'.

2018-09-05 18:25:24 - [TEST_STEP][PASSED] - Statement - println(cssValue): null

2018-09-05 18:25:24 - [TEST_STEP][PASSED] - delay: Delayed 5 second(s)

2018-09-05 18:25:29 - [MESSAGE][PASSED] - Delayed 5 second(s)

2018-09-05 18:25:29 - [TEST_STEP][PASSED] - Statement - words = cssValue.split(""")[1]: null

2018-09-05 18:25:29 - [TEST_STEP][PASSED] - Statement - out.println(words): null

2018-09-05 18:25:29 - [TEST_STEP][PASSED] - Statement - word2 = words.split("/")[3]: null

2018-09-05 18:25:29 - [TEST_STEP][PASSED] - Statement - out.println(word2): null

2018-09-05 18:25:29 - [TEST_STEP][PASSED] - Statement - compare = cssNotActive != word2: null

2018-09-05 18:25:29 - [TEST_STEP][PASSED] - Statement - println(compare): null

2018-09-05 18:25:29 - [TEST_STEP][PASSED] - verifyElementPresent: Object 'Object Repository/pagi/div_pagination-icon' is present

2018-09-05 18:25:30 - [MESSAGE][PASSED] - Object 'Object Repository/pagi/div_pagination-icon' is present

2018-09-05 18:25:30 - [TEST_STEP][PASSED] - Statement - (linkGeneratorCount++): null

2018-09-05 18:25:30 - [TEST_STEP][PASSED] - click: Object: 'Object Repository/pagi/div_pagination-icon next-icn' is clicked on

2018-09-05 18:25:35 - [MESSAGE][PASSED] - Object: 'Object Repository/pagi/div_pagination-icon next-icn' is clicked on

2018-09-05 18:25:35 - [TEST_STEP][PASSED] - Statement - cssValue = com.kms.katalon.core.webui.keyword.WebUiBuiltInKeywords.getCSSValue(com.kms.katalon.core.testobject.ObjectRepository.findTestObject(pagi/div_pagination-icon next-icn), "background"): Get CSS 'background' value on 'Object Repository/pagi/div_pagination-icon next-icn' successfully: 'rgba(0, 0, 0, 0) url("blob:https://dev.vcalling.in/c2ea0dd2-8e09-4f0c-96e5-d5b83c544a58") repeat scroll 0% 0% / 100% 100% padding-box border-box'.

2018-09-05 18:25:35 - [MESSAGE][PASSED] - Get CSS 'background' value on 'Object Repository/pagi/div_pagination-icon next-icn' successfully: 'rgba(0, 0, 0, 0) url("blob:https://dev.vcalling.in/c2ea0dd2-8e09-4f0c-96e5-d5b83c544a58") repeat scroll 0% 0% / 100% 100% padding-box border-box'.

2018-09-05 18:25:35 - [TEST_STEP][PASSED] - Statement - println(cssValue): null

2018-09-05 18:25:35 - [TEST_STEP][PASSED] - delay: Delayed 5 second(s)

2018-09-05 18:25:40 - [MESSAGE][PASSED] - Delayed 5 second(s)

2018-09-05 18:25:40 - [TEST_STEP][PASSED] - Statement - words = cssValue.split(""")[1]: null

2018-09-05 18:25:40 - [TEST_STEP][PASSED] - Statement - out.println(words): null

2018-09-05 18:25:40 - [TEST_STEP][PASSED] - Statement - word2 = words.split("/")[3]: null

2018-09-05 18:25:40 - [TEST_STEP][PASSED] - Statement - out.println(word2): null

2018-09-05 18:25:40 - [TEST_STEP][PASSED] - Statement - compare = cssNotActive != word2: null

2018-09-05 18:25:40 - [TEST_STEP][PASSED] - Statement - println(compare): null

2018-09-05 18:25:40 - [TEST_STEP][PASSED] - verifyElementPresent: Object 'Object Repository/pagi/div_pagination-icon' is present

2018-09-05 18:25:40 - [MESSAGE][PASSED] - Object 'Object Repository/pagi/div_pagination-icon' is present

2018-09-05 18:25:40 - [TEST_STEP][PASSED] - Statement - (linkGeneratorCount++): null

2018-09-05 18:25:40 - [TEST_STEP][PASSED] - click: Object: 'Object Repository/pagi/div_pagination-icon next-icn' is clicked on

2018-09-05 18:25:45 - [MESSAGE][PASSED] - Object: 'Object Repository/pagi/div_pagination-icon next-icn' is clicked on

2018-09-05 18:25:45 - [TEST_STEP][PASSED] - Statement - cssValue = com.kms.katalon.core.webui.keyword.WebUiBuiltInKeywords.getCSSValue(com.kms.katalon.core.testobject.ObjectRepository.findTestObject(pagi/div_pagination-icon next-icn), "background"): Get CSS 'background' value on 'Object Repository/pagi/div_pagination-icon next-icn' successfully: 'rgba(0, 0, 0, 0) url("blob:https://dev.vcalling.in/c2ea0dd2-8e09-4f0c-96e5-d5b83c544a58") repeat scroll 0% 0% / 100% 100% padding-box border-box'.

2018-09-05 18:25:45 - [MESSAGE][PASSED] - Get CSS 'background' value on 'Object Repository/pagi/div_pagination-icon next-icn' successfully: 'rgba(0, 0, 0, 0) url("blob:https://dev.vcalling.in/c2ea0dd2-8e09-4f0c-96e5-d5b83c544a58") repeat scroll 0% 0% / 100% 100% padding-box border-box'.

2018-09-05 18:25:45 - [TEST_STEP][PASSED] - Statement - println(cssValue): null

2018-09-05 18:25:45 - [TEST_STEP][PASSED] - delay: Delayed 5 second(s)

2018-09-05 18:25:50 - [MESSAGE][PASSED] - Delayed 5 second(s)

2018-09-05 18:25:50 - [TEST_STEP][PASSED] - Statement - words = cssValue.split(""")[1]: null

2018-09-05 18:25:50 - [TEST_STEP][PASSED] - Statement - out.println(words): null

2018-09-05 18:25:50 - [TEST_STEP][PASSED] - Statement - word2 = words.split("/")[3]: null

2018-09-05 18:25:50 - [TEST_STEP][PASSED] - Statement - out.println(word2): null

2018-09-05 18:25:50 - [TEST_STEP][PASSED] - Statement - compare = cssNotActive != word2: null

2018-09-05 18:25:50 - [TEST_STEP][PASSED] - Statement - println(compare): null

2018-09-05 18:25:50 - [TEST_STEP][PASSED] - verifyElementPresent: Object 'Object Repository/pagi/div_pagination-icon' is present

2018-09-05 18:25:50 - [MESSAGE][PASSED] - Object 'Object Repository/pagi/div_pagination-icon' is present

2018-09-05 18:25:50 - [TEST_STEP][PASSED] - Statement - (linkGeneratorCount++): null

2018-09-05 18:25:50 - [TEST_STEP][PASSED] - click: Object: 'Object Repository/pagi/div_pagination-icon next-icn' is clicked on

2018-09-05 18:25:55 - [MESSAGE][PASSED] - Object: 'Object Repository/pagi/div_pagination-icon next-icn' is clicked on

2018-09-05 18:25:55 - [TEST_STEP][PASSED] - Statement - cssValue = com.kms.katalon.core.webui.keyword.WebUiBuiltInKeywords.getCSSValue(com.kms.katalon.core.testobject.ObjectRepository.findTestObject(pagi/div_pagination-icon next-icn), "background"): Get CSS 'background' value on 'Object Repository/pagi/div_pagination-icon next-icn' successfully: 'rgba(0, 0, 0, 0) url("blob:https://dev.vcalling.in/c2ea0dd2-8e09-4f0c-96e5-d5b83c544a58") repeat scroll 0% 0% / 100% 100% padding-box border-box'.

2018-09-05 18:25:55 - [MESSAGE][PASSED] - Get CSS 'background' value on 'Object Repository/pagi/div_pagination-icon next-icn' successfully: 'rgba(0, 0, 0, 0) url("blob:https://dev.vcalling.in/c2ea0dd2-8e09-4f0c-96e5-d5b83c544a58") repeat scroll 0% 0% / 100% 100% padding-box border-box'.

2018-09-05 18:25:55 - [TEST_STEP][PASSED] - Statement - println(cssValue): null

2018-09-05 18:25:55 - [TEST_STEP][PASSED] - delay: Delayed 5 second(s)

2018-09-05 18:26:00 - [MESSAGE][PASSED] - Delayed 5 second(s)

2018-09-05 18:26:00 - [TEST_STEP][PASSED] - Statement - words = cssValue.split(""")[1]: null

2018-09-05 18:26:00 - [TEST_STEP][PASSED] - Statement - out.println(words): null

2018-09-05 18:26:01 - [TEST_STEP][PASSED] - Statement - word2 = words.split("/")[3]: null

2018-09-05 18:26:01 - [TEST_STEP][PASSED] - Statement - out.println(word2): null

2018-09-05 18:26:01 - [TEST_STEP][PASSED] - Statement - compare = cssNotActive != word2: null

2018-09-05 18:26:01 - [TEST_STEP][PASSED] - Statement - println(compare): null

2018-09-05 18:26:01 - [TEST_STEP][PASSED] - verifyElementPresent: Object 'Object Repository/pagi/div_pagination-icon' is present

2018-09-05 18:26:01 - [MESSAGE][PASSED] - Object 'Object Repository/pagi/div_pagination-icon' is present

2018-09-05 18:26:01 - [TEST_STEP][PASSED] - Statement - (linkGeneratorCount++): null

2018-09-05 18:26:01 - [TEST_STEP][PASSED] - click: Object: 'Object Repository/pagi/div_pagination-icon next-icn' is clicked on

2018-09-05 18:26:06 - [MESSAGE][PASSED] - Object: 'Object Repository/pagi/div_pagination-icon next-icn' is clicked on

2018-09-05 18:26:06 - [TEST_STEP][PASSED] - Statement - cssValue = com.kms.katalon.core.webui.keyword.WebUiBuiltInKeywords.getCSSValue(com.kms.katalon.core.testobject.ObjectRepository.findTestObject(pagi/div_pagination-icon next-icn), "background"): Get CSS 'background' value on 'Object Repository/pagi/div_pagination-icon next-icn' successfully: 'rgba(0, 0, 0, 0) url("blob:https://dev.vcalling.in/c2ea0dd2-8e09-4f0c-96e5-d5b83c544a58") repeat scroll 0% 0% / 100% 100% padding-box border-box'.

2018-09-05 18:26:06 - [MESSAGE][PASSED] - Get CSS 'background' value on 'Object Repository/pagi/div_pagination-icon next-icn' successfully: 'rgba(0, 0, 0, 0) url("blob:https://dev.vcalling.in/c2ea0dd2-8e09-4f0c-96e5-d5b83c544a58") repeat scroll 0% 0% / 100% 100% padding-box border-box'.

2018-09-05 18:26:06 - [TEST_STEP][PASSED] - Statement - println(cssValue): null

2018-09-05 18:26:06 - [TEST_STEP][PASSED] - delay: Delayed 5 second(s)

2018-09-05 18:26:11 - [MESSAGE][PASSED] - Delayed 5 second(s)

2018-09-05 18:26:11 - [TEST_STEP][PASSED] - Statement - words = cssValue.split(""")[1]: null

2018-09-05 18:26:11 - [TEST_STEP][PASSED] - Statement - out.println(words): null

2018-09-05 18:26:11 - [TEST_STEP][PASSED] - Statement - word2 = words.split("/")[3]: null

2018-09-05 18:26:11 - [TEST_STEP][PASSED] - Statement - out.println(word2): null

2018-09-05 18:26:11 - [TEST_STEP][PASSED] - Statement - compare = cssNotActive != word2: null

2018-09-05 18:26:11 - [TEST_STEP][PASSED] - Statement - println(compare): null

2018-09-05 18:26:11 - [TEST_STEP][PASSED] - verifyElementPresent: Object 'Object Repository/pagi/div_pagination-icon' is present

2018-09-05 18:26:11 - [MESSAGE][PASSED] - Object 'Object Repository/pagi/div_pagination-icon' is present

2018-09-05 18:26:11 - [TEST_STEP][PASSED] - Statement - (linkGeneratorCount++): null

2018-09-05 18:26:11 - [TEST_STEP][PASSED] - click: Object: 'Object Repository/pagi/div_pagination-icon next-icn' is clicked on

2018-09-05 18:26:16 - [MESSAGE][PASSED] - Object: 'Object Repository/pagi/div_pagination-icon next-icn' is clicked on

2018-09-05 18:26:16 - [TEST_STEP][PASSED] - Statement - cssValue = com.kms.katalon.core.webui.keyword.WebUiBuiltInKeywords.getCSSValue(com.kms.katalon.core.testobject.ObjectRepository.findTestObject(pagi/div_pagination-icon next-icn), "background"): Get CSS 'background' value on 'Object Repository/pagi/div_pagination-icon next-icn' successfully: 'rgba(0, 0, 0, 0) url("blob:https://dev.vcalling.in/c2ea0dd2-8e09-4f0c-96e5-d5b83c544a58") repeat scroll 0% 0% / 100% 100% padding-box border-box'.

2018-09-05 18:26:17 - [MESSAGE][PASSED] - Get CSS 'background' value on 'Object Repository/pagi/div_pagination-icon next-icn' successfully: 'rgba(0, 0, 0, 0) url("blob:https://dev.vcalling.in/c2ea0dd2-8e09-4f0c-96e5-d5b83c544a58") repeat scroll 0% 0% / 100% 100% padding-box border-box'.

2018-09-05 18:26:17 - [TEST_STEP][PASSED] - Statement - println(cssValue): null

2018-09-05 18:26:17 - [TEST_STEP][PASSED] - delay: Delayed 5 second(s)

2018-09-05 18:26:22 - [MESSAGE][PASSED] - Delayed 5 second(s)

2018-09-05 18:26:22 - [TEST_STEP][PASSED] - Statement - words = cssValue.split(""")[1]: null

2018-09-05 18:26:22 - [TEST_STEP][PASSED] - Statement - out.println(words): null

2018-09-05 18:26:22 - [TEST_STEP][PASSED] - Statement - word2 = words.split("/")[3]: null

2018-09-05 18:26:22 - [TEST_STEP][PASSED] - Statement - out.println(word2): null

2018-09-05 18:26:22 - [TEST_STEP][PASSED] - Statement - compare = cssNotActive != word2: null

2018-09-05 18:26:22 - [TEST_STEP][PASSED] - Statement - println(compare): null

2018-09-05 18:26:22 - [TEST_STEP][PASSED] - verifyElementPresent: Object 'Object Repository/pagi/div_pagination-icon' is present

2018-09-05 18:26:22 - [MESSAGE][PASSED] - Object 'Object Repository/pagi/div_pagination-icon' is present

2018-09-05 18:26:22 - [TEST_STEP][PASSED] - Statement - (linkGeneratorCount++): null

2018-09-05 18:26:22 - [TEST_STEP][PASSED] - click: Object: 'Object Repository/pagi/div_pagination-icon next-icn' is clicked on

2018-09-05 18:26:27 - [MESSAGE][PASSED] - Object: 'Object Repository/pagi/div_pagination-icon next-icn' is clicked on

2018-09-05 18:26:27 - [TEST_STEP][PASSED] - Statement - cssValue = com.kms.katalon.core.webui.keyword.WebUiBuiltInKeywords.getCSSValue(com.kms.katalon.core.testobject.ObjectRepository.findTestObject(pagi/div_pagination-icon next-icn), "background"): Get CSS 'background' value on 'Object Repository/pagi/div_pagination-icon next-icn' successfully: 'rgba(0, 0, 0, 0) url("blob:https://dev.vcalling.in/c2ea0dd2-8e09-4f0c-96e5-d5b83c544a58") repeat scroll 0% 0% / 100% 100% padding-box border-box'.

2018-09-05 18:26:27 - [MESSAGE][PASSED] - Get CSS 'background' value on 'Object Repository/pagi/div_pagination-icon next-icn' successfully: 'rgba(0, 0, 0, 0) url("blob:https://dev.vcalling.in/c2ea0dd2-8e09-4f0c-96e5-d5b83c544a58") repeat scroll 0% 0% / 100% 100% padding-box border-box'.

2018-09-05 18:26:27 - [TEST_STEP][PASSED] - Statement - println(cssValue): null

2018-09-05 18:26:27 - [TEST_STEP][PASSED] - delay: Delayed 5 second(s)

2018-09-05 18:26:32 - [MESSAGE][PASSED] - Delayed 5 second(s)

2018-09-05 18:26:32 - [TEST_STEP][PASSED] - Statement - words = cssValue.split(""")[1]: null

2018-09-05 18:26:32 - [TEST_STEP][PASSED] - Statement - out.println(words): null

2018-09-05 18:26:32 - [TEST_STEP][PASSED] - Statement - word2 = words.split("/")[3]: null

2018-09-05 18:26:32 - [TEST_STEP][PASSED] - Statement - out.println(word2): null

2018-09-05 18:26:32 - [TEST_STEP][PASSED] - Statement - compare = cssNotActive != word2: null

2018-09-05 18:26:32 - [TEST_STEP][PASSED] - Statement - println(compare): null

2018-09-05 18:26:32 - [TEST_STEP][PASSED] - verifyElementPresent: Object 'Object Repository/pagi/div_pagination-icon' is present

2018-09-05 18:26:32 - [MESSAGE][PASSED] - Object 'Object Repository/pagi/div_pagination-icon' is present

2018-09-05 18:26:32 - [TEST_STEP][PASSED] - Statement - (linkGeneratorCount++): null

2018-09-05 18:26:32 - [TEST_STEP][PASSED] - click: Object: 'Object Repository/pagi/div_pagination-icon next-icn' is clicked on

2018-09-05 18:26:38 - [MESSAGE][PASSED] - Object: 'Object Repository/pagi/div_pagination-icon next-icn' is clicked on

2018-09-05 18:26:38 - [TEST_STEP][PASSED] - Statement - cssValue = com.kms.katalon.core.webui.keyword.WebUiBuiltInKeywords.getCSSValue(com.kms.katalon.core.testobject.ObjectRepository.findTestObject(pagi/div_pagination-icon next-icn), "background"): Get CSS 'background' value on 'Object Repository/pagi/div_pagination-icon next-icn' successfully: 'rgba(0, 0, 0, 0) url("blob:https://dev.vcalling.in/c2ea0dd2-8e09-4f0c-96e5-d5b83c544a58") repeat scroll 0% 0% / 100% 100% padding-box border-box'.

2018-09-05 18:26:38 - [MESSAGE][PASSED] - Get CSS 'background' value on 'Object Repository/pagi/div_pagination-icon next-icn' successfully: 'rgba(0, 0, 0, 0) url("blob:https://dev.vcalling.in/c2ea0dd2-8e09-4f0c-96e5-d5b83c544a58") repeat scroll 0% 0% / 100% 100% padding-box border-box'.

2018-09-05 18:26:38 - [TEST_STEP][PASSED] - Statement - println(cssValue): null

2018-09-05 18:26:38 - [TEST_STEP][PASSED] - delay: Delayed 5 second(s)

2018-09-05 18:26:43 - [MESSAGE][PASSED] - Delayed 5 second(s)

2018-09-05 18:26:43 - [TEST_STEP][PASSED] - Statement - words = cssValue.split(""")[1]: null

2018-09-05 18:26:43 - [TEST_STEP][PASSED] - Statement - out.println(words): null

2018-09-05 18:26:43 - [TEST_STEP][PASSED] - Statement - word2 = words.split("/")[3]: null

2018-09-05 18:26:43 - [TEST_STEP][PASSED] - Statement - out.println(word2): null

2018-09-05 18:26:43 - [TEST_STEP][PASSED] - Statement - compare = cssNotActive != word2: null

2018-09-05 18:26:43 - [TEST_STEP][PASSED] - Statement - println(compare): null

2018-09-05 18:26:43 - [TEST_STEP][PASSED] - verifyElementPresent: Object 'Object Repository/pagi/div_pagination-icon' is present

2018-09-05 18:26:43 - [MESSAGE][PASSED] - Object 'Object Repository/pagi/div_pagination-icon' is present

2018-09-05 18:26:43 - [TEST_STEP][PASSED] - Statement - (linkGeneratorCount++): null

2018-09-05 18:26:43 - [TEST_STEP][PASSED] - click: Object: 'Object Repository/pagi/div_pagination-icon next-icn' is clicked on

2018-09-05 18:26:48 - [MESSAGE][PASSED] - Object: 'Object Repository/pagi/div_pagination-icon next-icn' is clicked on

2018-09-05 18:26:48 - [TEST_STEP][PASSED] - Statement - cssValue = com.kms.katalon.core.webui.keyword.WebUiBuiltInKeywords.getCSSValue(com.kms.katalon.core.testobject.ObjectRepository.findTestObject(pagi/div_pagination-icon next-icn), "background"): Get CSS 'background' value on 'Object Repository/pagi/div_pagination-icon next-icn' successfully: 'rgba(0, 0, 0, 0) url("blob:https://dev.vcalling.in/c2ea0dd2-8e09-4f0c-96e5-d5b83c544a58") repeat scroll 0% 0% / 100% 100% padding-box border-box'.

2018-09-05 18:26:48 - [MESSAGE][PASSED] - Get CSS 'background' value on 'Object Repository/pagi/div_pagination-icon next-icn' successfully: 'rgba(0, 0, 0, 0) url("blob:https://dev.vcalling.in/c2ea0dd2-8e09-4f0c-96e5-d5b83c544a58") repeat scroll 0% 0% / 100% 100% padding-box border-box'.

2018-09-05 18:26:48 - [TEST_STEP][PASSED] - Statement - println(cssValue): null

2018-09-05 18:26:48 - [TEST_STEP][PASSED] - delay: Delayed 5 second(s)

2018-09-05 18:26:53 - [MESSAGE][PASSED] - Delayed 5 second(s)

2018-09-05 18:26:53 - [TEST_STEP][PASSED] - Statement - words = cssValue.split(""")[1]: null

2018-09-05 18:26:53 - [TEST_STEP][PASSED] - Statement - out.println(words): null

2018-09-05 18:26:53 - [TEST_STEP][PASSED] - Statement - word2 = words.split("/")[3]: null

2018-09-05 18:26:53 - [TEST_STEP][PASSED] - Statement - out.println(word2): null

2018-09-05 18:26:53 - [TEST_STEP][PASSED] - Statement - compare = cssNotActive != word2: null

2018-09-05 18:26:53 - [TEST_STEP][PASSED] - Statement - println(compare): null

2018-09-05 18:26:53 - [TEST_STEP][PASSED] - verifyElementPresent: Object 'Object Repository/pagi/div_pagination-icon' is present

2018-09-05 18:26:53 - [MESSAGE][PASSED] - Object 'Object Repository/pagi/div_pagination-icon' is present

2018-09-05 18:26:53 - [TEST_STEP][PASSED] - Statement - (linkGeneratorCount++): null

2018-09-05 18:26:53 - [TEST_STEP][PASSED] - click: Object: 'Object Repository/pagi/div_pagination-icon next-icn' is clicked on

2018-09-05 18:26:54 - [MESSAGE][PASSED] - Object: 'Object Repository/pagi/div_pagination-icon next-icn' is clicked on

2018-09-05 18:26:54 - [TEST_STEP][PASSED] - Statement - cssValue = com.kms.katalon.core.webui.keyword.WebUiBuiltInKeywords.getCSSValue(com.kms.katalon.core.testobject.ObjectRepository.findTestObject(pagi/div_pagination-icon next-icn), "background"): Get CSS 'background' value on 'Object Repository/pagi/div_pagination-icon next-icn' successfully: 'rgba(0, 0, 0, 0) url("blob:https://dev.vcalling.in/c2ea0dd2-8e09-4f0c-96e5-d5b83c544a58") repeat scroll 0% 0% / 100% 100% padding-box border-box'.

2018-09-05 18:26:54 - [MESSAGE][PASSED] - Get CSS 'background' value on 'Object Repository/pagi/div_pagination-icon next-icn' successfully: 'rgba(0, 0, 0, 0) url("blob:https://dev.vcalling.in/c2ea0dd2-8e09-4f0c-96e5-d5b83c544a58") repeat scroll 0% 0% / 100% 100% padding-box border-box'.

2018-09-05 18:26:54 - [TEST_STEP][PASSED] - Statement - println(cssValue): null

2018-09-05 18:26:54 - [TEST_STEP][PASSED] - delay: Delayed 5 second(s)

2018-09-05 18:26:59 - [MESSAGE][PASSED] - Delayed 5 second(s)

2018-09-05 18:26:59 - [TEST_STEP][PASSED] - Statement - words = cssValue.split(""")[1]: null

2018-09-05 18:26:59 - [TEST_STEP][PASSED] - Statement - out.println(words): null

2018-09-05 18:26:59 - [TEST_STEP][PASSED] - Statement - word2 = words.split("/")[3]: null

2018-09-05 18:26:59 - [TEST_STEP][PASSED] - Statement - out.println(word2): null

2018-09-05 18:26:59 - [TEST_STEP][PASSED] - Statement - compare = cssNotActive != word2: null

2018-09-05 18:26:59 - [TEST_STEP][PASSED] - Statement - println(compare): null

2018-09-05 18:26:59 - [TEST_STEP][PASSED] - verifyElementPresent: Object 'Object Repository/pagi/div_pagination-icon' is present

2018-09-05 18:26:59 - [MESSAGE][PASSED] - Object 'Object Repository/pagi/div_pagination-icon' is present

2018-09-05 18:26:59 - [TEST_STEP][PASSED] - Statement - (linkGeneratorCount++): null

2018-09-05 18:26:59 - [TEST_STEP][PASSED] - click: Object: 'Object Repository/pagi/div_pagination-icon next-icn' is clicked on

2018-09-05 18:26:59 - [MESSAGE][PASSED] - Object: 'Object Repository/pagi/div_pagination-icon next-icn' is clicked on

2018-09-05 18:26:59 - [TEST_STEP][PASSED] - Statement - cssValue = com.kms.katalon.core.webui.keyword.WebUiBuiltInKeywords.getCSSValue(com.kms.katalon.core.testobject.ObjectRepository.findTestObject(pagi/div_pagination-icon next-icn), "background"): Get CSS 'background' value on 'Object Repository/pagi/div_pagination-icon next-icn' successfully: 'rgba(0, 0, 0, 0) url("blob:https://dev.vcalling.in/c2ea0dd2-8e09-4f0c-96e5-d5b83c544a58") repeat scroll 0% 0% / 100% 100% padding-box border-box'.

2018-09-05 18:26:59 - [MESSAGE][PASSED] - Get CSS 'background' value on 'Object Repository/pagi/div_pagination-icon next-icn' successfully: 'rgba(0, 0, 0, 0) url("blob:https://dev.vcalling.in/c2ea0dd2-8e09-4f0c-96e5-d5b83c544a58") repeat scroll 0% 0% / 100% 100% padding-box border-box'.

2018-09-05 18:26:59 - [TEST_STEP][PASSED] - Statement - println(cssValue): null

2018-09-05 18:26:59 - [TEST_STEP][PASSED] - delay: Delayed 5 second(s)

2018-09-05 18:27:04 - [MESSAGE][PASSED] - Delayed 5 second(s)

2018-09-05 18:27:04 - [TEST_STEP][PASSED] - Statement - words = cssValue.split(""")[1]: null

2018-09-05 18:27:04 - [TEST_STEP][PASSED] - Statement - out.println(words): null

2018-09-05 18:27:04 - [TEST_STEP][PASSED] - Statement - word2 = words.split("/")[3]: null

2018-09-05 18:27:04 - [TEST_STEP][PASSED] - Statement - out.println(word2): null

2018-09-05 18:27:04 - [TEST_STEP][PASSED] - Statement - compare = cssNotActive != word2: null

2018-09-05 18:27:04 - [TEST_STEP][PASSED] - Statement - println(compare): null

2018-09-05 18:27:04 - [TEST_STEP][PASSED] - verifyElementPresent: Object 'Object Repository/pagi/div_pagination-icon' is present

2018-09-05 18:27:04 - [MESSAGE][PASSED] - Object 'Object Repository/pagi/div_pagination-icon' is present

2018-09-05 18:27:04 - [TEST_STEP][PASSED] - Statement - (linkGeneratorCount++): null

2018-09-05 18:27:04 - [TEST_STEP][PASSED] - click: Object: 'Object Repository/pagi/div_pagination-icon next-icn' is clicked on

2018-09-05 18:27:04 - [MESSAGE][PASSED] - Object: 'Object Repository/pagi/div_pagination-icon next-icn' is clicked on

2018-09-05 18:27:04 - [TEST_STEP][PASSED] - Statement - cssValue = com.kms.katalon.core.webui.keyword.WebUiBuiltInKeywords.getCSSValue(com.kms.katalon.core.testobject.ObjectRepository.findTestObject(pagi/div_pagination-icon next-icn), "background"): Get CSS 'background' value on 'Object Repository/pagi/div_pagination-icon next-icn' successfully: 'rgba(0, 0, 0, 0) url("blob:https://dev.vcalling.in/c2ea0dd2-8e09-4f0c-96e5-d5b83c544a58") repeat scroll 0% 0% / 100% 100% padding-box border-box'.

2018-09-05 18:27:04 - [MESSAGE][PASSED] - Get CSS 'background' value on 'Object Repository/pagi/div_pagination-icon next-icn' successfully: 'rgba(0, 0, 0, 0) url("blob:https://dev.vcalling.in/c2ea0dd2-8e09-4f0c-96e5-d5b83c544a58") repeat scroll 0% 0% / 100% 100% padding-box border-box'.

2018-09-05 18:27:04 - [TEST_STEP][PASSED] - Statement - println(cssValue): null

2018-09-05 18:27:04 - [TEST_STEP][PASSED] - delay: Delayed 5 second(s)

2018-09-05 18:27:09 - [MESSAGE][PASSED] - Delayed 5 second(s)

2018-09-05 18:27:09 - [TEST_STEP][PASSED] - Statement - words = cssValue.split(""")[1]: null

2018-09-05 18:27:09 - [TEST_STEP][PASSED] - Statement - out.println(words): null

2018-09-05 18:27:09 - [TEST_STEP][PASSED] - Statement - word2 = words.split("/")[3]: null

2018-09-05 18:27:09 - [TEST_STEP][PASSED] - Statement - out.println(word2): null

2018-09-05 18:27:09 - [TEST_STEP][PASSED] - Statement - compare = cssNotActive != word2: null

2018-09-05 18:27:09 - [TEST_STEP][PASSED] - Statement - println(compare): null

2018-09-05 18:27:09 - [TEST_STEP][PASSED] - verifyElementPresent: Object 'Object Repository/pagi/div_pagination-icon' is present

2018-09-05 18:27:11 - [MESSAGE][PASSED] - Object 'Object Repository/pagi/div_pagination-icon' is present

2018-09-05 18:27:11 - [TEST_STEP][PASSED] - Statement - (linkGeneratorCount++): null

2018-09-05 18:27:11 - [TEST_STEP][PASSED] - click: Object: 'Object Repository/pagi/div_pagination-icon next-icn' is clicked on

2018-09-05 18:27:13 - [MESSAGE][PASSED] - Object: 'Object Repository/pagi/div_pagination-icon next-icn' is clicked on

2018-09-05 18:27:13 - [TEST_STEP][PASSED] - Statement - cssValue = com.kms.katalon.core.webui.keyword.WebUiBuiltInKeywords.getCSSValue(com.kms.katalon.core.testobject.ObjectRepository.findTestObject(pagi/div_pagination-icon next-icn), "background"): Get CSS 'background' value on 'Object Repository/pagi/div_pagination-icon next-icn' successfully: 'rgba(0, 0, 0, 0) url("blob:https://dev.vcalling.in/c2ea0dd2-8e09-4f0c-96e5-d5b83c544a58") repeat scroll 0% 0% / 100% 100% padding-box border-box'.

2018-09-05 18:27:15 - [MESSAGE][PASSED] - Get CSS 'background' value on 'Object Repository/pagi/div_pagination-icon next-icn' successfully: 'rgba(0, 0, 0, 0) url("blob:https://dev.vcalling.in/c2ea0dd2-8e09-4f0c-96e5-d5b83c544a58") repeat scroll 0% 0% / 100% 100% padding-box border-box'.

2018-09-05 18:27:15 - [TEST_STEP][PASSED] - Statement - println(cssValue): null

2018-09-05 18:27:15 - [TEST_STEP][PASSED] - delay: Delayed 5 second(s)

2018-09-05 18:27:20 - [MESSAGE][PASSED] - Delayed 5 second(s)

2018-09-05 18:27:20 - [TEST_STEP][PASSED] - Statement - words = cssValue.split(""")[1]: null

2018-09-05 18:27:20 - [TEST_STEP][PASSED] - Statement - out.println(words): null

2018-09-05 18:27:20 - [TEST_STEP][PASSED] - Statement - word2 = words.split("/")[3]: null

2018-09-05 18:27:20 - [TEST_STEP][PASSED] - Statement - out.println(word2): null

2018-09-05 18:27:20 - [TEST_STEP][PASSED] - Statement - compare = cssNotActive != word2: null

2018-09-05 18:27:20 - [TEST_STEP][PASSED] - Statement - println(compare): null

2018-09-05 18:27:20 - [TEST_STEP][PASSED] - verifyElementPresent: Object 'Object Repository/pagi/div_pagination-icon' is present

2018-09-05 18:27:20 - [MESSAGE][PASSED] - Object 'Object Repository/pagi/div_pagination-icon' is present

2018-09-05 18:27:20 - [TEST_STEP][PASSED] - Statement - (linkGeneratorCount++): null

2018-09-05 18:27:20 - [TEST_STEP][PASSED] - click: Object: 'Object Repository/pagi/div_pagination-icon next-icn' is clicked on

2018-09-05 18:27:20 - [MESSAGE][PASSED] - Object: 'Object Repository/pagi/div_pagination-icon next-icn' is clicked on

2018-09-05 18:27:20 - [TEST_STEP][PASSED] - Statement - cssValue = com.kms.katalon.core.webui.keyword.WebUiBuiltInKeywords.getCSSValue(com.kms.katalon.core.testobject.ObjectRepository.findTestObject(pagi/div_pagination-icon next-icn), "background"): Get CSS 'background' value on 'Object Repository/pagi/div_pagination-icon next-icn' successfully: 'rgba(0, 0, 0, 0) url("blob:https://dev.vcalling.in/c2ea0dd2-8e09-4f0c-96e5-d5b83c544a58") repeat scroll 0% 0% / 100% 100% padding-box border-box'.

2018-09-05 18:27:20 - [MESSAGE][PASSED] - Get CSS 'background' value on 'Object Repository/pagi/div_pagination-icon next-icn' successfully: 'rgba(0, 0, 0, 0) url("blob:https://dev.vcalling.in/c2ea0dd2-8e09-4f0c-96e5-d5b83c544a58") repeat scroll 0% 0% / 100% 100% padding-box border-box'.

2018-09-05 18:27:20 - [TEST_STEP][PASSED] - Statement - println(cssValue): null

2018-09-05 18:27:20 - [TEST_STEP][PASSED] - delay: Delayed 5 second(s)

2018-09-05 18:27:25 - [MESSAGE][PASSED] - Delayed 5 second(s)

2018-09-05 18:27:25 - [TEST_STEP][PASSED] - Statement - words = cssValue.split(""")[1]: null

2018-09-05 18:27:25 - [TEST_STEP][PASSED] - Statement - out.println(words): null

2018-09-05 18:27:25 - [TEST_STEP][PASSED] - Statement - word2 = words.split("/")[3]: null

2018-09-05 18:27:25 - [TEST_STEP][PASSED] - Statement - out.println(word2): null

2018-09-05 18:27:25 - [TEST_STEP][PASSED] - Statement - compare = cssNotActive != word2: null

2018-09-05 18:27:25 - [TEST_STEP][PASSED] - Statement - println(compare): null

2018-09-05 18:27:25 - [TEST_STEP][PASSED] - verifyElementPresent: Object 'Object Repository/pagi/div_pagination-icon' is present

2018-09-05 18:27:25 - [MESSAGE][PASSED] - Object 'Object Repository/pagi/div_pagination-icon' is present

2018-09-05 18:27:25 - [TEST_STEP][PASSED] - Statement - (linkGeneratorCount++): null

2018-09-05 18:27:25 - [TEST_STEP][PASSED] - click: Object: 'Object Repository/pagi/div_pagination-icon next-icn' is clicked on

2018-09-05 18:27:25 - [MESSAGE][PASSED] - Object: 'Object Repository/pagi/div_pagination-icon next-icn' is clicked on

2018-09-05 18:27:25 - [TEST_STEP][PASSED] - Statement - cssValue = com.kms.katalon.core.webui.keyword.WebUiBuiltInKeywords.getCSSValue(com.kms.katalon.core.testobject.ObjectRepository.findTestObject(pagi/div_pagination-icon next-icn), "background"): Get CSS 'background' value on 'Object Repository/pagi/div_pagination-icon next-icn' successfully: 'rgba(0, 0, 0, 0) url("blob:https://dev.vcalling.in/c2ea0dd2-8e09-4f0c-96e5-d5b83c544a58") repeat scroll 0% 0% / 100% 100% padding-box border-box'.

2018-09-05 18:27:26 - [MESSAGE][PASSED] - Get CSS 'background' value on 'Object Repository/pagi/div_pagination-icon next-icn' successfully: 'rgba(0, 0, 0, 0) url("blob:https://dev.vcalling.in/c2ea0dd2-8e09-4f0c-96e5-d5b83c544a58") repeat scroll 0% 0% / 100% 100% padding-box border-box'.

2018-09-05 18:27:26 - [TEST_STEP][PASSED] - Statement - println(cssValue): null

2018-09-05 18:27:26 - [TEST_STEP][PASSED] - delay: Delayed 5 second(s)

2018-09-05 18:27:31 - [MESSAGE][PASSED] - Delayed 5 second(s)

2018-09-05 18:27:31 - [TEST_STEP][PASSED] - Statement - words = cssValue.split(""")[1]: null

2018-09-05 18:27:31 - [TEST_STEP][PASSED] - Statement - out.println(words): null

2018-09-05 18:27:31 - [TEST_STEP][PASSED] - Statement - word2 = words.split("/")[3]: null

2018-09-05 18:27:31 - [TEST_STEP][PASSED] - Statement - out.println(word2): null

2018-09-05 18:27:31 - [TEST_STEP][PASSED] - Statement - compare = cssNotActive != word2: null

2018-09-05 18:27:31 - [TEST_STEP][PASSED] - Statement - println(compare): null

2018-09-05 18:27:31 - [TEST_STEP][PASSED] - verifyElementPresent: Object 'Object Repository/pagi/div_pagination-icon' is present

2018-09-05 18:27:31 - [MESSAGE][PASSED] - Object 'Object Repository/pagi/div_pagination-icon' is present

2018-09-05 18:27:31 - [TEST_STEP][PASSED] - Statement - (linkGeneratorCount++): null

2018-09-05 18:27:31 - [TEST_STEP][PASSED] - click: Object: 'Object Repository/pagi/div_pagination-icon next-icn' is clicked on

2018-09-05 18:27:31 - [MESSAGE][PASSED] - Object: 'Object Repository/pagi/div_pagination-icon next-icn' is clicked on

2018-09-05 18:27:31 - [TEST_STEP][PASSED] - Statement - cssValue = com.kms.katalon.core.webui.keyword.WebUiBuiltInKeywords.getCSSValue(com.kms.katalon.core.testobject.ObjectRepository.findTestObject(pagi/div_pagination-icon next-icn), "background"): Get CSS 'background' value on 'Object Repository/pagi/div_pagination-icon next-icn' successfully: 'rgba(0, 0, 0, 0) url("blob:https://dev.vcalling.in/c2ea0dd2-8e09-4f0c-96e5-d5b83c544a58") repeat scroll 0% 0% / 100% 100% padding-box border-box'.

2018-09-05 18:27:31 - [MESSAGE][PASSED] - Get CSS 'background' value on 'Object Repository/pagi/div_pagination-icon next-icn' successfully: 'rgba(0, 0, 0, 0) url("blob:https://dev.vcalling.in/c2ea0dd2-8e09-4f0c-96e5-d5b83c544a58") repeat scroll 0% 0% / 100% 100% padding-box border-box'.

2018-09-05 18:27:31 - [TEST_STEP][PASSED] - Statement - println(cssValue): null

2018-09-05 18:27:31 - [TEST_STEP][PASSED] - delay: Delayed 5 second(s)

2018-09-05 18:27:36 - [MESSAGE][PASSED] - Delayed 5 second(s)

2018-09-05 18:27:36 - [TEST_STEP][PASSED] - Statement - words = cssValue.split(""")[1]: null

2018-09-05 18:27:36 - [TEST_STEP][PASSED] - Statement - out.println(words): null

2018-09-05 18:27:36 - [TEST_STEP][PASSED] - Statement - word2 = words.split("/")[3]: null

2018-09-05 18:27:36 - [TEST_STEP][PASSED] - Statement - out.println(word2): null

2018-09-05 18:27:36 - [TEST_STEP][PASSED] - Statement - compare = cssNotActive != word2: null

2018-09-05 18:27:36 - [TEST_STEP][PASSED] - Statement - println(compare): null

2018-09-05 18:27:36 - [TEST_STEP][PASSED] - verifyElementPresent: Object 'Object Repository/pagi/div_pagination-icon' is present

2018-09-05 18:27:36 - [MESSAGE][PASSED] - Object 'Object Repository/pagi/div_pagination-icon' is present

2018-09-05 18:27:36 - [TEST_STEP][PASSED] - Statement - (linkGeneratorCount++): null

2018-09-05 18:27:36 - [TEST_STEP][PASSED] - click: Object: 'Object Repository/pagi/div_pagination-icon next-icn' is clicked on

2018-09-05 18:27:36 - [MESSAGE][PASSED] - Object: 'Object Repository/pagi/div_pagination-icon next-icn' is clicked on

2018-09-05 18:27:36 - [TEST_STEP][PASSED] - Statement - cssValue = com.kms.katalon.core.webui.keyword.WebUiBuiltInKeywords.getCSSValue(com.kms.katalon.core.testobject.ObjectRepository.findTestObject(pagi/div_pagination-icon next-icn), "background"): Get CSS 'background' value on 'Object Repository/pagi/div_pagination-icon next-icn' successfully: 'rgba(0, 0, 0, 0) url("blob:https://dev.vcalling.in/c2ea0dd2-8e09-4f0c-96e5-d5b83c544a58") repeat scroll 0% 0% / 100% 100% padding-box border-box'.

2018-09-05 18:27:36 - [MESSAGE][PASSED] - Get CSS 'background' value on 'Object Repository/pagi/div_pagination-icon next-icn' successfully: 'rgba(0, 0, 0, 0) url("blob:https://dev.vcalling.in/c2ea0dd2-8e09-4f0c-96e5-d5b83c544a58") repeat scroll 0% 0% / 100% 100% padding-box border-box'.

2018-09-05 18:27:36 - [TEST_STEP][PASSED] - Statement - println(cssValue): null

2018-09-05 18:27:36 - [TEST_STEP][PASSED] - delay: Delayed 5 second(s)

2018-09-05 18:27:41 - [MESSAGE][PASSED] - Delayed 5 second(s)

2018-09-05 18:27:41 - [TEST_STEP][PASSED] - Statement - words = cssValue.split(""")[1]: null

2018-09-05 18:27:41 - [TEST_STEP][PASSED] - Statement - out.println(words): null

2018-09-05 18:27:41 - [TEST_STEP][PASSED] - Statement - word2 = words.split("/")[3]: null

2018-09-05 18:27:41 - [TEST_STEP][PASSED] - Statement - out.println(word2): null

2018-09-05 18:27:41 - [TEST_STEP][PASSED] - Statement - compare = cssNotActive != word2: null

2018-09-05 18:27:41 - [TEST_STEP][PASSED] - Statement - println(compare): null

2018-09-05 18:27:41 - [TEST_STEP][PASSED] - verifyElementPresent: Object 'Object Repository/pagi/div_pagination-icon' is present

2018-09-05 18:27:41 - [MESSAGE][PASSED] - Object 'Object Repository/pagi/div_pagination-icon' is present

2018-09-05 18:27:41 - [TEST_STEP][PASSED] - Statement - (linkGeneratorCount++): null

2018-09-05 18:27:41 - [TEST_STEP][PASSED] - click: Object: 'Object Repository/pagi/div_pagination-icon next-icn' is clicked on

2018-09-05 18:27:42 - [MESSAGE][PASSED] - Object: 'Object Repository/pagi/div_pagination-icon next-icn' is clicked on

2018-09-05 18:27:42 - [TEST_STEP][PASSED] - Statement - cssValue = com.kms.katalon.core.webui.keyword.WebUiBuiltInKeywords.getCSSValue(com.kms.katalon.core.testobject.ObjectRepository.findTestObject(pagi/div_pagination-icon next-icn), "background"): Get CSS 'background' value on 'Object Repository/pagi/div_pagination-icon next-icn' successfully: 'rgba(0, 0, 0, 0) url("blob:https://dev.vcalling.in/c2ea0dd2-8e09-4f0c-96e5-d5b83c544a58") repeat scroll 0% 0% / 100% 100% padding-box border-box'.

2018-09-05 18:27:42 - [MESSAGE][PASSED] - Get CSS 'background' value on 'Object Repository/pagi/div_pagination-icon next-icn' successfully: 'rgba(0, 0, 0, 0) url("blob:https://dev.vcalling.in/c2ea0dd2-8e09-4f0c-96e5-d5b83c544a58") repeat scroll 0% 0% / 100% 100% padding-box border-box'.

2018-09-05 18:27:42 - [TEST_STEP][PASSED] - Statement - println(cssValue): null

2018-09-05 18:27:42 - [TEST_STEP][PASSED] - delay: Delayed 5 second(s)

2018-09-05 18:27:47 - [MESSAGE][PASSED] - Delayed 5 second(s)

2018-09-05 18:27:47 - [TEST_STEP][PASSED] - Statement - words = cssValue.split(""")[1]: null

2018-09-05 18:27:47 - [TEST_STEP][PASSED] - Statement - out.println(words): null

2018-09-05 18:27:47 - [TEST_STEP][PASSED] - Statement - word2 = words.split("/")[3]: null

2018-09-05 18:27:47 - [TEST_STEP][PASSED] - Statement - out.println(word2): null

2018-09-05 18:27:47 - [TEST_STEP][PASSED] - Statement - compare = cssNotActive != word2: null

2018-09-05 18:27:47 - [TEST_STEP][PASSED] - Statement - println(compare): null

2018-09-05 18:27:47 - [TEST_STEP][PASSED] - verifyElementPresent: Object 'Object Repository/pagi/div_pagination-icon' is present

2018-09-05 18:27:47 - [MESSAGE][PASSED] - Object 'Object Repository/pagi/div_pagination-icon' is present

2018-09-05 18:27:47 - [TEST_STEP][PASSED] - Statement - (linkGeneratorCount++): null

2018-09-05 18:27:47 - [TEST_STEP][PASSED] - click: Object: 'Object Repository/pagi/div_pagination-icon next-icn' is clicked on

2018-09-05 18:27:47 - [MESSAGE][PASSED] - Object: 'Object Repository/pagi/div_pagination-icon next-icn' is clicked on

2018-09-05 18:27:47 - [TEST_STEP][PASSED] - Statement - cssValue = com.kms.katalon.core.webui.keyword.WebUiBuiltInKeywords.getCSSValue(com.kms.katalon.core.testobject.ObjectRepository.findTestObject(pagi/div_pagination-icon next-icn), "background"): Get CSS 'background' value on 'Object Repository/pagi/div_pagination-icon next-icn' successfully: 'rgba(0, 0, 0, 0) url("blob:https://dev.vcalling.in/c2ea0dd2-8e09-4f0c-96e5-d5b83c544a58") repeat scroll 0% 0% / 100% 100% padding-box border-box'.

2018-09-05 18:27:47 - [MESSAGE][PASSED] - Get CSS 'background' value on 'Object Repository/pagi/div_pagination-icon next-icn' successfully: 'rgba(0, 0, 0, 0) url("blob:https://dev.vcalling.in/c2ea0dd2-8e09-4f0c-96e5-d5b83c544a58") repeat scroll 0% 0% / 100% 100% padding-box border-box'.

2018-09-05 18:27:47 - [TEST_STEP][PASSED] - Statement - println(cssValue): null

2018-09-05 18:27:47 - [TEST_STEP][PASSED] - delay: Delayed 5 second(s)

2018-09-05 18:27:52 - [MESSAGE][PASSED] - Delayed 5 second(s)

2018-09-05 18:27:52 - [TEST_STEP][PASSED] - Statement - words = cssValue.split(""")[1]: null

2018-09-05 18:27:52 - [TEST_STEP][PASSED] - Statement - out.println(words): null

2018-09-05 18:27:52 - [TEST_STEP][PASSED] - Statement - word2 = words.split("/")[3]: null

2018-09-05 18:27:52 - [TEST_STEP][PASSED] - Statement - out.println(word2): null

2018-09-05 18:27:52 - [TEST_STEP][PASSED] - Statement - compare = cssNotActive != word2: null

2018-09-05 18:27:52 - [TEST_STEP][PASSED] - Statement - println(compare): null

2018-09-05 18:27:52 - [TEST_STEP][PASSED] - verifyElementPresent: Object 'Object Repository/pagi/div_pagination-icon' is present

2018-09-05 18:27:52 - [MESSAGE][PASSED] - Object 'Object Repository/pagi/div_pagination-icon' is present

2018-09-05 18:27:52 - [TEST_STEP][PASSED] - Statement - (linkGeneratorCount++): null

2018-09-05 18:27:52 - [TEST_STEP][PASSED] - click: Object: 'Object Repository/pagi/div_pagination-icon next-icn' is clicked on

2018-09-05 18:27:52 - [MESSAGE][PASSED] - Object: 'Object Repository/pagi/div_pagination-icon next-icn' is clicked on

2018-09-05 18:27:52 - [TEST_STEP][PASSED] - Statement - cssValue = com.kms.katalon.core.webui.keyword.WebUiBuiltInKeywords.getCSSValue(com.kms.katalon.core.testobject.ObjectRepository.findTestObject(pagi/div_pagination-icon next-icn), "background"): Get CSS 'background' value on 'Object Repository/pagi/div_pagination-icon next-icn' successfully: 'rgba(0, 0, 0, 0) url("blob:https://dev.vcalling.in/c2ea0dd2-8e09-4f0c-96e5-d5b83c544a58") repeat scroll 0% 0% / 100% 100% padding-box border-box'.

2018-09-05 18:27:52 - [MESSAGE][PASSED] - Get CSS 'background' value on 'Object Repository/pagi/div_pagination-icon next-icn' successfully: 'rgba(0, 0, 0, 0) url("blob:https://dev.vcalling.in/c2ea0dd2-8e09-4f0c-96e5-d5b83c544a58") repeat scroll 0% 0% / 100% 100% padding-box border-box'.

2018-09-05 18:27:52 - [TEST_STEP][PASSED] - Statement - println(cssValue): null

2018-09-05 18:27:52 - [TEST_STEP][PASSED] - delay: Delayed 5 second(s)

2018-09-05 18:27:57 - [MESSAGE][PASSED] - Delayed 5 second(s)

2018-09-05 18:27:57 - [TEST_STEP][PASSED] - Statement - words = cssValue.split(""")[1]: null

2018-09-05 18:27:57 - [TEST_STEP][PASSED] - Statement - out.println(words): null

2018-09-05 18:27:57 - [TEST_STEP][PASSED] - Statement - word2 = words.split("/")[3]: null

2018-09-05 18:27:57 - [TEST_STEP][PASSED] - Statement - out.println(word2): null

2018-09-05 18:27:57 - [TEST_STEP][PASSED] - Statement - compare = cssNotActive != word2: null

2018-09-05 18:27:57 - [TEST_STEP][PASSED] - Statement - println(compare): null

2018-09-05 18:27:57 - [TEST_STEP][PASSED] - verifyElementPresent: Object 'Object Repository/pagi/div_pagination-icon' is present

2018-09-05 18:27:57 - [MESSAGE][PASSED] - Object 'Object Repository/pagi/div_pagination-icon' is present

2018-09-05 18:27:57 - [TEST_STEP][PASSED] - Statement - (linkGeneratorCount++): null

2018-09-05 18:27:57 - [TEST_STEP][PASSED] - click: Object: 'Object Repository/pagi/div_pagination-icon next-icn' is clicked on

2018-09-05 18:27:57 - [MESSAGE][PASSED] - Object: 'Object Repository/pagi/div_pagination-icon next-icn' is clicked on

2018-09-05 18:27:57 - [TEST_STEP][PASSED] - Statement - cssValue = com.kms.katalon.core.webui.keyword.WebUiBuiltInKeywords.getCSSValue(com.kms.katalon.core.testobject.ObjectRepository.findTestObject(pagi/div_pagination-icon next-icn), "background"): Get CSS 'background' value on 'Object Repository/pagi/div_pagination-icon next-icn' successfully: 'rgba(0, 0, 0, 0) url("blob:https://dev.vcalling.in/c2ea0dd2-8e09-4f0c-96e5-d5b83c544a58") repeat scroll 0% 0% / 100% 100% padding-box border-box'.

2018-09-05 18:27:57 - [MESSAGE][PASSED] - Get CSS 'background' value on 'Object Repository/pagi/div_pagination-icon next-icn' successfully: 'rgba(0, 0, 0, 0) url("blob:https://dev.vcalling.in/c2ea0dd2-8e09-4f0c-96e5-d5b83c544a58") repeat scroll 0% 0% / 100% 100% padding-box border-box'.

2018-09-05 18:27:57 - [TEST_STEP][PASSED] - Statement - println(cssValue): null

2018-09-05 18:27:57 - [TEST_STEP][PASSED] - delay: Delayed 5 second(s)

2018-09-05 18:28:02 - [MESSAGE][PASSED] - Delayed 5 second(s)

2018-09-05 18:28:02 - [TEST_STEP][PASSED] - Statement - words = cssValue.split(""")[1]: null

2018-09-05 18:28:02 - [TEST_STEP][PASSED] - Statement - out.println(words): null

2018-09-05 18:28:02 - [TEST_STEP][PASSED] - Statement - word2 = words.split("/")[3]: null

2018-09-05 18:28:02 - [TEST_STEP][PASSED] - Statement - out.println(word2): null

2018-09-05 18:28:02 - [TEST_STEP][PASSED] - Statement - compare = cssNotActive != word2: null

2018-09-05 18:28:02 - [TEST_STEP][PASSED] - Statement - println(compare): null

2018-09-05 18:28:02 - [TEST_STEP][PASSED] - verifyElementPresent: Object 'Object Repository/pagi/div_pagination-icon' is present

2018-09-05 18:28:02 - [MESSAGE][PASSED] - Object 'Object Repository/pagi/div_pagination-icon' is present

2018-09-05 18:28:02 - [TEST_STEP][PASSED] - Statement - (linkGeneratorCount++): null

2018-09-05 18:28:02 - [TEST_STEP][PASSED] - click: Object: 'Object Repository/pagi/div_pagination-icon next-icn' is clicked on

2018-09-05 18:28:02 - [MESSAGE][PASSED] - Object: 'Object Repository/pagi/div_pagination-icon next-icn' is clicked on

2018-09-05 18:28:02 - [TEST_STEP][PASSED] - Statement - cssValue = com.kms.katalon.core.webui.keyword.WebUiBuiltInKeywords.getCSSValue(com.kms.katalon.core.testobject.ObjectRepository.findTestObject(pagi/div_pagination-icon next-icn), "background"): Get CSS 'background' value on 'Object Repository/pagi/div_pagination-icon next-icn' successfully: 'rgba(0, 0, 0, 0) url("blob:https://dev.vcalling.in/c2ea0dd2-8e09-4f0c-96e5-d5b83c544a58") repeat scroll 0% 0% / 100% 100% padding-box border-box'.

2018-09-05 18:28:02 - [MESSAGE][PASSED] - Get CSS 'background' value on 'Object Repository/pagi/div_pagination-icon next-icn' successfully: 'rgba(0, 0, 0, 0) url("blob:https://dev.vcalling.in/c2ea0dd2-8e09-4f0c-96e5-d5b83c544a58") repeat scroll 0% 0% / 100% 100% padding-box border-box'.

2018-09-05 18:28:02 - [TEST_STEP][PASSED] - Statement - println(cssValue): null

2018-09-05 18:28:02 - [TEST_STEP][PASSED] - delay: Delayed 5 second(s)

2018-09-05 18:28:07 - [MESSAGE][PASSED] - Delayed 5 second(s)

2018-09-05 18:28:07 - [TEST_STEP][PASSED] - Statement - words = cssValue.split(""")[1]: null

2018-09-05 18:28:07 - [TEST_STEP][PASSED] - Statement - out.println(words): null

2018-09-05 18:28:07 - [TEST_STEP][PASSED] - Statement - word2 = words.split("/")[3]: null

2018-09-05 18:28:07 - [TEST_STEP][PASSED] - Statement - out.println(word2): null

2018-09-05 18:28:07 - [TEST_STEP][PASSED] - Statement - compare = cssNotActive != word2: null

2018-09-05 18:28:07 - [TEST_STEP][PASSED] - Statement - println(compare): null

2018-09-05 18:28:07 - [TEST_STEP][PASSED] - verifyElementPresent: Object 'Object Repository/pagi/div_pagination-icon' is present

2018-09-05 18:28:07 - [MESSAGE][PASSED] - Object 'Object Repository/pagi/div_pagination-icon' is present

2018-09-05 18:28:07 - [TEST_STEP][PASSED] - Statement - (linkGeneratorCount++): null

2018-09-05 18:28:07 - [TEST_STEP][PASSED] - click: Object: 'Object Repository/pagi/div_pagination-icon next-icn' is clicked on

2018-09-05 18:28:07 - [MESSAGE][PASSED] - Object: 'Object Repository/pagi/div_pagination-icon next-icn' is clicked on

2018-09-05 18:28:07 - [TEST_STEP][PASSED] - Statement - cssValue = com.kms.katalon.core.webui.keyword.WebUiBuiltInKeywords.getCSSValue(com.kms.katalon.core.testobject.ObjectRepository.findTestObject(pagi/div_pagination-icon next-icn), "background"): Get CSS 'background' value on 'Object Repository/pagi/div_pagination-icon next-icn' successfully: 'rgba(0, 0, 0, 0) url("blob:https://dev.vcalling.in/c2ea0dd2-8e09-4f0c-96e5-d5b83c544a58") repeat scroll 0% 0% / 100% 100% padding-box border-box'.

2018-09-05 18:28:07 - [MESSAGE][PASSED] - Get CSS 'background' value on 'Object Repository/pagi/div_pagination-icon next-icn' successfully: 'rgba(0, 0, 0, 0) url("blob:https://dev.vcalling.in/c2ea0dd2-8e09-4f0c-96e5-d5b83c544a58") repeat scroll 0% 0% / 100% 100% padding-box border-box'.

2018-09-05 18:28:07 - [TEST_STEP][PASSED] - Statement - println(cssValue): null

2018-09-05 18:28:07 - [TEST_STEP][PASSED] - delay: Delayed 5 second(s)

2018-09-05 18:28:12 - [MESSAGE][PASSED] - Delayed 5 second(s)

2018-09-05 18:28:12 - [TEST_STEP][PASSED] - Statement - words = cssValue.split(""")[1]: null

2018-09-05 18:28:12 - [TEST_STEP][PASSED] - Statement - out.println(words): null

2018-09-05 18:28:12 - [TEST_STEP][PASSED] - Statement - word2 = words.split("/")[3]: null

2018-09-05 18:28:12 - [TEST_STEP][PASSED] - Statement - out.println(word2): null

2018-09-05 18:28:12 - [TEST_STEP][PASSED] - Statement - compare = cssNotActive != word2: null

2018-09-05 18:28:12 - [TEST_STEP][PASSED] - Statement - println(compare): null

2018-09-05 18:28:12 - [TEST_STEP][PASSED] - verifyElementPresent: Object 'Object Repository/pagi/div_pagination-icon' is present

2018-09-05 18:28:12 - [MESSAGE][PASSED] - Object 'Object Repository/pagi/div_pagination-icon' is present

2018-09-05 18:28:12 - [TEST_STEP][PASSED] - Statement - (linkGeneratorCount++): null

2018-09-05 18:28:12 - [TEST_STEP][PASSED] - click: Object: 'Object Repository/pagi/div_pagination-icon next-icn' is clicked on

2018-09-05 18:28:12 - [MESSAGE][PASSED] - Object: 'Object Repository/pagi/div_pagination-icon next-icn' is clicked on

2018-09-05 18:28:12 - [TEST_STEP][PASSED] - Statement - cssValue = com.kms.katalon.core.webui.keyword.WebUiBuiltInKeywords.getCSSValue(com.kms.katalon.core.testobject.ObjectRepository.findTestObject(pagi/div_pagination-icon next-icn), "background"): Get CSS 'background' value on 'Object Repository/pagi/div_pagination-icon next-icn' successfully: 'rgba(0, 0, 0, 0) url("blob:https://dev.vcalling.in/c2ea0dd2-8e09-4f0c-96e5-d5b83c544a58") repeat scroll 0% 0% / 100% 100% padding-box border-box'.

2018-09-05 18:28:12 - [MESSAGE][PASSED] - Get CSS 'background' value on 'Object Repository/pagi/div_pagination-icon next-icn' successfully: 'rgba(0, 0, 0, 0) url("blob:https://dev.vcalling.in/c2ea0dd2-8e09-4f0c-96e5-d5b83c544a58") repeat scroll 0% 0% / 100% 100% padding-box border-box'.

2018-09-05 18:28:12 - [TEST_STEP][PASSED] - Statement - println(cssValue): null

2018-09-05 18:28:12 - [TEST_STEP][PASSED] - delay: Delayed 5 second(s)

2018-09-05 18:28:17 - [MESSAGE][PASSED] - Delayed 5 second(s)

2018-09-05 18:28:17 - [TEST_STEP][PASSED] - Statement - words = cssValue.split(""")[1]: null

2018-09-05 18:28:17 - [TEST_STEP][PASSED] - Statement - out.println(words): null

2018-09-05 18:28:17 - [TEST_STEP][PASSED] - Statement - word2 = words.split("/")[3]: null

2018-09-05 18:28:17 - [TEST_STEP][PASSED] - Statement - out.println(word2): null

2018-09-05 18:28:17 - [TEST_STEP][PASSED] - Statement - compare = cssNotActive != word2: null

2018-09-05 18:28:17 - [TEST_STEP][PASSED] - Statement - println(compare): null

2018-09-05 18:28:17 - [TEST_STEP][PASSED] - verifyElementPresent: Object 'Object Repository/pagi/div_pagination-icon' is present

2018-09-05 18:28:18 - [MESSAGE][PASSED] - Object 'Object Repository/pagi/div_pagination-icon' is present

2018-09-05 18:28:18 - [TEST_STEP][PASSED] - Statement - (linkGeneratorCount++): null

2018-09-05 18:28:18 - [TEST_STEP][PASSED] - click: Object: 'Object Repository/pagi/div_pagination-icon next-icn' is clicked on

2018-09-05 18:28:18 - [MESSAGE][PASSED] - Object: 'Object Repository/pagi/div_pagination-icon next-icn' is clicked on

2018-09-05 18:28:18 - [TEST_STEP][PASSED] - Statement - cssValue = com.kms.katalon.core.webui.keyword.WebUiBuiltInKeywords.getCSSValue(com.kms.katalon.core.testobject.ObjectRepository.findTestObject(pagi/div_pagination-icon next-icn), "background"): Get CSS 'background' value on 'Object Repository/pagi/div_pagination-icon next-icn' successfully: 'rgba(0, 0, 0, 0) url("blob:https://dev.vcalling.in/c2ea0dd2-8e09-4f0c-96e5-d5b83c544a58") repeat scroll 0% 0% / 100% 100% padding-box border-box'.

2018-09-05 18:28:18 - [MESSAGE][PASSED] - Get CSS 'background' value on 'Object Repository/pagi/div_pagination-icon next-icn' successfully: 'rgba(0, 0, 0, 0) url("blob:https://dev.vcalling.in/c2ea0dd2-8e09-4f0c-96e5-d5b83c544a58") repeat scroll 0% 0% / 100% 100% padding-box border-box'.

2018-09-05 18:28:18 - [TEST_STEP][PASSED] - Statement - println(cssValue): null

2018-09-05 18:28:18 - [TEST_STEP][PASSED] - delay: Delayed 5 second(s)

2018-09-05 18:28:23 - [MESSAGE][PASSED] - Delayed 5 second(s)

2018-09-05 18:28:23 - [TEST_STEP][PASSED] - Statement - words = cssValue.split(""")[1]: null

2018-09-05 18:28:23 - [TEST_STEP][PASSED] - Statement - out.println(words): null

2018-09-05 18:28:23 - [TEST_STEP][PASSED] - Statement - word2 = words.split("/")[3]: null

2018-09-05 18:28:23 - [TEST_STEP][PASSED] - Statement - out.println(word2): null

2018-09-05 18:28:23 - [TEST_STEP][PASSED] - Statement - compare = cssNotActive != word2: null

2018-09-05 18:28:23 - [TEST_STEP][PASSED] - Statement - println(compare): null

2018-09-05 18:28:23 - [TEST_STEP][PASSED] - verifyElementPresent: Object 'Object Repository/pagi/div_pagination-icon' is present

2018-09-05 18:28:23 - [MESSAGE][PASSED] - Object 'Object Repository/pagi/div_pagination-icon' is present

2018-09-05 18:28:23 - [TEST_STEP][PASSED] - Statement - (linkGeneratorCount++): null

2018-09-05 18:28:23 - [TEST_STEP][PASSED] - click: Object: 'Object Repository/pagi/div_pagination-icon next-icn' is clicked on

2018-09-05 18:28:23 - [MESSAGE][PASSED] - Object: 'Object Repository/pagi/div_pagination-icon next-icn' is clicked on

2018-09-05 18:28:23 - [TEST_STEP][PASSED] - Statement - cssValue = com.kms.katalon.core.webui.keyword.WebUiBuiltInKeywords.getCSSValue(com.kms.katalon.core.testobject.ObjectRepository.findTestObject(pagi/div_pagination-icon next-icn), "background"): Get CSS 'background' value on 'Object Repository/pagi/div_pagination-icon next-icn' successfully: 'rgba(0, 0, 0, 0) url("blob:https://dev.vcalling.in/c2ea0dd2-8e09-4f0c-96e5-d5b83c544a58") repeat scroll 0% 0% / 100% 100% padding-box border-box'.

2018-09-05 18:28:23 - [MESSAGE][PASSED] - Get CSS 'background' value on 'Object Repository/pagi/div_pagination-icon next-icn' successfully: 'rgba(0, 0, 0, 0) url("blob:https://dev.vcalling.in/c2ea0dd2-8e09-4f0c-96e5-d5b83c544a58") repeat scroll 0% 0% / 100% 100% padding-box border-box'.

2018-09-05 18:28:23 - [TEST_STEP][PASSED] - Statement - println(cssValue): null

2018-09-05 18:28:23 - [TEST_STEP][PASSED] - delay: Delayed 5 second(s)

2018-09-05 18:28:28 - [MESSAGE][PASSED] - Delayed 5 second(s)

2018-09-05 18:28:28 - [TEST_STEP][PASSED] - Statement - words = cssValue.split(""")[1]: null

2018-09-05 18:28:28 - [TEST_STEP][PASSED] - Statement - out.println(words): null

2018-09-05 18:28:28 - [TEST_STEP][PASSED] - Statement - word2 = words.split("/")[3]: null

2018-09-05 18:28:28 - [TEST_STEP][PASSED] - Statement - out.println(word2): null

2018-09-05 18:28:28 - [TEST_STEP][PASSED] - Statement - compare = cssNotActive != word2: null

2018-09-05 18:28:28 - [TEST_STEP][PASSED] - Statement - println(compare): null

2018-09-05 18:28:28 - [TEST_STEP][PASSED] - verifyElementPresent: Object 'Object Repository/pagi/div_pagination-icon' is present

2018-09-05 18:28:28 - [MESSAGE][PASSED] - Object 'Object Repository/pagi/div_pagination-icon' is present

2018-09-05 18:28:28 - [TEST_STEP][PASSED] - Statement - (linkGeneratorCount++): null

2018-09-05 18:28:28 - [TEST_STEP][PASSED] - click: Object: 'Object Repository/pagi/div_pagination-icon next-icn' is clicked on

2018-09-05 18:28:28 - [MESSAGE][PASSED] - Object: 'Object Repository/pagi/div_pagination-icon next-icn' is clicked on

2018-09-05 18:28:28 - [TEST_STEP][PASSED] - Statement - cssValue = com.kms.katalon.core.webui.keyword.WebUiBuiltInKeywords.getCSSValue(com.kms.katalon.core.testobject.ObjectRepository.findTestObject(pagi/div_pagination-icon next-icn), "background"): Get CSS 'background' value on 'Object Repository/pagi/div_pagination-icon next-icn' successfully: 'rgba(0, 0, 0, 0) url("blob:https://dev.vcalling.in/c2ea0dd2-8e09-4f0c-96e5-d5b83c544a58") repeat scroll 0% 0% / 100% 100% padding-box border-box'.

2018-09-05 18:28:28 - [MESSAGE][PASSED] - Get CSS 'background' value on 'Object Repository/pagi/div_pagination-icon next-icn' successfully: 'rgba(0, 0, 0, 0) url("blob:https://dev.vcalling.in/c2ea0dd2-8e09-4f0c-96e5-d5b83c544a58") repeat scroll 0% 0% / 100% 100% padding-box border-box'.

2018-09-05 18:28:28 - [TEST_STEP][PASSED] - Statement - println(cssValue): null

2018-09-05 18:28:28 - [TEST_STEP][PASSED] - delay: Delayed 5 second(s)

2018-09-05 18:28:33 - [MESSAGE][PASSED] - Delayed 5 second(s)

2018-09-05 18:28:33 - [TEST_STEP][PASSED] - Statement - words = cssValue.split(""")[1]: null

2018-09-05 18:28:33 - [TEST_STEP][PASSED] - Statement - out.println(words): null

2018-09-05 18:28:33 - [TEST_STEP][PASSED] - Statement - word2 = words.split("/")[3]: null

2018-09-05 18:28:33 - [TEST_STEP][PASSED] - Statement - out.println(word2): null

2018-09-05 18:28:33 - [TEST_STEP][PASSED] - Statement - compare = cssNotActive != word2: null

2018-09-05 18:28:33 - [TEST_STEP][PASSED] - Statement - println(compare): null

2018-09-05 18:28:33 - [TEST_STEP][PASSED] - verifyElementPresent: Object 'Object Repository/pagi/div_pagination-icon' is present

2018-09-05 18:28:33 - [MESSAGE][PASSED] - Object 'Object Repository/pagi/div_pagination-icon' is present

2018-09-05 18:28:33 - [TEST_STEP][PASSED] - Statement - (linkGeneratorCount++): null

2018-09-05 18:28:33 - [TEST_STEP][PASSED] - click: Object: 'Object Repository/pagi/div_pagination-icon next-icn' is clicked on

2018-09-05 18:28:33 - [MESSAGE][PASSED] - Object: 'Object Repository/pagi/div_pagination-icon next-icn' is clicked on

2018-09-05 18:28:33 - [TEST_STEP][PASSED] - Statement - cssValue = com.kms.katalon.core.webui.keyword.WebUiBuiltInKeywords.getCSSValue(com.kms.katalon.core.testobject.ObjectRepository.findTestObject(pagi/div_pagination-icon next-icn), "background"): Get CSS 'background' value on 'Object Repository/pagi/div_pagination-icon next-icn' successfully: 'rgba(0, 0, 0, 0) url("blob:https://dev.vcalling.in/c2ea0dd2-8e09-4f0c-96e5-d5b83c544a58") repeat scroll 0% 0% / 100% 100% padding-box border-box'.

2018-09-05 18:28:33 - [MESSAGE][PASSED] - Get CSS 'background' value on 'Object Repository/pagi/div_pagination-icon next-icn' successfully: 'rgba(0, 0, 0, 0) url("blob:https://dev.vcalling.in/c2ea0dd2-8e09-4f0c-96e5-d5b83c544a58") repeat scroll 0% 0% / 100% 100% padding-box border-box'.

2018-09-05 18:28:33 - [TEST_STEP][PASSED] - Statement - println(cssValue): null

2018-09-05 18:28:33 - [TEST_STEP][PASSED] - delay: Delayed 5 second(s)

2018-09-05 18:28:38 - [MESSAGE][PASSED] - Delayed 5 second(s)

2018-09-05 18:28:38 - [TEST_STEP][PASSED] - Statement - words = cssValue.split(""")[1]: null

2018-09-05 18:28:38 - [TEST_STEP][PASSED] - Statement - out.println(words): null

2018-09-05 18:28:38 - [TEST_STEP][PASSED] - Statement - word2 = words.split("/")[3]: null

2018-09-05 18:28:38 - [TEST_STEP][PASSED] - Statement - out.println(word2): null

2018-09-05 18:28:38 - [TEST_STEP][PASSED] - Statement - compare = cssNotActive != word2: null

2018-09-05 18:28:38 - [TEST_STEP][PASSED] - Statement - println(compare): null

2018-09-05 18:28:38 - [TEST_STEP][PASSED] - verifyElementPresent: Object 'Object Repository/pagi/div_pagination-icon' is present

2018-09-05 18:28:38 - [MESSAGE][PASSED] - Object 'Object Repository/pagi/div_pagination-icon' is present

2018-09-05 18:28:38 - [TEST_STEP][PASSED] - Statement - (linkGeneratorCount++): null

2018-09-05 18:28:38 - [TEST_STEP][PASSED] - click: Object: 'Object Repository/pagi/div_pagination-icon next-icn' is clicked on

2018-09-05 18:28:38 - [MESSAGE][PASSED] - Object: 'Object Repository/pagi/div_pagination-icon next-icn' is clicked on

2018-09-05 18:28:38 - [TEST_STEP][PASSED] - Statement - cssValue = com.kms.katalon.core.webui.keyword.WebUiBuiltInKeywords.getCSSValue(com.kms.katalon.core.testobject.ObjectRepository.findTestObject(pagi/div_pagination-icon next-icn), "background"): Get CSS 'background' value on 'Object Repository/pagi/div_pagination-icon next-icn' successfully: 'rgba(0, 0, 0, 0) url("blob:https://dev.vcalling.in/c2ea0dd2-8e09-4f0c-96e5-d5b83c544a58") repeat scroll 0% 0% / 100% 100% padding-box border-box'.

2018-09-05 18:28:38 - [MESSAGE][PASSED] - Get CSS 'background' value on 'Object Repository/pagi/div_pagination-icon next-icn' successfully: 'rgba(0, 0, 0, 0) url("blob:https://dev.vcalling.in/c2ea0dd2-8e09-4f0c-96e5-d5b83c544a58") repeat scroll 0% 0% / 100% 100% padding-box border-box'.

2018-09-05 18:28:38 - [TEST_STEP][PASSED] - Statement - println(cssValue): null

2018-09-05 18:28:38 - [TEST_STEP][PASSED] - delay: Delayed 5 second(s)

2018-09-05 18:28:43 - [MESSAGE][PASSED] - Delayed 5 second(s)

2018-09-05 18:28:43 - [TEST_STEP][PASSED] - Statement - words = cssValue.split(""")[1]: null

2018-09-05 18:28:43 - [TEST_STEP][PASSED] - Statement - out.println(words): null

2018-09-05 18:28:43 - [TEST_STEP][PASSED] - Statement - word2 = words.split("/")[3]: null

2018-09-05 18:28:43 - [TEST_STEP][PASSED] - Statement - out.println(word2): null

2018-09-05 18:28:43 - [TEST_STEP][PASSED] - Statement - compare = cssNotActive != word2: null

2018-09-05 18:28:43 - [TEST_STEP][PASSED] - Statement - println(compare): null

2018-09-05 18:28:43 - [TEST_STEP][PASSED] - verifyElementPresent: Object 'Object Repository/pagi/div_pagination-icon' is present

2018-09-05 18:28:43 - [MESSAGE][PASSED] - Object 'Object Repository/pagi/div_pagination-icon' is present

2018-09-05 18:28:43 - [TEST_STEP][PASSED] - Statement - (linkGeneratorCount++): null

2018-09-05 18:28:43 - [TEST_STEP][PASSED] - click: Object: 'Object Repository/pagi/div_pagination-icon next-icn' is clicked on

2018-09-05 18:28:43 - [MESSAGE][PASSED] - Object: 'Object Repository/pagi/div_pagination-icon next-icn' is clicked on

2018-09-05 18:28:43 - [TEST_STEP][PASSED] - Statement - cssValue = com.kms.katalon.core.webui.keyword.WebUiBuiltInKeywords.getCSSValue(com.kms.katalon.core.testobject.ObjectRepository.findTestObject(pagi/div_pagination-icon next-icn), "background"): Get CSS 'background' value on 'Object Repository/pagi/div_pagination-icon next-icn' successfully: 'rgba(0, 0, 0, 0) url("blob:https://dev.vcalling.in/c2ea0dd2-8e09-4f0c-96e5-d5b83c544a58") repeat scroll 0% 0% / 100% 100% padding-box border-box'.

2018-09-05 18:28:44 - [MESSAGE][PASSED] - Get CSS 'background' value on 'Object Repository/pagi/div_pagination-icon next-icn' successfully: 'rgba(0, 0, 0, 0) url("blob:https://dev.vcalling.in/c2ea0dd2-8e09-4f0c-96e5-d5b83c544a58") repeat scroll 0% 0% / 100% 100% padding-box border-box'.

2018-09-05 18:28:44 - [TEST_STEP][PASSED] - Statement - println(cssValue): null

2018-09-05 18:28:44 - [TEST_STEP][PASSED] - delay: Delayed 5 second(s)

2018-09-05 18:28:49 - [MESSAGE][PASSED] - Delayed 5 second(s)

2018-09-05 18:28:49 - [TEST_STEP][PASSED] - Statement - words = cssValue.split(""")[1]: null

2018-09-05 18:28:49 - [TEST_STEP][PASSED] - Statement - out.println(words): null

2018-09-05 18:28:49 - [TEST_STEP][PASSED] - Statement - word2 = words.split("/")[3]: null

2018-09-05 18:28:49 - [TEST_STEP][PASSED] - Statement - out.println(word2): null

2018-09-05 18:28:49 - [TEST_STEP][PASSED] - Statement - compare = cssNotActive != word2: null

2018-09-05 18:28:49 - [TEST_STEP][PASSED] - Statement - println(compare): null

2018-09-05 18:28:49 - [TEST_STEP][PASSED] - verifyElementPresent: Object 'Object Repository/pagi/div_pagination-icon' is present

2018-09-05 18:28:49 - [MESSAGE][PASSED] - Object 'Object Repository/pagi/div_pagination-icon' is present

2018-09-05 18:28:49 - [TEST_STEP][PASSED] - Statement - (linkGeneratorCount++): null

2018-09-05 18:28:49 - [TEST_STEP][PASSED] - click: Object: 'Object Repository/pagi/div_pagination-icon next-icn' is clicked on

2018-09-05 18:28:49 - [MESSAGE][PASSED] - Object: 'Object Repository/pagi/div_pagination-icon next-icn' is clicked on

2018-09-05 18:28:49 - [TEST_STEP][PASSED] - Statement - cssValue = com.kms.katalon.core.webui.keyword.WebUiBuiltInKeywords.getCSSValue(com.kms.katalon.core.testobject.ObjectRepository.findTestObject(pagi/div_pagination-icon next-icn), "background"): Get CSS 'background' value on 'Object Repository/pagi/div_pagination-icon next-icn' successfully: 'rgba(0, 0, 0, 0) url("blob:https://dev.vcalling.in/c2ea0dd2-8e09-4f0c-96e5-d5b83c544a58") repeat scroll 0% 0% / 100% 100% padding-box border-box'.

2018-09-05 18:28:49 - [MESSAGE][PASSED] - Get CSS 'background' value on 'Object Repository/pagi/div_pagination-icon next-icn' successfully: 'rgba(0, 0, 0, 0) url("blob:https://dev.vcalling.in/c2ea0dd2-8e09-4f0c-96e5-d5b83c544a58") repeat scroll 0% 0% / 100% 100% padding-box border-box'.

2018-09-05 18:28:49 - [TEST_STEP][PASSED] - Statement - println(cssValue): null

2018-09-05 18:28:49 - [TEST_STEP][PASSED] - delay: Delayed 5 second(s)

2018-09-05 18:28:54 - [MESSAGE][PASSED] - Delayed 5 second(s)

2018-09-05 18:28:54 - [TEST_STEP][PASSED] - Statement - words = cssValue.split(""")[1]: null

2018-09-05 18:28:54 - [TEST_STEP][PASSED] - Statement - out.println(words): null

2018-09-05 18:28:54 - [TEST_STEP][PASSED] - Statement - word2 = words.split("/")[3]: null

2018-09-05 18:28:54 - [TEST_STEP][PASSED] - Statement - out.println(word2): null

2018-09-05 18:28:54 - [TEST_STEP][PASSED] - Statement - compare = cssNotActive != word2: null

2018-09-05 18:28:54 - [TEST_STEP][PASSED] - Statement - println(compare): null

2018-09-05 18:28:54 - [TEST_STEP][PASSED] - verifyElementPresent: Object 'Object Repository/pagi/div_pagination-icon' is present

2018-09-05 18:28:54 - [MESSAGE][PASSED] - Object 'Object Repository/pagi/div_pagination-icon' is present

2018-09-05 18:28:54 - [TEST_STEP][PASSED] - Statement - (linkGeneratorCount++): null

2018-09-05 18:28:54 - [TEST_STEP][PASSED] - click: Object: 'Object Repository/pagi/div_pagination-icon next-icn' is clicked on

2018-09-05 18:28:54 - [MESSAGE][PASSED] - Object: 'Object Repository/pagi/div_pagination-icon next-icn' is clicked on

2018-09-05 18:28:54 - [TEST_STEP][PASSED] - Statement - cssValue = com.kms.katalon.core.webui.keyword.WebUiBuiltInKeywords.getCSSValue(com.kms.katalon.core.testobject.ObjectRepository.findTestObject(pagi/div_pagination-icon next-icn), "background"): Get CSS 'background' value on 'Object Repository/pagi/div_pagination-icon next-icn' successfully: 'rgba(0, 0, 0, 0) url("blob:https://dev.vcalling.in/c2ea0dd2-8e09-4f0c-96e5-d5b83c544a58") repeat scroll 0% 0% / 100% 100% padding-box border-box'.

2018-09-05 18:28:54 - [MESSAGE][PASSED] - Get CSS 'background' value on 'Object Repository/pagi/div_pagination-icon next-icn' successfully: 'rgba(0, 0, 0, 0) url("blob:https://dev.vcalling.in/c2ea0dd2-8e09-4f0c-96e5-d5b83c544a58") repeat scroll 0% 0% / 100% 100% padding-box border-box'.

2018-09-05 18:28:54 - [TEST_STEP][PASSED] - Statement - println(cssValue): null

2018-09-05 18:28:54 - [TEST_STEP][PASSED] - delay: Delayed 5 second(s)

2018-09-05 18:28:59 - [MESSAGE][PASSED] - Delayed 5 second(s)

2018-09-05 18:28:59 - [TEST_STEP][PASSED] - Statement - words = cssValue.split(""")[1]: null

2018-09-05 18:28:59 - [TEST_STEP][PASSED] - Statement - out.println(words): null

2018-09-05 18:28:59 - [TEST_STEP][PASSED] - Statement - word2 = words.split("/")[3]: null

2018-09-05 18:28:59 - [TEST_STEP][PASSED] - Statement - out.println(word2): null

2018-09-05 18:28:59 - [TEST_STEP][PASSED] - Statement - compare = cssNotActive != word2: null

2018-09-05 18:28:59 - [TEST_STEP][PASSED] - Statement - println(compare): null

2018-09-05 18:28:59 - [TEST_STEP][PASSED] - verifyElementPresent: Object 'Object Repository/pagi/div_pagination-icon' is present

2018-09-05 18:28:59 - [MESSAGE][PASSED] - Object 'Object Repository/pagi/div_pagination-icon' is present

2018-09-05 18:28:59 - [TEST_STEP][PASSED] - Statement - (linkGeneratorCount++): null

2018-09-05 18:28:59 - [TEST_STEP][PASSED] - click: Object: 'Object Repository/pagi/div_pagination-icon next-icn' is clicked on

2018-09-05 18:28:59 - [MESSAGE][PASSED] - Object: 'Object Repository/pagi/div_pagination-icon next-icn' is clicked on

2018-09-05 18:28:59 - [TEST_STEP][PASSED] - Statement - cssValue = com.kms.katalon.core.webui.keyword.WebUiBuiltInKeywords.getCSSValue(com.kms.katalon.core.testobject.ObjectRepository.findTestObject(pagi/div_pagination-icon next-icn), "background"): Get CSS 'background' value on 'Object Repository/pagi/div_pagination-icon next-icn' successfully: 'rgba(0, 0, 0, 0) url("blob:https://dev.vcalling.in/c2ea0dd2-8e09-4f0c-96e5-d5b83c544a58") repeat scroll 0% 0% / 100% 100% padding-box border-box'.

2018-09-05 18:28:59 - [MESSAGE][PASSED] - Get CSS 'background' value on 'Object Repository/pagi/div_pagination-icon next-icn' successfully: 'rgba(0, 0, 0, 0) url("blob:https://dev.vcalling.in/c2ea0dd2-8e09-4f0c-96e5-d5b83c544a58") repeat scroll 0% 0% / 100% 100% padding-box border-box'.

2018-09-05 18:28:59 - [TEST_STEP][PASSED] - Statement - println(cssValue): null

2018-09-05 18:28:59 - [TEST_STEP][PASSED] - delay: Delayed 5 second(s)

2018-09-05 18:29:04 - [MESSAGE][PASSED] - Delayed 5 second(s)

2018-09-05 18:29:04 - [TEST_STEP][PASSED] - Statement - words = cssValue.split(""")[1]: null

2018-09-05 18:29:04 - [TEST_STEP][PASSED] - Statement - out.println(words): null

2018-09-05 18:29:04 - [TEST_STEP][PASSED] - Statement - word2 = words.split("/")[3]: null

2018-09-05 18:29:04 - [TEST_STEP][PASSED] - Statement - out.println(word2): null

2018-09-05 18:29:04 - [TEST_STEP][PASSED] - Statement - compare = cssNotActive != word2: null

2018-09-05 18:29:04 - [TEST_STEP][PASSED] - Statement - println(compare): null

2018-09-05 18:29:04 - [TEST_STEP][PASSED] - verifyElementPresent: Object 'Object Repository/pagi/div_pagination-icon' is present

2018-09-05 18:29:04 - [MESSAGE][PASSED] - Object 'Object Repository/pagi/div_pagination-icon' is present

2018-09-05 18:29:04 - [TEST_STEP][PASSED] - Statement - (linkGeneratorCount++): null

2018-09-05 18:29:04 - [TEST_STEP][PASSED] - click: Object: 'Object Repository/pagi/div_pagination-icon next-icn' is clicked on

2018-09-05 18:29:04 - [MESSAGE][PASSED] - Object: 'Object Repository/pagi/div_pagination-icon next-icn' is clicked on

2018-09-05 18:29:04 - [TEST_STEP][PASSED] - Statement - cssValue = com.kms.katalon.core.webui.keyword.WebUiBuiltInKeywords.getCSSValue(com.kms.katalon.core.testobject.ObjectRepository.findTestObject(pagi/div_pagination-icon next-icn), "background"): Get CSS 'background' value on 'Object Repository/pagi/div_pagination-icon next-icn' successfully: 'rgba(0, 0, 0, 0) url("blob:https://dev.vcalling.in/c2ea0dd2-8e09-4f0c-96e5-d5b83c544a58") repeat scroll 0% 0% / 100% 100% padding-box border-box'.

2018-09-05 18:29:04 - [MESSAGE][PASSED] - Get CSS 'background' value on 'Object Repository/pagi/div_pagination-icon next-icn' successfully: 'rgba(0, 0, 0, 0) url("blob:https://dev.vcalling.in/c2ea0dd2-8e09-4f0c-96e5-d5b83c544a58") repeat scroll 0% 0% / 100% 100% padding-box border-box'.

2018-09-05 18:29:04 - [TEST_STEP][PASSED] - Statement - println(cssValue): null

2018-09-05 18:29:04 - [TEST_STEP][PASSED] - delay: Delayed 5 second(s)

2018-09-05 18:29:09 - [MESSAGE][PASSED] - Delayed 5 second(s)

2018-09-05 18:29:09 - [TEST_STEP][PASSED] - Statement - words = cssValue.split(""")[1]: null

2018-09-05 18:29:09 - [TEST_STEP][PASSED] - Statement - out.println(words): null

2018-09-05 18:29:09 - [TEST_STEP][PASSED] - Statement - word2 = words.split("/")[3]: null

2018-09-05 18:29:09 - [TEST_STEP][PASSED] - Statement - out.println(word2): null

2018-09-05 18:29:09 - [TEST_STEP][PASSED] - Statement - compare = cssNotActive != word2: null

2018-09-05 18:29:09 - [TEST_STEP][PASSED] - Statement - println(compare): null

2018-09-05 18:29:09 - [TEST_STEP][PASSED] - verifyElementPresent: Object 'Object Repository/pagi/div_pagination-icon' is present

2018-09-05 18:29:09 - [MESSAGE][PASSED] - Object 'Object Repository/pagi/div_pagination-icon' is present

2018-09-05 18:29:09 - [TEST_STEP][PASSED] - Statement - (linkGeneratorCount++): null

2018-09-05 18:29:09 - [TEST_STEP][PASSED] - click: Object: 'Object Repository/pagi/div_pagination-icon next-icn' is clicked on

2018-09-05 18:29:09 - [MESSAGE][PASSED] - Object: 'Object Repository/pagi/div_pagination-icon next-icn' is clicked on

2018-09-05 18:29:09 - [TEST_STEP][PASSED] - Statement - cssValue = com.kms.katalon.core.webui.keyword.WebUiBuiltInKeywords.getCSSValue(com.kms.katalon.core.testobject.ObjectRepository.findTestObject(pagi/div_pagination-icon next-icn), "background"): Get CSS 'background' value on 'Object Repository/pagi/div_pagination-icon next-icn' successfully: 'rgba(0, 0, 0, 0) url("blob:https://dev.vcalling.in/c2ea0dd2-8e09-4f0c-96e5-d5b83c544a58") repeat scroll 0% 0% / 100% 100% padding-box border-box'.

2018-09-05 18:29:09 - [MESSAGE][PASSED] - Get CSS 'background' value on 'Object Repository/pagi/div_pagination-icon next-icn' successfully: 'rgba(0, 0, 0, 0) url("blob:https://dev.vcalling.in/c2ea0dd2-8e09-4f0c-96e5-d5b83c544a58") repeat scroll 0% 0% / 100% 100% padding-box border-box'.

2018-09-05 18:29:09 - [TEST_STEP][PASSED] - Statement - println(cssValue): null

2018-09-05 18:29:09 - [TEST_STEP][PASSED] - delay: Delayed 5 second(s)

2018-09-05 18:29:14 - [MESSAGE][PASSED] - Delayed 5 second(s)

2018-09-05 18:29:14 - [TEST_STEP][PASSED] - Statement - words = cssValue.split(""")[1]: null

2018-09-05 18:29:14 - [TEST_STEP][PASSED] - Statement - out.println(words): null

2018-09-05 18:29:14 - [TEST_STEP][PASSED] - Statement - word2 = words.split("/")[3]: null

2018-09-05 18:29:14 - [TEST_STEP][PASSED] - Statement - out.println(word2): null

2018-09-05 18:29:14 - [TEST_STEP][PASSED] - Statement - compare = cssNotActive != word2: null

2018-09-05 18:29:14 - [TEST_STEP][PASSED] - Statement - println(compare): null

2018-09-05 18:29:14 - [TEST_STEP][PASSED] - verifyElementPresent: Object 'Object Repository/pagi/div_pagination-icon' is present

2018-09-05 18:29:14 - [MESSAGE][PASSED] - Object 'Object Repository/pagi/div_pagination-icon' is present

2018-09-05 18:29:14 - [TEST_STEP][PASSED] - Statement - (linkGeneratorCount++): null

2018-09-05 18:29:14 - [TEST_STEP][PASSED] - click: Object: 'Object Repository/pagi/div_pagination-icon next-icn' is clicked on

2018-09-05 18:29:14 - [MESSAGE][PASSED] - Object: 'Object Repository/pagi/div_pagination-icon next-icn' is clicked on

2018-09-05 18:29:14 - [TEST_STEP][PASSED] - Statement - cssValue = com.kms.katalon.core.webui.keyword.WebUiBuiltInKeywords.getCSSValue(com.kms.katalon.core.testobject.ObjectRepository.findTestObject(pagi/div_pagination-icon next-icn), "background"): Get CSS 'background' value on 'Object Repository/pagi/div_pagination-icon next-icn' successfully: 'rgba(0, 0, 0, 0) url("blob:https://dev.vcalling.in/c2ea0dd2-8e09-4f0c-96e5-d5b83c544a58") repeat scroll 0% 0% / 100% 100% padding-box border-box'.

2018-09-05 18:29:14 - [MESSAGE][PASSED] - Get CSS 'background' value on 'Object Repository/pagi/div_pagination-icon next-icn' successfully: 'rgba(0, 0, 0, 0) url("blob:https://dev.vcalling.in/c2ea0dd2-8e09-4f0c-96e5-d5b83c544a58") repeat scroll 0% 0% / 100% 100% padding-box border-box'.

2018-09-05 18:29:14 - [TEST_STEP][PASSED] - Statement - println(cssValue): null

2018-09-05 18:29:14 - [TEST_STEP][PASSED] - delay: Delayed 5 second(s)

2018-09-05 18:29:19 - [MESSAGE][PASSED] - Delayed 5 second(s)

2018-09-05 18:29:19 - [TEST_STEP][PASSED] - Statement - words = cssValue.split(""")[1]: null

2018-09-05 18:29:19 - [TEST_STEP][PASSED] - Statement - out.println(words): null

2018-09-05 18:29:19 - [TEST_STEP][PASSED] - Statement - word2 = words.split("/")[3]: null

2018-09-05 18:29:19 - [TEST_STEP][PASSED] - Statement - out.println(word2): null

2018-09-05 18:29:19 - [TEST_STEP][PASSED] - Statement - compare = cssNotActive != word2: null

2018-09-05 18:29:19 - [TEST_STEP][PASSED] - Statement - println(compare): null

2018-09-05 18:29:19 - [TEST_STEP][PASSED] - verifyElementPresent: Object 'Object Repository/pagi/div_pagination-icon' is present

2018-09-05 18:29:19 - [MESSAGE][PASSED] - Object 'Object Repository/pagi/div_pagination-icon' is present

2018-09-05 18:29:19 - [TEST_STEP][PASSED] - Statement - (linkGeneratorCount++): null

2018-09-05 18:29:19 - [TEST_STEP][PASSED] - click: Object: 'Object Repository/pagi/div_pagination-icon next-icn' is clicked on

2018-09-05 18:29:19 - [MESSAGE][PASSED] - Object: 'Object Repository/pagi/div_pagination-icon next-icn' is clicked on

2018-09-05 18:29:19 - [TEST_STEP][PASSED] - Statement - cssValue = com.kms.katalon.core.webui.keyword.WebUiBuiltInKeywords.getCSSValue(com.kms.katalon.core.testobject.ObjectRepository.findTestObject(pagi/div_pagination-icon next-icn), "background"): Get CSS 'background' value on 'Object Repository/pagi/div_pagination-icon next-icn' successfully: 'rgba(0, 0, 0, 0) url("blob:https://dev.vcalling.in/c2ea0dd2-8e09-4f0c-96e5-d5b83c544a58") repeat scroll 0% 0% / 100% 100% padding-box border-box'.

2018-09-05 18:29:19 - [MESSAGE][PASSED] - Get CSS 'background' value on 'Object Repository/pagi/div_pagination-icon next-icn' successfully: 'rgba(0, 0, 0, 0) url("blob:https://dev.vcalling.in/c2ea0dd2-8e09-4f0c-96e5-d5b83c544a58") repeat scroll 0% 0% / 100% 100% padding-box border-box'.

2018-09-05 18:29:19 - [TEST_STEP][PASSED] - Statement - println(cssValue): null

2018-09-05 18:29:19 - [TEST_STEP][PASSED] - delay: Delayed 5 second(s)

2018-09-05 18:29:24 - [MESSAGE][PASSED] - Delayed 5 second(s)

2018-09-05 18:29:24 - [TEST_STEP][PASSED] - Statement - words = cssValue.split(""")[1]: null

2018-09-05 18:29:24 - [TEST_STEP][PASSED] - Statement - out.println(words): null

2018-09-05 18:29:24 - [TEST_STEP][PASSED] - Statement - word2 = words.split("/")[3]: null

2018-09-05 18:29:24 - [TEST_STEP][PASSED] - Statement - out.println(word2): null

2018-09-05 18:29:24 - [TEST_STEP][PASSED] - Statement - compare = cssNotActive != word2: null

2018-09-05 18:29:24 - [TEST_STEP][PASSED] - Statement - println(compare): null

2018-09-05 18:29:24 - [TEST_STEP][PASSED] - verifyElementPresent: Object 'Object Repository/pagi/div_pagination-icon' is present

2018-09-05 18:29:25 - [MESSAGE][PASSED] - Object 'Object Repository/pagi/div_pagination-icon' is present

2018-09-05 18:29:25 - [TEST_STEP][PASSED] - Statement - (linkGeneratorCount++): null

2018-09-05 18:29:25 - [TEST_STEP][PASSED] - click: Object: 'Object Repository/pagi/div_pagination-icon next-icn' is clicked on

2018-09-05 18:29:25 - [MESSAGE][PASSED] - Object: 'Object Repository/pagi/div_pagination-icon next-icn' is clicked on

2018-09-05 18:29:25 - [TEST_STEP][PASSED] - Statement - cssValue = com.kms.katalon.core.webui.keyword.WebUiBuiltInKeywords.getCSSValue(com.kms.katalon.core.testobject.ObjectRepository.findTestObject(pagi/div_pagination-icon next-icn), "background"): Get CSS 'background' value on 'Object Repository/pagi/div_pagination-icon next-icn' successfully: 'rgba(0, 0, 0, 0) url("blob:https://dev.vcalling.in/c2ea0dd2-8e09-4f0c-96e5-d5b83c544a58") repeat scroll 0% 0% / 100% 100% padding-box border-box'.

2018-09-05 18:29:25 - [MESSAGE][PASSED] - Get CSS 'background' value on 'Object Repository/pagi/div_pagination-icon next-icn' successfully: 'rgba(0, 0, 0, 0) url("blob:https://dev.vcalling.in/c2ea0dd2-8e09-4f0c-96e5-d5b83c544a58") repeat scroll 0% 0% / 100% 100% padding-box border-box'.

2018-09-05 18:29:25 - [TEST_STEP][PASSED] - Statement - println(cssValue): null

2018-09-05 18:29:25 - [TEST_STEP][PASSED] - delay: Delayed 5 second(s)

2018-09-05 18:29:30 - [MESSAGE][PASSED] - Delayed 5 second(s)

2018-09-05 18:29:30 - [TEST_STEP][PASSED] - Statement - words = cssValue.split(""")[1]: null

2018-09-05 18:29:30 - [TEST_STEP][PASSED] - Statement - out.println(words): null

2018-09-05 18:29:30 - [TEST_STEP][PASSED] - Statement - word2 = words.split("/")[3]: null

2018-09-05 18:29:30 - [TEST_STEP][PASSED] - Statement - out.println(word2): null

2018-09-05 18:29:30 - [TEST_STEP][PASSED] - Statement - compare = cssNotActive != word2: null

2018-09-05 18:29:30 - [TEST_STEP][PASSED] - Statement - println(compare): null

2018-09-05 18:29:30 - [TEST_STEP][PASSED] - verifyElementPresent: Object 'Object Repository/pagi/div_pagination-icon' is present

2018-09-05 18:29:30 - [MESSAGE][PASSED] - Object 'Object Repository/pagi/div_pagination-icon' is present

2018-09-05 18:29:30 - [TEST_STEP][PASSED] - Statement - (linkGeneratorCount++): null

2018-09-05 18:29:30 - [TEST_STEP][PASSED] - click: Object: 'Object Repository/pagi/div_pagination-icon next-icn' is clicked on

2018-09-05 18:29:30 - [MESSAGE][PASSED] - Object: 'Object Repository/pagi/div_pagination-icon next-icn' is clicked on

2018-09-05 18:29:30 - [TEST_STEP][PASSED] - Statement - cssValue = com.kms.katalon.core.webui.keyword.WebUiBuiltInKeywords.getCSSValue(com.kms.katalon.core.testobject.ObjectRepository.findTestObject(pagi/div_pagination-icon next-icn), "background"): Get CSS 'background' value on 'Object Repository/pagi/div_pagination-icon next-icn' successfully: 'rgba(0, 0, 0, 0) url("blob:https://dev.vcalling.in/fc901f39-6e8a-45f1-9a4f-b3ad7c7a2fa1") repeat scroll 0% 0% / 100% 100% padding-box border-box'.

2018-09-05 18:29:30 - [MESSAGE][PASSED] - Get CSS 'background' value on 'Object Repository/pagi/div_pagination-icon next-icn' successfully: 'rgba(0, 0, 0, 0) url("blob:https://dev.vcalling.in/fc901f39-6e8a-45f1-9a4f-b3ad7c7a2fa1") repeat scroll 0% 0% / 100% 100% padding-box border-box'.

2018-09-05 18:29:30 - [TEST_STEP][PASSED] - Statement - println(cssValue): null

2018-09-05 18:29:30 - [TEST_STEP][PASSED] - delay: Delayed 5 second(s)

2018-09-05 18:29:35 - [MESSAGE][PASSED] - Delayed 5 second(s)

2018-09-05 18:29:35 - [TEST_STEP][PASSED] - Statement - words = cssValue.split(""")[1]: null

2018-09-05 18:29:35 - [TEST_STEP][PASSED] - Statement - out.println(words): null

2018-09-05 18:29:35 - [TEST_STEP][PASSED] - Statement - word2 = words.split("/")[3]: null

2018-09-05 18:29:35 - [TEST_STEP][PASSED] - Statement - out.println(word2): null

2018-09-05 18:29:35 - [TEST_STEP][PASSED] - Statement - compare = cssNotActive != word2: null

2018-09-05 18:29:35 - [TEST_STEP][PASSED] - Statement - println(compare): null

2018-09-05 18:29:35 - [TEST_STEP][PASSED] - verifyElementPresent: Object 'Object Repository/pagi/div_pagination-icon' is present

2018-09-05 18:29:35 - [MESSAGE][PASSED] - Object 'Object Repository/pagi/div_pagination-icon' is present

2018-09-05 18:29:35 - [TEST_STEP][PASSED] - Statement - If (com.kms.katalon.core.webui.keyword.WebUiBuiltInKeywords.verifyElementPresent(com.kms.katalon.core.testobject.ObjectRepository.findTestObject(Object Repository/pagi/div_pagination-icon), 5, OPTIONAL)): null

2018-09-05 18:29:35 - [MESSAGE][PASSED] - Object 'Object Repository/pagi/div_pagination-icon' is present

2018-09-05 18:29:35 - [TEST_STEP][PASSED] - Statement - println("successful"): null]]></system-out>
         <system-err><![CDATA[]]></system-err>
      </testcase>
      <testcase name="Test Cases/completed/TestCase6_public link generate/callOnlyPublicLink" classname="Test Cases/completed/TestCase6_public link generate/callOnlyPublicLink" status="PASSED">
         <system-out><![CDATA[2018-09-05 18:29:35 - [TEST_CASE][PASSED] - Test Cases/completed/TestCase6_public link generate/callOnlyPublicLink: Test Cases/completed/TestCase6_public link generate/callOnlyPublicLink

2018-09-05 18:29:35 - [TEST_STEP][PASSED] - callTestCase: Call Test Case 'Test Cases/BVT/aSimple_Login' successfully

2018-09-05 18:29:35 - [TEST_CASE][PASSED] - Test Cases/BVT/aSimple_Login: Test Cases/BVT/aSimple_Login

2018-09-05 18:29:35 - [TEST_STEP][PASSED] - openBrowser: Browser is opened with url: ''

2018-09-05 18:29:35 - [MESSAGE][WARNING] - A browser is already opened. Closing browser and opening a new one

2018-09-05 18:29:38 - [MESSAGE][PASSED] - Browser is opened with url: ''

2018-09-05 18:29:38 - [TEST_STEP][PASSED] - maximizeWindow: Current window maximized

2018-09-05 18:29:39 - [MESSAGE][PASSED] - Current window maximized

2018-09-05 18:29:39 - [TEST_STEP][PASSED] - navigateToUrl: Navigate to 'https://dev.vcalling.in/enterprises/UAT/Dashboard/index.html' successfully

2018-09-05 18:29:43 - [MESSAGE][PASSED] - Navigate to 'https://dev.vcalling.in/enterprises/UAT/Dashboard/index.html' successfully

2018-09-05 18:29:43 - [TEST_STEP][PASSED] - setText: Text 'testing4dea@gmail.com' is set on object 'Object Repository/Login/UserId'

2018-09-05 18:29:44 - [MESSAGE][PASSED] - Text 'testing4dea@gmail.com' is set on object 'Object Repository/Login/UserId'

2018-09-05 18:29:44 - [TEST_STEP][PASSED] - click: Object: 'Object Repository/Login/div_GET OTP' is clicked on

2018-09-05 18:29:44 - [MESSAGE][PASSED] - Object: 'Object Repository/Login/div_GET OTP' is clicked on

2018-09-05 18:29:44 - [TEST_STEP][PASSED] - waitForElementPresent: Object 'Object Repository/Login/div_SUBMIT' is present

2018-09-05 18:29:46 - [MESSAGE][PASSED] - Object 'Object Repository/Login/div_SUBMIT' is present

2018-09-05 18:29:46 - [TEST_STEP][PASSED] - Statement - If (com.kms.katalon.core.webui.keyword.WebUiBuiltInKeywords.verifyElementNotPresent(com.kms.katalon.core.testobject.ObjectRepository.findTestObject(Login/div_SUBMIT), 5, OPTIONAL)): Web element with id: 'Object Repository/Login/div_SUBMIT' located by 'By.xpath: //div[(text() = ' SUBMIT ' or . = ' SUBMIT ')]' is present after '5' second(s)

2018-09-05 18:29:51 - [MESSAGE][WARNING] - Web element with id: 'Object Repository/Login/div_SUBMIT' located by 'By.xpath: //div[(text() = ' SUBMIT ' or . = ' SUBMIT ')]' is present after '5' second(s)
[[ATTACHMENT|C:\\Users\\User\\Desktop\\Katalon Studio\\Katalon Studio\\vCallingDashboard\\Reports\\RegressionSuite\\20180905_175530\\1536152391388.png]]

2018-09-05 18:29:51 - [TEST_STEP][PASSED] - Statement - sleep(5000): null

2018-09-05 18:29:56 - [TEST_STEP][PASSED] - Statement - OTP = getOTP(): null

2018-09-05 18:29:56 - [TEST_STEP][PASSED] - Statement - host = "imap.gmail.com": null

2018-09-05 18:29:56 - [TEST_STEP][PASSED] - Statement - msg = <not implemented yet for class: org.codehaus.groovy.ast.expr.EmptyExpression>: null

2018-09-05 18:29:56 - [TEST_STEP][PASSED] - Statement - msgSub = <not implemented yet for class: org.codehaus.groovy.ast.expr.EmptyExpression>: null

2018-09-05 18:29:56 - [TEST_STEP][PASSED] - Statement - OTP = "unavailable": null

2018-09-05 18:29:56 - [TEST_STEP][PASSED] - Statement - props = new java.util.Properties(): null

2018-09-05 18:29:56 - [TEST_STEP][PASSED] - Statement - props.setProperty("mail.imap.ssl.enable", "true"): null

2018-09-05 18:29:56 - [TEST_STEP][PASSED] - Statement - session = javax.mail.Session.getInstance(props): null

2018-09-05 18:29:56 - [TEST_STEP][PASSED] - Statement - store = <not implemented yet for class: org.codehaus.groovy.ast.expr.EmptyExpression>: null

2018-09-05 18:29:56 - [TEST_STEP][PASSED] - Statement - Try: null

2018-09-05 18:29:56 - [TEST_STEP][PASSED] - Statement - store = session.getStore("imap"): null

2018-09-05 18:29:56 - [TEST_STEP][PASSED] - Statement - store.connect(host, Email, Password): null

2018-09-05 18:29:58 - [TEST_STEP][PASSED] - Statement - emailFolder = store.getFolder("INBOX"): null

2018-09-05 18:29:58 - [TEST_STEP][PASSED] - Statement - emailFolder.open(READ_WRITE): null

2018-09-05 18:29:58 - [TEST_STEP][PASSED] - Statement - messages = emailFolder.getMessages(): null

2018-09-05 18:29:58 - [TEST_STEP][PASSED] - Statement - n = length: null

2018-09-05 18:29:58 - [TEST_STEP][PASSED] - Statement - message = messages[n - 1]: null

2018-09-05 18:29:58 - [TEST_STEP][PASSED] - Statement - msgSub = message.getSubject(): null

2018-09-05 18:29:59 - [TEST_STEP][PASSED] - Statement - If (msgSub.equals("OTP to Sign In")): null

2018-09-05 18:29:59 - [TEST_STEP][PASSED] - Statement - msg = message.getContent().toString(): null

2018-09-05 18:30:00 - [TEST_STEP][PASSED] - Statement - OTP = msg.substring(msg.length() - 7): null

2018-09-05 18:30:00 - [TEST_STEP][PASSED] - Statement - message.setFlag(DELETED, true): null

2018-09-05 18:30:00 - [TEST_STEP][PASSED] - Statement - emailFolder.close(true): null

2018-09-05 18:30:00 - [TEST_STEP][PASSED] - Statement - store.close(): null

2018-09-05 18:30:01 - [TEST_STEP][PASSED] - Statement - return OTP: null

2018-09-05 18:30:01 - [TEST_STEP][PASSED] - Statement - If (OTP.equals("unavailable")): null

2018-09-05 18:30:01 - [TEST_STEP][PASSED] - Statement - Else: Text 'v1747
' is set on object 'Object Repository/Login/OtpInput'

2018-09-05 18:30:01 - [TEST_STEP][PASSED] - setText: Text 'v1747
' is set on object 'Object Repository/Login/OtpInput'

2018-09-05 18:30:01 - [MESSAGE][PASSED] - Text 'v1747
' is set on object 'Object Repository/Login/OtpInput'

2018-09-05 18:30:01 - [TEST_STEP][PASSED] - verifyElementPresent: Object 'Object Repository/Login/afterOpenDisplay' is present

2018-09-05 18:30:02 - [MESSAGE][PASSED] - Object 'Object Repository/Login/afterOpenDisplay' is present

2018-09-05 18:30:02 - [MESSAGE][PASSED] - Call Test Case 'Test Cases/BVT/aSimple_Login' successfully

2018-09-05 18:30:02 - [TEST_STEP][PASSED] - Statement - driver = com.kms.katalon.core.webui.driver.DriverFactory.getWebDriver(): null

2018-09-05 18:30:02 - [TEST_STEP][PASSED] - click: Object: 'Object Repository/Dashboard_Link Generator/linkgeneratorIcon' is clicked on

2018-09-05 18:30:03 - [MESSAGE][PASSED] - Object: 'Object Repository/Dashboard_Link Generator/linkgeneratorIcon' is clicked on

2018-09-05 18:30:03 - [TEST_STEP][PASSED] - click: Object: 'Object Repository/Public Links/publicLinkTab' is clicked on

2018-09-05 18:30:03 - [MESSAGE][PASSED] - Object: 'Object Repository/Public Links/publicLinkTab' is clicked on

2018-09-05 18:30:03 - [TEST_STEP][PASSED] - delay: Delayed 2 second(s)

2018-09-05 18:30:05 - [MESSAGE][PASSED] - Delayed 2 second(s)

2018-09-05 18:30:05 - [TEST_STEP][PASSED] - click: Object: 'Object Repository/Public Links/checkBoxPubLink' is clicked on

2018-09-05 18:30:05 - [MESSAGE][PASSED] - Object: 'Object Repository/Public Links/checkBoxPubLink' is clicked on

2018-09-05 18:30:05 - [TEST_STEP][PASSED] - click: Object: 'Object Repository/Public Links/GetLink' is clicked on

2018-09-05 18:30:06 - [MESSAGE][PASSED] - Object: 'Object Repository/Public Links/GetLink' is clicked on

2018-09-05 18:30:06 - [TEST_STEP][PASSED] - Statement - getLink = com.kms.katalon.core.webui.keyword.WebUiBuiltInKeywords.getAttribute(com.kms.katalon.core.testobject.ObjectRepository.findTestObject(Dashboard_Link Generator/input_link-text), "value"): Attribute 'value' of object 'Object Repository/Dashboard_Link Generator/input_link-text' is: 'https://dev.vcalling.in/url/UAT/?id=UAT_publicLink-2&p=t&c=t'

2018-09-05 18:30:06 - [MESSAGE][PASSED] - Attribute 'value' of object 'Object Repository/Dashboard_Link Generator/input_link-text' is: 'https://dev.vcalling.in/url/UAT/?id=UAT_publicLink-2&p=t&c=t'

2018-09-05 18:30:06 - [TEST_STEP][PASSED] - Statement - println(getLink): null

2018-09-05 18:30:06 - [TEST_STEP][PASSED] - click: Object: 'Object Repository/Dashboard_Link Generator/copyLink' is clicked on

2018-09-05 18:30:06 - [MESSAGE][PASSED] - Object: 'Object Repository/Dashboard_Link Generator/copyLink' is clicked on

2018-09-05 18:30:06 - [TEST_STEP][PASSED] - delay: Delayed 2 second(s)

2018-09-05 18:30:08 - [MESSAGE][PASSED] - Delayed 2 second(s)

2018-09-05 18:30:08 - [TEST_STEP][PASSED] - Statement - js = driver: null

2018-09-05 18:30:08 - [TEST_STEP][PASSED] - Statement - js.executeScript("window.open();"): null

2018-09-05 18:30:09 - [TEST_STEP][PASSED] - Statement - currentWindow = com.kms.katalon.core.webui.keyword.WebUiBuiltInKeywords.getWindowIndex(): Current window's index is: 0

2018-09-05 18:30:09 - [MESSAGE][PASSED] - Current window's index is: 0

2018-09-05 18:30:09 - [TEST_STEP][PASSED] - switchToWindowIndex: Switched to window with index: '1'

2018-09-05 18:30:09 - [MESSAGE][PASSED] - Switched to window with index: '1'

2018-09-05 18:30:09 - [TEST_STEP][PASSED] - navigateToUrl: Navigate to 'https://dev.vcalling.in/url/UAT/?id=UAT_publicLink-2&p=t&c=t' successfully

2018-09-05 18:30:11 - [MESSAGE][PASSED] - Navigate to 'https://dev.vcalling.in/url/UAT/?id=UAT_publicLink-2&p=t&c=t' successfully

2018-09-05 18:30:11 - [TEST_STEP][PASSED] - Statement - currentTab = com.kms.katalon.core.webui.keyword.WebUiBuiltInKeywords.getWindowIndex(): Current window's index is: 1

2018-09-05 18:30:11 - [MESSAGE][PASSED] - Current window's index is: 1

2018-09-05 18:30:11 - [TEST_STEP][PASSED] - delay: Delayed 10 second(s)

2018-09-05 18:30:21 - [MESSAGE][PASSED] - Delayed 10 second(s)

2018-09-05 18:30:21 - [TEST_STEP][PASSED] - switchToWindowIndex: Switched to window with index: '0'

2018-09-05 18:30:21 - [MESSAGE][PASSED] - Switched to window with index: '0'

2018-09-05 18:30:21 - [TEST_STEP][PASSED] - refresh: Refresh successfully

2018-09-05 18:30:21 - [MESSAGE][PASSED] - Refresh successfully

2018-09-05 18:30:21 - [TEST_STEP][PASSED] - acceptAlert: Alert accepted

2018-09-05 18:30:21 - [MESSAGE][PASSED] - Alert accepted]]></system-out>
         <system-err><![CDATA[]]></system-err>
      </testcase>
      <testcase name="Test Cases/completed/TestCase6_public link generate/CallOnlyPubLinkWithTag" classname="Test Cases/completed/TestCase6_public link generate/CallOnlyPubLinkWithTag" status="PASSED">
         <system-out><![CDATA[2018-09-05 18:30:21 - [TEST_CASE][PASSED] - Test Cases/completed/TestCase6_public link generate/CallOnlyPubLinkWithTag: Test Cases/completed/TestCase6_public link generate/CallOnlyPubLinkWithTag

2018-09-05 18:30:21 - [TEST_STEP][PASSED] - callTestCase: Call Test Case 'Test Cases/BVT/aSimple_Login' successfully

2018-09-05 18:30:21 - [TEST_CASE][PASSED] - Test Cases/BVT/aSimple_Login: Test Cases/BVT/aSimple_Login

2018-09-05 18:30:21 - [TEST_STEP][PASSED] - openBrowser: Browser is opened with url: ''

2018-09-05 18:30:21 - [MESSAGE][WARNING] - A browser is already opened. Closing browser and opening a new one

2018-09-05 18:30:25 - [MESSAGE][PASSED] - Browser is opened with url: ''

2018-09-05 18:30:25 - [TEST_STEP][PASSED] - maximizeWindow: Current window maximized

2018-09-05 18:30:26 - [MESSAGE][PASSED] - Current window maximized

2018-09-05 18:30:26 - [TEST_STEP][PASSED] - navigateToUrl: Navigate to 'https://dev.vcalling.in/enterprises/UAT/Dashboard/index.html' successfully

2018-09-05 18:30:29 - [MESSAGE][PASSED] - Navigate to 'https://dev.vcalling.in/enterprises/UAT/Dashboard/index.html' successfully

2018-09-05 18:30:29 - [TEST_STEP][PASSED] - setText: Text 'testing4dea@gmail.com' is set on object 'Object Repository/Login/UserId'

2018-09-05 18:30:30 - [MESSAGE][PASSED] - Text 'testing4dea@gmail.com' is set on object 'Object Repository/Login/UserId'

2018-09-05 18:30:30 - [TEST_STEP][PASSED] - click: Object: 'Object Repository/Login/div_GET OTP' is clicked on

2018-09-05 18:30:30 - [MESSAGE][PASSED] - Object: 'Object Repository/Login/div_GET OTP' is clicked on

2018-09-05 18:30:30 - [TEST_STEP][PASSED] - waitForElementPresent: Object 'Object Repository/Login/div_SUBMIT' is present

2018-09-05 18:30:32 - [MESSAGE][PASSED] - Object 'Object Repository/Login/div_SUBMIT' is present

2018-09-05 18:30:32 - [TEST_STEP][PASSED] - Statement - If (com.kms.katalon.core.webui.keyword.WebUiBuiltInKeywords.verifyElementNotPresent(com.kms.katalon.core.testobject.ObjectRepository.findTestObject(Login/div_SUBMIT), 5, OPTIONAL)): Web element with id: 'Object Repository/Login/div_SUBMIT' located by 'By.xpath: //div[(text() = ' SUBMIT ' or . = ' SUBMIT ')]' is present after '5' second(s)

2018-09-05 18:30:37 - [MESSAGE][WARNING] - Web element with id: 'Object Repository/Login/div_SUBMIT' located by 'By.xpath: //div[(text() = ' SUBMIT ' or . = ' SUBMIT ')]' is present after '5' second(s)
[[ATTACHMENT|C:\\Users\\User\\Desktop\\Katalon Studio\\Katalon Studio\\vCallingDashboard\\Reports\\RegressionSuite\\20180905_175530\\1536152437398.png]]

2018-09-05 18:30:37 - [TEST_STEP][PASSED] - Statement - sleep(5000): null

2018-09-05 18:30:42 - [TEST_STEP][PASSED] - Statement - OTP = getOTP(): null

2018-09-05 18:30:42 - [TEST_STEP][PASSED] - Statement - host = "imap.gmail.com": null

2018-09-05 18:30:42 - [TEST_STEP][PASSED] - Statement - msg = <not implemented yet for class: org.codehaus.groovy.ast.expr.EmptyExpression>: null

2018-09-05 18:30:42 - [TEST_STEP][PASSED] - Statement - msgSub = <not implemented yet for class: org.codehaus.groovy.ast.expr.EmptyExpression>: null

2018-09-05 18:30:42 - [TEST_STEP][PASSED] - Statement - OTP = "unavailable": null

2018-09-05 18:30:42 - [TEST_STEP][PASSED] - Statement - props = new java.util.Properties(): null

2018-09-05 18:30:42 - [TEST_STEP][PASSED] - Statement - props.setProperty("mail.imap.ssl.enable", "true"): null

2018-09-05 18:30:42 - [TEST_STEP][PASSED] - Statement - session = javax.mail.Session.getInstance(props): null

2018-09-05 18:30:42 - [TEST_STEP][PASSED] - Statement - store = <not implemented yet for class: org.codehaus.groovy.ast.expr.EmptyExpression>: null

2018-09-05 18:30:42 - [TEST_STEP][PASSED] - Statement - Try: null

2018-09-05 18:30:42 - [TEST_STEP][PASSED] - Statement - store = session.getStore("imap"): null

2018-09-05 18:30:42 - [TEST_STEP][PASSED] - Statement - store.connect(host, Email, Password): null

2018-09-05 18:30:44 - [TEST_STEP][PASSED] - Statement - emailFolder = store.getFolder("INBOX"): null

2018-09-05 18:30:44 - [TEST_STEP][PASSED] - Statement - emailFolder.open(READ_WRITE): null

2018-09-05 18:30:44 - [TEST_STEP][PASSED] - Statement - messages = emailFolder.getMessages(): null

2018-09-05 18:30:44 - [TEST_STEP][PASSED] - Statement - n = length: null

2018-09-05 18:30:44 - [TEST_STEP][PASSED] - Statement - message = messages[n - 1]: null

2018-09-05 18:30:44 - [TEST_STEP][PASSED] - Statement - msgSub = message.getSubject(): null

2018-09-05 18:30:45 - [TEST_STEP][PASSED] - Statement - If (msgSub.equals("OTP to Sign In")): null

2018-09-05 18:30:45 - [TEST_STEP][PASSED] - Statement - msg = message.getContent().toString(): null

2018-09-05 18:30:45 - [TEST_STEP][PASSED] - Statement - OTP = msg.substring(msg.length() - 7): null

2018-09-05 18:30:45 - [TEST_STEP][PASSED] - Statement - message.setFlag(DELETED, true): null

2018-09-05 18:30:46 - [TEST_STEP][PASSED] - Statement - emailFolder.close(true): null

2018-09-05 18:30:46 - [TEST_STEP][PASSED] - Statement - store.close(): null

2018-09-05 18:30:47 - [TEST_STEP][PASSED] - Statement - return OTP: null

2018-09-05 18:30:47 - [TEST_STEP][PASSED] - Statement - If (OTP.equals("unavailable")): null

2018-09-05 18:30:47 - [TEST_STEP][PASSED] - Statement - Else: Text 's7369
' is set on object 'Object Repository/Login/OtpInput'

2018-09-05 18:30:47 - [TEST_STEP][PASSED] - setText: Text 's7369
' is set on object 'Object Repository/Login/OtpInput'

2018-09-05 18:30:47 - [MESSAGE][PASSED] - Text 's7369
' is set on object 'Object Repository/Login/OtpInput'

2018-09-05 18:30:47 - [TEST_STEP][PASSED] - verifyElementPresent: Object 'Object Repository/Login/afterOpenDisplay' is present

2018-09-05 18:30:48 - [MESSAGE][PASSED] - Object 'Object Repository/Login/afterOpenDisplay' is present

2018-09-05 18:30:48 - [MESSAGE][PASSED] - Call Test Case 'Test Cases/BVT/aSimple_Login' successfully

2018-09-05 18:30:48 - [TEST_STEP][PASSED] - Statement - driver = com.kms.katalon.core.webui.driver.DriverFactory.getWebDriver(): null

2018-09-05 18:30:48 - [TEST_STEP][PASSED] - click: Object: 'Object Repository/Dashboard_Link Generator/linkgeneratorIcon' is clicked on

2018-09-05 18:30:49 - [MESSAGE][PASSED] - Object: 'Object Repository/Dashboard_Link Generator/linkgeneratorIcon' is clicked on

2018-09-05 18:30:49 - [TEST_STEP][PASSED] - click: Object: 'Object Repository/Public Links/publicLinkTab' is clicked on

2018-09-05 18:30:50 - [MESSAGE][PASSED] - Object: 'Object Repository/Public Links/publicLinkTab' is clicked on

2018-09-05 18:30:50 - [TEST_STEP][PASSED] - delay: Delayed 2 second(s)

2018-09-05 18:30:52 - [MESSAGE][PASSED] - Delayed 2 second(s)

2018-09-05 18:30:52 - [TEST_STEP][PASSED] - click: Object: 'Object Repository/Public Links/checkBoxPubLink' is clicked on

2018-09-05 18:30:52 - [MESSAGE][PASSED] - Object: 'Object Repository/Public Links/checkBoxPubLink' is clicked on

2018-09-05 18:30:52 - [TEST_STEP][PASSED] - setText: Text 'tag' is set on object 'Object Repository/Public Links/PubLinkWithTag'

2018-09-05 18:30:52 - [MESSAGE][PASSED] - Text 'tag' is set on object 'Object Repository/Public Links/PubLinkWithTag'

2018-09-05 18:30:52 - [TEST_STEP][PASSED] - click: Object: 'Object Repository/Public Links/GetLink' is clicked on

2018-09-05 18:30:52 - [MESSAGE][PASSED] - Object: 'Object Repository/Public Links/GetLink' is clicked on

2018-09-05 18:30:52 - [TEST_STEP][PASSED] - Statement - getLink = com.kms.katalon.core.webui.keyword.WebUiBuiltInKeywords.getAttribute(com.kms.katalon.core.testobject.ObjectRepository.findTestObject(Dashboard_Link Generator/input_link-text), "value"): Attribute 'value' of object 'Object Repository/Dashboard_Link Generator/input_link-text' is: 'https://dev.vcalling.in/url/UAT/?id=UAT_publicLink-52&p=t&c=t'

2018-09-05 18:30:53 - [MESSAGE][PASSED] - Attribute 'value' of object 'Object Repository/Dashboard_Link Generator/input_link-text' is: 'https://dev.vcalling.in/url/UAT/?id=UAT_publicLink-52&p=t&c=t'

2018-09-05 18:30:53 - [TEST_STEP][PASSED] - Statement - println(getLink): null

2018-09-05 18:30:53 - [TEST_STEP][PASSED] - click: Object: 'Object Repository/Dashboard_Link Generator/copyLink' is clicked on

2018-09-05 18:30:53 - [MESSAGE][PASSED] - Object: 'Object Repository/Dashboard_Link Generator/copyLink' is clicked on

2018-09-05 18:30:53 - [TEST_STEP][PASSED] - delay: Delayed 2 second(s)

2018-09-05 18:30:55 - [MESSAGE][PASSED] - Delayed 2 second(s)

2018-09-05 18:30:55 - [TEST_STEP][PASSED] - Statement - js = driver: null

2018-09-05 18:30:55 - [TEST_STEP][PASSED] - Statement - js.executeScript("window.open();"): null

2018-09-05 18:30:55 - [TEST_STEP][PASSED] - Statement - currentWindow = com.kms.katalon.core.webui.keyword.WebUiBuiltInKeywords.getWindowIndex(): Current window's index is: 0

2018-09-05 18:30:55 - [MESSAGE][PASSED] - Current window's index is: 0

2018-09-05 18:30:55 - [TEST_STEP][PASSED] - switchToWindowIndex: Switched to window with index: '1'

2018-09-05 18:30:55 - [MESSAGE][PASSED] - Switched to window with index: '1'

2018-09-05 18:30:55 - [TEST_STEP][PASSED] - navigateToUrl: Navigate to 'https://dev.vcalling.in/url/UAT/?id=UAT_publicLink-52&p=t&c=t' successfully

2018-09-05 18:30:57 - [MESSAGE][PASSED] - Navigate to 'https://dev.vcalling.in/url/UAT/?id=UAT_publicLink-52&p=t&c=t' successfully

2018-09-05 18:30:57 - [TEST_STEP][PASSED] - Statement - currentTab = com.kms.katalon.core.webui.keyword.WebUiBuiltInKeywords.getWindowIndex(): Current window's index is: 1

2018-09-05 18:30:57 - [MESSAGE][PASSED] - Current window's index is: 1

2018-09-05 18:30:57 - [TEST_STEP][PASSED] - delay: Delayed 10 second(s)

2018-09-05 18:31:07 - [MESSAGE][PASSED] - Delayed 10 second(s)

2018-09-05 18:31:07 - [TEST_STEP][PASSED] - switchToWindowIndex: Switched to window with index: '0'

2018-09-05 18:31:07 - [MESSAGE][PASSED] - Switched to window with index: '0'

2018-09-05 18:31:07 - [TEST_STEP][PASSED] - refresh: Refresh successfully

2018-09-05 18:31:07 - [MESSAGE][PASSED] - Refresh successfully

2018-09-05 18:31:07 - [TEST_STEP][PASSED] - acceptAlert: Alert accepted

2018-09-05 18:31:07 - [MESSAGE][PASSED] - Alert accepted]]></system-out>
         <system-err><![CDATA[]]></system-err>
      </testcase>
      <testcase name="Test Cases/completed/TestCase6_public link generate/publicLinkGenerate" classname="Test Cases/completed/TestCase6_public link generate/publicLinkGenerate" status="PASSED">
         <system-out><![CDATA[2018-09-05 18:31:07 - [TEST_CASE][PASSED] - Test Cases/completed/TestCase6_public link generate/publicLinkGenerate: Test Cases/completed/TestCase6_public link generate/publicLinkGenerate

2018-09-05 18:31:08 - [TEST_STEP][PASSED] - callTestCase: Call Test Case 'Test Cases/BVT/aSimple_Login' successfully

2018-09-05 18:31:08 - [TEST_CASE][PASSED] - Test Cases/BVT/aSimple_Login: Test Cases/BVT/aSimple_Login

2018-09-05 18:31:08 - [TEST_STEP][PASSED] - openBrowser: Browser is opened with url: ''

2018-09-05 18:31:08 - [MESSAGE][WARNING] - A browser is already opened. Closing browser and opening a new one

2018-09-05 18:31:11 - [MESSAGE][PASSED] - Browser is opened with url: ''

2018-09-05 18:31:11 - [TEST_STEP][PASSED] - maximizeWindow: Current window maximized

2018-09-05 18:31:12 - [MESSAGE][PASSED] - Current window maximized

2018-09-05 18:31:12 - [TEST_STEP][PASSED] - navigateToUrl: Navigate to 'https://dev.vcalling.in/enterprises/UAT/Dashboard/index.html' successfully

2018-09-05 18:31:16 - [MESSAGE][PASSED] - Navigate to 'https://dev.vcalling.in/enterprises/UAT/Dashboard/index.html' successfully

2018-09-05 18:31:16 - [TEST_STEP][PASSED] - setText: Text 'testing4dea@gmail.com' is set on object 'Object Repository/Login/UserId'

2018-09-05 18:31:17 - [MESSAGE][PASSED] - Text 'testing4dea@gmail.com' is set on object 'Object Repository/Login/UserId'

2018-09-05 18:31:17 - [TEST_STEP][PASSED] - click: Object: 'Object Repository/Login/div_GET OTP' is clicked on

2018-09-05 18:31:17 - [MESSAGE][PASSED] - Object: 'Object Repository/Login/div_GET OTP' is clicked on

2018-09-05 18:31:17 - [TEST_STEP][PASSED] - waitForElementPresent: Object 'Object Repository/Login/div_SUBMIT' is present

2018-09-05 18:31:19 - [MESSAGE][PASSED] - Object 'Object Repository/Login/div_SUBMIT' is present

2018-09-05 18:31:19 - [TEST_STEP][PASSED] - Statement - If (com.kms.katalon.core.webui.keyword.WebUiBuiltInKeywords.verifyElementNotPresent(com.kms.katalon.core.testobject.ObjectRepository.findTestObject(Login/div_SUBMIT), 5, OPTIONAL)): Web element with id: 'Object Repository/Login/div_SUBMIT' located by 'By.xpath: //div[(text() = ' SUBMIT ' or . = ' SUBMIT ')]' is present after '5' second(s)

2018-09-05 18:31:24 - [MESSAGE][WARNING] - Web element with id: 'Object Repository/Login/div_SUBMIT' located by 'By.xpath: //div[(text() = ' SUBMIT ' or . = ' SUBMIT ')]' is present after '5' second(s)
[[ATTACHMENT|C:\\Users\\User\\Desktop\\Katalon Studio\\Katalon Studio\\vCallingDashboard\\Reports\\RegressionSuite\\20180905_175530\\1536152484377.png]]

2018-09-05 18:31:24 - [TEST_STEP][PASSED] - Statement - sleep(5000): null

2018-09-05 18:31:29 - [TEST_STEP][PASSED] - Statement - OTP = getOTP(): null

2018-09-05 18:31:29 - [TEST_STEP][PASSED] - Statement - host = "imap.gmail.com": null

2018-09-05 18:31:29 - [TEST_STEP][PASSED] - Statement - msg = <not implemented yet for class: org.codehaus.groovy.ast.expr.EmptyExpression>: null

2018-09-05 18:31:29 - [TEST_STEP][PASSED] - Statement - msgSub = <not implemented yet for class: org.codehaus.groovy.ast.expr.EmptyExpression>: null

2018-09-05 18:31:29 - [TEST_STEP][PASSED] - Statement - OTP = "unavailable": null

2018-09-05 18:31:29 - [TEST_STEP][PASSED] - Statement - props = new java.util.Properties(): null

2018-09-05 18:31:29 - [TEST_STEP][PASSED] - Statement - props.setProperty("mail.imap.ssl.enable", "true"): null

2018-09-05 18:31:29 - [TEST_STEP][PASSED] - Statement - session = javax.mail.Session.getInstance(props): null

2018-09-05 18:31:29 - [TEST_STEP][PASSED] - Statement - store = <not implemented yet for class: org.codehaus.groovy.ast.expr.EmptyExpression>: null

2018-09-05 18:31:29 - [TEST_STEP][PASSED] - Statement - Try: null

2018-09-05 18:31:29 - [TEST_STEP][PASSED] - Statement - store = session.getStore("imap"): null

2018-09-05 18:31:29 - [TEST_STEP][PASSED] - Statement - store.connect(host, Email, Password): null

2018-09-05 18:31:31 - [TEST_STEP][PASSED] - Statement - emailFolder = store.getFolder("INBOX"): null

2018-09-05 18:31:31 - [TEST_STEP][PASSED] - Statement - emailFolder.open(READ_WRITE): null

2018-09-05 18:31:31 - [TEST_STEP][PASSED] - Statement - messages = emailFolder.getMessages(): null

2018-09-05 18:31:31 - [TEST_STEP][PASSED] - Statement - n = length: null

2018-09-05 18:31:31 - [TEST_STEP][PASSED] - Statement - message = messages[n - 1]: null

2018-09-05 18:31:31 - [TEST_STEP][PASSED] - Statement - msgSub = message.getSubject(): null

2018-09-05 18:31:32 - [TEST_STEP][PASSED] - Statement - If (msgSub.equals("OTP to Sign In")): null

2018-09-05 18:31:32 - [TEST_STEP][PASSED] - Statement - msg = message.getContent().toString(): null

2018-09-05 18:31:33 - [TEST_STEP][PASSED] - Statement - OTP = msg.substring(msg.length() - 7): null

2018-09-05 18:31:33 - [TEST_STEP][PASSED] - Statement - message.setFlag(DELETED, true): null

2018-09-05 18:31:33 - [TEST_STEP][PASSED] - Statement - emailFolder.close(true): null

2018-09-05 18:31:33 - [TEST_STEP][PASSED] - Statement - store.close(): null

2018-09-05 18:31:34 - [TEST_STEP][PASSED] - Statement - return OTP: null

2018-09-05 18:31:34 - [TEST_STEP][PASSED] - Statement - If (OTP.equals("unavailable")): null

2018-09-05 18:31:34 - [TEST_STEP][PASSED] - Statement - Else: Text 'a7323
' is set on object 'Object Repository/Login/OtpInput'

2018-09-05 18:31:34 - [TEST_STEP][PASSED] - setText: Text 'a7323
' is set on object 'Object Repository/Login/OtpInput'

2018-09-05 18:31:34 - [MESSAGE][PASSED] - Text 'a7323
' is set on object 'Object Repository/Login/OtpInput'

2018-09-05 18:31:34 - [TEST_STEP][PASSED] - verifyElementPresent: Object 'Object Repository/Login/afterOpenDisplay' is present

2018-09-05 18:31:36 - [MESSAGE][PASSED] - Object 'Object Repository/Login/afterOpenDisplay' is present

2018-09-05 18:31:36 - [MESSAGE][PASSED] - Call Test Case 'Test Cases/BVT/aSimple_Login' successfully

2018-09-05 18:31:36 - [TEST_STEP][PASSED] - Statement - driver = com.kms.katalon.core.webui.driver.DriverFactory.getWebDriver(): null

2018-09-05 18:31:36 - [TEST_STEP][PASSED] - click: Object: 'Object Repository/Dashboard_Link Generator/linkgeneratorIcon' is clicked on

2018-09-05 18:31:36 - [MESSAGE][PASSED] - Object: 'Object Repository/Dashboard_Link Generator/linkgeneratorIcon' is clicked on

2018-09-05 18:31:36 - [TEST_STEP][PASSED] - click: Object: 'Object Repository/Public Links/publicLinkTab' is clicked on

2018-09-05 18:31:37 - [MESSAGE][PASSED] - Object: 'Object Repository/Public Links/publicLinkTab' is clicked on

2018-09-05 18:31:37 - [TEST_STEP][PASSED] - delay: Delayed 2 second(s)

2018-09-05 18:31:39 - [MESSAGE][PASSED] - Delayed 2 second(s)

2018-09-05 18:31:39 - [TEST_STEP][PASSED] - setText: Text 'tag1' is set on object 'Object Repository/Public Links/PubLinkWithTag'

2018-09-05 18:31:39 - [MESSAGE][PASSED] - Text 'tag1' is set on object 'Object Repository/Public Links/PubLinkWithTag'

2018-09-05 18:31:39 - [TEST_STEP][PASSED] - click: Object: 'Object Repository/Public Links/GetLink' is clicked on

2018-09-05 18:31:39 - [MESSAGE][PASSED] - Object: 'Object Repository/Public Links/GetLink' is clicked on

2018-09-05 18:31:39 - [TEST_STEP][PASSED] - Statement - getLink = com.kms.katalon.core.webui.keyword.WebUiBuiltInKeywords.getAttribute(com.kms.katalon.core.testobject.ObjectRepository.findTestObject(Dashboard_Link Generator/input_link-text), "value"): Attribute 'value' of object 'Object Repository/Dashboard_Link Generator/input_link-text' is: 'https://dev.vcalling.in/url/UAT/?id=UAT_publicLink-3&p=t'

2018-09-05 18:31:40 - [MESSAGE][PASSED] - Attribute 'value' of object 'Object Repository/Dashboard_Link Generator/input_link-text' is: 'https://dev.vcalling.in/url/UAT/?id=UAT_publicLink-3&p=t'

2018-09-05 18:31:40 - [TEST_STEP][PASSED] - Statement - println(getLink): null

2018-09-05 18:31:40 - [TEST_STEP][PASSED] - click: Object: 'Object Repository/Dashboard_Link Generator/copyLink' is clicked on

2018-09-05 18:31:40 - [MESSAGE][PASSED] - Object: 'Object Repository/Dashboard_Link Generator/copyLink' is clicked on

2018-09-05 18:31:40 - [TEST_STEP][PASSED] - delay: Delayed 2 second(s)

2018-09-05 18:31:42 - [MESSAGE][PASSED] - Delayed 2 second(s)

2018-09-05 18:31:42 - [TEST_STEP][PASSED] - Statement - js = driver: null

2018-09-05 18:31:42 - [TEST_STEP][PASSED] - Statement - js.executeScript("window.open();"): null

2018-09-05 18:31:42 - [TEST_STEP][PASSED] - Statement - currentWindow = com.kms.katalon.core.webui.keyword.WebUiBuiltInKeywords.getWindowIndex(): Current window's index is: 0

2018-09-05 18:31:42 - [MESSAGE][PASSED] - Current window's index is: 0

2018-09-05 18:31:42 - [TEST_STEP][PASSED] - switchToWindowIndex: Switched to window with index: '1'

2018-09-05 18:31:42 - [MESSAGE][PASSED] - Switched to window with index: '1'

2018-09-05 18:31:42 - [TEST_STEP][PASSED] - navigateToUrl: Navigate to 'https://dev.vcalling.in/url/UAT/?id=UAT_publicLink-3&p=t' successfully

2018-09-05 18:31:44 - [MESSAGE][PASSED] - Navigate to 'https://dev.vcalling.in/url/UAT/?id=UAT_publicLink-3&p=t' successfully

2018-09-05 18:31:44 - [TEST_STEP][PASSED] - Statement - currentTab = com.kms.katalon.core.webui.keyword.WebUiBuiltInKeywords.getWindowIndex(): Current window's index is: 1

2018-09-05 18:31:44 - [MESSAGE][PASSED] - Current window's index is: 1

2018-09-05 18:31:44 - [TEST_STEP][PASSED] - delay: Delayed 10 second(s)

2018-09-05 18:31:54 - [MESSAGE][PASSED] - Delayed 10 second(s)

2018-09-05 18:31:54 - [TEST_STEP][PASSED] - switchToWindowIndex: Switched to window with index: '0'

2018-09-05 18:31:54 - [MESSAGE][PASSED] - Switched to window with index: '0'

2018-09-05 18:31:54 - [TEST_STEP][PASSED] - refresh: Refresh successfully

2018-09-05 18:31:54 - [MESSAGE][PASSED] - Refresh successfully

2018-09-05 18:31:54 - [TEST_STEP][PASSED] - acceptAlert: Alert accepted

2018-09-05 18:31:54 - [MESSAGE][PASSED] - Alert accepted]]></system-out>
         <system-err><![CDATA[]]></system-err>
      </testcase>
      <testcase name="Test Cases/completed/TestCase6_public link generate/pubLinkWIthTag" classname="Test Cases/completed/TestCase6_public link generate/pubLinkWIthTag" status="PASSED">
         <system-out><![CDATA[2018-09-05 18:31:54 - [TEST_CASE][PASSED] - Test Cases/completed/TestCase6_public link generate/pubLinkWIthTag: Test Cases/completed/TestCase6_public link generate/pubLinkWIthTag

2018-09-05 18:31:54 - [TEST_STEP][PASSED] - callTestCase: Call Test Case 'Test Cases/BVT/aSimple_Login' successfully

2018-09-05 18:31:55 - [TEST_CASE][PASSED] - Test Cases/BVT/aSimple_Login: Test Cases/BVT/aSimple_Login

2018-09-05 18:31:55 - [TEST_STEP][PASSED] - openBrowser: Browser is opened with url: ''

2018-09-05 18:31:55 - [MESSAGE][WARNING] - A browser is already opened. Closing browser and opening a new one

2018-09-05 18:31:58 - [MESSAGE][PASSED] - Browser is opened with url: ''

2018-09-05 18:31:58 - [TEST_STEP][PASSED] - maximizeWindow: Current window maximized

2018-09-05 18:31:59 - [MESSAGE][PASSED] - Current window maximized

2018-09-05 18:31:59 - [TEST_STEP][PASSED] - navigateToUrl: Navigate to 'https://dev.vcalling.in/enterprises/UAT/Dashboard/index.html' successfully

2018-09-05 18:32:04 - [MESSAGE][PASSED] - Navigate to 'https://dev.vcalling.in/enterprises/UAT/Dashboard/index.html' successfully

2018-09-05 18:32:04 - [TEST_STEP][PASSED] - setText: Text 'testing4dea@gmail.com' is set on object 'Object Repository/Login/UserId'

2018-09-05 18:32:04 - [MESSAGE][PASSED] - Text 'testing4dea@gmail.com' is set on object 'Object Repository/Login/UserId'

2018-09-05 18:32:04 - [TEST_STEP][PASSED] - click: Object: 'Object Repository/Login/div_GET OTP' is clicked on

2018-09-05 18:32:05 - [MESSAGE][PASSED] - Object: 'Object Repository/Login/div_GET OTP' is clicked on

2018-09-05 18:32:05 - [TEST_STEP][PASSED] - waitForElementPresent: Object 'Object Repository/Login/div_SUBMIT' is present

2018-09-05 18:32:06 - [MESSAGE][PASSED] - Object 'Object Repository/Login/div_SUBMIT' is present

2018-09-05 18:32:06 - [TEST_STEP][PASSED] - Statement - If (com.kms.katalon.core.webui.keyword.WebUiBuiltInKeywords.verifyElementNotPresent(com.kms.katalon.core.testobject.ObjectRepository.findTestObject(Login/div_SUBMIT), 5, OPTIONAL)): Web element with id: 'Object Repository/Login/div_SUBMIT' located by 'By.xpath: //div[(text() = ' SUBMIT ' or . = ' SUBMIT ')]' is present after '5' second(s)

2018-09-05 18:32:12 - [MESSAGE][WARNING] - Web element with id: 'Object Repository/Login/div_SUBMIT' located by 'By.xpath: //div[(text() = ' SUBMIT ' or . = ' SUBMIT ')]' is present after '5' second(s)
[[ATTACHMENT|C:\\Users\\User\\Desktop\\Katalon Studio\\Katalon Studio\\vCallingDashboard\\Reports\\RegressionSuite\\20180905_175530\\1536152532005.png]]

2018-09-05 18:32:12 - [TEST_STEP][PASSED] - Statement - sleep(5000): null

2018-09-05 18:32:17 - [TEST_STEP][PASSED] - Statement - OTP = getOTP(): null

2018-09-05 18:32:17 - [TEST_STEP][PASSED] - Statement - host = "imap.gmail.com": null

2018-09-05 18:32:17 - [TEST_STEP][PASSED] - Statement - msg = <not implemented yet for class: org.codehaus.groovy.ast.expr.EmptyExpression>: null

2018-09-05 18:32:17 - [TEST_STEP][PASSED] - Statement - msgSub = <not implemented yet for class: org.codehaus.groovy.ast.expr.EmptyExpression>: null

2018-09-05 18:32:17 - [TEST_STEP][PASSED] - Statement - OTP = "unavailable": null

2018-09-05 18:32:17 - [TEST_STEP][PASSED] - Statement - props = new java.util.Properties(): null

2018-09-05 18:32:17 - [TEST_STEP][PASSED] - Statement - props.setProperty("mail.imap.ssl.enable", "true"): null

2018-09-05 18:32:17 - [TEST_STEP][PASSED] - Statement - session = javax.mail.Session.getInstance(props): null

2018-09-05 18:32:17 - [TEST_STEP][PASSED] - Statement - store = <not implemented yet for class: org.codehaus.groovy.ast.expr.EmptyExpression>: null

2018-09-05 18:32:17 - [TEST_STEP][PASSED] - Statement - Try: null

2018-09-05 18:32:17 - [TEST_STEP][PASSED] - Statement - store = session.getStore("imap"): null

2018-09-05 18:32:17 - [TEST_STEP][PASSED] - Statement - store.connect(host, Email, Password): null

2018-09-05 18:32:19 - [TEST_STEP][PASSED] - Statement - emailFolder = store.getFolder("INBOX"): null

2018-09-05 18:32:19 - [TEST_STEP][PASSED] - Statement - emailFolder.open(READ_WRITE): null

2018-09-05 18:32:19 - [TEST_STEP][PASSED] - Statement - messages = emailFolder.getMessages(): null

2018-09-05 18:32:19 - [TEST_STEP][PASSED] - Statement - n = length: null

2018-09-05 18:32:19 - [TEST_STEP][PASSED] - Statement - message = messages[n - 1]: null

2018-09-05 18:32:19 - [TEST_STEP][PASSED] - Statement - msgSub = message.getSubject(): null

2018-09-05 18:32:19 - [TEST_STEP][PASSED] - Statement - If (msgSub.equals("OTP to Sign In")): null

2018-09-05 18:32:19 - [TEST_STEP][PASSED] - Statement - msg = message.getContent().toString(): null

2018-09-05 18:32:20 - [TEST_STEP][PASSED] - Statement - OTP = msg.substring(msg.length() - 7): null

2018-09-05 18:32:20 - [TEST_STEP][PASSED] - Statement - message.setFlag(DELETED, true): null

2018-09-05 18:32:20 - [TEST_STEP][PASSED] - Statement - emailFolder.close(true): null

2018-09-05 18:32:21 - [TEST_STEP][PASSED] - Statement - store.close(): null

2018-09-05 18:32:21 - [TEST_STEP][PASSED] - Statement - return OTP: null

2018-09-05 18:32:21 - [TEST_STEP][PASSED] - Statement - If (OTP.equals("unavailable")): null

2018-09-05 18:32:21 - [TEST_STEP][PASSED] - Statement - Else: Text 'u5744
' is set on object 'Object Repository/Login/OtpInput'

2018-09-05 18:32:21 - [TEST_STEP][PASSED] - setText: Text 'u5744
' is set on object 'Object Repository/Login/OtpInput'

2018-09-05 18:32:21 - [MESSAGE][PASSED] - Text 'u5744
' is set on object 'Object Repository/Login/OtpInput'

2018-09-05 18:32:21 - [TEST_STEP][PASSED] - verifyElementPresent: Object 'Object Repository/Login/afterOpenDisplay' is present

2018-09-05 18:32:23 - [MESSAGE][PASSED] - Object 'Object Repository/Login/afterOpenDisplay' is present

2018-09-05 18:32:23 - [MESSAGE][PASSED] - Call Test Case 'Test Cases/BVT/aSimple_Login' successfully

2018-09-05 18:32:23 - [TEST_STEP][PASSED] - Statement - driver = com.kms.katalon.core.webui.driver.DriverFactory.getWebDriver(): null

2018-09-05 18:32:23 - [TEST_STEP][PASSED] - click: Object: 'Object Repository/Dashboard_Link Generator/linkgeneratorIcon' is clicked on

2018-09-05 18:32:23 - [MESSAGE][PASSED] - Object: 'Object Repository/Dashboard_Link Generator/linkgeneratorIcon' is clicked on

2018-09-05 18:32:23 - [TEST_STEP][PASSED] - click: Object: 'Object Repository/Public Links/publicLinkTab' is clicked on

2018-09-05 18:32:24 - [MESSAGE][PASSED] - Object: 'Object Repository/Public Links/publicLinkTab' is clicked on

2018-09-05 18:32:24 - [TEST_STEP][PASSED] - delay: Delayed 2 second(s)

2018-09-05 18:32:26 - [MESSAGE][PASSED] - Delayed 2 second(s)

2018-09-05 18:32:26 - [TEST_STEP][PASSED] - setText: Text 'tag1' is set on object 'Object Repository/Public Links/PubLinkWithTag'

2018-09-05 18:32:26 - [MESSAGE][PASSED] - Text 'tag1' is set on object 'Object Repository/Public Links/PubLinkWithTag'

2018-09-05 18:32:26 - [TEST_STEP][PASSED] - click: Object: 'Object Repository/Public Links/GetLink' is clicked on

2018-09-05 18:32:26 - [MESSAGE][PASSED] - Object: 'Object Repository/Public Links/GetLink' is clicked on

2018-09-05 18:32:26 - [TEST_STEP][PASSED] - Statement - getLink = com.kms.katalon.core.webui.keyword.WebUiBuiltInKeywords.getAttribute(com.kms.katalon.core.testobject.ObjectRepository.findTestObject(Dashboard_Link Generator/input_link-text), "value"): Attribute 'value' of object 'Object Repository/Dashboard_Link Generator/input_link-text' is: 'https://dev.vcalling.in/url/UAT/?id=UAT_publicLink-3&p=t'

2018-09-05 18:32:27 - [MESSAGE][PASSED] - Attribute 'value' of object 'Object Repository/Dashboard_Link Generator/input_link-text' is: 'https://dev.vcalling.in/url/UAT/?id=UAT_publicLink-3&p=t'

2018-09-05 18:32:27 - [TEST_STEP][PASSED] - Statement - println(getLink): null

2018-09-05 18:32:27 - [TEST_STEP][PASSED] - click: Object: 'Object Repository/Dashboard_Link Generator/copyLink' is clicked on

2018-09-05 18:32:27 - [MESSAGE][PASSED] - Object: 'Object Repository/Dashboard_Link Generator/copyLink' is clicked on

2018-09-05 18:32:27 - [TEST_STEP][PASSED] - delay: Delayed 2 second(s)

2018-09-05 18:32:29 - [MESSAGE][PASSED] - Delayed 2 second(s)

2018-09-05 18:32:29 - [TEST_STEP][PASSED] - Statement - js = driver: null

2018-09-05 18:32:29 - [TEST_STEP][PASSED] - Statement - js.executeScript("window.open();"): null

2018-09-05 18:32:29 - [TEST_STEP][PASSED] - Statement - currentWindow = com.kms.katalon.core.webui.keyword.WebUiBuiltInKeywords.getWindowIndex(): Current window's index is: 0

2018-09-05 18:32:29 - [MESSAGE][PASSED] - Current window's index is: 0

2018-09-05 18:32:29 - [TEST_STEP][PASSED] - switchToWindowIndex: Switched to window with index: '1'

2018-09-05 18:32:29 - [MESSAGE][PASSED] - Switched to window with index: '1'

2018-09-05 18:32:29 - [TEST_STEP][PASSED] - navigateToUrl: Navigate to 'https://dev.vcalling.in/url/UAT/?id=UAT_publicLink-3&p=t' successfully

2018-09-05 18:32:31 - [MESSAGE][PASSED] - Navigate to 'https://dev.vcalling.in/url/UAT/?id=UAT_publicLink-3&p=t' successfully

2018-09-05 18:32:31 - [TEST_STEP][PASSED] - Statement - currentTab = com.kms.katalon.core.webui.keyword.WebUiBuiltInKeywords.getWindowIndex(): Current window's index is: 1

2018-09-05 18:32:31 - [MESSAGE][PASSED] - Current window's index is: 1

2018-09-05 18:32:31 - [TEST_STEP][PASSED] - delay: Delayed 10 second(s)

2018-09-05 18:32:41 - [MESSAGE][PASSED] - Delayed 10 second(s)

2018-09-05 18:32:41 - [TEST_STEP][PASSED] - switchToWindowIndex: Switched to window with index: '0'

2018-09-05 18:32:41 - [MESSAGE][PASSED] - Switched to window with index: '0'

2018-09-05 18:32:41 - [TEST_STEP][PASSED] - refresh: Refresh successfully

2018-09-05 18:32:41 - [MESSAGE][PASSED] - Refresh successfully

2018-09-05 18:32:41 - [TEST_STEP][PASSED] - acceptAlert: Alert accepted

2018-09-05 18:32:41 - [MESSAGE][PASSED] - Alert accepted]]></system-out>
         <system-err><![CDATA[]]></system-err>
      </testcase>
      <testcase name="Test Cases/completed/TestCase7_Stats/outboundStats" classname="Test Cases/completed/TestCase7_Stats/outboundStats" status="PASSED">
         <system-out><![CDATA[2018-09-05 18:32:41 - [TEST_CASE][PASSED] - Test Cases/completed/TestCase7_Stats/outboundStats: Test Cases/completed/TestCase7_Stats/outboundStats

2018-09-05 18:32:42 - [TEST_STEP][PASSED] - callTestCase: Call Test Case 'Test Cases/BVT/aSimple_Login' successfully

2018-09-05 18:32:42 - [TEST_CASE][PASSED] - Test Cases/BVT/aSimple_Login: Test Cases/BVT/aSimple_Login

2018-09-05 18:32:42 - [TEST_STEP][PASSED] - openBrowser: Browser is opened with url: ''

2018-09-05 18:32:42 - [MESSAGE][WARNING] - A browser is already opened. Closing browser and opening a new one

2018-09-05 18:32:45 - [MESSAGE][PASSED] - Browser is opened with url: ''

2018-09-05 18:32:45 - [TEST_STEP][PASSED] - maximizeWindow: Current window maximized

2018-09-05 18:32:46 - [MESSAGE][PASSED] - Current window maximized

2018-09-05 18:32:46 - [TEST_STEP][PASSED] - navigateToUrl: Navigate to 'https://dev.vcalling.in/enterprises/UAT/Dashboard/index.html' successfully

2018-09-05 18:32:51 - [MESSAGE][PASSED] - Navigate to 'https://dev.vcalling.in/enterprises/UAT/Dashboard/index.html' successfully

2018-09-05 18:32:51 - [TEST_STEP][PASSED] - setText: Text 'testing4dea@gmail.com' is set on object 'Object Repository/Login/UserId'

2018-09-05 18:32:52 - [MESSAGE][PASSED] - Text 'testing4dea@gmail.com' is set on object 'Object Repository/Login/UserId'

2018-09-05 18:32:52 - [TEST_STEP][PASSED] - click: Object: 'Object Repository/Login/div_GET OTP' is clicked on

2018-09-05 18:32:52 - [MESSAGE][PASSED] - Object: 'Object Repository/Login/div_GET OTP' is clicked on

2018-09-05 18:32:52 - [TEST_STEP][PASSED] - waitForElementPresent: Object 'Object Repository/Login/div_SUBMIT' is present

2018-09-05 18:32:54 - [MESSAGE][PASSED] - Object 'Object Repository/Login/div_SUBMIT' is present

2018-09-05 18:32:54 - [TEST_STEP][PASSED] - Statement - If (com.kms.katalon.core.webui.keyword.WebUiBuiltInKeywords.verifyElementNotPresent(com.kms.katalon.core.testobject.ObjectRepository.findTestObject(Login/div_SUBMIT), 5, OPTIONAL)): Web element with id: 'Object Repository/Login/div_SUBMIT' located by 'By.xpath: //div[(text() = ' SUBMIT ' or . = ' SUBMIT ')]' is present after '5' second(s)

2018-09-05 18:33:00 - [MESSAGE][WARNING] - Web element with id: 'Object Repository/Login/div_SUBMIT' located by 'By.xpath: //div[(text() = ' SUBMIT ' or . = ' SUBMIT ')]' is present after '5' second(s)
[[ATTACHMENT|C:\\Users\\User\\Desktop\\Katalon Studio\\Katalon Studio\\vCallingDashboard\\Reports\\RegressionSuite\\20180905_175530\\1536152579842.png]]

2018-09-05 18:33:00 - [TEST_STEP][PASSED] - Statement - sleep(5000): null

2018-09-05 18:33:05 - [TEST_STEP][PASSED] - Statement - OTP = getOTP(): null

2018-09-05 18:33:05 - [TEST_STEP][PASSED] - Statement - host = "imap.gmail.com": null

2018-09-05 18:33:05 - [TEST_STEP][PASSED] - Statement - msg = <not implemented yet for class: org.codehaus.groovy.ast.expr.EmptyExpression>: null

2018-09-05 18:33:05 - [TEST_STEP][PASSED] - Statement - msgSub = <not implemented yet for class: org.codehaus.groovy.ast.expr.EmptyExpression>: null

2018-09-05 18:33:05 - [TEST_STEP][PASSED] - Statement - OTP = "unavailable": null

2018-09-05 18:33:05 - [TEST_STEP][PASSED] - Statement - props = new java.util.Properties(): null

2018-09-05 18:33:05 - [TEST_STEP][PASSED] - Statement - props.setProperty("mail.imap.ssl.enable", "true"): null

2018-09-05 18:33:05 - [TEST_STEP][PASSED] - Statement - session = javax.mail.Session.getInstance(props): null

2018-09-05 18:33:05 - [TEST_STEP][PASSED] - Statement - store = <not implemented yet for class: org.codehaus.groovy.ast.expr.EmptyExpression>: null

2018-09-05 18:33:05 - [TEST_STEP][PASSED] - Statement - Try: null

2018-09-05 18:33:05 - [TEST_STEP][PASSED] - Statement - store = session.getStore("imap"): null

2018-09-05 18:33:05 - [TEST_STEP][PASSED] - Statement - store.connect(host, Email, Password): null

2018-09-05 18:33:07 - [TEST_STEP][PASSED] - Statement - emailFolder = store.getFolder("INBOX"): null

2018-09-05 18:33:07 - [TEST_STEP][PASSED] - Statement - emailFolder.open(READ_WRITE): null

2018-09-05 18:33:07 - [TEST_STEP][PASSED] - Statement - messages = emailFolder.getMessages(): null

2018-09-05 18:33:07 - [TEST_STEP][PASSED] - Statement - n = length: null

2018-09-05 18:33:07 - [TEST_STEP][PASSED] - Statement - message = messages[n - 1]: null

2018-09-05 18:33:07 - [TEST_STEP][PASSED] - Statement - msgSub = message.getSubject(): null

2018-09-05 18:33:07 - [TEST_STEP][PASSED] - Statement - If (msgSub.equals("OTP to Sign In")): null

2018-09-05 18:33:07 - [TEST_STEP][PASSED] - Statement - msg = message.getContent().toString(): null

2018-09-05 18:33:08 - [TEST_STEP][PASSED] - Statement - OTP = msg.substring(msg.length() - 7): null

2018-09-05 18:33:08 - [TEST_STEP][PASSED] - Statement - message.setFlag(DELETED, true): null

2018-09-05 18:33:09 - [TEST_STEP][PASSED] - Statement - emailFolder.close(true): null

2018-09-05 18:33:09 - [TEST_STEP][PASSED] - Statement - store.close(): null

2018-09-05 18:33:09 - [TEST_STEP][PASSED] - Statement - return OTP: null

2018-09-05 18:33:09 - [TEST_STEP][PASSED] - Statement - If (OTP.equals("unavailable")): null

2018-09-05 18:33:09 - [TEST_STEP][PASSED] - Statement - Else: Text 'j2221
' is set on object 'Object Repository/Login/OtpInput'

2018-09-05 18:33:09 - [TEST_STEP][PASSED] - setText: Text 'j2221
' is set on object 'Object Repository/Login/OtpInput'

2018-09-05 18:33:10 - [MESSAGE][PASSED] - Text 'j2221
' is set on object 'Object Repository/Login/OtpInput'

2018-09-05 18:33:10 - [TEST_STEP][PASSED] - verifyElementPresent: Object 'Object Repository/Login/afterOpenDisplay' is present

2018-09-05 18:33:11 - [MESSAGE][PASSED] - Object 'Object Repository/Login/afterOpenDisplay' is present

2018-09-05 18:33:11 - [MESSAGE][PASSED] - Call Test Case 'Test Cases/BVT/aSimple_Login' successfully

2018-09-05 18:33:11 - [TEST_STEP][PASSED] - Statement - driver = com.kms.katalon.core.webui.driver.DriverFactory.getWebDriver(): null

2018-09-05 18:33:11 - [TEST_STEP][PASSED] - click: Object: 'Object Repository/Stats/statsTab' is clicked on

2018-09-05 18:33:12 - [MESSAGE][PASSED] - Object: 'Object Repository/Stats/statsTab' is clicked on

2018-09-05 18:33:12 - [TEST_STEP][PASSED] - Statement - actualCount = driver.findElement(org.openqa.selenium.By.xpath("/html/body/div[2]/div/div/div[2]/div[2]/div[1]/div[2]/div[1]/div[6]/div[1]/div[1]")).getText(): null

2018-09-05 18:33:12 - [TEST_STEP][PASSED] - Statement - previousCountValue = java.lang.Integer.parseInt(actualCount): null

2018-09-05 18:33:12 - [TEST_STEP][PASSED] - Statement - println("count :" + previousCountValue): null

2018-09-05 18:33:12 - [TEST_STEP][PASSED] - Statement - linkOpenACtual = driver.findElement(org.openqa.selenium.By.xpath("/html/body/div[2]/div/div/div[2]/div[2]/div[1]/div[2]/div[1]/div[6]/div[2]/div[1]")).getText(): null

2018-09-05 18:33:12 - [TEST_STEP][PASSED] - Statement - previousLinkOpenValue = java.lang.Integer.parseInt(linkOpenACtual): null

2018-09-05 18:33:12 - [TEST_STEP][PASSED] - Statement - println("count :" + previousLinkOpenValue): null

2018-09-05 18:33:12 - [TEST_STEP][PASSED] - callTestCase: Call Test Case 'Test Cases/commonFunctionality/linkLogCreation' successfully

2018-09-05 18:33:12 - [TEST_CASE][PASSED] - Test Cases/commonFunctionality/linkLogCreation: Test Cases/commonFunctionality/linkLogCreation

2018-09-05 18:33:12 - [TEST_STEP][PASSED] - Statement - driver = com.kms.katalon.core.webui.driver.DriverFactory.getWebDriver(): null

2018-09-05 18:33:12 - [TEST_STEP][PASSED] - click: Object: 'Object Repository/Dashboard_Link Generator/linkgeneratorIcon' is clicked on

2018-09-05 18:33:12 - [MESSAGE][PASSED] - Object: 'Object Repository/Dashboard_Link Generator/linkgeneratorIcon' is clicked on

2018-09-05 18:33:12 - [TEST_STEP][PASSED] - Statement - x = CustomKeywords.newPackage.newKeyword.randomString(3).toLowerCase(): newPackage.newKeyword.randomString is PASSED

2018-09-05 18:33:12 - [MESSAGE][PASSED] - newPackage.newKeyword.randomString is PASSED

2018-09-05 18:33:12 - [TEST_STEP][PASSED] - Statement - teamMeberName = x: null

2018-09-05 18:33:12 - [TEST_STEP][PASSED] - setText: Text 'igc' is set on object 'Object Repository/AddTeamMemberDashboard/name'

2018-09-05 18:33:13 - [MESSAGE][PASSED] - Text 'igc' is set on object 'Object Repository/AddTeamMemberDashboard/name'

2018-09-05 18:33:13 - [TEST_STEP][PASSED] - setText: Text 'pm3zBKiGxU@gmail.com' is set on object 'Object Repository/AddTeamMemberDashboard/email'

2018-09-05 18:33:13 - [MESSAGE][PASSED] - newPackage.newKeyword.randomString is PASSED

2018-09-05 18:33:14 - [MESSAGE][PASSED] - Text 'pm3zBKiGxU@gmail.com' is set on object 'Object Repository/AddTeamMemberDashboard/email'

2018-09-05 18:33:14 - [TEST_STEP][PASSED] - Statement - number = CustomKeywords.phoneNumbers.contactNumbers.randomString(9): phoneNumbers.contactNumbers.randomString is PASSED

2018-09-05 18:33:14 - [MESSAGE][PASSED] - phoneNumbers.contactNumbers.randomString is PASSED

2018-09-05 18:33:14 - [TEST_STEP][PASSED] - Statement - Mobile_Number = number: null

2018-09-05 18:33:14 - [TEST_STEP][PASSED] - setText: Text '2796699441' is set on object 'Object Repository/Dashboard_Link Generator/contactNumber'

2018-09-05 18:33:14 - [MESSAGE][PASSED] - Text '2796699441' is set on object 'Object Repository/Dashboard_Link Generator/contactNumber'

2018-09-05 18:33:14 - [TEST_STEP][PASSED] - setText: Text 'property' is set on object 'Object Repository/Dashboard_Link Generator/tag'

2018-09-05 18:33:15 - [MESSAGE][PASSED] - Text 'property' is set on object 'Object Repository/Dashboard_Link Generator/tag'

2018-09-05 18:33:15 - [TEST_STEP][PASSED] - click: Object: 'Object Repository/Dashboard_Link Generator/div_GET LINK' is clicked on

2018-09-05 18:33:15 - [MESSAGE][PASSED] - Object: 'Object Repository/Dashboard_Link Generator/div_GET LINK' is clicked on

2018-09-05 18:33:15 - [MESSAGE][PASSED] - Call Test Case 'Test Cases/commonFunctionality/linkLogCreation' successfully

2018-09-05 18:33:15 - [TEST_STEP][PASSED] - Statement - getLink = com.kms.katalon.core.webui.keyword.WebUiBuiltInKeywords.getAttribute(com.kms.katalon.core.testobject.ObjectRepository.findTestObject(Dashboard_Link Generator/input_link-text), "value"): Attribute 'value' of object 'Object Repository/Dashboard_Link Generator/input_link-text' is: 'https://dev.vcalling.in/url/UAT/?id=UAT-1-546'

2018-09-05 18:33:16 - [MESSAGE][PASSED] - Attribute 'value' of object 'Object Repository/Dashboard_Link Generator/input_link-text' is: 'https://dev.vcalling.in/url/UAT/?id=UAT-1-546'

2018-09-05 18:33:16 - [TEST_STEP][PASSED] - Statement - println(getLink): null

2018-09-05 18:33:16 - [TEST_STEP][PASSED] - click: Object: 'Object Repository/Dashboard_Link Generator/copyLink' is clicked on

2018-09-05 18:33:16 - [MESSAGE][PASSED] - Object: 'Object Repository/Dashboard_Link Generator/copyLink' is clicked on

2018-09-05 18:33:16 - [TEST_STEP][PASSED] - Statement - js = driver: null

2018-09-05 18:33:16 - [TEST_STEP][PASSED] - Statement - js.executeScript("window.open();"): null

2018-09-05 18:33:16 - [TEST_STEP][PASSED] - Statement - currentWindow = com.kms.katalon.core.webui.keyword.WebUiBuiltInKeywords.getWindowIndex(): Current window's index is: 0

2018-09-05 18:33:16 - [MESSAGE][PASSED] - Current window's index is: 0

2018-09-05 18:33:16 - [TEST_STEP][PASSED] - switchToWindowIndex: Switched to window with index: '1'

2018-09-05 18:33:16 - [MESSAGE][PASSED] - Switched to window with index: '1'

2018-09-05 18:33:16 - [TEST_STEP][PASSED] - navigateToUrl: Navigate to 'https://dev.vcalling.in/url/UAT/?id=UAT-1-546' successfully

2018-09-05 18:33:19 - [MESSAGE][PASSED] - Navigate to 'https://dev.vcalling.in/url/UAT/?id=UAT-1-546' successfully

2018-09-05 18:33:19 - [TEST_STEP][PASSED] - Statement - currentTab = com.kms.katalon.core.webui.keyword.WebUiBuiltInKeywords.getWindowIndex(): Current window's index is: 1

2018-09-05 18:33:19 - [MESSAGE][PASSED] - Current window's index is: 1

2018-09-05 18:33:19 - [TEST_STEP][PASSED] - click: Object: 'Object Repository/timeSpentOnlink/stepInsideButton' is clicked on

2018-09-05 18:33:20 - [MESSAGE][PASSED] - Object: 'Object Repository/timeSpentOnlink/stepInsideButton' is clicked on

2018-09-05 18:33:20 - [TEST_STEP][PASSED] - delay: Delayed 9 second(s)

2018-09-05 18:33:29 - [MESSAGE][PASSED] - Delayed 9 second(s)

2018-09-05 18:33:29 - [TEST_STEP][PASSED] - switchToWindowIndex: Switched to window with index: '0'

2018-09-05 18:33:29 - [MESSAGE][PASSED] - Switched to window with index: '0'

2018-09-05 18:33:29 - [TEST_STEP][PASSED] - delay: Delayed 1 second(s)

2018-09-05 18:33:30 - [MESSAGE][PASSED] - Delayed 1 second(s)

2018-09-05 18:33:30 - [TEST_STEP][PASSED] - refresh: Refresh successfully

2018-09-05 18:33:30 - [MESSAGE][PASSED] - Refresh successfully

2018-09-05 18:33:30 - [TEST_STEP][PASSED] - acceptAlert: Alert accepted

2018-09-05 18:33:30 - [MESSAGE][PASSED] - Alert accepted

2018-09-05 18:33:30 - [TEST_STEP][PASSED] - click: Object: 'Object Repository/Stats/statsTab' is clicked on

2018-09-05 18:33:35 - [MESSAGE][PASSED] - Object: 'Object Repository/Stats/statsTab' is clicked on

2018-09-05 18:33:35 - [TEST_STEP][PASSED] - delay: Delayed 20 second(s)

2018-09-05 18:33:55 - [MESSAGE][PASSED] - Delayed 20 second(s)

2018-09-05 18:33:55 - [TEST_STEP][PASSED] - Statement - increaseCount = driver.findElement(org.openqa.selenium.By.xpath("/html/body/div[2]/div/div/div[2]/div[2]/div[1]/div[2]/div[1]/div[6]/div[1]/div[1]")).getText(): null

2018-09-05 18:33:55 - [TEST_STEP][PASSED] - Statement - println("countForms :" + increaseCount): null

2018-09-05 18:33:55 - [TEST_STEP][PASSED] - Statement - newCountValue = java.lang.Integer.parseInt(increaseCount): null

2018-09-05 18:33:55 - [TEST_STEP][PASSED] - Statement - If (newCountValue == previousCountValue + 1): null

2018-09-05 18:33:55 - [TEST_STEP][PASSED] - Statement - println("success"): null

2018-09-05 18:33:55 - [TEST_STEP][PASSED] - Statement - increaseLinkOpenCount = driver.findElement(org.openqa.selenium.By.xpath("/html/body/div[2]/div/div/div[2]/div[2]/div[1]/div[2]/div[1]/div[6]/div[2]/div[1]")).getText(): null

2018-09-05 18:33:55 - [TEST_STEP][PASSED] - Statement - println("countForms :" + increaseLinkOpenCount): null

2018-09-05 18:33:55 - [TEST_STEP][PASSED] - Statement - newLinkOpenCountValue = java.lang.Integer.parseInt(increaseLinkOpenCount): null

2018-09-05 18:33:55 - [TEST_STEP][PASSED] - Statement - If (newLinkOpenCountValue == previousLinkOpenValue + 1): null

2018-09-05 18:33:55 - [TEST_STEP][PASSED] - Statement - println("success"): null]]></system-out>
         <system-err><![CDATA[]]></system-err>
      </testcase>
      <testcase name="Test Cases/completed/TestCase7_Stats/publicFomfilled" classname="Test Cases/completed/TestCase7_Stats/publicFomfilled" status="PASSED">
         <system-out><![CDATA[2018-09-05 18:33:55 - [TEST_CASE][PASSED] - Test Cases/completed/TestCase7_Stats/publicFomfilled: Test Cases/completed/TestCase7_Stats/publicFomfilled

2018-09-05 18:33:55 - [TEST_STEP][PASSED] - callTestCase: Call Test Case 'Test Cases/BVT/aSimple_Login' successfully

2018-09-05 18:33:55 - [TEST_CASE][PASSED] - Test Cases/BVT/aSimple_Login: Test Cases/BVT/aSimple_Login

2018-09-05 18:33:55 - [TEST_STEP][PASSED] - openBrowser: Browser is opened with url: ''

2018-09-05 18:33:55 - [MESSAGE][WARNING] - A browser is already opened. Closing browser and opening a new one

2018-09-05 18:33:59 - [MESSAGE][PASSED] - Browser is opened with url: ''

2018-09-05 18:33:59 - [TEST_STEP][PASSED] - maximizeWindow: Current window maximized

2018-09-05 18:34:00 - [MESSAGE][PASSED] - Current window maximized

2018-09-05 18:34:00 - [TEST_STEP][PASSED] - navigateToUrl: Navigate to 'https://dev.vcalling.in/enterprises/UAT/Dashboard/index.html' successfully

2018-09-05 18:34:04 - [MESSAGE][PASSED] - Navigate to 'https://dev.vcalling.in/enterprises/UAT/Dashboard/index.html' successfully

2018-09-05 18:34:04 - [TEST_STEP][PASSED] - setText: Text 'testing4dea@gmail.com' is set on object 'Object Repository/Login/UserId'

2018-09-05 18:34:05 - [MESSAGE][PASSED] - Text 'testing4dea@gmail.com' is set on object 'Object Repository/Login/UserId'

2018-09-05 18:34:05 - [TEST_STEP][PASSED] - click: Object: 'Object Repository/Login/div_GET OTP' is clicked on

2018-09-05 18:34:06 - [MESSAGE][PASSED] - Object: 'Object Repository/Login/div_GET OTP' is clicked on

2018-09-05 18:34:06 - [TEST_STEP][PASSED] - waitForElementPresent: Object 'Object Repository/Login/div_SUBMIT' is present

2018-09-05 18:34:07 - [MESSAGE][PASSED] - Object 'Object Repository/Login/div_SUBMIT' is present

2018-09-05 18:34:07 - [TEST_STEP][PASSED] - Statement - If (com.kms.katalon.core.webui.keyword.WebUiBuiltInKeywords.verifyElementNotPresent(com.kms.katalon.core.testobject.ObjectRepository.findTestObject(Login/div_SUBMIT), 5, OPTIONAL)): Web element with id: 'Object Repository/Login/div_SUBMIT' located by 'By.xpath: //div[(text() = ' SUBMIT ' or . = ' SUBMIT ')]' is present after '5' second(s)

2018-09-05 18:34:12 - [MESSAGE][WARNING] - Web element with id: 'Object Repository/Login/div_SUBMIT' located by 'By.xpath: //div[(text() = ' SUBMIT ' or . = ' SUBMIT ')]' is present after '5' second(s)
[[ATTACHMENT|C:\\Users\\User\\Desktop\\Katalon Studio\\Katalon Studio\\vCallingDashboard\\Reports\\RegressionSuite\\20180905_175530\\1536152652515.png]]

2018-09-05 18:34:12 - [TEST_STEP][PASSED] - Statement - sleep(5000): null

2018-09-05 18:34:17 - [TEST_STEP][PASSED] - Statement - OTP = getOTP(): null

2018-09-05 18:34:17 - [TEST_STEP][PASSED] - Statement - host = "imap.gmail.com": null

2018-09-05 18:34:17 - [TEST_STEP][PASSED] - Statement - msg = <not implemented yet for class: org.codehaus.groovy.ast.expr.EmptyExpression>: null

2018-09-05 18:34:17 - [TEST_STEP][PASSED] - Statement - msgSub = <not implemented yet for class: org.codehaus.groovy.ast.expr.EmptyExpression>: null

2018-09-05 18:34:17 - [TEST_STEP][PASSED] - Statement - OTP = "unavailable": null

2018-09-05 18:34:17 - [TEST_STEP][PASSED] - Statement - props = new java.util.Properties(): null

2018-09-05 18:34:17 - [TEST_STEP][PASSED] - Statement - props.setProperty("mail.imap.ssl.enable", "true"): null

2018-09-05 18:34:17 - [TEST_STEP][PASSED] - Statement - session = javax.mail.Session.getInstance(props): null

2018-09-05 18:34:17 - [TEST_STEP][PASSED] - Statement - store = <not implemented yet for class: org.codehaus.groovy.ast.expr.EmptyExpression>: null

2018-09-05 18:34:17 - [TEST_STEP][PASSED] - Statement - Try: null

2018-09-05 18:34:17 - [TEST_STEP][PASSED] - Statement - store = session.getStore("imap"): null

2018-09-05 18:34:17 - [TEST_STEP][PASSED] - Statement - store.connect(host, Email, Password): null

2018-09-05 18:34:19 - [TEST_STEP][PASSED] - Statement - emailFolder = store.getFolder("INBOX"): null

2018-09-05 18:34:19 - [TEST_STEP][PASSED] - Statement - emailFolder.open(READ_WRITE): null

2018-09-05 18:34:20 - [TEST_STEP][PASSED] - Statement - messages = emailFolder.getMessages(): null

2018-09-05 18:34:20 - [TEST_STEP][PASSED] - Statement - n = length: null

2018-09-05 18:34:20 - [TEST_STEP][PASSED] - Statement - message = messages[n - 1]: null

2018-09-05 18:34:20 - [TEST_STEP][PASSED] - Statement - msgSub = message.getSubject(): null

2018-09-05 18:34:20 - [TEST_STEP][PASSED] - Statement - If (msgSub.equals("OTP to Sign In")): null

2018-09-05 18:34:20 - [TEST_STEP][PASSED] - Statement - msg = message.getContent().toString(): null

2018-09-05 18:34:21 - [TEST_STEP][PASSED] - Statement - OTP = msg.substring(msg.length() - 7): null

2018-09-05 18:34:21 - [TEST_STEP][PASSED] - Statement - message.setFlag(DELETED, true): null

2018-09-05 18:34:21 - [TEST_STEP][PASSED] - Statement - emailFolder.close(true): null

2018-09-05 18:34:22 - [TEST_STEP][PASSED] - Statement - store.close(): null

2018-09-05 18:34:22 - [TEST_STEP][PASSED] - Statement - return OTP: null

2018-09-05 18:34:22 - [TEST_STEP][PASSED] - Statement - If (OTP.equals("unavailable")): null

2018-09-05 18:34:22 - [TEST_STEP][PASSED] - Statement - Else: Text 'o2605
' is set on object 'Object Repository/Login/OtpInput'

2018-09-05 18:34:22 - [TEST_STEP][PASSED] - setText: Text 'o2605
' is set on object 'Object Repository/Login/OtpInput'

2018-09-05 18:34:22 - [MESSAGE][PASSED] - Text 'o2605
' is set on object 'Object Repository/Login/OtpInput'

2018-09-05 18:34:22 - [TEST_STEP][PASSED] - verifyElementPresent: Object 'Object Repository/Login/afterOpenDisplay' is present

2018-09-05 18:34:23 - [MESSAGE][PASSED] - Object 'Object Repository/Login/afterOpenDisplay' is present

2018-09-05 18:34:23 - [MESSAGE][PASSED] - Call Test Case 'Test Cases/BVT/aSimple_Login' successfully

2018-09-05 18:34:23 - [TEST_STEP][PASSED] - Statement - driver = com.kms.katalon.core.webui.driver.DriverFactory.getWebDriver(): null

2018-09-05 18:34:23 - [TEST_STEP][PASSED] - click: Object: 'Object Repository/Stats/statsTab' is clicked on

2018-09-05 18:34:24 - [MESSAGE][PASSED] - Object: 'Object Repository/Stats/statsTab' is clicked on

2018-09-05 18:34:24 - [TEST_STEP][PASSED] - Statement - actualCount = driver.findElement(org.openqa.selenium.By.xpath("/html/body/div[2]/div/div/div[2]/div[2]/div[1]/div[2]/div[1]/div[2]/div[1]/div[1]")).getText(): null

2018-09-05 18:34:25 - [TEST_STEP][PASSED] - Statement - previousCountValue = java.lang.Integer.parseInt(actualCount): null

2018-09-05 18:34:25 - [TEST_STEP][PASSED] - Statement - println("count :" + previousCountValue): null

2018-09-05 18:34:25 - [TEST_STEP][PASSED] - Statement - actualLinkCount = driver.findElement(org.openqa.selenium.By.xpath("/html/body/div[2]/div/div/div[2]/div[2]/div[1]/div[2]/div[1]/div[2]/div[3]/div[1]")).getText(): null

2018-09-05 18:34:25 - [TEST_STEP][PASSED] - Statement - previousLinkOpenCountValue = java.lang.Integer.parseInt(actualLinkCount): null

2018-09-05 18:34:25 - [TEST_STEP][PASSED] - Statement - println("count :" + previousLinkOpenCountValue): null

2018-09-05 18:34:25 - [TEST_STEP][PASSED] - Statement - actualViewCount = driver.findElement(org.openqa.selenium.By.xpath("/html/body/div[2]/div/div/div[2]/div[2]/div[1]/div[2]/div[1]/div[2]/div[2]/div[1]")).getText(): null

2018-09-05 18:34:25 - [TEST_STEP][PASSED] - Statement - previousLinkOpenViewCountValue = java.lang.Integer.parseInt(actualViewCount): null

2018-09-05 18:34:25 - [TEST_STEP][PASSED] - Statement - println("count :" + previousLinkOpenViewCountValue): null

2018-09-05 18:34:25 - [TEST_STEP][PASSED] - click: Object: 'Object Repository/Dashboard_Link Generator/linkgeneratorIcon' is clicked on

2018-09-05 18:34:25 - [MESSAGE][PASSED] - Object: 'Object Repository/Dashboard_Link Generator/linkgeneratorIcon' is clicked on

2018-09-05 18:34:25 - [TEST_STEP][PASSED] - click: Object: 'Object Repository/Public Links/publicLinkTab' is clicked on

2018-09-05 18:34:26 - [MESSAGE][PASSED] - Object: 'Object Repository/Public Links/publicLinkTab' is clicked on

2018-09-05 18:34:26 - [TEST_STEP][PASSED] - delay: Delayed 3 second(s)

2018-09-05 18:34:29 - [MESSAGE][PASSED] - Delayed 3 second(s)

2018-09-05 18:34:29 - [TEST_STEP][PASSED] - Statement - x = CustomKeywords.newPackage.newKeyword.randomString(3).toLowerCase(): newPackage.newKeyword.randomString is PASSED

2018-09-05 18:34:29 - [MESSAGE][PASSED] - newPackage.newKeyword.randomString is PASSED

2018-09-05 18:34:29 - [TEST_STEP][PASSED] - Statement - teamMeberName = x: null

2018-09-05 18:34:29 - [TEST_STEP][PASSED] - setText: Text 'bf9a' is set on object 'Object Repository/Public Links/PubLinkWithTag'

2018-09-05 18:34:29 - [MESSAGE][PASSED] - Text 'bf9a' is set on object 'Object Repository/Public Links/PubLinkWithTag'

2018-09-05 18:34:29 - [TEST_STEP][PASSED] - click: Object: 'Object Repository/Public Links/GetLink' is clicked on

2018-09-05 18:34:29 - [MESSAGE][PASSED] - Object: 'Object Repository/Public Links/GetLink' is clicked on

2018-09-05 18:34:29 - [TEST_STEP][PASSED] - Statement - getLink = com.kms.katalon.core.webui.keyword.WebUiBuiltInKeywords.getAttribute(com.kms.katalon.core.testobject.ObjectRepository.findTestObject(Dashboard_Link Generator/input_link-text), "value"): Attribute 'value' of object 'Object Repository/Dashboard_Link Generator/input_link-text' is: 'https://dev.vcalling.in/url/UAT/?id=UAT_publicLink-85&p=t'

2018-09-05 18:34:30 - [MESSAGE][PASSED] - Attribute 'value' of object 'Object Repository/Dashboard_Link Generator/input_link-text' is: 'https://dev.vcalling.in/url/UAT/?id=UAT_publicLink-85&p=t'

2018-09-05 18:34:30 - [TEST_STEP][PASSED] - Statement - println(getLink): null

2018-09-05 18:34:30 - [TEST_STEP][PASSED] - click: Object: 'Object Repository/Dashboard_Link Generator/copyLink' is clicked on

2018-09-05 18:34:30 - [MESSAGE][PASSED] - Object: 'Object Repository/Dashboard_Link Generator/copyLink' is clicked on

2018-09-05 18:34:30 - [TEST_STEP][PASSED] - delay: Delayed 2 second(s)

2018-09-05 18:34:32 - [MESSAGE][PASSED] - Delayed 2 second(s)

2018-09-05 18:34:32 - [TEST_STEP][PASSED] - Statement - js = driver: null

2018-09-05 18:34:32 - [TEST_STEP][PASSED] - Statement - js.executeScript("window.open();"): null

2018-09-05 18:34:32 - [TEST_STEP][PASSED] - Statement - currentWindow = com.kms.katalon.core.webui.keyword.WebUiBuiltInKeywords.getWindowIndex(): Current window's index is: 0

2018-09-05 18:34:32 - [MESSAGE][PASSED] - Current window's index is: 0

2018-09-05 18:34:32 - [TEST_STEP][PASSED] - switchToWindowIndex: Switched to window with index: '1'

2018-09-05 18:34:32 - [MESSAGE][PASSED] - Switched to window with index: '1'

2018-09-05 18:34:32 - [TEST_STEP][PASSED] - navigateToUrl: Navigate to 'https://dev.vcalling.in/url/UAT/?id=UAT_publicLink-85&p=t' successfully

2018-09-05 18:34:35 - [MESSAGE][PASSED] - Navigate to 'https://dev.vcalling.in/url/UAT/?id=UAT_publicLink-85&p=t' successfully

2018-09-05 18:34:35 - [TEST_STEP][PASSED] - Statement - start = java.lang.System.currentTimeMillis(): null

2018-09-05 18:34:35 - [TEST_STEP][PASSED] - Statement - println("start browser time :" + start): null

2018-09-05 18:34:35 - [TEST_STEP][PASSED] - Statement - currentTab = com.kms.katalon.core.webui.keyword.WebUiBuiltInKeywords.getWindowIndex(): Current window's index is: 1

2018-09-05 18:34:35 - [MESSAGE][PASSED] - Current window's index is: 1

2018-09-05 18:34:35 - [TEST_STEP][PASSED] - Statement - nameUser = CustomKeywords.newPackage.newKeyword.randomString(3).toLowerCase(): newPackage.newKeyword.randomString is PASSED

2018-09-05 18:34:35 - [MESSAGE][PASSED] - newPackage.newKeyword.randomString is PASSED

2018-09-05 18:34:35 - [TEST_STEP][PASSED] - Statement - teamMeberName = nameUser: null

2018-09-05 18:34:35 - [TEST_STEP][PASSED] - setText: Text 'fls' is set on object 'Object Repository/publicLinkGenerator/name'

2018-09-05 18:34:37 - [MESSAGE][PASSED] - Text 'fls' is set on object 'Object Repository/publicLinkGenerator/name'

2018-09-05 18:34:37 - [TEST_STEP][PASSED] - setText: Text 'fls' is set on object 'Object Repository/PublicCustomer/callOnlyCustName'

2018-09-05 18:34:38 - [MESSAGE][PASSED] - Text 'fls' is set on object 'Object Repository/PublicCustomer/callOnlyCustName'

2018-09-05 18:34:38 - [TEST_STEP][PASSED] - click: Object: 'Object Repository/PublicCustomer/callOnlyNextButton' is clicked on

2018-09-05 18:34:38 - [MESSAGE][PASSED] - Object: 'Object Repository/PublicCustomer/callOnlyNextButton' is clicked on

2018-09-05 18:34:38 - [TEST_STEP][PASSED] - setText: Text 'EQERWbEhFa@gmail.com' is set on object 'Object Repository/PublicCustomer/callOnlyEmail'

2018-09-05 18:34:38 - [MESSAGE][PASSED] - newPackage.newKeyword.randomString is PASSED

2018-09-05 18:34:39 - [MESSAGE][PASSED] - Text 'EQERWbEhFa@gmail.com' is set on object 'Object Repository/PublicCustomer/callOnlyEmail'

2018-09-05 18:34:39 - [TEST_STEP][PASSED] - click: Object: 'Object Repository/PublicCustomer/doneButton' is clicked on

2018-09-05 18:34:39 - [MESSAGE][PASSED] - Object: 'Object Repository/PublicCustomer/doneButton' is clicked on

2018-09-05 18:34:39 - [TEST_STEP][PASSED] - click: Object: 'Object Repository/timeSpentOnlink/stepInsideButton' is clicked on

2018-09-05 18:34:39 - [MESSAGE][PASSED] - Object: 'Object Repository/timeSpentOnlink/stepInsideButton' is clicked on

2018-09-05 18:34:39 - [TEST_STEP][PASSED] - delay: Delayed 9 second(s)

2018-09-05 18:34:48 - [MESSAGE][PASSED] - Delayed 9 second(s)

2018-09-05 18:34:48 - [TEST_STEP][PASSED] - switchToWindowIndex: Switched to window with index: '0'

2018-09-05 18:34:48 - [MESSAGE][PASSED] - Switched to window with index: '0'

2018-09-05 18:34:48 - [TEST_STEP][PASSED] - refresh: Refresh successfully

2018-09-05 18:34:48 - [MESSAGE][PASSED] - Refresh successfully

2018-09-05 18:34:48 - [TEST_STEP][PASSED] - acceptAlert: Alert accepted

2018-09-05 18:34:48 - [MESSAGE][PASSED] - Alert accepted

2018-09-05 18:34:48 - [TEST_STEP][PASSED] - click: Object: 'Object Repository/Stats/statsTab' is clicked on

2018-09-05 18:34:54 - [MESSAGE][PASSED] - Object: 'Object Repository/Stats/statsTab' is clicked on

2018-09-05 18:34:54 - [TEST_STEP][PASSED] - delay: Delayed 20 second(s)

2018-09-05 18:35:14 - [MESSAGE][PASSED] - Delayed 20 second(s)

2018-09-05 18:35:14 - [TEST_STEP][PASSED] - Statement - increaseCount = driver.findElement(org.openqa.selenium.By.xpath("/html/body/div[2]/div/div/div[2]/div[2]/div[1]/div[2]/div[1]/div[2]/div[1]/div[1]")).getText(): null

2018-09-05 18:35:14 - [TEST_STEP][PASSED] - Statement - println("countForms :" + increaseCount): null

2018-09-05 18:35:14 - [TEST_STEP][PASSED] - Statement - newCountValue = java.lang.Integer.parseInt(increaseCount): null

2018-09-05 18:35:14 - [TEST_STEP][PASSED] - Statement - If (newCountValue == previousCountValue + 1): null

2018-09-05 18:35:14 - [TEST_STEP][PASSED] - Statement - println("success"): null

2018-09-05 18:35:14 - [TEST_STEP][PASSED] - Statement - increaseOpenLinkCount = driver.findElement(org.openqa.selenium.By.xpath("/html/body/div[2]/div/div/div[2]/div[2]/div[1]/div[2]/div[1]/div[2]/div[3]/div[1]")).getText(): null

2018-09-05 18:35:14 - [TEST_STEP][PASSED] - Statement - println("countForms :" + increaseOpenLinkCount): null

2018-09-05 18:35:14 - [TEST_STEP][PASSED] - Statement - newCountopenLinkValue = java.lang.Integer.parseInt(increaseOpenLinkCount): null

2018-09-05 18:35:14 - [TEST_STEP][PASSED] - Statement - If (newCountopenLinkValue == previousLinkOpenCountValue + 1): null

2018-09-05 18:35:14 - [TEST_STEP][PASSED] - Statement - println("success"): null

2018-09-05 18:35:14 - [TEST_STEP][PASSED] - Statement - increaseViewCount = driver.findElement(org.openqa.selenium.By.xpath("/html/body/div[2]/div/div/div[2]/div[2]/div[1]/div[2]/div[1]/div[2]/div[2]/div[1]")).getText(): null

2018-09-05 18:35:14 - [TEST_STEP][PASSED] - Statement - println("countForms :" + increaseViewCount): null

2018-09-05 18:35:14 - [TEST_STEP][PASSED] - Statement - newViewCountValue = java.lang.Integer.parseInt(increaseViewCount): null

2018-09-05 18:35:14 - [TEST_STEP][PASSED] - Statement - If (newViewCountValue == previousLinkOpenViewCountValue + 1): null

2018-09-05 18:35:14 - [TEST_STEP][PASSED] - Statement - println("success"): null]]></system-out>
         <system-err><![CDATA[]]></system-err>
      </testcase>
      <testcase name="Test Cases/completed/TestCase7_Stats/publicLinkOpened" classname="Test Cases/completed/TestCase7_Stats/publicLinkOpened" status="FAILED">
         <failure type="FAILED" message="Unable to click on object 'Object Repository/Public Links/GetLink' (Root cause: com.kms.katalon.core.webui.exception.WebElementNotFoundException: Web element with id: 'Object Repository/Public Links/GetLink' located by 'By.xpath: /html/body/div[2]/div/div/div[2]/div[2]/div[2]/div/div[2]/div[4]/div[2][count(. | //div[@class = 'link-generator-btn btn-get-link']) = count(//div[@class = 'link-generator-btn btn-get-link'])]' not found)"/>
         <system-out><![CDATA[2018-09-05 18:35:14 - [TEST_CASE][FAILED] - Test Cases/completed/TestCase7_Stats/publicLinkOpened: Test Cases/completed/TestCase7_Stats/publicLinkOpened FAILED because (of) Unable to click on object 'Object Repository/Public Links/GetLink' (Root cause: com.kms.katalon.core.webui.exception.WebElementNotFoundException: Web element with id: 'Object Repository/Public Links/GetLink' located by 'By.xpath: /html/body/div[2]/div/div/div[2]/div[2]/div[2]/div/div[2]/div[4]/div[2][count(. | //div[@class = 'link-generator-btn btn-get-link']) = count(//div[@class = 'link-generator-btn btn-get-link'])]' not found)

2018-09-05 18:35:15 - [TEST_STEP][PASSED] - callTestCase: Call Test Case 'Test Cases/BVT/aSimple_Login' successfully

2018-09-05 18:35:15 - [TEST_CASE][PASSED] - Test Cases/BVT/aSimple_Login: Test Cases/BVT/aSimple_Login

2018-09-05 18:35:15 - [TEST_STEP][PASSED] - openBrowser: Browser is opened with url: ''

2018-09-05 18:35:15 - [MESSAGE][WARNING] - A browser is already opened. Closing browser and opening a new one

2018-09-05 18:35:18 - [MESSAGE][PASSED] - Browser is opened with url: ''

2018-09-05 18:35:18 - [TEST_STEP][PASSED] - maximizeWindow: Current window maximized

2018-09-05 18:35:19 - [MESSAGE][PASSED] - Current window maximized

2018-09-05 18:35:19 - [TEST_STEP][PASSED] - navigateToUrl: Navigate to 'https://dev.vcalling.in/enterprises/UAT/Dashboard/index.html' successfully

2018-09-05 18:35:23 - [MESSAGE][PASSED] - Navigate to 'https://dev.vcalling.in/enterprises/UAT/Dashboard/index.html' successfully

2018-09-05 18:35:23 - [TEST_STEP][PASSED] - setText: Text 'testing4dea@gmail.com' is set on object 'Object Repository/Login/UserId'

2018-09-05 18:35:23 - [MESSAGE][PASSED] - Text 'testing4dea@gmail.com' is set on object 'Object Repository/Login/UserId'

2018-09-05 18:35:23 - [TEST_STEP][PASSED] - click: Object: 'Object Repository/Login/div_GET OTP' is clicked on

2018-09-05 18:35:24 - [MESSAGE][PASSED] - Object: 'Object Repository/Login/div_GET OTP' is clicked on

2018-09-05 18:35:24 - [TEST_STEP][PASSED] - waitForElementPresent: Object 'Object Repository/Login/div_SUBMIT' is present

2018-09-05 18:35:25 - [MESSAGE][PASSED] - Object 'Object Repository/Login/div_SUBMIT' is present

2018-09-05 18:35:25 - [TEST_STEP][PASSED] - Statement - If (com.kms.katalon.core.webui.keyword.WebUiBuiltInKeywords.verifyElementNotPresent(com.kms.katalon.core.testobject.ObjectRepository.findTestObject(Login/div_SUBMIT), 5, OPTIONAL)): Web element with id: 'Object Repository/Login/div_SUBMIT' located by 'By.xpath: //div[(text() = ' SUBMIT ' or . = ' SUBMIT ')]' is present after '5' second(s)

2018-09-05 18:35:31 - [MESSAGE][WARNING] - Web element with id: 'Object Repository/Login/div_SUBMIT' located by 'By.xpath: //div[(text() = ' SUBMIT ' or . = ' SUBMIT ')]' is present after '5' second(s)
[[ATTACHMENT|C:\\Users\\User\\Desktop\\Katalon Studio\\Katalon Studio\\vCallingDashboard\\Reports\\RegressionSuite\\20180905_175530\\1536152730955.png]]

2018-09-05 18:35:31 - [TEST_STEP][PASSED] - Statement - sleep(5000): null

2018-09-05 18:35:36 - [TEST_STEP][PASSED] - Statement - OTP = getOTP(): null

2018-09-05 18:35:36 - [TEST_STEP][PASSED] - Statement - host = "imap.gmail.com": null

2018-09-05 18:35:36 - [TEST_STEP][PASSED] - Statement - msg = <not implemented yet for class: org.codehaus.groovy.ast.expr.EmptyExpression>: null

2018-09-05 18:35:36 - [TEST_STEP][PASSED] - Statement - msgSub = <not implemented yet for class: org.codehaus.groovy.ast.expr.EmptyExpression>: null

2018-09-05 18:35:36 - [TEST_STEP][PASSED] - Statement - OTP = "unavailable": null

2018-09-05 18:35:36 - [TEST_STEP][PASSED] - Statement - props = new java.util.Properties(): null

2018-09-05 18:35:36 - [TEST_STEP][PASSED] - Statement - props.setProperty("mail.imap.ssl.enable", "true"): null

2018-09-05 18:35:36 - [TEST_STEP][PASSED] - Statement - session = javax.mail.Session.getInstance(props): null

2018-09-05 18:35:36 - [TEST_STEP][PASSED] - Statement - store = <not implemented yet for class: org.codehaus.groovy.ast.expr.EmptyExpression>: null

2018-09-05 18:35:36 - [TEST_STEP][PASSED] - Statement - Try: null

2018-09-05 18:35:36 - [TEST_STEP][PASSED] - Statement - store = session.getStore("imap"): null

2018-09-05 18:35:36 - [TEST_STEP][PASSED] - Statement - store.connect(host, Email, Password): null

2018-09-05 18:35:38 - [TEST_STEP][PASSED] - Statement - emailFolder = store.getFolder("INBOX"): null

2018-09-05 18:35:38 - [TEST_STEP][PASSED] - Statement - emailFolder.open(READ_WRITE): null

2018-09-05 18:35:38 - [TEST_STEP][PASSED] - Statement - messages = emailFolder.getMessages(): null

2018-09-05 18:35:38 - [TEST_STEP][PASSED] - Statement - n = length: null

2018-09-05 18:35:38 - [TEST_STEP][PASSED] - Statement - message = messages[n - 1]: null

2018-09-05 18:35:38 - [TEST_STEP][PASSED] - Statement - msgSub = message.getSubject(): null

2018-09-05 18:35:38 - [TEST_STEP][PASSED] - Statement - If (msgSub.equals("OTP to Sign In")): null

2018-09-05 18:35:38 - [TEST_STEP][PASSED] - Statement - msg = message.getContent().toString(): null

2018-09-05 18:35:39 - [TEST_STEP][PASSED] - Statement - OTP = msg.substring(msg.length() - 7): null

2018-09-05 18:35:39 - [TEST_STEP][PASSED] - Statement - message.setFlag(DELETED, true): null

2018-09-05 18:35:40 - [TEST_STEP][PASSED] - Statement - emailFolder.close(true): null

2018-09-05 18:35:40 - [TEST_STEP][PASSED] - Statement - store.close(): null

2018-09-05 18:35:40 - [TEST_STEP][PASSED] - Statement - return OTP: null

2018-09-05 18:35:40 - [TEST_STEP][PASSED] - Statement - If (OTP.equals("unavailable")): null

2018-09-05 18:35:40 - [TEST_STEP][PASSED] - Statement - Else: Text 's6649
' is set on object 'Object Repository/Login/OtpInput'

2018-09-05 18:35:40 - [TEST_STEP][PASSED] - setText: Text 's6649
' is set on object 'Object Repository/Login/OtpInput'

2018-09-05 18:35:41 - [MESSAGE][PASSED] - Text 's6649
' is set on object 'Object Repository/Login/OtpInput'

2018-09-05 18:35:41 - [TEST_STEP][PASSED] - verifyElementPresent: Object 'Object Repository/Login/afterOpenDisplay' is present

2018-09-05 18:35:42 - [MESSAGE][PASSED] - Object 'Object Repository/Login/afterOpenDisplay' is present

2018-09-05 18:35:42 - [MESSAGE][PASSED] - Call Test Case 'Test Cases/BVT/aSimple_Login' successfully

2018-09-05 18:35:42 - [TEST_STEP][PASSED] - Statement - driver = com.kms.katalon.core.webui.driver.DriverFactory.getWebDriver(): null

2018-09-05 18:35:42 - [TEST_STEP][PASSED] - click: Object: 'Object Repository/Stats/statsTab' is clicked on

2018-09-05 18:35:42 - [MESSAGE][PASSED] - Object: 'Object Repository/Stats/statsTab' is clicked on

2018-09-05 18:35:42 - [TEST_STEP][PASSED] - Statement - preCustomerLinkCount = driver.findElement(org.openqa.selenium.By.xpath("/html/body/div[2]/div/div/div[2]/div[2]/div[1]/div[2]/div[1]/div[4]/div[1]/div[1]")).getText(): null

2018-09-05 18:35:43 - [TEST_STEP][PASSED] - Statement - previousLinkGeneratedCountValue = java.lang.Integer.parseInt(preCustomerLinkCount): null

2018-09-05 18:35:43 - [TEST_STEP][PASSED] - Statement - println("count :" + previousLinkGeneratedCountValue): null

2018-09-05 18:35:43 - [TEST_STEP][PASSED] - Statement - preCustomerOpenLinkCount = driver.findElement(org.openqa.selenium.By.xpath("/html/body/div[2]/div/div/div[2]/div[2]/div[1]/div[2]/div[1]/div[4]/div[2]/div[1]")).getText(): null

2018-09-05 18:35:43 - [TEST_STEP][PASSED] - Statement - previousOpenedLinkCountValue = java.lang.Integer.parseInt(preCustomerOpenLinkCount): null

2018-09-05 18:35:43 - [TEST_STEP][PASSED] - Statement - println("count :" + previousOpenedLinkCountValue): null

2018-09-05 18:35:43 - [TEST_STEP][PASSED] - click: Object: 'Object Repository/Dashboard_Link Generator/linkgeneratorIcon' is clicked on

2018-09-05 18:35:43 - [MESSAGE][PASSED] - Object: 'Object Repository/Dashboard_Link Generator/linkgeneratorIcon' is clicked on

2018-09-05 18:35:43 - [TEST_STEP][PASSED] - click: Object: 'Object Repository/Public Links/publicLinkTab' is clicked on

2018-09-05 18:35:44 - [MESSAGE][PASSED] - Object: 'Object Repository/Public Links/publicLinkTab' is clicked on

2018-09-05 18:35:44 - [TEST_STEP][PASSED] - delay: Delayed 3 second(s)

2018-09-05 18:35:47 - [MESSAGE][PASSED] - Delayed 3 second(s)

2018-09-05 18:35:47 - [TEST_STEP][PASSED] - Statement - x = CustomKeywords.newPackage.newKeyword.randomString(3).toLowerCase(): newPackage.newKeyword.randomString is PASSED

2018-09-05 18:35:47 - [MESSAGE][PASSED] - newPackage.newKeyword.randomString is PASSED

2018-09-05 18:35:47 - [TEST_STEP][PASSED] - Statement - teamMeberName = x: null

2018-09-05 18:35:47 - [TEST_STEP][PASSED] - setText: Text 'mbaa' is set on object 'Object Repository/Public Links/PubLinkWithTag'

2018-09-05 18:35:47 - [MESSAGE][PASSED] - Text 'mbaa' is set on object 'Object Repository/Public Links/PubLinkWithTag'

2018-09-05 18:35:47 - [TEST_STEP][FAILED] - click: Unable to click on object 'Object Repository/Public Links/GetLink' (Root cause: com.kms.katalon.core.webui.exception.WebElementNotFoundException: Web element with id: 'Object Repository/Public Links/GetLink' located by 'By.xpath: /html/body/div[2]/div/div/div[2]/div[2]/div[2]/div/div[2]/div[4]/div[2][count(. | //div[@class = 'link-generator-btn btn-get-link']) = count(//div[@class = 'link-generator-btn btn-get-link'])]' not found)

2018-09-05 18:36:19 - [MESSAGE][FAILED] - Unable to click on object 'Object Repository/Public Links/GetLink' (Root cause: com.kms.katalon.core.webui.exception.WebElementNotFoundException: Web element with id: 'Object Repository/Public Links/GetLink' located by 'By.xpath: /html/body/div[2]/div/div/div[2]/div[2]/div[2]/div/div[2]/div[4]/div[2][count(. | //div[@class = 'link-generator-btn btn-get-link']) = count(//div[@class = 'link-generator-btn btn-get-link'])]' not found)
[[ATTACHMENT|C:\\Users\\User\\Desktop\\Katalon Studio\\Katalon Studio\\vCallingDashboard\\Reports\\RegressionSuite\\20180905_175530\\1536152779053.png]]]]></system-out>
         <system-err><![CDATA[2018-09-05 18:35:14 - [TEST_CASE][FAILED] - Test Cases/completed/TestCase7_Stats/publicLinkOpened: Test Cases/completed/TestCase7_Stats/publicLinkOpened FAILED because (of) Unable to click on object 'Object Repository/Public Links/GetLink' (Root cause: com.kms.katalon.core.webui.exception.WebElementNotFoundException: Web element with id: 'Object Repository/Public Links/GetLink' located by 'By.xpath: /html/body/div[2]/div/div/div[2]/div[2]/div[2]/div/div[2]/div[4]/div[2][count(. | //div[@class = 'link-generator-btn btn-get-link']) = count(//div[@class = 'link-generator-btn btn-get-link'])]' not found)]]></system-err>
      </testcase>
      <testcase name="Test Cases/completed/TestCase7_Stats/timeSpendOutBoundlink" classname="Test Cases/completed/TestCase7_Stats/timeSpendOutBoundlink" status="PASSED">
         <system-out><![CDATA[2018-09-05 18:36:19 - [TEST_CASE][PASSED] - Test Cases/completed/TestCase7_Stats/timeSpendOutBoundlink: Test Cases/completed/TestCase7_Stats/timeSpendOutBoundlink

2018-09-05 18:36:19 - [TEST_STEP][PASSED] - callTestCase: Call Test Case 'Test Cases/BVT/aSimple_Login' successfully

2018-09-05 18:36:19 - [TEST_CASE][PASSED] - Test Cases/BVT/aSimple_Login: Test Cases/BVT/aSimple_Login

2018-09-05 18:36:19 - [TEST_STEP][PASSED] - openBrowser: Browser is opened with url: ''

2018-09-05 18:36:19 - [MESSAGE][WARNING] - A browser is already opened. Closing browser and opening a new one

2018-09-05 18:36:23 - [MESSAGE][PASSED] - Browser is opened with url: ''

2018-09-05 18:36:23 - [TEST_STEP][PASSED] - maximizeWindow: Current window maximized

2018-09-05 18:36:24 - [MESSAGE][PASSED] - Current window maximized

2018-09-05 18:36:24 - [TEST_STEP][PASSED] - navigateToUrl: Navigate to 'https://dev.vcalling.in/enterprises/UAT/Dashboard/index.html' successfully

2018-09-05 18:36:28 - [MESSAGE][PASSED] - Navigate to 'https://dev.vcalling.in/enterprises/UAT/Dashboard/index.html' successfully

2018-09-05 18:36:28 - [TEST_STEP][PASSED] - setText: Text 'testing4dea@gmail.com' is set on object 'Object Repository/Login/UserId'

2018-09-05 18:36:30 - [MESSAGE][PASSED] - Text 'testing4dea@gmail.com' is set on object 'Object Repository/Login/UserId'

2018-09-05 18:36:30 - [TEST_STEP][PASSED] - click: Object: 'Object Repository/Login/div_GET OTP' is clicked on

2018-09-05 18:36:31 - [MESSAGE][PASSED] - Object: 'Object Repository/Login/div_GET OTP' is clicked on

2018-09-05 18:36:31 - [TEST_STEP][PASSED] - waitForElementPresent: Object 'Object Repository/Login/div_SUBMIT' is present

2018-09-05 18:36:32 - [MESSAGE][PASSED] - Object 'Object Repository/Login/div_SUBMIT' is present

2018-09-05 18:36:32 - [TEST_STEP][PASSED] - Statement - If (com.kms.katalon.core.webui.keyword.WebUiBuiltInKeywords.verifyElementNotPresent(com.kms.katalon.core.testobject.ObjectRepository.findTestObject(Login/div_SUBMIT), 5, OPTIONAL)): Web element with id: 'Object Repository/Login/div_SUBMIT' located by 'By.xpath: //div[(text() = ' SUBMIT ' or . = ' SUBMIT ')]' is present after '5' second(s)

2018-09-05 18:36:38 - [MESSAGE][WARNING] - Web element with id: 'Object Repository/Login/div_SUBMIT' located by 'By.xpath: //div[(text() = ' SUBMIT ' or . = ' SUBMIT ')]' is present after '5' second(s)
[[ATTACHMENT|C:\\Users\\User\\Desktop\\Katalon Studio\\Katalon Studio\\vCallingDashboard\\Reports\\RegressionSuite\\20180905_175530\\1536152797938.png]]

2018-09-05 18:36:38 - [TEST_STEP][PASSED] - Statement - sleep(5000): null

2018-09-05 18:36:43 - [TEST_STEP][PASSED] - Statement - OTP = getOTP(): null

2018-09-05 18:36:43 - [TEST_STEP][PASSED] - Statement - host = "imap.gmail.com": null

2018-09-05 18:36:43 - [TEST_STEP][PASSED] - Statement - msg = <not implemented yet for class: org.codehaus.groovy.ast.expr.EmptyExpression>: null

2018-09-05 18:36:43 - [TEST_STEP][PASSED] - Statement - msgSub = <not implemented yet for class: org.codehaus.groovy.ast.expr.EmptyExpression>: null

2018-09-05 18:36:43 - [TEST_STEP][PASSED] - Statement - OTP = "unavailable": null

2018-09-05 18:36:43 - [TEST_STEP][PASSED] - Statement - props = new java.util.Properties(): null

2018-09-05 18:36:43 - [TEST_STEP][PASSED] - Statement - props.setProperty("mail.imap.ssl.enable", "true"): null

2018-09-05 18:36:43 - [TEST_STEP][PASSED] - Statement - session = javax.mail.Session.getInstance(props): null

2018-09-05 18:36:43 - [TEST_STEP][PASSED] - Statement - store = <not implemented yet for class: org.codehaus.groovy.ast.expr.EmptyExpression>: null

2018-09-05 18:36:43 - [TEST_STEP][PASSED] - Statement - Try: null

2018-09-05 18:36:43 - [TEST_STEP][PASSED] - Statement - store = session.getStore("imap"): null

2018-09-05 18:36:43 - [TEST_STEP][PASSED] - Statement - store.connect(host, Email, Password): null

2018-09-05 18:36:45 - [TEST_STEP][PASSED] - Statement - emailFolder = store.getFolder("INBOX"): null

2018-09-05 18:36:45 - [TEST_STEP][PASSED] - Statement - emailFolder.open(READ_WRITE): null

2018-09-05 18:36:45 - [TEST_STEP][PASSED] - Statement - messages = emailFolder.getMessages(): null

2018-09-05 18:36:45 - [TEST_STEP][PASSED] - Statement - n = length: null

2018-09-05 18:36:45 - [TEST_STEP][PASSED] - Statement - message = messages[n - 1]: null

2018-09-05 18:36:45 - [TEST_STEP][PASSED] - Statement - msgSub = message.getSubject(): null

2018-09-05 18:36:45 - [TEST_STEP][PASSED] - Statement - If (msgSub.equals("OTP to Sign In")): null

2018-09-05 18:36:45 - [TEST_STEP][PASSED] - Statement - msg = message.getContent().toString(): null

2018-09-05 18:36:46 - [TEST_STEP][PASSED] - Statement - OTP = msg.substring(msg.length() - 7): null

2018-09-05 18:36:46 - [TEST_STEP][PASSED] - Statement - message.setFlag(DELETED, true): null

2018-09-05 18:36:47 - [TEST_STEP][PASSED] - Statement - emailFolder.close(true): null

2018-09-05 18:36:47 - [TEST_STEP][PASSED] - Statement - store.close(): null

2018-09-05 18:36:47 - [TEST_STEP][PASSED] - Statement - return OTP: null

2018-09-05 18:36:47 - [TEST_STEP][PASSED] - Statement - If (OTP.equals("unavailable")): null

2018-09-05 18:36:47 - [TEST_STEP][PASSED] - Statement - Else: Text 'k8383
' is set on object 'Object Repository/Login/OtpInput'

2018-09-05 18:36:47 - [TEST_STEP][PASSED] - setText: Text 'k8383
' is set on object 'Object Repository/Login/OtpInput'

2018-09-05 18:36:47 - [MESSAGE][PASSED] - Text 'k8383
' is set on object 'Object Repository/Login/OtpInput'

2018-09-05 18:36:47 - [TEST_STEP][PASSED] - verifyElementPresent: Object 'Object Repository/Login/afterOpenDisplay' is present

2018-09-05 18:36:49 - [MESSAGE][PASSED] - Object 'Object Repository/Login/afterOpenDisplay' is present

2018-09-05 18:36:49 - [MESSAGE][PASSED] - Call Test Case 'Test Cases/BVT/aSimple_Login' successfully

2018-09-05 18:36:49 - [TEST_STEP][PASSED] - Statement - driver = com.kms.katalon.core.webui.driver.DriverFactory.getWebDriver(): null

2018-09-05 18:36:49 - [TEST_STEP][PASSED] - click: Object: 'Object Repository/Stats/statsTab' is clicked on

2018-09-05 18:36:49 - [MESSAGE][PASSED] - Object: 'Object Repository/Stats/statsTab' is clicked on

2018-09-05 18:36:49 - [TEST_STEP][PASSED] - Statement - currentTime = driver.findElement(org.openqa.selenium.By.xpath("/html/body/div[2]/div/div/div[2]/div[2]/div[1]/div[2]/div[1]/div[6]/div[3]/div[1]")).getText(): null

2018-09-05 18:36:49 - [TEST_STEP][PASSED] - Statement - println("count :" + currentTime): null

2018-09-05 18:36:49 - [TEST_STEP][PASSED] - Statement - varX = currentTime.split(" "): null

2018-09-05 18:36:49 - [TEST_STEP][PASSED] - Statement - Hours = varX[0].replace("H", ""): null

2018-09-05 18:36:49 - [TEST_STEP][PASSED] - Statement - varY = currentTime.split(" "): null

2018-09-05 18:36:49 - [TEST_STEP][PASSED] - Statement - Minutes = varY[1].replace("M", ""): null

2018-09-05 18:36:49 - [TEST_STEP][PASSED] - Statement - currentTimehours = java.lang.Integer.parseInt(Hours): null

2018-09-05 18:36:49 - [TEST_STEP][PASSED] - Statement - println(currentTimehours): null

2018-09-05 18:36:49 - [TEST_STEP][PASSED] - Statement - currentTimeMin = java.lang.Integer.parseInt(Minutes): null

2018-09-05 18:36:49 - [TEST_STEP][PASSED] - Statement - println(currentTimeMin): null

2018-09-05 18:36:49 - [TEST_STEP][PASSED] - callTestCase: Call Test Case 'Test Cases/commonFunctionality/linkLogCreation' successfully

2018-09-05 18:36:50 - [TEST_CASE][PASSED] - Test Cases/commonFunctionality/linkLogCreation: Test Cases/commonFunctionality/linkLogCreation

2018-09-05 18:36:50 - [TEST_STEP][PASSED] - Statement - driver = com.kms.katalon.core.webui.driver.DriverFactory.getWebDriver(): null

2018-09-05 18:36:50 - [TEST_STEP][PASSED] - click: Object: 'Object Repository/Dashboard_Link Generator/linkgeneratorIcon' is clicked on

2018-09-05 18:36:50 - [MESSAGE][PASSED] - Object: 'Object Repository/Dashboard_Link Generator/linkgeneratorIcon' is clicked on

2018-09-05 18:36:50 - [TEST_STEP][PASSED] - Statement - x = CustomKeywords.newPackage.newKeyword.randomString(3).toLowerCase(): newPackage.newKeyword.randomString is PASSED

2018-09-05 18:36:50 - [MESSAGE][PASSED] - newPackage.newKeyword.randomString is PASSED

2018-09-05 18:36:50 - [TEST_STEP][PASSED] - Statement - teamMeberName = x: null

2018-09-05 18:36:50 - [TEST_STEP][PASSED] - setText: Text 'peo' is set on object 'Object Repository/AddTeamMemberDashboard/name'

2018-09-05 18:36:51 - [MESSAGE][PASSED] - Text 'peo' is set on object 'Object Repository/AddTeamMemberDashboard/name'

2018-09-05 18:36:51 - [TEST_STEP][PASSED] - setText: Text 'CPfXxcR0r9@gmail.com' is set on object 'Object Repository/AddTeamMemberDashboard/email'

2018-09-05 18:36:51 - [MESSAGE][PASSED] - newPackage.newKeyword.randomString is PASSED

2018-09-05 18:36:52 - [MESSAGE][PASSED] - Text 'CPfXxcR0r9@gmail.com' is set on object 'Object Repository/AddTeamMemberDashboard/email'

2018-09-05 18:36:52 - [TEST_STEP][PASSED] - Statement - number = CustomKeywords.phoneNumbers.contactNumbers.randomString(9): phoneNumbers.contactNumbers.randomString is PASSED

2018-09-05 18:36:52 - [MESSAGE][PASSED] - phoneNumbers.contactNumbers.randomString is PASSED

2018-09-05 18:36:52 - [TEST_STEP][PASSED] - Statement - Mobile_Number = number: null

2018-09-05 18:36:52 - [TEST_STEP][PASSED] - setText: Text '1490286691' is set on object 'Object Repository/Dashboard_Link Generator/contactNumber'

2018-09-05 18:36:53 - [MESSAGE][PASSED] - Text '1490286691' is set on object 'Object Repository/Dashboard_Link Generator/contactNumber'

2018-09-05 18:36:53 - [TEST_STEP][PASSED] - setText: Text 'property' is set on object 'Object Repository/Dashboard_Link Generator/tag'

2018-09-05 18:36:54 - [MESSAGE][PASSED] - Text 'property' is set on object 'Object Repository/Dashboard_Link Generator/tag'

2018-09-05 18:36:54 - [TEST_STEP][PASSED] - click: Object: 'Object Repository/Dashboard_Link Generator/div_GET LINK' is clicked on

2018-09-05 18:36:54 - [MESSAGE][PASSED] - Object: 'Object Repository/Dashboard_Link Generator/div_GET LINK' is clicked on

2018-09-05 18:36:54 - [MESSAGE][PASSED] - Call Test Case 'Test Cases/commonFunctionality/linkLogCreation' successfully

2018-09-05 18:36:54 - [TEST_STEP][PASSED] - Statement - getLink = com.kms.katalon.core.webui.keyword.WebUiBuiltInKeywords.getAttribute(com.kms.katalon.core.testobject.ObjectRepository.findTestObject(Dashboard_Link Generator/input_link-text), "value"): Attribute 'value' of object 'Object Repository/Dashboard_Link Generator/input_link-text' is: 'https://dev.vcalling.in/url/UAT/?id=UAT-1-547'

2018-09-05 18:36:55 - [MESSAGE][PASSED] - Attribute 'value' of object 'Object Repository/Dashboard_Link Generator/input_link-text' is: 'https://dev.vcalling.in/url/UAT/?id=UAT-1-547'

2018-09-05 18:36:55 - [TEST_STEP][PASSED] - Statement - println(getLink): null

2018-09-05 18:36:55 - [TEST_STEP][PASSED] - click: Object: 'Object Repository/Dashboard_Link Generator/copyLink' is clicked on

2018-09-05 18:36:55 - [MESSAGE][PASSED] - Object: 'Object Repository/Dashboard_Link Generator/copyLink' is clicked on

2018-09-05 18:36:55 - [TEST_STEP][PASSED] - Statement - js = driver: null

2018-09-05 18:36:55 - [TEST_STEP][PASSED] - Statement - js.executeScript("window.open();"): null

2018-09-05 18:36:55 - [TEST_STEP][PASSED] - Statement - currentWindow = com.kms.katalon.core.webui.keyword.WebUiBuiltInKeywords.getWindowIndex(): Current window's index is: 0

2018-09-05 18:36:55 - [MESSAGE][PASSED] - Current window's index is: 0

2018-09-05 18:36:55 - [TEST_STEP][PASSED] - switchToWindowIndex: Switched to window with index: '1'

2018-09-05 18:36:55 - [MESSAGE][PASSED] - Switched to window with index: '1'

2018-09-05 18:36:55 - [TEST_STEP][PASSED] - navigateToUrl: Navigate to 'https://dev.vcalling.in/url/UAT/?id=UAT-1-547' successfully

2018-09-05 18:36:57 - [MESSAGE][PASSED] - Navigate to 'https://dev.vcalling.in/url/UAT/?id=UAT-1-547' successfully

2018-09-05 18:36:57 - [TEST_STEP][PASSED] - Statement - currentTab = com.kms.katalon.core.webui.keyword.WebUiBuiltInKeywords.getWindowIndex(): Current window's index is: 1

2018-09-05 18:36:57 - [MESSAGE][PASSED] - Current window's index is: 1

2018-09-05 18:36:57 - [TEST_STEP][PASSED] - Statement - start = java.lang.System.currentTimeMillis(): null

2018-09-05 18:36:57 - [TEST_STEP][PASSED] - Statement - println("start browser time :" + start): null

2018-09-05 18:36:57 - [TEST_STEP][PASSED] - click: Object: 'Object Repository/timeSpentOnlink/stepInsideButton' is clicked on

2018-09-05 18:36:59 - [MESSAGE][PASSED] - Object: 'Object Repository/timeSpentOnlink/stepInsideButton' is clicked on

2018-09-05 18:36:59 - [TEST_STEP][PASSED] - delay: Delayed 36 second(s)

2018-09-05 18:37:35 - [MESSAGE][PASSED] - Delayed 36 second(s)

2018-09-05 18:37:35 - [TEST_STEP][PASSED] - Statement - mediaTour = driver.findElements(org.openqa.selenium.By.className("media-none")): null

2018-09-05 18:37:35 - [TEST_STEP][PASSED] - Statement - println("media size " + mediaTour.size()): null

2018-09-05 18:37:35 - [TEST_STEP][PASSED] - Statement - For ([i = 0, i < mediaTour.size() + 1, (i++)]): Delayed 5 second(s)

2018-09-05 18:37:35 - [TEST_STEP][PASSED] - click: Object: 'Object Repository/timeSpentOnlink/rightNavigationButton' is clicked on

2018-09-05 18:37:35 - [MESSAGE][PASSED] - Object: 'Object Repository/timeSpentOnlink/rightNavigationButton' is clicked on

2018-09-05 18:37:35 - [TEST_STEP][PASSED] - delay: Delayed 5 second(s)

2018-09-05 18:37:40 - [MESSAGE][PASSED] - Delayed 5 second(s)

2018-09-05 18:37:40 - [TEST_STEP][PASSED] - click: Object: 'Object Repository/timeSpentOnlink/rightNavigationButton' is clicked on

2018-09-05 18:37:41 - [MESSAGE][PASSED] - Object: 'Object Repository/timeSpentOnlink/rightNavigationButton' is clicked on

2018-09-05 18:37:41 - [TEST_STEP][PASSED] - delay: Delayed 5 second(s)

2018-09-05 18:37:46 - [MESSAGE][PASSED] - Delayed 5 second(s)

2018-09-05 18:37:46 - [TEST_STEP][PASSED] - click: Object: 'Object Repository/timeSpentOnlink/rightNavigationButton' is clicked on

2018-09-05 18:37:46 - [MESSAGE][PASSED] - Object: 'Object Repository/timeSpentOnlink/rightNavigationButton' is clicked on

2018-09-05 18:37:46 - [TEST_STEP][PASSED] - delay: Delayed 5 second(s)

2018-09-05 18:37:51 - [MESSAGE][PASSED] - Delayed 5 second(s)

2018-09-05 18:37:51 - [TEST_STEP][PASSED] - click: Object: 'Object Repository/timeSpentOnlink/rightNavigationButton' is clicked on

2018-09-05 18:37:54 - [MESSAGE][PASSED] - Object: 'Object Repository/timeSpentOnlink/rightNavigationButton' is clicked on

2018-09-05 18:37:54 - [TEST_STEP][PASSED] - delay: Delayed 5 second(s)

2018-09-05 18:37:59 - [MESSAGE][PASSED] - Delayed 5 second(s)

2018-09-05 18:37:59 - [TEST_STEP][PASSED] - click: Object: 'Object Repository/timeSpentOnlink/rightNavigationButton' is clicked on

2018-09-05 18:37:59 - [MESSAGE][PASSED] - Object: 'Object Repository/timeSpentOnlink/rightNavigationButton' is clicked on

2018-09-05 18:37:59 - [TEST_STEP][PASSED] - delay: Delayed 5 second(s)

2018-09-05 18:38:04 - [MESSAGE][PASSED] - Delayed 5 second(s)

2018-09-05 18:38:04 - [TEST_STEP][PASSED] - click: Object: 'Object Repository/timeSpentOnlink/rightNavigationButton' is clicked on

2018-09-05 18:38:04 - [MESSAGE][PASSED] - Object: 'Object Repository/timeSpentOnlink/rightNavigationButton' is clicked on

2018-09-05 18:38:04 - [TEST_STEP][PASSED] - delay: Delayed 5 second(s)

2018-09-05 18:38:09 - [MESSAGE][PASSED] - Delayed 5 second(s)

2018-09-05 18:38:09 - [TEST_STEP][PASSED] - click: Object: 'Object Repository/timeSpentOnlink/rightNavigationButton' is clicked on

2018-09-05 18:38:09 - [MESSAGE][PASSED] - Object: 'Object Repository/timeSpentOnlink/rightNavigationButton' is clicked on

2018-09-05 18:38:09 - [TEST_STEP][PASSED] - delay: Delayed 5 second(s)

2018-09-05 18:38:14 - [MESSAGE][PASSED] - Delayed 5 second(s)

2018-09-05 18:38:14 - [TEST_STEP][PASSED] - click: Object: 'Object Repository/timeSpentOnlink/rightNavigationButton' is clicked on

2018-09-05 18:38:17 - [MESSAGE][PASSED] - Object: 'Object Repository/timeSpentOnlink/rightNavigationButton' is clicked on

2018-09-05 18:38:17 - [TEST_STEP][PASSED] - delay: Delayed 5 second(s)

2018-09-05 18:38:22 - [MESSAGE][PASSED] - Delayed 5 second(s)

2018-09-05 18:38:22 - [TEST_STEP][PASSED] - click: Object: 'Object Repository/timeSpentOnlink/rightNavigationButton' is clicked on

2018-09-05 18:38:22 - [MESSAGE][PASSED] - Object: 'Object Repository/timeSpentOnlink/rightNavigationButton' is clicked on

2018-09-05 18:38:22 - [TEST_STEP][PASSED] - delay: Delayed 5 second(s)

2018-09-05 18:38:27 - [MESSAGE][PASSED] - Delayed 5 second(s)

2018-09-05 18:38:27 - [TEST_STEP][PASSED] - click: Object: 'Object Repository/timeSpentOnlink/rightNavigationButton' is clicked on

2018-09-05 18:38:28 - [MESSAGE][PASSED] - Object: 'Object Repository/timeSpentOnlink/rightNavigationButton' is clicked on

2018-09-05 18:38:28 - [TEST_STEP][PASSED] - delay: Delayed 5 second(s)

2018-09-05 18:38:33 - [MESSAGE][PASSED] - Delayed 5 second(s)

2018-09-05 18:38:33 - [TEST_STEP][PASSED] - click: Object: 'Object Repository/timeSpentOnlink/rightNavigationButton' is clicked on

2018-09-05 18:38:33 - [MESSAGE][PASSED] - Object: 'Object Repository/timeSpentOnlink/rightNavigationButton' is clicked on

2018-09-05 18:38:33 - [TEST_STEP][PASSED] - delay: Delayed 5 second(s)

2018-09-05 18:38:38 - [MESSAGE][PASSED] - Delayed 5 second(s)

2018-09-05 18:38:38 - [TEST_STEP][PASSED] - click: Object: 'Object Repository/timeSpentOnlink/rightNavigationButton' is clicked on

2018-09-05 18:38:38 - [MESSAGE][PASSED] - Object: 'Object Repository/timeSpentOnlink/rightNavigationButton' is clicked on

2018-09-05 18:38:38 - [TEST_STEP][PASSED] - delay: Delayed 5 second(s)

2018-09-05 18:38:43 - [MESSAGE][PASSED] - Delayed 5 second(s)

2018-09-05 18:38:43 - [TEST_STEP][PASSED] - click: Object: 'Object Repository/timeSpentOnlink/rightNavigationButton' is clicked on

2018-09-05 18:38:44 - [MESSAGE][PASSED] - Object: 'Object Repository/timeSpentOnlink/rightNavigationButton' is clicked on

2018-09-05 18:38:44 - [TEST_STEP][PASSED] - delay: Delayed 5 second(s)

2018-09-05 18:38:49 - [MESSAGE][PASSED] - Delayed 5 second(s)

2018-09-05 18:38:49 - [TEST_STEP][PASSED] - click: Object: 'Object Repository/timeSpentOnlink/rightNavigationButton' is clicked on

2018-09-05 18:38:49 - [MESSAGE][PASSED] - Object: 'Object Repository/timeSpentOnlink/rightNavigationButton' is clicked on

2018-09-05 18:38:49 - [TEST_STEP][PASSED] - delay: Delayed 5 second(s)

2018-09-05 18:38:54 - [MESSAGE][PASSED] - Delayed 5 second(s)

2018-09-05 18:38:54 - [TEST_STEP][PASSED] - click: Object: 'Object Repository/timeSpentOnlink/rightNavigationButton' is clicked on

2018-09-05 18:38:54 - [MESSAGE][PASSED] - Object: 'Object Repository/timeSpentOnlink/rightNavigationButton' is clicked on

2018-09-05 18:38:54 - [TEST_STEP][PASSED] - delay: Delayed 5 second(s)

2018-09-05 18:38:59 - [MESSAGE][PASSED] - Delayed 5 second(s)

2018-09-05 18:38:59 - [TEST_STEP][PASSED] - click: Object: 'Object Repository/timeSpentOnlink/rightNavigationButton' is clicked on

2018-09-05 18:38:59 - [MESSAGE][PASSED] - Object: 'Object Repository/timeSpentOnlink/rightNavigationButton' is clicked on

2018-09-05 18:38:59 - [TEST_STEP][PASSED] - delay: Delayed 5 second(s)

2018-09-05 18:39:04 - [MESSAGE][PASSED] - Delayed 5 second(s)

2018-09-05 18:39:04 - [TEST_STEP][PASSED] - Statement - For ([i = mediaTour.size() + 1, i > 0, (i--)]): Delayed 5 second(s)

2018-09-05 18:39:04 - [TEST_STEP][PASSED] - click: Object: 'Object Repository/timeSpentOnlink/leftNavigationBuutton' is clicked on

2018-09-05 18:39:05 - [MESSAGE][PASSED] - Object: 'Object Repository/timeSpentOnlink/leftNavigationBuutton' is clicked on

2018-09-05 18:39:05 - [TEST_STEP][PASSED] - delay: Delayed 5 second(s)

2018-09-05 18:39:10 - [MESSAGE][PASSED] - Delayed 5 second(s)

2018-09-05 18:39:10 - [TEST_STEP][PASSED] - click: Object: 'Object Repository/timeSpentOnlink/leftNavigationBuutton' is clicked on

2018-09-05 18:39:10 - [MESSAGE][PASSED] - Object: 'Object Repository/timeSpentOnlink/leftNavigationBuutton' is clicked on

2018-09-05 18:39:10 - [TEST_STEP][PASSED] - delay: Delayed 5 second(s)

2018-09-05 18:39:15 - [MESSAGE][PASSED] - Delayed 5 second(s)

2018-09-05 18:39:15 - [TEST_STEP][PASSED] - click: Object: 'Object Repository/timeSpentOnlink/leftNavigationBuutton' is clicked on

2018-09-05 18:39:15 - [MESSAGE][PASSED] - Object: 'Object Repository/timeSpentOnlink/leftNavigationBuutton' is clicked on

2018-09-05 18:39:15 - [TEST_STEP][PASSED] - delay: Delayed 5 second(s)

2018-09-05 18:39:20 - [MESSAGE][PASSED] - Delayed 5 second(s)

2018-09-05 18:39:20 - [TEST_STEP][PASSED] - click: Object: 'Object Repository/timeSpentOnlink/leftNavigationBuutton' is clicked on

2018-09-05 18:39:21 - [MESSAGE][PASSED] - Object: 'Object Repository/timeSpentOnlink/leftNavigationBuutton' is clicked on

2018-09-05 18:39:21 - [TEST_STEP][PASSED] - delay: Delayed 5 second(s)

2018-09-05 18:39:26 - [MESSAGE][PASSED] - Delayed 5 second(s)

2018-09-05 18:39:26 - [TEST_STEP][PASSED] - click: Object: 'Object Repository/timeSpentOnlink/leftNavigationBuutton' is clicked on

2018-09-05 18:39:26 - [MESSAGE][PASSED] - Object: 'Object Repository/timeSpentOnlink/leftNavigationBuutton' is clicked on

2018-09-05 18:39:26 - [TEST_STEP][PASSED] - delay: Delayed 5 second(s)

2018-09-05 18:39:31 - [MESSAGE][PASSED] - Delayed 5 second(s)

2018-09-05 18:39:31 - [TEST_STEP][PASSED] - click: Object: 'Object Repository/timeSpentOnlink/leftNavigationBuutton' is clicked on

2018-09-05 18:39:32 - [MESSAGE][PASSED] - Object: 'Object Repository/timeSpentOnlink/leftNavigationBuutton' is clicked on

2018-09-05 18:39:32 - [TEST_STEP][PASSED] - delay: Delayed 5 second(s)

2018-09-05 18:39:37 - [MESSAGE][PASSED] - Delayed 5 second(s)

2018-09-05 18:39:37 - [TEST_STEP][PASSED] - click: Object: 'Object Repository/timeSpentOnlink/leftNavigationBuutton' is clicked on

2018-09-05 18:39:37 - [MESSAGE][PASSED] - Object: 'Object Repository/timeSpentOnlink/leftNavigationBuutton' is clicked on

2018-09-05 18:39:37 - [TEST_STEP][PASSED] - delay: Delayed 5 second(s)

2018-09-05 18:39:42 - [MESSAGE][PASSED] - Delayed 5 second(s)

2018-09-05 18:39:42 - [TEST_STEP][PASSED] - click: Object: 'Object Repository/timeSpentOnlink/leftNavigationBuutton' is clicked on

2018-09-05 18:39:43 - [MESSAGE][PASSED] - Object: 'Object Repository/timeSpentOnlink/leftNavigationBuutton' is clicked on

2018-09-05 18:39:43 - [TEST_STEP][PASSED] - delay: Delayed 5 second(s)

2018-09-05 18:39:48 - [MESSAGE][PASSED] - Delayed 5 second(s)

2018-09-05 18:39:48 - [TEST_STEP][PASSED] - click: Object: 'Object Repository/timeSpentOnlink/leftNavigationBuutton' is clicked on

2018-09-05 18:39:48 - [MESSAGE][PASSED] - Object: 'Object Repository/timeSpentOnlink/leftNavigationBuutton' is clicked on

2018-09-05 18:39:48 - [TEST_STEP][PASSED] - delay: Delayed 5 second(s)

2018-09-05 18:39:53 - [MESSAGE][PASSED] - Delayed 5 second(s)

2018-09-05 18:39:53 - [TEST_STEP][PASSED] - click: Object: 'Object Repository/timeSpentOnlink/leftNavigationBuutton' is clicked on

2018-09-05 18:39:54 - [MESSAGE][PASSED] - Object: 'Object Repository/timeSpentOnlink/leftNavigationBuutton' is clicked on

2018-09-05 18:39:54 - [TEST_STEP][PASSED] - delay: Delayed 5 second(s)

2018-09-05 18:39:59 - [MESSAGE][PASSED] - Delayed 5 second(s)

2018-09-05 18:39:59 - [TEST_STEP][PASSED] - click: Object: 'Object Repository/timeSpentOnlink/leftNavigationBuutton' is clicked on

2018-09-05 18:39:59 - [MESSAGE][PASSED] - Object: 'Object Repository/timeSpentOnlink/leftNavigationBuutton' is clicked on

2018-09-05 18:39:59 - [TEST_STEP][PASSED] - delay: Delayed 5 second(s)

2018-09-05 18:40:04 - [MESSAGE][PASSED] - Delayed 5 second(s)

2018-09-05 18:40:04 - [TEST_STEP][PASSED] - click: Object: 'Object Repository/timeSpentOnlink/leftNavigationBuutton' is clicked on

2018-09-05 18:40:05 - [MESSAGE][PASSED] - Object: 'Object Repository/timeSpentOnlink/leftNavigationBuutton' is clicked on

2018-09-05 18:40:05 - [TEST_STEP][PASSED] - delay: Delayed 5 second(s)

2018-09-05 18:40:10 - [MESSAGE][PASSED] - Delayed 5 second(s)

2018-09-05 18:40:10 - [TEST_STEP][PASSED] - click: Object: 'Object Repository/timeSpentOnlink/leftNavigationBuutton' is clicked on

2018-09-05 18:40:10 - [MESSAGE][PASSED] - Object: 'Object Repository/timeSpentOnlink/leftNavigationBuutton' is clicked on

2018-09-05 18:40:10 - [TEST_STEP][PASSED] - delay: Delayed 5 second(s)

2018-09-05 18:40:15 - [MESSAGE][PASSED] - Delayed 5 second(s)

2018-09-05 18:40:15 - [TEST_STEP][PASSED] - click: Object: 'Object Repository/timeSpentOnlink/leftNavigationBuutton' is clicked on

2018-09-05 18:40:15 - [MESSAGE][PASSED] - Object: 'Object Repository/timeSpentOnlink/leftNavigationBuutton' is clicked on

2018-09-05 18:40:15 - [TEST_STEP][PASSED] - delay: Delayed 5 second(s)

2018-09-05 18:40:20 - [MESSAGE][PASSED] - Delayed 5 second(s)

2018-09-05 18:40:20 - [TEST_STEP][PASSED] - click: Object: 'Object Repository/timeSpentOnlink/leftNavigationBuutton' is clicked on

2018-09-05 18:40:21 - [MESSAGE][PASSED] - Object: 'Object Repository/timeSpentOnlink/leftNavigationBuutton' is clicked on

2018-09-05 18:40:21 - [TEST_STEP][PASSED] - delay: Delayed 5 second(s)

2018-09-05 18:40:26 - [MESSAGE][PASSED] - Delayed 5 second(s)

2018-09-05 18:40:26 - [TEST_STEP][PASSED] - click: Object: 'Object Repository/timeSpentOnlink/leftNavigationBuutton' is clicked on

2018-09-05 18:40:26 - [MESSAGE][PASSED] - Object: 'Object Repository/timeSpentOnlink/leftNavigationBuutton' is clicked on

2018-09-05 18:40:26 - [TEST_STEP][PASSED] - delay: Delayed 5 second(s)

2018-09-05 18:40:31 - [MESSAGE][PASSED] - Delayed 5 second(s)

2018-09-05 18:40:31 - [TEST_STEP][PASSED] - click: Object: 'Object Repository/timeSpentOnlink/backButtonMediatour' is clicked on

2018-09-05 18:40:31 - [MESSAGE][PASSED] - Object: 'Object Repository/timeSpentOnlink/backButtonMediatour' is clicked on

2018-09-05 18:40:31 - [TEST_STEP][PASSED] - Statement - finish = java.lang.System.currentTimeMillis(): null

2018-09-05 18:40:31 - [TEST_STEP][PASSED] - Statement - println("close browser time :" + finish): null

2018-09-05 18:40:31 - [TEST_STEP][PASSED] - Statement - totalTime = finish - start: null

2018-09-05 18:40:31 - [TEST_STEP][PASSED] - Statement - println("totaltime:" + totalTime): null

2018-09-05 18:40:31 - [TEST_STEP][PASSED] - Statement - milliseconds = 1000: null

2018-09-05 18:40:31 - [TEST_STEP][PASSED] - Statement - timeActualSeconds = totalTime / milliseconds: null

2018-09-05 18:40:31 - [TEST_STEP][PASSED] - Statement - println("milliseconds conevrt into sec :" + timeActualSeconds): null

2018-09-05 18:40:31 - [TEST_STEP][PASSED] - Statement - mod = 60: null

2018-09-05 18:40:31 - [TEST_STEP][PASSED] - Statement - S = timeActualSeconds % 60: null

2018-09-05 18:40:31 - [TEST_STEP][PASSED] - Statement - println("Actual time" + S): null

2018-09-05 18:40:31 - [TEST_STEP][PASSED] - Statement - Min = timeActualSeconds / 60: null

2018-09-05 18:40:31 - [TEST_STEP][PASSED] - Statement - print("Min :" + Min): null

2018-09-05 18:40:31 - [TEST_STEP][PASSED] - Statement - Hours = timeActualSeconds / 3600: null

2018-09-05 18:40:31 - [TEST_STEP][PASSED] - Statement - println("hours" + Hours): null

2018-09-05 18:40:31 - [TEST_STEP][PASSED] - Statement - timeSpentOnBrowser = java.lang.String.format("%H %dM %dS", Hours, Min, S): null

2018-09-05 18:40:31 - [TEST_STEP][PASSED] - Statement - println("total time spent on browser:" + timeSpentOnBrowser): null

2018-09-05 18:40:31 - [TEST_STEP][PASSED] - switchToWindowIndex: Switched to window with index: '0'

2018-09-05 18:40:32 - [MESSAGE][PASSED] - Switched to window with index: '0'

2018-09-05 18:40:32 - [TEST_STEP][PASSED] - delay: Delayed 1 second(s)

2018-09-05 18:40:33 - [MESSAGE][PASSED] - Delayed 1 second(s)

2018-09-05 18:40:33 - [TEST_STEP][PASSED] - refresh: Refresh successfully

2018-09-05 18:40:33 - [MESSAGE][PASSED] - Refresh successfully

2018-09-05 18:40:33 - [TEST_STEP][PASSED] - acceptAlert: Alert accepted

2018-09-05 18:40:33 - [MESSAGE][PASSED] - Alert accepted

2018-09-05 18:40:33 - [TEST_STEP][PASSED] - click: Object: 'Object Repository/Stats/statsTab' is clicked on

2018-09-05 18:40:38 - [MESSAGE][PASSED] - Object: 'Object Repository/Stats/statsTab' is clicked on

2018-09-05 18:40:38 - [TEST_STEP][PASSED] - delay: Delayed 20 second(s)

2018-09-05 18:40:58 - [MESSAGE][PASSED] - Delayed 20 second(s)

2018-09-05 18:40:58 - [TEST_STEP][PASSED] - Statement - increaseTime = driver.findElement(org.openqa.selenium.By.xpath("/html/body/div[2]/div/div/div[2]/div[2]/div[1]/div[2]/div[1]/div[6]/div[3]/div[1]")).getText(): null

2018-09-05 18:40:58 - [TEST_STEP][PASSED] - Statement - println("countForms :" + increaseTime): null

2018-09-05 18:40:58 - [TEST_STEP][PASSED] - Statement - varX1 = increaseTime.split(" "): null

2018-09-05 18:40:58 - [TEST_STEP][PASSED] - Statement - Hours = varX[0].replace("H", ""): null

2018-09-05 18:40:58 - [TEST_STEP][PASSED] - Statement - varY1 = increaseTime.split(" "): null

2018-09-05 18:40:58 - [TEST_STEP][PASSED] - Statement - Minutes = varY[1].replace("M", ""): null

2018-09-05 18:40:58 - [TEST_STEP][PASSED] - Statement - currentTimeHour = java.lang.Integer.parseInt(Hours): null

2018-09-05 18:40:58 - [TEST_STEP][PASSED] - Statement - println(currentTimeHour): null

2018-09-05 18:40:58 - [TEST_STEP][PASSED] - Statement - currentTimeMin = java.lang.Integer.parseInt(Minutes): null

2018-09-05 18:40:58 - [TEST_STEP][PASSED] - Statement - println(currentTimeMin): null

2018-09-05 18:40:58 - [TEST_STEP][PASSED] - delay: Delayed 3 second(s)

2018-09-05 18:41:01 - [MESSAGE][PASSED] - Delayed 3 second(s)]]></system-out>
         <system-err><![CDATA[]]></system-err>
      </testcase>
      <testcase name="Test Cases/completed/TestCases6_Public Customers/CallOnlyPublicCustomers/emptyNameAndEmailWithoutTag" classname="Test Cases/completed/TestCases6_Public Customers/CallOnlyPublicCustomers/emptyNameAndEmailWithoutTag" status="PASSED">
         <system-out><![CDATA[2018-09-05 18:41:01 - [TEST_CASE][PASSED] - Test Cases/completed/TestCases6_Public Customers/CallOnlyPublicCustomers/emptyNameAndEmailWithoutTag: Test Cases/completed/TestCases6_Public Customers/CallOnlyPublicCustomers/emptyNameAndEmailWithoutTag

2018-09-05 18:41:01 - [TEST_STEP][PASSED] - callTestCase: Call Test Case 'Test Cases/BVT/aSimple_Login' successfully

2018-09-05 18:41:01 - [TEST_CASE][PASSED] - Test Cases/BVT/aSimple_Login: Test Cases/BVT/aSimple_Login

2018-09-05 18:41:01 - [TEST_STEP][PASSED] - openBrowser: Browser is opened with url: ''

2018-09-05 18:41:01 - [MESSAGE][WARNING] - A browser is already opened. Closing browser and opening a new one

2018-09-05 18:41:05 - [MESSAGE][PASSED] - Browser is opened with url: ''

2018-09-05 18:41:05 - [TEST_STEP][PASSED] - maximizeWindow: Current window maximized

2018-09-05 18:41:07 - [MESSAGE][PASSED] - Current window maximized

2018-09-05 18:41:07 - [TEST_STEP][PASSED] - navigateToUrl: Navigate to 'https://dev.vcalling.in/enterprises/UAT/Dashboard/index.html' successfully

2018-09-05 18:41:11 - [MESSAGE][PASSED] - Navigate to 'https://dev.vcalling.in/enterprises/UAT/Dashboard/index.html' successfully

2018-09-05 18:41:11 - [TEST_STEP][PASSED] - setText: Text 'testing4dea@gmail.com' is set on object 'Object Repository/Login/UserId'

2018-09-05 18:41:12 - [MESSAGE][PASSED] - Text 'testing4dea@gmail.com' is set on object 'Object Repository/Login/UserId'

2018-09-05 18:41:12 - [TEST_STEP][PASSED] - click: Object: 'Object Repository/Login/div_GET OTP' is clicked on

2018-09-05 18:41:12 - [MESSAGE][PASSED] - Object: 'Object Repository/Login/div_GET OTP' is clicked on

2018-09-05 18:41:12 - [TEST_STEP][PASSED] - waitForElementPresent: Object 'Object Repository/Login/div_SUBMIT' is present

2018-09-05 18:41:14 - [MESSAGE][PASSED] - Object 'Object Repository/Login/div_SUBMIT' is present

2018-09-05 18:41:14 - [TEST_STEP][PASSED] - Statement - If (com.kms.katalon.core.webui.keyword.WebUiBuiltInKeywords.verifyElementNotPresent(com.kms.katalon.core.testobject.ObjectRepository.findTestObject(Login/div_SUBMIT), 5, OPTIONAL)): Web element with id: 'Object Repository/Login/div_SUBMIT' located by 'By.xpath: //div[(text() = ' SUBMIT ' or . = ' SUBMIT ')]' is present after '5' second(s)

2018-09-05 18:41:20 - [MESSAGE][WARNING] - Web element with id: 'Object Repository/Login/div_SUBMIT' located by 'By.xpath: //div[(text() = ' SUBMIT ' or . = ' SUBMIT ')]' is present after '5' second(s)
[[ATTACHMENT|C:\\Users\\User\\Desktop\\Katalon Studio\\Katalon Studio\\vCallingDashboard\\Reports\\RegressionSuite\\20180905_175530\\1536153079804.png]]

2018-09-05 18:41:20 - [TEST_STEP][PASSED] - Statement - sleep(5000): null

2018-09-05 18:41:25 - [TEST_STEP][PASSED] - Statement - OTP = getOTP(): null

2018-09-05 18:41:25 - [TEST_STEP][PASSED] - Statement - host = "imap.gmail.com": null

2018-09-05 18:41:25 - [TEST_STEP][PASSED] - Statement - msg = <not implemented yet for class: org.codehaus.groovy.ast.expr.EmptyExpression>: null

2018-09-05 18:41:25 - [TEST_STEP][PASSED] - Statement - msgSub = <not implemented yet for class: org.codehaus.groovy.ast.expr.EmptyExpression>: null

2018-09-05 18:41:25 - [TEST_STEP][PASSED] - Statement - OTP = "unavailable": null

2018-09-05 18:41:25 - [TEST_STEP][PASSED] - Statement - props = new java.util.Properties(): null

2018-09-05 18:41:25 - [TEST_STEP][PASSED] - Statement - props.setProperty("mail.imap.ssl.enable", "true"): null

2018-09-05 18:41:25 - [TEST_STEP][PASSED] - Statement - session = javax.mail.Session.getInstance(props): null

2018-09-05 18:41:25 - [TEST_STEP][PASSED] - Statement - store = <not implemented yet for class: org.codehaus.groovy.ast.expr.EmptyExpression>: null

2018-09-05 18:41:25 - [TEST_STEP][PASSED] - Statement - Try: null

2018-09-05 18:41:25 - [TEST_STEP][PASSED] - Statement - store = session.getStore("imap"): null

2018-09-05 18:41:25 - [TEST_STEP][PASSED] - Statement - store.connect(host, Email, Password): null

2018-09-05 18:41:27 - [TEST_STEP][PASSED] - Statement - emailFolder = store.getFolder("INBOX"): null

2018-09-05 18:41:27 - [TEST_STEP][PASSED] - Statement - emailFolder.open(READ_WRITE): null

2018-09-05 18:41:27 - [TEST_STEP][PASSED] - Statement - messages = emailFolder.getMessages(): null

2018-09-05 18:41:27 - [TEST_STEP][PASSED] - Statement - n = length: null

2018-09-05 18:41:27 - [TEST_STEP][PASSED] - Statement - message = messages[n - 1]: null

2018-09-05 18:41:27 - [TEST_STEP][PASSED] - Statement - msgSub = message.getSubject(): null

2018-09-05 18:41:27 - [TEST_STEP][PASSED] - Statement - If (msgSub.equals("OTP to Sign In")): null

2018-09-05 18:41:27 - [TEST_STEP][PASSED] - Statement - msg = message.getContent().toString(): null

2018-09-05 18:41:28 - [TEST_STEP][PASSED] - Statement - OTP = msg.substring(msg.length() - 7): null

2018-09-05 18:41:28 - [TEST_STEP][PASSED] - Statement - message.setFlag(DELETED, true): null

2018-09-05 18:41:28 - [TEST_STEP][PASSED] - Statement - emailFolder.close(true): null

2018-09-05 18:41:29 - [TEST_STEP][PASSED] - Statement - store.close(): null

2018-09-05 18:41:29 - [TEST_STEP][PASSED] - Statement - return OTP: null

2018-09-05 18:41:29 - [TEST_STEP][PASSED] - Statement - If (OTP.equals("unavailable")): null

2018-09-05 18:41:29 - [TEST_STEP][PASSED] - Statement - Else: Text 'u1670
' is set on object 'Object Repository/Login/OtpInput'

2018-09-05 18:41:29 - [TEST_STEP][PASSED] - setText: Text 'u1670
' is set on object 'Object Repository/Login/OtpInput'

2018-09-05 18:41:29 - [MESSAGE][PASSED] - Text 'u1670
' is set on object 'Object Repository/Login/OtpInput'

2018-09-05 18:41:29 - [TEST_STEP][PASSED] - verifyElementPresent: Object 'Object Repository/Login/afterOpenDisplay' is present

2018-09-05 18:41:30 - [MESSAGE][PASSED] - Object 'Object Repository/Login/afterOpenDisplay' is present

2018-09-05 18:41:30 - [MESSAGE][PASSED] - Call Test Case 'Test Cases/BVT/aSimple_Login' successfully

2018-09-05 18:41:30 - [TEST_STEP][PASSED] - Statement - driver = com.kms.katalon.core.webui.driver.DriverFactory.getWebDriver(): null

2018-09-05 18:41:30 - [TEST_STEP][PASSED] - click: Object: 'Object Repository/sideBarContainer/linkLogDataBase' is clicked on

2018-09-05 18:41:31 - [MESSAGE][PASSED] - Object: 'Object Repository/sideBarContainer/linkLogDataBase' is clicked on

2018-09-05 18:41:31 - [TEST_STEP][PASSED] - click: Object: 'Object Repository/Dashboard_Link Generator/linkgeneratorIcon' is clicked on

2018-09-05 18:41:31 - [MESSAGE][PASSED] - Object: 'Object Repository/Dashboard_Link Generator/linkgeneratorIcon' is clicked on

2018-09-05 18:41:31 - [TEST_STEP][PASSED] - click: Object: 'Object Repository/Public Links/publicLinkTab' is clicked on

2018-09-05 18:41:32 - [MESSAGE][PASSED] - Object: 'Object Repository/Public Links/publicLinkTab' is clicked on

2018-09-05 18:41:32 - [TEST_STEP][PASSED] - click: Object: 'Object Repository/Public Links/checkBoxPubLink' is clicked on

2018-09-05 18:41:32 - [MESSAGE][PASSED] - Object: 'Object Repository/Public Links/checkBoxPubLink' is clicked on

2018-09-05 18:41:32 - [TEST_STEP][PASSED] - click: Object: 'Object Repository/Public Links/GetLink' is clicked on

2018-09-05 18:41:32 - [MESSAGE][PASSED] - Object: 'Object Repository/Public Links/GetLink' is clicked on

2018-09-05 18:41:32 - [TEST_STEP][PASSED] - Statement - getLink = com.kms.katalon.core.webui.keyword.WebUiBuiltInKeywords.getAttribute(com.kms.katalon.core.testobject.ObjectRepository.findTestObject(Dashboard_Link Generator/input_link-text), "value"): Attribute 'value' of object 'Object Repository/Dashboard_Link Generator/input_link-text' is: 'https://dev.vcalling.in/url/UAT/?id=UAT_publicLink-2&p=t&c=t'

2018-09-05 18:41:33 - [MESSAGE][PASSED] - Attribute 'value' of object 'Object Repository/Dashboard_Link Generator/input_link-text' is: 'https://dev.vcalling.in/url/UAT/?id=UAT_publicLink-2&p=t&c=t'

2018-09-05 18:41:33 - [TEST_STEP][PASSED] - Statement - println(getLink): null

2018-09-05 18:41:33 - [TEST_STEP][PASSED] - click: Object: 'Object Repository/Dashboard_Link Generator/copyLink' is clicked on

2018-09-05 18:41:33 - [MESSAGE][PASSED] - Object: 'Object Repository/Dashboard_Link Generator/copyLink' is clicked on

2018-09-05 18:41:33 - [TEST_STEP][PASSED] - Statement - js = driver: null

2018-09-05 18:41:33 - [TEST_STEP][PASSED] - Statement - js.executeScript("window.open();"): null

2018-09-05 18:41:33 - [TEST_STEP][PASSED] - Statement - currentWindow = com.kms.katalon.core.webui.keyword.WebUiBuiltInKeywords.getWindowIndex(): Current window's index is: 0

2018-09-05 18:41:33 - [MESSAGE][PASSED] - Current window's index is: 0

2018-09-05 18:41:33 - [TEST_STEP][PASSED] - switchToWindowIndex: Switched to window with index: '1'

2018-09-05 18:41:33 - [MESSAGE][PASSED] - Switched to window with index: '1'

2018-09-05 18:41:33 - [TEST_STEP][PASSED] - navigateToUrl: Navigate to 'https://dev.vcalling.in/url/UAT/?id=UAT_publicLink-2&p=t&c=t' successfully

2018-09-05 18:41:37 - [MESSAGE][PASSED] - Navigate to 'https://dev.vcalling.in/url/UAT/?id=UAT_publicLink-2&p=t&c=t' successfully

2018-09-05 18:41:37 - [TEST_STEP][PASSED] - setText: Text ' ' is set on object 'Object Repository/PublicCustomer/callOnlyCustName'

2018-09-05 18:41:37 - [MESSAGE][PASSED] - Text ' ' is set on object 'Object Repository/PublicCustomer/callOnlyCustName'

2018-09-05 18:41:37 - [TEST_STEP][PASSED] - click: Object: 'Object Repository/PublicCustomer/callOnlyNextButton' is clicked on

2018-09-05 18:41:38 - [MESSAGE][PASSED] - Object: 'Object Repository/PublicCustomer/callOnlyNextButton' is clicked on

2018-09-05 18:41:38 - [TEST_STEP][PASSED] - setText: Text 'MgZFMe2vfa@gmail.com' is set on object 'Object Repository/PublicCustomer/callOnlyEmail'

2018-09-05 18:41:38 - [MESSAGE][PASSED] - newPackage.newKeyword.randomString is PASSED

2018-09-05 18:41:38 - [MESSAGE][PASSED] - Text 'MgZFMe2vfa@gmail.com' is set on object 'Object Repository/PublicCustomer/callOnlyEmail'

2018-09-05 18:41:38 - [TEST_STEP][PASSED] - click: Object: 'Object Repository/PublicCustomer/doneButtonCallOnly' is clicked on

2018-09-05 18:41:39 - [MESSAGE][PASSED] - Object: 'Object Repository/PublicCustomer/doneButtonCallOnly' is clicked on

2018-09-05 18:41:39 - [TEST_STEP][PASSED] - Statement - currentTab = com.kms.katalon.core.webui.keyword.WebUiBuiltInKeywords.getWindowIndex(): Current window's index is: 1

2018-09-05 18:41:39 - [MESSAGE][PASSED] - Current window's index is: 1

2018-09-05 18:41:39 - [TEST_STEP][PASSED] - delay: Delayed 10 second(s)

2018-09-05 18:41:49 - [MESSAGE][PASSED] - Delayed 10 second(s)

2018-09-05 18:41:49 - [TEST_STEP][PASSED] - switchToWindowIndex: Switched to window with index: '0'

2018-09-05 18:41:49 - [MESSAGE][PASSED] - Switched to window with index: '0'

2018-09-05 18:41:49 - [TEST_STEP][PASSED] - refresh: Refresh successfully

2018-09-05 18:41:49 - [MESSAGE][PASSED] - Refresh successfully

2018-09-05 18:41:49 - [TEST_STEP][PASSED] - acceptAlert: Alert accepted

2018-09-05 18:41:49 - [MESSAGE][PASSED] - Alert accepted

2018-09-05 18:41:49 - [TEST_STEP][PASSED] - click: Object: 'Object Repository/sideBarContainer/linkLogDataBase' is clicked on

2018-09-05 18:41:54 - [MESSAGE][PASSED] - Object: 'Object Repository/sideBarContainer/linkLogDataBase' is clicked on]]></system-out>
         <system-err><![CDATA[]]></system-err>
      </testcase>
      <testcase name="Test Cases/completed/TestCases6_Public Customers/CallOnlyPublicCustomers/emptyNameAndNumberWithoutTag" classname="Test Cases/completed/TestCases6_Public Customers/CallOnlyPublicCustomers/emptyNameAndNumberWithoutTag" status="PASSED">
         <system-out><![CDATA[2018-09-05 18:41:54 - [TEST_CASE][PASSED] - Test Cases/completed/TestCases6_Public Customers/CallOnlyPublicCustomers/emptyNameAndNumberWithoutTag: Test Cases/completed/TestCases6_Public Customers/CallOnlyPublicCustomers/emptyNameAndNumberWithoutTag

2018-09-05 18:41:54 - [TEST_STEP][PASSED] - callTestCase: Call Test Case 'Test Cases/BVT/aSimple_Login' successfully

2018-09-05 18:41:55 - [TEST_CASE][PASSED] - Test Cases/BVT/aSimple_Login: Test Cases/BVT/aSimple_Login

2018-09-05 18:41:55 - [TEST_STEP][PASSED] - openBrowser: Browser is opened with url: ''

2018-09-05 18:41:55 - [MESSAGE][WARNING] - A browser is already opened. Closing browser and opening a new one

2018-09-05 18:41:58 - [MESSAGE][PASSED] - Browser is opened with url: ''

2018-09-05 18:41:58 - [TEST_STEP][PASSED] - maximizeWindow: Current window maximized

2018-09-05 18:41:59 - [MESSAGE][PASSED] - Current window maximized

2018-09-05 18:41:59 - [TEST_STEP][PASSED] - navigateToUrl: Navigate to 'https://dev.vcalling.in/enterprises/UAT/Dashboard/index.html' successfully

2018-09-05 18:42:03 - [MESSAGE][PASSED] - Navigate to 'https://dev.vcalling.in/enterprises/UAT/Dashboard/index.html' successfully

2018-09-05 18:42:03 - [TEST_STEP][PASSED] - setText: Text 'testing4dea@gmail.com' is set on object 'Object Repository/Login/UserId'

2018-09-05 18:42:04 - [MESSAGE][PASSED] - Text 'testing4dea@gmail.com' is set on object 'Object Repository/Login/UserId'

2018-09-05 18:42:04 - [TEST_STEP][PASSED] - click: Object: 'Object Repository/Login/div_GET OTP' is clicked on

2018-09-05 18:42:04 - [MESSAGE][PASSED] - Object: 'Object Repository/Login/div_GET OTP' is clicked on

2018-09-05 18:42:04 - [TEST_STEP][PASSED] - waitForElementPresent: Object 'Object Repository/Login/div_SUBMIT' is present

2018-09-05 18:42:05 - [MESSAGE][PASSED] - Object 'Object Repository/Login/div_SUBMIT' is present

2018-09-05 18:42:05 - [TEST_STEP][PASSED] - Statement - If (com.kms.katalon.core.webui.keyword.WebUiBuiltInKeywords.verifyElementNotPresent(com.kms.katalon.core.testobject.ObjectRepository.findTestObject(Login/div_SUBMIT), 5, OPTIONAL)): Web element with id: 'Object Repository/Login/div_SUBMIT' located by 'By.xpath: //div[(text() = ' SUBMIT ' or . = ' SUBMIT ')]' is present after '5' second(s)

2018-09-05 18:42:11 - [MESSAGE][WARNING] - Web element with id: 'Object Repository/Login/div_SUBMIT' located by 'By.xpath: //div[(text() = ' SUBMIT ' or . = ' SUBMIT ')]' is present after '5' second(s)
[[ATTACHMENT|C:\\Users\\User\\Desktop\\Katalon Studio\\Katalon Studio\\vCallingDashboard\\Reports\\RegressionSuite\\20180905_175530\\1536153130990.png]]

2018-09-05 18:42:11 - [TEST_STEP][PASSED] - Statement - sleep(5000): null

2018-09-05 18:42:16 - [TEST_STEP][PASSED] - Statement - OTP = getOTP(): null

2018-09-05 18:42:16 - [TEST_STEP][PASSED] - Statement - host = "imap.gmail.com": null

2018-09-05 18:42:16 - [TEST_STEP][PASSED] - Statement - msg = <not implemented yet for class: org.codehaus.groovy.ast.expr.EmptyExpression>: null

2018-09-05 18:42:16 - [TEST_STEP][PASSED] - Statement - msgSub = <not implemented yet for class: org.codehaus.groovy.ast.expr.EmptyExpression>: null

2018-09-05 18:42:16 - [TEST_STEP][PASSED] - Statement - OTP = "unavailable": null

2018-09-05 18:42:16 - [TEST_STEP][PASSED] - Statement - props = new java.util.Properties(): null

2018-09-05 18:42:16 - [TEST_STEP][PASSED] - Statement - props.setProperty("mail.imap.ssl.enable", "true"): null

2018-09-05 18:42:16 - [TEST_STEP][PASSED] - Statement - session = javax.mail.Session.getInstance(props): null

2018-09-05 18:42:16 - [TEST_STEP][PASSED] - Statement - store = <not implemented yet for class: org.codehaus.groovy.ast.expr.EmptyExpression>: null

2018-09-05 18:42:16 - [TEST_STEP][PASSED] - Statement - Try: null

2018-09-05 18:42:16 - [TEST_STEP][PASSED] - Statement - store = session.getStore("imap"): null

2018-09-05 18:42:16 - [TEST_STEP][PASSED] - Statement - store.connect(host, Email, Password): null

2018-09-05 18:42:18 - [TEST_STEP][PASSED] - Statement - emailFolder = store.getFolder("INBOX"): null

2018-09-05 18:42:18 - [TEST_STEP][PASSED] - Statement - emailFolder.open(READ_WRITE): null

2018-09-05 18:42:18 - [TEST_STEP][PASSED] - Statement - messages = emailFolder.getMessages(): null

2018-09-05 18:42:18 - [TEST_STEP][PASSED] - Statement - n = length: null

2018-09-05 18:42:18 - [TEST_STEP][PASSED] - Statement - message = messages[n - 1]: null

2018-09-05 18:42:18 - [TEST_STEP][PASSED] - Statement - msgSub = message.getSubject(): null

2018-09-05 18:42:18 - [TEST_STEP][PASSED] - Statement - If (msgSub.equals("OTP to Sign In")): null

2018-09-05 18:42:18 - [TEST_STEP][PASSED] - Statement - msg = message.getContent().toString(): null

2018-09-05 18:42:19 - [TEST_STEP][PASSED] - Statement - OTP = msg.substring(msg.length() - 7): null

2018-09-05 18:42:19 - [TEST_STEP][PASSED] - Statement - message.setFlag(DELETED, true): null

2018-09-05 18:42:19 - [TEST_STEP][PASSED] - Statement - emailFolder.close(true): null

2018-09-05 18:42:20 - [TEST_STEP][PASSED] - Statement - store.close(): null

2018-09-05 18:42:20 - [TEST_STEP][PASSED] - Statement - return OTP: null

2018-09-05 18:42:20 - [TEST_STEP][PASSED] - Statement - If (OTP.equals("unavailable")): null

2018-09-05 18:42:20 - [TEST_STEP][PASSED] - Statement - Else: Text 'o7816
' is set on object 'Object Repository/Login/OtpInput'

2018-09-05 18:42:20 - [TEST_STEP][PASSED] - setText: Text 'o7816
' is set on object 'Object Repository/Login/OtpInput'

2018-09-05 18:42:20 - [MESSAGE][PASSED] - Text 'o7816
' is set on object 'Object Repository/Login/OtpInput'

2018-09-05 18:42:20 - [TEST_STEP][PASSED] - verifyElementPresent: Object 'Object Repository/Login/afterOpenDisplay' is present

2018-09-05 18:42:21 - [MESSAGE][PASSED] - Object 'Object Repository/Login/afterOpenDisplay' is present

2018-09-05 18:42:21 - [MESSAGE][PASSED] - Call Test Case 'Test Cases/BVT/aSimple_Login' successfully

2018-09-05 18:42:21 - [TEST_STEP][PASSED] - Statement - driver = com.kms.katalon.core.webui.driver.DriverFactory.getWebDriver(): null

2018-09-05 18:42:21 - [TEST_STEP][PASSED] - click: Object: 'Object Repository/Dashboard_Link Generator/linkgeneratorIcon' is clicked on

2018-09-05 18:42:23 - [MESSAGE][PASSED] - Object: 'Object Repository/Dashboard_Link Generator/linkgeneratorIcon' is clicked on

2018-09-05 18:42:23 - [TEST_STEP][PASSED] - click: Object: 'Object Repository/Public Links/publicLinkTab' is clicked on

2018-09-05 18:42:23 - [MESSAGE][PASSED] - Object: 'Object Repository/Public Links/publicLinkTab' is clicked on

2018-09-05 18:42:23 - [TEST_STEP][PASSED] - click: Object: 'Object Repository/Public Links/checkBoxPubLink' is clicked on

2018-09-05 18:42:24 - [MESSAGE][PASSED] - Object: 'Object Repository/Public Links/checkBoxPubLink' is clicked on

2018-09-05 18:42:24 - [TEST_STEP][PASSED] - click: Object: 'Object Repository/Public Links/GetLink' is clicked on

2018-09-05 18:42:24 - [MESSAGE][PASSED] - Object: 'Object Repository/Public Links/GetLink' is clicked on

2018-09-05 18:42:24 - [TEST_STEP][PASSED] - Statement - getLink = com.kms.katalon.core.webui.keyword.WebUiBuiltInKeywords.getAttribute(com.kms.katalon.core.testobject.ObjectRepository.findTestObject(Dashboard_Link Generator/input_link-text), "value"): Attribute 'value' of object 'Object Repository/Dashboard_Link Generator/input_link-text' is: 'https://dev.vcalling.in/url/UAT/?id=UAT_publicLink-2&p=t&c=t'

2018-09-05 18:42:25 - [MESSAGE][PASSED] - Attribute 'value' of object 'Object Repository/Dashboard_Link Generator/input_link-text' is: 'https://dev.vcalling.in/url/UAT/?id=UAT_publicLink-2&p=t&c=t'

2018-09-05 18:42:25 - [TEST_STEP][PASSED] - Statement - println(getLink): null

2018-09-05 18:42:25 - [TEST_STEP][PASSED] - click: Object: 'Object Repository/Dashboard_Link Generator/copyLink' is clicked on

2018-09-05 18:42:25 - [MESSAGE][PASSED] - Object: 'Object Repository/Dashboard_Link Generator/copyLink' is clicked on

2018-09-05 18:42:25 - [TEST_STEP][PASSED] - delay: Delayed 2 second(s)

2018-09-05 18:42:27 - [MESSAGE][PASSED] - Delayed 2 second(s)

2018-09-05 18:42:27 - [TEST_STEP][PASSED] - Statement - js = driver: null

2018-09-05 18:42:27 - [TEST_STEP][PASSED] - Statement - js.executeScript("window.open();"): null

2018-09-05 18:42:27 - [TEST_STEP][PASSED] - Statement - currentWindow = com.kms.katalon.core.webui.keyword.WebUiBuiltInKeywords.getWindowIndex(): Current window's index is: 0

2018-09-05 18:42:27 - [MESSAGE][PASSED] - Current window's index is: 0

2018-09-05 18:42:27 - [TEST_STEP][PASSED] - switchToWindowIndex: Switched to window with index: '1'

2018-09-05 18:42:27 - [MESSAGE][PASSED] - Switched to window with index: '1'

2018-09-05 18:42:27 - [TEST_STEP][PASSED] - navigateToUrl: Navigate to 'https://dev.vcalling.in/url/UAT/?id=UAT_publicLink-2&p=t&c=t' successfully

2018-09-05 18:42:30 - [MESSAGE][PASSED] - Navigate to 'https://dev.vcalling.in/url/UAT/?id=UAT_publicLink-2&p=t&c=t' successfully

2018-09-05 18:42:30 - [TEST_STEP][PASSED] - setText: Text ' ' is set on object 'Object Repository/PublicCustomer/callOnlyCustName'

2018-09-05 18:42:32 - [MESSAGE][PASSED] - Text ' ' is set on object 'Object Repository/PublicCustomer/callOnlyCustName'

2018-09-05 18:42:32 - [TEST_STEP][PASSED] - click: Object: 'Object Repository/PublicCustomer/callOnlyNextButton' is clicked on

2018-09-05 18:42:33 - [MESSAGE][PASSED] - Object: 'Object Repository/PublicCustomer/callOnlyNextButton' is clicked on

2018-09-05 18:42:33 - [TEST_STEP][PASSED] - Statement - number = CustomKeywords.phoneNumbers.contactNumbers.randomString(9): phoneNumbers.contactNumbers.randomString is PASSED

2018-09-05 18:42:33 - [MESSAGE][PASSED] - phoneNumbers.contactNumbers.randomString is PASSED

2018-09-05 18:42:33 - [TEST_STEP][PASSED] - Statement - Mobile_Number = number: null

2018-09-05 18:42:33 - [TEST_STEP][PASSED] - setText: Text '2601190511' is set on object 'Object Repository/PublicCustomer/customerNumber'

2018-09-05 18:42:33 - [MESSAGE][PASSED] - Text '2601190511' is set on object 'Object Repository/PublicCustomer/customerNumber'

2018-09-05 18:42:33 - [TEST_STEP][PASSED] - click: Object: 'Object Repository/PublicCustomer/doneButtonCallOnly' is clicked on

2018-09-05 18:42:34 - [MESSAGE][PASSED] - Object: 'Object Repository/PublicCustomer/doneButtonCallOnly' is clicked on

2018-09-05 18:42:34 - [TEST_STEP][PASSED] - Statement - currentTab = com.kms.katalon.core.webui.keyword.WebUiBuiltInKeywords.getWindowIndex(): Current window's index is: 1

2018-09-05 18:42:34 - [MESSAGE][PASSED] - Current window's index is: 1

2018-09-05 18:42:34 - [TEST_STEP][PASSED] - delay: Delayed 10 second(s)

2018-09-05 18:42:44 - [MESSAGE][PASSED] - Delayed 10 second(s)

2018-09-05 18:42:44 - [TEST_STEP][PASSED] - switchToWindowIndex: Switched to window with index: '0'

2018-09-05 18:42:44 - [MESSAGE][PASSED] - Switched to window with index: '0'

2018-09-05 18:42:44 - [TEST_STEP][PASSED] - refresh: Refresh successfully

2018-09-05 18:42:44 - [MESSAGE][PASSED] - Refresh successfully

2018-09-05 18:42:44 - [TEST_STEP][PASSED] - acceptAlert: Alert accepted

2018-09-05 18:42:44 - [MESSAGE][PASSED] - Alert accepted]]></system-out>
         <system-err><![CDATA[]]></system-err>
      </testcase>
      <testcase name="Test Cases/completed/TestCases6_Public Customers/CallOnlyPublicCustomers/emptyNameEmailNumAndWithoutTag" classname="Test Cases/completed/TestCases6_Public Customers/CallOnlyPublicCustomers/emptyNameEmailNumAndWithoutTag" status="PASSED">
         <system-out><![CDATA[2018-09-05 18:42:44 - [TEST_CASE][PASSED] - Test Cases/completed/TestCases6_Public Customers/CallOnlyPublicCustomers/emptyNameEmailNumAndWithoutTag: Test Cases/completed/TestCases6_Public Customers/CallOnlyPublicCustomers/emptyNameEmailNumAndWithoutTag

2018-09-05 18:42:45 - [TEST_STEP][PASSED] - callTestCase: Call Test Case 'Test Cases/BVT/aSimple_Login' successfully

2018-09-05 18:42:45 - [TEST_CASE][PASSED] - Test Cases/BVT/aSimple_Login: Test Cases/BVT/aSimple_Login

2018-09-05 18:42:45 - [TEST_STEP][PASSED] - openBrowser: Browser is opened with url: ''

2018-09-05 18:42:45 - [MESSAGE][WARNING] - A browser is already opened. Closing browser and opening a new one

2018-09-05 18:42:48 - [MESSAGE][PASSED] - Browser is opened with url: ''

2018-09-05 18:42:48 - [TEST_STEP][PASSED] - maximizeWindow: Current window maximized

2018-09-05 18:42:50 - [MESSAGE][PASSED] - Current window maximized

2018-09-05 18:42:50 - [TEST_STEP][PASSED] - navigateToUrl: Navigate to 'https://dev.vcalling.in/enterprises/UAT/Dashboard/index.html' successfully

2018-09-05 18:42:54 - [MESSAGE][PASSED] - Navigate to 'https://dev.vcalling.in/enterprises/UAT/Dashboard/index.html' successfully

2018-09-05 18:42:54 - [TEST_STEP][PASSED] - setText: Text 'testing4dea@gmail.com' is set on object 'Object Repository/Login/UserId'

2018-09-05 18:42:54 - [MESSAGE][PASSED] - Text 'testing4dea@gmail.com' is set on object 'Object Repository/Login/UserId'

2018-09-05 18:42:54 - [TEST_STEP][PASSED] - click: Object: 'Object Repository/Login/div_GET OTP' is clicked on

2018-09-05 18:42:55 - [MESSAGE][PASSED] - Object: 'Object Repository/Login/div_GET OTP' is clicked on

2018-09-05 18:42:55 - [TEST_STEP][PASSED] - waitForElementPresent: Object 'Object Repository/Login/div_SUBMIT' is present

2018-09-05 18:42:56 - [MESSAGE][PASSED] - Object 'Object Repository/Login/div_SUBMIT' is present

2018-09-05 18:42:56 - [TEST_STEP][PASSED] - Statement - If (com.kms.katalon.core.webui.keyword.WebUiBuiltInKeywords.verifyElementNotPresent(com.kms.katalon.core.testobject.ObjectRepository.findTestObject(Login/div_SUBMIT), 5, OPTIONAL)): Web element with id: 'Object Repository/Login/div_SUBMIT' located by 'By.xpath: //div[(text() = ' SUBMIT ' or . = ' SUBMIT ')]' is present after '5' second(s)

2018-09-05 18:43:02 - [MESSAGE][WARNING] - Web element with id: 'Object Repository/Login/div_SUBMIT' located by 'By.xpath: //div[(text() = ' SUBMIT ' or . = ' SUBMIT ')]' is present after '5' second(s)
[[ATTACHMENT|C:\\Users\\User\\Desktop\\Katalon Studio\\Katalon Studio\\vCallingDashboard\\Reports\\RegressionSuite\\20180905_175530\\1536153181970.png]]

2018-09-05 18:43:02 - [TEST_STEP][PASSED] - Statement - sleep(5000): null

2018-09-05 18:43:07 - [TEST_STEP][PASSED] - Statement - OTP = getOTP(): null

2018-09-05 18:43:07 - [TEST_STEP][PASSED] - Statement - host = "imap.gmail.com": null

2018-09-05 18:43:07 - [TEST_STEP][PASSED] - Statement - msg = <not implemented yet for class: org.codehaus.groovy.ast.expr.EmptyExpression>: null

2018-09-05 18:43:07 - [TEST_STEP][PASSED] - Statement - msgSub = <not implemented yet for class: org.codehaus.groovy.ast.expr.EmptyExpression>: null

2018-09-05 18:43:07 - [TEST_STEP][PASSED] - Statement - OTP = "unavailable": null

2018-09-05 18:43:07 - [TEST_STEP][PASSED] - Statement - props = new java.util.Properties(): null

2018-09-05 18:43:07 - [TEST_STEP][PASSED] - Statement - props.setProperty("mail.imap.ssl.enable", "true"): null

2018-09-05 18:43:07 - [TEST_STEP][PASSED] - Statement - session = javax.mail.Session.getInstance(props): null

2018-09-05 18:43:07 - [TEST_STEP][PASSED] - Statement - store = <not implemented yet for class: org.codehaus.groovy.ast.expr.EmptyExpression>: null

2018-09-05 18:43:07 - [TEST_STEP][PASSED] - Statement - Try: null

2018-09-05 18:43:07 - [TEST_STEP][PASSED] - Statement - store = session.getStore("imap"): null

2018-09-05 18:43:07 - [TEST_STEP][PASSED] - Statement - store.connect(host, Email, Password): null

2018-09-05 18:43:09 - [TEST_STEP][PASSED] - Statement - emailFolder = store.getFolder("INBOX"): null

2018-09-05 18:43:09 - [TEST_STEP][PASSED] - Statement - emailFolder.open(READ_WRITE): null

2018-09-05 18:43:09 - [TEST_STEP][PASSED] - Statement - messages = emailFolder.getMessages(): null

2018-09-05 18:43:09 - [TEST_STEP][PASSED] - Statement - n = length: null

2018-09-05 18:43:09 - [TEST_STEP][PASSED] - Statement - message = messages[n - 1]: null

2018-09-05 18:43:09 - [TEST_STEP][PASSED] - Statement - msgSub = message.getSubject(): null

2018-09-05 18:43:09 - [TEST_STEP][PASSED] - Statement - If (msgSub.equals("OTP to Sign In")): null

2018-09-05 18:43:09 - [TEST_STEP][PASSED] - Statement - msg = message.getContent().toString(): null

2018-09-05 18:43:10 - [TEST_STEP][PASSED] - Statement - OTP = msg.substring(msg.length() - 7): null

2018-09-05 18:43:10 - [TEST_STEP][PASSED] - Statement - message.setFlag(DELETED, true): null

2018-09-05 18:43:11 - [TEST_STEP][PASSED] - Statement - emailFolder.close(true): null

2018-09-05 18:43:11 - [TEST_STEP][PASSED] - Statement - store.close(): null

2018-09-05 18:43:11 - [TEST_STEP][PASSED] - Statement - return OTP: null

2018-09-05 18:43:11 - [TEST_STEP][PASSED] - Statement - If (OTP.equals("unavailable")): null

2018-09-05 18:43:11 - [TEST_STEP][PASSED] - Statement - Else: Text 'h5559
' is set on object 'Object Repository/Login/OtpInput'

2018-09-05 18:43:11 - [TEST_STEP][PASSED] - setText: Text 'h5559
' is set on object 'Object Repository/Login/OtpInput'

2018-09-05 18:43:11 - [MESSAGE][PASSED] - Text 'h5559
' is set on object 'Object Repository/Login/OtpInput'

2018-09-05 18:43:11 - [TEST_STEP][PASSED] - verifyElementPresent: Object 'Object Repository/Login/afterOpenDisplay' is present

2018-09-05 18:43:13 - [MESSAGE][PASSED] - Object 'Object Repository/Login/afterOpenDisplay' is present

2018-09-05 18:43:13 - [MESSAGE][PASSED] - Call Test Case 'Test Cases/BVT/aSimple_Login' successfully

2018-09-05 18:43:13 - [TEST_STEP][PASSED] - Statement - driver = com.kms.katalon.core.webui.driver.DriverFactory.getWebDriver(): null

2018-09-05 18:43:13 - [TEST_STEP][PASSED] - click: Object: 'Object Repository/Dashboard_Link Generator/linkgeneratorIcon' is clicked on

2018-09-05 18:43:14 - [MESSAGE][PASSED] - Object: 'Object Repository/Dashboard_Link Generator/linkgeneratorIcon' is clicked on

2018-09-05 18:43:14 - [TEST_STEP][PASSED] - click: Object: 'Object Repository/Public Links/publicLinkTab' is clicked on

2018-09-05 18:43:14 - [MESSAGE][PASSED] - Object: 'Object Repository/Public Links/publicLinkTab' is clicked on

2018-09-05 18:43:14 - [TEST_STEP][PASSED] - click: Object: 'Object Repository/Public Links/checkBoxPubLink' is clicked on

2018-09-05 18:43:15 - [MESSAGE][PASSED] - Object: 'Object Repository/Public Links/checkBoxPubLink' is clicked on

2018-09-05 18:43:15 - [TEST_STEP][PASSED] - click: Object: 'Object Repository/Public Links/GetLink' is clicked on

2018-09-05 18:43:15 - [MESSAGE][PASSED] - Object: 'Object Repository/Public Links/GetLink' is clicked on

2018-09-05 18:43:15 - [TEST_STEP][PASSED] - Statement - getLink = com.kms.katalon.core.webui.keyword.WebUiBuiltInKeywords.getAttribute(com.kms.katalon.core.testobject.ObjectRepository.findTestObject(Dashboard_Link Generator/input_link-text), "value"): Attribute 'value' of object 'Object Repository/Dashboard_Link Generator/input_link-text' is: 'https://dev.vcalling.in/url/UAT/?id=UAT_publicLink-2&p=t&c=t'

2018-09-05 18:43:16 - [MESSAGE][PASSED] - Attribute 'value' of object 'Object Repository/Dashboard_Link Generator/input_link-text' is: 'https://dev.vcalling.in/url/UAT/?id=UAT_publicLink-2&p=t&c=t'

2018-09-05 18:43:16 - [TEST_STEP][PASSED] - Statement - println(getLink): null

2018-09-05 18:43:16 - [TEST_STEP][PASSED] - click: Object: 'Object Repository/Dashboard_Link Generator/copyLink' is clicked on

2018-09-05 18:43:16 - [MESSAGE][PASSED] - Object: 'Object Repository/Dashboard_Link Generator/copyLink' is clicked on

2018-09-05 18:43:16 - [TEST_STEP][PASSED] - delay: Delayed 2 second(s)

2018-09-05 18:43:18 - [MESSAGE][PASSED] - Delayed 2 second(s)

2018-09-05 18:43:18 - [TEST_STEP][PASSED] - Statement - js = driver: null

2018-09-05 18:43:18 - [TEST_STEP][PASSED] - Statement - js.executeScript("window.open();"): null

2018-09-05 18:43:18 - [TEST_STEP][PASSED] - Statement - currentWindow = com.kms.katalon.core.webui.keyword.WebUiBuiltInKeywords.getWindowIndex(): Current window's index is: 0

2018-09-05 18:43:18 - [MESSAGE][PASSED] - Current window's index is: 0

2018-09-05 18:43:18 - [TEST_STEP][PASSED] - switchToWindowIndex: Switched to window with index: '1'

2018-09-05 18:43:18 - [MESSAGE][PASSED] - Switched to window with index: '1'

2018-09-05 18:43:18 - [TEST_STEP][PASSED] - navigateToUrl: Navigate to 'https://dev.vcalling.in/url/UAT/?id=UAT_publicLink-2&p=t&c=t' successfully

2018-09-05 18:43:20 - [MESSAGE][PASSED] - Navigate to 'https://dev.vcalling.in/url/UAT/?id=UAT_publicLink-2&p=t&c=t' successfully

2018-09-05 18:43:20 - [TEST_STEP][PASSED] - setText: Text ' ' is set on object 'Object Repository/PublicCustomer/callOnlyCustName'

2018-09-05 18:43:23 - [MESSAGE][PASSED] - Text ' ' is set on object 'Object Repository/PublicCustomer/callOnlyCustName'

2018-09-05 18:43:23 - [TEST_STEP][PASSED] - click: Object: 'Object Repository/PublicCustomer/callOnlyNextButton' is clicked on

2018-09-05 18:43:23 - [MESSAGE][PASSED] - Object: 'Object Repository/PublicCustomer/callOnlyNextButton' is clicked on

2018-09-05 18:43:23 - [TEST_STEP][PASSED] - Statement - number = CustomKeywords.phoneNumbers.contactNumbers.randomString(9): phoneNumbers.contactNumbers.randomString is PASSED

2018-09-05 18:43:23 - [MESSAGE][PASSED] - phoneNumbers.contactNumbers.randomString is PASSED

2018-09-05 18:43:23 - [TEST_STEP][PASSED] - Statement - Mobile_Number = number: null

2018-09-05 18:43:23 - [TEST_STEP][PASSED] - setText: Text '1666750251' is set on object 'Object Repository/PublicCustomer/customerNumber'

2018-09-05 18:43:24 - [MESSAGE][PASSED] - Text '1666750251' is set on object 'Object Repository/PublicCustomer/customerNumber'

2018-09-05 18:43:24 - [TEST_STEP][PASSED] - setText: Text 'XKljeSYPth@gmail.com' is set on object 'Object Repository/PublicCustomer/callOnlyEmail'

2018-09-05 18:43:24 - [MESSAGE][PASSED] - newPackage.newKeyword.randomString is PASSED

2018-09-05 18:43:24 - [MESSAGE][PASSED] - Text 'XKljeSYPth@gmail.com' is set on object 'Object Repository/PublicCustomer/callOnlyEmail'

2018-09-05 18:43:24 - [TEST_STEP][PASSED] - click: Object: 'Object Repository/PublicCustomer/doneButtonCallOnly' is clicked on

2018-09-05 18:43:25 - [MESSAGE][PASSED] - Object: 'Object Repository/PublicCustomer/doneButtonCallOnly' is clicked on

2018-09-05 18:43:25 - [TEST_STEP][PASSED] - Statement - currentTab = com.kms.katalon.core.webui.keyword.WebUiBuiltInKeywords.getWindowIndex(): Current window's index is: 1

2018-09-05 18:43:25 - [MESSAGE][PASSED] - Current window's index is: 1

2018-09-05 18:43:25 - [TEST_STEP][PASSED] - delay: Delayed 10 second(s)

2018-09-05 18:43:35 - [MESSAGE][PASSED] - Delayed 10 second(s)

2018-09-05 18:43:35 - [TEST_STEP][PASSED] - switchToWindowIndex: Switched to window with index: '0'

2018-09-05 18:43:35 - [MESSAGE][PASSED] - Switched to window with index: '0'

2018-09-05 18:43:35 - [TEST_STEP][PASSED] - refresh: Refresh successfully

2018-09-05 18:43:35 - [MESSAGE][PASSED] - Refresh successfully

2018-09-05 18:43:35 - [TEST_STEP][PASSED] - acceptAlert: Alert accepted

2018-09-05 18:43:35 - [MESSAGE][PASSED] - Alert accepted]]></system-out>
         <system-err><![CDATA[]]></system-err>
      </testcase>
      <testcase name="Test Cases/completed/TestCases6_Public Customers/CallOnlyPublicCustomers/emptyNameEmailWithTag" classname="Test Cases/completed/TestCases6_Public Customers/CallOnlyPublicCustomers/emptyNameEmailWithTag" status="PASSED">
         <system-out><![CDATA[2018-09-05 18:43:35 - [TEST_CASE][PASSED] - Test Cases/completed/TestCases6_Public Customers/CallOnlyPublicCustomers/emptyNameEmailWithTag: Test Cases/completed/TestCases6_Public Customers/CallOnlyPublicCustomers/emptyNameEmailWithTag

2018-09-05 18:43:36 - [TEST_STEP][PASSED] - callTestCase: Call Test Case 'Test Cases/BVT/aSimple_Login' successfully

2018-09-05 18:43:36 - [TEST_CASE][PASSED] - Test Cases/BVT/aSimple_Login: Test Cases/BVT/aSimple_Login

2018-09-05 18:43:36 - [TEST_STEP][PASSED] - openBrowser: Browser is opened with url: ''

2018-09-05 18:43:36 - [MESSAGE][WARNING] - A browser is already opened. Closing browser and opening a new one

2018-09-05 18:43:39 - [MESSAGE][PASSED] - Browser is opened with url: ''

2018-09-05 18:43:39 - [TEST_STEP][PASSED] - maximizeWindow: Current window maximized

2018-09-05 18:43:40 - [MESSAGE][PASSED] - Current window maximized

2018-09-05 18:43:40 - [TEST_STEP][PASSED] - navigateToUrl: Navigate to 'https://dev.vcalling.in/enterprises/UAT/Dashboard/index.html' successfully

2018-09-05 18:43:44 - [MESSAGE][PASSED] - Navigate to 'https://dev.vcalling.in/enterprises/UAT/Dashboard/index.html' successfully

2018-09-05 18:43:44 - [TEST_STEP][PASSED] - setText: Text 'testing4dea@gmail.com' is set on object 'Object Repository/Login/UserId'

2018-09-05 18:43:45 - [MESSAGE][PASSED] - Text 'testing4dea@gmail.com' is set on object 'Object Repository/Login/UserId'

2018-09-05 18:43:45 - [TEST_STEP][PASSED] - click: Object: 'Object Repository/Login/div_GET OTP' is clicked on

2018-09-05 18:43:46 - [MESSAGE][PASSED] - Object: 'Object Repository/Login/div_GET OTP' is clicked on

2018-09-05 18:43:46 - [TEST_STEP][PASSED] - waitForElementPresent: Object 'Object Repository/Login/div_SUBMIT' is present

2018-09-05 18:43:47 - [MESSAGE][PASSED] - Object 'Object Repository/Login/div_SUBMIT' is present

2018-09-05 18:43:47 - [TEST_STEP][PASSED] - Statement - If (com.kms.katalon.core.webui.keyword.WebUiBuiltInKeywords.verifyElementNotPresent(com.kms.katalon.core.testobject.ObjectRepository.findTestObject(Login/div_SUBMIT), 5, OPTIONAL)): Web element with id: 'Object Repository/Login/div_SUBMIT' located by 'By.xpath: //div[(text() = ' SUBMIT ' or . = ' SUBMIT ')]' is present after '5' second(s)

2018-09-05 18:43:53 - [MESSAGE][WARNING] - Web element with id: 'Object Repository/Login/div_SUBMIT' located by 'By.xpath: //div[(text() = ' SUBMIT ' or . = ' SUBMIT ')]' is present after '5' second(s)
[[ATTACHMENT|C:\\Users\\User\\Desktop\\Katalon Studio\\Katalon Studio\\vCallingDashboard\\Reports\\RegressionSuite\\20180905_175530\\1536153233087.png]]

2018-09-05 18:43:53 - [TEST_STEP][PASSED] - Statement - sleep(5000): null

2018-09-05 18:43:58 - [TEST_STEP][PASSED] - Statement - OTP = getOTP(): null

2018-09-05 18:43:58 - [TEST_STEP][PASSED] - Statement - host = "imap.gmail.com": null

2018-09-05 18:43:58 - [TEST_STEP][PASSED] - Statement - msg = <not implemented yet for class: org.codehaus.groovy.ast.expr.EmptyExpression>: null

2018-09-05 18:43:58 - [TEST_STEP][PASSED] - Statement - msgSub = <not implemented yet for class: org.codehaus.groovy.ast.expr.EmptyExpression>: null

2018-09-05 18:43:58 - [TEST_STEP][PASSED] - Statement - OTP = "unavailable": null

2018-09-05 18:43:58 - [TEST_STEP][PASSED] - Statement - props = new java.util.Properties(): null

2018-09-05 18:43:58 - [TEST_STEP][PASSED] - Statement - props.setProperty("mail.imap.ssl.enable", "true"): null

2018-09-05 18:43:58 - [TEST_STEP][PASSED] - Statement - session = javax.mail.Session.getInstance(props): null

2018-09-05 18:43:58 - [TEST_STEP][PASSED] - Statement - store = <not implemented yet for class: org.codehaus.groovy.ast.expr.EmptyExpression>: null

2018-09-05 18:43:58 - [TEST_STEP][PASSED] - Statement - Try: null

2018-09-05 18:43:58 - [TEST_STEP][PASSED] - Statement - store = session.getStore("imap"): null

2018-09-05 18:43:58 - [TEST_STEP][PASSED] - Statement - store.connect(host, Email, Password): null

2018-09-05 18:44:00 - [TEST_STEP][PASSED] - Statement - emailFolder = store.getFolder("INBOX"): null

2018-09-05 18:44:00 - [TEST_STEP][PASSED] - Statement - emailFolder.open(READ_WRITE): null

2018-09-05 18:44:00 - [TEST_STEP][PASSED] - Statement - messages = emailFolder.getMessages(): null

2018-09-05 18:44:00 - [TEST_STEP][PASSED] - Statement - n = length: null

2018-09-05 18:44:00 - [TEST_STEP][PASSED] - Statement - message = messages[n - 1]: null

2018-09-05 18:44:00 - [TEST_STEP][PASSED] - Statement - msgSub = message.getSubject(): null

2018-09-05 18:44:01 - [TEST_STEP][PASSED] - Statement - If (msgSub.equals("OTP to Sign In")): null

2018-09-05 18:44:01 - [TEST_STEP][PASSED] - Statement - msg = message.getContent().toString(): null

2018-09-05 18:44:01 - [TEST_STEP][PASSED] - Statement - OTP = msg.substring(msg.length() - 7): null

2018-09-05 18:44:01 - [TEST_STEP][PASSED] - Statement - message.setFlag(DELETED, true): null

2018-09-05 18:44:02 - [TEST_STEP][PASSED] - Statement - emailFolder.close(true): null

2018-09-05 18:44:02 - [TEST_STEP][PASSED] - Statement - store.close(): null

2018-09-05 18:44:03 - [TEST_STEP][PASSED] - Statement - return OTP: null

2018-09-05 18:44:03 - [TEST_STEP][PASSED] - Statement - If (OTP.equals("unavailable")): null

2018-09-05 18:44:03 - [TEST_STEP][PASSED] - Statement - Else: Text 'r3886
' is set on object 'Object Repository/Login/OtpInput'

2018-09-05 18:44:03 - [TEST_STEP][PASSED] - setText: Text 'r3886
' is set on object 'Object Repository/Login/OtpInput'

2018-09-05 18:44:03 - [MESSAGE][PASSED] - Text 'r3886
' is set on object 'Object Repository/Login/OtpInput'

2018-09-05 18:44:03 - [TEST_STEP][PASSED] - verifyElementPresent: Object 'Object Repository/Login/afterOpenDisplay' is present

2018-09-05 18:44:04 - [MESSAGE][PASSED] - Object 'Object Repository/Login/afterOpenDisplay' is present

2018-09-05 18:44:04 - [MESSAGE][PASSED] - Call Test Case 'Test Cases/BVT/aSimple_Login' successfully

2018-09-05 18:44:04 - [TEST_STEP][PASSED] - Statement - driver = com.kms.katalon.core.webui.driver.DriverFactory.getWebDriver(): null

2018-09-05 18:44:04 - [TEST_STEP][PASSED] - click: Object: 'Object Repository/sideBarContainer/linkLogDataBase' is clicked on

2018-09-05 18:44:05 - [MESSAGE][PASSED] - Object: 'Object Repository/sideBarContainer/linkLogDataBase' is clicked on

2018-09-05 18:44:05 - [TEST_STEP][PASSED] - click: Object: 'Object Repository/Dashboard_Link Generator/linkgeneratorIcon' is clicked on

2018-09-05 18:44:05 - [MESSAGE][PASSED] - Object: 'Object Repository/Dashboard_Link Generator/linkgeneratorIcon' is clicked on

2018-09-05 18:44:05 - [TEST_STEP][PASSED] - click: Object: 'Object Repository/Public Links/publicLinkTab' is clicked on

2018-09-05 18:44:06 - [MESSAGE][PASSED] - Object: 'Object Repository/Public Links/publicLinkTab' is clicked on

2018-09-05 18:44:06 - [TEST_STEP][PASSED] - Statement - x = CustomKeywords.newPackage.newKeyword.randomString(3).toLowerCase(): newPackage.newKeyword.randomString is PASSED

2018-09-05 18:44:06 - [MESSAGE][PASSED] - newPackage.newKeyword.randomString is PASSED

2018-09-05 18:44:06 - [TEST_STEP][PASSED] - Statement - teamMeberName = x: null

2018-09-05 18:44:06 - [TEST_STEP][PASSED] - setText: Text 'nhza' is set on object 'Object Repository/Public Links/PubLinkWithTag'

2018-09-05 18:44:07 - [MESSAGE][PASSED] - Text 'nhza' is set on object 'Object Repository/Public Links/PubLinkWithTag'

2018-09-05 18:44:07 - [TEST_STEP][PASSED] - click: Object: 'Object Repository/Public Links/checkBoxPubLink' is clicked on

2018-09-05 18:44:07 - [MESSAGE][PASSED] - Object: 'Object Repository/Public Links/checkBoxPubLink' is clicked on

2018-09-05 18:44:07 - [TEST_STEP][PASSED] - click: Object: 'Object Repository/Public Links/GetLink' is clicked on

2018-09-05 18:44:07 - [MESSAGE][PASSED] - Object: 'Object Repository/Public Links/GetLink' is clicked on

2018-09-05 18:44:07 - [TEST_STEP][PASSED] - Statement - getLink = com.kms.katalon.core.webui.keyword.WebUiBuiltInKeywords.getAttribute(com.kms.katalon.core.testobject.ObjectRepository.findTestObject(Dashboard_Link Generator/input_link-text), "value"): Attribute 'value' of object 'Object Repository/Dashboard_Link Generator/input_link-text' is: 'https://dev.vcalling.in/url/UAT/?id=UAT_publicLink-86&p=t&c=t'

2018-09-05 18:44:07 - [MESSAGE][PASSED] - Attribute 'value' of object 'Object Repository/Dashboard_Link Generator/input_link-text' is: 'https://dev.vcalling.in/url/UAT/?id=UAT_publicLink-86&p=t&c=t'

2018-09-05 18:44:07 - [TEST_STEP][PASSED] - Statement - println(getLink): null

2018-09-05 18:44:07 - [TEST_STEP][PASSED] - click: Object: 'Object Repository/Dashboard_Link Generator/copyLink' is clicked on

2018-09-05 18:44:08 - [MESSAGE][PASSED] - Object: 'Object Repository/Dashboard_Link Generator/copyLink' is clicked on

2018-09-05 18:44:08 - [TEST_STEP][PASSED] - delay: Delayed 4 second(s)

2018-09-05 18:44:12 - [MESSAGE][PASSED] - Delayed 4 second(s)

2018-09-05 18:44:12 - [TEST_STEP][PASSED] - Statement - js = driver: null

2018-09-05 18:44:12 - [TEST_STEP][PASSED] - Statement - js.executeScript("window.open();"): null

2018-09-05 18:44:12 - [TEST_STEP][PASSED] - Statement - currentWindow = com.kms.katalon.core.webui.keyword.WebUiBuiltInKeywords.getWindowIndex(): Current window's index is: 0

2018-09-05 18:44:12 - [MESSAGE][PASSED] - Current window's index is: 0

2018-09-05 18:44:12 - [TEST_STEP][PASSED] - switchToWindowIndex: Switched to window with index: '1'

2018-09-05 18:44:12 - [MESSAGE][PASSED] - Switched to window with index: '1'

2018-09-05 18:44:12 - [TEST_STEP][PASSED] - navigateToUrl: Navigate to 'https://dev.vcalling.in/url/UAT/?id=UAT_publicLink-86&p=t&c=t' successfully

2018-09-05 18:44:14 - [MESSAGE][PASSED] - Navigate to 'https://dev.vcalling.in/url/UAT/?id=UAT_publicLink-86&p=t&c=t' successfully

2018-09-05 18:44:14 - [TEST_STEP][PASSED] - setText: Text ' ' is set on object 'Object Repository/PublicCustomer/callOnlyCustName'

2018-09-05 18:44:16 - [MESSAGE][PASSED] - Text ' ' is set on object 'Object Repository/PublicCustomer/callOnlyCustName'

2018-09-05 18:44:16 - [TEST_STEP][PASSED] - click: Object: 'Object Repository/PublicCustomer/callOnlyNextButton' is clicked on

2018-09-05 18:44:17 - [MESSAGE][PASSED] - Object: 'Object Repository/PublicCustomer/callOnlyNextButton' is clicked on

2018-09-05 18:44:17 - [TEST_STEP][PASSED] - setText: Text 'QnxXX54t3U@gmail.com' is set on object 'Object Repository/PublicCustomer/callOnlyEmail'

2018-09-05 18:44:17 - [MESSAGE][PASSED] - newPackage.newKeyword.randomString is PASSED

2018-09-05 18:44:18 - [MESSAGE][PASSED] - Text 'QnxXX54t3U@gmail.com' is set on object 'Object Repository/PublicCustomer/callOnlyEmail'

2018-09-05 18:44:18 - [TEST_STEP][PASSED] - click: Object: 'Object Repository/PublicCustomer/doneButtonCallOnly' is clicked on

2018-09-05 18:44:19 - [MESSAGE][PASSED] - Object: 'Object Repository/PublicCustomer/doneButtonCallOnly' is clicked on

2018-09-05 18:44:19 - [TEST_STEP][PASSED] - Statement - currentTab = com.kms.katalon.core.webui.keyword.WebUiBuiltInKeywords.getWindowIndex(): Current window's index is: 1

2018-09-05 18:44:19 - [MESSAGE][PASSED] - Current window's index is: 1

2018-09-05 18:44:19 - [TEST_STEP][PASSED] - delay: Delayed 10 second(s)

2018-09-05 18:44:29 - [MESSAGE][PASSED] - Delayed 10 second(s)

2018-09-05 18:44:29 - [TEST_STEP][PASSED] - switchToWindowIndex: Switched to window with index: '0'

2018-09-05 18:44:29 - [MESSAGE][PASSED] - Switched to window with index: '0'

2018-09-05 18:44:29 - [TEST_STEP][PASSED] - refresh: Refresh successfully

2018-09-05 18:44:29 - [MESSAGE][PASSED] - Refresh successfully

2018-09-05 18:44:29 - [TEST_STEP][PASSED] - acceptAlert: Alert accepted

2018-09-05 18:44:29 - [MESSAGE][PASSED] - Alert accepted

2018-09-05 18:44:29 - [TEST_STEP][PASSED] - click: Object: 'Object Repository/sideBarContainer/linkLogDataBase' is clicked on

2018-09-05 18:44:34 - [MESSAGE][PASSED] - Object: 'Object Repository/sideBarContainer/linkLogDataBase' is clicked on]]></system-out>
         <system-err><![CDATA[]]></system-err>
      </testcase>
      <testcase name="Test Cases/completed/TestCases6_Public Customers/CallOnlyPublicCustomers/emptyNameNumberEmailWithTag" classname="Test Cases/completed/TestCases6_Public Customers/CallOnlyPublicCustomers/emptyNameNumberEmailWithTag" status="PASSED">
         <system-out><![CDATA[2018-09-05 18:44:34 - [TEST_CASE][PASSED] - Test Cases/completed/TestCases6_Public Customers/CallOnlyPublicCustomers/emptyNameNumberEmailWithTag: Test Cases/completed/TestCases6_Public Customers/CallOnlyPublicCustomers/emptyNameNumberEmailWithTag

2018-09-05 18:44:34 - [TEST_STEP][PASSED] - callTestCase: Call Test Case 'Test Cases/BVT/aSimple_Login' successfully

2018-09-05 18:44:35 - [TEST_CASE][PASSED] - Test Cases/BVT/aSimple_Login: Test Cases/BVT/aSimple_Login

2018-09-05 18:44:35 - [TEST_STEP][PASSED] - openBrowser: Browser is opened with url: ''

2018-09-05 18:44:35 - [MESSAGE][WARNING] - A browser is already opened. Closing browser and opening a new one

2018-09-05 18:44:38 - [MESSAGE][PASSED] - Browser is opened with url: ''

2018-09-05 18:44:38 - [TEST_STEP][PASSED] - maximizeWindow: Current window maximized

2018-09-05 18:44:39 - [MESSAGE][PASSED] - Current window maximized

2018-09-05 18:44:39 - [TEST_STEP][PASSED] - navigateToUrl: Navigate to 'https://dev.vcalling.in/enterprises/UAT/Dashboard/index.html' successfully

2018-09-05 18:44:43 - [MESSAGE][PASSED] - Navigate to 'https://dev.vcalling.in/enterprises/UAT/Dashboard/index.html' successfully

2018-09-05 18:44:43 - [TEST_STEP][PASSED] - setText: Text 'testing4dea@gmail.com' is set on object 'Object Repository/Login/UserId'

2018-09-05 18:44:43 - [MESSAGE][PASSED] - Text 'testing4dea@gmail.com' is set on object 'Object Repository/Login/UserId'

2018-09-05 18:44:43 - [TEST_STEP][PASSED] - click: Object: 'Object Repository/Login/div_GET OTP' is clicked on

2018-09-05 18:44:43 - [MESSAGE][PASSED] - Object: 'Object Repository/Login/div_GET OTP' is clicked on

2018-09-05 18:44:43 - [TEST_STEP][PASSED] - waitForElementPresent: Object 'Object Repository/Login/div_SUBMIT' is present

2018-09-05 18:44:45 - [MESSAGE][PASSED] - Object 'Object Repository/Login/div_SUBMIT' is present

2018-09-05 18:44:45 - [TEST_STEP][PASSED] - Statement - If (com.kms.katalon.core.webui.keyword.WebUiBuiltInKeywords.verifyElementNotPresent(com.kms.katalon.core.testobject.ObjectRepository.findTestObject(Login/div_SUBMIT), 5, OPTIONAL)): Web element with id: 'Object Repository/Login/div_SUBMIT' located by 'By.xpath: //div[(text() = ' SUBMIT ' or . = ' SUBMIT ')]' is present after '5' second(s)

2018-09-05 18:44:50 - [MESSAGE][WARNING] - Web element with id: 'Object Repository/Login/div_SUBMIT' located by 'By.xpath: //div[(text() = ' SUBMIT ' or . = ' SUBMIT ')]' is present after '5' second(s)
[[ATTACHMENT|C:\\Users\\User\\Desktop\\Katalon Studio\\Katalon Studio\\vCallingDashboard\\Reports\\RegressionSuite\\20180905_175530\\1536153290547.png]]

2018-09-05 18:44:50 - [TEST_STEP][PASSED] - Statement - sleep(5000): null

2018-09-05 18:44:55 - [TEST_STEP][PASSED] - Statement - OTP = getOTP(): null

2018-09-05 18:44:55 - [TEST_STEP][PASSED] - Statement - host = "imap.gmail.com": null

2018-09-05 18:44:55 - [TEST_STEP][PASSED] - Statement - msg = <not implemented yet for class: org.codehaus.groovy.ast.expr.EmptyExpression>: null

2018-09-05 18:44:55 - [TEST_STEP][PASSED] - Statement - msgSub = <not implemented yet for class: org.codehaus.groovy.ast.expr.EmptyExpression>: null

2018-09-05 18:44:55 - [TEST_STEP][PASSED] - Statement - OTP = "unavailable": null

2018-09-05 18:44:55 - [TEST_STEP][PASSED] - Statement - props = new java.util.Properties(): null

2018-09-05 18:44:55 - [TEST_STEP][PASSED] - Statement - props.setProperty("mail.imap.ssl.enable", "true"): null

2018-09-05 18:44:55 - [TEST_STEP][PASSED] - Statement - session = javax.mail.Session.getInstance(props): null

2018-09-05 18:44:55 - [TEST_STEP][PASSED] - Statement - store = <not implemented yet for class: org.codehaus.groovy.ast.expr.EmptyExpression>: null

2018-09-05 18:44:55 - [TEST_STEP][PASSED] - Statement - Try: null

2018-09-05 18:44:55 - [TEST_STEP][PASSED] - Statement - store = session.getStore("imap"): null

2018-09-05 18:44:55 - [TEST_STEP][PASSED] - Statement - store.connect(host, Email, Password): null

2018-09-05 18:44:57 - [TEST_STEP][PASSED] - Statement - emailFolder = store.getFolder("INBOX"): null

2018-09-05 18:44:57 - [TEST_STEP][PASSED] - Statement - emailFolder.open(READ_WRITE): null

2018-09-05 18:44:57 - [TEST_STEP][PASSED] - Statement - messages = emailFolder.getMessages(): null

2018-09-05 18:44:57 - [TEST_STEP][PASSED] - Statement - n = length: null

2018-09-05 18:44:57 - [TEST_STEP][PASSED] - Statement - message = messages[n - 1]: null

2018-09-05 18:44:57 - [TEST_STEP][PASSED] - Statement - msgSub = message.getSubject(): null

2018-09-05 18:44:58 - [TEST_STEP][PASSED] - Statement - If (msgSub.equals("OTP to Sign In")): null

2018-09-05 18:44:58 - [TEST_STEP][PASSED] - Statement - msg = message.getContent().toString(): null

2018-09-05 18:44:59 - [TEST_STEP][PASSED] - Statement - OTP = msg.substring(msg.length() - 7): null

2018-09-05 18:44:59 - [TEST_STEP][PASSED] - Statement - message.setFlag(DELETED, true): null

2018-09-05 18:44:59 - [TEST_STEP][PASSED] - Statement - emailFolder.close(true): null

2018-09-05 18:44:59 - [TEST_STEP][PASSED] - Statement - store.close(): null

2018-09-05 18:45:00 - [TEST_STEP][PASSED] - Statement - return OTP: null

2018-09-05 18:45:00 - [TEST_STEP][PASSED] - Statement - If (OTP.equals("unavailable")): null

2018-09-05 18:45:00 - [TEST_STEP][PASSED] - Statement - Else: Text 'g9221
' is set on object 'Object Repository/Login/OtpInput'

2018-09-05 18:45:00 - [TEST_STEP][PASSED] - setText: Text 'g9221
' is set on object 'Object Repository/Login/OtpInput'

2018-09-05 18:45:00 - [MESSAGE][PASSED] - Text 'g9221
' is set on object 'Object Repository/Login/OtpInput'

2018-09-05 18:45:00 - [TEST_STEP][PASSED] - verifyElementPresent: Object 'Object Repository/Login/afterOpenDisplay' is present

2018-09-05 18:45:01 - [MESSAGE][PASSED] - Object 'Object Repository/Login/afterOpenDisplay' is present

2018-09-05 18:45:01 - [MESSAGE][PASSED] - Call Test Case 'Test Cases/BVT/aSimple_Login' successfully

2018-09-05 18:45:01 - [TEST_STEP][PASSED] - Statement - driver = com.kms.katalon.core.webui.driver.DriverFactory.getWebDriver(): null

2018-09-05 18:45:01 - [TEST_STEP][PASSED] - click: Object: 'Object Repository/Dashboard_Link Generator/linkgeneratorIcon' is clicked on

2018-09-05 18:45:01 - [MESSAGE][PASSED] - Object: 'Object Repository/Dashboard_Link Generator/linkgeneratorIcon' is clicked on

2018-09-05 18:45:01 - [TEST_STEP][PASSED] - click: Object: 'Object Repository/Public Links/publicLinkTab' is clicked on

2018-09-05 18:45:02 - [MESSAGE][PASSED] - Object: 'Object Repository/Public Links/publicLinkTab' is clicked on

2018-09-05 18:45:02 - [TEST_STEP][PASSED] - Statement - x = CustomKeywords.newPackage.newKeyword.randomString(3).toLowerCase(): newPackage.newKeyword.randomString is PASSED

2018-09-05 18:45:02 - [MESSAGE][PASSED] - newPackage.newKeyword.randomString is PASSED

2018-09-05 18:45:02 - [TEST_STEP][PASSED] - Statement - teamMeberName = x: null

2018-09-05 18:45:02 - [TEST_STEP][PASSED] - setText: Text 'xmaa' is set on object 'Object Repository/Public Links/PubLinkWithTag'

2018-09-05 18:45:02 - [MESSAGE][PASSED] - Text 'xmaa' is set on object 'Object Repository/Public Links/PubLinkWithTag'

2018-09-05 18:45:02 - [TEST_STEP][PASSED] - click: Object: 'Object Repository/Public Links/checkBoxPubLink' is clicked on

2018-09-05 18:45:03 - [MESSAGE][PASSED] - Object: 'Object Repository/Public Links/checkBoxPubLink' is clicked on

2018-09-05 18:45:03 - [TEST_STEP][PASSED] - click: Object: 'Object Repository/Public Links/GetLink' is clicked on

2018-09-05 18:45:03 - [MESSAGE][PASSED] - Object: 'Object Repository/Public Links/GetLink' is clicked on

2018-09-05 18:45:03 - [TEST_STEP][PASSED] - Statement - getLink = com.kms.katalon.core.webui.keyword.WebUiBuiltInKeywords.getAttribute(com.kms.katalon.core.testobject.ObjectRepository.findTestObject(Dashboard_Link Generator/input_link-text), "value"): Attribute 'value' of object 'Object Repository/Dashboard_Link Generator/input_link-text' is: 'https://dev.vcalling.in/url/UAT/?id=UAT_publicLink-87&p=t&c=t'

2018-09-05 18:45:04 - [MESSAGE][PASSED] - Attribute 'value' of object 'Object Repository/Dashboard_Link Generator/input_link-text' is: 'https://dev.vcalling.in/url/UAT/?id=UAT_publicLink-87&p=t&c=t'

2018-09-05 18:45:04 - [TEST_STEP][PASSED] - Statement - println(getLink): null

2018-09-05 18:45:04 - [TEST_STEP][PASSED] - click: Object: 'Object Repository/Dashboard_Link Generator/copyLink' is clicked on

2018-09-05 18:45:04 - [MESSAGE][PASSED] - Object: 'Object Repository/Dashboard_Link Generator/copyLink' is clicked on

2018-09-05 18:45:04 - [TEST_STEP][PASSED] - delay: Delayed 2 second(s)

2018-09-05 18:45:06 - [MESSAGE][PASSED] - Delayed 2 second(s)

2018-09-05 18:45:06 - [TEST_STEP][PASSED] - Statement - js = driver: null

2018-09-05 18:45:06 - [TEST_STEP][PASSED] - Statement - js.executeScript("window.open();"): null

2018-09-05 18:45:06 - [TEST_STEP][PASSED] - Statement - currentWindow = com.kms.katalon.core.webui.keyword.WebUiBuiltInKeywords.getWindowIndex(): Current window's index is: 0

2018-09-05 18:45:06 - [MESSAGE][PASSED] - Current window's index is: 0

2018-09-05 18:45:06 - [TEST_STEP][PASSED] - switchToWindowIndex: Switched to window with index: '1'

2018-09-05 18:45:06 - [MESSAGE][PASSED] - Switched to window with index: '1'

2018-09-05 18:45:06 - [TEST_STEP][PASSED] - navigateToUrl: Navigate to 'https://dev.vcalling.in/url/UAT/?id=UAT_publicLink-87&p=t&c=t' successfully

2018-09-05 18:45:10 - [MESSAGE][PASSED] - Navigate to 'https://dev.vcalling.in/url/UAT/?id=UAT_publicLink-87&p=t&c=t' successfully

2018-09-05 18:45:10 - [TEST_STEP][PASSED] - setText: Text ' ' is set on object 'Object Repository/PublicCustomer/callOnlyCustName'

2018-09-05 18:45:11 - [MESSAGE][PASSED] - Text ' ' is set on object 'Object Repository/PublicCustomer/callOnlyCustName'

2018-09-05 18:45:11 - [TEST_STEP][PASSED] - click: Object: 'Object Repository/PublicCustomer/callOnlyNextButton' is clicked on

2018-09-05 18:45:12 - [MESSAGE][PASSED] - Object: 'Object Repository/PublicCustomer/callOnlyNextButton' is clicked on

2018-09-05 18:45:12 - [TEST_STEP][PASSED] - Statement - number = CustomKeywords.phoneNumbers.contactNumbers.randomString(9): phoneNumbers.contactNumbers.randomString is PASSED

2018-09-05 18:45:12 - [MESSAGE][PASSED] - phoneNumbers.contactNumbers.randomString is PASSED

2018-09-05 18:45:12 - [TEST_STEP][PASSED] - Statement - Mobile_Number = number: null

2018-09-05 18:45:12 - [TEST_STEP][PASSED] - setText: Text '7162495891' is set on object 'Object Repository/PublicCustomer/customerNumber'

2018-09-05 18:45:13 - [MESSAGE][PASSED] - Text '7162495891' is set on object 'Object Repository/PublicCustomer/customerNumber'

2018-09-05 18:45:13 - [TEST_STEP][PASSED] - setText: Text 'iFlQl8egpN@gmail.com' is set on object 'Object Repository/PublicCustomer/callOnlyEmail'

2018-09-05 18:45:13 - [MESSAGE][PASSED] - newPackage.newKeyword.randomString is PASSED

2018-09-05 18:45:14 - [MESSAGE][PASSED] - Text 'iFlQl8egpN@gmail.com' is set on object 'Object Repository/PublicCustomer/callOnlyEmail'

2018-09-05 18:45:14 - [TEST_STEP][PASSED] - click: Object: 'Object Repository/PublicCustomer/doneButtonCallOnly' is clicked on

2018-09-05 18:45:15 - [MESSAGE][PASSED] - Object: 'Object Repository/PublicCustomer/doneButtonCallOnly' is clicked on

2018-09-05 18:45:15 - [TEST_STEP][PASSED] - Statement - currentTab = com.kms.katalon.core.webui.keyword.WebUiBuiltInKeywords.getWindowIndex(): Current window's index is: 1

2018-09-05 18:45:15 - [MESSAGE][PASSED] - Current window's index is: 1

2018-09-05 18:45:15 - [TEST_STEP][PASSED] - delay: Delayed 10 second(s)

2018-09-05 18:45:25 - [MESSAGE][PASSED] - Delayed 10 second(s)

2018-09-05 18:45:25 - [TEST_STEP][PASSED] - switchToWindowIndex: Switched to window with index: '0'

2018-09-05 18:45:25 - [MESSAGE][PASSED] - Switched to window with index: '0'

2018-09-05 18:45:25 - [TEST_STEP][PASSED] - refresh: Refresh successfully

2018-09-05 18:45:25 - [MESSAGE][PASSED] - Refresh successfully

2018-09-05 18:45:25 - [TEST_STEP][PASSED] - acceptAlert: Alert accepted

2018-09-05 18:45:25 - [MESSAGE][PASSED] - Alert accepted]]></system-out>
         <system-err><![CDATA[]]></system-err>
      </testcase>
      <testcase name="Test Cases/completed/TestCases6_Public Customers/CallOnlyPublicCustomers/emptyNameNumberWithTag" classname="Test Cases/completed/TestCases6_Public Customers/CallOnlyPublicCustomers/emptyNameNumberWithTag" status="PASSED">
         <system-out><![CDATA[2018-09-05 18:45:25 - [TEST_CASE][PASSED] - Test Cases/completed/TestCases6_Public Customers/CallOnlyPublicCustomers/emptyNameNumberWithTag: Test Cases/completed/TestCases6_Public Customers/CallOnlyPublicCustomers/emptyNameNumberWithTag

2018-09-05 18:45:26 - [TEST_STEP][PASSED] - callTestCase: Call Test Case 'Test Cases/BVT/aSimple_Login' successfully

2018-09-05 18:45:26 - [TEST_CASE][PASSED] - Test Cases/BVT/aSimple_Login: Test Cases/BVT/aSimple_Login

2018-09-05 18:45:26 - [TEST_STEP][PASSED] - openBrowser: Browser is opened with url: ''

2018-09-05 18:45:26 - [MESSAGE][WARNING] - A browser is already opened. Closing browser and opening a new one

2018-09-05 18:45:29 - [MESSAGE][PASSED] - Browser is opened with url: ''

2018-09-05 18:45:29 - [TEST_STEP][PASSED] - maximizeWindow: Current window maximized

2018-09-05 18:45:30 - [MESSAGE][PASSED] - Current window maximized

2018-09-05 18:45:30 - [TEST_STEP][PASSED] - navigateToUrl: Navigate to 'https://dev.vcalling.in/enterprises/UAT/Dashboard/index.html' successfully

2018-09-05 18:45:34 - [MESSAGE][PASSED] - Navigate to 'https://dev.vcalling.in/enterprises/UAT/Dashboard/index.html' successfully

2018-09-05 18:45:34 - [TEST_STEP][PASSED] - setText: Text 'testing4dea@gmail.com' is set on object 'Object Repository/Login/UserId'

2018-09-05 18:45:35 - [MESSAGE][PASSED] - Text 'testing4dea@gmail.com' is set on object 'Object Repository/Login/UserId'

2018-09-05 18:45:35 - [TEST_STEP][PASSED] - click: Object: 'Object Repository/Login/div_GET OTP' is clicked on

2018-09-05 18:45:35 - [MESSAGE][PASSED] - Object: 'Object Repository/Login/div_GET OTP' is clicked on

2018-09-05 18:45:35 - [TEST_STEP][PASSED] - waitForElementPresent: Object 'Object Repository/Login/div_SUBMIT' is present

2018-09-05 18:45:36 - [MESSAGE][PASSED] - Object 'Object Repository/Login/div_SUBMIT' is present

2018-09-05 18:45:36 - [TEST_STEP][PASSED] - Statement - If (com.kms.katalon.core.webui.keyword.WebUiBuiltInKeywords.verifyElementNotPresent(com.kms.katalon.core.testobject.ObjectRepository.findTestObject(Login/div_SUBMIT), 5, OPTIONAL)): Web element with id: 'Object Repository/Login/div_SUBMIT' located by 'By.xpath: //div[(text() = ' SUBMIT ' or . = ' SUBMIT ')]' is present after '5' second(s)

2018-09-05 18:45:42 - [MESSAGE][WARNING] - Web element with id: 'Object Repository/Login/div_SUBMIT' located by 'By.xpath: //div[(text() = ' SUBMIT ' or . = ' SUBMIT ')]' is present after '5' second(s)
[[ATTACHMENT|C:\\Users\\User\\Desktop\\Katalon Studio\\Katalon Studio\\vCallingDashboard\\Reports\\RegressionSuite\\20180905_175530\\1536153342044.png]]

2018-09-05 18:45:42 - [TEST_STEP][PASSED] - Statement - sleep(5000): null

2018-09-05 18:45:47 - [TEST_STEP][PASSED] - Statement - OTP = getOTP(): null

2018-09-05 18:45:47 - [TEST_STEP][PASSED] - Statement - host = "imap.gmail.com": null

2018-09-05 18:45:47 - [TEST_STEP][PASSED] - Statement - msg = <not implemented yet for class: org.codehaus.groovy.ast.expr.EmptyExpression>: null

2018-09-05 18:45:47 - [TEST_STEP][PASSED] - Statement - msgSub = <not implemented yet for class: org.codehaus.groovy.ast.expr.EmptyExpression>: null

2018-09-05 18:45:47 - [TEST_STEP][PASSED] - Statement - OTP = "unavailable": null

2018-09-05 18:45:47 - [TEST_STEP][PASSED] - Statement - props = new java.util.Properties(): null

2018-09-05 18:45:47 - [TEST_STEP][PASSED] - Statement - props.setProperty("mail.imap.ssl.enable", "true"): null

2018-09-05 18:45:47 - [TEST_STEP][PASSED] - Statement - session = javax.mail.Session.getInstance(props): null

2018-09-05 18:45:47 - [TEST_STEP][PASSED] - Statement - store = <not implemented yet for class: org.codehaus.groovy.ast.expr.EmptyExpression>: null

2018-09-05 18:45:47 - [TEST_STEP][PASSED] - Statement - Try: null

2018-09-05 18:45:47 - [TEST_STEP][PASSED] - Statement - store = session.getStore("imap"): null

2018-09-05 18:45:47 - [TEST_STEP][PASSED] - Statement - store.connect(host, Email, Password): null

2018-09-05 18:45:49 - [TEST_STEP][PASSED] - Statement - emailFolder = store.getFolder("INBOX"): null

2018-09-05 18:45:49 - [TEST_STEP][PASSED] - Statement - emailFolder.open(READ_WRITE): null

2018-09-05 18:45:49 - [TEST_STEP][PASSED] - Statement - messages = emailFolder.getMessages(): null

2018-09-05 18:45:49 - [TEST_STEP][PASSED] - Statement - n = length: null

2018-09-05 18:45:49 - [TEST_STEP][PASSED] - Statement - message = messages[n - 1]: null

2018-09-05 18:45:49 - [TEST_STEP][PASSED] - Statement - msgSub = message.getSubject(): null

2018-09-05 18:45:49 - [TEST_STEP][PASSED] - Statement - If (msgSub.equals("OTP to Sign In")): null

2018-09-05 18:45:49 - [TEST_STEP][PASSED] - Statement - msg = message.getContent().toString(): null

2018-09-05 18:45:50 - [TEST_STEP][PASSED] - Statement - OTP = msg.substring(msg.length() - 7): null

2018-09-05 18:45:50 - [TEST_STEP][PASSED] - Statement - message.setFlag(DELETED, true): null

2018-09-05 18:45:50 - [TEST_STEP][PASSED] - Statement - emailFolder.close(true): null

2018-09-05 18:45:51 - [TEST_STEP][PASSED] - Statement - store.close(): null

2018-09-05 18:45:51 - [TEST_STEP][PASSED] - Statement - return OTP: null

2018-09-05 18:45:51 - [TEST_STEP][PASSED] - Statement - If (OTP.equals("unavailable")): null

2018-09-05 18:45:51 - [TEST_STEP][PASSED] - Statement - Else: Text 'g7989
' is set on object 'Object Repository/Login/OtpInput'

2018-09-05 18:45:51 - [TEST_STEP][PASSED] - setText: Text 'g7989
' is set on object 'Object Repository/Login/OtpInput'

2018-09-05 18:45:52 - [MESSAGE][PASSED] - Text 'g7989
' is set on object 'Object Repository/Login/OtpInput'

2018-09-05 18:45:52 - [TEST_STEP][PASSED] - verifyElementPresent: Object 'Object Repository/Login/afterOpenDisplay' is present

2018-09-05 18:45:53 - [MESSAGE][PASSED] - Object 'Object Repository/Login/afterOpenDisplay' is present

2018-09-05 18:45:53 - [MESSAGE][PASSED] - Call Test Case 'Test Cases/BVT/aSimple_Login' successfully

2018-09-05 18:45:53 - [TEST_STEP][PASSED] - Statement - driver = com.kms.katalon.core.webui.driver.DriverFactory.getWebDriver(): null

2018-09-05 18:45:53 - [TEST_STEP][PASSED] - click: Object: 'Object Repository/Dashboard_Link Generator/linkgeneratorIcon' is clicked on

2018-09-05 18:45:55 - [MESSAGE][PASSED] - Object: 'Object Repository/Dashboard_Link Generator/linkgeneratorIcon' is clicked on

2018-09-05 18:45:55 - [TEST_STEP][PASSED] - click: Object: 'Object Repository/Public Links/publicLinkTab' is clicked on

2018-09-05 18:45:57 - [MESSAGE][PASSED] - Object: 'Object Repository/Public Links/publicLinkTab' is clicked on

2018-09-05 18:45:57 - [TEST_STEP][PASSED] - Statement - x = CustomKeywords.newPackage.newKeyword.randomString(3).toLowerCase(): newPackage.newKeyword.randomString is PASSED

2018-09-05 18:45:57 - [MESSAGE][PASSED] - newPackage.newKeyword.randomString is PASSED

2018-09-05 18:45:57 - [TEST_STEP][PASSED] - Statement - teamMeberName = x: null

2018-09-05 18:45:57 - [TEST_STEP][PASSED] - setText: Text 'ojca' is set on object 'Object Repository/Public Links/PubLinkWithTag'

2018-09-05 18:45:59 - [MESSAGE][PASSED] - Text 'ojca' is set on object 'Object Repository/Public Links/PubLinkWithTag'

2018-09-05 18:45:59 - [TEST_STEP][PASSED] - click: Object: 'Object Repository/Public Links/checkBoxPubLink' is clicked on

2018-09-05 18:45:59 - [MESSAGE][PASSED] - Object: 'Object Repository/Public Links/checkBoxPubLink' is clicked on

2018-09-05 18:45:59 - [TEST_STEP][PASSED] - click: Object: 'Object Repository/Public Links/GetLink' is clicked on

2018-09-05 18:46:00 - [MESSAGE][PASSED] - Object: 'Object Repository/Public Links/GetLink' is clicked on

2018-09-05 18:46:00 - [TEST_STEP][PASSED] - Statement - getLink = com.kms.katalon.core.webui.keyword.WebUiBuiltInKeywords.getAttribute(com.kms.katalon.core.testobject.ObjectRepository.findTestObject(Dashboard_Link Generator/input_link-text), "value"): Attribute 'value' of object 'Object Repository/Dashboard_Link Generator/input_link-text' is: 'https://dev.vcalling.in/url/UAT/?id=UAT_publicLink-88&p=t&c=t'

2018-09-05 18:46:01 - [MESSAGE][PASSED] - Attribute 'value' of object 'Object Repository/Dashboard_Link Generator/input_link-text' is: 'https://dev.vcalling.in/url/UAT/?id=UAT_publicLink-88&p=t&c=t'

2018-09-05 18:46:01 - [TEST_STEP][PASSED] - Statement - println(getLink): null

2018-09-05 18:46:01 - [TEST_STEP][PASSED] - click: Object: 'Object Repository/Dashboard_Link Generator/copyLink' is clicked on

2018-09-05 18:46:02 - [MESSAGE][PASSED] - Object: 'Object Repository/Dashboard_Link Generator/copyLink' is clicked on

2018-09-05 18:46:02 - [TEST_STEP][PASSED] - delay: Delayed 2 second(s)

2018-09-05 18:46:04 - [MESSAGE][PASSED] - Delayed 2 second(s)

2018-09-05 18:46:04 - [TEST_STEP][PASSED] - Statement - js = driver: null

2018-09-05 18:46:04 - [TEST_STEP][PASSED] - Statement - js.executeScript("window.open();"): null

2018-09-05 18:46:04 - [TEST_STEP][PASSED] - Statement - currentWindow = com.kms.katalon.core.webui.keyword.WebUiBuiltInKeywords.getWindowIndex(): Current window's index is: 0

2018-09-05 18:46:04 - [MESSAGE][PASSED] - Current window's index is: 0

2018-09-05 18:46:04 - [TEST_STEP][PASSED] - switchToWindowIndex: Switched to window with index: '1'

2018-09-05 18:46:04 - [MESSAGE][PASSED] - Switched to window with index: '1'

2018-09-05 18:46:04 - [TEST_STEP][PASSED] - navigateToUrl: Navigate to 'https://dev.vcalling.in/url/UAT/?id=UAT_publicLink-88&p=t&c=t' successfully

2018-09-05 18:46:07 - [MESSAGE][PASSED] - Navigate to 'https://dev.vcalling.in/url/UAT/?id=UAT_publicLink-88&p=t&c=t' successfully

2018-09-05 18:46:07 - [TEST_STEP][PASSED] - setText: Text ' ' is set on object 'Object Repository/PublicCustomer/callOnlyCustName'

2018-09-05 18:46:09 - [MESSAGE][PASSED] - Text ' ' is set on object 'Object Repository/PublicCustomer/callOnlyCustName'

2018-09-05 18:46:09 - [TEST_STEP][PASSED] - click: Object: 'Object Repository/PublicCustomer/callOnlyNextButton' is clicked on

2018-09-05 18:46:09 - [MESSAGE][PASSED] - Object: 'Object Repository/PublicCustomer/callOnlyNextButton' is clicked on

2018-09-05 18:46:09 - [TEST_STEP][PASSED] - Statement - number = CustomKeywords.phoneNumbers.contactNumbers.randomString(9): phoneNumbers.contactNumbers.randomString is PASSED

2018-09-05 18:46:10 - [MESSAGE][PASSED] - phoneNumbers.contactNumbers.randomString is PASSED

2018-09-05 18:46:10 - [TEST_STEP][PASSED] - Statement - Mobile_Number = number: null

2018-09-05 18:46:10 - [TEST_STEP][PASSED] - setText: Text '7948690941' is set on object 'Object Repository/PublicCustomer/customerNumber'

2018-09-05 18:46:11 - [MESSAGE][PASSED] - Text '7948690941' is set on object 'Object Repository/PublicCustomer/customerNumber'

2018-09-05 18:46:11 - [TEST_STEP][PASSED] - click: Object: 'Object Repository/PublicCustomer/doneButtonCallOnly' is clicked on

2018-09-05 18:46:11 - [MESSAGE][PASSED] - Object: 'Object Repository/PublicCustomer/doneButtonCallOnly' is clicked on

2018-09-05 18:46:11 - [TEST_STEP][PASSED] - Statement - currentTab = com.kms.katalon.core.webui.keyword.WebUiBuiltInKeywords.getWindowIndex(): Current window's index is: 1

2018-09-05 18:46:11 - [MESSAGE][PASSED] - Current window's index is: 1

2018-09-05 18:46:11 - [TEST_STEP][PASSED] - delay: Delayed 10 second(s)

2018-09-05 18:46:21 - [MESSAGE][PASSED] - Delayed 10 second(s)

2018-09-05 18:46:21 - [TEST_STEP][PASSED] - switchToWindowIndex: Switched to window with index: '0'

2018-09-05 18:46:21 - [MESSAGE][PASSED] - Switched to window with index: '0'

2018-09-05 18:46:21 - [TEST_STEP][PASSED] - refresh: Refresh successfully

2018-09-05 18:46:21 - [MESSAGE][PASSED] - Refresh successfully

2018-09-05 18:46:21 - [TEST_STEP][PASSED] - acceptAlert: Alert accepted

2018-09-05 18:46:21 - [MESSAGE][PASSED] - Alert accepted]]></system-out>
         <system-err><![CDATA[]]></system-err>
      </testcase>
      <testcase name="Test Cases/completed/TestCases6_Public Customers/CallOnlyPublicCustomers/nameEmailNumberWithTag" classname="Test Cases/completed/TestCases6_Public Customers/CallOnlyPublicCustomers/nameEmailNumberWithTag" status="PASSED">
         <system-out><![CDATA[2018-09-05 18:46:21 - [TEST_CASE][PASSED] - Test Cases/completed/TestCases6_Public Customers/CallOnlyPublicCustomers/nameEmailNumberWithTag: Test Cases/completed/TestCases6_Public Customers/CallOnlyPublicCustomers/nameEmailNumberWithTag

2018-09-05 18:46:22 - [TEST_STEP][PASSED] - callTestCase: Call Test Case 'Test Cases/BVT/aSimple_Login' successfully

2018-09-05 18:46:22 - [TEST_CASE][PASSED] - Test Cases/BVT/aSimple_Login: Test Cases/BVT/aSimple_Login

2018-09-05 18:46:22 - [TEST_STEP][PASSED] - openBrowser: Browser is opened with url: ''

2018-09-05 18:46:22 - [MESSAGE][WARNING] - A browser is already opened. Closing browser and opening a new one

2018-09-05 18:46:28 - [MESSAGE][PASSED] - Browser is opened with url: ''

2018-09-05 18:46:28 - [TEST_STEP][PASSED] - maximizeWindow: Current window maximized

2018-09-05 18:46:29 - [MESSAGE][PASSED] - Current window maximized

2018-09-05 18:46:29 - [TEST_STEP][PASSED] - navigateToUrl: Navigate to 'https://dev.vcalling.in/enterprises/UAT/Dashboard/index.html' successfully

2018-09-05 18:46:33 - [MESSAGE][PASSED] - Navigate to 'https://dev.vcalling.in/enterprises/UAT/Dashboard/index.html' successfully

2018-09-05 18:46:33 - [TEST_STEP][PASSED] - setText: Text 'testing4dea@gmail.com' is set on object 'Object Repository/Login/UserId'

2018-09-05 18:46:34 - [MESSAGE][PASSED] - Text 'testing4dea@gmail.com' is set on object 'Object Repository/Login/UserId'

2018-09-05 18:46:34 - [TEST_STEP][PASSED] - click: Object: 'Object Repository/Login/div_GET OTP' is clicked on

2018-09-05 18:46:34 - [MESSAGE][PASSED] - Object: 'Object Repository/Login/div_GET OTP' is clicked on

2018-09-05 18:46:34 - [TEST_STEP][PASSED] - waitForElementPresent: Object 'Object Repository/Login/div_SUBMIT' is present

2018-09-05 18:46:36 - [MESSAGE][PASSED] - Object 'Object Repository/Login/div_SUBMIT' is present

2018-09-05 18:46:36 - [TEST_STEP][PASSED] - Statement - If (com.kms.katalon.core.webui.keyword.WebUiBuiltInKeywords.verifyElementNotPresent(com.kms.katalon.core.testobject.ObjectRepository.findTestObject(Login/div_SUBMIT), 5, OPTIONAL)): Web element with id: 'Object Repository/Login/div_SUBMIT' located by 'By.xpath: //div[(text() = ' SUBMIT ' or . = ' SUBMIT ')]' is present after '5' second(s)

2018-09-05 18:46:41 - [MESSAGE][WARNING] - Web element with id: 'Object Repository/Login/div_SUBMIT' located by 'By.xpath: //div[(text() = ' SUBMIT ' or . = ' SUBMIT ')]' is present after '5' second(s)
[[ATTACHMENT|C:\\Users\\User\\Desktop\\Katalon Studio\\Katalon Studio\\vCallingDashboard\\Reports\\RegressionSuite\\20180905_175530\\1536153401390.png]]

2018-09-05 18:46:41 - [TEST_STEP][PASSED] - Statement - sleep(5000): null

2018-09-05 18:46:46 - [TEST_STEP][PASSED] - Statement - OTP = getOTP(): null

2018-09-05 18:46:46 - [TEST_STEP][PASSED] - Statement - host = "imap.gmail.com": null

2018-09-05 18:46:46 - [TEST_STEP][PASSED] - Statement - msg = <not implemented yet for class: org.codehaus.groovy.ast.expr.EmptyExpression>: null

2018-09-05 18:46:46 - [TEST_STEP][PASSED] - Statement - msgSub = <not implemented yet for class: org.codehaus.groovy.ast.expr.EmptyExpression>: null

2018-09-05 18:46:46 - [TEST_STEP][PASSED] - Statement - OTP = "unavailable": null

2018-09-05 18:46:46 - [TEST_STEP][PASSED] - Statement - props = new java.util.Properties(): null

2018-09-05 18:46:46 - [TEST_STEP][PASSED] - Statement - props.setProperty("mail.imap.ssl.enable", "true"): null

2018-09-05 18:46:46 - [TEST_STEP][PASSED] - Statement - session = javax.mail.Session.getInstance(props): null

2018-09-05 18:46:46 - [TEST_STEP][PASSED] - Statement - store = <not implemented yet for class: org.codehaus.groovy.ast.expr.EmptyExpression>: null

2018-09-05 18:46:46 - [TEST_STEP][PASSED] - Statement - Try: null

2018-09-05 18:46:46 - [TEST_STEP][PASSED] - Statement - store = session.getStore("imap"): null

2018-09-05 18:46:46 - [TEST_STEP][PASSED] - Statement - store.connect(host, Email, Password): null

2018-09-05 18:46:48 - [TEST_STEP][PASSED] - Statement - emailFolder = store.getFolder("INBOX"): null

2018-09-05 18:46:48 - [TEST_STEP][PASSED] - Statement - emailFolder.open(READ_WRITE): null

2018-09-05 18:46:49 - [TEST_STEP][PASSED] - Statement - messages = emailFolder.getMessages(): null

2018-09-05 18:46:49 - [TEST_STEP][PASSED] - Statement - n = length: null

2018-09-05 18:46:49 - [TEST_STEP][PASSED] - Statement - message = messages[n - 1]: null

2018-09-05 18:46:49 - [TEST_STEP][PASSED] - Statement - msgSub = message.getSubject(): null

2018-09-05 18:46:49 - [TEST_STEP][PASSED] - Statement - If (msgSub.equals("OTP to Sign In")): null

2018-09-05 18:46:49 - [TEST_STEP][PASSED] - Statement - msg = message.getContent().toString(): null

2018-09-05 18:46:50 - [TEST_STEP][PASSED] - Statement - OTP = msg.substring(msg.length() - 7): null

2018-09-05 18:46:50 - [TEST_STEP][PASSED] - Statement - message.setFlag(DELETED, true): null

2018-09-05 18:46:50 - [TEST_STEP][PASSED] - Statement - emailFolder.close(true): null

2018-09-05 18:46:50 - [TEST_STEP][PASSED] - Statement - store.close(): null

2018-09-05 18:46:51 - [TEST_STEP][PASSED] - Statement - return OTP: null

2018-09-05 18:46:51 - [TEST_STEP][PASSED] - Statement - If (OTP.equals("unavailable")): null

2018-09-05 18:46:51 - [TEST_STEP][PASSED] - Statement - Else: Text 'r3078
' is set on object 'Object Repository/Login/OtpInput'

2018-09-05 18:46:51 - [TEST_STEP][PASSED] - setText: Text 'r3078
' is set on object 'Object Repository/Login/OtpInput'

2018-09-05 18:46:51 - [MESSAGE][PASSED] - Text 'r3078
' is set on object 'Object Repository/Login/OtpInput'

2018-09-05 18:46:51 - [TEST_STEP][PASSED] - verifyElementPresent: Object 'Object Repository/Login/afterOpenDisplay' is present

2018-09-05 18:46:53 - [MESSAGE][PASSED] - Object 'Object Repository/Login/afterOpenDisplay' is present

2018-09-05 18:46:53 - [MESSAGE][PASSED] - Call Test Case 'Test Cases/BVT/aSimple_Login' successfully

2018-09-05 18:46:53 - [TEST_STEP][PASSED] - Statement - driver = com.kms.katalon.core.webui.driver.DriverFactory.getWebDriver(): null

2018-09-05 18:46:53 - [TEST_STEP][PASSED] - click: Object: 'Object Repository/Dashboard_Link Generator/linkgeneratorIcon' is clicked on

2018-09-05 18:46:53 - [MESSAGE][PASSED] - Object: 'Object Repository/Dashboard_Link Generator/linkgeneratorIcon' is clicked on

2018-09-05 18:46:53 - [TEST_STEP][PASSED] - click: Object: 'Object Repository/Public Links/publicLinkTab' is clicked on

2018-09-05 18:46:54 - [MESSAGE][PASSED] - Object: 'Object Repository/Public Links/publicLinkTab' is clicked on

2018-09-05 18:46:54 - [TEST_STEP][PASSED] - Statement - x = CustomKeywords.newPackage.newKeyword.randomString(3).toLowerCase(): newPackage.newKeyword.randomString is PASSED

2018-09-05 18:46:54 - [MESSAGE][PASSED] - newPackage.newKeyword.randomString is PASSED

2018-09-05 18:46:54 - [TEST_STEP][PASSED] - Statement - teamMeberName = x: null

2018-09-05 18:46:54 - [TEST_STEP][PASSED] - setText: Text 'suya' is set on object 'Object Repository/Public Links/PubLinkWithTag'

2018-09-05 18:46:55 - [MESSAGE][PASSED] - Text 'suya' is set on object 'Object Repository/Public Links/PubLinkWithTag'

2018-09-05 18:46:55 - [TEST_STEP][PASSED] - click: Object: 'Object Repository/Public Links/checkBoxPubLink' is clicked on

2018-09-05 18:46:55 - [MESSAGE][PASSED] - Object: 'Object Repository/Public Links/checkBoxPubLink' is clicked on

2018-09-05 18:46:55 - [TEST_STEP][PASSED] - click: Object: 'Object Repository/Public Links/GetLink' is clicked on

2018-09-05 18:46:55 - [MESSAGE][PASSED] - Object: 'Object Repository/Public Links/GetLink' is clicked on

2018-09-05 18:46:55 - [TEST_STEP][PASSED] - Statement - getLink = com.kms.katalon.core.webui.keyword.WebUiBuiltInKeywords.getAttribute(com.kms.katalon.core.testobject.ObjectRepository.findTestObject(Dashboard_Link Generator/input_link-text), "value"): Attribute 'value' of object 'Object Repository/Dashboard_Link Generator/input_link-text' is: 'https://dev.vcalling.in/url/UAT/?id=UAT_publicLink-89&p=t&c=t'

2018-09-05 18:46:56 - [MESSAGE][PASSED] - Attribute 'value' of object 'Object Repository/Dashboard_Link Generator/input_link-text' is: 'https://dev.vcalling.in/url/UAT/?id=UAT_publicLink-89&p=t&c=t'

2018-09-05 18:46:56 - [TEST_STEP][PASSED] - Statement - println(getLink): null

2018-09-05 18:46:56 - [TEST_STEP][PASSED] - click: Object: 'Object Repository/Dashboard_Link Generator/copyLink' is clicked on

2018-09-05 18:46:57 - [MESSAGE][PASSED] - Object: 'Object Repository/Dashboard_Link Generator/copyLink' is clicked on

2018-09-05 18:46:57 - [TEST_STEP][PASSED] - delay: Delayed 2 second(s)

2018-09-05 18:46:59 - [MESSAGE][PASSED] - Delayed 2 second(s)

2018-09-05 18:46:59 - [TEST_STEP][PASSED] - Statement - js = driver: null

2018-09-05 18:46:59 - [TEST_STEP][PASSED] - Statement - js.executeScript("window.open();"): null

2018-09-05 18:46:59 - [TEST_STEP][PASSED] - Statement - currentWindow = com.kms.katalon.core.webui.keyword.WebUiBuiltInKeywords.getWindowIndex(): Current window's index is: 0

2018-09-05 18:46:59 - [MESSAGE][PASSED] - Current window's index is: 0

2018-09-05 18:46:59 - [TEST_STEP][PASSED] - switchToWindowIndex: Switched to window with index: '1'

2018-09-05 18:46:59 - [MESSAGE][PASSED] - Switched to window with index: '1'

2018-09-05 18:46:59 - [TEST_STEP][PASSED] - navigateToUrl: Navigate to 'https://dev.vcalling.in/url/UAT/?id=UAT_publicLink-89&p=t&c=t' successfully

2018-09-05 18:47:02 - [MESSAGE][PASSED] - Navigate to 'https://dev.vcalling.in/url/UAT/?id=UAT_publicLink-89&p=t&c=t' successfully

2018-09-05 18:47:02 - [TEST_STEP][PASSED] - setText: Text 'suy' is set on object 'Object Repository/PublicCustomer/callOnlyCustName'

2018-09-05 18:47:04 - [MESSAGE][PASSED] - Text 'suy' is set on object 'Object Repository/PublicCustomer/callOnlyCustName'

2018-09-05 18:47:04 - [TEST_STEP][PASSED] - click: Object: 'Object Repository/PublicCustomer/callOnlyNextButton' is clicked on

2018-09-05 18:47:05 - [MESSAGE][PASSED] - Object: 'Object Repository/PublicCustomer/callOnlyNextButton' is clicked on

2018-09-05 18:47:05 - [TEST_STEP][PASSED] - Statement - number = CustomKeywords.phoneNumbers.contactNumbers.randomString(9): phoneNumbers.contactNumbers.randomString is PASSED

2018-09-05 18:47:05 - [MESSAGE][PASSED] - phoneNumbers.contactNumbers.randomString is PASSED

2018-09-05 18:47:05 - [TEST_STEP][PASSED] - Statement - Mobile_Number = number: null

2018-09-05 18:47:05 - [TEST_STEP][PASSED] - setText: Text '1826997051' is set on object 'Object Repository/PublicCustomer/customerNumber'

2018-09-05 18:47:05 - [MESSAGE][PASSED] - Text '1826997051' is set on object 'Object Repository/PublicCustomer/customerNumber'

2018-09-05 18:47:05 - [TEST_STEP][PASSED] - setText: Text '22F8kJIzal@gmail.com' is set on object 'Object Repository/PublicCustomer/callOnlyEmail'

2018-09-05 18:47:05 - [MESSAGE][PASSED] - newPackage.newKeyword.randomString is PASSED

2018-09-05 18:47:06 - [MESSAGE][PASSED] - Text '22F8kJIzal@gmail.com' is set on object 'Object Repository/PublicCustomer/callOnlyEmail'

2018-09-05 18:47:06 - [TEST_STEP][PASSED] - click: Object: 'Object Repository/PublicCustomer/doneButtonCallOnly' is clicked on

2018-09-05 18:47:07 - [MESSAGE][PASSED] - Object: 'Object Repository/PublicCustomer/doneButtonCallOnly' is clicked on

2018-09-05 18:47:07 - [TEST_STEP][PASSED] - Statement - currentTab = com.kms.katalon.core.webui.keyword.WebUiBuiltInKeywords.getWindowIndex(): Current window's index is: 1

2018-09-05 18:47:07 - [MESSAGE][PASSED] - Current window's index is: 1

2018-09-05 18:47:07 - [TEST_STEP][PASSED] - delay: Delayed 10 second(s)

2018-09-05 18:47:17 - [MESSAGE][PASSED] - Delayed 10 second(s)

2018-09-05 18:47:17 - [TEST_STEP][PASSED] - switchToWindowIndex: Switched to window with index: '0'

2018-09-05 18:47:17 - [MESSAGE][PASSED] - Switched to window with index: '0'

2018-09-05 18:47:17 - [TEST_STEP][PASSED] - refresh: Refresh successfully

2018-09-05 18:47:17 - [MESSAGE][PASSED] - Refresh successfully

2018-09-05 18:47:17 - [TEST_STEP][PASSED] - acceptAlert: Alert accepted

2018-09-05 18:47:17 - [MESSAGE][PASSED] - Alert accepted]]></system-out>
         <system-err><![CDATA[]]></system-err>
      </testcase>
      <testcase name="Test Cases/completed/TestCases6_Public Customers/CallOnlyPublicCustomers/nameEmailNumWithoutTag" classname="Test Cases/completed/TestCases6_Public Customers/CallOnlyPublicCustomers/nameEmailNumWithoutTag" status="PASSED">
         <system-out><![CDATA[2018-09-05 18:47:17 - [TEST_CASE][PASSED] - Test Cases/completed/TestCases6_Public Customers/CallOnlyPublicCustomers/nameEmailNumWithoutTag: Test Cases/completed/TestCases6_Public Customers/CallOnlyPublicCustomers/nameEmailNumWithoutTag

2018-09-05 18:47:18 - [TEST_STEP][PASSED] - callTestCase: Call Test Case 'Test Cases/BVT/aSimple_Login' successfully

2018-09-05 18:47:18 - [TEST_CASE][PASSED] - Test Cases/BVT/aSimple_Login: Test Cases/BVT/aSimple_Login

2018-09-05 18:47:18 - [TEST_STEP][PASSED] - openBrowser: Browser is opened with url: ''

2018-09-05 18:47:18 - [MESSAGE][WARNING] - A browser is already opened. Closing browser and opening a new one

2018-09-05 18:47:22 - [MESSAGE][PASSED] - Browser is opened with url: ''

2018-09-05 18:47:22 - [TEST_STEP][PASSED] - maximizeWindow: Current window maximized

2018-09-05 18:47:23 - [MESSAGE][PASSED] - Current window maximized

2018-09-05 18:47:23 - [TEST_STEP][PASSED] - navigateToUrl: Navigate to 'https://dev.vcalling.in/enterprises/UAT/Dashboard/index.html' successfully

2018-09-05 18:47:30 - [MESSAGE][PASSED] - Navigate to 'https://dev.vcalling.in/enterprises/UAT/Dashboard/index.html' successfully

2018-09-05 18:47:30 - [TEST_STEP][PASSED] - setText: Text 'testing4dea@gmail.com' is set on object 'Object Repository/Login/UserId'

2018-09-05 18:47:30 - [MESSAGE][PASSED] - Text 'testing4dea@gmail.com' is set on object 'Object Repository/Login/UserId'

2018-09-05 18:47:30 - [TEST_STEP][PASSED] - click: Object: 'Object Repository/Login/div_GET OTP' is clicked on

2018-09-05 18:47:30 - [MESSAGE][PASSED] - Object: 'Object Repository/Login/div_GET OTP' is clicked on

2018-09-05 18:47:30 - [TEST_STEP][PASSED] - waitForElementPresent: Object 'Object Repository/Login/div_SUBMIT' is present

2018-09-05 18:47:31 - [MESSAGE][PASSED] - Object 'Object Repository/Login/div_SUBMIT' is present

2018-09-05 18:47:31 - [TEST_STEP][PASSED] - Statement - If (com.kms.katalon.core.webui.keyword.WebUiBuiltInKeywords.verifyElementNotPresent(com.kms.katalon.core.testobject.ObjectRepository.findTestObject(Login/div_SUBMIT), 5, OPTIONAL)): Web element with id: 'Object Repository/Login/div_SUBMIT' located by 'By.xpath: //div[(text() = ' SUBMIT ' or . = ' SUBMIT ')]' is present after '5' second(s)

2018-09-05 18:47:37 - [MESSAGE][WARNING] - Web element with id: 'Object Repository/Login/div_SUBMIT' located by 'By.xpath: //div[(text() = ' SUBMIT ' or . = ' SUBMIT ')]' is present after '5' second(s)
[[ATTACHMENT|C:\\Users\\User\\Desktop\\Katalon Studio\\Katalon Studio\\vCallingDashboard\\Reports\\RegressionSuite\\20180905_175530\\1536153457104.png]]

2018-09-05 18:47:37 - [TEST_STEP][PASSED] - Statement - sleep(5000): null

2018-09-05 18:47:42 - [TEST_STEP][PASSED] - Statement - OTP = getOTP(): null

2018-09-05 18:47:42 - [TEST_STEP][PASSED] - Statement - host = "imap.gmail.com": null

2018-09-05 18:47:42 - [TEST_STEP][PASSED] - Statement - msg = <not implemented yet for class: org.codehaus.groovy.ast.expr.EmptyExpression>: null

2018-09-05 18:47:42 - [TEST_STEP][PASSED] - Statement - msgSub = <not implemented yet for class: org.codehaus.groovy.ast.expr.EmptyExpression>: null

2018-09-05 18:47:42 - [TEST_STEP][PASSED] - Statement - OTP = "unavailable": null

2018-09-05 18:47:42 - [TEST_STEP][PASSED] - Statement - props = new java.util.Properties(): null

2018-09-05 18:47:42 - [TEST_STEP][PASSED] - Statement - props.setProperty("mail.imap.ssl.enable", "true"): null

2018-09-05 18:47:42 - [TEST_STEP][PASSED] - Statement - session = javax.mail.Session.getInstance(props): null

2018-09-05 18:47:42 - [TEST_STEP][PASSED] - Statement - store = <not implemented yet for class: org.codehaus.groovy.ast.expr.EmptyExpression>: null

2018-09-05 18:47:42 - [TEST_STEP][PASSED] - Statement - Try: null

2018-09-05 18:47:42 - [TEST_STEP][PASSED] - Statement - store = session.getStore("imap"): null

2018-09-05 18:47:42 - [TEST_STEP][PASSED] - Statement - store.connect(host, Email, Password): null

2018-09-05 18:47:44 - [TEST_STEP][PASSED] - Statement - emailFolder = store.getFolder("INBOX"): null

2018-09-05 18:47:44 - [TEST_STEP][PASSED] - Statement - emailFolder.open(READ_WRITE): null

2018-09-05 18:47:44 - [TEST_STEP][PASSED] - Statement - messages = emailFolder.getMessages(): null

2018-09-05 18:47:44 - [TEST_STEP][PASSED] - Statement - n = length: null

2018-09-05 18:47:44 - [TEST_STEP][PASSED] - Statement - message = messages[n - 1]: null

2018-09-05 18:47:44 - [TEST_STEP][PASSED] - Statement - msgSub = message.getSubject(): null

2018-09-05 18:47:44 - [TEST_STEP][PASSED] - Statement - If (msgSub.equals("OTP to Sign In")): null

2018-09-05 18:47:44 - [TEST_STEP][PASSED] - Statement - msg = message.getContent().toString(): null

2018-09-05 18:47:45 - [TEST_STEP][PASSED] - Statement - OTP = msg.substring(msg.length() - 7): null

2018-09-05 18:47:45 - [TEST_STEP][PASSED] - Statement - message.setFlag(DELETED, true): null

2018-09-05 18:47:46 - [TEST_STEP][PASSED] - Statement - emailFolder.close(true): null

2018-09-05 18:47:46 - [TEST_STEP][PASSED] - Statement - store.close(): null

2018-09-05 18:47:46 - [TEST_STEP][PASSED] - Statement - return OTP: null

2018-09-05 18:47:46 - [TEST_STEP][PASSED] - Statement - If (OTP.equals("unavailable")): null

2018-09-05 18:47:46 - [TEST_STEP][PASSED] - Statement - Else: Text 'j8811
' is set on object 'Object Repository/Login/OtpInput'

2018-09-05 18:47:46 - [TEST_STEP][PASSED] - setText: Text 'j8811
' is set on object 'Object Repository/Login/OtpInput'

2018-09-05 18:47:46 - [MESSAGE][PASSED] - Text 'j8811
' is set on object 'Object Repository/Login/OtpInput'

2018-09-05 18:47:46 - [TEST_STEP][PASSED] - verifyElementPresent: Object 'Object Repository/Login/afterOpenDisplay' is present

2018-09-05 18:47:47 - [MESSAGE][PASSED] - Object 'Object Repository/Login/afterOpenDisplay' is present

2018-09-05 18:47:47 - [MESSAGE][PASSED] - Call Test Case 'Test Cases/BVT/aSimple_Login' successfully

2018-09-05 18:47:47 - [TEST_STEP][PASSED] - Statement - driver = com.kms.katalon.core.webui.driver.DriverFactory.getWebDriver(): null

2018-09-05 18:47:47 - [TEST_STEP][PASSED] - click: Object: 'Object Repository/Dashboard_Link Generator/linkgeneratorIcon' is clicked on

2018-09-05 18:47:48 - [MESSAGE][PASSED] - Object: 'Object Repository/Dashboard_Link Generator/linkgeneratorIcon' is clicked on

2018-09-05 18:47:48 - [TEST_STEP][PASSED] - click: Object: 'Object Repository/Public Links/publicLinkTab' is clicked on

2018-09-05 18:47:48 - [MESSAGE][PASSED] - Object: 'Object Repository/Public Links/publicLinkTab' is clicked on

2018-09-05 18:47:48 - [TEST_STEP][PASSED] - click: Object: 'Object Repository/Public Links/checkBoxPubLink' is clicked on

2018-09-05 18:47:48 - [MESSAGE][PASSED] - Object: 'Object Repository/Public Links/checkBoxPubLink' is clicked on

2018-09-05 18:47:48 - [TEST_STEP][PASSED] - click: Object: 'Object Repository/Public Links/GetLink' is clicked on

2018-09-05 18:47:49 - [MESSAGE][PASSED] - Object: 'Object Repository/Public Links/GetLink' is clicked on

2018-09-05 18:47:49 - [TEST_STEP][PASSED] - Statement - getLink = com.kms.katalon.core.webui.keyword.WebUiBuiltInKeywords.getAttribute(com.kms.katalon.core.testobject.ObjectRepository.findTestObject(Dashboard_Link Generator/input_link-text), "value"): Attribute 'value' of object 'Object Repository/Dashboard_Link Generator/input_link-text' is: 'https://dev.vcalling.in/url/UAT/?id=UAT_publicLink-2&p=t&c=t'

2018-09-05 18:47:49 - [MESSAGE][PASSED] - Attribute 'value' of object 'Object Repository/Dashboard_Link Generator/input_link-text' is: 'https://dev.vcalling.in/url/UAT/?id=UAT_publicLink-2&p=t&c=t'

2018-09-05 18:47:49 - [TEST_STEP][PASSED] - Statement - println(getLink): null

2018-09-05 18:47:49 - [TEST_STEP][PASSED] - click: Object: 'Object Repository/Dashboard_Link Generator/copyLink' is clicked on

2018-09-05 18:47:50 - [MESSAGE][PASSED] - Object: 'Object Repository/Dashboard_Link Generator/copyLink' is clicked on

2018-09-05 18:47:50 - [TEST_STEP][PASSED] - delay: Delayed 2 second(s)

2018-09-05 18:47:52 - [MESSAGE][PASSED] - Delayed 2 second(s)

2018-09-05 18:47:52 - [TEST_STEP][PASSED] - Statement - js = driver: null

2018-09-05 18:47:52 - [TEST_STEP][PASSED] - Statement - js.executeScript("window.open();"): null

2018-09-05 18:47:52 - [TEST_STEP][PASSED] - Statement - currentWindow = com.kms.katalon.core.webui.keyword.WebUiBuiltInKeywords.getWindowIndex(): Current window's index is: 0

2018-09-05 18:47:52 - [MESSAGE][PASSED] - Current window's index is: 0

2018-09-05 18:47:52 - [TEST_STEP][PASSED] - switchToWindowIndex: Switched to window with index: '1'

2018-09-05 18:47:52 - [MESSAGE][PASSED] - Switched to window with index: '1'

2018-09-05 18:47:52 - [TEST_STEP][PASSED] - navigateToUrl: Navigate to 'https://dev.vcalling.in/url/UAT/?id=UAT_publicLink-2&p=t&c=t' successfully

2018-09-05 18:47:54 - [MESSAGE][PASSED] - Navigate to 'https://dev.vcalling.in/url/UAT/?id=UAT_publicLink-2&p=t&c=t' successfully

2018-09-05 18:47:54 - [TEST_STEP][PASSED] - Statement - x = CustomKeywords.newPackage.newKeyword.randomString(3).toLowerCase(): newPackage.newKeyword.randomString is PASSED

2018-09-05 18:47:54 - [MESSAGE][PASSED] - newPackage.newKeyword.randomString is PASSED

2018-09-05 18:47:54 - [TEST_STEP][PASSED] - Statement - teamMeberName = x: null

2018-09-05 18:47:54 - [TEST_STEP][PASSED] - setText: Text 'tcs' is set on object 'Object Repository/PublicCustomer/callOnlyCustName'

2018-09-05 18:47:56 - [MESSAGE][PASSED] - Text 'tcs' is set on object 'Object Repository/PublicCustomer/callOnlyCustName'

2018-09-05 18:47:56 - [TEST_STEP][PASSED] - click: Object: 'Object Repository/PublicCustomer/callOnlyNextButton' is clicked on

2018-09-05 18:47:56 - [MESSAGE][PASSED] - Object: 'Object Repository/PublicCustomer/callOnlyNextButton' is clicked on

2018-09-05 18:47:56 - [TEST_STEP][PASSED] - Statement - number = CustomKeywords.phoneNumbers.contactNumbers.randomString(9): phoneNumbers.contactNumbers.randomString is PASSED

2018-09-05 18:47:56 - [MESSAGE][PASSED] - phoneNumbers.contactNumbers.randomString is PASSED

2018-09-05 18:47:56 - [TEST_STEP][PASSED] - Statement - Mobile_Number = number: null

2018-09-05 18:47:56 - [TEST_STEP][PASSED] - setText: Text '1086239371' is set on object 'Object Repository/PublicCustomer/customerNumber'

2018-09-05 18:47:57 - [MESSAGE][PASSED] - Text '1086239371' is set on object 'Object Repository/PublicCustomer/customerNumber'

2018-09-05 18:47:57 - [TEST_STEP][PASSED] - setText: Text '97HawJh7pS@gmail.com' is set on object 'Object Repository/PublicCustomer/callOnlyEmail'

2018-09-05 18:47:57 - [MESSAGE][PASSED] - newPackage.newKeyword.randomString is PASSED

2018-09-05 18:47:58 - [MESSAGE][PASSED] - Text '97HawJh7pS@gmail.com' is set on object 'Object Repository/PublicCustomer/callOnlyEmail'

2018-09-05 18:47:58 - [TEST_STEP][PASSED] - click: Object: 'Object Repository/PublicCustomer/doneButtonCallOnly' is clicked on

2018-09-05 18:47:59 - [MESSAGE][PASSED] - Object: 'Object Repository/PublicCustomer/doneButtonCallOnly' is clicked on

2018-09-05 18:47:59 - [TEST_STEP][PASSED] - Statement - currentTab = com.kms.katalon.core.webui.keyword.WebUiBuiltInKeywords.getWindowIndex(): Current window's index is: 1

2018-09-05 18:47:59 - [MESSAGE][PASSED] - Current window's index is: 1

2018-09-05 18:47:59 - [TEST_STEP][PASSED] - delay: Delayed 10 second(s)

2018-09-05 18:48:09 - [MESSAGE][PASSED] - Delayed 10 second(s)

2018-09-05 18:48:09 - [TEST_STEP][PASSED] - switchToWindowIndex: Switched to window with index: '0'

2018-09-05 18:48:09 - [MESSAGE][PASSED] - Switched to window with index: '0'

2018-09-05 18:48:09 - [TEST_STEP][PASSED] - refresh: Refresh successfully

2018-09-05 18:48:09 - [MESSAGE][PASSED] - Refresh successfully

2018-09-05 18:48:09 - [TEST_STEP][PASSED] - acceptAlert: Alert accepted

2018-09-05 18:48:09 - [MESSAGE][PASSED] - Alert accepted]]></system-out>
         <system-err><![CDATA[]]></system-err>
      </testcase>
      <testcase name="Test Cases/completed/TestCases6_Public Customers/CallOnlyPublicCustomers/nameEmailWithoutTag" classname="Test Cases/completed/TestCases6_Public Customers/CallOnlyPublicCustomers/nameEmailWithoutTag" status="PASSED">
         <system-out><![CDATA[2018-09-05 18:48:09 - [TEST_CASE][PASSED] - Test Cases/completed/TestCases6_Public Customers/CallOnlyPublicCustomers/nameEmailWithoutTag: Test Cases/completed/TestCases6_Public Customers/CallOnlyPublicCustomers/nameEmailWithoutTag

2018-09-05 18:48:10 - [TEST_STEP][PASSED] - callTestCase: Call Test Case 'Test Cases/BVT/aSimple_Login' successfully

2018-09-05 18:48:10 - [TEST_CASE][PASSED] - Test Cases/BVT/aSimple_Login: Test Cases/BVT/aSimple_Login

2018-09-05 18:48:10 - [TEST_STEP][PASSED] - openBrowser: Browser is opened with url: ''

2018-09-05 18:48:10 - [MESSAGE][WARNING] - A browser is already opened. Closing browser and opening a new one

2018-09-05 18:48:13 - [MESSAGE][PASSED] - Browser is opened with url: ''

2018-09-05 18:48:13 - [TEST_STEP][PASSED] - maximizeWindow: Current window maximized

2018-09-05 18:48:14 - [MESSAGE][PASSED] - Current window maximized

2018-09-05 18:48:14 - [TEST_STEP][PASSED] - navigateToUrl: Navigate to 'https://dev.vcalling.in/enterprises/UAT/Dashboard/index.html' successfully

2018-09-05 18:48:19 - [MESSAGE][PASSED] - Navigate to 'https://dev.vcalling.in/enterprises/UAT/Dashboard/index.html' successfully

2018-09-05 18:48:19 - [TEST_STEP][PASSED] - setText: Text 'testing4dea@gmail.com' is set on object 'Object Repository/Login/UserId'

2018-09-05 18:48:20 - [MESSAGE][PASSED] - Text 'testing4dea@gmail.com' is set on object 'Object Repository/Login/UserId'

2018-09-05 18:48:20 - [TEST_STEP][PASSED] - click: Object: 'Object Repository/Login/div_GET OTP' is clicked on

2018-09-05 18:48:20 - [MESSAGE][PASSED] - Object: 'Object Repository/Login/div_GET OTP' is clicked on

2018-09-05 18:48:20 - [TEST_STEP][PASSED] - waitForElementPresent: Object 'Object Repository/Login/div_SUBMIT' is present

2018-09-05 18:48:22 - [MESSAGE][PASSED] - Object 'Object Repository/Login/div_SUBMIT' is present

2018-09-05 18:48:22 - [TEST_STEP][PASSED] - Statement - If (com.kms.katalon.core.webui.keyword.WebUiBuiltInKeywords.verifyElementNotPresent(com.kms.katalon.core.testobject.ObjectRepository.findTestObject(Login/div_SUBMIT), 5, OPTIONAL)): Web element with id: 'Object Repository/Login/div_SUBMIT' located by 'By.xpath: //div[(text() = ' SUBMIT ' or . = ' SUBMIT ')]' is present after '5' second(s)

2018-09-05 18:48:27 - [MESSAGE][WARNING] - Web element with id: 'Object Repository/Login/div_SUBMIT' located by 'By.xpath: //div[(text() = ' SUBMIT ' or . = ' SUBMIT ')]' is present after '5' second(s)
[[ATTACHMENT|C:\\Users\\User\\Desktop\\Katalon Studio\\Katalon Studio\\vCallingDashboard\\Reports\\RegressionSuite\\20180905_175530\\1536153507262.png]]

2018-09-05 18:48:27 - [TEST_STEP][PASSED] - Statement - sleep(5000): null

2018-09-05 18:48:32 - [TEST_STEP][PASSED] - Statement - OTP = getOTP(): null

2018-09-05 18:48:32 - [TEST_STEP][PASSED] - Statement - host = "imap.gmail.com": null

2018-09-05 18:48:32 - [TEST_STEP][PASSED] - Statement - msg = <not implemented yet for class: org.codehaus.groovy.ast.expr.EmptyExpression>: null

2018-09-05 18:48:32 - [TEST_STEP][PASSED] - Statement - msgSub = <not implemented yet for class: org.codehaus.groovy.ast.expr.EmptyExpression>: null

2018-09-05 18:48:32 - [TEST_STEP][PASSED] - Statement - OTP = "unavailable": null

2018-09-05 18:48:32 - [TEST_STEP][PASSED] - Statement - props = new java.util.Properties(): null

2018-09-05 18:48:32 - [TEST_STEP][PASSED] - Statement - props.setProperty("mail.imap.ssl.enable", "true"): null

2018-09-05 18:48:32 - [TEST_STEP][PASSED] - Statement - session = javax.mail.Session.getInstance(props): null

2018-09-05 18:48:32 - [TEST_STEP][PASSED] - Statement - store = <not implemented yet for class: org.codehaus.groovy.ast.expr.EmptyExpression>: null

2018-09-05 18:48:32 - [TEST_STEP][PASSED] - Statement - Try: null

2018-09-05 18:48:32 - [TEST_STEP][PASSED] - Statement - store = session.getStore("imap"): null

2018-09-05 18:48:32 - [TEST_STEP][PASSED] - Statement - store.connect(host, Email, Password): null

2018-09-05 18:48:34 - [TEST_STEP][PASSED] - Statement - emailFolder = store.getFolder("INBOX"): null

2018-09-05 18:48:34 - [TEST_STEP][PASSED] - Statement - emailFolder.open(READ_WRITE): null

2018-09-05 18:48:34 - [TEST_STEP][PASSED] - Statement - messages = emailFolder.getMessages(): null

2018-09-05 18:48:34 - [TEST_STEP][PASSED] - Statement - n = length: null

2018-09-05 18:48:34 - [TEST_STEP][PASSED] - Statement - message = messages[n - 1]: null

2018-09-05 18:48:34 - [TEST_STEP][PASSED] - Statement - msgSub = message.getSubject(): null

2018-09-05 18:48:35 - [TEST_STEP][PASSED] - Statement - If (msgSub.equals("OTP to Sign In")): null

2018-09-05 18:48:35 - [TEST_STEP][PASSED] - Statement - msg = message.getContent().toString(): null

2018-09-05 18:48:35 - [TEST_STEP][PASSED] - Statement - OTP = msg.substring(msg.length() - 7): null

2018-09-05 18:48:35 - [TEST_STEP][PASSED] - Statement - message.setFlag(DELETED, true): null

2018-09-05 18:48:36 - [TEST_STEP][PASSED] - Statement - emailFolder.close(true): null

2018-09-05 18:48:36 - [TEST_STEP][PASSED] - Statement - store.close(): null

2018-09-05 18:48:36 - [TEST_STEP][PASSED] - Statement - return OTP: null

2018-09-05 18:48:36 - [TEST_STEP][PASSED] - Statement - If (OTP.equals("unavailable")): null

2018-09-05 18:48:36 - [TEST_STEP][PASSED] - Statement - Else: Text 'h5813
' is set on object 'Object Repository/Login/OtpInput'

2018-09-05 18:48:36 - [TEST_STEP][PASSED] - setText: Text 'h5813
' is set on object 'Object Repository/Login/OtpInput'

2018-09-05 18:48:37 - [MESSAGE][PASSED] - Text 'h5813
' is set on object 'Object Repository/Login/OtpInput'

2018-09-05 18:48:37 - [TEST_STEP][PASSED] - verifyElementPresent: Object 'Object Repository/Login/afterOpenDisplay' is present

2018-09-05 18:48:38 - [MESSAGE][PASSED] - Object 'Object Repository/Login/afterOpenDisplay' is present

2018-09-05 18:48:38 - [MESSAGE][PASSED] - Call Test Case 'Test Cases/BVT/aSimple_Login' successfully

2018-09-05 18:48:38 - [TEST_STEP][PASSED] - Statement - driver = com.kms.katalon.core.webui.driver.DriverFactory.getWebDriver(): null

2018-09-05 18:48:38 - [TEST_STEP][PASSED] - click: Object: 'Object Repository/Dashboard_Link Generator/linkgeneratorIcon' is clicked on

2018-09-05 18:48:38 - [MESSAGE][PASSED] - Object: 'Object Repository/Dashboard_Link Generator/linkgeneratorIcon' is clicked on

2018-09-05 18:48:38 - [TEST_STEP][PASSED] - click: Object: 'Object Repository/Public Links/publicLinkTab' is clicked on

2018-09-05 18:48:39 - [MESSAGE][PASSED] - Object: 'Object Repository/Public Links/publicLinkTab' is clicked on

2018-09-05 18:48:39 - [TEST_STEP][PASSED] - click: Object: 'Object Repository/Public Links/checkBoxPubLink' is clicked on

2018-09-05 18:48:39 - [MESSAGE][PASSED] - Object: 'Object Repository/Public Links/checkBoxPubLink' is clicked on

2018-09-05 18:48:39 - [TEST_STEP][PASSED] - click: Object: 'Object Repository/Public Links/GetLink' is clicked on

2018-09-05 18:48:39 - [MESSAGE][PASSED] - Object: 'Object Repository/Public Links/GetLink' is clicked on

2018-09-05 18:48:39 - [TEST_STEP][PASSED] - Statement - getLink = com.kms.katalon.core.webui.keyword.WebUiBuiltInKeywords.getAttribute(com.kms.katalon.core.testobject.ObjectRepository.findTestObject(Dashboard_Link Generator/input_link-text), "value"): Attribute 'value' of object 'Object Repository/Dashboard_Link Generator/input_link-text' is: 'https://dev.vcalling.in/url/UAT/?id=UAT_publicLink-2&p=t&c=t'

2018-09-05 18:48:40 - [MESSAGE][PASSED] - Attribute 'value' of object 'Object Repository/Dashboard_Link Generator/input_link-text' is: 'https://dev.vcalling.in/url/UAT/?id=UAT_publicLink-2&p=t&c=t'

2018-09-05 18:48:40 - [TEST_STEP][PASSED] - Statement - println(getLink): null

2018-09-05 18:48:40 - [TEST_STEP][PASSED] - click: Object: 'Object Repository/Dashboard_Link Generator/copyLink' is clicked on

2018-09-05 18:48:40 - [MESSAGE][PASSED] - Object: 'Object Repository/Dashboard_Link Generator/copyLink' is clicked on

2018-09-05 18:48:40 - [TEST_STEP][PASSED] - delay: Delayed 2 second(s)

2018-09-05 18:48:42 - [MESSAGE][PASSED] - Delayed 2 second(s)

2018-09-05 18:48:42 - [TEST_STEP][PASSED] - Statement - js = driver: null

2018-09-05 18:48:42 - [TEST_STEP][PASSED] - Statement - js.executeScript("window.open();"): null

2018-09-05 18:48:42 - [TEST_STEP][PASSED] - Statement - currentWindow = com.kms.katalon.core.webui.keyword.WebUiBuiltInKeywords.getWindowIndex(): Current window's index is: 0

2018-09-05 18:48:42 - [MESSAGE][PASSED] - Current window's index is: 0

2018-09-05 18:48:42 - [TEST_STEP][PASSED] - switchToWindowIndex: Switched to window with index: '1'

2018-09-05 18:48:42 - [MESSAGE][PASSED] - Switched to window with index: '1'

2018-09-05 18:48:42 - [TEST_STEP][PASSED] - navigateToUrl: Navigate to 'https://dev.vcalling.in/url/UAT/?id=UAT_publicLink-2&p=t&c=t' successfully

2018-09-05 18:48:46 - [MESSAGE][PASSED] - Navigate to 'https://dev.vcalling.in/url/UAT/?id=UAT_publicLink-2&p=t&c=t' successfully

2018-09-05 18:48:46 - [TEST_STEP][PASSED] - Statement - x = CustomKeywords.newPackage.newKeyword.randomString(3).toLowerCase(): newPackage.newKeyword.randomString is PASSED

2018-09-05 18:48:46 - [MESSAGE][PASSED] - newPackage.newKeyword.randomString is PASSED

2018-09-05 18:48:46 - [TEST_STEP][PASSED] - Statement - teamMeberName = x: null

2018-09-05 18:48:46 - [TEST_STEP][PASSED] - setText: Text 'vqr' is set on object 'Object Repository/PublicCustomer/callOnlyCustName'

2018-09-05 18:48:46 - [MESSAGE][PASSED] - Text 'vqr' is set on object 'Object Repository/PublicCustomer/callOnlyCustName'

2018-09-05 18:48:46 - [TEST_STEP][PASSED] - click: Object: 'Object Repository/PublicCustomer/callOnlyNextButton' is clicked on

2018-09-05 18:48:47 - [MESSAGE][PASSED] - Object: 'Object Repository/PublicCustomer/callOnlyNextButton' is clicked on

2018-09-05 18:48:47 - [TEST_STEP][PASSED] - setText: Text 'tPZiP3AGzx@gmail.com' is set on object 'Object Repository/PublicCustomer/callOnlyEmail'

2018-09-05 18:48:47 - [MESSAGE][PASSED] - newPackage.newKeyword.randomString is PASSED

2018-09-05 18:48:48 - [MESSAGE][PASSED] - Text 'tPZiP3AGzx@gmail.com' is set on object 'Object Repository/PublicCustomer/callOnlyEmail'

2018-09-05 18:48:48 - [TEST_STEP][PASSED] - click: Object: 'Object Repository/PublicCustomer/doneButtonCallOnly' is clicked on

2018-09-05 18:48:48 - [MESSAGE][PASSED] - Object: 'Object Repository/PublicCustomer/doneButtonCallOnly' is clicked on

2018-09-05 18:48:48 - [TEST_STEP][PASSED] - Statement - currentTab = com.kms.katalon.core.webui.keyword.WebUiBuiltInKeywords.getWindowIndex(): Current window's index is: 1

2018-09-05 18:48:48 - [MESSAGE][PASSED] - Current window's index is: 1

2018-09-05 18:48:48 - [TEST_STEP][PASSED] - delay: Delayed 10 second(s)

2018-09-05 18:48:58 - [MESSAGE][PASSED] - Delayed 10 second(s)

2018-09-05 18:48:58 - [TEST_STEP][PASSED] - switchToWindowIndex: Switched to window with index: '0'

2018-09-05 18:48:58 - [MESSAGE][PASSED] - Switched to window with index: '0'

2018-09-05 18:48:58 - [TEST_STEP][PASSED] - refresh: Refresh successfully

2018-09-05 18:48:59 - [MESSAGE][PASSED] - Refresh successfully

2018-09-05 18:48:59 - [TEST_STEP][PASSED] - acceptAlert: Alert accepted

2018-09-05 18:48:59 - [MESSAGE][PASSED] - Alert accepted]]></system-out>
         <system-err><![CDATA[]]></system-err>
      </testcase>
      <testcase name="Test Cases/completed/TestCases6_Public Customers/CallOnlyPublicCustomers/nameEmailWithTag" classname="Test Cases/completed/TestCases6_Public Customers/CallOnlyPublicCustomers/nameEmailWithTag" status="PASSED">
         <system-out><![CDATA[2018-09-05 18:48:59 - [TEST_CASE][PASSED] - Test Cases/completed/TestCases6_Public Customers/CallOnlyPublicCustomers/nameEmailWithTag: Test Cases/completed/TestCases6_Public Customers/CallOnlyPublicCustomers/nameEmailWithTag

2018-09-05 18:49:00 - [TEST_STEP][PASSED] - callTestCase: Call Test Case 'Test Cases/BVT/aSimple_Login' successfully

2018-09-05 18:49:00 - [TEST_CASE][PASSED] - Test Cases/BVT/aSimple_Login: Test Cases/BVT/aSimple_Login

2018-09-05 18:49:00 - [TEST_STEP][PASSED] - openBrowser: Browser is opened with url: ''

2018-09-05 18:49:00 - [MESSAGE][WARNING] - A browser is already opened. Closing browser and opening a new one

2018-09-05 18:49:04 - [MESSAGE][PASSED] - Browser is opened with url: ''

2018-09-05 18:49:04 - [TEST_STEP][PASSED] - maximizeWindow: Current window maximized

2018-09-05 18:49:05 - [MESSAGE][PASSED] - Current window maximized

2018-09-05 18:49:05 - [TEST_STEP][PASSED] - navigateToUrl: Navigate to 'https://dev.vcalling.in/enterprises/UAT/Dashboard/index.html' successfully

2018-09-05 18:49:09 - [MESSAGE][PASSED] - Navigate to 'https://dev.vcalling.in/enterprises/UAT/Dashboard/index.html' successfully

2018-09-05 18:49:09 - [TEST_STEP][PASSED] - setText: Text 'testing4dea@gmail.com' is set on object 'Object Repository/Login/UserId'

2018-09-05 18:49:09 - [MESSAGE][PASSED] - Text 'testing4dea@gmail.com' is set on object 'Object Repository/Login/UserId'

2018-09-05 18:49:09 - [TEST_STEP][PASSED] - click: Object: 'Object Repository/Login/div_GET OTP' is clicked on

2018-09-05 18:49:10 - [MESSAGE][PASSED] - Object: 'Object Repository/Login/div_GET OTP' is clicked on

2018-09-05 18:49:10 - [TEST_STEP][PASSED] - waitForElementPresent: Object 'Object Repository/Login/div_SUBMIT' is present

2018-09-05 18:49:11 - [MESSAGE][PASSED] - Object 'Object Repository/Login/div_SUBMIT' is present

2018-09-05 18:49:11 - [TEST_STEP][PASSED] - Statement - If (com.kms.katalon.core.webui.keyword.WebUiBuiltInKeywords.verifyElementNotPresent(com.kms.katalon.core.testobject.ObjectRepository.findTestObject(Login/div_SUBMIT), 5, OPTIONAL)): Web element with id: 'Object Repository/Login/div_SUBMIT' located by 'By.xpath: //div[(text() = ' SUBMIT ' or . = ' SUBMIT ')]' is present after '5' second(s)

2018-09-05 18:49:16 - [MESSAGE][WARNING] - Web element with id: 'Object Repository/Login/div_SUBMIT' located by 'By.xpath: //div[(text() = ' SUBMIT ' or . = ' SUBMIT ')]' is present after '5' second(s)
[[ATTACHMENT|C:\\Users\\User\\Desktop\\Katalon Studio\\Katalon Studio\\vCallingDashboard\\Reports\\RegressionSuite\\20180905_175530\\1536153556549.png]]

2018-09-05 18:49:16 - [TEST_STEP][PASSED] - Statement - sleep(5000): null

2018-09-05 18:49:21 - [TEST_STEP][PASSED] - Statement - OTP = getOTP(): null

2018-09-05 18:49:21 - [TEST_STEP][PASSED] - Statement - host = "imap.gmail.com": null

2018-09-05 18:49:21 - [TEST_STEP][PASSED] - Statement - msg = <not implemented yet for class: org.codehaus.groovy.ast.expr.EmptyExpression>: null

2018-09-05 18:49:21 - [TEST_STEP][PASSED] - Statement - msgSub = <not implemented yet for class: org.codehaus.groovy.ast.expr.EmptyExpression>: null

2018-09-05 18:49:21 - [TEST_STEP][PASSED] - Statement - OTP = "unavailable": null

2018-09-05 18:49:21 - [TEST_STEP][PASSED] - Statement - props = new java.util.Properties(): null

2018-09-05 18:49:21 - [TEST_STEP][PASSED] - Statement - props.setProperty("mail.imap.ssl.enable", "true"): null

2018-09-05 18:49:21 - [TEST_STEP][PASSED] - Statement - session = javax.mail.Session.getInstance(props): null

2018-09-05 18:49:21 - [TEST_STEP][PASSED] - Statement - store = <not implemented yet for class: org.codehaus.groovy.ast.expr.EmptyExpression>: null

2018-09-05 18:49:21 - [TEST_STEP][PASSED] - Statement - Try: null

2018-09-05 18:49:21 - [TEST_STEP][PASSED] - Statement - store = session.getStore("imap"): null

2018-09-05 18:49:21 - [TEST_STEP][PASSED] - Statement - store.connect(host, Email, Password): null

2018-09-05 18:49:23 - [TEST_STEP][PASSED] - Statement - emailFolder = store.getFolder("INBOX"): null

2018-09-05 18:49:23 - [TEST_STEP][PASSED] - Statement - emailFolder.open(READ_WRITE): null

2018-09-05 18:49:24 - [TEST_STEP][PASSED] - Statement - messages = emailFolder.getMessages(): null

2018-09-05 18:49:24 - [TEST_STEP][PASSED] - Statement - n = length: null

2018-09-05 18:49:24 - [TEST_STEP][PASSED] - Statement - message = messages[n - 1]: null

2018-09-05 18:49:24 - [TEST_STEP][PASSED] - Statement - msgSub = message.getSubject(): null

2018-09-05 18:49:24 - [TEST_STEP][PASSED] - Statement - If (msgSub.equals("OTP to Sign In")): null

2018-09-05 18:49:24 - [TEST_STEP][PASSED] - Statement - msg = message.getContent().toString(): null

2018-09-05 18:49:25 - [TEST_STEP][PASSED] - Statement - OTP = msg.substring(msg.length() - 7): null

2018-09-05 18:49:25 - [TEST_STEP][PASSED] - Statement - message.setFlag(DELETED, true): null

2018-09-05 18:49:25 - [TEST_STEP][PASSED] - Statement - emailFolder.close(true): null

2018-09-05 18:49:25 - [TEST_STEP][PASSED] - Statement - store.close(): null

2018-09-05 18:49:26 - [TEST_STEP][PASSED] - Statement - return OTP: null

2018-09-05 18:49:26 - [TEST_STEP][PASSED] - Statement - If (OTP.equals("unavailable")): null

2018-09-05 18:49:26 - [TEST_STEP][PASSED] - Statement - Else: Text 'y5966
' is set on object 'Object Repository/Login/OtpInput'

2018-09-05 18:49:26 - [TEST_STEP][PASSED] - setText: Text 'y5966
' is set on object 'Object Repository/Login/OtpInput'

2018-09-05 18:49:26 - [MESSAGE][PASSED] - Text 'y5966
' is set on object 'Object Repository/Login/OtpInput'

2018-09-05 18:49:26 - [TEST_STEP][PASSED] - verifyElementPresent: Object 'Object Repository/Login/afterOpenDisplay' is present

2018-09-05 18:49:27 - [MESSAGE][PASSED] - Object 'Object Repository/Login/afterOpenDisplay' is present

2018-09-05 18:49:27 - [MESSAGE][PASSED] - Call Test Case 'Test Cases/BVT/aSimple_Login' successfully

2018-09-05 18:49:27 - [TEST_STEP][PASSED] - Statement - driver = com.kms.katalon.core.webui.driver.DriverFactory.getWebDriver(): null

2018-09-05 18:49:27 - [TEST_STEP][PASSED] - click: Object: 'Object Repository/Dashboard_Link Generator/linkgeneratorIcon' is clicked on

2018-09-05 18:49:28 - [MESSAGE][PASSED] - Object: 'Object Repository/Dashboard_Link Generator/linkgeneratorIcon' is clicked on

2018-09-05 18:49:28 - [TEST_STEP][PASSED] - click: Object: 'Object Repository/Public Links/publicLinkTab' is clicked on

2018-09-05 18:49:29 - [MESSAGE][PASSED] - Object: 'Object Repository/Public Links/publicLinkTab' is clicked on

2018-09-05 18:49:29 - [TEST_STEP][PASSED] - Statement - x = CustomKeywords.newPackage.newKeyword.randomString(3).toLowerCase(): newPackage.newKeyword.randomString is PASSED

2018-09-05 18:49:29 - [MESSAGE][PASSED] - newPackage.newKeyword.randomString is PASSED

2018-09-05 18:49:29 - [TEST_STEP][PASSED] - Statement - teamMeberName = x: null

2018-09-05 18:49:29 - [TEST_STEP][PASSED] - setText: Text '5zra' is set on object 'Object Repository/Public Links/PubLinkWithTag'

2018-09-05 18:49:29 - [MESSAGE][PASSED] - Text '5zra' is set on object 'Object Repository/Public Links/PubLinkWithTag'

2018-09-05 18:49:29 - [TEST_STEP][PASSED] - click: Object: 'Object Repository/Public Links/checkBoxPubLink' is clicked on

2018-09-05 18:49:30 - [MESSAGE][PASSED] - Object: 'Object Repository/Public Links/checkBoxPubLink' is clicked on

2018-09-05 18:49:30 - [TEST_STEP][PASSED] - click: Object: 'Object Repository/Public Links/GetLink' is clicked on

2018-09-05 18:49:30 - [MESSAGE][PASSED] - Object: 'Object Repository/Public Links/GetLink' is clicked on

2018-09-05 18:49:30 - [TEST_STEP][PASSED] - Statement - getLink = com.kms.katalon.core.webui.keyword.WebUiBuiltInKeywords.getAttribute(com.kms.katalon.core.testobject.ObjectRepository.findTestObject(Dashboard_Link Generator/input_link-text), "value"): Attribute 'value' of object 'Object Repository/Dashboard_Link Generator/input_link-text' is: 'https://dev.vcalling.in/url/UAT/?id=UAT_publicLink-90&p=t&c=t'

2018-09-05 18:49:31 - [MESSAGE][PASSED] - Attribute 'value' of object 'Object Repository/Dashboard_Link Generator/input_link-text' is: 'https://dev.vcalling.in/url/UAT/?id=UAT_publicLink-90&p=t&c=t'

2018-09-05 18:49:31 - [TEST_STEP][PASSED] - Statement - println(getLink): null

2018-09-05 18:49:31 - [TEST_STEP][PASSED] - click: Object: 'Object Repository/Dashboard_Link Generator/copyLink' is clicked on

2018-09-05 18:49:31 - [MESSAGE][PASSED] - Object: 'Object Repository/Dashboard_Link Generator/copyLink' is clicked on

2018-09-05 18:49:31 - [TEST_STEP][PASSED] - delay: Delayed 2 second(s)

2018-09-05 18:49:33 - [MESSAGE][PASSED] - Delayed 2 second(s)

2018-09-05 18:49:33 - [TEST_STEP][PASSED] - Statement - js = driver: null

2018-09-05 18:49:33 - [TEST_STEP][PASSED] - Statement - js.executeScript("window.open();"): null

2018-09-05 18:49:33 - [TEST_STEP][PASSED] - Statement - currentWindow = com.kms.katalon.core.webui.keyword.WebUiBuiltInKeywords.getWindowIndex(): Current window's index is: 0

2018-09-05 18:49:33 - [MESSAGE][PASSED] - Current window's index is: 0

2018-09-05 18:49:33 - [TEST_STEP][PASSED] - switchToWindowIndex: Switched to window with index: '1'

2018-09-05 18:49:33 - [MESSAGE][PASSED] - Switched to window with index: '1'

2018-09-05 18:49:33 - [TEST_STEP][PASSED] - navigateToUrl: Navigate to 'https://dev.vcalling.in/url/UAT/?id=UAT_publicLink-90&p=t&c=t' successfully

2018-09-05 18:49:36 - [MESSAGE][PASSED] - Navigate to 'https://dev.vcalling.in/url/UAT/?id=UAT_publicLink-90&p=t&c=t' successfully

2018-09-05 18:49:36 - [TEST_STEP][PASSED] - setText: Text '5zr' is set on object 'Object Repository/PublicCustomer/callOnlyCustName'

2018-09-05 18:49:38 - [MESSAGE][PASSED] - Text '5zr' is set on object 'Object Repository/PublicCustomer/callOnlyCustName'

2018-09-05 18:49:38 - [TEST_STEP][PASSED] - click: Object: 'Object Repository/PublicCustomer/callOnlyNextButton' is clicked on

2018-09-05 18:49:38 - [MESSAGE][PASSED] - Object: 'Object Repository/PublicCustomer/callOnlyNextButton' is clicked on

2018-09-05 18:49:38 - [TEST_STEP][PASSED] - setText: Text 'H6yit32hIN@gmail.com' is set on object 'Object Repository/PublicCustomer/callOnlyEmail'

2018-09-05 18:49:38 - [MESSAGE][PASSED] - newPackage.newKeyword.randomString is PASSED

2018-09-05 18:49:40 - [MESSAGE][PASSED] - Text 'H6yit32hIN@gmail.com' is set on object 'Object Repository/PublicCustomer/callOnlyEmail'

2018-09-05 18:49:40 - [TEST_STEP][PASSED] - click: Object: 'Object Repository/PublicCustomer/doneButtonCallOnly' is clicked on

2018-09-05 18:49:40 - [MESSAGE][PASSED] - Object: 'Object Repository/PublicCustomer/doneButtonCallOnly' is clicked on

2018-09-05 18:49:40 - [TEST_STEP][PASSED] - Statement - currentTab = com.kms.katalon.core.webui.keyword.WebUiBuiltInKeywords.getWindowIndex(): Current window's index is: 1

2018-09-05 18:49:40 - [MESSAGE][PASSED] - Current window's index is: 1

2018-09-05 18:49:40 - [TEST_STEP][PASSED] - delay: Delayed 10 second(s)

2018-09-05 18:49:50 - [MESSAGE][PASSED] - Delayed 10 second(s)

2018-09-05 18:49:50 - [TEST_STEP][PASSED] - switchToWindowIndex: Switched to window with index: '0'

2018-09-05 18:49:51 - [MESSAGE][PASSED] - Switched to window with index: '0'

2018-09-05 18:49:51 - [TEST_STEP][PASSED] - refresh: Refresh successfully

2018-09-05 18:49:52 - [MESSAGE][PASSED] - Refresh successfully

2018-09-05 18:49:52 - [TEST_STEP][PASSED] - acceptAlert: Alert accepted

2018-09-05 18:49:52 - [MESSAGE][PASSED] - Alert accepted]]></system-out>
         <system-err><![CDATA[]]></system-err>
      </testcase>
      <testcase name="Test Cases/completed/TestCases6_Public Customers/CallOnlyPublicCustomers/nameNumberWithTag" classname="Test Cases/completed/TestCases6_Public Customers/CallOnlyPublicCustomers/nameNumberWithTag" status="PASSED">
         <system-out><![CDATA[2018-09-05 18:49:52 - [TEST_CASE][PASSED] - Test Cases/completed/TestCases6_Public Customers/CallOnlyPublicCustomers/nameNumberWithTag: Test Cases/completed/TestCases6_Public Customers/CallOnlyPublicCustomers/nameNumberWithTag

2018-09-05 18:49:53 - [TEST_STEP][PASSED] - callTestCase: Call Test Case 'Test Cases/BVT/aSimple_Login' successfully

2018-09-05 18:49:53 - [TEST_CASE][PASSED] - Test Cases/BVT/aSimple_Login: Test Cases/BVT/aSimple_Login

2018-09-05 18:49:53 - [TEST_STEP][PASSED] - openBrowser: Browser is opened with url: ''

2018-09-05 18:49:53 - [MESSAGE][WARNING] - A browser is already opened. Closing browser and opening a new one

2018-09-05 18:49:59 - [MESSAGE][PASSED] - Browser is opened with url: ''

2018-09-05 18:49:59 - [TEST_STEP][PASSED] - maximizeWindow: Current window maximized

2018-09-05 18:50:01 - [MESSAGE][PASSED] - Current window maximized

2018-09-05 18:50:01 - [TEST_STEP][PASSED] - navigateToUrl: Navigate to 'https://dev.vcalling.in/enterprises/UAT/Dashboard/index.html' successfully

2018-09-05 18:50:05 - [MESSAGE][PASSED] - Navigate to 'https://dev.vcalling.in/enterprises/UAT/Dashboard/index.html' successfully

2018-09-05 18:50:05 - [TEST_STEP][PASSED] - setText: Text 'testing4dea@gmail.com' is set on object 'Object Repository/Login/UserId'

2018-09-05 18:50:05 - [MESSAGE][PASSED] - Text 'testing4dea@gmail.com' is set on object 'Object Repository/Login/UserId'

2018-09-05 18:50:05 - [TEST_STEP][PASSED] - click: Object: 'Object Repository/Login/div_GET OTP' is clicked on

2018-09-05 18:50:06 - [MESSAGE][PASSED] - Object: 'Object Repository/Login/div_GET OTP' is clicked on

2018-09-05 18:50:06 - [TEST_STEP][PASSED] - waitForElementPresent: Object 'Object Repository/Login/div_SUBMIT' is present

2018-09-05 18:50:07 - [MESSAGE][PASSED] - Object 'Object Repository/Login/div_SUBMIT' is present

2018-09-05 18:50:07 - [TEST_STEP][PASSED] - Statement - If (com.kms.katalon.core.webui.keyword.WebUiBuiltInKeywords.verifyElementNotPresent(com.kms.katalon.core.testobject.ObjectRepository.findTestObject(Login/div_SUBMIT), 5, OPTIONAL)): Web element with id: 'Object Repository/Login/div_SUBMIT' located by 'By.xpath: //div[(text() = ' SUBMIT ' or . = ' SUBMIT ')]' is present after '5' second(s)

2018-09-05 18:50:13 - [MESSAGE][WARNING] - Web element with id: 'Object Repository/Login/div_SUBMIT' located by 'By.xpath: //div[(text() = ' SUBMIT ' or . = ' SUBMIT ')]' is present after '5' second(s)
[[ATTACHMENT|C:\\Users\\User\\Desktop\\Katalon Studio\\Katalon Studio\\vCallingDashboard\\Reports\\RegressionSuite\\20180905_175530\\1536153613009.png]]

2018-09-05 18:50:13 - [TEST_STEP][PASSED] - Statement - sleep(5000): null

2018-09-05 18:50:18 - [TEST_STEP][PASSED] - Statement - OTP = getOTP(): null

2018-09-05 18:50:18 - [TEST_STEP][PASSED] - Statement - host = "imap.gmail.com": null

2018-09-05 18:50:18 - [TEST_STEP][PASSED] - Statement - msg = <not implemented yet for class: org.codehaus.groovy.ast.expr.EmptyExpression>: null

2018-09-05 18:50:18 - [TEST_STEP][PASSED] - Statement - msgSub = <not implemented yet for class: org.codehaus.groovy.ast.expr.EmptyExpression>: null

2018-09-05 18:50:18 - [TEST_STEP][PASSED] - Statement - OTP = "unavailable": null

2018-09-05 18:50:18 - [TEST_STEP][PASSED] - Statement - props = new java.util.Properties(): null

2018-09-05 18:50:18 - [TEST_STEP][PASSED] - Statement - props.setProperty("mail.imap.ssl.enable", "true"): null

2018-09-05 18:50:18 - [TEST_STEP][PASSED] - Statement - session = javax.mail.Session.getInstance(props): null

2018-09-05 18:50:18 - [TEST_STEP][PASSED] - Statement - store = <not implemented yet for class: org.codehaus.groovy.ast.expr.EmptyExpression>: null

2018-09-05 18:50:18 - [TEST_STEP][PASSED] - Statement - Try: null

2018-09-05 18:50:18 - [TEST_STEP][PASSED] - Statement - store = session.getStore("imap"): null

2018-09-05 18:50:18 - [TEST_STEP][PASSED] - Statement - store.connect(host, Email, Password): null

2018-09-05 18:50:20 - [TEST_STEP][PASSED] - Statement - emailFolder = store.getFolder("INBOX"): null

2018-09-05 18:50:20 - [TEST_STEP][PASSED] - Statement - emailFolder.open(READ_WRITE): null

2018-09-05 18:50:20 - [TEST_STEP][PASSED] - Statement - messages = emailFolder.getMessages(): null

2018-09-05 18:50:20 - [TEST_STEP][PASSED] - Statement - n = length: null

2018-09-05 18:50:20 - [TEST_STEP][PASSED] - Statement - message = messages[n - 1]: null

2018-09-05 18:50:20 - [TEST_STEP][PASSED] - Statement - msgSub = message.getSubject(): null

2018-09-05 18:50:21 - [TEST_STEP][PASSED] - Statement - If (msgSub.equals("OTP to Sign In")): null

2018-09-05 18:50:21 - [TEST_STEP][PASSED] - Statement - msg = message.getContent().toString(): null

2018-09-05 18:50:21 - [TEST_STEP][PASSED] - Statement - OTP = msg.substring(msg.length() - 7): null

2018-09-05 18:50:21 - [TEST_STEP][PASSED] - Statement - message.setFlag(DELETED, true): null

2018-09-05 18:50:22 - [TEST_STEP][PASSED] - Statement - emailFolder.close(true): null

2018-09-05 18:50:22 - [TEST_STEP][PASSED] - Statement - store.close(): null

2018-09-05 18:50:22 - [TEST_STEP][PASSED] - Statement - return OTP: null

2018-09-05 18:50:22 - [TEST_STEP][PASSED] - Statement - If (OTP.equals("unavailable")): null

2018-09-05 18:50:22 - [TEST_STEP][PASSED] - Statement - Else: Text 'v9734
' is set on object 'Object Repository/Login/OtpInput'

2018-09-05 18:50:22 - [TEST_STEP][PASSED] - setText: Text 'v9734
' is set on object 'Object Repository/Login/OtpInput'

2018-09-05 18:50:23 - [MESSAGE][PASSED] - Text 'v9734
' is set on object 'Object Repository/Login/OtpInput'

2018-09-05 18:50:23 - [TEST_STEP][PASSED] - verifyElementPresent: Object 'Object Repository/Login/afterOpenDisplay' is present

2018-09-05 18:50:24 - [MESSAGE][PASSED] - Object 'Object Repository/Login/afterOpenDisplay' is present

2018-09-05 18:50:24 - [MESSAGE][PASSED] - Call Test Case 'Test Cases/BVT/aSimple_Login' successfully

2018-09-05 18:50:24 - [TEST_STEP][PASSED] - Statement - driver = com.kms.katalon.core.webui.driver.DriverFactory.getWebDriver(): null

2018-09-05 18:50:24 - [TEST_STEP][PASSED] - click: Object: 'Object Repository/Dashboard_Link Generator/linkgeneratorIcon' is clicked on

2018-09-05 18:50:25 - [MESSAGE][PASSED] - Object: 'Object Repository/Dashboard_Link Generator/linkgeneratorIcon' is clicked on

2018-09-05 18:50:25 - [TEST_STEP][PASSED] - click: Object: 'Object Repository/Public Links/publicLinkTab' is clicked on

2018-09-05 18:50:26 - [MESSAGE][PASSED] - Object: 'Object Repository/Public Links/publicLinkTab' is clicked on

2018-09-05 18:50:26 - [TEST_STEP][PASSED] - Statement - x = CustomKeywords.newPackage.newKeyword.randomString(3).toLowerCase(): newPackage.newKeyword.randomString is PASSED

2018-09-05 18:50:26 - [MESSAGE][PASSED] - newPackage.newKeyword.randomString is PASSED

2018-09-05 18:50:26 - [TEST_STEP][PASSED] - Statement - teamMeberName = x: null

2018-09-05 18:50:26 - [TEST_STEP][PASSED] - setText: Text 'fjea' is set on object 'Object Repository/Public Links/PubLinkWithTag'

2018-09-05 18:50:27 - [MESSAGE][PASSED] - Text 'fjea' is set on object 'Object Repository/Public Links/PubLinkWithTag'

2018-09-05 18:50:27 - [TEST_STEP][PASSED] - click: Object: 'Object Repository/Public Links/checkBoxPubLink' is clicked on

2018-09-05 18:50:27 - [MESSAGE][PASSED] - Object: 'Object Repository/Public Links/checkBoxPubLink' is clicked on

2018-09-05 18:50:27 - [TEST_STEP][PASSED] - click: Object: 'Object Repository/Public Links/GetLink' is clicked on

2018-09-05 18:50:27 - [MESSAGE][PASSED] - Object: 'Object Repository/Public Links/GetLink' is clicked on

2018-09-05 18:50:27 - [TEST_STEP][PASSED] - Statement - getLink = com.kms.katalon.core.webui.keyword.WebUiBuiltInKeywords.getAttribute(com.kms.katalon.core.testobject.ObjectRepository.findTestObject(Dashboard_Link Generator/input_link-text), "value"): Attribute 'value' of object 'Object Repository/Dashboard_Link Generator/input_link-text' is: 'https://dev.vcalling.in/url/UAT/?id=UAT_publicLink-91&p=t&c=t'

2018-09-05 18:50:28 - [MESSAGE][PASSED] - Attribute 'value' of object 'Object Repository/Dashboard_Link Generator/input_link-text' is: 'https://dev.vcalling.in/url/UAT/?id=UAT_publicLink-91&p=t&c=t'

2018-09-05 18:50:28 - [TEST_STEP][PASSED] - Statement - println(getLink): null

2018-09-05 18:50:28 - [TEST_STEP][PASSED] - click: Object: 'Object Repository/Dashboard_Link Generator/copyLink' is clicked on

2018-09-05 18:50:28 - [MESSAGE][PASSED] - Object: 'Object Repository/Dashboard_Link Generator/copyLink' is clicked on

2018-09-05 18:50:28 - [TEST_STEP][PASSED] - delay: Delayed 2 second(s)

2018-09-05 18:50:30 - [MESSAGE][PASSED] - Delayed 2 second(s)

2018-09-05 18:50:30 - [TEST_STEP][PASSED] - Statement - js = driver: null

2018-09-05 18:50:30 - [TEST_STEP][PASSED] - Statement - js.executeScript("window.open();"): null

2018-09-05 18:50:30 - [TEST_STEP][PASSED] - Statement - currentWindow = com.kms.katalon.core.webui.keyword.WebUiBuiltInKeywords.getWindowIndex(): Current window's index is: 0

2018-09-05 18:50:30 - [MESSAGE][PASSED] - Current window's index is: 0

2018-09-05 18:50:30 - [TEST_STEP][PASSED] - switchToWindowIndex: Switched to window with index: '1'

2018-09-05 18:50:30 - [MESSAGE][PASSED] - Switched to window with index: '1'

2018-09-05 18:50:30 - [TEST_STEP][PASSED] - navigateToUrl: Navigate to 'https://dev.vcalling.in/url/UAT/?id=UAT_publicLink-91&p=t&c=t' successfully

2018-09-05 18:50:32 - [MESSAGE][PASSED] - Navigate to 'https://dev.vcalling.in/url/UAT/?id=UAT_publicLink-91&p=t&c=t' successfully

2018-09-05 18:50:32 - [TEST_STEP][PASSED] - setText: Text 'fje' is set on object 'Object Repository/PublicCustomer/callOnlyCustName'

2018-09-05 18:50:34 - [MESSAGE][PASSED] - Text 'fje' is set on object 'Object Repository/PublicCustomer/callOnlyCustName'

2018-09-05 18:50:34 - [TEST_STEP][PASSED] - click: Object: 'Object Repository/PublicCustomer/callOnlyNextButton' is clicked on

2018-09-05 18:50:35 - [MESSAGE][PASSED] - Object: 'Object Repository/PublicCustomer/callOnlyNextButton' is clicked on

2018-09-05 18:50:35 - [TEST_STEP][PASSED] - Statement - number = CustomKeywords.phoneNumbers.contactNumbers.randomString(9): phoneNumbers.contactNumbers.randomString is PASSED

2018-09-05 18:50:35 - [MESSAGE][PASSED] - phoneNumbers.contactNumbers.randomString is PASSED

2018-09-05 18:50:35 - [TEST_STEP][PASSED] - Statement - Mobile_Number = number: null

2018-09-05 18:50:35 - [TEST_STEP][PASSED] - setText: Text '3838163821' is set on object 'Object Repository/PublicCustomer/customerNumber'

2018-09-05 18:50:36 - [MESSAGE][PASSED] - Text '3838163821' is set on object 'Object Repository/PublicCustomer/customerNumber'

2018-09-05 18:50:36 - [TEST_STEP][PASSED] - click: Object: 'Object Repository/PublicCustomer/doneButtonCallOnly' is clicked on

2018-09-05 18:50:36 - [MESSAGE][PASSED] - Object: 'Object Repository/PublicCustomer/doneButtonCallOnly' is clicked on

2018-09-05 18:50:36 - [TEST_STEP][PASSED] - Statement - currentTab = com.kms.katalon.core.webui.keyword.WebUiBuiltInKeywords.getWindowIndex(): Current window's index is: 1

2018-09-05 18:50:37 - [MESSAGE][PASSED] - Current window's index is: 1

2018-09-05 18:50:37 - [TEST_STEP][PASSED] - delay: Delayed 10 second(s)

2018-09-05 18:50:47 - [MESSAGE][PASSED] - Delayed 10 second(s)

2018-09-05 18:50:47 - [TEST_STEP][PASSED] - switchToWindowIndex: Switched to window with index: '0'

2018-09-05 18:50:47 - [MESSAGE][PASSED] - Switched to window with index: '0'

2018-09-05 18:50:47 - [TEST_STEP][PASSED] - refresh: Refresh successfully

2018-09-05 18:50:47 - [MESSAGE][PASSED] - Refresh successfully

2018-09-05 18:50:47 - [TEST_STEP][PASSED] - acceptAlert: Alert accepted

2018-09-05 18:50:47 - [MESSAGE][PASSED] - Alert accepted]]></system-out>
         <system-err><![CDATA[]]></system-err>
      </testcase>
      <testcase name="Test Cases/completed/TestCases6_Public Customers/CallOnlyPublicCustomers/nameNumWithoutTagPubCust" classname="Test Cases/completed/TestCases6_Public Customers/CallOnlyPublicCustomers/nameNumWithoutTagPubCust" status="PASSED">
         <system-out><![CDATA[2018-09-05 18:50:47 - [TEST_CASE][PASSED] - Test Cases/completed/TestCases6_Public Customers/CallOnlyPublicCustomers/nameNumWithoutTagPubCust: Test Cases/completed/TestCases6_Public Customers/CallOnlyPublicCustomers/nameNumWithoutTagPubCust

2018-09-05 18:50:47 - [TEST_STEP][PASSED] - callTestCase: Call Test Case 'Test Cases/BVT/aSimple_Login' successfully

2018-09-05 18:50:47 - [TEST_CASE][PASSED] - Test Cases/BVT/aSimple_Login: Test Cases/BVT/aSimple_Login

2018-09-05 18:50:47 - [TEST_STEP][PASSED] - openBrowser: Browser is opened with url: ''

2018-09-05 18:50:47 - [MESSAGE][WARNING] - A browser is already opened. Closing browser and opening a new one

2018-09-05 18:50:50 - [MESSAGE][PASSED] - Browser is opened with url: ''

2018-09-05 18:50:50 - [TEST_STEP][PASSED] - maximizeWindow: Current window maximized

2018-09-05 18:50:52 - [MESSAGE][PASSED] - Current window maximized

2018-09-05 18:50:52 - [TEST_STEP][PASSED] - navigateToUrl: Navigate to 'https://dev.vcalling.in/enterprises/UAT/Dashboard/index.html' successfully

2018-09-05 18:50:55 - [MESSAGE][PASSED] - Navigate to 'https://dev.vcalling.in/enterprises/UAT/Dashboard/index.html' successfully

2018-09-05 18:50:55 - [TEST_STEP][PASSED] - setText: Text 'testing4dea@gmail.com' is set on object 'Object Repository/Login/UserId'

2018-09-05 18:50:56 - [MESSAGE][PASSED] - Text 'testing4dea@gmail.com' is set on object 'Object Repository/Login/UserId'

2018-09-05 18:50:56 - [TEST_STEP][PASSED] - click: Object: 'Object Repository/Login/div_GET OTP' is clicked on

2018-09-05 18:50:56 - [MESSAGE][PASSED] - Object: 'Object Repository/Login/div_GET OTP' is clicked on

2018-09-05 18:50:56 - [TEST_STEP][PASSED] - waitForElementPresent: Object 'Object Repository/Login/div_SUBMIT' is present

2018-09-05 18:50:58 - [MESSAGE][PASSED] - Object 'Object Repository/Login/div_SUBMIT' is present

2018-09-05 18:50:58 - [TEST_STEP][PASSED] - Statement - If (com.kms.katalon.core.webui.keyword.WebUiBuiltInKeywords.verifyElementNotPresent(com.kms.katalon.core.testobject.ObjectRepository.findTestObject(Login/div_SUBMIT), 5, OPTIONAL)): Web element with id: 'Object Repository/Login/div_SUBMIT' located by 'By.xpath: //div[(text() = ' SUBMIT ' or . = ' SUBMIT ')]' is present after '5' second(s)

2018-09-05 18:51:03 - [MESSAGE][WARNING] - Web element with id: 'Object Repository/Login/div_SUBMIT' located by 'By.xpath: //div[(text() = ' SUBMIT ' or . = ' SUBMIT ')]' is present after '5' second(s)
[[ATTACHMENT|C:\\Users\\User\\Desktop\\Katalon Studio\\Katalon Studio\\vCallingDashboard\\Reports\\RegressionSuite\\20180905_175530\\1536153663295.png]]

2018-09-05 18:51:03 - [TEST_STEP][PASSED] - Statement - sleep(5000): null

2018-09-05 18:51:08 - [TEST_STEP][PASSED] - Statement - OTP = getOTP(): null

2018-09-05 18:51:08 - [TEST_STEP][PASSED] - Statement - host = "imap.gmail.com": null

2018-09-05 18:51:08 - [TEST_STEP][PASSED] - Statement - msg = <not implemented yet for class: org.codehaus.groovy.ast.expr.EmptyExpression>: null

2018-09-05 18:51:08 - [TEST_STEP][PASSED] - Statement - msgSub = <not implemented yet for class: org.codehaus.groovy.ast.expr.EmptyExpression>: null

2018-09-05 18:51:08 - [TEST_STEP][PASSED] - Statement - OTP = "unavailable": null

2018-09-05 18:51:08 - [TEST_STEP][PASSED] - Statement - props = new java.util.Properties(): null

2018-09-05 18:51:08 - [TEST_STEP][PASSED] - Statement - props.setProperty("mail.imap.ssl.enable", "true"): null

2018-09-05 18:51:08 - [TEST_STEP][PASSED] - Statement - session = javax.mail.Session.getInstance(props): null

2018-09-05 18:51:08 - [TEST_STEP][PASSED] - Statement - store = <not implemented yet for class: org.codehaus.groovy.ast.expr.EmptyExpression>: null

2018-09-05 18:51:08 - [TEST_STEP][PASSED] - Statement - Try: null

2018-09-05 18:51:08 - [TEST_STEP][PASSED] - Statement - store = session.getStore("imap"): null

2018-09-05 18:51:08 - [TEST_STEP][PASSED] - Statement - store.connect(host, Email, Password): null

2018-09-05 18:51:10 - [TEST_STEP][PASSED] - Statement - emailFolder = store.getFolder("INBOX"): null

2018-09-05 18:51:10 - [TEST_STEP][PASSED] - Statement - emailFolder.open(READ_WRITE): null

2018-09-05 18:51:10 - [TEST_STEP][PASSED] - Statement - messages = emailFolder.getMessages(): null

2018-09-05 18:51:10 - [TEST_STEP][PASSED] - Statement - n = length: null

2018-09-05 18:51:10 - [TEST_STEP][PASSED] - Statement - message = messages[n - 1]: null

2018-09-05 18:51:10 - [TEST_STEP][PASSED] - Statement - msgSub = message.getSubject(): null

2018-09-05 18:51:11 - [TEST_STEP][PASSED] - Statement - If (msgSub.equals("OTP to Sign In")): null

2018-09-05 18:51:11 - [TEST_STEP][PASSED] - Statement - msg = message.getContent().toString(): null

2018-09-05 18:51:11 - [TEST_STEP][PASSED] - Statement - OTP = msg.substring(msg.length() - 7): null

2018-09-05 18:51:11 - [TEST_STEP][PASSED] - Statement - message.setFlag(DELETED, true): null

2018-09-05 18:51:12 - [TEST_STEP][PASSED] - Statement - emailFolder.close(true): null

2018-09-05 18:51:12 - [TEST_STEP][PASSED] - Statement - store.close(): null

2018-09-05 18:51:13 - [TEST_STEP][PASSED] - Statement - return OTP: null

2018-09-05 18:51:13 - [TEST_STEP][PASSED] - Statement - If (OTP.equals("unavailable")): null

2018-09-05 18:51:13 - [TEST_STEP][PASSED] - Statement - Else: Text 'p5088
' is set on object 'Object Repository/Login/OtpInput'

2018-09-05 18:51:13 - [TEST_STEP][PASSED] - setText: Text 'p5088
' is set on object 'Object Repository/Login/OtpInput'

2018-09-05 18:51:13 - [MESSAGE][PASSED] - Text 'p5088
' is set on object 'Object Repository/Login/OtpInput'

2018-09-05 18:51:13 - [TEST_STEP][PASSED] - verifyElementPresent: Object 'Object Repository/Login/afterOpenDisplay' is present

2018-09-05 18:51:13 - [MESSAGE][PASSED] - Object 'Object Repository/Login/afterOpenDisplay' is present

2018-09-05 18:51:13 - [MESSAGE][PASSED] - Call Test Case 'Test Cases/BVT/aSimple_Login' successfully

2018-09-05 18:51:13 - [TEST_STEP][PASSED] - Statement - driver = com.kms.katalon.core.webui.driver.DriverFactory.getWebDriver(): null

2018-09-05 18:51:13 - [TEST_STEP][PASSED] - click: Object: 'Object Repository/Dashboard_Link Generator/linkgeneratorIcon' is clicked on

2018-09-05 18:51:14 - [MESSAGE][PASSED] - Object: 'Object Repository/Dashboard_Link Generator/linkgeneratorIcon' is clicked on

2018-09-05 18:51:14 - [TEST_STEP][PASSED] - click: Object: 'Object Repository/Public Links/publicLinkTab' is clicked on

2018-09-05 18:51:15 - [MESSAGE][PASSED] - Object: 'Object Repository/Public Links/publicLinkTab' is clicked on

2018-09-05 18:51:15 - [TEST_STEP][PASSED] - click: Object: 'Object Repository/Public Links/checkBoxPubLink' is clicked on

2018-09-05 18:51:15 - [MESSAGE][PASSED] - Object: 'Object Repository/Public Links/checkBoxPubLink' is clicked on

2018-09-05 18:51:15 - [TEST_STEP][PASSED] - click: Object: 'Object Repository/Public Links/GetLink' is clicked on

2018-09-05 18:51:16 - [MESSAGE][PASSED] - Object: 'Object Repository/Public Links/GetLink' is clicked on

2018-09-05 18:51:16 - [TEST_STEP][PASSED] - Statement - getLink = com.kms.katalon.core.webui.keyword.WebUiBuiltInKeywords.getAttribute(com.kms.katalon.core.testobject.ObjectRepository.findTestObject(Dashboard_Link Generator/input_link-text), "value"): Attribute 'value' of object 'Object Repository/Dashboard_Link Generator/input_link-text' is: 'https://dev.vcalling.in/url/UAT/?id=UAT_publicLink-2&p=t&c=t'

2018-09-05 18:51:17 - [MESSAGE][PASSED] - Attribute 'value' of object 'Object Repository/Dashboard_Link Generator/input_link-text' is: 'https://dev.vcalling.in/url/UAT/?id=UAT_publicLink-2&p=t&c=t'

2018-09-05 18:51:17 - [TEST_STEP][PASSED] - Statement - println(getLink): null

2018-09-05 18:51:17 - [TEST_STEP][PASSED] - click: Object: 'Object Repository/Dashboard_Link Generator/copyLink' is clicked on

2018-09-05 18:51:17 - [MESSAGE][PASSED] - Object: 'Object Repository/Dashboard_Link Generator/copyLink' is clicked on

2018-09-05 18:51:17 - [TEST_STEP][PASSED] - delay: Delayed 2 second(s)

2018-09-05 18:51:19 - [MESSAGE][PASSED] - Delayed 2 second(s)

2018-09-05 18:51:19 - [TEST_STEP][PASSED] - Statement - js = driver: null

2018-09-05 18:51:19 - [TEST_STEP][PASSED] - Statement - js.executeScript("window.open();"): null

2018-09-05 18:51:19 - [TEST_STEP][PASSED] - Statement - currentWindow = com.kms.katalon.core.webui.keyword.WebUiBuiltInKeywords.getWindowIndex(): Current window's index is: 0

2018-09-05 18:51:19 - [MESSAGE][PASSED] - Current window's index is: 0

2018-09-05 18:51:19 - [TEST_STEP][PASSED] - switchToWindowIndex: Switched to window with index: '1'

2018-09-05 18:51:19 - [MESSAGE][PASSED] - Switched to window with index: '1'

2018-09-05 18:51:19 - [TEST_STEP][PASSED] - navigateToUrl: Navigate to 'https://dev.vcalling.in/url/UAT/?id=UAT_publicLink-2&p=t&c=t' successfully

2018-09-05 18:51:21 - [MESSAGE][PASSED] - Navigate to 'https://dev.vcalling.in/url/UAT/?id=UAT_publicLink-2&p=t&c=t' successfully

2018-09-05 18:51:21 - [TEST_STEP][PASSED] - Statement - x = CustomKeywords.newPackage.newKeyword.randomString(3).toLowerCase(): newPackage.newKeyword.randomString is PASSED

2018-09-05 18:51:21 - [MESSAGE][PASSED] - newPackage.newKeyword.randomString is PASSED

2018-09-05 18:51:21 - [TEST_STEP][PASSED] - Statement - teamMeberName = x: null

2018-09-05 18:51:21 - [TEST_STEP][PASSED] - setText: Text 'fyf' is set on object 'Object Repository/PublicCustomer/callOnlyCustName'

2018-09-05 18:51:24 - [MESSAGE][PASSED] - Text 'fyf' is set on object 'Object Repository/PublicCustomer/callOnlyCustName'

2018-09-05 18:51:24 - [TEST_STEP][PASSED] - click: Object: 'Object Repository/PublicCustomer/callOnlyNextButton' is clicked on

2018-09-05 18:51:24 - [MESSAGE][PASSED] - Object: 'Object Repository/PublicCustomer/callOnlyNextButton' is clicked on

2018-09-05 18:51:24 - [TEST_STEP][PASSED] - Statement - number = CustomKeywords.phoneNumbers.contactNumbers.randomString(9): phoneNumbers.contactNumbers.randomString is PASSED

2018-09-05 18:51:24 - [MESSAGE][PASSED] - phoneNumbers.contactNumbers.randomString is PASSED

2018-09-05 18:51:24 - [TEST_STEP][PASSED] - Statement - Mobile_Number = number: null

2018-09-05 18:51:24 - [TEST_STEP][PASSED] - setText: Text '0489166341' is set on object 'Object Repository/PublicCustomer/customerNumber'

2018-09-05 18:51:25 - [MESSAGE][PASSED] - Text '0489166341' is set on object 'Object Repository/PublicCustomer/customerNumber'

2018-09-05 18:51:25 - [TEST_STEP][PASSED] - click: Object: 'Object Repository/PublicCustomer/doneButtonCallOnly' is clicked on

2018-09-05 18:51:25 - [MESSAGE][PASSED] - Object: 'Object Repository/PublicCustomer/doneButtonCallOnly' is clicked on

2018-09-05 18:51:25 - [TEST_STEP][PASSED] - Statement - currentTab = com.kms.katalon.core.webui.keyword.WebUiBuiltInKeywords.getWindowIndex(): Current window's index is: 1

2018-09-05 18:51:25 - [MESSAGE][PASSED] - Current window's index is: 1

2018-09-05 18:51:25 - [TEST_STEP][PASSED] - delay: Delayed 10 second(s)

2018-09-05 18:51:35 - [MESSAGE][PASSED] - Delayed 10 second(s)

2018-09-05 18:51:35 - [TEST_STEP][PASSED] - switchToWindowIndex: Switched to window with index: '0'

2018-09-05 18:51:35 - [MESSAGE][PASSED] - Switched to window with index: '0'

2018-09-05 18:51:35 - [TEST_STEP][PASSED] - refresh: Refresh successfully

2018-09-05 18:51:36 - [MESSAGE][PASSED] - Refresh successfully

2018-09-05 18:51:36 - [TEST_STEP][PASSED] - acceptAlert: Alert accepted

2018-09-05 18:51:36 - [MESSAGE][PASSED] - Alert accepted]]></system-out>
         <system-err><![CDATA[]]></system-err>
      </testcase>
      <testcase name="Test Cases/completed/TestCases6_Public Customers/CallOnlyPublicCustomers/ValidateEmptyForm" classname="Test Cases/completed/TestCases6_Public Customers/CallOnlyPublicCustomers/ValidateEmptyForm" status="PASSED">
         <system-out><![CDATA[2018-09-05 18:51:36 - [TEST_CASE][PASSED] - Test Cases/completed/TestCases6_Public Customers/CallOnlyPublicCustomers/ValidateEmptyForm: Test Cases/completed/TestCases6_Public Customers/CallOnlyPublicCustomers/ValidateEmptyForm

2018-09-05 18:51:36 - [TEST_STEP][PASSED] - callTestCase: Call Test Case 'Test Cases/BVT/aSimple_Login' successfully

2018-09-05 18:51:36 - [TEST_CASE][PASSED] - Test Cases/BVT/aSimple_Login: Test Cases/BVT/aSimple_Login

2018-09-05 18:51:36 - [TEST_STEP][PASSED] - openBrowser: Browser is opened with url: ''

2018-09-05 18:51:36 - [MESSAGE][WARNING] - A browser is already opened. Closing browser and opening a new one

2018-09-05 18:51:40 - [MESSAGE][PASSED] - Browser is opened with url: ''

2018-09-05 18:51:40 - [TEST_STEP][PASSED] - maximizeWindow: Current window maximized

2018-09-05 18:51:41 - [MESSAGE][PASSED] - Current window maximized

2018-09-05 18:51:41 - [TEST_STEP][PASSED] - navigateToUrl: Navigate to 'https://dev.vcalling.in/enterprises/UAT/Dashboard/index.html' successfully

2018-09-05 18:51:45 - [MESSAGE][PASSED] - Navigate to 'https://dev.vcalling.in/enterprises/UAT/Dashboard/index.html' successfully

2018-09-05 18:51:45 - [TEST_STEP][PASSED] - setText: Text 'testing4dea@gmail.com' is set on object 'Object Repository/Login/UserId'

2018-09-05 18:51:46 - [MESSAGE][PASSED] - Text 'testing4dea@gmail.com' is set on object 'Object Repository/Login/UserId'

2018-09-05 18:51:46 - [TEST_STEP][PASSED] - click: Object: 'Object Repository/Login/div_GET OTP' is clicked on

2018-09-05 18:51:46 - [MESSAGE][PASSED] - Object: 'Object Repository/Login/div_GET OTP' is clicked on

2018-09-05 18:51:46 - [TEST_STEP][PASSED] - waitForElementPresent: Object 'Object Repository/Login/div_SUBMIT' is present

2018-09-05 18:51:47 - [MESSAGE][PASSED] - Object 'Object Repository/Login/div_SUBMIT' is present

2018-09-05 18:51:47 - [TEST_STEP][PASSED] - Statement - If (com.kms.katalon.core.webui.keyword.WebUiBuiltInKeywords.verifyElementNotPresent(com.kms.katalon.core.testobject.ObjectRepository.findTestObject(Login/div_SUBMIT), 5, OPTIONAL)): Web element with id: 'Object Repository/Login/div_SUBMIT' located by 'By.xpath: //div[(text() = ' SUBMIT ' or . = ' SUBMIT ')]' is present after '5' second(s)

2018-09-05 18:51:53 - [MESSAGE][WARNING] - Web element with id: 'Object Repository/Login/div_SUBMIT' located by 'By.xpath: //div[(text() = ' SUBMIT ' or . = ' SUBMIT ')]' is present after '5' second(s)
[[ATTACHMENT|C:\\Users\\User\\Desktop\\Katalon Studio\\Katalon Studio\\vCallingDashboard\\Reports\\RegressionSuite\\20180905_175530\\1536153712760.png]]

2018-09-05 18:51:53 - [TEST_STEP][PASSED] - Statement - sleep(5000): null

2018-09-05 18:51:58 - [TEST_STEP][PASSED] - Statement - OTP = getOTP(): null

2018-09-05 18:51:58 - [TEST_STEP][PASSED] - Statement - host = "imap.gmail.com": null

2018-09-05 18:51:58 - [TEST_STEP][PASSED] - Statement - msg = <not implemented yet for class: org.codehaus.groovy.ast.expr.EmptyExpression>: null

2018-09-05 18:51:58 - [TEST_STEP][PASSED] - Statement - msgSub = <not implemented yet for class: org.codehaus.groovy.ast.expr.EmptyExpression>: null

2018-09-05 18:51:58 - [TEST_STEP][PASSED] - Statement - OTP = "unavailable": null

2018-09-05 18:51:58 - [TEST_STEP][PASSED] - Statement - props = new java.util.Properties(): null

2018-09-05 18:51:58 - [TEST_STEP][PASSED] - Statement - props.setProperty("mail.imap.ssl.enable", "true"): null

2018-09-05 18:51:58 - [TEST_STEP][PASSED] - Statement - session = javax.mail.Session.getInstance(props): null

2018-09-05 18:51:58 - [TEST_STEP][PASSED] - Statement - store = <not implemented yet for class: org.codehaus.groovy.ast.expr.EmptyExpression>: null

2018-09-05 18:51:58 - [TEST_STEP][PASSED] - Statement - Try: null

2018-09-05 18:51:58 - [TEST_STEP][PASSED] - Statement - store = session.getStore("imap"): null

2018-09-05 18:51:58 - [TEST_STEP][PASSED] - Statement - store.connect(host, Email, Password): null

2018-09-05 18:51:59 - [TEST_STEP][PASSED] - Statement - emailFolder = store.getFolder("INBOX"): null

2018-09-05 18:51:59 - [TEST_STEP][PASSED] - Statement - emailFolder.open(READ_WRITE): null

2018-09-05 18:52:00 - [TEST_STEP][PASSED] - Statement - messages = emailFolder.getMessages(): null

2018-09-05 18:52:00 - [TEST_STEP][PASSED] - Statement - n = length: null

2018-09-05 18:52:00 - [TEST_STEP][PASSED] - Statement - message = messages[n - 1]: null

2018-09-05 18:52:00 - [TEST_STEP][PASSED] - Statement - msgSub = message.getSubject(): null

2018-09-05 18:52:00 - [TEST_STEP][PASSED] - Statement - If (msgSub.equals("OTP to Sign In")): null

2018-09-05 18:52:00 - [TEST_STEP][PASSED] - Statement - msg = message.getContent().toString(): null

2018-09-05 18:52:01 - [TEST_STEP][PASSED] - Statement - OTP = msg.substring(msg.length() - 7): null

2018-09-05 18:52:01 - [TEST_STEP][PASSED] - Statement - message.setFlag(DELETED, true): null

2018-09-05 18:52:02 - [TEST_STEP][PASSED] - Statement - emailFolder.close(true): null

2018-09-05 18:52:02 - [TEST_STEP][PASSED] - Statement - store.close(): null

2018-09-05 18:52:02 - [TEST_STEP][PASSED] - Statement - return OTP: null

2018-09-05 18:52:02 - [TEST_STEP][PASSED] - Statement - If (OTP.equals("unavailable")): null

2018-09-05 18:52:02 - [TEST_STEP][PASSED] - Statement - Else: Text 'w5406
' is set on object 'Object Repository/Login/OtpInput'

2018-09-05 18:52:02 - [TEST_STEP][PASSED] - setText: Text 'w5406
' is set on object 'Object Repository/Login/OtpInput'

2018-09-05 18:52:03 - [MESSAGE][PASSED] - Text 'w5406
' is set on object 'Object Repository/Login/OtpInput'

2018-09-05 18:52:03 - [TEST_STEP][PASSED] - verifyElementPresent: Object 'Object Repository/Login/afterOpenDisplay' is present

2018-09-05 18:52:04 - [MESSAGE][PASSED] - Object 'Object Repository/Login/afterOpenDisplay' is present

2018-09-05 18:52:04 - [MESSAGE][PASSED] - Call Test Case 'Test Cases/BVT/aSimple_Login' successfully

2018-09-05 18:52:04 - [TEST_STEP][PASSED] - Statement - driver = com.kms.katalon.core.webui.driver.DriverFactory.getWebDriver(): null

2018-09-05 18:52:04 - [TEST_STEP][PASSED] - click: Object: 'Object Repository/sideBarContainer/linkLogDataBase' is clicked on

2018-09-05 18:52:05 - [MESSAGE][PASSED] - Object: 'Object Repository/sideBarContainer/linkLogDataBase' is clicked on

2018-09-05 18:52:05 - [TEST_STEP][PASSED] - click: Object: 'Object Repository/Dashboard_Link Generator/linkgeneratorIcon' is clicked on

2018-09-05 18:52:05 - [MESSAGE][PASSED] - Object: 'Object Repository/Dashboard_Link Generator/linkgeneratorIcon' is clicked on

2018-09-05 18:52:05 - [TEST_STEP][PASSED] - click: Object: 'Object Repository/Public Links/publicLinkTab' is clicked on

2018-09-05 18:52:07 - [MESSAGE][PASSED] - Object: 'Object Repository/Public Links/publicLinkTab' is clicked on

2018-09-05 18:52:07 - [TEST_STEP][PASSED] - Statement - x = CustomKeywords.newPackage.newKeyword.randomString(3).toLowerCase(): newPackage.newKeyword.randomString is PASSED

2018-09-05 18:52:07 - [MESSAGE][PASSED] - newPackage.newKeyword.randomString is PASSED

2018-09-05 18:52:07 - [TEST_STEP][PASSED] - Statement - teamMeberName = x: null

2018-09-05 18:52:07 - [TEST_STEP][PASSED] - setText: Text 'chya' is set on object 'Object Repository/Public Links/PubLinkWithTag'

2018-09-05 18:52:07 - [MESSAGE][PASSED] - Text 'chya' is set on object 'Object Repository/Public Links/PubLinkWithTag'

2018-09-05 18:52:07 - [TEST_STEP][PASSED] - click: Object: 'Object Repository/Public Links/checkBoxPubLink' is clicked on

2018-09-05 18:52:07 - [MESSAGE][PASSED] - Object: 'Object Repository/Public Links/checkBoxPubLink' is clicked on

2018-09-05 18:52:07 - [TEST_STEP][PASSED] - click: Object: 'Object Repository/Public Links/GetLink' is clicked on

2018-09-05 18:52:08 - [MESSAGE][PASSED] - Object: 'Object Repository/Public Links/GetLink' is clicked on

2018-09-05 18:52:08 - [TEST_STEP][PASSED] - Statement - getLink = com.kms.katalon.core.webui.keyword.WebUiBuiltInKeywords.getAttribute(com.kms.katalon.core.testobject.ObjectRepository.findTestObject(Dashboard_Link Generator/input_link-text), "value"): Attribute 'value' of object 'Object Repository/Dashboard_Link Generator/input_link-text' is: 'https://dev.vcalling.in/url/UAT/?id=UAT_publicLink-92&p=t&c=t'

2018-09-05 18:52:08 - [MESSAGE][PASSED] - Attribute 'value' of object 'Object Repository/Dashboard_Link Generator/input_link-text' is: 'https://dev.vcalling.in/url/UAT/?id=UAT_publicLink-92&p=t&c=t'

2018-09-05 18:52:08 - [TEST_STEP][PASSED] - Statement - println(getLink): null

2018-09-05 18:52:08 - [TEST_STEP][PASSED] - click: Object: 'Object Repository/Dashboard_Link Generator/copyLink' is clicked on

2018-09-05 18:52:08 - [MESSAGE][PASSED] - Object: 'Object Repository/Dashboard_Link Generator/copyLink' is clicked on

2018-09-05 18:52:08 - [TEST_STEP][PASSED] - delay: Delayed 2 second(s)

2018-09-05 18:52:10 - [MESSAGE][PASSED] - Delayed 2 second(s)

2018-09-05 18:52:10 - [TEST_STEP][PASSED] - Statement - js = driver: null

2018-09-05 18:52:10 - [TEST_STEP][PASSED] - Statement - js.executeScript("window.open();"): null

2018-09-05 18:52:11 - [TEST_STEP][PASSED] - Statement - currentWindow = com.kms.katalon.core.webui.keyword.WebUiBuiltInKeywords.getWindowIndex(): Current window's index is: 0

2018-09-05 18:52:11 - [MESSAGE][PASSED] - Current window's index is: 0

2018-09-05 18:52:11 - [TEST_STEP][PASSED] - switchToWindowIndex: Switched to window with index: '1'

2018-09-05 18:52:11 - [MESSAGE][PASSED] - Switched to window with index: '1'

2018-09-05 18:52:11 - [TEST_STEP][PASSED] - navigateToUrl: Navigate to 'https://dev.vcalling.in/url/UAT/?id=UAT_publicLink-92&p=t&c=t' successfully

2018-09-05 18:52:14 - [MESSAGE][PASSED] - Navigate to 'https://dev.vcalling.in/url/UAT/?id=UAT_publicLink-92&p=t&c=t' successfully

2018-09-05 18:52:14 - [TEST_STEP][PASSED] - setText: Text ' ' is set on object 'Object Repository/PublicCustomer/callOnlyCustName'

2018-09-05 18:52:16 - [MESSAGE][PASSED] - Text ' ' is set on object 'Object Repository/PublicCustomer/callOnlyCustName'

2018-09-05 18:52:16 - [TEST_STEP][PASSED] - click: Object: 'Object Repository/PublicCustomer/callOnlyNextButton' is clicked on

2018-09-05 18:52:17 - [MESSAGE][PASSED] - Object: 'Object Repository/PublicCustomer/callOnlyNextButton' is clicked on

2018-09-05 18:52:17 - [TEST_STEP][PASSED] - setText: Text ' ' is set on object 'Object Repository/PublicCustomer/customerNumber'

2018-09-05 18:52:17 - [MESSAGE][PASSED] - Text ' ' is set on object 'Object Repository/PublicCustomer/customerNumber'

2018-09-05 18:52:17 - [TEST_STEP][PASSED] - setText: Text ' ' is set on object 'Object Repository/PublicCustomer/callOnlyEmail'

2018-09-05 18:52:18 - [MESSAGE][PASSED] - Text ' ' is set on object 'Object Repository/PublicCustomer/callOnlyEmail'

2018-09-05 18:52:18 - [TEST_STEP][PASSED] - click: Object: 'Object Repository/PublicCustomer/doneButtonCallOnly' is clicked on

2018-09-05 18:52:18 - [MESSAGE][PASSED] - Object: 'Object Repository/PublicCustomer/doneButtonCallOnly' is clicked on

2018-09-05 18:52:18 - [TEST_STEP][PASSED] - Statement - currentTab = com.kms.katalon.core.webui.keyword.WebUiBuiltInKeywords.getWindowIndex(): Current window's index is: 1

2018-09-05 18:52:18 - [MESSAGE][PASSED] - Current window's index is: 1

2018-09-05 18:52:18 - [TEST_STEP][PASSED] - delay: Delayed 10 second(s)

2018-09-05 18:52:28 - [MESSAGE][PASSED] - Delayed 10 second(s)

2018-09-05 18:52:28 - [TEST_STEP][PASSED] - switchToWindowIndex: Switched to window with index: '0'

2018-09-05 18:52:28 - [MESSAGE][PASSED] - Switched to window with index: '0'

2018-09-05 18:52:28 - [TEST_STEP][PASSED] - refresh: Refresh successfully

2018-09-05 18:52:28 - [MESSAGE][PASSED] - Refresh successfully

2018-09-05 18:52:28 - [TEST_STEP][PASSED] - acceptAlert: Alert accepted

2018-09-05 18:52:28 - [MESSAGE][PASSED] - Alert accepted

2018-09-05 18:52:28 - [TEST_STEP][PASSED] - click: Object: 'Object Repository/sideBarContainer/linkLogDataBase' is clicked on

2018-09-05 18:52:35 - [MESSAGE][PASSED] - Object: 'Object Repository/sideBarContainer/linkLogDataBase' is clicked on]]></system-out>
         <system-err><![CDATA[]]></system-err>
      </testcase>
      <testcase name="Test Cases/completed/TestCases6_Public Customers/SimplePublicCustomers/pubCustGeneratByNumEmailWithoutTag" classname="Test Cases/completed/TestCases6_Public Customers/SimplePublicCustomers/pubCustGeneratByNumEmailWithoutTag" status="PASSED">
         <system-out><![CDATA[2018-09-05 18:52:35 - [TEST_CASE][PASSED] - Test Cases/completed/TestCases6_Public Customers/SimplePublicCustomers/pubCustGeneratByNumEmailWithoutTag: Test Cases/completed/TestCases6_Public Customers/SimplePublicCustomers/pubCustGeneratByNumEmailWithoutTag

2018-09-05 18:52:36 - [TEST_STEP][PASSED] - callTestCase: Call Test Case 'Test Cases/BVT/aSimple_Login' successfully

2018-09-05 18:52:36 - [TEST_CASE][PASSED] - Test Cases/BVT/aSimple_Login: Test Cases/BVT/aSimple_Login

2018-09-05 18:52:36 - [TEST_STEP][PASSED] - openBrowser: Browser is opened with url: ''

2018-09-05 18:52:36 - [MESSAGE][WARNING] - A browser is already opened. Closing browser and opening a new one

2018-09-05 18:52:41 - [MESSAGE][PASSED] - Browser is opened with url: ''

2018-09-05 18:52:41 - [TEST_STEP][PASSED] - maximizeWindow: Current window maximized

2018-09-05 18:52:42 - [MESSAGE][PASSED] - Current window maximized

2018-09-05 18:52:42 - [TEST_STEP][PASSED] - navigateToUrl: Navigate to 'https://dev.vcalling.in/enterprises/UAT/Dashboard/index.html' successfully

2018-09-05 18:52:48 - [MESSAGE][PASSED] - Navigate to 'https://dev.vcalling.in/enterprises/UAT/Dashboard/index.html' successfully

2018-09-05 18:52:48 - [TEST_STEP][PASSED] - setText: Text 'testing4dea@gmail.com' is set on object 'Object Repository/Login/UserId'

2018-09-05 18:52:49 - [MESSAGE][PASSED] - Text 'testing4dea@gmail.com' is set on object 'Object Repository/Login/UserId'

2018-09-05 18:52:49 - [TEST_STEP][PASSED] - click: Object: 'Object Repository/Login/div_GET OTP' is clicked on

2018-09-05 18:52:49 - [MESSAGE][PASSED] - Object: 'Object Repository/Login/div_GET OTP' is clicked on

2018-09-05 18:52:49 - [TEST_STEP][PASSED] - waitForElementPresent: Object 'Object Repository/Login/div_SUBMIT' is present

2018-09-05 18:52:51 - [MESSAGE][PASSED] - Object 'Object Repository/Login/div_SUBMIT' is present

2018-09-05 18:52:51 - [TEST_STEP][PASSED] - Statement - If (com.kms.katalon.core.webui.keyword.WebUiBuiltInKeywords.verifyElementNotPresent(com.kms.katalon.core.testobject.ObjectRepository.findTestObject(Login/div_SUBMIT), 5, OPTIONAL)): Web element with id: 'Object Repository/Login/div_SUBMIT' located by 'By.xpath: //div[(text() = ' SUBMIT ' or . = ' SUBMIT ')]' is present after '5' second(s)

2018-09-05 18:52:56 - [MESSAGE][WARNING] - Web element with id: 'Object Repository/Login/div_SUBMIT' located by 'By.xpath: //div[(text() = ' SUBMIT ' or . = ' SUBMIT ')]' is present after '5' second(s)
[[ATTACHMENT|C:\\Users\\User\\Desktop\\Katalon Studio\\Katalon Studio\\vCallingDashboard\\Reports\\RegressionSuite\\20180905_175530\\1536153776428.png]]

2018-09-05 18:52:56 - [TEST_STEP][PASSED] - Statement - sleep(5000): null

2018-09-05 18:53:01 - [TEST_STEP][PASSED] - Statement - OTP = getOTP(): null

2018-09-05 18:53:01 - [TEST_STEP][PASSED] - Statement - host = "imap.gmail.com": null

2018-09-05 18:53:01 - [TEST_STEP][PASSED] - Statement - msg = <not implemented yet for class: org.codehaus.groovy.ast.expr.EmptyExpression>: null

2018-09-05 18:53:01 - [TEST_STEP][PASSED] - Statement - msgSub = <not implemented yet for class: org.codehaus.groovy.ast.expr.EmptyExpression>: null

2018-09-05 18:53:01 - [TEST_STEP][PASSED] - Statement - OTP = "unavailable": null

2018-09-05 18:53:01 - [TEST_STEP][PASSED] - Statement - props = new java.util.Properties(): null

2018-09-05 18:53:01 - [TEST_STEP][PASSED] - Statement - props.setProperty("mail.imap.ssl.enable", "true"): null

2018-09-05 18:53:01 - [TEST_STEP][PASSED] - Statement - session = javax.mail.Session.getInstance(props): null

2018-09-05 18:53:01 - [TEST_STEP][PASSED] - Statement - store = <not implemented yet for class: org.codehaus.groovy.ast.expr.EmptyExpression>: null

2018-09-05 18:53:01 - [TEST_STEP][PASSED] - Statement - Try: null

2018-09-05 18:53:01 - [TEST_STEP][PASSED] - Statement - store = session.getStore("imap"): null

2018-09-05 18:53:01 - [TEST_STEP][PASSED] - Statement - store.connect(host, Email, Password): null

2018-09-05 18:53:03 - [TEST_STEP][PASSED] - Statement - emailFolder = store.getFolder("INBOX"): null

2018-09-05 18:53:03 - [TEST_STEP][PASSED] - Statement - emailFolder.open(READ_WRITE): null

2018-09-05 18:53:04 - [TEST_STEP][PASSED] - Statement - messages = emailFolder.getMessages(): null

2018-09-05 18:53:04 - [TEST_STEP][PASSED] - Statement - n = length: null

2018-09-05 18:53:04 - [TEST_STEP][PASSED] - Statement - message = messages[n - 1]: null

2018-09-05 18:53:04 - [TEST_STEP][PASSED] - Statement - msgSub = message.getSubject(): null

2018-09-05 18:53:04 - [TEST_STEP][PASSED] - Statement - If (msgSub.equals("OTP to Sign In")): null

2018-09-05 18:53:04 - [TEST_STEP][PASSED] - Statement - msg = message.getContent().toString(): null

2018-09-05 18:53:05 - [TEST_STEP][PASSED] - Statement - OTP = msg.substring(msg.length() - 7): null

2018-09-05 18:53:05 - [TEST_STEP][PASSED] - Statement - message.setFlag(DELETED, true): null

2018-09-05 18:53:05 - [TEST_STEP][PASSED] - Statement - emailFolder.close(true): null

2018-09-05 18:53:05 - [TEST_STEP][PASSED] - Statement - store.close(): null

2018-09-05 18:53:06 - [TEST_STEP][PASSED] - Statement - return OTP: null

2018-09-05 18:53:06 - [TEST_STEP][PASSED] - Statement - If (OTP.equals("unavailable")): null

2018-09-05 18:53:06 - [TEST_STEP][PASSED] - Statement - Else: Text 'm6380
' is set on object 'Object Repository/Login/OtpInput'

2018-09-05 18:53:06 - [TEST_STEP][PASSED] - setText: Text 'm6380
' is set on object 'Object Repository/Login/OtpInput'

2018-09-05 18:53:06 - [MESSAGE][PASSED] - Text 'm6380
' is set on object 'Object Repository/Login/OtpInput'

2018-09-05 18:53:06 - [TEST_STEP][PASSED] - verifyElementPresent: Object 'Object Repository/Login/afterOpenDisplay' is present

2018-09-05 18:53:08 - [MESSAGE][PASSED] - Object 'Object Repository/Login/afterOpenDisplay' is present

2018-09-05 18:53:08 - [MESSAGE][PASSED] - Call Test Case 'Test Cases/BVT/aSimple_Login' successfully

2018-09-05 18:53:08 - [TEST_STEP][PASSED] - Statement - driver = com.kms.katalon.core.webui.driver.DriverFactory.getWebDriver(): null

2018-09-05 18:53:08 - [TEST_STEP][PASSED] - click: Object: 'Object Repository/Dashboard_Link Generator/linkgeneratorIcon' is clicked on

2018-09-05 18:53:09 - [MESSAGE][PASSED] - Object: 'Object Repository/Dashboard_Link Generator/linkgeneratorIcon' is clicked on

2018-09-05 18:53:09 - [TEST_STEP][PASSED] - click: Object: 'Object Repository/Public Links/publicLinkTab' is clicked on

2018-09-05 18:53:10 - [MESSAGE][PASSED] - Object: 'Object Repository/Public Links/publicLinkTab' is clicked on

2018-09-05 18:53:10 - [TEST_STEP][PASSED] - click: Object: 'Object Repository/Public Links/GetLink' is clicked on

2018-09-05 18:53:11 - [MESSAGE][PASSED] - Object: 'Object Repository/Public Links/GetLink' is clicked on

2018-09-05 18:53:11 - [TEST_STEP][PASSED] - Statement - getLink = com.kms.katalon.core.webui.keyword.WebUiBuiltInKeywords.getAttribute(com.kms.katalon.core.testobject.ObjectRepository.findTestObject(Dashboard_Link Generator/input_link-text), "value"): Attribute 'value' of object 'Object Repository/Dashboard_Link Generator/input_link-text' is: 'https://dev.vcalling.in/url/UAT/?id=UAT_publicLink-1&p=t'

2018-09-05 18:53:11 - [MESSAGE][PASSED] - Attribute 'value' of object 'Object Repository/Dashboard_Link Generator/input_link-text' is: 'https://dev.vcalling.in/url/UAT/?id=UAT_publicLink-1&p=t'

2018-09-05 18:53:11 - [TEST_STEP][PASSED] - Statement - println(getLink): null

2018-09-05 18:53:11 - [TEST_STEP][PASSED] - click: Object: 'Object Repository/Dashboard_Link Generator/copyLink' is clicked on

2018-09-05 18:53:12 - [MESSAGE][PASSED] - Object: 'Object Repository/Dashboard_Link Generator/copyLink' is clicked on

2018-09-05 18:53:12 - [TEST_STEP][PASSED] - delay: Delayed 2 second(s)

2018-09-05 18:53:14 - [MESSAGE][PASSED] - Delayed 2 second(s)

2018-09-05 18:53:14 - [TEST_STEP][PASSED] - Statement - js = driver: null

2018-09-05 18:53:14 - [TEST_STEP][PASSED] - Statement - js.executeScript("window.open();"): null

2018-09-05 18:53:14 - [TEST_STEP][PASSED] - Statement - currentWindow = com.kms.katalon.core.webui.keyword.WebUiBuiltInKeywords.getWindowIndex(): Current window's index is: 0

2018-09-05 18:53:14 - [MESSAGE][PASSED] - Current window's index is: 0

2018-09-05 18:53:14 - [TEST_STEP][PASSED] - switchToWindowIndex: Switched to window with index: '1'

2018-09-05 18:53:14 - [MESSAGE][PASSED] - Switched to window with index: '1'

2018-09-05 18:53:14 - [TEST_STEP][PASSED] - navigateToUrl: Navigate to 'https://dev.vcalling.in/url/UAT/?id=UAT_publicLink-1&p=t' successfully

2018-09-05 18:53:17 - [MESSAGE][PASSED] - Navigate to 'https://dev.vcalling.in/url/UAT/?id=UAT_publicLink-1&p=t' successfully

2018-09-05 18:53:17 - [TEST_STEP][PASSED] - setText: Text ' ' is set on object 'Object Repository/PublicCustomer/customerName'

2018-09-05 18:53:19 - [MESSAGE][PASSED] - Text ' ' is set on object 'Object Repository/PublicCustomer/customerName'

2018-09-05 18:53:19 - [TEST_STEP][PASSED] - click: Object: 'Object Repository/PublicCustomer/NextButton' is clicked on

2018-09-05 18:53:20 - [MESSAGE][PASSED] - Object: 'Object Repository/PublicCustomer/NextButton' is clicked on

2018-09-05 18:53:20 - [TEST_STEP][PASSED] - Statement - number = CustomKeywords.phoneNumbers.contactNumbers.randomString(9): phoneNumbers.contactNumbers.randomString is PASSED

2018-09-05 18:53:20 - [MESSAGE][PASSED] - phoneNumbers.contactNumbers.randomString is PASSED

2018-09-05 18:53:20 - [TEST_STEP][PASSED] - Statement - Mobile_Number = number: null

2018-09-05 18:53:20 - [TEST_STEP][PASSED] - setText: Text '4892393101' is set on object 'Object Repository/PublicCustomer/customerNumber'

2018-09-05 18:53:21 - [MESSAGE][PASSED] - Text '4892393101' is set on object 'Object Repository/PublicCustomer/customerNumber'

2018-09-05 18:53:21 - [TEST_STEP][PASSED] - setText: Text 'H7xsXQT3Ic@gmail.com' is set on object 'Object Repository/PublicCustomer/customerId'

2018-09-05 18:53:21 - [MESSAGE][PASSED] - newPackage.newKeyword.randomString is PASSED

2018-09-05 18:53:22 - [MESSAGE][PASSED] - Text 'H7xsXQT3Ic@gmail.com' is set on object 'Object Repository/PublicCustomer/customerId'

2018-09-05 18:53:22 - [TEST_STEP][PASSED] - click: Object: 'Object Repository/PublicCustomer/doneButton' is clicked on

2018-09-05 18:53:22 - [MESSAGE][PASSED] - Object: 'Object Repository/PublicCustomer/doneButton' is clicked on

2018-09-05 18:53:22 - [TEST_STEP][PASSED] - Statement - currentTab = com.kms.katalon.core.webui.keyword.WebUiBuiltInKeywords.getWindowIndex(): Current window's index is: 1

2018-09-05 18:53:22 - [MESSAGE][PASSED] - Current window's index is: 1

2018-09-05 18:53:22 - [TEST_STEP][PASSED] - delay: Delayed 10 second(s)

2018-09-05 18:53:32 - [MESSAGE][PASSED] - Delayed 10 second(s)

2018-09-05 18:53:32 - [TEST_STEP][PASSED] - switchToWindowIndex: Switched to window with index: '0'

2018-09-05 18:53:33 - [MESSAGE][PASSED] - Switched to window with index: '0'

2018-09-05 18:53:33 - [TEST_STEP][PASSED] - refresh: Refresh successfully

2018-09-05 18:53:33 - [MESSAGE][PASSED] - Refresh successfully

2018-09-05 18:53:33 - [TEST_STEP][PASSED] - acceptAlert: Alert accepted

2018-09-05 18:53:33 - [MESSAGE][PASSED] - Alert accepted]]></system-out>
         <system-err><![CDATA[]]></system-err>
      </testcase>
      <testcase name="Test Cases/completed/TestCases6_Public Customers/SimplePublicCustomers/pubCustGenerateThroughEmptyNameAndEmailWithoutTag" classname="Test Cases/completed/TestCases6_Public Customers/SimplePublicCustomers/pubCustGenerateThroughEmptyNameAndEmailWithoutTag" status="PASSED">
         <system-out><![CDATA[2018-09-05 18:53:33 - [TEST_CASE][PASSED] - Test Cases/completed/TestCases6_Public Customers/SimplePublicCustomers/pubCustGenerateThroughEmptyNameAndEmailWithoutTag: Test Cases/completed/TestCases6_Public Customers/SimplePublicCustomers/pubCustGenerateThroughEmptyNameAndEmailWithoutTag

2018-09-05 18:53:34 - [TEST_STEP][PASSED] - callTestCase: Call Test Case 'Test Cases/BVT/aSimple_Login' successfully

2018-09-05 18:53:34 - [TEST_CASE][PASSED] - Test Cases/BVT/aSimple_Login: Test Cases/BVT/aSimple_Login

2018-09-05 18:53:34 - [TEST_STEP][PASSED] - openBrowser: Browser is opened with url: ''

2018-09-05 18:53:34 - [MESSAGE][WARNING] - A browser is already opened. Closing browser and opening a new one

2018-09-05 18:53:39 - [MESSAGE][PASSED] - Browser is opened with url: ''

2018-09-05 18:53:39 - [TEST_STEP][PASSED] - maximizeWindow: Current window maximized

2018-09-05 18:53:41 - [MESSAGE][PASSED] - Current window maximized

2018-09-05 18:53:41 - [TEST_STEP][PASSED] - navigateToUrl: Navigate to 'https://dev.vcalling.in/enterprises/UAT/Dashboard/index.html' successfully

2018-09-05 18:53:45 - [MESSAGE][PASSED] - Navigate to 'https://dev.vcalling.in/enterprises/UAT/Dashboard/index.html' successfully

2018-09-05 18:53:45 - [TEST_STEP][PASSED] - setText: Text 'testing4dea@gmail.com' is set on object 'Object Repository/Login/UserId'

2018-09-05 18:53:46 - [MESSAGE][PASSED] - Text 'testing4dea@gmail.com' is set on object 'Object Repository/Login/UserId'

2018-09-05 18:53:46 - [TEST_STEP][PASSED] - click: Object: 'Object Repository/Login/div_GET OTP' is clicked on

2018-09-05 18:53:47 - [MESSAGE][PASSED] - Object: 'Object Repository/Login/div_GET OTP' is clicked on

2018-09-05 18:53:47 - [TEST_STEP][PASSED] - waitForElementPresent: Object 'Object Repository/Login/div_SUBMIT' is present

2018-09-05 18:53:48 - [MESSAGE][PASSED] - Object 'Object Repository/Login/div_SUBMIT' is present

2018-09-05 18:53:48 - [TEST_STEP][PASSED] - Statement - If (com.kms.katalon.core.webui.keyword.WebUiBuiltInKeywords.verifyElementNotPresent(com.kms.katalon.core.testobject.ObjectRepository.findTestObject(Login/div_SUBMIT), 5, OPTIONAL)): Web element with id: 'Object Repository/Login/div_SUBMIT' located by 'By.xpath: //div[(text() = ' SUBMIT ' or . = ' SUBMIT ')]' is present after '5' second(s)

2018-09-05 18:53:54 - [MESSAGE][WARNING] - Web element with id: 'Object Repository/Login/div_SUBMIT' located by 'By.xpath: //div[(text() = ' SUBMIT ' or . = ' SUBMIT ')]' is present after '5' second(s)
[[ATTACHMENT|C:\\Users\\User\\Desktop\\Katalon Studio\\Katalon Studio\\vCallingDashboard\\Reports\\RegressionSuite\\20180905_175530\\1536153833787.png]]

2018-09-05 18:53:54 - [TEST_STEP][PASSED] - Statement - sleep(5000): null

2018-09-05 18:53:59 - [TEST_STEP][PASSED] - Statement - OTP = getOTP(): null

2018-09-05 18:53:59 - [TEST_STEP][PASSED] - Statement - host = "imap.gmail.com": null

2018-09-05 18:53:59 - [TEST_STEP][PASSED] - Statement - msg = <not implemented yet for class: org.codehaus.groovy.ast.expr.EmptyExpression>: null

2018-09-05 18:53:59 - [TEST_STEP][PASSED] - Statement - msgSub = <not implemented yet for class: org.codehaus.groovy.ast.expr.EmptyExpression>: null

2018-09-05 18:53:59 - [TEST_STEP][PASSED] - Statement - OTP = "unavailable": null

2018-09-05 18:53:59 - [TEST_STEP][PASSED] - Statement - props = new java.util.Properties(): null

2018-09-05 18:53:59 - [TEST_STEP][PASSED] - Statement - props.setProperty("mail.imap.ssl.enable", "true"): null

2018-09-05 18:53:59 - [TEST_STEP][PASSED] - Statement - session = javax.mail.Session.getInstance(props): null

2018-09-05 18:53:59 - [TEST_STEP][PASSED] - Statement - store = <not implemented yet for class: org.codehaus.groovy.ast.expr.EmptyExpression>: null

2018-09-05 18:53:59 - [TEST_STEP][PASSED] - Statement - Try: null

2018-09-05 18:53:59 - [TEST_STEP][PASSED] - Statement - store = session.getStore("imap"): null

2018-09-05 18:53:59 - [TEST_STEP][PASSED] - Statement - store.connect(host, Email, Password): null

2018-09-05 18:54:01 - [TEST_STEP][PASSED] - Statement - emailFolder = store.getFolder("INBOX"): null

2018-09-05 18:54:01 - [TEST_STEP][PASSED] - Statement - emailFolder.open(READ_WRITE): null

2018-09-05 18:54:01 - [TEST_STEP][PASSED] - Statement - messages = emailFolder.getMessages(): null

2018-09-05 18:54:01 - [TEST_STEP][PASSED] - Statement - n = length: null

2018-09-05 18:54:01 - [TEST_STEP][PASSED] - Statement - message = messages[n - 1]: null

2018-09-05 18:54:01 - [TEST_STEP][PASSED] - Statement - msgSub = message.getSubject(): null

2018-09-05 18:54:01 - [TEST_STEP][PASSED] - Statement - If (msgSub.equals("OTP to Sign In")): null

2018-09-05 18:54:01 - [TEST_STEP][PASSED] - Statement - msg = message.getContent().toString(): null

2018-09-05 18:54:02 - [TEST_STEP][PASSED] - Statement - OTP = msg.substring(msg.length() - 7): null

2018-09-05 18:54:02 - [TEST_STEP][PASSED] - Statement - message.setFlag(DELETED, true): null

2018-09-05 18:54:03 - [TEST_STEP][PASSED] - Statement - emailFolder.close(true): null

2018-09-05 18:54:03 - [TEST_STEP][PASSED] - Statement - store.close(): null

2018-09-05 18:54:03 - [TEST_STEP][PASSED] - Statement - return OTP: null

2018-09-05 18:54:03 - [TEST_STEP][PASSED] - Statement - If (OTP.equals("unavailable")): null

2018-09-05 18:54:03 - [TEST_STEP][PASSED] - Statement - Else: Text 'y6278
' is set on object 'Object Repository/Login/OtpInput'

2018-09-05 18:54:03 - [TEST_STEP][PASSED] - setText: Text 'y6278
' is set on object 'Object Repository/Login/OtpInput'

2018-09-05 18:54:03 - [MESSAGE][PASSED] - Text 'y6278
' is set on object 'Object Repository/Login/OtpInput'

2018-09-05 18:54:03 - [TEST_STEP][PASSED] - verifyElementPresent: Object 'Object Repository/Login/afterOpenDisplay' is present

2018-09-05 18:54:04 - [MESSAGE][PASSED] - Object 'Object Repository/Login/afterOpenDisplay' is present

2018-09-05 18:54:04 - [MESSAGE][PASSED] - Call Test Case 'Test Cases/BVT/aSimple_Login' successfully

2018-09-05 18:54:04 - [TEST_STEP][PASSED] - Statement - driver = com.kms.katalon.core.webui.driver.DriverFactory.getWebDriver(): null

2018-09-05 18:54:04 - [TEST_STEP][PASSED] - click: Object: 'Object Repository/Dashboard_Link Generator/linkgeneratorIcon' is clicked on

2018-09-05 18:54:05 - [MESSAGE][PASSED] - Object: 'Object Repository/Dashboard_Link Generator/linkgeneratorIcon' is clicked on

2018-09-05 18:54:05 - [TEST_STEP][PASSED] - click: Object: 'Object Repository/Public Links/publicLinkTab' is clicked on

2018-09-05 18:54:07 - [MESSAGE][PASSED] - Object: 'Object Repository/Public Links/publicLinkTab' is clicked on

2018-09-05 18:54:07 - [TEST_STEP][PASSED] - click: Object: 'Object Repository/Public Links/GetLink' is clicked on

2018-09-05 18:54:07 - [MESSAGE][PASSED] - Object: 'Object Repository/Public Links/GetLink' is clicked on

2018-09-05 18:54:07 - [TEST_STEP][PASSED] - Statement - getLink = com.kms.katalon.core.webui.keyword.WebUiBuiltInKeywords.getAttribute(com.kms.katalon.core.testobject.ObjectRepository.findTestObject(Dashboard_Link Generator/input_link-text), "value"): Attribute 'value' of object 'Object Repository/Dashboard_Link Generator/input_link-text' is: 'https://dev.vcalling.in/url/UAT/?id=UAT_publicLink-1&p=t'

2018-09-05 18:54:08 - [MESSAGE][PASSED] - Attribute 'value' of object 'Object Repository/Dashboard_Link Generator/input_link-text' is: 'https://dev.vcalling.in/url/UAT/?id=UAT_publicLink-1&p=t'

2018-09-05 18:54:08 - [TEST_STEP][PASSED] - Statement - println(getLink): null

2018-09-05 18:54:08 - [TEST_STEP][PASSED] - click: Object: 'Object Repository/Dashboard_Link Generator/copyLink' is clicked on

2018-09-05 18:54:08 - [MESSAGE][PASSED] - Object: 'Object Repository/Dashboard_Link Generator/copyLink' is clicked on

2018-09-05 18:54:08 - [TEST_STEP][PASSED] - delay: Delayed 2 second(s)

2018-09-05 18:54:10 - [MESSAGE][PASSED] - Delayed 2 second(s)

2018-09-05 18:54:10 - [TEST_STEP][PASSED] - Statement - js = driver: null

2018-09-05 18:54:10 - [TEST_STEP][PASSED] - Statement - js.executeScript("window.open();"): null

2018-09-05 18:54:11 - [TEST_STEP][PASSED] - Statement - currentWindow = com.kms.katalon.core.webui.keyword.WebUiBuiltInKeywords.getWindowIndex(): Current window's index is: 0

2018-09-05 18:54:11 - [MESSAGE][PASSED] - Current window's index is: 0

2018-09-05 18:54:11 - [TEST_STEP][PASSED] - switchToWindowIndex: Switched to window with index: '1'

2018-09-05 18:54:11 - [MESSAGE][PASSED] - Switched to window with index: '1'

2018-09-05 18:54:11 - [TEST_STEP][PASSED] - navigateToUrl: Navigate to 'https://dev.vcalling.in/url/UAT/?id=UAT_publicLink-1&p=t' successfully

2018-09-05 18:54:13 - [MESSAGE][PASSED] - Navigate to 'https://dev.vcalling.in/url/UAT/?id=UAT_publicLink-1&p=t' successfully

2018-09-05 18:54:13 - [TEST_STEP][PASSED] - setText: Text ' ' is set on object 'Object Repository/PublicCustomer/customerName'

2018-09-05 18:54:16 - [MESSAGE][PASSED] - Text ' ' is set on object 'Object Repository/PublicCustomer/customerName'

2018-09-05 18:54:16 - [TEST_STEP][PASSED] - click: Object: 'Object Repository/PublicCustomer/NextButton' is clicked on

2018-09-05 18:54:17 - [MESSAGE][PASSED] - Object: 'Object Repository/PublicCustomer/NextButton' is clicked on

2018-09-05 18:54:17 - [TEST_STEP][PASSED] - setText: Text 'vJzoQhHhiI@gmail.com' is set on object 'Object Repository/PublicCustomer/customerId'

2018-09-05 18:54:17 - [MESSAGE][PASSED] - newPackage.newKeyword.randomString is PASSED

2018-09-05 18:54:18 - [MESSAGE][PASSED] - Text 'vJzoQhHhiI@gmail.com' is set on object 'Object Repository/PublicCustomer/customerId'

2018-09-05 18:54:18 - [TEST_STEP][PASSED] - click: Object: 'Object Repository/PublicCustomer/doneButton' is clicked on

2018-09-05 18:54:18 - [MESSAGE][PASSED] - Object: 'Object Repository/PublicCustomer/doneButton' is clicked on

2018-09-05 18:54:18 - [TEST_STEP][PASSED] - Statement - currentTab = com.kms.katalon.core.webui.keyword.WebUiBuiltInKeywords.getWindowIndex(): Current window's index is: 1

2018-09-05 18:54:18 - [MESSAGE][PASSED] - Current window's index is: 1

2018-09-05 18:54:18 - [TEST_STEP][PASSED] - delay: Delayed 10 second(s)

2018-09-05 18:54:28 - [MESSAGE][PASSED] - Delayed 10 second(s)

2018-09-05 18:54:28 - [TEST_STEP][PASSED] - switchToWindowIndex: Switched to window with index: '0'

2018-09-05 18:54:28 - [MESSAGE][PASSED] - Switched to window with index: '0'

2018-09-05 18:54:28 - [TEST_STEP][PASSED] - refresh: Refresh successfully

2018-09-05 18:54:28 - [MESSAGE][PASSED] - Refresh successfully

2018-09-05 18:54:28 - [TEST_STEP][PASSED] - acceptAlert: Alert accepted

2018-09-05 18:54:28 - [MESSAGE][PASSED] - Alert accepted]]></system-out>
         <system-err><![CDATA[]]></system-err>
      </testcase>
      <testcase name="Test Cases/completed/TestCases6_Public Customers/SimplePublicCustomers/pubCustGenerateThroughEmptyNameContactWithoutTag" classname="Test Cases/completed/TestCases6_Public Customers/SimplePublicCustomers/pubCustGenerateThroughEmptyNameContactWithoutTag" status="PASSED">
         <system-out><![CDATA[2018-09-05 18:54:28 - [TEST_CASE][PASSED] - Test Cases/completed/TestCases6_Public Customers/SimplePublicCustomers/pubCustGenerateThroughEmptyNameContactWithoutTag: Test Cases/completed/TestCases6_Public Customers/SimplePublicCustomers/pubCustGenerateThroughEmptyNameContactWithoutTag

2018-09-05 18:54:29 - [TEST_STEP][PASSED] - callTestCase: Call Test Case 'Test Cases/BVT/aSimple_Login' successfully

2018-09-05 18:54:29 - [TEST_CASE][PASSED] - Test Cases/BVT/aSimple_Login: Test Cases/BVT/aSimple_Login

2018-09-05 18:54:29 - [TEST_STEP][PASSED] - openBrowser: Browser is opened with url: ''

2018-09-05 18:54:29 - [MESSAGE][WARNING] - A browser is already opened. Closing browser and opening a new one

2018-09-05 18:54:33 - [MESSAGE][PASSED] - Browser is opened with url: ''

2018-09-05 18:54:33 - [TEST_STEP][PASSED] - maximizeWindow: Current window maximized

2018-09-05 18:54:35 - [MESSAGE][PASSED] - Current window maximized

2018-09-05 18:54:35 - [TEST_STEP][PASSED] - navigateToUrl: Navigate to 'https://dev.vcalling.in/enterprises/UAT/Dashboard/index.html' successfully

2018-09-05 18:54:40 - [MESSAGE][PASSED] - Navigate to 'https://dev.vcalling.in/enterprises/UAT/Dashboard/index.html' successfully

2018-09-05 18:54:40 - [TEST_STEP][PASSED] - setText: Text 'testing4dea@gmail.com' is set on object 'Object Repository/Login/UserId'

2018-09-05 18:54:41 - [MESSAGE][PASSED] - Text 'testing4dea@gmail.com' is set on object 'Object Repository/Login/UserId'

2018-09-05 18:54:41 - [TEST_STEP][PASSED] - click: Object: 'Object Repository/Login/div_GET OTP' is clicked on

2018-09-05 18:54:41 - [MESSAGE][PASSED] - Object: 'Object Repository/Login/div_GET OTP' is clicked on

2018-09-05 18:54:41 - [TEST_STEP][PASSED] - waitForElementPresent: Object 'Object Repository/Login/div_SUBMIT' is present

2018-09-05 18:54:43 - [MESSAGE][PASSED] - Object 'Object Repository/Login/div_SUBMIT' is present

2018-09-05 18:54:43 - [TEST_STEP][PASSED] - Statement - If (com.kms.katalon.core.webui.keyword.WebUiBuiltInKeywords.verifyElementNotPresent(com.kms.katalon.core.testobject.ObjectRepository.findTestObject(Login/div_SUBMIT), 5, OPTIONAL)): Web element with id: 'Object Repository/Login/div_SUBMIT' located by 'By.xpath: //div[(text() = ' SUBMIT ' or . = ' SUBMIT ')]' is present after '5' second(s)

2018-09-05 18:54:49 - [MESSAGE][WARNING] - Web element with id: 'Object Repository/Login/div_SUBMIT' located by 'By.xpath: //div[(text() = ' SUBMIT ' or . = ' SUBMIT ')]' is present after '5' second(s)
[[ATTACHMENT|C:\\Users\\User\\Desktop\\Katalon Studio\\Katalon Studio\\vCallingDashboard\\Reports\\RegressionSuite\\20180905_175530\\1536153888857.png]]

2018-09-05 18:54:49 - [TEST_STEP][PASSED] - Statement - sleep(5000): null

2018-09-05 18:54:54 - [TEST_STEP][PASSED] - Statement - OTP = getOTP(): null

2018-09-05 18:54:54 - [TEST_STEP][PASSED] - Statement - host = "imap.gmail.com": null

2018-09-05 18:54:54 - [TEST_STEP][PASSED] - Statement - msg = <not implemented yet for class: org.codehaus.groovy.ast.expr.EmptyExpression>: null

2018-09-05 18:54:54 - [TEST_STEP][PASSED] - Statement - msgSub = <not implemented yet for class: org.codehaus.groovy.ast.expr.EmptyExpression>: null

2018-09-05 18:54:54 - [TEST_STEP][PASSED] - Statement - OTP = "unavailable": null

2018-09-05 18:54:54 - [TEST_STEP][PASSED] - Statement - props = new java.util.Properties(): null

2018-09-05 18:54:54 - [TEST_STEP][PASSED] - Statement - props.setProperty("mail.imap.ssl.enable", "true"): null

2018-09-05 18:54:54 - [TEST_STEP][PASSED] - Statement - session = javax.mail.Session.getInstance(props): null

2018-09-05 18:54:54 - [TEST_STEP][PASSED] - Statement - store = <not implemented yet for class: org.codehaus.groovy.ast.expr.EmptyExpression>: null

2018-09-05 18:54:54 - [TEST_STEP][PASSED] - Statement - Try: null

2018-09-05 18:54:54 - [TEST_STEP][PASSED] - Statement - store = session.getStore("imap"): null

2018-09-05 18:54:54 - [TEST_STEP][PASSED] - Statement - store.connect(host, Email, Password): null

2018-09-05 18:54:56 - [TEST_STEP][PASSED] - Statement - emailFolder = store.getFolder("INBOX"): null

2018-09-05 18:54:56 - [TEST_STEP][PASSED] - Statement - emailFolder.open(READ_WRITE): null

2018-09-05 18:54:56 - [TEST_STEP][PASSED] - Statement - messages = emailFolder.getMessages(): null

2018-09-05 18:54:56 - [TEST_STEP][PASSED] - Statement - n = length: null

2018-09-05 18:54:56 - [TEST_STEP][PASSED] - Statement - message = messages[n - 1]: null

2018-09-05 18:54:56 - [TEST_STEP][PASSED] - Statement - msgSub = message.getSubject(): null

2018-09-05 18:54:56 - [TEST_STEP][PASSED] - Statement - If (msgSub.equals("OTP to Sign In")): null

2018-09-05 18:54:56 - [TEST_STEP][PASSED] - Statement - msg = message.getContent().toString(): null

2018-09-05 18:54:57 - [TEST_STEP][PASSED] - Statement - OTP = msg.substring(msg.length() - 7): null

2018-09-05 18:54:57 - [TEST_STEP][PASSED] - Statement - message.setFlag(DELETED, true): null

2018-09-05 18:54:57 - [TEST_STEP][PASSED] - Statement - emailFolder.close(true): null

2018-09-05 18:54:58 - [TEST_STEP][PASSED] - Statement - store.close(): null

2018-09-05 18:54:58 - [TEST_STEP][PASSED] - Statement - return OTP: null

2018-09-05 18:54:58 - [TEST_STEP][PASSED] - Statement - If (OTP.equals("unavailable")): null

2018-09-05 18:54:58 - [TEST_STEP][PASSED] - Statement - Else: Text 's5211
' is set on object 'Object Repository/Login/OtpInput'

2018-09-05 18:54:58 - [TEST_STEP][PASSED] - setText: Text 's5211
' is set on object 'Object Repository/Login/OtpInput'

2018-09-05 18:54:58 - [MESSAGE][PASSED] - Text 's5211
' is set on object 'Object Repository/Login/OtpInput'

2018-09-05 18:54:58 - [TEST_STEP][PASSED] - verifyElementPresent: Object 'Object Repository/Login/afterOpenDisplay' is present

2018-09-05 18:55:00 - [MESSAGE][PASSED] - Object 'Object Repository/Login/afterOpenDisplay' is present

2018-09-05 18:55:00 - [MESSAGE][PASSED] - Call Test Case 'Test Cases/BVT/aSimple_Login' successfully

2018-09-05 18:55:00 - [TEST_STEP][PASSED] - Statement - driver = com.kms.katalon.core.webui.driver.DriverFactory.getWebDriver(): null

2018-09-05 18:55:00 - [TEST_STEP][PASSED] - click: Object: 'Object Repository/Dashboard_Link Generator/linkgeneratorIcon' is clicked on

2018-09-05 18:55:00 - [MESSAGE][PASSED] - Object: 'Object Repository/Dashboard_Link Generator/linkgeneratorIcon' is clicked on

2018-09-05 18:55:00 - [TEST_STEP][PASSED] - click: Object: 'Object Repository/Public Links/publicLinkTab' is clicked on

2018-09-05 18:55:01 - [MESSAGE][PASSED] - Object: 'Object Repository/Public Links/publicLinkTab' is clicked on

2018-09-05 18:55:01 - [TEST_STEP][PASSED] - click: Object: 'Object Repository/Public Links/GetLink' is clicked on

2018-09-05 18:55:01 - [MESSAGE][PASSED] - Object: 'Object Repository/Public Links/GetLink' is clicked on

2018-09-05 18:55:01 - [TEST_STEP][PASSED] - Statement - getLink = com.kms.katalon.core.webui.keyword.WebUiBuiltInKeywords.getAttribute(com.kms.katalon.core.testobject.ObjectRepository.findTestObject(Dashboard_Link Generator/input_link-text), "value"): Attribute 'value' of object 'Object Repository/Dashboard_Link Generator/input_link-text' is: 'https://dev.vcalling.in/url/UAT/?id=UAT_publicLink-1&p=t'

2018-09-05 18:55:02 - [MESSAGE][PASSED] - Attribute 'value' of object 'Object Repository/Dashboard_Link Generator/input_link-text' is: 'https://dev.vcalling.in/url/UAT/?id=UAT_publicLink-1&p=t'

2018-09-05 18:55:02 - [TEST_STEP][PASSED] - Statement - println(getLink): null

2018-09-05 18:55:02 - [TEST_STEP][PASSED] - click: Object: 'Object Repository/Dashboard_Link Generator/copyLink' is clicked on

2018-09-05 18:55:02 - [MESSAGE][PASSED] - Object: 'Object Repository/Dashboard_Link Generator/copyLink' is clicked on

2018-09-05 18:55:02 - [TEST_STEP][PASSED] - delay: Delayed 2 second(s)

2018-09-05 18:55:04 - [MESSAGE][PASSED] - Delayed 2 second(s)

2018-09-05 18:55:04 - [TEST_STEP][PASSED] - Statement - js = driver: null

2018-09-05 18:55:04 - [TEST_STEP][PASSED] - Statement - js.executeScript("window.open();"): null

2018-09-05 18:55:04 - [TEST_STEP][PASSED] - Statement - currentWindow = com.kms.katalon.core.webui.keyword.WebUiBuiltInKeywords.getWindowIndex(): Current window's index is: 0

2018-09-05 18:55:04 - [MESSAGE][PASSED] - Current window's index is: 0

2018-09-05 18:55:04 - [TEST_STEP][PASSED] - switchToWindowIndex: Switched to window with index: '1'

2018-09-05 18:55:04 - [MESSAGE][PASSED] - Switched to window with index: '1'

2018-09-05 18:55:04 - [TEST_STEP][PASSED] - navigateToUrl: Navigate to 'https://dev.vcalling.in/url/UAT/?id=UAT_publicLink-1&p=t' successfully

2018-09-05 18:55:06 - [MESSAGE][PASSED] - Navigate to 'https://dev.vcalling.in/url/UAT/?id=UAT_publicLink-1&p=t' successfully

2018-09-05 18:55:06 - [TEST_STEP][PASSED] - setText: Text ' ' is set on object 'Object Repository/PublicCustomer/customerName'

2018-09-05 18:55:08 - [MESSAGE][PASSED] - Text ' ' is set on object 'Object Repository/PublicCustomer/customerName'

2018-09-05 18:55:08 - [TEST_STEP][PASSED] - click: Object: 'Object Repository/PublicCustomer/NextButton' is clicked on

2018-09-05 18:55:08 - [MESSAGE][PASSED] - Object: 'Object Repository/PublicCustomer/NextButton' is clicked on

2018-09-05 18:55:08 - [TEST_STEP][PASSED] - Statement - number = CustomKeywords.phoneNumbers.contactNumbers.randomString(9): phoneNumbers.contactNumbers.randomString is PASSED

2018-09-05 18:55:08 - [MESSAGE][PASSED] - phoneNumbers.contactNumbers.randomString is PASSED

2018-09-05 18:55:08 - [TEST_STEP][PASSED] - Statement - Mobile_Number = number: null

2018-09-05 18:55:08 - [TEST_STEP][PASSED] - setText: Text '1060122231' is set on object 'Object Repository/PublicCustomer/customerNumber'

2018-09-05 18:55:09 - [MESSAGE][PASSED] - Text '1060122231' is set on object 'Object Repository/PublicCustomer/customerNumber'

2018-09-05 18:55:09 - [TEST_STEP][PASSED] - click: Object: 'Object Repository/PublicCustomer/doneButton' is clicked on

2018-09-05 18:55:09 - [MESSAGE][PASSED] - Object: 'Object Repository/PublicCustomer/doneButton' is clicked on]]></system-out>
         <system-err><![CDATA[]]></system-err>
      </testcase>
      <testcase name="Test Cases/completed/TestCases6_Public Customers/SimplePublicCustomers/pubCustGenerateThroughEmptyNameEmailwithTag" classname="Test Cases/completed/TestCases6_Public Customers/SimplePublicCustomers/pubCustGenerateThroughEmptyNameEmailwithTag" status="FAILED">
         <failure type="FAILED" message="Unable to navigate to 'https://dev.vcalling.in/enterprises/UAT/Dashboard/index.html' (Root cause: org.openqa.selenium.TimeoutException: timeout
  (Session info: chrome=68.0.3440.106)
  (Driver info: chromedriver=2.35.528161 (5b82f2d2aae0ca24b877009200ced9065a772e73),platform=Windows NT 10.0.17134 x86_64) (WARNING: The server did not provide any stacktrace information)
Command duration or timeout: 0 milliseconds
Build info: version: '3.7.1', revision: '8a0099a', time: '2017-11-06T21:07:36.161Z'
System info: host: 'DESKTOP-LIL', ip: '10.6.8.31', os.name: 'Windows 10', os.arch: 'amd64', os.version: '10.0', java.version: '1.8.0_102'
Driver info: com.kms.katalon.selenium.driver.CChromeDriver
Capabilities {acceptInsecureCerts: false, acceptSslCerts: false, applicationCacheEnabled: false, browserConnectionEnabled: false, browserName: chrome, chrome: {chromedriverVersion: 2.35.528161 (5b82f2d2aae0ca..., userDataDir: C:\Users\User\AppData\Local...}, cssSelectorsEnabled: true, databaseEnabled: false, handlesAlerts: true, hasTouchScreen: false, javascriptEnabled: true, locationContextEnabled: true, mobileEmulationEnabled: false, nativeEvents: true, networkConnectionEnabled: false, pageLoadStrategy: normal, platform: XP, platformName: XP, rotatable: false, setWindowRect: true, takesHeapSnapshot: true, takesScreenshot: true, unexpectedAlertBehaviour: , unhandledPromptBehavior: , version: 68.0.3440.106, webStorageEnabled: true}
Session ID: d3dab430c2d75c403d2d19b65db94bb6)"/>
         <system-out><![CDATA[2018-09-05 18:55:09 - [TEST_CASE][FAILED] - Test Cases/completed/TestCases6_Public Customers/SimplePublicCustomers/pubCustGenerateThroughEmptyNameEmailwithTag: Test Cases/completed/TestCases6_Public Customers/SimplePublicCustomers/pubCustGenerateThroughEmptyNameEmailwithTag FAILED because (of) Unable to navigate to 'https://dev.vcalling.in/enterprises/UAT/Dashboard/index.html' (Root cause: org.openqa.selenium.TimeoutException: timeout
  (Session info: chrome=68.0.3440.106)
  (Driver info: chromedriver=2.35.528161 (5b82f2d2aae0ca24b877009200ced9065a772e73),platform=Windows NT 10.0.17134 x86_64) (WARNING: The server did not provide any stacktrace information)
Command duration or timeout: 0 milliseconds
Build info: version: '3.7.1', revision: '8a0099a', time: '2017-11-06T21:07:36.161Z'
System info: host: 'DESKTOP-LIL', ip: '10.6.8.31', os.name: 'Windows 10', os.arch: 'amd64', os.version: '10.0', java.version: '1.8.0_102'
Driver info: com.kms.katalon.selenium.driver.CChromeDriver
Capabilities {acceptInsecureCerts: false, acceptSslCerts: false, applicationCacheEnabled: false, browserConnectionEnabled: false, browserName: chrome, chrome: {chromedriverVersion: 2.35.528161 (5b82f2d2aae0ca..., userDataDir: C:\Users\User\AppData\Local...}, cssSelectorsEnabled: true, databaseEnabled: false, handlesAlerts: true, hasTouchScreen: false, javascriptEnabled: true, locationContextEnabled: true, mobileEmulationEnabled: false, nativeEvents: true, networkConnectionEnabled: false, pageLoadStrategy: normal, platform: XP, platformName: XP, rotatable: false, setWindowRect: true, takesHeapSnapshot: true, takesScreenshot: true, unexpectedAlertBehaviour: , unhandledPromptBehavior: , version: 68.0.3440.106, webStorageEnabled: true}
Session ID: d3dab430c2d75c403d2d19b65db94bb6)

2018-09-05 18:55:10 - [TEST_STEP][FAILED] - callTestCase: Unable to call Test Case with id 'Test Cases/BVT/aSimple_Login' (Root cause: Call Test Case 'Test Cases/BVT/aSimple_Login' failed)

2018-09-05 18:55:10 - [TEST_CASE][FAILED] - Test Cases/BVT/aSimple_Login: Test Cases/BVT/aSimple_Login FAILED because (of) Unable to navigate to 'https://dev.vcalling.in/enterprises/UAT/Dashboard/index.html' (Root cause: org.openqa.selenium.TimeoutException: timeout
  (Session info: chrome=68.0.3440.106)
  (Driver info: chromedriver=2.35.528161 (5b82f2d2aae0ca24b877009200ced9065a772e73),platform=Windows NT 10.0.17134 x86_64) (WARNING: The server did not provide any stacktrace information)
Command duration or timeout: 0 milliseconds
Build info: version: '3.7.1', revision: '8a0099a', time: '2017-11-06T21:07:36.161Z'
System info: host: 'DESKTOP-LIL', ip: '10.6.8.31', os.name: 'Windows 10', os.arch: 'amd64', os.version: '10.0', java.version: '1.8.0_102'
Driver info: com.kms.katalon.selenium.driver.CChromeDriver
Capabilities {acceptInsecureCerts: false, acceptSslCerts: false, applicationCacheEnabled: false, browserConnectionEnabled: false, browserName: chrome, chrome: {chromedriverVersion: 2.35.528161 (5b82f2d2aae0ca..., userDataDir: C:\Users\User\AppData\Local...}, cssSelectorsEnabled: true, databaseEnabled: false, handlesAlerts: true, hasTouchScreen: false, javascriptEnabled: true, locationContextEnabled: true, mobileEmulationEnabled: false, nativeEvents: true, networkConnectionEnabled: false, pageLoadStrategy: normal, platform: XP, platformName: XP, rotatable: false, setWindowRect: true, takesHeapSnapshot: true, takesScreenshot: true, unexpectedAlertBehaviour: , unhandledPromptBehavior: , version: 68.0.3440.106, webStorageEnabled: true}
Session ID: d3dab430c2d75c403d2d19b65db94bb6)

2018-09-05 18:55:10 - [TEST_STEP][PASSED] - openBrowser: Browser is opened with url: ''

2018-09-05 18:55:10 - [MESSAGE][WARNING] - A browser is already opened. Closing browser and opening a new one

2018-09-05 18:55:13 - [MESSAGE][PASSED] - Browser is opened with url: ''

2018-09-05 18:55:13 - [TEST_STEP][PASSED] - maximizeWindow: Current window maximized

2018-09-05 18:55:14 - [MESSAGE][PASSED] - Current window maximized

2018-09-05 18:55:14 - [TEST_STEP][FAILED] - navigateToUrl: Unable to navigate to 'https://dev.vcalling.in/enterprises/UAT/Dashboard/index.html' (Root cause: org.openqa.selenium.TimeoutException: timeout
  (Session info: chrome=68.0.3440.106)
  (Driver info: chromedriver=2.35.528161 (5b82f2d2aae0ca24b877009200ced9065a772e73),platform=Windows NT 10.0.17134 x86_64) (WARNING: The server did not provide any stacktrace information)
Command duration or timeout: 0 milliseconds
Build info: version: '3.7.1', revision: '8a0099a', time: '2017-11-06T21:07:36.161Z'
System info: host: 'DESKTOP-LIL', ip: '10.6.8.31', os.name: 'Windows 10', os.arch: 'amd64', os.version: '10.0', java.version: '1.8.0_102'
Driver info: com.kms.katalon.selenium.driver.CChromeDriver
Capabilities {acceptInsecureCerts: false, acceptSslCerts: false, applicationCacheEnabled: false, browserConnectionEnabled: false, browserName: chrome, chrome: {chromedriverVersion: 2.35.528161 (5b82f2d2aae0ca..., userDataDir: C:\Users\User\AppData\Local...}, cssSelectorsEnabled: true, databaseEnabled: false, handlesAlerts: true, hasTouchScreen: false, javascriptEnabled: true, locationContextEnabled: true, mobileEmulationEnabled: false, nativeEvents: true, networkConnectionEnabled: false, pageLoadStrategy: normal, platform: XP, platformName: XP, rotatable: false, setWindowRect: true, takesHeapSnapshot: true, takesScreenshot: true, unexpectedAlertBehaviour: , unhandledPromptBehavior: , version: 68.0.3440.106, webStorageEnabled: true}
Session ID: d3dab430c2d75c403d2d19b65db94bb6)

2018-09-05 19:05:14 - [MESSAGE][WARNING] - Cannot take screenshot

2018-09-05 19:05:14 - [MESSAGE][FAILED] - Unable to navigate to 'https://dev.vcalling.in/enterprises/UAT/Dashboard/index.html' (Root cause: org.openqa.selenium.TimeoutException: timeout
  (Session info: chrome=68.0.3440.106)
  (Driver info: chromedriver=2.35.528161 (5b82f2d2aae0ca24b877009200ced9065a772e73),platform=Windows NT 10.0.17134 x86_64) (WARNING: The server did not provide any stacktrace information)
Command duration or timeout: 0 milliseconds
Build info: version: '3.7.1', revision: '8a0099a', time: '2017-11-06T21:07:36.161Z'
System info: host: 'DESKTOP-LIL', ip: '10.6.8.31', os.name: 'Windows 10', os.arch: 'amd64', os.version: '10.0', java.version: '1.8.0_102'
Driver info: com.kms.katalon.selenium.driver.CChromeDriver
Capabilities {acceptInsecureCerts: false, acceptSslCerts: false, applicationCacheEnabled: false, browserConnectionEnabled: false, browserName: chrome, chrome: {chromedriverVersion: 2.35.528161 (5b82f2d2aae0ca..., userDataDir: C:\Users\User\AppData\Local...}, cssSelectorsEnabled: true, databaseEnabled: false, handlesAlerts: true, hasTouchScreen: false, javascriptEnabled: true, locationContextEnabled: true, mobileEmulationEnabled: false, nativeEvents: true, networkConnectionEnabled: false, pageLoadStrategy: normal, platform: XP, platformName: XP, rotatable: false, setWindowRect: true, takesHeapSnapshot: true, takesScreenshot: true, unexpectedAlertBehaviour: , unhandledPromptBehavior: , version: 68.0.3440.106, webStorageEnabled: true}
Session ID: d3dab430c2d75c403d2d19b65db94bb6)

2018-09-05 19:05:14 - [MESSAGE][FAILED] - Unable to call Test Case with id 'Test Cases/BVT/aSimple_Login' (Root cause: Call Test Case 'Test Cases/BVT/aSimple_Login' failed)]]></system-out>
         <system-err><![CDATA[2018-09-05 18:55:09 - [TEST_CASE][FAILED] - Test Cases/completed/TestCases6_Public Customers/SimplePublicCustomers/pubCustGenerateThroughEmptyNameEmailwithTag: Test Cases/completed/TestCases6_Public Customers/SimplePublicCustomers/pubCustGenerateThroughEmptyNameEmailwithTag FAILED because (of) Unable to navigate to 'https://dev.vcalling.in/enterprises/UAT/Dashboard/index.html' (Root cause: org.openqa.selenium.TimeoutException: timeout
  (Session info: chrome=68.0.3440.106)
  (Driver info: chromedriver=2.35.528161 (5b82f2d2aae0ca24b877009200ced9065a772e73),platform=Windows NT 10.0.17134 x86_64) (WARNING: The server did not provide any stacktrace information)
Command duration or timeout: 0 milliseconds
Build info: version: '3.7.1', revision: '8a0099a', time: '2017-11-06T21:07:36.161Z'
System info: host: 'DESKTOP-LIL', ip: '10.6.8.31', os.name: 'Windows 10', os.arch: 'amd64', os.version: '10.0', java.version: '1.8.0_102'
Driver info: com.kms.katalon.selenium.driver.CChromeDriver
Capabilities {acceptInsecureCerts: false, acceptSslCerts: false, applicationCacheEnabled: false, browserConnectionEnabled: false, browserName: chrome, chrome: {chromedriverVersion: 2.35.528161 (5b82f2d2aae0ca..., userDataDir: C:\Users\User\AppData\Local...}, cssSelectorsEnabled: true, databaseEnabled: false, handlesAlerts: true, hasTouchScreen: false, javascriptEnabled: true, locationContextEnabled: true, mobileEmulationEnabled: false, nativeEvents: true, networkConnectionEnabled: false, pageLoadStrategy: normal, platform: XP, platformName: XP, rotatable: false, setWindowRect: true, takesHeapSnapshot: true, takesScreenshot: true, unexpectedAlertBehaviour: , unhandledPromptBehavior: , version: 68.0.3440.106, webStorageEnabled: true}
Session ID: d3dab430c2d75c403d2d19b65db94bb6)]]></system-err>
      </testcase>
      <testcase name="Test Cases/completed/TestCases6_Public Customers/SimplePublicCustomers/PubCustGenerateThroughNameAndContactWithoutTag" classname="Test Cases/completed/TestCases6_Public Customers/SimplePublicCustomers/PubCustGenerateThroughNameAndContactWithoutTag" status="PASSED">
         <system-out><![CDATA[2018-09-05 19:05:14 - [TEST_CASE][PASSED] - Test Cases/completed/TestCases6_Public Customers/SimplePublicCustomers/PubCustGenerateThroughNameAndContactWithoutTag: Test Cases/completed/TestCases6_Public Customers/SimplePublicCustomers/PubCustGenerateThroughNameAndContactWithoutTag

2018-09-05 19:05:15 - [TEST_STEP][PASSED] - callTestCase: Call Test Case 'Test Cases/BVT/aSimple_Login' successfully

2018-09-05 19:05:15 - [TEST_CASE][PASSED] - Test Cases/BVT/aSimple_Login: Test Cases/BVT/aSimple_Login

2018-09-05 19:05:15 - [TEST_STEP][PASSED] - openBrowser: Browser is opened with url: ''

2018-09-05 19:05:15 - [MESSAGE][WARNING] - A browser is already opened. Closing browser and opening a new one

2018-09-05 19:05:18 - [MESSAGE][PASSED] - Browser is opened with url: ''

2018-09-05 19:05:18 - [TEST_STEP][PASSED] - maximizeWindow: Current window maximized

2018-09-05 19:05:19 - [MESSAGE][PASSED] - Current window maximized

2018-09-05 19:05:19 - [TEST_STEP][PASSED] - navigateToUrl: Navigate to 'https://dev.vcalling.in/enterprises/UAT/Dashboard/index.html' successfully

2018-09-05 19:05:23 - [MESSAGE][PASSED] - Navigate to 'https://dev.vcalling.in/enterprises/UAT/Dashboard/index.html' successfully

2018-09-05 19:05:23 - [TEST_STEP][PASSED] - setText: Text 'testing4dea@gmail.com' is set on object 'Object Repository/Login/UserId'

2018-09-05 19:05:23 - [MESSAGE][PASSED] - Text 'testing4dea@gmail.com' is set on object 'Object Repository/Login/UserId'

2018-09-05 19:05:23 - [TEST_STEP][PASSED] - click: Object: 'Object Repository/Login/div_GET OTP' is clicked on

2018-09-05 19:05:24 - [MESSAGE][PASSED] - Object: 'Object Repository/Login/div_GET OTP' is clicked on

2018-09-05 19:05:24 - [TEST_STEP][PASSED] - waitForElementPresent: Object 'Object Repository/Login/div_SUBMIT' is present

2018-09-05 19:05:25 - [MESSAGE][PASSED] - Object 'Object Repository/Login/div_SUBMIT' is present

2018-09-05 19:05:25 - [TEST_STEP][PASSED] - Statement - If (com.kms.katalon.core.webui.keyword.WebUiBuiltInKeywords.verifyElementNotPresent(com.kms.katalon.core.testobject.ObjectRepository.findTestObject(Login/div_SUBMIT), 5, OPTIONAL)): Web element with id: 'Object Repository/Login/div_SUBMIT' located by 'By.xpath: //div[(text() = ' SUBMIT ' or . = ' SUBMIT ')]' is present after '5' second(s)

2018-09-05 19:05:31 - [MESSAGE][WARNING] - Web element with id: 'Object Repository/Login/div_SUBMIT' located by 'By.xpath: //div[(text() = ' SUBMIT ' or . = ' SUBMIT ')]' is present after '5' second(s)
[[ATTACHMENT|C:\\Users\\User\\Desktop\\Katalon Studio\\Katalon Studio\\vCallingDashboard\\Reports\\RegressionSuite\\20180905_175530\\1536154530797.png]]

2018-09-05 19:05:31 - [TEST_STEP][PASSED] - Statement - sleep(5000): null

2018-09-05 19:05:36 - [TEST_STEP][PASSED] - Statement - OTP = getOTP(): null

2018-09-05 19:05:36 - [TEST_STEP][PASSED] - Statement - host = "imap.gmail.com": null

2018-09-05 19:05:36 - [TEST_STEP][PASSED] - Statement - msg = <not implemented yet for class: org.codehaus.groovy.ast.expr.EmptyExpression>: null

2018-09-05 19:05:36 - [TEST_STEP][PASSED] - Statement - msgSub = <not implemented yet for class: org.codehaus.groovy.ast.expr.EmptyExpression>: null

2018-09-05 19:05:36 - [TEST_STEP][PASSED] - Statement - OTP = "unavailable": null

2018-09-05 19:05:36 - [TEST_STEP][PASSED] - Statement - props = new java.util.Properties(): null

2018-09-05 19:05:36 - [TEST_STEP][PASSED] - Statement - props.setProperty("mail.imap.ssl.enable", "true"): null

2018-09-05 19:05:36 - [TEST_STEP][PASSED] - Statement - session = javax.mail.Session.getInstance(props): null

2018-09-05 19:05:36 - [TEST_STEP][PASSED] - Statement - store = <not implemented yet for class: org.codehaus.groovy.ast.expr.EmptyExpression>: null

2018-09-05 19:05:36 - [TEST_STEP][PASSED] - Statement - Try: null

2018-09-05 19:05:36 - [TEST_STEP][PASSED] - Statement - store = session.getStore("imap"): null

2018-09-05 19:05:36 - [TEST_STEP][PASSED] - Statement - store.connect(host, Email, Password): null

2018-09-05 19:05:37 - [TEST_STEP][PASSED] - Statement - emailFolder = store.getFolder("INBOX"): null

2018-09-05 19:05:37 - [TEST_STEP][PASSED] - Statement - emailFolder.open(READ_WRITE): null

2018-09-05 19:05:38 - [TEST_STEP][PASSED] - Statement - messages = emailFolder.getMessages(): null

2018-09-05 19:05:38 - [TEST_STEP][PASSED] - Statement - n = length: null

2018-09-05 19:05:38 - [TEST_STEP][PASSED] - Statement - message = messages[n - 1]: null

2018-09-05 19:05:38 - [TEST_STEP][PASSED] - Statement - msgSub = message.getSubject(): null

2018-09-05 19:05:38 - [TEST_STEP][PASSED] - Statement - If (msgSub.equals("OTP to Sign In")): null

2018-09-05 19:05:38 - [TEST_STEP][PASSED] - Statement - msg = message.getContent().toString(): null

2018-09-05 19:05:39 - [TEST_STEP][PASSED] - Statement - OTP = msg.substring(msg.length() - 7): null

2018-09-05 19:05:39 - [TEST_STEP][PASSED] - Statement - message.setFlag(DELETED, true): null

2018-09-05 19:05:39 - [TEST_STEP][PASSED] - Statement - emailFolder.close(true): null

2018-09-05 19:05:40 - [TEST_STEP][PASSED] - Statement - store.close(): null

2018-09-05 19:05:40 - [TEST_STEP][PASSED] - Statement - return OTP: null

2018-09-05 19:05:40 - [TEST_STEP][PASSED] - Statement - If (OTP.equals("unavailable")): null

2018-09-05 19:05:40 - [TEST_STEP][PASSED] - Statement - Else: Text 'a8665
' is set on object 'Object Repository/Login/OtpInput'

2018-09-05 19:05:40 - [TEST_STEP][PASSED] - setText: Text 'a8665
' is set on object 'Object Repository/Login/OtpInput'

2018-09-05 19:05:40 - [MESSAGE][PASSED] - Text 'a8665
' is set on object 'Object Repository/Login/OtpInput'

2018-09-05 19:05:40 - [TEST_STEP][PASSED] - verifyElementPresent: Object 'Object Repository/Login/afterOpenDisplay' is present

2018-09-05 19:05:41 - [MESSAGE][PASSED] - Object 'Object Repository/Login/afterOpenDisplay' is present

2018-09-05 19:05:41 - [MESSAGE][PASSED] - Call Test Case 'Test Cases/BVT/aSimple_Login' successfully

2018-09-05 19:05:41 - [TEST_STEP][PASSED] - Statement - driver = com.kms.katalon.core.webui.driver.DriverFactory.getWebDriver(): null

2018-09-05 19:05:41 - [TEST_STEP][PASSED] - click: Object: 'Object Repository/Dashboard_Link Generator/linkgeneratorIcon' is clicked on

2018-09-05 19:05:41 - [MESSAGE][PASSED] - Object: 'Object Repository/Dashboard_Link Generator/linkgeneratorIcon' is clicked on

2018-09-05 19:05:41 - [TEST_STEP][PASSED] - click: Object: 'Object Repository/Public Links/publicLinkTab' is clicked on

2018-09-05 19:05:41 - [MESSAGE][PASSED] - Object: 'Object Repository/Public Links/publicLinkTab' is clicked on

2018-09-05 19:05:41 - [TEST_STEP][PASSED] - click: Object: 'Object Repository/Public Links/GetLink' is clicked on

2018-09-05 19:05:42 - [MESSAGE][PASSED] - Object: 'Object Repository/Public Links/GetLink' is clicked on

2018-09-05 19:05:42 - [TEST_STEP][PASSED] - Statement - getLink = com.kms.katalon.core.webui.keyword.WebUiBuiltInKeywords.getAttribute(com.kms.katalon.core.testobject.ObjectRepository.findTestObject(Dashboard_Link Generator/input_link-text), "value"): Attribute 'value' of object 'Object Repository/Dashboard_Link Generator/input_link-text' is: 'https://dev.vcalling.in/url/UAT/?id=UAT_publicLink-1&p=t'

2018-09-05 19:05:42 - [MESSAGE][PASSED] - Attribute 'value' of object 'Object Repository/Dashboard_Link Generator/input_link-text' is: 'https://dev.vcalling.in/url/UAT/?id=UAT_publicLink-1&p=t'

2018-09-05 19:05:42 - [TEST_STEP][PASSED] - Statement - println(getLink): null

2018-09-05 19:05:42 - [TEST_STEP][PASSED] - click: Object: 'Object Repository/Dashboard_Link Generator/copyLink' is clicked on

2018-09-05 19:05:43 - [MESSAGE][PASSED] - Object: 'Object Repository/Dashboard_Link Generator/copyLink' is clicked on

2018-09-05 19:05:43 - [TEST_STEP][PASSED] - delay: Delayed 2 second(s)

2018-09-05 19:05:45 - [MESSAGE][PASSED] - Delayed 2 second(s)

2018-09-05 19:05:45 - [TEST_STEP][PASSED] - Statement - js = driver: null

2018-09-05 19:05:45 - [TEST_STEP][PASSED] - Statement - js.executeScript("window.open();"): null

2018-09-05 19:05:45 - [TEST_STEP][PASSED] - Statement - currentWindow = com.kms.katalon.core.webui.keyword.WebUiBuiltInKeywords.getWindowIndex(): Current window's index is: 0

2018-09-05 19:05:45 - [MESSAGE][PASSED] - Current window's index is: 0

2018-09-05 19:05:45 - [TEST_STEP][PASSED] - switchToWindowIndex: Switched to window with index: '1'

2018-09-05 19:05:45 - [MESSAGE][PASSED] - Switched to window with index: '1'

2018-09-05 19:05:45 - [TEST_STEP][PASSED] - navigateToUrl: Navigate to 'https://dev.vcalling.in/url/UAT/?id=UAT_publicLink-1&p=t' successfully

2018-09-05 19:05:47 - [MESSAGE][PASSED] - Navigate to 'https://dev.vcalling.in/url/UAT/?id=UAT_publicLink-1&p=t' successfully

2018-09-05 19:05:47 - [TEST_STEP][PASSED] - Statement - x = CustomKeywords.newPackage.newKeyword.randomString(3).toLowerCase(): newPackage.newKeyword.randomString is PASSED

2018-09-05 19:05:47 - [MESSAGE][PASSED] - newPackage.newKeyword.randomString is PASSED

2018-09-05 19:05:47 - [TEST_STEP][PASSED] - Statement - teamMeberName = x: null

2018-09-05 19:05:47 - [TEST_STEP][PASSED] - setText: Text 'k5g' is set on object 'Object Repository/PublicCustomer/customerName'

2018-09-05 19:05:48 - [MESSAGE][PASSED] - Text 'k5g' is set on object 'Object Repository/PublicCustomer/customerName'

2018-09-05 19:05:48 - [TEST_STEP][PASSED] - click: Object: 'Object Repository/PublicCustomer/NextButton' is clicked on

2018-09-05 19:05:49 - [MESSAGE][PASSED] - Object: 'Object Repository/PublicCustomer/NextButton' is clicked on

2018-09-05 19:05:49 - [TEST_STEP][PASSED] - Statement - number = CustomKeywords.phoneNumbers.contactNumbers.randomString(9): phoneNumbers.contactNumbers.randomString is PASSED

2018-09-05 19:05:49 - [MESSAGE][PASSED] - phoneNumbers.contactNumbers.randomString is PASSED

2018-09-05 19:05:49 - [TEST_STEP][PASSED] - Statement - Mobile_Number = number: null

2018-09-05 19:05:49 - [TEST_STEP][PASSED] - setText: Text '3403818391' is set on object 'Object Repository/PublicCustomer/customerNumber'

2018-09-05 19:05:49 - [MESSAGE][PASSED] - Text '3403818391' is set on object 'Object Repository/PublicCustomer/customerNumber'

2018-09-05 19:05:49 - [TEST_STEP][PASSED] - click: Object: 'Object Repository/PublicCustomer/doneButton' is clicked on

2018-09-05 19:05:50 - [MESSAGE][PASSED] - Object: 'Object Repository/PublicCustomer/doneButton' is clicked on

2018-09-05 19:05:50 - [TEST_STEP][PASSED] - Statement - currentTab = com.kms.katalon.core.webui.keyword.WebUiBuiltInKeywords.getWindowIndex(): Current window's index is: 1

2018-09-05 19:05:50 - [MESSAGE][PASSED] - Current window's index is: 1

2018-09-05 19:05:50 - [TEST_STEP][PASSED] - delay: Delayed 10 second(s)

2018-09-05 19:06:00 - [MESSAGE][PASSED] - Delayed 10 second(s)

2018-09-05 19:06:00 - [TEST_STEP][PASSED] - switchToWindowIndex: Switched to window with index: '0'

2018-09-05 19:06:00 - [MESSAGE][PASSED] - Switched to window with index: '0'

2018-09-05 19:06:00 - [TEST_STEP][PASSED] - refresh: Refresh successfully

2018-09-05 19:06:00 - [MESSAGE][PASSED] - Refresh successfully

2018-09-05 19:06:00 - [TEST_STEP][PASSED] - acceptAlert: Alert accepted

2018-09-05 19:06:00 - [MESSAGE][PASSED] - Alert accepted]]></system-out>
         <system-err><![CDATA[]]></system-err>
      </testcase>
      <testcase name="Test Cases/completed/TestCases6_Public Customers/SimplePublicCustomers/pubCustGenerateThroughNameEmaiIIdWithTag" classname="Test Cases/completed/TestCases6_Public Customers/SimplePublicCustomers/pubCustGenerateThroughNameEmaiIIdWithTag" status="PASSED">
         <system-out><![CDATA[2018-09-05 19:06:00 - [TEST_CASE][PASSED] - Test Cases/completed/TestCases6_Public Customers/SimplePublicCustomers/pubCustGenerateThroughNameEmaiIIdWithTag: Test Cases/completed/TestCases6_Public Customers/SimplePublicCustomers/pubCustGenerateThroughNameEmaiIIdWithTag

2018-09-05 19:06:01 - [TEST_STEP][PASSED] - callTestCase: Call Test Case 'Test Cases/BVT/aSimple_Login' successfully

2018-09-05 19:06:01 - [TEST_CASE][PASSED] - Test Cases/BVT/aSimple_Login: Test Cases/BVT/aSimple_Login

2018-09-05 19:06:01 - [TEST_STEP][PASSED] - openBrowser: Browser is opened with url: ''

2018-09-05 19:06:01 - [MESSAGE][WARNING] - A browser is already opened. Closing browser and opening a new one

2018-09-05 19:06:04 - [MESSAGE][PASSED] - Browser is opened with url: ''

2018-09-05 19:06:04 - [TEST_STEP][PASSED] - maximizeWindow: Current window maximized

2018-09-05 19:06:05 - [MESSAGE][PASSED] - Current window maximized

2018-09-05 19:06:05 - [TEST_STEP][PASSED] - navigateToUrl: Navigate to 'https://dev.vcalling.in/enterprises/UAT/Dashboard/index.html' successfully

2018-09-05 19:06:08 - [MESSAGE][PASSED] - Navigate to 'https://dev.vcalling.in/enterprises/UAT/Dashboard/index.html' successfully

2018-09-05 19:06:08 - [TEST_STEP][PASSED] - setText: Text 'testing4dea@gmail.com' is set on object 'Object Repository/Login/UserId'

2018-09-05 19:06:08 - [MESSAGE][PASSED] - Text 'testing4dea@gmail.com' is set on object 'Object Repository/Login/UserId'

2018-09-05 19:06:08 - [TEST_STEP][PASSED] - click: Object: 'Object Repository/Login/div_GET OTP' is clicked on

2018-09-05 19:06:09 - [MESSAGE][PASSED] - Object: 'Object Repository/Login/div_GET OTP' is clicked on

2018-09-05 19:06:09 - [TEST_STEP][PASSED] - waitForElementPresent: Object 'Object Repository/Login/div_SUBMIT' is present

2018-09-05 19:06:10 - [MESSAGE][PASSED] - Object 'Object Repository/Login/div_SUBMIT' is present

2018-09-05 19:06:10 - [TEST_STEP][PASSED] - Statement - If (com.kms.katalon.core.webui.keyword.WebUiBuiltInKeywords.verifyElementNotPresent(com.kms.katalon.core.testobject.ObjectRepository.findTestObject(Login/div_SUBMIT), 5, OPTIONAL)): Web element with id: 'Object Repository/Login/div_SUBMIT' located by 'By.xpath: //div[(text() = ' SUBMIT ' or . = ' SUBMIT ')]' is present after '5' second(s)

2018-09-05 19:06:16 - [MESSAGE][WARNING] - Web element with id: 'Object Repository/Login/div_SUBMIT' located by 'By.xpath: //div[(text() = ' SUBMIT ' or . = ' SUBMIT ')]' is present after '5' second(s)
[[ATTACHMENT|C:\\Users\\User\\Desktop\\Katalon Studio\\Katalon Studio\\vCallingDashboard\\Reports\\RegressionSuite\\20180905_175530\\1536154575813.png]]

2018-09-05 19:06:16 - [TEST_STEP][PASSED] - Statement - sleep(5000): null

2018-09-05 19:06:21 - [TEST_STEP][PASSED] - Statement - OTP = getOTP(): null

2018-09-05 19:06:21 - [TEST_STEP][PASSED] - Statement - host = "imap.gmail.com": null

2018-09-05 19:06:21 - [TEST_STEP][PASSED] - Statement - msg = <not implemented yet for class: org.codehaus.groovy.ast.expr.EmptyExpression>: null

2018-09-05 19:06:21 - [TEST_STEP][PASSED] - Statement - msgSub = <not implemented yet for class: org.codehaus.groovy.ast.expr.EmptyExpression>: null

2018-09-05 19:06:21 - [TEST_STEP][PASSED] - Statement - OTP = "unavailable": null

2018-09-05 19:06:21 - [TEST_STEP][PASSED] - Statement - props = new java.util.Properties(): null

2018-09-05 19:06:21 - [TEST_STEP][PASSED] - Statement - props.setProperty("mail.imap.ssl.enable", "true"): null

2018-09-05 19:06:21 - [TEST_STEP][PASSED] - Statement - session = javax.mail.Session.getInstance(props): null

2018-09-05 19:06:21 - [TEST_STEP][PASSED] - Statement - store = <not implemented yet for class: org.codehaus.groovy.ast.expr.EmptyExpression>: null

2018-09-05 19:06:21 - [TEST_STEP][PASSED] - Statement - Try: null

2018-09-05 19:06:21 - [TEST_STEP][PASSED] - Statement - store = session.getStore("imap"): null

2018-09-05 19:06:21 - [TEST_STEP][PASSED] - Statement - store.connect(host, Email, Password): null

2018-09-05 19:06:22 - [TEST_STEP][PASSED] - Statement - emailFolder = store.getFolder("INBOX"): null

2018-09-05 19:06:22 - [TEST_STEP][PASSED] - Statement - emailFolder.open(READ_WRITE): null

2018-09-05 19:06:23 - [TEST_STEP][PASSED] - Statement - messages = emailFolder.getMessages(): null

2018-09-05 19:06:23 - [TEST_STEP][PASSED] - Statement - n = length: null

2018-09-05 19:06:23 - [TEST_STEP][PASSED] - Statement - message = messages[n - 1]: null

2018-09-05 19:06:23 - [TEST_STEP][PASSED] - Statement - msgSub = message.getSubject(): null

2018-09-05 19:06:23 - [TEST_STEP][PASSED] - Statement - If (msgSub.equals("OTP to Sign In")): null

2018-09-05 19:06:23 - [TEST_STEP][PASSED] - Statement - msg = message.getContent().toString(): null

2018-09-05 19:06:24 - [TEST_STEP][PASSED] - Statement - OTP = msg.substring(msg.length() - 7): null

2018-09-05 19:06:24 - [TEST_STEP][PASSED] - Statement - message.setFlag(DELETED, true): null

2018-09-05 19:06:24 - [TEST_STEP][PASSED] - Statement - emailFolder.close(true): null

2018-09-05 19:06:24 - [TEST_STEP][PASSED] - Statement - store.close(): null

2018-09-05 19:06:25 - [TEST_STEP][PASSED] - Statement - return OTP: null

2018-09-05 19:06:25 - [TEST_STEP][PASSED] - Statement - If (OTP.equals("unavailable")): null

2018-09-05 19:06:25 - [TEST_STEP][PASSED] - Statement - Else: Text 'a5711
' is set on object 'Object Repository/Login/OtpInput'

2018-09-05 19:06:25 - [TEST_STEP][PASSED] - setText: Text 'a5711
' is set on object 'Object Repository/Login/OtpInput'

2018-09-05 19:06:25 - [MESSAGE][PASSED] - Text 'a5711
' is set on object 'Object Repository/Login/OtpInput'

2018-09-05 19:06:25 - [TEST_STEP][PASSED] - verifyElementPresent: Object 'Object Repository/Login/afterOpenDisplay' is present

2018-09-05 19:06:26 - [MESSAGE][PASSED] - Object 'Object Repository/Login/afterOpenDisplay' is present

2018-09-05 19:06:26 - [MESSAGE][PASSED] - Call Test Case 'Test Cases/BVT/aSimple_Login' successfully

2018-09-05 19:06:26 - [TEST_STEP][PASSED] - Statement - driver = com.kms.katalon.core.webui.driver.DriverFactory.getWebDriver(): null

2018-09-05 19:06:26 - [TEST_STEP][PASSED] - click: Object: 'Object Repository/Dashboard_Link Generator/linkgeneratorIcon' is clicked on

2018-09-05 19:06:26 - [MESSAGE][PASSED] - Object: 'Object Repository/Dashboard_Link Generator/linkgeneratorIcon' is clicked on

2018-09-05 19:06:26 - [TEST_STEP][PASSED] - click: Object: 'Object Repository/Public Links/publicLinkTab' is clicked on

2018-09-05 19:06:27 - [MESSAGE][PASSED] - Object: 'Object Repository/Public Links/publicLinkTab' is clicked on

2018-09-05 19:06:27 - [TEST_STEP][PASSED] - Statement - x = CustomKeywords.newPackage.newKeyword.randomString(3).toLowerCase(): newPackage.newKeyword.randomString is PASSED

2018-09-05 19:06:27 - [MESSAGE][PASSED] - newPackage.newKeyword.randomString is PASSED

2018-09-05 19:06:27 - [TEST_STEP][PASSED] - Statement - teamMeberName = x: null

2018-09-05 19:06:27 - [TEST_STEP][PASSED] - setText: Text 'xtka' is set on object 'Object Repository/Public Links/PubLinkWithTag'

2018-09-05 19:06:27 - [MESSAGE][PASSED] - Text 'xtka' is set on object 'Object Repository/Public Links/PubLinkWithTag'

2018-09-05 19:06:27 - [TEST_STEP][PASSED] - click: Object: 'Object Repository/Public Links/GetLink' is clicked on

2018-09-05 19:06:27 - [MESSAGE][PASSED] - Object: 'Object Repository/Public Links/GetLink' is clicked on

2018-09-05 19:06:27 - [TEST_STEP][PASSED] - Statement - getLink = com.kms.katalon.core.webui.keyword.WebUiBuiltInKeywords.getAttribute(com.kms.katalon.core.testobject.ObjectRepository.findTestObject(Dashboard_Link Generator/input_link-text), "value"): Attribute 'value' of object 'Object Repository/Dashboard_Link Generator/input_link-text' is: 'https://dev.vcalling.in/url/UAT/?id=UAT_publicLink-93&p=t'

2018-09-05 19:06:28 - [MESSAGE][PASSED] - Attribute 'value' of object 'Object Repository/Dashboard_Link Generator/input_link-text' is: 'https://dev.vcalling.in/url/UAT/?id=UAT_publicLink-93&p=t'

2018-09-05 19:06:28 - [TEST_STEP][PASSED] - Statement - println(getLink): null

2018-09-05 19:06:28 - [TEST_STEP][PASSED] - click: Object: 'Object Repository/Dashboard_Link Generator/copyLink' is clicked on

2018-09-05 19:06:28 - [MESSAGE][PASSED] - Object: 'Object Repository/Dashboard_Link Generator/copyLink' is clicked on

2018-09-05 19:06:28 - [TEST_STEP][PASSED] - delay: Delayed 2 second(s)

2018-09-05 19:06:30 - [MESSAGE][PASSED] - Delayed 2 second(s)

2018-09-05 19:06:30 - [TEST_STEP][PASSED] - Statement - js = driver: null

2018-09-05 19:06:30 - [TEST_STEP][PASSED] - Statement - js.executeScript("window.open();"): null

2018-09-05 19:06:30 - [TEST_STEP][PASSED] - Statement - currentWindow = com.kms.katalon.core.webui.keyword.WebUiBuiltInKeywords.getWindowIndex(): Current window's index is: 0

2018-09-05 19:06:30 - [MESSAGE][PASSED] - Current window's index is: 0

2018-09-05 19:06:30 - [TEST_STEP][PASSED] - switchToWindowIndex: Switched to window with index: '1'

2018-09-05 19:06:30 - [MESSAGE][PASSED] - Switched to window with index: '1'

2018-09-05 19:06:30 - [TEST_STEP][PASSED] - navigateToUrl: Navigate to 'https://dev.vcalling.in/url/UAT/?id=UAT_publicLink-93&p=t' successfully

2018-09-05 19:06:32 - [MESSAGE][PASSED] - Navigate to 'https://dev.vcalling.in/url/UAT/?id=UAT_publicLink-93&p=t' successfully

2018-09-05 19:06:32 - [TEST_STEP][PASSED] - setText: Text 'xtk' is set on object 'Object Repository/PublicCustomer/customerName'

2018-09-05 19:06:33 - [MESSAGE][PASSED] - Text 'xtk' is set on object 'Object Repository/PublicCustomer/customerName'

2018-09-05 19:06:33 - [TEST_STEP][PASSED] - click: Object: 'Object Repository/PublicCustomer/NextButton' is clicked on

2018-09-05 19:06:33 - [MESSAGE][PASSED] - Object: 'Object Repository/PublicCustomer/NextButton' is clicked on

2018-09-05 19:06:33 - [TEST_STEP][PASSED] - setText: Text 'yhaRYsofhi@gmail.com' is set on object 'Object Repository/PublicCustomer/customerId'

2018-09-05 19:06:33 - [MESSAGE][PASSED] - newPackage.newKeyword.randomString is PASSED

2018-09-05 19:06:34 - [MESSAGE][PASSED] - Text 'yhaRYsofhi@gmail.com' is set on object 'Object Repository/PublicCustomer/customerId'

2018-09-05 19:06:34 - [TEST_STEP][PASSED] - click: Object: 'Object Repository/PublicCustomer/doneButton' is clicked on

2018-09-05 19:06:34 - [MESSAGE][PASSED] - Object: 'Object Repository/PublicCustomer/doneButton' is clicked on

2018-09-05 19:06:34 - [TEST_STEP][PASSED] - Statement - currentTab = com.kms.katalon.core.webui.keyword.WebUiBuiltInKeywords.getWindowIndex(): Current window's index is: 1

2018-09-05 19:06:34 - [MESSAGE][PASSED] - Current window's index is: 1

2018-09-05 19:06:34 - [TEST_STEP][PASSED] - delay: Delayed 10 second(s)

2018-09-05 19:06:44 - [MESSAGE][PASSED] - Delayed 10 second(s)

2018-09-05 19:06:44 - [TEST_STEP][PASSED] - switchToWindowIndex: Switched to window with index: '0'

2018-09-05 19:06:44 - [MESSAGE][PASSED] - Switched to window with index: '0'

2018-09-05 19:06:44 - [TEST_STEP][PASSED] - refresh: Refresh successfully

2018-09-05 19:06:44 - [MESSAGE][PASSED] - Refresh successfully

2018-09-05 19:06:44 - [TEST_STEP][PASSED] - acceptAlert: Alert accepted

2018-09-05 19:06:44 - [MESSAGE][PASSED] - Alert accepted]]></system-out>
         <system-err><![CDATA[]]></system-err>
      </testcase>
      <testcase name="Test Cases/completed/TestCases6_Public Customers/SimplePublicCustomers/pubCustGenerateThroughNameNumEmailWithTag" classname="Test Cases/completed/TestCases6_Public Customers/SimplePublicCustomers/pubCustGenerateThroughNameNumEmailWithTag" status="PASSED">
         <system-out><![CDATA[2018-09-05 19:06:45 - [TEST_CASE][PASSED] - Test Cases/completed/TestCases6_Public Customers/SimplePublicCustomers/pubCustGenerateThroughNameNumEmailWithTag: Test Cases/completed/TestCases6_Public Customers/SimplePublicCustomers/pubCustGenerateThroughNameNumEmailWithTag

2018-09-05 19:06:45 - [TEST_STEP][PASSED] - callTestCase: Call Test Case 'Test Cases/BVT/aSimple_Login' successfully

2018-09-05 19:06:45 - [TEST_CASE][PASSED] - Test Cases/BVT/aSimple_Login: Test Cases/BVT/aSimple_Login

2018-09-05 19:06:45 - [TEST_STEP][PASSED] - openBrowser: Browser is opened with url: ''

2018-09-05 19:06:45 - [MESSAGE][WARNING] - A browser is already opened. Closing browser and opening a new one

2018-09-05 19:06:48 - [MESSAGE][PASSED] - Browser is opened with url: ''

2018-09-05 19:06:48 - [TEST_STEP][PASSED] - maximizeWindow: Current window maximized

2018-09-05 19:06:49 - [MESSAGE][PASSED] - Current window maximized

2018-09-05 19:06:49 - [TEST_STEP][PASSED] - navigateToUrl: Navigate to 'https://dev.vcalling.in/enterprises/UAT/Dashboard/index.html' successfully

2018-09-05 19:06:52 - [MESSAGE][PASSED] - Navigate to 'https://dev.vcalling.in/enterprises/UAT/Dashboard/index.html' successfully

2018-09-05 19:06:52 - [TEST_STEP][PASSED] - setText: Text 'testing4dea@gmail.com' is set on object 'Object Repository/Login/UserId'

2018-09-05 19:06:52 - [MESSAGE][PASSED] - Text 'testing4dea@gmail.com' is set on object 'Object Repository/Login/UserId'

2018-09-05 19:06:52 - [TEST_STEP][PASSED] - click: Object: 'Object Repository/Login/div_GET OTP' is clicked on

2018-09-05 19:06:53 - [MESSAGE][PASSED] - Object: 'Object Repository/Login/div_GET OTP' is clicked on

2018-09-05 19:06:53 - [TEST_STEP][PASSED] - waitForElementPresent: Object 'Object Repository/Login/div_SUBMIT' is present

2018-09-05 19:06:54 - [MESSAGE][PASSED] - Object 'Object Repository/Login/div_SUBMIT' is present

2018-09-05 19:06:54 - [TEST_STEP][PASSED] - Statement - If (com.kms.katalon.core.webui.keyword.WebUiBuiltInKeywords.verifyElementNotPresent(com.kms.katalon.core.testobject.ObjectRepository.findTestObject(Login/div_SUBMIT), 5, OPTIONAL)): Web element with id: 'Object Repository/Login/div_SUBMIT' located by 'By.xpath: //div[(text() = ' SUBMIT ' or . = ' SUBMIT ')]' is present after '5' second(s)

2018-09-05 19:07:00 - [MESSAGE][WARNING] - Web element with id: 'Object Repository/Login/div_SUBMIT' located by 'By.xpath: //div[(text() = ' SUBMIT ' or . = ' SUBMIT ')]' is present after '5' second(s)
[[ATTACHMENT|C:\\Users\\User\\Desktop\\Katalon Studio\\Katalon Studio\\vCallingDashboard\\Reports\\RegressionSuite\\20180905_175530\\1536154619805.png]]

2018-09-05 19:07:00 - [TEST_STEP][PASSED] - Statement - sleep(5000): null

2018-09-05 19:07:05 - [TEST_STEP][PASSED] - Statement - OTP = getOTP(): null

2018-09-05 19:07:05 - [TEST_STEP][PASSED] - Statement - host = "imap.gmail.com": null

2018-09-05 19:07:05 - [TEST_STEP][PASSED] - Statement - msg = <not implemented yet for class: org.codehaus.groovy.ast.expr.EmptyExpression>: null

2018-09-05 19:07:05 - [TEST_STEP][PASSED] - Statement - msgSub = <not implemented yet for class: org.codehaus.groovy.ast.expr.EmptyExpression>: null

2018-09-05 19:07:05 - [TEST_STEP][PASSED] - Statement - OTP = "unavailable": null

2018-09-05 19:07:05 - [TEST_STEP][PASSED] - Statement - props = new java.util.Properties(): null

2018-09-05 19:07:05 - [TEST_STEP][PASSED] - Statement - props.setProperty("mail.imap.ssl.enable", "true"): null

2018-09-05 19:07:05 - [TEST_STEP][PASSED] - Statement - session = javax.mail.Session.getInstance(props): null

2018-09-05 19:07:05 - [TEST_STEP][PASSED] - Statement - store = <not implemented yet for class: org.codehaus.groovy.ast.expr.EmptyExpression>: null

2018-09-05 19:07:05 - [TEST_STEP][PASSED] - Statement - Try: null

2018-09-05 19:07:05 - [TEST_STEP][PASSED] - Statement - store = session.getStore("imap"): null

2018-09-05 19:07:05 - [TEST_STEP][PASSED] - Statement - store.connect(host, Email, Password): null

2018-09-05 19:07:07 - [TEST_STEP][PASSED] - Statement - emailFolder = store.getFolder("INBOX"): null

2018-09-05 19:07:07 - [TEST_STEP][PASSED] - Statement - emailFolder.open(READ_WRITE): null

2018-09-05 19:07:07 - [TEST_STEP][PASSED] - Statement - messages = emailFolder.getMessages(): null

2018-09-05 19:07:07 - [TEST_STEP][PASSED] - Statement - n = length: null

2018-09-05 19:07:07 - [TEST_STEP][PASSED] - Statement - message = messages[n - 1]: null

2018-09-05 19:07:07 - [TEST_STEP][PASSED] - Statement - msgSub = message.getSubject(): null

2018-09-05 19:07:07 - [TEST_STEP][PASSED] - Statement - If (msgSub.equals("OTP to Sign In")): null

2018-09-05 19:07:07 - [TEST_STEP][PASSED] - Statement - msg = message.getContent().toString(): null

2018-09-05 19:07:08 - [TEST_STEP][PASSED] - Statement - OTP = msg.substring(msg.length() - 7): null

2018-09-05 19:07:08 - [TEST_STEP][PASSED] - Statement - message.setFlag(DELETED, true): null

2018-09-05 19:07:08 - [TEST_STEP][PASSED] - Statement - emailFolder.close(true): null

2018-09-05 19:07:09 - [TEST_STEP][PASSED] - Statement - store.close(): null

2018-09-05 19:07:09 - [TEST_STEP][PASSED] - Statement - return OTP: null

2018-09-05 19:07:09 - [TEST_STEP][PASSED] - Statement - If (OTP.equals("unavailable")): null

2018-09-05 19:07:09 - [TEST_STEP][PASSED] - Statement - Else: Text 'c3289
' is set on object 'Object Repository/Login/OtpInput'

2018-09-05 19:07:09 - [TEST_STEP][PASSED] - setText: Text 'c3289
' is set on object 'Object Repository/Login/OtpInput'

2018-09-05 19:07:09 - [MESSAGE][PASSED] - Text 'c3289
' is set on object 'Object Repository/Login/OtpInput'

2018-09-05 19:07:09 - [TEST_STEP][PASSED] - verifyElementPresent: Object 'Object Repository/Login/afterOpenDisplay' is present

2018-09-05 19:07:10 - [MESSAGE][PASSED] - Object 'Object Repository/Login/afterOpenDisplay' is present

2018-09-05 19:07:10 - [MESSAGE][PASSED] - Call Test Case 'Test Cases/BVT/aSimple_Login' successfully

2018-09-05 19:07:10 - [TEST_STEP][PASSED] - Statement - driver = com.kms.katalon.core.webui.driver.DriverFactory.getWebDriver(): null

2018-09-05 19:07:10 - [TEST_STEP][PASSED] - click: Object: 'Object Repository/Dashboard_Link Generator/linkgeneratorIcon' is clicked on

2018-09-05 19:07:10 - [MESSAGE][PASSED] - Object: 'Object Repository/Dashboard_Link Generator/linkgeneratorIcon' is clicked on

2018-09-05 19:07:10 - [TEST_STEP][PASSED] - click: Object: 'Object Repository/Public Links/publicLinkTab' is clicked on

2018-09-05 19:07:11 - [MESSAGE][PASSED] - Object: 'Object Repository/Public Links/publicLinkTab' is clicked on

2018-09-05 19:07:11 - [TEST_STEP][PASSED] - Statement - x = CustomKeywords.newPackage.newKeyword.randomString(3).toLowerCase(): newPackage.newKeyword.randomString is PASSED

2018-09-05 19:07:11 - [MESSAGE][PASSED] - newPackage.newKeyword.randomString is PASSED

2018-09-05 19:07:11 - [TEST_STEP][PASSED] - Statement - teamMeberName = x: null

2018-09-05 19:07:11 - [TEST_STEP][PASSED] - setText: Text 'tgva' is set on object 'Object Repository/Public Links/PubLinkWithTag'

2018-09-05 19:07:11 - [MESSAGE][PASSED] - Text 'tgva' is set on object 'Object Repository/Public Links/PubLinkWithTag'

2018-09-05 19:07:11 - [TEST_STEP][PASSED] - click: Object: 'Object Repository/Public Links/GetLink' is clicked on

2018-09-05 19:07:11 - [MESSAGE][PASSED] - Object: 'Object Repository/Public Links/GetLink' is clicked on

2018-09-05 19:07:11 - [TEST_STEP][PASSED] - Statement - getLink = com.kms.katalon.core.webui.keyword.WebUiBuiltInKeywords.getAttribute(com.kms.katalon.core.testobject.ObjectRepository.findTestObject(Dashboard_Link Generator/input_link-text), "value"): Attribute 'value' of object 'Object Repository/Dashboard_Link Generator/input_link-text' is: 'https://dev.vcalling.in/url/UAT/?id=UAT_publicLink-94&p=t'

2018-09-05 19:07:12 - [MESSAGE][PASSED] - Attribute 'value' of object 'Object Repository/Dashboard_Link Generator/input_link-text' is: 'https://dev.vcalling.in/url/UAT/?id=UAT_publicLink-94&p=t'

2018-09-05 19:07:12 - [TEST_STEP][PASSED] - Statement - println(getLink): null

2018-09-05 19:07:12 - [TEST_STEP][PASSED] - click: Object: 'Object Repository/Dashboard_Link Generator/copyLink' is clicked on

2018-09-05 19:07:12 - [MESSAGE][PASSED] - Object: 'Object Repository/Dashboard_Link Generator/copyLink' is clicked on

2018-09-05 19:07:12 - [TEST_STEP][PASSED] - delay: Delayed 2 second(s)

2018-09-05 19:07:14 - [MESSAGE][PASSED] - Delayed 2 second(s)

2018-09-05 19:07:14 - [TEST_STEP][PASSED] - Statement - js = driver: null

2018-09-05 19:07:14 - [TEST_STEP][PASSED] - Statement - js.executeScript("window.open();"): null

2018-09-05 19:07:14 - [TEST_STEP][PASSED] - Statement - currentWindow = com.kms.katalon.core.webui.keyword.WebUiBuiltInKeywords.getWindowIndex(): Current window's index is: 0

2018-09-05 19:07:14 - [MESSAGE][PASSED] - Current window's index is: 0

2018-09-05 19:07:14 - [TEST_STEP][PASSED] - switchToWindowIndex: Switched to window with index: '1'

2018-09-05 19:07:14 - [MESSAGE][PASSED] - Switched to window with index: '1'

2018-09-05 19:07:14 - [TEST_STEP][PASSED] - navigateToUrl: Navigate to 'https://dev.vcalling.in/url/UAT/?id=UAT_publicLink-94&p=t' successfully

2018-09-05 19:07:16 - [MESSAGE][PASSED] - Navigate to 'https://dev.vcalling.in/url/UAT/?id=UAT_publicLink-94&p=t' successfully

2018-09-05 19:07:16 - [TEST_STEP][PASSED] - setText: Text 'tgv' is set on object 'Object Repository/PublicCustomer/customerName'

2018-09-05 19:07:17 - [MESSAGE][PASSED] - Text 'tgv' is set on object 'Object Repository/PublicCustomer/customerName'

2018-09-05 19:07:17 - [TEST_STEP][PASSED] - click: Object: 'Object Repository/PublicCustomer/NextButton' is clicked on

2018-09-05 19:07:17 - [MESSAGE][PASSED] - Object: 'Object Repository/PublicCustomer/NextButton' is clicked on

2018-09-05 19:07:17 - [TEST_STEP][PASSED] - Statement - number = CustomKeywords.phoneNumbers.contactNumbers.randomString(9): phoneNumbers.contactNumbers.randomString is PASSED

2018-09-05 19:07:17 - [MESSAGE][PASSED] - phoneNumbers.contactNumbers.randomString is PASSED

2018-09-05 19:07:17 - [TEST_STEP][PASSED] - Statement - Mobile_Number = number: null

2018-09-05 19:07:17 - [TEST_STEP][PASSED] - setText: Text '0129221241' is set on object 'Object Repository/PublicCustomer/customerNumber'

2018-09-05 19:07:18 - [MESSAGE][PASSED] - Text '0129221241' is set on object 'Object Repository/PublicCustomer/customerNumber'

2018-09-05 19:07:18 - [TEST_STEP][PASSED] - setText: Text 'wpSbj0gKYv@gmail.com' is set on object 'Object Repository/PublicCustomer/customerId'

2018-09-05 19:07:18 - [MESSAGE][PASSED] - newPackage.newKeyword.randomString is PASSED

2018-09-05 19:07:18 - [MESSAGE][PASSED] - Text 'wpSbj0gKYv@gmail.com' is set on object 'Object Repository/PublicCustomer/customerId'

2018-09-05 19:07:18 - [TEST_STEP][PASSED] - click: Object: 'Object Repository/PublicCustomer/doneButton' is clicked on

2018-09-05 19:07:19 - [MESSAGE][PASSED] - Object: 'Object Repository/PublicCustomer/doneButton' is clicked on

2018-09-05 19:07:19 - [TEST_STEP][PASSED] - Statement - currentTab = com.kms.katalon.core.webui.keyword.WebUiBuiltInKeywords.getWindowIndex(): Current window's index is: 1

2018-09-05 19:07:19 - [MESSAGE][PASSED] - Current window's index is: 1

2018-09-05 19:07:19 - [TEST_STEP][PASSED] - delay: Delayed 10 second(s)

2018-09-05 19:07:29 - [MESSAGE][PASSED] - Delayed 10 second(s)

2018-09-05 19:07:29 - [TEST_STEP][PASSED] - switchToWindowIndex: Switched to window with index: '0'

2018-09-05 19:07:29 - [MESSAGE][PASSED] - Switched to window with index: '0'

2018-09-05 19:07:29 - [TEST_STEP][PASSED] - refresh: Refresh successfully

2018-09-05 19:07:29 - [MESSAGE][PASSED] - Refresh successfully

2018-09-05 19:07:29 - [TEST_STEP][PASSED] - acceptAlert: Alert accepted

2018-09-05 19:07:29 - [MESSAGE][PASSED] - Alert accepted]]></system-out>
         <system-err><![CDATA[]]></system-err>
      </testcase>
      <testcase name="Test Cases/completed/TestCases6_Public Customers/SimplePublicCustomers/pubCustGenerateTroughEmptyNameNumberWithTag" classname="Test Cases/completed/TestCases6_Public Customers/SimplePublicCustomers/pubCustGenerateTroughEmptyNameNumberWithTag" status="PASSED">
         <system-out><![CDATA[2018-09-05 19:07:29 - [TEST_CASE][PASSED] - Test Cases/completed/TestCases6_Public Customers/SimplePublicCustomers/pubCustGenerateTroughEmptyNameNumberWithTag: Test Cases/completed/TestCases6_Public Customers/SimplePublicCustomers/pubCustGenerateTroughEmptyNameNumberWithTag

2018-09-05 19:07:29 - [TEST_STEP][PASSED] - callTestCase: Call Test Case 'Test Cases/BVT/aSimple_Login' successfully

2018-09-05 19:07:29 - [TEST_CASE][PASSED] - Test Cases/BVT/aSimple_Login: Test Cases/BVT/aSimple_Login

2018-09-05 19:07:29 - [TEST_STEP][PASSED] - openBrowser: Browser is opened with url: ''

2018-09-05 19:07:29 - [MESSAGE][WARNING] - A browser is already opened. Closing browser and opening a new one

2018-09-05 19:07:32 - [MESSAGE][PASSED] - Browser is opened with url: ''

2018-09-05 19:07:32 - [TEST_STEP][PASSED] - maximizeWindow: Current window maximized

2018-09-05 19:07:33 - [MESSAGE][PASSED] - Current window maximized

2018-09-05 19:07:33 - [TEST_STEP][PASSED] - navigateToUrl: Navigate to 'https://dev.vcalling.in/enterprises/UAT/Dashboard/index.html' successfully

2018-09-05 19:07:36 - [MESSAGE][PASSED] - Navigate to 'https://dev.vcalling.in/enterprises/UAT/Dashboard/index.html' successfully

2018-09-05 19:07:36 - [TEST_STEP][PASSED] - setText: Text 'testing4dea@gmail.com' is set on object 'Object Repository/Login/UserId'

2018-09-05 19:07:37 - [MESSAGE][PASSED] - Text 'testing4dea@gmail.com' is set on object 'Object Repository/Login/UserId'

2018-09-05 19:07:37 - [TEST_STEP][PASSED] - click: Object: 'Object Repository/Login/div_GET OTP' is clicked on

2018-09-05 19:07:37 - [MESSAGE][PASSED] - Object: 'Object Repository/Login/div_GET OTP' is clicked on

2018-09-05 19:07:37 - [TEST_STEP][PASSED] - waitForElementPresent: Object 'Object Repository/Login/div_SUBMIT' is present

2018-09-05 19:07:38 - [MESSAGE][PASSED] - Object 'Object Repository/Login/div_SUBMIT' is present

2018-09-05 19:07:38 - [TEST_STEP][PASSED] - Statement - If (com.kms.katalon.core.webui.keyword.WebUiBuiltInKeywords.verifyElementNotPresent(com.kms.katalon.core.testobject.ObjectRepository.findTestObject(Login/div_SUBMIT), 5, OPTIONAL)): Web element with id: 'Object Repository/Login/div_SUBMIT' located by 'By.xpath: //div[(text() = ' SUBMIT ' or . = ' SUBMIT ')]' is present after '5' second(s)

2018-09-05 19:07:44 - [MESSAGE][WARNING] - Web element with id: 'Object Repository/Login/div_SUBMIT' located by 'By.xpath: //div[(text() = ' SUBMIT ' or . = ' SUBMIT ')]' is present after '5' second(s)
[[ATTACHMENT|C:\\Users\\User\\Desktop\\Katalon Studio\\Katalon Studio\\vCallingDashboard\\Reports\\RegressionSuite\\20180905_175530\\1536154663912.png]]

2018-09-05 19:07:44 - [TEST_STEP][PASSED] - Statement - sleep(5000): null

2018-09-05 19:07:49 - [TEST_STEP][PASSED] - Statement - OTP = getOTP(): null

2018-09-05 19:07:49 - [TEST_STEP][PASSED] - Statement - host = "imap.gmail.com": null

2018-09-05 19:07:49 - [TEST_STEP][PASSED] - Statement - msg = <not implemented yet for class: org.codehaus.groovy.ast.expr.EmptyExpression>: null

2018-09-05 19:07:49 - [TEST_STEP][PASSED] - Statement - msgSub = <not implemented yet for class: org.codehaus.groovy.ast.expr.EmptyExpression>: null

2018-09-05 19:07:49 - [TEST_STEP][PASSED] - Statement - OTP = "unavailable": null

2018-09-05 19:07:49 - [TEST_STEP][PASSED] - Statement - props = new java.util.Properties(): null

2018-09-05 19:07:49 - [TEST_STEP][PASSED] - Statement - props.setProperty("mail.imap.ssl.enable", "true"): null

2018-09-05 19:07:49 - [TEST_STEP][PASSED] - Statement - session = javax.mail.Session.getInstance(props): null

2018-09-05 19:07:49 - [TEST_STEP][PASSED] - Statement - store = <not implemented yet for class: org.codehaus.groovy.ast.expr.EmptyExpression>: null

2018-09-05 19:07:49 - [TEST_STEP][PASSED] - Statement - Try: null

2018-09-05 19:07:49 - [TEST_STEP][PASSED] - Statement - store = session.getStore("imap"): null

2018-09-05 19:07:49 - [TEST_STEP][PASSED] - Statement - store.connect(host, Email, Password): null

2018-09-05 19:07:51 - [TEST_STEP][PASSED] - Statement - emailFolder = store.getFolder("INBOX"): null

2018-09-05 19:07:51 - [TEST_STEP][PASSED] - Statement - emailFolder.open(READ_WRITE): null

2018-09-05 19:07:51 - [TEST_STEP][PASSED] - Statement - messages = emailFolder.getMessages(): null

2018-09-05 19:07:51 - [TEST_STEP][PASSED] - Statement - n = length: null

2018-09-05 19:07:51 - [TEST_STEP][PASSED] - Statement - message = messages[n - 1]: null

2018-09-05 19:07:51 - [TEST_STEP][PASSED] - Statement - msgSub = message.getSubject(): null

2018-09-05 19:07:51 - [TEST_STEP][PASSED] - Statement - If (msgSub.equals("OTP to Sign In")): null

2018-09-05 19:07:51 - [TEST_STEP][PASSED] - Statement - msg = message.getContent().toString(): null

2018-09-05 19:07:52 - [TEST_STEP][PASSED] - Statement - OTP = msg.substring(msg.length() - 7): null

2018-09-05 19:07:52 - [TEST_STEP][PASSED] - Statement - message.setFlag(DELETED, true): null

2018-09-05 19:07:52 - [TEST_STEP][PASSED] - Statement - emailFolder.close(true): null

2018-09-05 19:07:53 - [TEST_STEP][PASSED] - Statement - store.close(): null

2018-09-05 19:07:53 - [TEST_STEP][PASSED] - Statement - return OTP: null

2018-09-05 19:07:53 - [TEST_STEP][PASSED] - Statement - If (OTP.equals("unavailable")): null

2018-09-05 19:07:53 - [TEST_STEP][PASSED] - Statement - Else: Text 'v2215
' is set on object 'Object Repository/Login/OtpInput'

2018-09-05 19:07:53 - [TEST_STEP][PASSED] - setText: Text 'v2215
' is set on object 'Object Repository/Login/OtpInput'

2018-09-05 19:07:53 - [MESSAGE][PASSED] - Text 'v2215
' is set on object 'Object Repository/Login/OtpInput'

2018-09-05 19:07:53 - [TEST_STEP][PASSED] - verifyElementPresent: Object 'Object Repository/Login/afterOpenDisplay' is present

2018-09-05 19:07:54 - [MESSAGE][PASSED] - Object 'Object Repository/Login/afterOpenDisplay' is present

2018-09-05 19:07:54 - [MESSAGE][PASSED] - Call Test Case 'Test Cases/BVT/aSimple_Login' successfully

2018-09-05 19:07:54 - [TEST_STEP][PASSED] - Statement - driver = com.kms.katalon.core.webui.driver.DriverFactory.getWebDriver(): null

2018-09-05 19:07:54 - [TEST_STEP][PASSED] - click: Object: 'Object Repository/Dashboard_Link Generator/linkgeneratorIcon' is clicked on

2018-09-05 19:07:54 - [MESSAGE][PASSED] - Object: 'Object Repository/Dashboard_Link Generator/linkgeneratorIcon' is clicked on

2018-09-05 19:07:54 - [TEST_STEP][PASSED] - click: Object: 'Object Repository/Public Links/publicLinkTab' is clicked on

2018-09-05 19:07:55 - [MESSAGE][PASSED] - Object: 'Object Repository/Public Links/publicLinkTab' is clicked on

2018-09-05 19:07:55 - [TEST_STEP][PASSED] - delay: Delayed 2 second(s)

2018-09-05 19:07:57 - [MESSAGE][PASSED] - Delayed 2 second(s)

2018-09-05 19:07:57 - [TEST_STEP][PASSED] - Statement - x = CustomKeywords.newPackage.newKeyword.randomString(3).toLowerCase(): newPackage.newKeyword.randomString is PASSED

2018-09-05 19:07:57 - [MESSAGE][PASSED] - newPackage.newKeyword.randomString is PASSED

2018-09-05 19:07:57 - [TEST_STEP][PASSED] - Statement - teamMeberName = x: null

2018-09-05 19:07:57 - [TEST_STEP][PASSED] - setText: Text 'kfta' is set on object 'Object Repository/Public Links/PubLinkWithTag'

2018-09-05 19:07:57 - [MESSAGE][PASSED] - Text 'kfta' is set on object 'Object Repository/Public Links/PubLinkWithTag'

2018-09-05 19:07:57 - [TEST_STEP][PASSED] - click: Object: 'Object Repository/Public Links/GetLink' is clicked on

2018-09-05 19:07:57 - [MESSAGE][PASSED] - Object: 'Object Repository/Public Links/GetLink' is clicked on

2018-09-05 19:07:57 - [TEST_STEP][PASSED] - Statement - getLink = com.kms.katalon.core.webui.keyword.WebUiBuiltInKeywords.getAttribute(com.kms.katalon.core.testobject.ObjectRepository.findTestObject(Dashboard_Link Generator/input_link-text), "value"): Attribute 'value' of object 'Object Repository/Dashboard_Link Generator/input_link-text' is: 'https://dev.vcalling.in/url/UAT/?id=UAT_publicLink-95&p=t'

2018-09-05 19:07:57 - [MESSAGE][PASSED] - Attribute 'value' of object 'Object Repository/Dashboard_Link Generator/input_link-text' is: 'https://dev.vcalling.in/url/UAT/?id=UAT_publicLink-95&p=t'

2018-09-05 19:07:57 - [TEST_STEP][PASSED] - Statement - println(getLink): null

2018-09-05 19:07:57 - [TEST_STEP][PASSED] - click: Object: 'Object Repository/Dashboard_Link Generator/copyLink' is clicked on

2018-09-05 19:07:58 - [MESSAGE][PASSED] - Object: 'Object Repository/Dashboard_Link Generator/copyLink' is clicked on

2018-09-05 19:07:58 - [TEST_STEP][PASSED] - delay: Delayed 2 second(s)

2018-09-05 19:08:00 - [MESSAGE][PASSED] - Delayed 2 second(s)

2018-09-05 19:08:00 - [TEST_STEP][PASSED] - Statement - js = driver: null

2018-09-05 19:08:00 - [TEST_STEP][PASSED] - Statement - js.executeScript("window.open();"): null

2018-09-05 19:08:00 - [TEST_STEP][PASSED] - Statement - currentWindow = com.kms.katalon.core.webui.keyword.WebUiBuiltInKeywords.getWindowIndex(): Current window's index is: 0

2018-09-05 19:08:00 - [MESSAGE][PASSED] - Current window's index is: 0

2018-09-05 19:08:00 - [TEST_STEP][PASSED] - switchToWindowIndex: Switched to window with index: '1'

2018-09-05 19:08:00 - [MESSAGE][PASSED] - Switched to window with index: '1'

2018-09-05 19:08:00 - [TEST_STEP][PASSED] - navigateToUrl: Navigate to 'https://dev.vcalling.in/url/UAT/?id=UAT_publicLink-95&p=t' successfully

2018-09-05 19:08:02 - [MESSAGE][PASSED] - Navigate to 'https://dev.vcalling.in/url/UAT/?id=UAT_publicLink-95&p=t' successfully

2018-09-05 19:08:02 - [TEST_STEP][PASSED] - setText: Text ' ' is set on object 'Object Repository/PublicCustomer/customerName'

2018-09-05 19:08:04 - [MESSAGE][PASSED] - Text ' ' is set on object 'Object Repository/PublicCustomer/customerName'

2018-09-05 19:08:04 - [TEST_STEP][PASSED] - click: Object: 'Object Repository/PublicCustomer/NextButton' is clicked on

2018-09-05 19:08:04 - [MESSAGE][PASSED] - Object: 'Object Repository/PublicCustomer/NextButton' is clicked on

2018-09-05 19:08:04 - [TEST_STEP][PASSED] - Statement - number = CustomKeywords.phoneNumbers.contactNumbers.randomString(9): phoneNumbers.contactNumbers.randomString is PASSED

2018-09-05 19:08:04 - [MESSAGE][PASSED] - phoneNumbers.contactNumbers.randomString is PASSED

2018-09-05 19:08:04 - [TEST_STEP][PASSED] - Statement - Mobile_Number = number: null

2018-09-05 19:08:04 - [TEST_STEP][PASSED] - setText: Text '6123712501' is set on object 'Object Repository/PublicCustomer/customerNumber'

2018-09-05 19:08:04 - [MESSAGE][PASSED] - Text '6123712501' is set on object 'Object Repository/PublicCustomer/customerNumber'

2018-09-05 19:08:04 - [TEST_STEP][PASSED] - click: Object: 'Object Repository/PublicCustomer/doneButton' is clicked on

2018-09-05 19:08:05 - [MESSAGE][PASSED] - Object: 'Object Repository/PublicCustomer/doneButton' is clicked on

2018-09-05 19:08:05 - [TEST_STEP][PASSED] - Statement - currentTab = com.kms.katalon.core.webui.keyword.WebUiBuiltInKeywords.getWindowIndex(): Current window's index is: 1

2018-09-05 19:08:05 - [MESSAGE][PASSED] - Current window's index is: 1

2018-09-05 19:08:05 - [TEST_STEP][PASSED] - delay: Delayed 10 second(s)

2018-09-05 19:08:15 - [MESSAGE][PASSED] - Delayed 10 second(s)

2018-09-05 19:08:15 - [TEST_STEP][PASSED] - switchToWindowIndex: Switched to window with index: '0'

2018-09-05 19:08:15 - [MESSAGE][PASSED] - Switched to window with index: '0'

2018-09-05 19:08:15 - [TEST_STEP][PASSED] - refresh: Refresh successfully

2018-09-05 19:08:15 - [MESSAGE][PASSED] - Refresh successfully

2018-09-05 19:08:15 - [TEST_STEP][PASSED] - acceptAlert: Alert accepted

2018-09-05 19:08:15 - [MESSAGE][PASSED] - Alert accepted]]></system-out>
         <system-err><![CDATA[]]></system-err>
      </testcase>
      <testcase name="Test Cases/completed/TestCases6_Public Customers/SimplePublicCustomers/PubCustGenrateThroughNameAndIdWithoutTag" classname="Test Cases/completed/TestCases6_Public Customers/SimplePublicCustomers/PubCustGenrateThroughNameAndIdWithoutTag" status="PASSED">
         <system-out><![CDATA[2018-09-05 19:08:15 - [TEST_CASE][PASSED] - Test Cases/completed/TestCases6_Public Customers/SimplePublicCustomers/PubCustGenrateThroughNameAndIdWithoutTag: Test Cases/completed/TestCases6_Public Customers/SimplePublicCustomers/PubCustGenrateThroughNameAndIdWithoutTag

2018-09-05 19:08:15 - [TEST_STEP][PASSED] - callTestCase: Call Test Case 'Test Cases/BVT/aSimple_Login' successfully

2018-09-05 19:08:15 - [TEST_CASE][PASSED] - Test Cases/BVT/aSimple_Login: Test Cases/BVT/aSimple_Login

2018-09-05 19:08:15 - [TEST_STEP][PASSED] - openBrowser: Browser is opened with url: ''

2018-09-05 19:08:15 - [MESSAGE][WARNING] - A browser is already opened. Closing browser and opening a new one

2018-09-05 19:08:18 - [MESSAGE][PASSED] - Browser is opened with url: ''

2018-09-05 19:08:18 - [TEST_STEP][PASSED] - maximizeWindow: Current window maximized

2018-09-05 19:08:19 - [MESSAGE][PASSED] - Current window maximized

2018-09-05 19:08:19 - [TEST_STEP][PASSED] - navigateToUrl: Navigate to 'https://dev.vcalling.in/enterprises/UAT/Dashboard/index.html' successfully

2018-09-05 19:08:22 - [MESSAGE][PASSED] - Navigate to 'https://dev.vcalling.in/enterprises/UAT/Dashboard/index.html' successfully

2018-09-05 19:08:22 - [TEST_STEP][PASSED] - setText: Text 'testing4dea@gmail.com' is set on object 'Object Repository/Login/UserId'

2018-09-05 19:08:23 - [MESSAGE][PASSED] - Text 'testing4dea@gmail.com' is set on object 'Object Repository/Login/UserId'

2018-09-05 19:08:23 - [TEST_STEP][PASSED] - click: Object: 'Object Repository/Login/div_GET OTP' is clicked on

2018-09-05 19:08:23 - [MESSAGE][PASSED] - Object: 'Object Repository/Login/div_GET OTP' is clicked on

2018-09-05 19:08:23 - [TEST_STEP][PASSED] - waitForElementPresent: Object 'Object Repository/Login/div_SUBMIT' is present

2018-09-05 19:08:25 - [MESSAGE][PASSED] - Object 'Object Repository/Login/div_SUBMIT' is present

2018-09-05 19:08:25 - [TEST_STEP][PASSED] - Statement - If (com.kms.katalon.core.webui.keyword.WebUiBuiltInKeywords.verifyElementNotPresent(com.kms.katalon.core.testobject.ObjectRepository.findTestObject(Login/div_SUBMIT), 5, OPTIONAL)): Web element with id: 'Object Repository/Login/div_SUBMIT' located by 'By.xpath: //div[(text() = ' SUBMIT ' or . = ' SUBMIT ')]' is present after '5' second(s)

2018-09-05 19:08:30 - [MESSAGE][WARNING] - Web element with id: 'Object Repository/Login/div_SUBMIT' located by 'By.xpath: //div[(text() = ' SUBMIT ' or . = ' SUBMIT ')]' is present after '5' second(s)
[[ATTACHMENT|C:\\Users\\User\\Desktop\\Katalon Studio\\Katalon Studio\\vCallingDashboard\\Reports\\RegressionSuite\\20180905_175530\\1536154710140.png]]

2018-09-05 19:08:30 - [TEST_STEP][PASSED] - Statement - sleep(5000): null

2018-09-05 19:08:35 - [TEST_STEP][PASSED] - Statement - OTP = getOTP(): null

2018-09-05 19:08:35 - [TEST_STEP][PASSED] - Statement - host = "imap.gmail.com": null

2018-09-05 19:08:35 - [TEST_STEP][PASSED] - Statement - msg = <not implemented yet for class: org.codehaus.groovy.ast.expr.EmptyExpression>: null

2018-09-05 19:08:35 - [TEST_STEP][PASSED] - Statement - msgSub = <not implemented yet for class: org.codehaus.groovy.ast.expr.EmptyExpression>: null

2018-09-05 19:08:35 - [TEST_STEP][PASSED] - Statement - OTP = "unavailable": null

2018-09-05 19:08:35 - [TEST_STEP][PASSED] - Statement - props = new java.util.Properties(): null

2018-09-05 19:08:35 - [TEST_STEP][PASSED] - Statement - props.setProperty("mail.imap.ssl.enable", "true"): null

2018-09-05 19:08:35 - [TEST_STEP][PASSED] - Statement - session = javax.mail.Session.getInstance(props): null

2018-09-05 19:08:35 - [TEST_STEP][PASSED] - Statement - store = <not implemented yet for class: org.codehaus.groovy.ast.expr.EmptyExpression>: null

2018-09-05 19:08:35 - [TEST_STEP][PASSED] - Statement - Try: null

2018-09-05 19:08:35 - [TEST_STEP][PASSED] - Statement - store = session.getStore("imap"): null

2018-09-05 19:08:35 - [TEST_STEP][PASSED] - Statement - store.connect(host, Email, Password): null

2018-09-05 19:08:37 - [TEST_STEP][PASSED] - Statement - emailFolder = store.getFolder("INBOX"): null

2018-09-05 19:08:37 - [TEST_STEP][PASSED] - Statement - emailFolder.open(READ_WRITE): null

2018-09-05 19:08:37 - [TEST_STEP][PASSED] - Statement - messages = emailFolder.getMessages(): null

2018-09-05 19:08:37 - [TEST_STEP][PASSED] - Statement - n = length: null

2018-09-05 19:08:37 - [TEST_STEP][PASSED] - Statement - message = messages[n - 1]: null

2018-09-05 19:08:37 - [TEST_STEP][PASSED] - Statement - msgSub = message.getSubject(): null

2018-09-05 19:08:37 - [TEST_STEP][PASSED] - Statement - If (msgSub.equals("OTP to Sign In")): null

2018-09-05 19:08:37 - [TEST_STEP][PASSED] - Statement - msg = message.getContent().toString(): null

2018-09-05 19:08:38 - [TEST_STEP][PASSED] - Statement - OTP = msg.substring(msg.length() - 7): null

2018-09-05 19:08:38 - [TEST_STEP][PASSED] - Statement - message.setFlag(DELETED, true): null

2018-09-05 19:08:39 - [TEST_STEP][PASSED] - Statement - emailFolder.close(true): null

2018-09-05 19:08:39 - [TEST_STEP][PASSED] - Statement - store.close(): null

2018-09-05 19:08:39 - [TEST_STEP][PASSED] - Statement - return OTP: null

2018-09-05 19:08:39 - [TEST_STEP][PASSED] - Statement - If (OTP.equals("unavailable")): null

2018-09-05 19:08:39 - [TEST_STEP][PASSED] - Statement - Else: Text 'f7859
' is set on object 'Object Repository/Login/OtpInput'

2018-09-05 19:08:39 - [TEST_STEP][PASSED] - setText: Text 'f7859
' is set on object 'Object Repository/Login/OtpInput'

2018-09-05 19:08:39 - [MESSAGE][PASSED] - Text 'f7859
' is set on object 'Object Repository/Login/OtpInput'

2018-09-05 19:08:39 - [TEST_STEP][PASSED] - verifyElementPresent: Object 'Object Repository/Login/afterOpenDisplay' is present

2018-09-05 19:08:41 - [MESSAGE][PASSED] - Object 'Object Repository/Login/afterOpenDisplay' is present

2018-09-05 19:08:41 - [MESSAGE][PASSED] - Call Test Case 'Test Cases/BVT/aSimple_Login' successfully

2018-09-05 19:08:41 - [TEST_STEP][PASSED] - Statement - driver = com.kms.katalon.core.webui.driver.DriverFactory.getWebDriver(): null

2018-09-05 19:08:41 - [TEST_STEP][PASSED] - click: Object: 'Object Repository/Dashboard_Link Generator/linkgeneratorIcon' is clicked on

2018-09-05 19:08:41 - [MESSAGE][PASSED] - Object: 'Object Repository/Dashboard_Link Generator/linkgeneratorIcon' is clicked on

2018-09-05 19:08:41 - [TEST_STEP][PASSED] - click: Object: 'Object Repository/Public Links/publicLinkTab' is clicked on

2018-09-05 19:08:41 - [MESSAGE][PASSED] - Object: 'Object Repository/Public Links/publicLinkTab' is clicked on

2018-09-05 19:08:41 - [TEST_STEP][PASSED] - click: Object: 'Object Repository/Public Links/GetLink' is clicked on

2018-09-05 19:08:41 - [MESSAGE][PASSED] - Object: 'Object Repository/Public Links/GetLink' is clicked on

2018-09-05 19:08:41 - [TEST_STEP][PASSED] - Statement - getLink = com.kms.katalon.core.webui.keyword.WebUiBuiltInKeywords.getAttribute(com.kms.katalon.core.testobject.ObjectRepository.findTestObject(Dashboard_Link Generator/input_link-text), "value"): Attribute 'value' of object 'Object Repository/Dashboard_Link Generator/input_link-text' is: 'https://dev.vcalling.in/url/UAT/?id=UAT_publicLink-1&p=t'

2018-09-05 19:08:42 - [MESSAGE][PASSED] - Attribute 'value' of object 'Object Repository/Dashboard_Link Generator/input_link-text' is: 'https://dev.vcalling.in/url/UAT/?id=UAT_publicLink-1&p=t'

2018-09-05 19:08:42 - [TEST_STEP][PASSED] - Statement - println(getLink): null

2018-09-05 19:08:42 - [TEST_STEP][PASSED] - click: Object: 'Object Repository/Dashboard_Link Generator/copyLink' is clicked on

2018-09-05 19:08:42 - [MESSAGE][PASSED] - Object: 'Object Repository/Dashboard_Link Generator/copyLink' is clicked on

2018-09-05 19:08:42 - [TEST_STEP][PASSED] - delay: Delayed 2 second(s)

2018-09-05 19:08:44 - [MESSAGE][PASSED] - Delayed 2 second(s)

2018-09-05 19:08:44 - [TEST_STEP][PASSED] - Statement - js = driver: null

2018-09-05 19:08:44 - [TEST_STEP][PASSED] - Statement - js.executeScript("window.open();"): null

2018-09-05 19:08:44 - [TEST_STEP][PASSED] - Statement - currentWindow = com.kms.katalon.core.webui.keyword.WebUiBuiltInKeywords.getWindowIndex(): Current window's index is: 0

2018-09-05 19:08:44 - [MESSAGE][PASSED] - Current window's index is: 0

2018-09-05 19:08:44 - [TEST_STEP][PASSED] - switchToWindowIndex: Switched to window with index: '1'

2018-09-05 19:08:44 - [MESSAGE][PASSED] - Switched to window with index: '1'

2018-09-05 19:08:44 - [TEST_STEP][PASSED] - navigateToUrl: Navigate to 'https://dev.vcalling.in/url/UAT/?id=UAT_publicLink-1&p=t' successfully

2018-09-05 19:08:46 - [MESSAGE][PASSED] - Navigate to 'https://dev.vcalling.in/url/UAT/?id=UAT_publicLink-1&p=t' successfully

2018-09-05 19:08:46 - [TEST_STEP][PASSED] - Statement - x = CustomKeywords.newPackage.newKeyword.randomString(3).toLowerCase(): newPackage.newKeyword.randomString is PASSED

2018-09-05 19:08:46 - [MESSAGE][PASSED] - newPackage.newKeyword.randomString is PASSED

2018-09-05 19:08:46 - [TEST_STEP][PASSED] - Statement - teamMeberName = x: null

2018-09-05 19:08:46 - [TEST_STEP][PASSED] - setText: Text 'smk' is set on object 'Object Repository/PublicCustomer/customerName'

2018-09-05 19:08:48 - [MESSAGE][PASSED] - Text 'smk' is set on object 'Object Repository/PublicCustomer/customerName'

2018-09-05 19:08:48 - [TEST_STEP][PASSED] - click: Object: 'Object Repository/PublicCustomer/NextButton' is clicked on

2018-09-05 19:08:48 - [MESSAGE][PASSED] - Object: 'Object Repository/PublicCustomer/NextButton' is clicked on

2018-09-05 19:08:48 - [TEST_STEP][PASSED] - setText: Text 'ka8l5oAmoN@gmail.com' is set on object 'Object Repository/PublicCustomer/customerId'

2018-09-05 19:08:48 - [MESSAGE][PASSED] - newPackage.newKeyword.randomString is PASSED

2018-09-05 19:08:48 - [MESSAGE][PASSED] - Text 'ka8l5oAmoN@gmail.com' is set on object 'Object Repository/PublicCustomer/customerId'

2018-09-05 19:08:48 - [TEST_STEP][PASSED] - click: Object: 'Object Repository/PublicCustomer/doneButton' is clicked on

2018-09-05 19:08:49 - [MESSAGE][PASSED] - Object: 'Object Repository/PublicCustomer/doneButton' is clicked on

2018-09-05 19:08:49 - [TEST_STEP][PASSED] - Statement - currentTab = com.kms.katalon.core.webui.keyword.WebUiBuiltInKeywords.getWindowIndex(): Current window's index is: 1

2018-09-05 19:08:49 - [MESSAGE][PASSED] - Current window's index is: 1

2018-09-05 19:08:49 - [TEST_STEP][PASSED] - delay: Delayed 10 second(s)

2018-09-05 19:08:59 - [MESSAGE][PASSED] - Delayed 10 second(s)

2018-09-05 19:08:59 - [TEST_STEP][PASSED] - switchToWindowIndex: Switched to window with index: '0'

2018-09-05 19:08:59 - [MESSAGE][PASSED] - Switched to window with index: '0'

2018-09-05 19:08:59 - [TEST_STEP][PASSED] - refresh: Refresh successfully

2018-09-05 19:08:59 - [MESSAGE][PASSED] - Refresh successfully

2018-09-05 19:08:59 - [TEST_STEP][PASSED] - acceptAlert: Alert accepted

2018-09-05 19:08:59 - [MESSAGE][PASSED] - Alert accepted]]></system-out>
         <system-err><![CDATA[]]></system-err>
      </testcase>
      <testcase name="Test Cases/completed/TestCases6_Public Customers/SimplePublicCustomers/pubCustGenTroughFullInformationWithOutTag" classname="Test Cases/completed/TestCases6_Public Customers/SimplePublicCustomers/pubCustGenTroughFullInformationWithOutTag" status="PASSED">
         <system-out><![CDATA[2018-09-05 19:08:59 - [TEST_CASE][PASSED] - Test Cases/completed/TestCases6_Public Customers/SimplePublicCustomers/pubCustGenTroughFullInformationWithOutTag: Test Cases/completed/TestCases6_Public Customers/SimplePublicCustomers/pubCustGenTroughFullInformationWithOutTag

2018-09-05 19:09:00 - [TEST_STEP][PASSED] - callTestCase: Call Test Case 'Test Cases/BVT/aSimple_Login' successfully

2018-09-05 19:09:00 - [TEST_CASE][PASSED] - Test Cases/BVT/aSimple_Login: Test Cases/BVT/aSimple_Login

2018-09-05 19:09:00 - [TEST_STEP][PASSED] - openBrowser: Browser is opened with url: ''

2018-09-05 19:09:00 - [MESSAGE][WARNING] - A browser is already opened. Closing browser and opening a new one

2018-09-05 19:09:03 - [MESSAGE][PASSED] - Browser is opened with url: ''

2018-09-05 19:09:03 - [TEST_STEP][PASSED] - maximizeWindow: Current window maximized

2018-09-05 19:09:04 - [MESSAGE][PASSED] - Current window maximized

2018-09-05 19:09:04 - [TEST_STEP][PASSED] - navigateToUrl: Navigate to 'https://dev.vcalling.in/enterprises/UAT/Dashboard/index.html' successfully

2018-09-05 19:09:07 - [MESSAGE][PASSED] - Navigate to 'https://dev.vcalling.in/enterprises/UAT/Dashboard/index.html' successfully

2018-09-05 19:09:07 - [TEST_STEP][PASSED] - setText: Text 'testing4dea@gmail.com' is set on object 'Object Repository/Login/UserId'

2018-09-05 19:09:07 - [MESSAGE][PASSED] - Text 'testing4dea@gmail.com' is set on object 'Object Repository/Login/UserId'

2018-09-05 19:09:07 - [TEST_STEP][PASSED] - click: Object: 'Object Repository/Login/div_GET OTP' is clicked on

2018-09-05 19:09:07 - [MESSAGE][PASSED] - Object: 'Object Repository/Login/div_GET OTP' is clicked on

2018-09-05 19:09:07 - [TEST_STEP][PASSED] - waitForElementPresent: Object 'Object Repository/Login/div_SUBMIT' is present

2018-09-05 19:09:09 - [MESSAGE][PASSED] - Object 'Object Repository/Login/div_SUBMIT' is present

2018-09-05 19:09:09 - [TEST_STEP][PASSED] - Statement - If (com.kms.katalon.core.webui.keyword.WebUiBuiltInKeywords.verifyElementNotPresent(com.kms.katalon.core.testobject.ObjectRepository.findTestObject(Login/div_SUBMIT), 5, OPTIONAL)): Web element with id: 'Object Repository/Login/div_SUBMIT' located by 'By.xpath: //div[(text() = ' SUBMIT ' or . = ' SUBMIT ')]' is present after '5' second(s)

2018-09-05 19:09:14 - [MESSAGE][WARNING] - Web element with id: 'Object Repository/Login/div_SUBMIT' located by 'By.xpath: //div[(text() = ' SUBMIT ' or . = ' SUBMIT ')]' is present after '5' second(s)
[[ATTACHMENT|C:\\Users\\User\\Desktop\\Katalon Studio\\Katalon Studio\\vCallingDashboard\\Reports\\RegressionSuite\\20180905_175530\\1536154754335.png]]

2018-09-05 19:09:14 - [TEST_STEP][PASSED] - Statement - sleep(5000): null

2018-09-05 19:09:19 - [TEST_STEP][PASSED] - Statement - OTP = getOTP(): null

2018-09-05 19:09:19 - [TEST_STEP][PASSED] - Statement - host = "imap.gmail.com": null

2018-09-05 19:09:19 - [TEST_STEP][PASSED] - Statement - msg = <not implemented yet for class: org.codehaus.groovy.ast.expr.EmptyExpression>: null

2018-09-05 19:09:19 - [TEST_STEP][PASSED] - Statement - msgSub = <not implemented yet for class: org.codehaus.groovy.ast.expr.EmptyExpression>: null

2018-09-05 19:09:19 - [TEST_STEP][PASSED] - Statement - OTP = "unavailable": null

2018-09-05 19:09:19 - [TEST_STEP][PASSED] - Statement - props = new java.util.Properties(): null

2018-09-05 19:09:19 - [TEST_STEP][PASSED] - Statement - props.setProperty("mail.imap.ssl.enable", "true"): null

2018-09-05 19:09:19 - [TEST_STEP][PASSED] - Statement - session = javax.mail.Session.getInstance(props): null

2018-09-05 19:09:19 - [TEST_STEP][PASSED] - Statement - store = <not implemented yet for class: org.codehaus.groovy.ast.expr.EmptyExpression>: null

2018-09-05 19:09:19 - [TEST_STEP][PASSED] - Statement - Try: null

2018-09-05 19:09:19 - [TEST_STEP][PASSED] - Statement - store = session.getStore("imap"): null

2018-09-05 19:09:19 - [TEST_STEP][PASSED] - Statement - store.connect(host, Email, Password): null

2018-09-05 19:09:21 - [TEST_STEP][PASSED] - Statement - emailFolder = store.getFolder("INBOX"): null

2018-09-05 19:09:21 - [TEST_STEP][PASSED] - Statement - emailFolder.open(READ_WRITE): null

2018-09-05 19:09:21 - [TEST_STEP][PASSED] - Statement - messages = emailFolder.getMessages(): null

2018-09-05 19:09:21 - [TEST_STEP][PASSED] - Statement - n = length: null

2018-09-05 19:09:21 - [TEST_STEP][PASSED] - Statement - message = messages[n - 1]: null

2018-09-05 19:09:21 - [TEST_STEP][PASSED] - Statement - msgSub = message.getSubject(): null

2018-09-05 19:09:22 - [TEST_STEP][PASSED] - Statement - If (msgSub.equals("OTP to Sign In")): null

2018-09-05 19:09:22 - [TEST_STEP][PASSED] - Statement - msg = message.getContent().toString(): null

2018-09-05 19:09:22 - [TEST_STEP][PASSED] - Statement - OTP = msg.substring(msg.length() - 7): null

2018-09-05 19:09:22 - [TEST_STEP][PASSED] - Statement - message.setFlag(DELETED, true): null

2018-09-05 19:09:23 - [TEST_STEP][PASSED] - Statement - emailFolder.close(true): null

2018-09-05 19:09:23 - [TEST_STEP][PASSED] - Statement - store.close(): null

2018-09-05 19:09:24 - [TEST_STEP][PASSED] - Statement - return OTP: null

2018-09-05 19:09:24 - [TEST_STEP][PASSED] - Statement - If (OTP.equals("unavailable")): null

2018-09-05 19:09:24 - [TEST_STEP][PASSED] - Statement - Else: Text 'j2156
' is set on object 'Object Repository/Login/OtpInput'

2018-09-05 19:09:24 - [TEST_STEP][PASSED] - setText: Text 'j2156
' is set on object 'Object Repository/Login/OtpInput'

2018-09-05 19:09:24 - [MESSAGE][PASSED] - Text 'j2156
' is set on object 'Object Repository/Login/OtpInput'

2018-09-05 19:09:24 - [TEST_STEP][PASSED] - verifyElementPresent: Object 'Object Repository/Login/afterOpenDisplay' is present

2018-09-05 19:09:25 - [MESSAGE][PASSED] - Object 'Object Repository/Login/afterOpenDisplay' is present

2018-09-05 19:09:25 - [MESSAGE][PASSED] - Call Test Case 'Test Cases/BVT/aSimple_Login' successfully

2018-09-05 19:09:25 - [TEST_STEP][PASSED] - Statement - driver = com.kms.katalon.core.webui.driver.DriverFactory.getWebDriver(): null

2018-09-05 19:09:25 - [TEST_STEP][PASSED] - click: Object: 'Object Repository/Dashboard_Link Generator/linkgeneratorIcon' is clicked on

2018-09-05 19:09:25 - [MESSAGE][PASSED] - Object: 'Object Repository/Dashboard_Link Generator/linkgeneratorIcon' is clicked on

2018-09-05 19:09:25 - [TEST_STEP][PASSED] - click: Object: 'Object Repository/Public Links/publicLinkTab' is clicked on

2018-09-05 19:09:25 - [MESSAGE][PASSED] - Object: 'Object Repository/Public Links/publicLinkTab' is clicked on

2018-09-05 19:09:25 - [TEST_STEP][PASSED] - click: Object: 'Object Repository/Public Links/GetLink' is clicked on

2018-09-05 19:09:26 - [MESSAGE][PASSED] - Object: 'Object Repository/Public Links/GetLink' is clicked on

2018-09-05 19:09:26 - [TEST_STEP][PASSED] - Statement - getLink = com.kms.katalon.core.webui.keyword.WebUiBuiltInKeywords.getAttribute(com.kms.katalon.core.testobject.ObjectRepository.findTestObject(Dashboard_Link Generator/input_link-text), "value"): Attribute 'value' of object 'Object Repository/Dashboard_Link Generator/input_link-text' is: 'https://dev.vcalling.in/url/UAT/?id=UAT_publicLink-1&p=t'

2018-09-05 19:09:26 - [MESSAGE][PASSED] - Attribute 'value' of object 'Object Repository/Dashboard_Link Generator/input_link-text' is: 'https://dev.vcalling.in/url/UAT/?id=UAT_publicLink-1&p=t'

2018-09-05 19:09:26 - [TEST_STEP][PASSED] - Statement - println(getLink): null

2018-09-05 19:09:26 - [TEST_STEP][PASSED] - click: Object: 'Object Repository/Dashboard_Link Generator/copyLink' is clicked on

2018-09-05 19:09:26 - [MESSAGE][PASSED] - Object: 'Object Repository/Dashboard_Link Generator/copyLink' is clicked on

2018-09-05 19:09:26 - [TEST_STEP][PASSED] - delay: Delayed 2 second(s)

2018-09-05 19:09:28 - [MESSAGE][PASSED] - Delayed 2 second(s)

2018-09-05 19:09:28 - [TEST_STEP][PASSED] - Statement - js = driver: null

2018-09-05 19:09:28 - [TEST_STEP][PASSED] - Statement - js.executeScript("window.open();"): null

2018-09-05 19:09:28 - [TEST_STEP][PASSED] - Statement - currentWindow = com.kms.katalon.core.webui.keyword.WebUiBuiltInKeywords.getWindowIndex(): Current window's index is: 0

2018-09-05 19:09:29 - [MESSAGE][PASSED] - Current window's index is: 0

2018-09-05 19:09:29 - [TEST_STEP][PASSED] - switchToWindowIndex: Switched to window with index: '1'

2018-09-05 19:09:29 - [MESSAGE][PASSED] - Switched to window with index: '1'

2018-09-05 19:09:29 - [TEST_STEP][PASSED] - navigateToUrl: Navigate to 'https://dev.vcalling.in/url/UAT/?id=UAT_publicLink-1&p=t' successfully

2018-09-05 19:09:31 - [MESSAGE][PASSED] - Navigate to 'https://dev.vcalling.in/url/UAT/?id=UAT_publicLink-1&p=t' successfully

2018-09-05 19:09:31 - [TEST_STEP][PASSED] - Statement - x = CustomKeywords.newPackage.newKeyword.randomString(3).toLowerCase(): newPackage.newKeyword.randomString is PASSED

2018-09-05 19:09:31 - [MESSAGE][PASSED] - newPackage.newKeyword.randomString is PASSED

2018-09-05 19:09:31 - [TEST_STEP][PASSED] - Statement - teamMeberName = x: null

2018-09-05 19:09:31 - [TEST_STEP][PASSED] - setText: Text 'apq' is set on object 'Object Repository/PublicCustomer/customerName'

2018-09-05 19:09:32 - [MESSAGE][PASSED] - Text 'apq' is set on object 'Object Repository/PublicCustomer/customerName'

2018-09-05 19:09:32 - [TEST_STEP][PASSED] - click: Object: 'Object Repository/PublicCustomer/NextButton' is clicked on

2018-09-05 19:09:32 - [MESSAGE][PASSED] - Object: 'Object Repository/PublicCustomer/NextButton' is clicked on

2018-09-05 19:09:32 - [TEST_STEP][PASSED] - Statement - number = CustomKeywords.phoneNumbers.contactNumbers.randomString(9): phoneNumbers.contactNumbers.randomString is PASSED

2018-09-05 19:09:32 - [MESSAGE][PASSED] - phoneNumbers.contactNumbers.randomString is PASSED

2018-09-05 19:09:32 - [TEST_STEP][PASSED] - Statement - Mobile_Number = number: null

2018-09-05 19:09:32 - [TEST_STEP][PASSED] - setText: Text '0917571231' is set on object 'Object Repository/PublicCustomer/customerNumber'

2018-09-05 19:09:33 - [MESSAGE][PASSED] - Text '0917571231' is set on object 'Object Repository/PublicCustomer/customerNumber'

2018-09-05 19:09:33 - [TEST_STEP][PASSED] - setText: Text 'yZ5rvo57fC@gmail.com' is set on object 'Object Repository/PublicCustomer/customerId'

2018-09-05 19:09:33 - [MESSAGE][PASSED] - newPackage.newKeyword.randomString is PASSED

2018-09-05 19:09:33 - [MESSAGE][PASSED] - Text 'yZ5rvo57fC@gmail.com' is set on object 'Object Repository/PublicCustomer/customerId'

2018-09-05 19:09:33 - [TEST_STEP][PASSED] - click: Object: 'Object Repository/PublicCustomer/doneButton' is clicked on

2018-09-05 19:09:34 - [MESSAGE][PASSED] - Object: 'Object Repository/PublicCustomer/doneButton' is clicked on

2018-09-05 19:09:34 - [TEST_STEP][PASSED] - Statement - currentTab = com.kms.katalon.core.webui.keyword.WebUiBuiltInKeywords.getWindowIndex(): Current window's index is: 1

2018-09-05 19:09:34 - [MESSAGE][PASSED] - Current window's index is: 1

2018-09-05 19:09:34 - [TEST_STEP][PASSED] - delay: Delayed 10 second(s)

2018-09-05 19:09:44 - [MESSAGE][PASSED] - Delayed 10 second(s)

2018-09-05 19:09:44 - [TEST_STEP][PASSED] - switchToWindowIndex: Switched to window with index: '0'

2018-09-05 19:09:44 - [MESSAGE][PASSED] - Switched to window with index: '0'

2018-09-05 19:09:44 - [TEST_STEP][PASSED] - refresh: Refresh successfully

2018-09-05 19:09:44 - [MESSAGE][PASSED] - Refresh successfully

2018-09-05 19:09:44 - [TEST_STEP][PASSED] - acceptAlert: Alert accepted

2018-09-05 19:09:44 - [MESSAGE][PASSED] - Alert accepted]]></system-out>
         <system-err><![CDATA[]]></system-err>
      </testcase>
      <testcase name="Test Cases/completed/TestCases6_Public Customers/SimplePublicCustomers/pubCustomerGenerateThroughEmptyNameNumEmailWithTag" classname="Test Cases/completed/TestCases6_Public Customers/SimplePublicCustomers/pubCustomerGenerateThroughEmptyNameNumEmailWithTag" status="PASSED">
         <system-out><![CDATA[2018-09-05 19:09:44 - [TEST_CASE][PASSED] - Test Cases/completed/TestCases6_Public Customers/SimplePublicCustomers/pubCustomerGenerateThroughEmptyNameNumEmailWithTag: Test Cases/completed/TestCases6_Public Customers/SimplePublicCustomers/pubCustomerGenerateThroughEmptyNameNumEmailWithTag

2018-09-05 19:09:44 - [TEST_STEP][PASSED] - callTestCase: Call Test Case 'Test Cases/BVT/aSimple_Login' successfully

2018-09-05 19:09:44 - [TEST_CASE][PASSED] - Test Cases/BVT/aSimple_Login: Test Cases/BVT/aSimple_Login

2018-09-05 19:09:44 - [TEST_STEP][PASSED] - openBrowser: Browser is opened with url: ''

2018-09-05 19:09:44 - [MESSAGE][WARNING] - A browser is already opened. Closing browser and opening a new one

2018-09-05 19:09:47 - [MESSAGE][PASSED] - Browser is opened with url: ''

2018-09-05 19:09:47 - [TEST_STEP][PASSED] - maximizeWindow: Current window maximized

2018-09-05 19:09:48 - [MESSAGE][PASSED] - Current window maximized

2018-09-05 19:09:48 - [TEST_STEP][PASSED] - navigateToUrl: Navigate to 'https://dev.vcalling.in/enterprises/UAT/Dashboard/index.html' successfully

2018-09-05 19:09:52 - [MESSAGE][PASSED] - Navigate to 'https://dev.vcalling.in/enterprises/UAT/Dashboard/index.html' successfully

2018-09-05 19:09:52 - [TEST_STEP][PASSED] - setText: Text 'testing4dea@gmail.com' is set on object 'Object Repository/Login/UserId'

2018-09-05 19:09:52 - [MESSAGE][PASSED] - Text 'testing4dea@gmail.com' is set on object 'Object Repository/Login/UserId'

2018-09-05 19:09:52 - [TEST_STEP][PASSED] - click: Object: 'Object Repository/Login/div_GET OTP' is clicked on

2018-09-05 19:09:53 - [MESSAGE][PASSED] - Object: 'Object Repository/Login/div_GET OTP' is clicked on

2018-09-05 19:09:53 - [TEST_STEP][PASSED] - waitForElementPresent: Object 'Object Repository/Login/div_SUBMIT' is present

2018-09-05 19:09:54 - [MESSAGE][PASSED] - Object 'Object Repository/Login/div_SUBMIT' is present

2018-09-05 19:09:54 - [TEST_STEP][PASSED] - Statement - If (com.kms.katalon.core.webui.keyword.WebUiBuiltInKeywords.verifyElementNotPresent(com.kms.katalon.core.testobject.ObjectRepository.findTestObject(Login/div_SUBMIT), 5, OPTIONAL)): Web element with id: 'Object Repository/Login/div_SUBMIT' located by 'By.xpath: //div[(text() = ' SUBMIT ' or . = ' SUBMIT ')]' is present after '5' second(s)

2018-09-05 19:10:00 - [MESSAGE][WARNING] - Web element with id: 'Object Repository/Login/div_SUBMIT' located by 'By.xpath: //div[(text() = ' SUBMIT ' or . = ' SUBMIT ')]' is present after '5' second(s)
[[ATTACHMENT|C:\\Users\\User\\Desktop\\Katalon Studio\\Katalon Studio\\vCallingDashboard\\Reports\\RegressionSuite\\20180905_175530\\1536154799716.png]]

2018-09-05 19:10:00 - [TEST_STEP][PASSED] - Statement - sleep(5000): null

2018-09-05 19:10:05 - [TEST_STEP][PASSED] - Statement - OTP = getOTP(): null

2018-09-05 19:10:05 - [TEST_STEP][PASSED] - Statement - host = "imap.gmail.com": null

2018-09-05 19:10:05 - [TEST_STEP][PASSED] - Statement - msg = <not implemented yet for class: org.codehaus.groovy.ast.expr.EmptyExpression>: null

2018-09-05 19:10:05 - [TEST_STEP][PASSED] - Statement - msgSub = <not implemented yet for class: org.codehaus.groovy.ast.expr.EmptyExpression>: null

2018-09-05 19:10:05 - [TEST_STEP][PASSED] - Statement - OTP = "unavailable": null

2018-09-05 19:10:05 - [TEST_STEP][PASSED] - Statement - props = new java.util.Properties(): null

2018-09-05 19:10:05 - [TEST_STEP][PASSED] - Statement - props.setProperty("mail.imap.ssl.enable", "true"): null

2018-09-05 19:10:05 - [TEST_STEP][PASSED] - Statement - session = javax.mail.Session.getInstance(props): null

2018-09-05 19:10:05 - [TEST_STEP][PASSED] - Statement - store = <not implemented yet for class: org.codehaus.groovy.ast.expr.EmptyExpression>: null

2018-09-05 19:10:05 - [TEST_STEP][PASSED] - Statement - Try: null

2018-09-05 19:10:05 - [TEST_STEP][PASSED] - Statement - store = session.getStore("imap"): null

2018-09-05 19:10:05 - [TEST_STEP][PASSED] - Statement - store.connect(host, Email, Password): null

2018-09-05 19:10:06 - [TEST_STEP][PASSED] - Statement - emailFolder = store.getFolder("INBOX"): null

2018-09-05 19:10:06 - [TEST_STEP][PASSED] - Statement - emailFolder.open(READ_WRITE): null

2018-09-05 19:10:07 - [TEST_STEP][PASSED] - Statement - messages = emailFolder.getMessages(): null

2018-09-05 19:10:07 - [TEST_STEP][PASSED] - Statement - n = length: null

2018-09-05 19:10:07 - [TEST_STEP][PASSED] - Statement - message = messages[n - 1]: null

2018-09-05 19:10:07 - [TEST_STEP][PASSED] - Statement - msgSub = message.getSubject(): null

2018-09-05 19:10:07 - [TEST_STEP][PASSED] - Statement - If (msgSub.equals("OTP to Sign In")): null

2018-09-05 19:10:07 - [TEST_STEP][PASSED] - Statement - msg = message.getContent().toString(): null

2018-09-05 19:10:08 - [TEST_STEP][PASSED] - Statement - OTP = msg.substring(msg.length() - 7): null

2018-09-05 19:10:08 - [TEST_STEP][PASSED] - Statement - message.setFlag(DELETED, true): null

2018-09-05 19:10:08 - [TEST_STEP][PASSED] - Statement - emailFolder.close(true): null

2018-09-05 19:10:09 - [TEST_STEP][PASSED] - Statement - store.close(): null

2018-09-05 19:10:09 - [TEST_STEP][PASSED] - Statement - return OTP: null

2018-09-05 19:10:09 - [TEST_STEP][PASSED] - Statement - If (OTP.equals("unavailable")): null

2018-09-05 19:10:09 - [TEST_STEP][PASSED] - Statement - Else: Text 'g5567
' is set on object 'Object Repository/Login/OtpInput'

2018-09-05 19:10:09 - [TEST_STEP][PASSED] - setText: Text 'g5567
' is set on object 'Object Repository/Login/OtpInput'

2018-09-05 19:10:09 - [MESSAGE][PASSED] - Text 'g5567
' is set on object 'Object Repository/Login/OtpInput'

2018-09-05 19:10:09 - [TEST_STEP][PASSED] - verifyElementPresent: Object 'Object Repository/Login/afterOpenDisplay' is present

2018-09-05 19:10:10 - [MESSAGE][PASSED] - Object 'Object Repository/Login/afterOpenDisplay' is present

2018-09-05 19:10:10 - [MESSAGE][PASSED] - Call Test Case 'Test Cases/BVT/aSimple_Login' successfully

2018-09-05 19:10:10 - [TEST_STEP][PASSED] - Statement - driver = com.kms.katalon.core.webui.driver.DriverFactory.getWebDriver(): null

2018-09-05 19:10:10 - [TEST_STEP][PASSED] - click: Object: 'Object Repository/Dashboard_Link Generator/linkgeneratorIcon' is clicked on

2018-09-05 19:10:11 - [MESSAGE][PASSED] - Object: 'Object Repository/Dashboard_Link Generator/linkgeneratorIcon' is clicked on

2018-09-05 19:10:11 - [TEST_STEP][PASSED] - click: Object: 'Object Repository/Public Links/publicLinkTab' is clicked on

2018-09-05 19:10:11 - [MESSAGE][PASSED] - Object: 'Object Repository/Public Links/publicLinkTab' is clicked on

2018-09-05 19:10:11 - [TEST_STEP][PASSED] - Statement - x = CustomKeywords.newPackage.newKeyword.randomString(3).toLowerCase(): newPackage.newKeyword.randomString is PASSED

2018-09-05 19:10:11 - [MESSAGE][PASSED] - newPackage.newKeyword.randomString is PASSED

2018-09-05 19:10:11 - [TEST_STEP][PASSED] - Statement - teamMeberName = x: null

2018-09-05 19:10:11 - [TEST_STEP][PASSED] - setText: Text 'vufa' is set on object 'Object Repository/Public Links/PubLinkWithTag'

2018-09-05 19:10:11 - [MESSAGE][PASSED] - Text 'vufa' is set on object 'Object Repository/Public Links/PubLinkWithTag'

2018-09-05 19:10:11 - [TEST_STEP][PASSED] - click: Object: 'Object Repository/Public Links/GetLink' is clicked on

2018-09-05 19:10:11 - [MESSAGE][PASSED] - Object: 'Object Repository/Public Links/GetLink' is clicked on

2018-09-05 19:10:11 - [TEST_STEP][PASSED] - Statement - getLink = com.kms.katalon.core.webui.keyword.WebUiBuiltInKeywords.getAttribute(com.kms.katalon.core.testobject.ObjectRepository.findTestObject(Dashboard_Link Generator/input_link-text), "value"): Attribute 'value' of object 'Object Repository/Dashboard_Link Generator/input_link-text' is: 'https://dev.vcalling.in/url/UAT/?id=UAT_publicLink-96&p=t'

2018-09-05 19:10:12 - [MESSAGE][PASSED] - Attribute 'value' of object 'Object Repository/Dashboard_Link Generator/input_link-text' is: 'https://dev.vcalling.in/url/UAT/?id=UAT_publicLink-96&p=t'

2018-09-05 19:10:12 - [TEST_STEP][PASSED] - Statement - println(getLink): null

2018-09-05 19:10:12 - [TEST_STEP][PASSED] - click: Object: 'Object Repository/Dashboard_Link Generator/copyLink' is clicked on

2018-09-05 19:10:12 - [MESSAGE][PASSED] - Object: 'Object Repository/Dashboard_Link Generator/copyLink' is clicked on

2018-09-05 19:10:12 - [TEST_STEP][PASSED] - delay: Delayed 2 second(s)

2018-09-05 19:10:14 - [MESSAGE][PASSED] - Delayed 2 second(s)

2018-09-05 19:10:14 - [TEST_STEP][PASSED] - Statement - js = driver: null

2018-09-05 19:10:14 - [TEST_STEP][PASSED] - Statement - js.executeScript("window.open();"): null

2018-09-05 19:10:14 - [TEST_STEP][PASSED] - Statement - currentWindow = com.kms.katalon.core.webui.keyword.WebUiBuiltInKeywords.getWindowIndex(): Current window's index is: 0

2018-09-05 19:10:14 - [MESSAGE][PASSED] - Current window's index is: 0

2018-09-05 19:10:14 - [TEST_STEP][PASSED] - switchToWindowIndex: Switched to window with index: '1'

2018-09-05 19:10:14 - [MESSAGE][PASSED] - Switched to window with index: '1'

2018-09-05 19:10:14 - [TEST_STEP][PASSED] - navigateToUrl: Navigate to 'https://dev.vcalling.in/url/UAT/?id=UAT_publicLink-96&p=t' successfully

2018-09-05 19:10:16 - [MESSAGE][PASSED] - Navigate to 'https://dev.vcalling.in/url/UAT/?id=UAT_publicLink-96&p=t' successfully

2018-09-05 19:10:16 - [TEST_STEP][PASSED] - setText: Text ' ' is set on object 'Object Repository/PublicCustomer/customerName'

2018-09-05 19:10:17 - [MESSAGE][PASSED] - Text ' ' is set on object 'Object Repository/PublicCustomer/customerName'

2018-09-05 19:10:17 - [TEST_STEP][PASSED] - click: Object: 'Object Repository/PublicCustomer/NextButton' is clicked on

2018-09-05 19:10:18 - [MESSAGE][PASSED] - Object: 'Object Repository/PublicCustomer/NextButton' is clicked on

2018-09-05 19:10:18 - [TEST_STEP][PASSED] - Statement - number = CustomKeywords.phoneNumbers.contactNumbers.randomString(9): phoneNumbers.contactNumbers.randomString is PASSED

2018-09-05 19:10:18 - [MESSAGE][PASSED] - phoneNumbers.contactNumbers.randomString is PASSED

2018-09-05 19:10:18 - [TEST_STEP][PASSED] - Statement - Mobile_Number = number: null

2018-09-05 19:10:18 - [TEST_STEP][PASSED] - setText: Text '3513779691' is set on object 'Object Repository/PublicCustomer/customerNumber'

2018-09-05 19:10:18 - [MESSAGE][PASSED] - Text '3513779691' is set on object 'Object Repository/PublicCustomer/customerNumber'

2018-09-05 19:10:18 - [TEST_STEP][PASSED] - setText: Text 'O2w1Lohm5N@gmail.com' is set on object 'Object Repository/PublicCustomer/customerId'

2018-09-05 19:10:18 - [MESSAGE][PASSED] - newPackage.newKeyword.randomString is PASSED

2018-09-05 19:10:19 - [MESSAGE][PASSED] - Text 'O2w1Lohm5N@gmail.com' is set on object 'Object Repository/PublicCustomer/customerId'

2018-09-05 19:10:19 - [TEST_STEP][PASSED] - click: Object: 'Object Repository/PublicCustomer/doneButton' is clicked on

2018-09-05 19:10:19 - [MESSAGE][PASSED] - Object: 'Object Repository/PublicCustomer/doneButton' is clicked on

2018-09-05 19:10:19 - [TEST_STEP][PASSED] - Statement - currentTab = com.kms.katalon.core.webui.keyword.WebUiBuiltInKeywords.getWindowIndex(): Current window's index is: 1

2018-09-05 19:10:19 - [MESSAGE][PASSED] - Current window's index is: 1

2018-09-05 19:10:19 - [TEST_STEP][PASSED] - delay: Delayed 10 second(s)

2018-09-05 19:10:29 - [MESSAGE][PASSED] - Delayed 10 second(s)

2018-09-05 19:10:29 - [TEST_STEP][PASSED] - switchToWindowIndex: Switched to window with index: '0'

2018-09-05 19:10:30 - [MESSAGE][PASSED] - Switched to window with index: '0'

2018-09-05 19:10:30 - [TEST_STEP][PASSED] - refresh: Refresh successfully

2018-09-05 19:10:30 - [MESSAGE][PASSED] - Refresh successfully

2018-09-05 19:10:30 - [TEST_STEP][PASSED] - acceptAlert: Alert accepted

2018-09-05 19:10:30 - [MESSAGE][PASSED] - Alert accepted]]></system-out>
         <system-err><![CDATA[]]></system-err>
      </testcase>
      <testcase name="Test Cases/completed/TestCases6_Public Customers/SimplePublicCustomers/pucCustGenerateThroughNameNumberWithTag" classname="Test Cases/completed/TestCases6_Public Customers/SimplePublicCustomers/pucCustGenerateThroughNameNumberWithTag" status="PASSED">
         <system-out><![CDATA[2018-09-05 19:10:30 - [TEST_CASE][PASSED] - Test Cases/completed/TestCases6_Public Customers/SimplePublicCustomers/pucCustGenerateThroughNameNumberWithTag: Test Cases/completed/TestCases6_Public Customers/SimplePublicCustomers/pucCustGenerateThroughNameNumberWithTag

2018-09-05 19:10:30 - [TEST_STEP][PASSED] - callTestCase: Call Test Case 'Test Cases/BVT/aSimple_Login' successfully

2018-09-05 19:10:30 - [TEST_CASE][PASSED] - Test Cases/BVT/aSimple_Login: Test Cases/BVT/aSimple_Login

2018-09-05 19:10:30 - [TEST_STEP][PASSED] - openBrowser: Browser is opened with url: ''

2018-09-05 19:10:30 - [MESSAGE][WARNING] - A browser is already opened. Closing browser and opening a new one

2018-09-05 19:10:33 - [MESSAGE][PASSED] - Browser is opened with url: ''

2018-09-05 19:10:33 - [TEST_STEP][PASSED] - maximizeWindow: Current window maximized

2018-09-05 19:10:34 - [MESSAGE][PASSED] - Current window maximized

2018-09-05 19:10:34 - [TEST_STEP][PASSED] - navigateToUrl: Navigate to 'https://dev.vcalling.in/enterprises/UAT/Dashboard/index.html' successfully

2018-09-05 19:10:39 - [MESSAGE][PASSED] - Navigate to 'https://dev.vcalling.in/enterprises/UAT/Dashboard/index.html' successfully

2018-09-05 19:10:39 - [TEST_STEP][PASSED] - setText: Text 'testing4dea@gmail.com' is set on object 'Object Repository/Login/UserId'

2018-09-05 19:10:39 - [MESSAGE][PASSED] - Text 'testing4dea@gmail.com' is set on object 'Object Repository/Login/UserId'

2018-09-05 19:10:39 - [TEST_STEP][PASSED] - click: Object: 'Object Repository/Login/div_GET OTP' is clicked on

2018-09-05 19:10:39 - [MESSAGE][PASSED] - Object: 'Object Repository/Login/div_GET OTP' is clicked on

2018-09-05 19:10:39 - [TEST_STEP][PASSED] - waitForElementPresent: Object 'Object Repository/Login/div_SUBMIT' is present

2018-09-05 19:10:40 - [MESSAGE][PASSED] - Object 'Object Repository/Login/div_SUBMIT' is present

2018-09-05 19:10:40 - [TEST_STEP][PASSED] - Statement - If (com.kms.katalon.core.webui.keyword.WebUiBuiltInKeywords.verifyElementNotPresent(com.kms.katalon.core.testobject.ObjectRepository.findTestObject(Login/div_SUBMIT), 5, OPTIONAL)): Web element with id: 'Object Repository/Login/div_SUBMIT' located by 'By.xpath: //div[(text() = ' SUBMIT ' or . = ' SUBMIT ')]' is present after '5' second(s)

2018-09-05 19:10:46 - [MESSAGE][WARNING] - Web element with id: 'Object Repository/Login/div_SUBMIT' located by 'By.xpath: //div[(text() = ' SUBMIT ' or . = ' SUBMIT ')]' is present after '5' second(s)
[[ATTACHMENT|C:\\Users\\User\\Desktop\\Katalon Studio\\Katalon Studio\\vCallingDashboard\\Reports\\RegressionSuite\\20180905_175530\\1536154845896.png]]

2018-09-05 19:10:46 - [TEST_STEP][PASSED] - Statement - sleep(5000): null

2018-09-05 19:10:51 - [TEST_STEP][PASSED] - Statement - OTP = getOTP(): null

2018-09-05 19:10:51 - [TEST_STEP][PASSED] - Statement - host = "imap.gmail.com": null

2018-09-05 19:10:51 - [TEST_STEP][PASSED] - Statement - msg = <not implemented yet for class: org.codehaus.groovy.ast.expr.EmptyExpression>: null

2018-09-05 19:10:51 - [TEST_STEP][PASSED] - Statement - msgSub = <not implemented yet for class: org.codehaus.groovy.ast.expr.EmptyExpression>: null

2018-09-05 19:10:51 - [TEST_STEP][PASSED] - Statement - OTP = "unavailable": null

2018-09-05 19:10:51 - [TEST_STEP][PASSED] - Statement - props = new java.util.Properties(): null

2018-09-05 19:10:51 - [TEST_STEP][PASSED] - Statement - props.setProperty("mail.imap.ssl.enable", "true"): null

2018-09-05 19:10:51 - [TEST_STEP][PASSED] - Statement - session = javax.mail.Session.getInstance(props): null

2018-09-05 19:10:51 - [TEST_STEP][PASSED] - Statement - store = <not implemented yet for class: org.codehaus.groovy.ast.expr.EmptyExpression>: null

2018-09-05 19:10:51 - [TEST_STEP][PASSED] - Statement - Try: null

2018-09-05 19:10:51 - [TEST_STEP][PASSED] - Statement - store = session.getStore("imap"): null

2018-09-05 19:10:51 - [TEST_STEP][PASSED] - Statement - store.connect(host, Email, Password): null

2018-09-05 19:10:53 - [TEST_STEP][PASSED] - Statement - emailFolder = store.getFolder("INBOX"): null

2018-09-05 19:10:53 - [TEST_STEP][PASSED] - Statement - emailFolder.open(READ_WRITE): null

2018-09-05 19:10:53 - [TEST_STEP][PASSED] - Statement - messages = emailFolder.getMessages(): null

2018-09-05 19:10:53 - [TEST_STEP][PASSED] - Statement - n = length: null

2018-09-05 19:10:53 - [TEST_STEP][PASSED] - Statement - message = messages[n - 1]: null

2018-09-05 19:10:53 - [TEST_STEP][PASSED] - Statement - msgSub = message.getSubject(): null

2018-09-05 19:10:53 - [TEST_STEP][PASSED] - Statement - If (msgSub.equals("OTP to Sign In")): null

2018-09-05 19:10:53 - [TEST_STEP][PASSED] - Statement - msg = message.getContent().toString(): null

2018-09-05 19:10:54 - [TEST_STEP][PASSED] - Statement - OTP = msg.substring(msg.length() - 7): null

2018-09-05 19:10:54 - [TEST_STEP][PASSED] - Statement - message.setFlag(DELETED, true): null

2018-09-05 19:10:55 - [TEST_STEP][PASSED] - Statement - emailFolder.close(true): null

2018-09-05 19:10:55 - [TEST_STEP][PASSED] - Statement - store.close(): null

2018-09-05 19:10:55 - [TEST_STEP][PASSED] - Statement - return OTP: null

2018-09-05 19:10:55 - [TEST_STEP][PASSED] - Statement - If (OTP.equals("unavailable")): null

2018-09-05 19:10:55 - [TEST_STEP][PASSED] - Statement - Else: Text 'j2111
' is set on object 'Object Repository/Login/OtpInput'

2018-09-05 19:10:55 - [TEST_STEP][PASSED] - setText: Text 'j2111
' is set on object 'Object Repository/Login/OtpInput'

2018-09-05 19:10:55 - [MESSAGE][PASSED] - Text 'j2111
' is set on object 'Object Repository/Login/OtpInput'

2018-09-05 19:10:55 - [TEST_STEP][PASSED] - verifyElementPresent: Object 'Object Repository/Login/afterOpenDisplay' is present

2018-09-05 19:10:57 - [MESSAGE][PASSED] - Object 'Object Repository/Login/afterOpenDisplay' is present

2018-09-05 19:10:57 - [MESSAGE][PASSED] - Call Test Case 'Test Cases/BVT/aSimple_Login' successfully

2018-09-05 19:10:57 - [TEST_STEP][PASSED] - Statement - driver = com.kms.katalon.core.webui.driver.DriverFactory.getWebDriver(): null

2018-09-05 19:10:57 - [TEST_STEP][PASSED] - click: Object: 'Object Repository/Dashboard_Link Generator/linkgeneratorIcon' is clicked on

2018-09-05 19:10:57 - [MESSAGE][PASSED] - Object: 'Object Repository/Dashboard_Link Generator/linkgeneratorIcon' is clicked on

2018-09-05 19:10:57 - [TEST_STEP][PASSED] - click: Object: 'Object Repository/Public Links/publicLinkTab' is clicked on

2018-09-05 19:10:57 - [MESSAGE][PASSED] - Object: 'Object Repository/Public Links/publicLinkTab' is clicked on

2018-09-05 19:10:57 - [TEST_STEP][PASSED] - delay: Delayed 2 second(s)

2018-09-05 19:10:59 - [MESSAGE][PASSED] - Delayed 2 second(s)

2018-09-05 19:10:59 - [TEST_STEP][PASSED] - Statement - x = CustomKeywords.newPackage.newKeyword.randomString(3).toLowerCase(): newPackage.newKeyword.randomString is PASSED

2018-09-05 19:10:59 - [MESSAGE][PASSED] - newPackage.newKeyword.randomString is PASSED

2018-09-05 19:10:59 - [TEST_STEP][PASSED] - Statement - teamMeberName = x: null

2018-09-05 19:10:59 - [TEST_STEP][PASSED] - setText: Text '07ga' is set on object 'Object Repository/Public Links/PubLinkWithTag'

2018-09-05 19:11:00 - [MESSAGE][PASSED] - Text '07ga' is set on object 'Object Repository/Public Links/PubLinkWithTag'

2018-09-05 19:11:00 - [TEST_STEP][PASSED] - click: Object: 'Object Repository/Public Links/GetLink' is clicked on

2018-09-05 19:11:00 - [MESSAGE][PASSED] - Object: 'Object Repository/Public Links/GetLink' is clicked on

2018-09-05 19:11:00 - [TEST_STEP][PASSED] - Statement - getLink = com.kms.katalon.core.webui.keyword.WebUiBuiltInKeywords.getAttribute(com.kms.katalon.core.testobject.ObjectRepository.findTestObject(Dashboard_Link Generator/input_link-text), "value"): Attribute 'value' of object 'Object Repository/Dashboard_Link Generator/input_link-text' is: 'https://dev.vcalling.in/url/UAT/?id=UAT_publicLink-97&p=t'

2018-09-05 19:11:01 - [MESSAGE][PASSED] - Attribute 'value' of object 'Object Repository/Dashboard_Link Generator/input_link-text' is: 'https://dev.vcalling.in/url/UAT/?id=UAT_publicLink-97&p=t'

2018-09-05 19:11:01 - [TEST_STEP][PASSED] - Statement - println(getLink): null

2018-09-05 19:11:01 - [TEST_STEP][PASSED] - click: Object: 'Object Repository/Dashboard_Link Generator/copyLink' is clicked on

2018-09-05 19:11:01 - [MESSAGE][PASSED] - Object: 'Object Repository/Dashboard_Link Generator/copyLink' is clicked on

2018-09-05 19:11:01 - [TEST_STEP][PASSED] - delay: Delayed 2 second(s)

2018-09-05 19:11:03 - [MESSAGE][PASSED] - Delayed 2 second(s)

2018-09-05 19:11:03 - [TEST_STEP][PASSED] - Statement - js = driver: null

2018-09-05 19:11:03 - [TEST_STEP][PASSED] - Statement - js.executeScript("window.open();"): null

2018-09-05 19:11:03 - [TEST_STEP][PASSED] - Statement - currentWindow = com.kms.katalon.core.webui.keyword.WebUiBuiltInKeywords.getWindowIndex(): Current window's index is: 0

2018-09-05 19:11:03 - [MESSAGE][PASSED] - Current window's index is: 0

2018-09-05 19:11:03 - [TEST_STEP][PASSED] - switchToWindowIndex: Switched to window with index: '1'

2018-09-05 19:11:03 - [MESSAGE][PASSED] - Switched to window with index: '1'

2018-09-05 19:11:03 - [TEST_STEP][PASSED] - navigateToUrl: Navigate to 'https://dev.vcalling.in/url/UAT/?id=UAT_publicLink-97&p=t' successfully

2018-09-05 19:11:05 - [MESSAGE][PASSED] - Navigate to 'https://dev.vcalling.in/url/UAT/?id=UAT_publicLink-97&p=t' successfully

2018-09-05 19:11:05 - [TEST_STEP][PASSED] - setText: Text '07g' is set on object 'Object Repository/PublicCustomer/customerName'

2018-09-05 19:11:07 - [MESSAGE][PASSED] - Text '07g' is set on object 'Object Repository/PublicCustomer/customerName'

2018-09-05 19:11:07 - [TEST_STEP][PASSED] - click: Object: 'Object Repository/PublicCustomer/NextButton' is clicked on

2018-09-05 19:11:07 - [MESSAGE][PASSED] - Object: 'Object Repository/PublicCustomer/NextButton' is clicked on

2018-09-05 19:11:07 - [TEST_STEP][PASSED] - Statement - number = CustomKeywords.phoneNumbers.contactNumbers.randomString(9): phoneNumbers.contactNumbers.randomString is PASSED

2018-09-05 19:11:07 - [MESSAGE][PASSED] - phoneNumbers.contactNumbers.randomString is PASSED

2018-09-05 19:11:07 - [TEST_STEP][PASSED] - Statement - Mobile_Number = number: null

2018-09-05 19:11:07 - [TEST_STEP][PASSED] - setText: Text '9564732961' is set on object 'Object Repository/PublicCustomer/customerNumber'

2018-09-05 19:11:07 - [MESSAGE][PASSED] - Text '9564732961' is set on object 'Object Repository/PublicCustomer/customerNumber'

2018-09-05 19:11:07 - [TEST_STEP][PASSED] - click: Object: 'Object Repository/PublicCustomer/doneButton' is clicked on

2018-09-05 19:11:08 - [MESSAGE][PASSED] - Object: 'Object Repository/PublicCustomer/doneButton' is clicked on

2018-09-05 19:11:08 - [TEST_STEP][PASSED] - Statement - currentTab = com.kms.katalon.core.webui.keyword.WebUiBuiltInKeywords.getWindowIndex(): Current window's index is: 1

2018-09-05 19:11:08 - [MESSAGE][PASSED] - Current window's index is: 1

2018-09-05 19:11:08 - [TEST_STEP][PASSED] - delay: Delayed 10 second(s)

2018-09-05 19:11:18 - [MESSAGE][PASSED] - Delayed 10 second(s)

2018-09-05 19:11:18 - [TEST_STEP][PASSED] - switchToWindowIndex: Switched to window with index: '0'

2018-09-05 19:11:18 - [MESSAGE][PASSED] - Switched to window with index: '0'

2018-09-05 19:11:18 - [TEST_STEP][PASSED] - refresh: Refresh successfully

2018-09-05 19:11:18 - [MESSAGE][PASSED] - Refresh successfully

2018-09-05 19:11:18 - [TEST_STEP][PASSED] - acceptAlert: Alert accepted

2018-09-05 19:11:18 - [MESSAGE][PASSED] - Alert accepted]]></system-out>
         <system-err><![CDATA[]]></system-err>
      </testcase>
      <system-out><![CDATA[2018-09-05 17:55:36 - [TEST_SUITE][FAILED] - RegressionSuite: Test Cases/completed/TestCase1_Login/LoginWrongOTP FAILED because (of) Unable to accept alert (Root cause: No alert found)]]></system-out>
      <system-err><![CDATA[2018-09-05 17:55:36 - [TEST_SUITE][FAILED] - RegressionSuite: Test Cases/completed/TestCase1_Login/LoginWrongOTP FAILED because (of) Unable to accept alert (Root cause: No alert found)]]></system-err>
   </testsuite>
</testsuites>
