<?xml version="1.0" encoding="UTF-8"?>
<testsuites name="RegressionSuite" time="4462" tests="59" failures="7" errors="3">
   <testsuite name="RegressionSuite" tests="59" failures="7" errors="3" time="4462" timestamp="2018-09-15 10:32:27" hostname="Kaushal - DESKTOP-D4528LJ" id="Test Suites/RegressionSuite">
      <properties>
         <property name="deviceName" value=""/>
         <property name="devicePlatform" value=""/>
         <property name="logFolder" value="C:\\Users\\Kaushal\\Desktop\\Katalon Studio\\vCallingDashboard\\Reports\\RegressionSuite\\20180915_103222"/>
         <property name="logFiles" value="C:\\Users\\Kaushal\\Desktop\\Katalon Studio\\vCallingDashboard\\Reports\\RegressionSuite\\20180915_103222\\execution0.log, C:\\Users\\Kaushal\\Desktop\\Katalon Studio\\vCallingDashboard\\Reports\\RegressionSuite\\20180915_103222\\execution1.log"/>
         <property name="attachments" value="C:\\Users\\Kaushal\\Desktop\\Katalon Studio\\vCallingDashboard\\Reports\\RegressionSuite\\20180915_103222\\1537003989365.png, C:\\Users\\Kaushal\\Desktop\\Katalon Studio\\vCallingDashboard\\Reports\\RegressionSuite\\20180915_103222\\1537004017542.png, C:\\Users\\Kaushal\\Desktop\\Katalon Studio\\vCallingDashboard\\Reports\\RegressionSuite\\20180915_103222\\1537004061718.png, C:\\Users\\Kaushal\\Desktop\\Katalon Studio\\vCallingDashboard\\Reports\\RegressionSuite\\20180915_103222\\1537004108840.png, C:\\Users\\Kaushal\\Desktop\\Katalon Studio\\vCallingDashboard\\Reports\\RegressionSuite\\20180915_103222\\1537004152738.png, C:\\Users\\Kaushal\\Desktop\\Katalon Studio\\vCallingDashboard\\Reports\\RegressionSuite\\20180915_103222\\1537004195748.png, C:\\Users\\Kaushal\\Desktop\\Katalon Studio\\vCallingDashboard\\Reports\\RegressionSuite\\20180915_103222\\1537004237706.png, C:\\Users\\Kaushal\\Desktop\\Katalon Studio\\vCallingDashboard\\Reports\\RegressionSuite\\20180915_103222\\1537004278982.png, C:\\Users\\Kaushal\\Desktop\\Katalon Studio\\vCallingDashboard\\Reports\\RegressionSuite\\20180915_103222\\1537004324099.png, C:\\Users\\Kaushal\\Desktop\\Katalon Studio\\vCallingDashboard\\Reports\\RegressionSuite\\20180915_103222\\1537004370023.png, C:\\Users\\Kaushal\\Desktop\\Katalon Studio\\vCallingDashboard\\Reports\\RegressionSuite\\20180915_103222\\1537004400328.png, C:\\Users\\Kaushal\\Desktop\\Katalon Studio\\vCallingDashboard\\Reports\\RegressionSuite\\20180915_103222\\1537004439598.png, C:\\Users\\Kaushal\\Desktop\\Katalon Studio\\vCallingDashboard\\Reports\\RegressionSuite\\20180915_103222\\1537004474436.png, C:\\Users\\Kaushal\\Desktop\\Katalon Studio\\vCallingDashboard\\Reports\\RegressionSuite\\20180915_103222\\1537004520927.png, C:\\Users\\Kaushal\\Desktop\\Katalon Studio\\vCallingDashboard\\Reports\\RegressionSuite\\20180915_103222\\1537004548592.png, C:\\Users\\Kaushal\\Desktop\\Katalon Studio\\vCallingDashboard\\Reports\\RegressionSuite\\20180915_103222\\1537004582696.png, C:\\Users\\Kaushal\\Desktop\\Katalon Studio\\vCallingDashboard\\Reports\\RegressionSuite\\20180915_103222\\1537004609662.png, C:\\Users\\Kaushal\\Desktop\\Katalon Studio\\vCallingDashboard\\Reports\\RegressionSuite\\20180915_103222\\1537004645492.png, C:\\Users\\Kaushal\\Desktop\\Katalon Studio\\vCallingDashboard\\Reports\\RegressionSuite\\20180915_103222\\1537004675654.png, C:\\Users\\Kaushal\\Desktop\\Katalon Studio\\vCallingDashboard\\Reports\\RegressionSuite\\20180915_103222\\1537004691769.png, C:\\Users\\Kaushal\\Desktop\\Katalon Studio\\vCallingDashboard\\Reports\\RegressionSuite\\20180915_103222\\1537004749876.png, C:\\Users\\Kaushal\\Desktop\\Katalon Studio\\vCallingDashboard\\Reports\\RegressionSuite\\20180915_103222\\1537004755318.png, C:\\Users\\Kaushal\\Desktop\\Katalon Studio\\vCallingDashboard\\Reports\\RegressionSuite\\20180915_103222\\1537004770936.png, C:\\Users\\Kaushal\\Desktop\\Katalon Studio\\vCallingDashboard\\Reports\\RegressionSuite\\20180915_103222\\1537004791156.png, C:\\Users\\Kaushal\\Desktop\\Katalon Studio\\vCallingDashboard\\Reports\\RegressionSuite\\20180915_103222\\1537004806741.png, C:\\Users\\Kaushal\\Desktop\\Katalon Studio\\vCallingDashboard\\Reports\\RegressionSuite\\20180915_103222\\1537004826831.png, C:\\Users\\Kaushal\\Desktop\\Katalon Studio\\vCallingDashboard\\Reports\\RegressionSuite\\20180915_103222\\1537004842167.png, C:\\Users\\Kaushal\\Desktop\\Katalon Studio\\vCallingDashboard\\Reports\\RegressionSuite\\20180915_103222\\1537004862332.png, C:\\Users\\Kaushal\\Desktop\\Katalon Studio\\vCallingDashboard\\Reports\\RegressionSuite\\20180915_103222\\1537004877907.png, C:\\Users\\Kaushal\\Desktop\\Katalon Studio\\vCallingDashboard\\Reports\\RegressionSuite\\20180915_103222\\1537004903347.png, C:\\Users\\Kaushal\\Desktop\\Katalon Studio\\vCallingDashboard\\Reports\\RegressionSuite\\20180915_103222\\1537004934814.png, C:\\Users\\Kaushal\\Desktop\\Katalon Studio\\vCallingDashboard\\Reports\\RegressionSuite\\20180915_103222\\1537004950529.png, C:\\Users\\Kaushal\\Desktop\\Katalon Studio\\vCallingDashboard\\Reports\\RegressionSuite\\20180915_103222\\1537004988408.png, C:\\Users\\Kaushal\\Desktop\\Katalon Studio\\vCallingDashboard\\Reports\\RegressionSuite\\20180915_103222\\1537005030031.png, C:\\Users\\Kaushal\\Desktop\\Katalon Studio\\vCallingDashboard\\Reports\\RegressionSuite\\20180915_103222\\1537005067517.png, C:\\Users\\Kaushal\\Desktop\\Katalon Studio\\vCallingDashboard\\Reports\\RegressionSuite\\20180915_103222\\1537005104823.png, C:\\Users\\Kaushal\\Desktop\\Katalon Studio\\vCallingDashboard\\Reports\\RegressionSuite\\20180915_103222\\1537005142757.png, C:\\Users\\Kaushal\\Desktop\\Katalon Studio\\vCallingDashboard\\Reports\\RegressionSuite\\20180915_103222\\1537005180660.png, C:\\Users\\Kaushal\\Desktop\\Katalon Studio\\vCallingDashboard\\Reports\\RegressionSuite\\20180915_103222\\1537005219681.png, C:\\Users\\Kaushal\\Desktop\\Katalon Studio\\vCallingDashboard\\Reports\\RegressionSuite\\20180915_103222\\1537005259579.png, C:\\Users\\Kaushal\\Desktop\\Katalon Studio\\vCallingDashboard\\Reports\\RegressionSuite\\20180915_103222\\1537005297745.png, C:\\Users\\Kaushal\\Desktop\\Katalon Studio\\vCallingDashboard\\Reports\\RegressionSuite\\20180915_103222\\1537005320236.png, C:\\Users\\Kaushal\\Desktop\\Katalon Studio\\vCallingDashboard\\Reports\\RegressionSuite\\20180915_103222\\1537005336678.png, C:\\Users\\Kaushal\\Desktop\\Katalon Studio\\vCallingDashboard\\Reports\\RegressionSuite\\20180915_103222\\1537006638468.png, C:\\Users\\Kaushal\\Desktop\\Katalon Studio\\vCallingDashboard\\Reports\\RegressionSuite\\20180915_103222\\1537006685974.png, C:\\Users\\Kaushal\\Desktop\\Katalon Studio\\vCallingDashboard\\Reports\\RegressionSuite\\20180915_103222\\1537006736129.png, C:\\Users\\Kaushal\\Desktop\\Katalon Studio\\vCallingDashboard\\Reports\\RegressionSuite\\20180915_103222\\1537006785494.png, C:\\Users\\Kaushal\\Desktop\\Katalon Studio\\vCallingDashboard\\Reports\\RegressionSuite\\20180915_103222\\1537006829672.png, C:\\Users\\Kaushal\\Desktop\\Katalon Studio\\vCallingDashboard\\Reports\\RegressionSuite\\20180915_103222\\1537006857590.png, C:\\Users\\Kaushal\\Desktop\\Katalon Studio\\vCallingDashboard\\Reports\\RegressionSuite\\20180915_103222\\1537006886044.png, C:\\Users\\Kaushal\\Desktop\\Katalon Studio\\vCallingDashboard\\Reports\\RegressionSuite\\20180915_103222\\1537006914099.png, C:\\Users\\Kaushal\\Desktop\\Katalon Studio\\vCallingDashboard\\Reports\\RegressionSuite\\20180915_103222\\1537007180271.png, C:\\Users\\Kaushal\\Desktop\\Katalon Studio\\vCallingDashboard\\Reports\\RegressionSuite\\20180915_103222\\1537007227725.png, C:\\Users\\Kaushal\\Desktop\\Katalon Studio\\vCallingDashboard\\Reports\\RegressionSuite\\20180915_103222\\1537007275529.png, C:\\Users\\Kaushal\\Desktop\\Katalon Studio\\vCallingDashboard\\Reports\\RegressionSuite\\20180915_103222\\1537007322287.png, C:\\Users\\Kaushal\\Desktop\\Katalon Studio\\vCallingDashboard\\Reports\\RegressionSuite\\20180915_103222\\1537007376523.png, C:\\Users\\Kaushal\\Desktop\\Katalon Studio\\vCallingDashboard\\Reports\\RegressionSuite\\20180915_103222\\1537007422206.png, C:\\Users\\Kaushal\\Desktop\\Katalon Studio\\vCallingDashboard\\Reports\\RegressionSuite\\20180915_103222\\1537007470490.png, C:\\Users\\Kaushal\\Desktop\\Katalon Studio\\vCallingDashboard\\Reports\\RegressionSuite\\20180915_103222\\1537007520420.png, C:\\Users\\Kaushal\\Desktop\\Katalon Studio\\vCallingDashboard\\Reports\\RegressionSuite\\20180915_103222\\1537007566432.png, C:\\Users\\Kaushal\\Desktop\\Katalon Studio\\vCallingDashboard\\Reports\\RegressionSuite\\20180915_103222\\1537007612325.png, C:\\Users\\Kaushal\\Desktop\\Katalon Studio\\vCallingDashboard\\Reports\\RegressionSuite\\20180915_103222\\1537007667826.png, C:\\Users\\Kaushal\\Desktop\\Katalon Studio\\vCallingDashboard\\Reports\\RegressionSuite\\20180915_103222\\1537007725200.png, C:\\Users\\Kaushal\\Desktop\\Katalon Studio\\vCallingDashboard\\Reports\\RegressionSuite\\20180915_103222\\1537007773013.png, C:\\Users\\Kaushal\\Desktop\\Katalon Studio\\vCallingDashboard\\Reports\\RegressionSuite\\20180915_103222\\1537007823833.png, C:\\Users\\Kaushal\\Desktop\\Katalon Studio\\vCallingDashboard\\Reports\\RegressionSuite\\20180915_103222\\1537007871572.png, C:\\Users\\Kaushal\\Desktop\\Katalon Studio\\vCallingDashboard\\Reports\\RegressionSuite\\20180915_103222\\1537007930653.png, C:\\Users\\Kaushal\\Desktop\\Katalon Studio\\vCallingDashboard\\Reports\\RegressionSuite\\20180915_103222\\1537007978064.png, C:\\Users\\Kaushal\\Desktop\\Katalon Studio\\vCallingDashboard\\Reports\\RegressionSuite\\20180915_103222\\1537008034087.png, C:\\Users\\Kaushal\\Desktop\\Katalon Studio\\vCallingDashboard\\Reports\\RegressionSuite\\20180915_103222\\1537008086529.png, C:\\Users\\Kaushal\\Desktop\\Katalon Studio\\vCallingDashboard\\Reports\\RegressionSuite\\20180915_103222\\1537008132230.png, C:\\Users\\Kaushal\\Desktop\\Katalon Studio\\vCallingDashboard\\Reports\\RegressionSuite\\20180915_103222\\1537008181620.png, C:\\Users\\Kaushal\\Desktop\\Katalon Studio\\vCallingDashboard\\Reports\\RegressionSuite\\20180915_103222\\1537008233245.png, C:\\Users\\Kaushal\\Desktop\\Katalon Studio\\vCallingDashboard\\Reports\\RegressionSuite\\20180915_103222\\1537008281550.png, C:\\Users\\Kaushal\\Desktop\\Katalon Studio\\vCallingDashboard\\Reports\\RegressionSuite\\20180915_103222\\1537008331146.png, C:\\Users\\Kaushal\\Desktop\\Katalon Studio\\vCallingDashboard\\Reports\\RegressionSuite\\20180915_103222\\1537008376867.png"/>
         <property name="hostName" value="Kaushal - DESKTOP-D4528LJ"/>
         <property name="os" value="Windows 10 64bit"/>
         <property name="katalonVersion" value="5.7.0.1"/>
         <property name="browser" value="Chrome 69.0.3497.92"/>
         <property name="hostAddress" value="10.6.8.31"/>
         <property name="sessionId" value="f2ca776871d067ddce8269c5947d7d05"/>
         <property name="seleniumVersion" value="3.7.1"/>
         <property name="proxyInformation" value="ProxyInformation{proxyOption=NO_PROXY, proxyServerType=HTTP, password=, proxyServerAddress=, proxyServerPort=0}"/>
         <property name="platform" value="Windows 10"/>
      </properties>
      <testcase name="Test Cases/completed/TestCase1_Login/Email_Invalid" classname="Test Cases/completed/TestCase1_Login/Email_Invalid" status="PASSED">
         <system-out><![CDATA[2018-09-15 10:32:27 - [TEST_CASE][PASSED] - Test Cases/completed/TestCase1_Login/Email_Invalid: Test Cases/completed/TestCase1_Login/Email_Invalid

2018-09-15 10:32:28 - [TEST_STEP][PASSED] - openBrowser: Browser is opened with url: ''

2018-09-15 10:32:33 - [MESSAGE][PASSED] - Browser is opened with url: ''

2018-09-15 10:32:33 - [TEST_STEP][PASSED] - navigateToUrl: Navigate to 'https://dev.vcalling.in/enterprises/UAT/Dashboard/index.html' successfully

2018-09-15 10:32:37 - [MESSAGE][PASSED] - Navigate to 'https://dev.vcalling.in/enterprises/UAT/Dashboard/index.html' successfully

2018-09-15 10:32:37 - [TEST_STEP][PASSED] - setText: Text 'abc' is set on object 'Object Repository/Login/userId'

2018-09-15 10:32:37 - [MESSAGE][PASSED] - Text 'abc' is set on object 'Object Repository/Login/userId'

2018-09-15 10:32:37 - [TEST_STEP][PASSED] - click: Object: 'Object Repository/Login/div_GET OTP' is clicked on

2018-09-15 10:32:38 - [MESSAGE][PASSED] - Object: 'Object Repository/Login/div_GET OTP' is clicked on

2018-09-15 10:32:38 - [TEST_STEP][PASSED] - waitForElementPresent: Object 'Object Repository/Login/span_Retry' is present

2018-09-15 10:32:38 - [MESSAGE][PASSED] - Object 'Object Repository/Login/span_Retry' is present

2018-09-15 10:32:38 - [TEST_STEP][PASSED] - verifyElementText: Actual text and expected text of test object 'Object Repository/Login/span_Retry' are matched.

2018-09-15 10:32:38 - [MESSAGE][PASSED] - Actual text and expected text of test object 'Object Repository/Login/span_Retry' are matched.

2018-09-15 10:32:38 - [TEST_STEP][PASSED] - verifyElementPresent: Object 'Object Repository/Login/InactiveOTP' is present

2018-09-15 10:32:38 - [MESSAGE][PASSED] - Object 'Object Repository/Login/InactiveOTP' is present

2018-09-15 10:32:38 - [TEST_STEP][PASSED] - click: Object: 'Object Repository/Login/span_Retry' is clicked on

2018-09-15 10:32:39 - [MESSAGE][PASSED] - Object: 'Object Repository/Login/span_Retry' is clicked on

2018-09-15 10:32:39 - [TEST_STEP][PASSED] - verifyMatch: Actual text '' and expected text '' are matched 

2018-09-15 10:32:39 - [MESSAGE][PASSED] - Text of object 'Object Repository/Login/userId' is: ''

2018-09-15 10:32:39 - [MESSAGE][PASSED] - Actual text '' and expected text '' are matched 

2018-09-15 10:32:39 - [TEST_STEP][PASSED] - closeBrowser: Browser is closed

2018-09-15 10:32:40 - [MESSAGE][PASSED] - Browser is closed]]></system-out>
         <system-err><![CDATA[]]></system-err>
      </testcase>
      <testcase name="Test Cases/completed/TestCase1_Login/LoginWrongOTP" classname="Test Cases/completed/TestCase1_Login/LoginWrongOTP" status="PASSED">
         <system-out><![CDATA[2018-09-15 10:32:40 - [TEST_CASE][PASSED] - Test Cases/completed/TestCase1_Login/LoginWrongOTP: Test Cases/completed/TestCase1_Login/LoginWrongOTP

2018-09-15 10:32:40 - [TEST_STEP][PASSED] - openBrowser: Browser is opened with url: ''

2018-09-15 10:32:43 - [MESSAGE][PASSED] - Browser is opened with url: ''

2018-09-15 10:32:43 - [TEST_STEP][PASSED] - navigateToUrl: Navigate to 'https://dev.vcalling.in/enterprises/UAT/Dashboard/index.html' successfully

2018-09-15 10:32:46 - [MESSAGE][PASSED] - Navigate to 'https://dev.vcalling.in/enterprises/UAT/Dashboard/index.html' successfully

2018-09-15 10:32:46 - [TEST_STEP][PASSED] - maximizeWindow: Current window maximized

2018-09-15 10:32:47 - [MESSAGE][PASSED] - Current window maximized

2018-09-15 10:32:47 - [TEST_STEP][PASSED] - setText: Text 'priyankakaushal2308@gmail.com' is set on object 'Object Repository/Login/UserId'

2018-09-15 10:32:48 - [MESSAGE][PASSED] - Text 'priyankakaushal2308@gmail.com' is set on object 'Object Repository/Login/UserId'

2018-09-15 10:32:48 - [TEST_STEP][PASSED] - click: Object: 'Object Repository/Login/div_GET OTP' is clicked on

2018-09-15 10:32:48 - [MESSAGE][PASSED] - Object: 'Object Repository/Login/div_GET OTP' is clicked on

2018-09-15 10:32:48 - [TEST_STEP][PASSED] - setText: Text 'f19608' is set on object 'Object Repository/Login/OtpInput'

2018-09-15 10:32:51 - [MESSAGE][PASSED] - Text 'f19608' is set on object 'Object Repository/Login/OtpInput'

2018-09-15 10:32:51 - [TEST_STEP][PASSED] - click: Object: 'Object Repository/Login/div_SUBMIT' is clicked on

2018-09-15 10:32:51 - [MESSAGE][PASSED] - Object: 'Object Repository/Login/div_SUBMIT' is clicked on

2018-09-15 10:32:51 - [TEST_STEP][PASSED] - verifyElementText: Actual text and expected text of test object 'Object Repository/Login/span_Retry' are matched.

2018-09-15 10:32:53 - [MESSAGE][PASSED] - Actual text and expected text of test object 'Object Repository/Login/span_Retry' are matched.

2018-09-15 10:32:53 - [TEST_STEP][PASSED] - verifyElementPresent: Object 'Object Repository/Login/InactiveOTP' is present

2018-09-15 10:32:53 - [MESSAGE][PASSED] - Object 'Object Repository/Login/InactiveOTP' is present

2018-09-15 10:32:53 - [TEST_STEP][PASSED] - click: Object: 'Object Repository/Login/span_Retry' is clicked on

2018-09-15 10:32:53 - [MESSAGE][PASSED] - Object: 'Object Repository/Login/span_Retry' is clicked on]]></system-out>
         <system-err><![CDATA[]]></system-err>
      </testcase>
      <testcase name="Test Cases/completed/TestCase1_Login/Simple_Login" classname="Test Cases/completed/TestCase1_Login/Simple_Login" status="PASSED">
         <system-out><![CDATA[2018-09-15 10:32:53 - [TEST_CASE][PASSED] - Test Cases/completed/TestCase1_Login/Simple_Login: Test Cases/completed/TestCase1_Login/Simple_Login

2018-09-15 10:32:54 - [TEST_STEP][PASSED] - openBrowser: Browser is opened with url: ''

2018-09-15 10:32:54 - [MESSAGE][WARNING] - A browser is already opened. Closing browser and opening a new one

2018-09-15 10:32:57 - [MESSAGE][PASSED] - Browser is opened with url: ''

2018-09-15 10:32:57 - [TEST_STEP][PASSED] - maximizeWindow: Current window maximized

2018-09-15 10:32:58 - [MESSAGE][PASSED] - Current window maximized

2018-09-15 10:32:58 - [TEST_STEP][PASSED] - navigateToUrl: Navigate to 'https://dev.vcalling.in/enterprises/UAT/Dashboard/index.html' successfully

2018-09-15 10:33:01 - [MESSAGE][PASSED] - Navigate to 'https://dev.vcalling.in/enterprises/UAT/Dashboard/index.html' successfully

2018-09-15 10:33:01 - [TEST_STEP][PASSED] - setText: Text 'testing4dea@gmail.com' is set on object 'Object Repository/Login/UserId'

2018-09-15 10:33:02 - [MESSAGE][PASSED] - Text 'testing4dea@gmail.com' is set on object 'Object Repository/Login/UserId'

2018-09-15 10:33:02 - [TEST_STEP][PASSED] - click: Object: 'Object Repository/Login/div_GET OTP' is clicked on

2018-09-15 10:33:02 - [MESSAGE][PASSED] - Object: 'Object Repository/Login/div_GET OTP' is clicked on

2018-09-15 10:33:02 - [TEST_STEP][PASSED] - waitForElementPresent: Object 'Object Repository/Login/div_SUBMIT' is present

2018-09-15 10:33:04 - [MESSAGE][PASSED] - Object 'Object Repository/Login/div_SUBMIT' is present

2018-09-15 10:33:04 - [TEST_STEP][PASSED] - Statement - If (com.kms.katalon.core.webui.keyword.WebUiBuiltInKeywords.verifyElementNotPresent(com.kms.katalon.core.testobject.ObjectRepository.findTestObject(Login/div_SUBMIT), 5, OPTIONAL)): Web element with id: 'Object Repository/Login/div_SUBMIT' located by 'By.xpath: //div[(text() = ' SUBMIT ' or . = ' SUBMIT ')]' is present after '5' second(s)

2018-09-15 10:33:09 - [MESSAGE][WARNING] - Web element with id: 'Object Repository/Login/div_SUBMIT' located by 'By.xpath: //div[(text() = ' SUBMIT ' or . = ' SUBMIT ')]' is present after '5' second(s)
[[ATTACHMENT|C:\\Users\\Kaushal\\Desktop\\Katalon Studio\\vCallingDashboard\\Reports\\RegressionSuite\\20180915_103222\\1537003989365.png]]

2018-09-15 10:33:09 - [TEST_STEP][PASSED] - Statement - sleep(5000): null

2018-09-15 10:33:14 - [TEST_STEP][PASSED] - Statement - OTP = getOTP(): null

2018-09-15 10:33:14 - [TEST_STEP][PASSED] - Statement - host = "imap.gmail.com": null

2018-09-15 10:33:14 - [TEST_STEP][PASSED] - Statement - msg = <not implemented yet for class: org.codehaus.groovy.ast.expr.EmptyExpression>: null

2018-09-15 10:33:14 - [TEST_STEP][PASSED] - Statement - msgSub = <not implemented yet for class: org.codehaus.groovy.ast.expr.EmptyExpression>: null

2018-09-15 10:33:14 - [TEST_STEP][PASSED] - Statement - OTP = "unavailable": null

2018-09-15 10:33:14 - [TEST_STEP][PASSED] - Statement - props = new java.util.Properties(): null

2018-09-15 10:33:14 - [TEST_STEP][PASSED] - Statement - props.setProperty("mail.imap.ssl.enable", "true"): null

2018-09-15 10:33:14 - [TEST_STEP][PASSED] - Statement - session = javax.mail.Session.getInstance(props): null

2018-09-15 10:33:14 - [TEST_STEP][PASSED] - Statement - store = <not implemented yet for class: org.codehaus.groovy.ast.expr.EmptyExpression>: null

2018-09-15 10:33:14 - [TEST_STEP][PASSED] - Statement - Try: null

2018-09-15 10:33:14 - [TEST_STEP][PASSED] - Statement - store = session.getStore("imap"): null

2018-09-15 10:33:14 - [TEST_STEP][PASSED] - Statement - store.connect(host, Email, Password): null

2018-09-15 10:33:17 - [TEST_STEP][PASSED] - Statement - emailFolder = store.getFolder("INBOX"): null

2018-09-15 10:33:17 - [TEST_STEP][PASSED] - Statement - emailFolder.open(READ_WRITE): null

2018-09-15 10:33:17 - [TEST_STEP][PASSED] - Statement - messages = emailFolder.getMessages(): null

2018-09-15 10:33:17 - [TEST_STEP][PASSED] - Statement - n = length: null

2018-09-15 10:33:17 - [TEST_STEP][PASSED] - Statement - message = messages[n - 1]: null

2018-09-15 10:33:17 - [TEST_STEP][PASSED] - Statement - msgSub = message.getSubject(): null

2018-09-15 10:33:17 - [TEST_STEP][PASSED] - Statement - If (msgSub.equals("OTP to Sign In")): null

2018-09-15 10:33:17 - [TEST_STEP][PASSED] - Statement - msg = message.getContent().toString(): null

2018-09-15 10:33:18 - [TEST_STEP][PASSED] - Statement - OTP = msg.substring(msg.length() - 7): null

2018-09-15 10:33:18 - [TEST_STEP][PASSED] - Statement - message.setFlag(DELETED, true): null

2018-09-15 10:33:19 - [TEST_STEP][PASSED] - Statement - emailFolder.close(true): null

2018-09-15 10:33:19 - [TEST_STEP][PASSED] - Statement - store.close(): null

2018-09-15 10:33:19 - [TEST_STEP][PASSED] - Statement - return OTP: null

2018-09-15 10:33:19 - [TEST_STEP][PASSED] - Statement - If (OTP.equals("unavailable")): null

2018-09-15 10:33:19 - [TEST_STEP][PASSED] - Statement - Else: Text 'z2103
' is set on object 'Object Repository/Login/OtpInput'

2018-09-15 10:33:19 - [TEST_STEP][PASSED] - setText: Text 'z2103
' is set on object 'Object Repository/Login/OtpInput'

2018-09-15 10:33:19 - [MESSAGE][PASSED] - Text 'z2103
' is set on object 'Object Repository/Login/OtpInput'

2018-09-15 10:33:19 - [TEST_STEP][PASSED] - verifyElementPresent: Object 'Object Repository/Login/afterOpenDisplay' is present

2018-09-15 10:33:21 - [MESSAGE][PASSED] - Object 'Object Repository/Login/afterOpenDisplay' is present]]></system-out>
         <system-err><![CDATA[]]></system-err>
      </testcase>
      <testcase name="Test Cases/completed/TestCase2_Link Genrator Short link/callingLInkGenrateWIthEmail,Num" classname="Test Cases/completed/TestCase2_Link Genrator Short link/callingLInkGenrateWIthEmail,Num" status="PASSED">
         <system-out><![CDATA[2018-09-15 10:33:21 - [TEST_CASE][PASSED] - Test Cases/completed/TestCase2_Link Genrator Short link/callingLInkGenrateWIthEmail,Num: Test Cases/completed/TestCase2_Link Genrator Short link/callingLInkGenrateWIthEmail,Num

2018-09-15 10:33:21 - [TEST_STEP][PASSED] - callTestCase: Call Test Case 'Test Cases/BVT/aSimple_Login' successfully

2018-09-15 10:33:21 - [TEST_CASE][PASSED] - Test Cases/BVT/aSimple_Login: Test Cases/BVT/aSimple_Login

2018-09-15 10:33:22 - [TEST_STEP][PASSED] - openBrowser: Browser is opened with url: ''

2018-09-15 10:33:22 - [MESSAGE][WARNING] - A browser is already opened. Closing browser and opening a new one

2018-09-15 10:33:25 - [MESSAGE][PASSED] - Browser is opened with url: ''

2018-09-15 10:33:25 - [TEST_STEP][PASSED] - maximizeWindow: Current window maximized

2018-09-15 10:33:26 - [MESSAGE][PASSED] - Current window maximized

2018-09-15 10:33:26 - [TEST_STEP][PASSED] - navigateToUrl: Navigate to 'https://dev.vcalling.in/enterprises/UAT/Dashboard/index.html' successfully

2018-09-15 10:33:30 - [MESSAGE][PASSED] - Navigate to 'https://dev.vcalling.in/enterprises/UAT/Dashboard/index.html' successfully

2018-09-15 10:33:30 - [TEST_STEP][PASSED] - setText: Text 'testing4dea@gmail.com' is set on object 'Object Repository/Login/UserId'

2018-09-15 10:33:30 - [MESSAGE][PASSED] - Text 'testing4dea@gmail.com' is set on object 'Object Repository/Login/UserId'

2018-09-15 10:33:30 - [TEST_STEP][PASSED] - click: Object: 'Object Repository/Login/div_GET OTP' is clicked on

2018-09-15 10:33:30 - [MESSAGE][PASSED] - Object: 'Object Repository/Login/div_GET OTP' is clicked on

2018-09-15 10:33:30 - [TEST_STEP][PASSED] - waitForElementPresent: Object 'Object Repository/Login/div_SUBMIT' is present

2018-09-15 10:33:32 - [MESSAGE][PASSED] - Object 'Object Repository/Login/div_SUBMIT' is present

2018-09-15 10:33:32 - [TEST_STEP][PASSED] - Statement - If (com.kms.katalon.core.webui.keyword.WebUiBuiltInKeywords.verifyElementNotPresent(com.kms.katalon.core.testobject.ObjectRepository.findTestObject(Login/div_SUBMIT), 5, OPTIONAL)): Web element with id: 'Object Repository/Login/div_SUBMIT' located by 'By.xpath: //div[(text() = ' SUBMIT ' or . = ' SUBMIT ')]' is present after '5' second(s)

2018-09-15 10:33:37 - [MESSAGE][WARNING] - Web element with id: 'Object Repository/Login/div_SUBMIT' located by 'By.xpath: //div[(text() = ' SUBMIT ' or . = ' SUBMIT ')]' is present after '5' second(s)
[[ATTACHMENT|C:\\Users\\Kaushal\\Desktop\\Katalon Studio\\vCallingDashboard\\Reports\\RegressionSuite\\20180915_103222\\1537004017542.png]]

2018-09-15 10:33:37 - [TEST_STEP][PASSED] - Statement - sleep(5000): null

2018-09-15 10:33:42 - [TEST_STEP][PASSED] - Statement - OTP = getOTP(): null

2018-09-15 10:33:42 - [TEST_STEP][PASSED] - Statement - host = "imap.gmail.com": null

2018-09-15 10:33:42 - [TEST_STEP][PASSED] - Statement - msg = <not implemented yet for class: org.codehaus.groovy.ast.expr.EmptyExpression>: null

2018-09-15 10:33:42 - [TEST_STEP][PASSED] - Statement - msgSub = <not implemented yet for class: org.codehaus.groovy.ast.expr.EmptyExpression>: null

2018-09-15 10:33:42 - [TEST_STEP][PASSED] - Statement - OTP = "unavailable": null

2018-09-15 10:33:42 - [TEST_STEP][PASSED] - Statement - props = new java.util.Properties(): null

2018-09-15 10:33:42 - [TEST_STEP][PASSED] - Statement - props.setProperty("mail.imap.ssl.enable", "true"): null

2018-09-15 10:33:42 - [TEST_STEP][PASSED] - Statement - session = javax.mail.Session.getInstance(props): null

2018-09-15 10:33:42 - [TEST_STEP][PASSED] - Statement - store = <not implemented yet for class: org.codehaus.groovy.ast.expr.EmptyExpression>: null

2018-09-15 10:33:42 - [TEST_STEP][PASSED] - Statement - Try: null

2018-09-15 10:33:42 - [TEST_STEP][PASSED] - Statement - store = session.getStore("imap"): null

2018-09-15 10:33:42 - [TEST_STEP][PASSED] - Statement - store.connect(host, Email, Password): null

2018-09-15 10:33:44 - [TEST_STEP][PASSED] - Statement - emailFolder = store.getFolder("INBOX"): null

2018-09-15 10:33:44 - [TEST_STEP][PASSED] - Statement - emailFolder.open(READ_WRITE): null

2018-09-15 10:33:45 - [TEST_STEP][PASSED] - Statement - messages = emailFolder.getMessages(): null

2018-09-15 10:33:45 - [TEST_STEP][PASSED] - Statement - n = length: null

2018-09-15 10:33:45 - [TEST_STEP][PASSED] - Statement - message = messages[n - 1]: null

2018-09-15 10:33:45 - [TEST_STEP][PASSED] - Statement - msgSub = message.getSubject(): null

2018-09-15 10:33:45 - [TEST_STEP][PASSED] - Statement - If (msgSub.equals("OTP to Sign In")): null

2018-09-15 10:33:45 - [TEST_STEP][PASSED] - Statement - msg = message.getContent().toString(): null

2018-09-15 10:33:46 - [TEST_STEP][PASSED] - Statement - OTP = msg.substring(msg.length() - 7): null

2018-09-15 10:33:46 - [TEST_STEP][PASSED] - Statement - message.setFlag(DELETED, true): null

2018-09-15 10:33:46 - [TEST_STEP][PASSED] - Statement - emailFolder.close(true): null

2018-09-15 10:33:46 - [TEST_STEP][PASSED] - Statement - store.close(): null

2018-09-15 10:33:47 - [TEST_STEP][PASSED] - Statement - return OTP: null

2018-09-15 10:33:47 - [TEST_STEP][PASSED] - Statement - If (OTP.equals("unavailable")): null

2018-09-15 10:33:47 - [TEST_STEP][PASSED] - Statement - Else: Text 'y2890
' is set on object 'Object Repository/Login/OtpInput'

2018-09-15 10:33:47 - [TEST_STEP][PASSED] - setText: Text 'y2890
' is set on object 'Object Repository/Login/OtpInput'

2018-09-15 10:33:47 - [MESSAGE][PASSED] - Text 'y2890
' is set on object 'Object Repository/Login/OtpInput'

2018-09-15 10:33:47 - [TEST_STEP][PASSED] - verifyElementPresent: Object 'Object Repository/Login/afterOpenDisplay' is present

2018-09-15 10:33:48 - [MESSAGE][PASSED] - Object 'Object Repository/Login/afterOpenDisplay' is present

2018-09-15 10:33:48 - [MESSAGE][PASSED] - Call Test Case 'Test Cases/BVT/aSimple_Login' successfully

2018-09-15 10:33:48 - [TEST_STEP][PASSED] - Statement - driver = com.kms.katalon.core.webui.driver.DriverFactory.getWebDriver(): null

2018-09-15 10:33:48 - [TEST_STEP][PASSED] - click: Object: 'Object Repository/Dashboard_Link Generator/linkgeneratorIcon' is clicked on

2018-09-15 10:33:49 - [MESSAGE][PASSED] - Object: 'Object Repository/Dashboard_Link Generator/linkgeneratorIcon' is clicked on

2018-09-15 10:33:49 - [TEST_STEP][PASSED] - Statement - x = CustomKeywords.newPackage.newKeyword.randomString(3).toLowerCase(): newPackage.newKeyword.randomString is PASSED

2018-09-15 10:33:49 - [MESSAGE][PASSED] - newPackage.newKeyword.randomString is PASSED

2018-09-15 10:33:49 - [TEST_STEP][PASSED] - Statement - teamMeberName = x: null

2018-09-15 10:33:49 - [TEST_STEP][PASSED] - setText: Text 'pgv' is set on object 'Object Repository/AddTeamMemberDashboard/name'

2018-09-15 10:33:49 - [MESSAGE][PASSED] - Text 'pgv' is set on object 'Object Repository/AddTeamMemberDashboard/name'

2018-09-15 10:33:49 - [TEST_STEP][PASSED] - setText: Text 'ySk2rB7tZn@gmail.com' is set on object 'Object Repository/AddTeamMemberDashboard/email'

2018-09-15 10:33:49 - [MESSAGE][PASSED] - newPackage.newKeyword.randomString is PASSED

2018-09-15 10:33:50 - [MESSAGE][PASSED] - Text 'ySk2rB7tZn@gmail.com' is set on object 'Object Repository/AddTeamMemberDashboard/email'

2018-09-15 10:33:50 - [TEST_STEP][PASSED] - Statement - number = CustomKeywords.phoneNumbers.contactNumbers.randomString(9): phoneNumbers.contactNumbers.randomString is PASSED

2018-09-15 10:33:50 - [MESSAGE][PASSED] - phoneNumbers.contactNumbers.randomString is PASSED

2018-09-15 10:33:50 - [TEST_STEP][PASSED] - Statement - Mobile_Number = number: null

2018-09-15 10:33:50 - [TEST_STEP][PASSED] - setText: Text '1073672811' is set on object 'Object Repository/Dashboard_Link Generator/contactNumber'

2018-09-15 10:33:50 - [MESSAGE][PASSED] - Text '1073672811' is set on object 'Object Repository/Dashboard_Link Generator/contactNumber'

2018-09-15 10:33:50 - [TEST_STEP][PASSED] - click: Object: 'Object Repository/Dashboard_Link Generator/callOnly' is clicked on

2018-09-15 10:33:50 - [MESSAGE][PASSED] - Object: 'Object Repository/Dashboard_Link Generator/callOnly' is clicked on

2018-09-15 10:33:50 - [TEST_STEP][PASSED] - click: Object: 'Object Repository/Dashboard_Link Generator/div_GET LINK' is clicked on

2018-09-15 10:33:50 - [MESSAGE][PASSED] - Object: 'Object Repository/Dashboard_Link Generator/div_GET LINK' is clicked on

2018-09-15 10:33:50 - [TEST_STEP][PASSED] - Statement - getLink = com.kms.katalon.core.webui.keyword.WebUiBuiltInKeywords.getAttribute(com.kms.katalon.core.testobject.ObjectRepository.findTestObject(Dashboard_Link Generator/shortLinkUrlCopy), "value"): Attribute 'value' of object 'Object Repository/Dashboard_Link Generator/shortLinkUrlCopy' is: 'https://dev.vcalling.in/url/UAT/?id=UAT-1-634&c=t'

2018-09-15 10:33:51 - [MESSAGE][PASSED] - Attribute 'value' of object 'Object Repository/Dashboard_Link Generator/shortLinkUrlCopy' is: 'https://dev.vcalling.in/url/UAT/?id=UAT-1-634&c=t'

2018-09-15 10:33:51 - [TEST_STEP][PASSED] - Statement - println(getLink): null

2018-09-15 10:33:51 - [TEST_STEP][PASSED] - delay: Delayed 2 second(s)

2018-09-15 10:33:53 - [MESSAGE][PASSED] - Delayed 2 second(s)

2018-09-15 10:33:53 - [TEST_STEP][PASSED] - click: Object: 'Object Repository/Dashboard_Link Generator/shortLinkCOpy' is clicked on

2018-09-15 10:33:53 - [MESSAGE][PASSED] - Object: 'Object Repository/Dashboard_Link Generator/shortLinkCOpy' is clicked on

2018-09-15 10:33:53 - [TEST_STEP][PASSED] - delay: Delayed 2 second(s)

2018-09-15 10:33:55 - [MESSAGE][PASSED] - Delayed 2 second(s)

2018-09-15 10:33:55 - [TEST_STEP][PASSED] - click: Object: 'Object Repository/Dashboard_Link Generator/linkCopyShort' is clicked on

2018-09-15 10:33:55 - [MESSAGE][PASSED] - Object: 'Object Repository/Dashboard_Link Generator/linkCopyShort' is clicked on

2018-09-15 10:33:55 - [TEST_STEP][PASSED] - Statement - If (com.kms.katalon.core.webui.keyword.WebUiBuiltInKeywords.verifyElementPresent(com.kms.katalon.core.testobject.ObjectRepository.findTestObject(Dashboard_Link Generator/validation), 5, OPTIONAL)): null

2018-09-15 10:33:55 - [MESSAGE][PASSED] - Object 'Object Repository/Dashboard_Link Generator/validation' is present

2018-09-15 10:33:55 - [TEST_STEP][PASSED] - Statement - validationMessage = com.kms.katalon.core.webui.keyword.WebUiBuiltInKeywords.getText(com.kms.katalon.core.testobject.ObjectRepository.findTestObject(Dashboard_Link Generator/validation)): Text of object 'Object Repository/Dashboard_Link Generator/validation' is: 'Short Link Copied.!'

2018-09-15 10:33:55 - [MESSAGE][PASSED] - Text of object 'Object Repository/Dashboard_Link Generator/validation' is: 'Short Link Copied.!'

2018-09-15 10:33:55 - [TEST_STEP][PASSED] - verifyMatch: Actual text 'Short Link Copied.!' and expected text 'Short Link Copied.!' are matched 

2018-09-15 10:33:55 - [MESSAGE][PASSED] - Actual text 'Short Link Copied.!' and expected text 'Short Link Copied.!' are matched 

2018-09-15 10:33:55 - [TEST_STEP][PASSED] - Statement - println("successful"): null

2018-09-15 10:33:55 - [TEST_STEP][PASSED] - delay: Delayed 5 second(s)

2018-09-15 10:34:00 - [MESSAGE][PASSED] - Delayed 5 second(s)

2018-09-15 10:34:00 - [TEST_STEP][PASSED] - Statement - linkUserName = driver.findElements(org.openqa.selenium.By.className("text-link-log")): null

2018-09-15 10:34:00 - [TEST_STEP][PASSED] - Statement - previousCountValue = 0: null

2018-09-15 10:34:00 - [TEST_STEP][PASSED] - Statement - For ([i = 0, i < linkUserName.size(), (i++)]): null

2018-09-15 10:34:00 - [TEST_STEP][PASSED] - Statement - linkLogmembername = linkUserName.get(i).getText(): null

2018-09-15 10:34:01 - [TEST_STEP][PASSED] - Statement - If (linkLogmembername.equals(teamMeberName)): null

2018-09-15 10:34:01 - [TEST_STEP][PASSED] - Statement - linkLogmembername = linkUserName.get(i).getText(): null

2018-09-15 10:34:01 - [TEST_STEP][PASSED] - Statement - If (linkLogmembername.equals(teamMeberName)): null

2018-09-15 10:34:01 - [TEST_STEP][PASSED] - Statement - linkLogmembername = linkUserName.get(i).getText(): null

2018-09-15 10:34:01 - [TEST_STEP][PASSED] - Statement - If (linkLogmembername.equals(teamMeberName)): null

2018-09-15 10:34:01 - [TEST_STEP][PASSED] - Statement - linkLogmembername = linkUserName.get(i).getText(): null

2018-09-15 10:34:01 - [TEST_STEP][PASSED] - Statement - If (linkLogmembername.equals(teamMeberName)): null

2018-09-15 10:34:01 - [TEST_STEP][PASSED] - Statement - linkLogmembername = linkUserName.get(i).getText(): null

2018-09-15 10:34:01 - [TEST_STEP][PASSED] - Statement - If (linkLogmembername.equals(teamMeberName)): null

2018-09-15 10:34:01 - [TEST_STEP][PASSED] - Statement - linkLogmembername = linkUserName.get(i).getText(): null

2018-09-15 10:34:01 - [TEST_STEP][PASSED] - Statement - If (linkLogmembername.equals(teamMeberName)): null

2018-09-15 10:34:01 - [TEST_STEP][PASSED] - Statement - linkLogmembername = linkUserName.get(i).getText(): null

2018-09-15 10:34:01 - [TEST_STEP][PASSED] - Statement - If (linkLogmembername.equals(teamMeberName)): null

2018-09-15 10:34:01 - [TEST_STEP][PASSED] - Statement - linkLogmembername = linkUserName.get(i).getText(): null

2018-09-15 10:34:01 - [TEST_STEP][PASSED] - Statement - If (linkLogmembername.equals(teamMeberName)): null

2018-09-15 10:34:01 - [TEST_STEP][PASSED] - Statement - out.println("Admin Console: " + linkLogmembername): null

2018-09-15 10:34:01 - [TEST_STEP][PASSED] - Statement - linkLogmembername = linkUserName.get(i).getText(): null

2018-09-15 10:34:01 - [TEST_STEP][PASSED] - Statement - If (linkLogmembername.equals(teamMeberName)): null

2018-09-15 10:34:01 - [TEST_STEP][PASSED] - Statement - linkLogmembername = linkUserName.get(i).getText(): null

2018-09-15 10:34:01 - [TEST_STEP][PASSED] - Statement - If (linkLogmembername.equals(teamMeberName)): null

2018-09-15 10:34:01 - [TEST_STEP][PASSED] - Statement - linkLogmembername = linkUserName.get(i).getText(): null

2018-09-15 10:34:01 - [TEST_STEP][PASSED] - Statement - If (linkLogmembername.equals(teamMeberName)): null

2018-09-15 10:34:01 - [TEST_STEP][PASSED] - Statement - linkLogmembername = linkUserName.get(i).getText(): null

2018-09-15 10:34:01 - [TEST_STEP][PASSED] - Statement - If (linkLogmembername.equals(teamMeberName)): null

2018-09-15 10:34:01 - [TEST_STEP][PASSED] - Statement - linkLogmembername = linkUserName.get(i).getText(): null

2018-09-15 10:34:01 - [TEST_STEP][PASSED] - Statement - If (linkLogmembername.equals(teamMeberName)): null

2018-09-15 10:34:01 - [TEST_STEP][PASSED] - Statement - linkLogmembername = linkUserName.get(i).getText(): null

2018-09-15 10:34:01 - [TEST_STEP][PASSED] - Statement - If (linkLogmembername.equals(teamMeberName)): null

2018-09-15 10:34:01 - [TEST_STEP][PASSED] - Statement - linkLogmembername = linkUserName.get(i).getText(): null

2018-09-15 10:34:01 - [TEST_STEP][PASSED] - Statement - If (linkLogmembername.equals(teamMeberName)): null

2018-09-15 10:34:01 - [TEST_STEP][PASSED] - Statement - linkLogmembername = linkUserName.get(i).getText(): null

2018-09-15 10:34:01 - [TEST_STEP][PASSED] - Statement - If (linkLogmembername.equals(teamMeberName)): null

2018-09-15 10:34:01 - [TEST_STEP][PASSED] - Statement - linkLogmembername = linkUserName.get(i).getText(): null

2018-09-15 10:34:01 - [TEST_STEP][PASSED] - Statement - If (linkLogmembername.equals(teamMeberName)): null

2018-09-15 10:34:01 - [TEST_STEP][PASSED] - Statement - linkLogmembername = linkUserName.get(i).getText(): null

2018-09-15 10:34:01 - [TEST_STEP][PASSED] - Statement - If (linkLogmembername.equals(teamMeberName)): null

2018-09-15 10:34:01 - [TEST_STEP][PASSED] - Statement - linkLogmembername = linkUserName.get(i).getText(): null

2018-09-15 10:34:01 - [TEST_STEP][PASSED] - Statement - If (linkLogmembername.equals(teamMeberName)): null

2018-09-15 10:34:01 - [TEST_STEP][PASSED] - Statement - linkLogmembername = linkUserName.get(i).getText(): null

2018-09-15 10:34:01 - [TEST_STEP][PASSED] - Statement - If (linkLogmembername.equals(teamMeberName)): null

2018-09-15 10:34:01 - [TEST_STEP][PASSED] - Statement - linkLogmembername = linkUserName.get(i).getText(): null

2018-09-15 10:34:01 - [TEST_STEP][PASSED] - Statement - If (linkLogmembername.equals(teamMeberName)): null

2018-09-15 10:34:01 - [TEST_STEP][PASSED] - Statement - linkLogmembername = linkUserName.get(i).getText(): null

2018-09-15 10:34:01 - [TEST_STEP][PASSED] - Statement - If (linkLogmembername.equals(teamMeberName)): null

2018-09-15 10:34:01 - [TEST_STEP][PASSED] - Statement - linkLogmembername = linkUserName.get(i).getText(): null

2018-09-15 10:34:01 - [TEST_STEP][PASSED] - Statement - If (linkLogmembername.equals(teamMeberName)): null

2018-09-15 10:34:01 - [TEST_STEP][PASSED] - Statement - linkLogmembername = linkUserName.get(i).getText(): null

2018-09-15 10:34:01 - [TEST_STEP][PASSED] - Statement - If (linkLogmembername.equals(teamMeberName)): null

2018-09-15 10:34:01 - [TEST_STEP][PASSED] - Statement - linkLogmembername = linkUserName.get(i).getText(): null

2018-09-15 10:34:01 - [TEST_STEP][PASSED] - Statement - If (linkLogmembername.equals(teamMeberName)): null

2018-09-15 10:34:01 - [TEST_STEP][PASSED] - Statement - linkLogmembername = linkUserName.get(i).getText(): null

2018-09-15 10:34:01 - [TEST_STEP][PASSED] - Statement - If (linkLogmembername.equals(teamMeberName)): null

2018-09-15 10:34:01 - [TEST_STEP][PASSED] - Statement - linkLogmembername = linkUserName.get(i).getText(): null

2018-09-15 10:34:01 - [TEST_STEP][PASSED] - Statement - If (linkLogmembername.equals(teamMeberName)): null

2018-09-15 10:34:01 - [TEST_STEP][PASSED] - Statement - linkLogmembername = linkUserName.get(i).getText(): null

2018-09-15 10:34:01 - [TEST_STEP][PASSED] - Statement - If (linkLogmembername.equals(teamMeberName)): null

2018-09-15 10:34:01 - [TEST_STEP][PASSED] - Statement - linkLogmembername = linkUserName.get(i).getText(): null

2018-09-15 10:34:01 - [TEST_STEP][PASSED] - Statement - If (linkLogmembername.equals(teamMeberName)): null

2018-09-15 10:34:01 - [TEST_STEP][PASSED] - Statement - linkLogmembername = linkUserName.get(i).getText(): null

2018-09-15 10:34:01 - [TEST_STEP][PASSED] - Statement - If (linkLogmembername.equals(teamMeberName)): null

2018-09-15 10:34:01 - [TEST_STEP][PASSED] - Statement - linkLogmembername = linkUserName.get(i).getText(): null

2018-09-15 10:34:02 - [TEST_STEP][PASSED] - Statement - If (linkLogmembername.equals(teamMeberName)): null

2018-09-15 10:34:02 - [TEST_STEP][PASSED] - Statement - linkLogmembername = linkUserName.get(i).getText(): null

2018-09-15 10:34:02 - [TEST_STEP][PASSED] - Statement - If (linkLogmembername.equals(teamMeberName)): null

2018-09-15 10:34:02 - [TEST_STEP][PASSED] - Statement - linkLogmembername = linkUserName.get(i).getText(): null

2018-09-15 10:34:02 - [TEST_STEP][PASSED] - Statement - If (linkLogmembername.equals(teamMeberName)): null

2018-09-15 10:34:02 - [TEST_STEP][PASSED] - Statement - linkLogmembername = linkUserName.get(i).getText(): null

2018-09-15 10:34:02 - [TEST_STEP][PASSED] - Statement - If (linkLogmembername.equals(teamMeberName)): null

2018-09-15 10:34:02 - [TEST_STEP][PASSED] - Statement - linkLogmembername = linkUserName.get(i).getText(): null

2018-09-15 10:34:02 - [TEST_STEP][PASSED] - Statement - If (linkLogmembername.equals(teamMeberName)): null

2018-09-15 10:34:02 - [TEST_STEP][PASSED] - Statement - linkLogmembername = linkUserName.get(i).getText(): null

2018-09-15 10:34:02 - [TEST_STEP][PASSED] - Statement - If (linkLogmembername.equals(teamMeberName)): null

2018-09-15 10:34:02 - [TEST_STEP][PASSED] - Statement - linkLogmembername = linkUserName.get(i).getText(): null

2018-09-15 10:34:02 - [TEST_STEP][PASSED] - Statement - If (linkLogmembername.equals(teamMeberName)): null

2018-09-15 10:34:02 - [TEST_STEP][PASSED] - Statement - linkLogmembername = linkUserName.get(i).getText(): null

2018-09-15 10:34:02 - [TEST_STEP][PASSED] - Statement - If (linkLogmembername.equals(teamMeberName)): null

2018-09-15 10:34:02 - [TEST_STEP][PASSED] - Statement - linkLogmembername = linkUserName.get(i).getText(): null

2018-09-15 10:34:02 - [TEST_STEP][PASSED] - Statement - If (linkLogmembername.equals(teamMeberName)): null

2018-09-15 10:34:02 - [TEST_STEP][PASSED] - Statement - linkLogmembername = linkUserName.get(i).getText(): null

2018-09-15 10:34:02 - [TEST_STEP][PASSED] - Statement - If (linkLogmembername.equals(teamMeberName)): null

2018-09-15 10:34:02 - [TEST_STEP][PASSED] - Statement - linkLogmembername = linkUserName.get(i).getText(): null

2018-09-15 10:34:02 - [TEST_STEP][PASSED] - Statement - If (linkLogmembername.equals(teamMeberName)): null

2018-09-15 10:34:02 - [TEST_STEP][PASSED] - Statement - linkLogmembername = linkUserName.get(i).getText(): null

2018-09-15 10:34:02 - [TEST_STEP][PASSED] - Statement - If (linkLogmembername.equals(teamMeberName)): null

2018-09-15 10:34:02 - [TEST_STEP][PASSED] - Statement - linkLogmembername = linkUserName.get(i).getText(): null

2018-09-15 10:34:02 - [TEST_STEP][PASSED] - Statement - If (linkLogmembername.equals(teamMeberName)): null

2018-09-15 10:34:02 - [TEST_STEP][PASSED] - Statement - linkLogmembername = linkUserName.get(i).getText(): null

2018-09-15 10:34:02 - [TEST_STEP][PASSED] - Statement - If (linkLogmembername.equals(teamMeberName)): null

2018-09-15 10:34:02 - [TEST_STEP][PASSED] - Statement - linkLogmembername = linkUserName.get(i).getText(): null

2018-09-15 10:34:02 - [TEST_STEP][PASSED] - Statement - If (linkLogmembername.equals(teamMeberName)): null

2018-09-15 10:34:02 - [TEST_STEP][PASSED] - Statement - linkLogmembername = linkUserName.get(i).getText(): null

2018-09-15 10:34:02 - [TEST_STEP][PASSED] - Statement - If (linkLogmembername.equals(teamMeberName)): null

2018-09-15 10:34:02 - [TEST_STEP][PASSED] - Statement - linkLogmembername = linkUserName.get(i).getText(): null

2018-09-15 10:34:02 - [TEST_STEP][PASSED] - Statement - If (linkLogmembername.equals(teamMeberName)): null

2018-09-15 10:34:02 - [TEST_STEP][PASSED] - Statement - linkLogmembername = linkUserName.get(i).getText(): null

2018-09-15 10:34:02 - [TEST_STEP][PASSED] - Statement - If (linkLogmembername.equals(teamMeberName)): null

2018-09-15 10:34:02 - [TEST_STEP][PASSED] - Statement - linkLogmembername = linkUserName.get(i).getText(): null

2018-09-15 10:34:02 - [TEST_STEP][PASSED] - Statement - If (linkLogmembername.equals(teamMeberName)): null

2018-09-15 10:34:02 - [TEST_STEP][PASSED] - Statement - linkLogmembername = linkUserName.get(i).getText(): null

2018-09-15 10:34:02 - [TEST_STEP][PASSED] - Statement - If (linkLogmembername.equals(teamMeberName)): null

2018-09-15 10:34:02 - [TEST_STEP][PASSED] - Statement - linkLogmembername = linkUserName.get(i).getText(): null

2018-09-15 10:34:02 - [TEST_STEP][PASSED] - Statement - If (linkLogmembername.equals(teamMeberName)): null

2018-09-15 10:34:02 - [TEST_STEP][PASSED] - Statement - linkLogmembername = linkUserName.get(i).getText(): null

2018-09-15 10:34:02 - [TEST_STEP][PASSED] - Statement - If (linkLogmembername.equals(teamMeberName)): null

2018-09-15 10:34:02 - [TEST_STEP][PASSED] - Statement - linkLogmembername = linkUserName.get(i).getText(): null

2018-09-15 10:34:02 - [TEST_STEP][PASSED] - Statement - If (linkLogmembername.equals(teamMeberName)): null

2018-09-15 10:34:02 - [TEST_STEP][PASSED] - Statement - linkLogmembername = linkUserName.get(i).getText(): null

2018-09-15 10:34:02 - [TEST_STEP][PASSED] - Statement - If (linkLogmembername.equals(teamMeberName)): null

2018-09-15 10:34:02 - [TEST_STEP][PASSED] - Statement - linkLogmembername = linkUserName.get(i).getText(): null

2018-09-15 10:34:02 - [TEST_STEP][PASSED] - Statement - If (linkLogmembername.equals(teamMeberName)): null

2018-09-15 10:34:02 - [TEST_STEP][PASSED] - Statement - linkLogmembername = linkUserName.get(i).getText(): null

2018-09-15 10:34:02 - [TEST_STEP][PASSED] - Statement - If (linkLogmembername.equals(teamMeberName)): null

2018-09-15 10:34:02 - [TEST_STEP][PASSED] - Statement - linkLogmembername = linkUserName.get(i).getText(): null

2018-09-15 10:34:02 - [TEST_STEP][PASSED] - Statement - If (linkLogmembername.equals(teamMeberName)): null

2018-09-15 10:34:02 - [TEST_STEP][PASSED] - Statement - js = driver: null

2018-09-15 10:34:02 - [TEST_STEP][PASSED] - Statement - js.executeScript("window.open();"): null

2018-09-15 10:34:03 - [TEST_STEP][PASSED] - Statement - currentWindow = com.kms.katalon.core.webui.keyword.WebUiBuiltInKeywords.getWindowIndex(): Current window's index is: 0

2018-09-15 10:34:03 - [MESSAGE][PASSED] - Current window's index is: 0

2018-09-15 10:34:03 - [TEST_STEP][PASSED] - switchToWindowIndex: Switched to window with index: '1'

2018-09-15 10:34:03 - [MESSAGE][PASSED] - Switched to window with index: '1'

2018-09-15 10:34:03 - [TEST_STEP][PASSED] - navigateToUrl: Navigate to 'https://dev.vcalling.in/url/UAT/?id=UAT-1-634&c=t' successfully

2018-09-15 10:34:05 - [MESSAGE][PASSED] - Navigate to 'https://dev.vcalling.in/url/UAT/?id=UAT-1-634&c=t' successfully

2018-09-15 10:34:05 - [TEST_STEP][PASSED] - Statement - currentTab = com.kms.katalon.core.webui.keyword.WebUiBuiltInKeywords.getWindowIndex(): Current window's index is: 1

2018-09-15 10:34:05 - [MESSAGE][PASSED] - Current window's index is: 1]]></system-out>
         <system-err><![CDATA[]]></system-err>
      </testcase>
      <testcase name="Test Cases/completed/TestCase2_Link Genrator Short link/callingLinkGenrateWithEmail" classname="Test Cases/completed/TestCase2_Link Genrator Short link/callingLinkGenrateWithEmail" status="PASSED">
         <system-out><![CDATA[2018-09-15 10:34:05 - [TEST_CASE][PASSED] - Test Cases/completed/TestCase2_Link Genrator Short link/callingLinkGenrateWithEmail: Test Cases/completed/TestCase2_Link Genrator Short link/callingLinkGenrateWithEmail

2018-09-15 10:34:06 - [TEST_STEP][PASSED] - callTestCase: Call Test Case 'Test Cases/BVT/aSimple_Login' successfully

2018-09-15 10:34:06 - [TEST_CASE][PASSED] - Test Cases/BVT/aSimple_Login: Test Cases/BVT/aSimple_Login

2018-09-15 10:34:06 - [TEST_STEP][PASSED] - openBrowser: Browser is opened with url: ''

2018-09-15 10:34:06 - [MESSAGE][WARNING] - A browser is already opened. Closing browser and opening a new one

2018-09-15 10:34:09 - [MESSAGE][PASSED] - Browser is opened with url: ''

2018-09-15 10:34:09 - [TEST_STEP][PASSED] - maximizeWindow: Current window maximized

2018-09-15 10:34:10 - [MESSAGE][PASSED] - Current window maximized

2018-09-15 10:34:10 - [TEST_STEP][PASSED] - navigateToUrl: Navigate to 'https://dev.vcalling.in/enterprises/UAT/Dashboard/index.html' successfully

2018-09-15 10:34:14 - [MESSAGE][PASSED] - Navigate to 'https://dev.vcalling.in/enterprises/UAT/Dashboard/index.html' successfully

2018-09-15 10:34:14 - [TEST_STEP][PASSED] - setText: Text 'testing4dea@gmail.com' is set on object 'Object Repository/Login/UserId'

2018-09-15 10:34:14 - [MESSAGE][PASSED] - Text 'testing4dea@gmail.com' is set on object 'Object Repository/Login/UserId'

2018-09-15 10:34:14 - [TEST_STEP][PASSED] - click: Object: 'Object Repository/Login/div_GET OTP' is clicked on

2018-09-15 10:34:14 - [MESSAGE][PASSED] - Object: 'Object Repository/Login/div_GET OTP' is clicked on

2018-09-15 10:34:14 - [TEST_STEP][PASSED] - waitForElementPresent: Object 'Object Repository/Login/div_SUBMIT' is present

2018-09-15 10:34:16 - [MESSAGE][PASSED] - Object 'Object Repository/Login/div_SUBMIT' is present

2018-09-15 10:34:16 - [TEST_STEP][PASSED] - Statement - If (com.kms.katalon.core.webui.keyword.WebUiBuiltInKeywords.verifyElementNotPresent(com.kms.katalon.core.testobject.ObjectRepository.findTestObject(Login/div_SUBMIT), 5, OPTIONAL)): Web element with id: 'Object Repository/Login/div_SUBMIT' located by 'By.xpath: //div[(text() = ' SUBMIT ' or . = ' SUBMIT ')]' is present after '5' second(s)

2018-09-15 10:34:22 - [MESSAGE][WARNING] - Web element with id: 'Object Repository/Login/div_SUBMIT' located by 'By.xpath: //div[(text() = ' SUBMIT ' or . = ' SUBMIT ')]' is present after '5' second(s)
[[ATTACHMENT|C:\\Users\\Kaushal\\Desktop\\Katalon Studio\\vCallingDashboard\\Reports\\RegressionSuite\\20180915_103222\\1537004061718.png]]

2018-09-15 10:34:22 - [TEST_STEP][PASSED] - Statement - sleep(5000): null

2018-09-15 10:34:27 - [TEST_STEP][PASSED] - Statement - OTP = getOTP(): null

2018-09-15 10:34:27 - [TEST_STEP][PASSED] - Statement - host = "imap.gmail.com": null

2018-09-15 10:34:27 - [TEST_STEP][PASSED] - Statement - msg = <not implemented yet for class: org.codehaus.groovy.ast.expr.EmptyExpression>: null

2018-09-15 10:34:27 - [TEST_STEP][PASSED] - Statement - msgSub = <not implemented yet for class: org.codehaus.groovy.ast.expr.EmptyExpression>: null

2018-09-15 10:34:27 - [TEST_STEP][PASSED] - Statement - OTP = "unavailable": null

2018-09-15 10:34:27 - [TEST_STEP][PASSED] - Statement - props = new java.util.Properties(): null

2018-09-15 10:34:27 - [TEST_STEP][PASSED] - Statement - props.setProperty("mail.imap.ssl.enable", "true"): null

2018-09-15 10:34:27 - [TEST_STEP][PASSED] - Statement - session = javax.mail.Session.getInstance(props): null

2018-09-15 10:34:27 - [TEST_STEP][PASSED] - Statement - store = <not implemented yet for class: org.codehaus.groovy.ast.expr.EmptyExpression>: null

2018-09-15 10:34:27 - [TEST_STEP][PASSED] - Statement - Try: null

2018-09-15 10:34:27 - [TEST_STEP][PASSED] - Statement - store = session.getStore("imap"): null

2018-09-15 10:34:27 - [TEST_STEP][PASSED] - Statement - store.connect(host, Email, Password): null

2018-09-15 10:34:28 - [TEST_STEP][PASSED] - Statement - emailFolder = store.getFolder("INBOX"): null

2018-09-15 10:34:28 - [TEST_STEP][PASSED] - Statement - emailFolder.open(READ_WRITE): null

2018-09-15 10:34:29 - [TEST_STEP][PASSED] - Statement - messages = emailFolder.getMessages(): null

2018-09-15 10:34:29 - [TEST_STEP][PASSED] - Statement - n = length: null

2018-09-15 10:34:29 - [TEST_STEP][PASSED] - Statement - message = messages[n - 1]: null

2018-09-15 10:34:29 - [TEST_STEP][PASSED] - Statement - msgSub = message.getSubject(): null

2018-09-15 10:34:29 - [TEST_STEP][PASSED] - Statement - If (msgSub.equals("OTP to Sign In")): null

2018-09-15 10:34:29 - [TEST_STEP][PASSED] - Statement - msg = message.getContent().toString(): null

2018-09-15 10:34:30 - [TEST_STEP][PASSED] - Statement - OTP = msg.substring(msg.length() - 7): null

2018-09-15 10:34:30 - [TEST_STEP][PASSED] - Statement - message.setFlag(DELETED, true): null

2018-09-15 10:34:30 - [TEST_STEP][PASSED] - Statement - emailFolder.close(true): null

2018-09-15 10:34:31 - [TEST_STEP][PASSED] - Statement - store.close(): null

2018-09-15 10:34:31 - [TEST_STEP][PASSED] - Statement - return OTP: null

2018-09-15 10:34:31 - [TEST_STEP][PASSED] - Statement - If (OTP.equals("unavailable")): null

2018-09-15 10:34:31 - [TEST_STEP][PASSED] - Statement - Else: Text 'e2557
' is set on object 'Object Repository/Login/OtpInput'

2018-09-15 10:34:31 - [TEST_STEP][PASSED] - setText: Text 'e2557
' is set on object 'Object Repository/Login/OtpInput'

2018-09-15 10:34:31 - [MESSAGE][PASSED] - Text 'e2557
' is set on object 'Object Repository/Login/OtpInput'

2018-09-15 10:34:31 - [TEST_STEP][PASSED] - verifyElementPresent: Object 'Object Repository/Login/afterOpenDisplay' is present

2018-09-15 10:34:33 - [MESSAGE][PASSED] - Object 'Object Repository/Login/afterOpenDisplay' is present

2018-09-15 10:34:33 - [MESSAGE][PASSED] - Call Test Case 'Test Cases/BVT/aSimple_Login' successfully

2018-09-15 10:34:33 - [TEST_STEP][PASSED] - Statement - driver = com.kms.katalon.core.webui.driver.DriverFactory.getWebDriver(): null

2018-09-15 10:34:33 - [TEST_STEP][PASSED] - click: Object: 'Object Repository/Dashboard_Link Generator/linkgeneratorIcon' is clicked on

2018-09-15 10:34:33 - [MESSAGE][PASSED] - Object: 'Object Repository/Dashboard_Link Generator/linkgeneratorIcon' is clicked on

2018-09-15 10:34:33 - [TEST_STEP][PASSED] - Statement - x = CustomKeywords.newPackage.newKeyword.randomString(3).toLowerCase(): newPackage.newKeyword.randomString is PASSED

2018-09-15 10:34:33 - [MESSAGE][PASSED] - newPackage.newKeyword.randomString is PASSED

2018-09-15 10:34:33 - [TEST_STEP][PASSED] - Statement - teamMeberName = x: null

2018-09-15 10:34:33 - [TEST_STEP][PASSED] - setText: Text '5b5' is set on object 'Object Repository/AddTeamMemberDashboard/name'

2018-09-15 10:34:34 - [MESSAGE][PASSED] - Text '5b5' is set on object 'Object Repository/AddTeamMemberDashboard/name'

2018-09-15 10:34:34 - [TEST_STEP][PASSED] - setText: Text '77uUvGtEDZ@gmail.com' is set on object 'Object Repository/AddTeamMemberDashboard/email'

2018-09-15 10:34:34 - [MESSAGE][PASSED] - newPackage.newKeyword.randomString is PASSED

2018-09-15 10:34:34 - [MESSAGE][PASSED] - Text '77uUvGtEDZ@gmail.com' is set on object 'Object Repository/AddTeamMemberDashboard/email'

2018-09-15 10:34:34 - [TEST_STEP][PASSED] - click: Object: 'Object Repository/Dashboard_Link Generator/callOnly' is clicked on

2018-09-15 10:34:34 - [MESSAGE][PASSED] - Object: 'Object Repository/Dashboard_Link Generator/callOnly' is clicked on

2018-09-15 10:34:34 - [TEST_STEP][PASSED] - click: Object: 'Object Repository/Dashboard_Link Generator/div_GET LINK' is clicked on

2018-09-15 10:34:34 - [MESSAGE][PASSED] - Object: 'Object Repository/Dashboard_Link Generator/div_GET LINK' is clicked on

2018-09-15 10:34:34 - [TEST_STEP][PASSED] - delay: Delayed 4 second(s)

2018-09-15 10:34:38 - [MESSAGE][PASSED] - Delayed 4 second(s)

2018-09-15 10:34:38 - [TEST_STEP][PASSED] - Statement - getLink = com.kms.katalon.core.webui.keyword.WebUiBuiltInKeywords.getAttribute(com.kms.katalon.core.testobject.ObjectRepository.findTestObject(Dashboard_Link Generator/shortLinkUrlCopy), "value"): Attribute 'value' of object 'Object Repository/Dashboard_Link Generator/shortLinkUrlCopy' is: 'https://dev.vcalling.in/url/UAT/?id=UAT-1-635&c=t'

2018-09-15 10:34:38 - [MESSAGE][PASSED] - Attribute 'value' of object 'Object Repository/Dashboard_Link Generator/shortLinkUrlCopy' is: 'https://dev.vcalling.in/url/UAT/?id=UAT-1-635&c=t'

2018-09-15 10:34:38 - [TEST_STEP][PASSED] - Statement - println(getLink): null

2018-09-15 10:34:38 - [TEST_STEP][PASSED] - delay: Delayed 2 second(s)

2018-09-15 10:34:40 - [MESSAGE][PASSED] - Delayed 2 second(s)

2018-09-15 10:34:40 - [TEST_STEP][PASSED] - click: Object: 'Object Repository/Dashboard_Link Generator/shortLinkCOpy' is clicked on

2018-09-15 10:34:40 - [MESSAGE][PASSED] - Object: 'Object Repository/Dashboard_Link Generator/shortLinkCOpy' is clicked on

2018-09-15 10:34:40 - [TEST_STEP][PASSED] - delay: Delayed 2 second(s)

2018-09-15 10:34:42 - [MESSAGE][PASSED] - Delayed 2 second(s)

2018-09-15 10:34:42 - [TEST_STEP][PASSED] - click: Object: 'Object Repository/Dashboard_Link Generator/linkCopyShort' is clicked on

2018-09-15 10:34:43 - [MESSAGE][PASSED] - Object: 'Object Repository/Dashboard_Link Generator/linkCopyShort' is clicked on

2018-09-15 10:34:43 - [TEST_STEP][PASSED] - Statement - If (com.kms.katalon.core.webui.keyword.WebUiBuiltInKeywords.verifyElementPresent(com.kms.katalon.core.testobject.ObjectRepository.findTestObject(Dashboard_Link Generator/validation), 5, OPTIONAL)): null

2018-09-15 10:34:43 - [MESSAGE][PASSED] - Object 'Object Repository/Dashboard_Link Generator/validation' is present

2018-09-15 10:34:43 - [TEST_STEP][PASSED] - Statement - validationMessage = com.kms.katalon.core.webui.keyword.WebUiBuiltInKeywords.getText(com.kms.katalon.core.testobject.ObjectRepository.findTestObject(Dashboard_Link Generator/validation)): Text of object 'Object Repository/Dashboard_Link Generator/validation' is: 'Short Link Copied.!'

2018-09-15 10:34:43 - [MESSAGE][PASSED] - Text of object 'Object Repository/Dashboard_Link Generator/validation' is: 'Short Link Copied.!'

2018-09-15 10:34:43 - [TEST_STEP][PASSED] - verifyMatch: Actual text 'Short Link Copied.!' and expected text 'Short Link Copied.!' are matched 

2018-09-15 10:34:43 - [MESSAGE][PASSED] - Actual text 'Short Link Copied.!' and expected text 'Short Link Copied.!' are matched 

2018-09-15 10:34:43 - [TEST_STEP][PASSED] - Statement - println("successful"): null

2018-09-15 10:34:43 - [TEST_STEP][PASSED] - delay: Delayed 5 second(s)

2018-09-15 10:34:48 - [MESSAGE][PASSED] - Delayed 5 second(s)

2018-09-15 10:34:48 - [TEST_STEP][PASSED] - Statement - linkUserName = driver.findElements(org.openqa.selenium.By.className("text-link-log")): null

2018-09-15 10:34:48 - [TEST_STEP][PASSED] - Statement - previousCountValue = 0: null

2018-09-15 10:34:48 - [TEST_STEP][PASSED] - Statement - For ([i = 0, i < linkUserName.size(), (i++)]): null

2018-09-15 10:34:48 - [TEST_STEP][PASSED] - Statement - linkLogmembername = linkUserName.get(i).getText(): null

2018-09-15 10:34:48 - [TEST_STEP][PASSED] - Statement - If (linkLogmembername.equals(teamMeberName)): null

2018-09-15 10:34:48 - [TEST_STEP][PASSED] - Statement - linkLogmembername = linkUserName.get(i).getText(): null

2018-09-15 10:34:48 - [TEST_STEP][PASSED] - Statement - If (linkLogmembername.equals(teamMeberName)): null

2018-09-15 10:34:48 - [TEST_STEP][PASSED] - Statement - linkLogmembername = linkUserName.get(i).getText(): null

2018-09-15 10:34:48 - [TEST_STEP][PASSED] - Statement - If (linkLogmembername.equals(teamMeberName)): null

2018-09-15 10:34:48 - [TEST_STEP][PASSED] - Statement - linkLogmembername = linkUserName.get(i).getText(): null

2018-09-15 10:34:48 - [TEST_STEP][PASSED] - Statement - If (linkLogmembername.equals(teamMeberName)): null

2018-09-15 10:34:48 - [TEST_STEP][PASSED] - Statement - linkLogmembername = linkUserName.get(i).getText(): null

2018-09-15 10:34:48 - [TEST_STEP][PASSED] - Statement - If (linkLogmembername.equals(teamMeberName)): null

2018-09-15 10:34:48 - [TEST_STEP][PASSED] - Statement - linkLogmembername = linkUserName.get(i).getText(): null

2018-09-15 10:34:48 - [TEST_STEP][PASSED] - Statement - If (linkLogmembername.equals(teamMeberName)): null

2018-09-15 10:34:48 - [TEST_STEP][PASSED] - Statement - linkLogmembername = linkUserName.get(i).getText(): null

2018-09-15 10:34:48 - [TEST_STEP][PASSED] - Statement - If (linkLogmembername.equals(teamMeberName)): null

2018-09-15 10:34:48 - [TEST_STEP][PASSED] - Statement - linkLogmembername = linkUserName.get(i).getText(): null

2018-09-15 10:34:48 - [TEST_STEP][PASSED] - Statement - If (linkLogmembername.equals(teamMeberName)): null

2018-09-15 10:34:48 - [TEST_STEP][PASSED] - Statement - out.println("Admin Console: " + linkLogmembername): null

2018-09-15 10:34:48 - [TEST_STEP][PASSED] - Statement - linkLogmembername = linkUserName.get(i).getText(): null

2018-09-15 10:34:48 - [TEST_STEP][PASSED] - Statement - If (linkLogmembername.equals(teamMeberName)): null

2018-09-15 10:34:48 - [TEST_STEP][PASSED] - Statement - linkLogmembername = linkUserName.get(i).getText(): null

2018-09-15 10:34:48 - [TEST_STEP][PASSED] - Statement - If (linkLogmembername.equals(teamMeberName)): null

2018-09-15 10:34:48 - [TEST_STEP][PASSED] - Statement - linkLogmembername = linkUserName.get(i).getText(): null

2018-09-15 10:34:48 - [TEST_STEP][PASSED] - Statement - If (linkLogmembername.equals(teamMeberName)): null

2018-09-15 10:34:48 - [TEST_STEP][PASSED] - Statement - linkLogmembername = linkUserName.get(i).getText(): null

2018-09-15 10:34:48 - [TEST_STEP][PASSED] - Statement - If (linkLogmembername.equals(teamMeberName)): null

2018-09-15 10:34:48 - [TEST_STEP][PASSED] - Statement - linkLogmembername = linkUserName.get(i).getText(): null

2018-09-15 10:34:48 - [TEST_STEP][PASSED] - Statement - If (linkLogmembername.equals(teamMeberName)): null

2018-09-15 10:34:48 - [TEST_STEP][PASSED] - Statement - linkLogmembername = linkUserName.get(i).getText(): null

2018-09-15 10:34:48 - [TEST_STEP][PASSED] - Statement - If (linkLogmembername.equals(teamMeberName)): null

2018-09-15 10:34:48 - [TEST_STEP][PASSED] - Statement - linkLogmembername = linkUserName.get(i).getText(): null

2018-09-15 10:34:48 - [TEST_STEP][PASSED] - Statement - If (linkLogmembername.equals(teamMeberName)): null

2018-09-15 10:34:48 - [TEST_STEP][PASSED] - Statement - linkLogmembername = linkUserName.get(i).getText(): null

2018-09-15 10:34:48 - [TEST_STEP][PASSED] - Statement - If (linkLogmembername.equals(teamMeberName)): null

2018-09-15 10:34:48 - [TEST_STEP][PASSED] - Statement - linkLogmembername = linkUserName.get(i).getText(): null

2018-09-15 10:34:48 - [TEST_STEP][PASSED] - Statement - If (linkLogmembername.equals(teamMeberName)): null

2018-09-15 10:34:48 - [TEST_STEP][PASSED] - Statement - linkLogmembername = linkUserName.get(i).getText(): null

2018-09-15 10:34:48 - [TEST_STEP][PASSED] - Statement - If (linkLogmembername.equals(teamMeberName)): null

2018-09-15 10:34:48 - [TEST_STEP][PASSED] - Statement - linkLogmembername = linkUserName.get(i).getText(): null

2018-09-15 10:34:48 - [TEST_STEP][PASSED] - Statement - If (linkLogmembername.equals(teamMeberName)): null

2018-09-15 10:34:48 - [TEST_STEP][PASSED] - Statement - linkLogmembername = linkUserName.get(i).getText(): null

2018-09-15 10:34:48 - [TEST_STEP][PASSED] - Statement - If (linkLogmembername.equals(teamMeberName)): null

2018-09-15 10:34:48 - [TEST_STEP][PASSED] - Statement - linkLogmembername = linkUserName.get(i).getText(): null

2018-09-15 10:34:48 - [TEST_STEP][PASSED] - Statement - If (linkLogmembername.equals(teamMeberName)): null

2018-09-15 10:34:48 - [TEST_STEP][PASSED] - Statement - linkLogmembername = linkUserName.get(i).getText(): null

2018-09-15 10:34:48 - [TEST_STEP][PASSED] - Statement - If (linkLogmembername.equals(teamMeberName)): null

2018-09-15 10:34:48 - [TEST_STEP][PASSED] - Statement - linkLogmembername = linkUserName.get(i).getText(): null

2018-09-15 10:34:48 - [TEST_STEP][PASSED] - Statement - If (linkLogmembername.equals(teamMeberName)): null

2018-09-15 10:34:48 - [TEST_STEP][PASSED] - Statement - linkLogmembername = linkUserName.get(i).getText(): null

2018-09-15 10:34:48 - [TEST_STEP][PASSED] - Statement - If (linkLogmembername.equals(teamMeberName)): null

2018-09-15 10:34:48 - [TEST_STEP][PASSED] - Statement - linkLogmembername = linkUserName.get(i).getText(): null

2018-09-15 10:34:48 - [TEST_STEP][PASSED] - Statement - If (linkLogmembername.equals(teamMeberName)): null

2018-09-15 10:34:48 - [TEST_STEP][PASSED] - Statement - linkLogmembername = linkUserName.get(i).getText(): null

2018-09-15 10:34:49 - [TEST_STEP][PASSED] - Statement - If (linkLogmembername.equals(teamMeberName)): null

2018-09-15 10:34:49 - [TEST_STEP][PASSED] - Statement - linkLogmembername = linkUserName.get(i).getText(): null

2018-09-15 10:34:49 - [TEST_STEP][PASSED] - Statement - If (linkLogmembername.equals(teamMeberName)): null

2018-09-15 10:34:49 - [TEST_STEP][PASSED] - Statement - linkLogmembername = linkUserName.get(i).getText(): null

2018-09-15 10:34:49 - [TEST_STEP][PASSED] - Statement - If (linkLogmembername.equals(teamMeberName)): null

2018-09-15 10:34:49 - [TEST_STEP][PASSED] - Statement - linkLogmembername = linkUserName.get(i).getText(): null

2018-09-15 10:34:49 - [TEST_STEP][PASSED] - Statement - If (linkLogmembername.equals(teamMeberName)): null

2018-09-15 10:34:49 - [TEST_STEP][PASSED] - Statement - linkLogmembername = linkUserName.get(i).getText(): null

2018-09-15 10:34:49 - [TEST_STEP][PASSED] - Statement - If (linkLogmembername.equals(teamMeberName)): null

2018-09-15 10:34:49 - [TEST_STEP][PASSED] - Statement - linkLogmembername = linkUserName.get(i).getText(): null

2018-09-15 10:34:49 - [TEST_STEP][PASSED] - Statement - If (linkLogmembername.equals(teamMeberName)): null

2018-09-15 10:34:49 - [TEST_STEP][PASSED] - Statement - linkLogmembername = linkUserName.get(i).getText(): null

2018-09-15 10:34:49 - [TEST_STEP][PASSED] - Statement - If (linkLogmembername.equals(teamMeberName)): null

2018-09-15 10:34:49 - [TEST_STEP][PASSED] - Statement - linkLogmembername = linkUserName.get(i).getText(): null

2018-09-15 10:34:49 - [TEST_STEP][PASSED] - Statement - If (linkLogmembername.equals(teamMeberName)): null

2018-09-15 10:34:49 - [TEST_STEP][PASSED] - Statement - linkLogmembername = linkUserName.get(i).getText(): null

2018-09-15 10:34:49 - [TEST_STEP][PASSED] - Statement - If (linkLogmembername.equals(teamMeberName)): null

2018-09-15 10:34:49 - [TEST_STEP][PASSED] - Statement - linkLogmembername = linkUserName.get(i).getText(): null

2018-09-15 10:34:49 - [TEST_STEP][PASSED] - Statement - If (linkLogmembername.equals(teamMeberName)): null

2018-09-15 10:34:49 - [TEST_STEP][PASSED] - Statement - linkLogmembername = linkUserName.get(i).getText(): null

2018-09-15 10:34:49 - [TEST_STEP][PASSED] - Statement - If (linkLogmembername.equals(teamMeberName)): null

2018-09-15 10:34:49 - [TEST_STEP][PASSED] - Statement - linkLogmembername = linkUserName.get(i).getText(): null

2018-09-15 10:34:49 - [TEST_STEP][PASSED] - Statement - If (linkLogmembername.equals(teamMeberName)): null

2018-09-15 10:34:49 - [TEST_STEP][PASSED] - Statement - linkLogmembername = linkUserName.get(i).getText(): null

2018-09-15 10:34:49 - [TEST_STEP][PASSED] - Statement - If (linkLogmembername.equals(teamMeberName)): null

2018-09-15 10:34:49 - [TEST_STEP][PASSED] - Statement - linkLogmembername = linkUserName.get(i).getText(): null

2018-09-15 10:34:49 - [TEST_STEP][PASSED] - Statement - If (linkLogmembername.equals(teamMeberName)): null

2018-09-15 10:34:49 - [TEST_STEP][PASSED] - Statement - linkLogmembername = linkUserName.get(i).getText(): null

2018-09-15 10:34:49 - [TEST_STEP][PASSED] - Statement - If (linkLogmembername.equals(teamMeberName)): null

2018-09-15 10:34:49 - [TEST_STEP][PASSED] - Statement - linkLogmembername = linkUserName.get(i).getText(): null

2018-09-15 10:34:49 - [TEST_STEP][PASSED] - Statement - If (linkLogmembername.equals(teamMeberName)): null

2018-09-15 10:34:49 - [TEST_STEP][PASSED] - Statement - linkLogmembername = linkUserName.get(i).getText(): null

2018-09-15 10:34:49 - [TEST_STEP][PASSED] - Statement - If (linkLogmembername.equals(teamMeberName)): null

2018-09-15 10:34:49 - [TEST_STEP][PASSED] - Statement - linkLogmembername = linkUserName.get(i).getText(): null

2018-09-15 10:34:49 - [TEST_STEP][PASSED] - Statement - If (linkLogmembername.equals(teamMeberName)): null

2018-09-15 10:34:49 - [TEST_STEP][PASSED] - Statement - linkLogmembername = linkUserName.get(i).getText(): null

2018-09-15 10:34:49 - [TEST_STEP][PASSED] - Statement - If (linkLogmembername.equals(teamMeberName)): null

2018-09-15 10:34:49 - [TEST_STEP][PASSED] - Statement - linkLogmembername = linkUserName.get(i).getText(): null

2018-09-15 10:34:49 - [TEST_STEP][PASSED] - Statement - If (linkLogmembername.equals(teamMeberName)): null

2018-09-15 10:34:49 - [TEST_STEP][PASSED] - Statement - linkLogmembername = linkUserName.get(i).getText(): null

2018-09-15 10:34:49 - [TEST_STEP][PASSED] - Statement - If (linkLogmembername.equals(teamMeberName)): null

2018-09-15 10:34:49 - [TEST_STEP][PASSED] - Statement - linkLogmembername = linkUserName.get(i).getText(): null

2018-09-15 10:34:49 - [TEST_STEP][PASSED] - Statement - If (linkLogmembername.equals(teamMeberName)): null

2018-09-15 10:34:49 - [TEST_STEP][PASSED] - Statement - linkLogmembername = linkUserName.get(i).getText(): null

2018-09-15 10:34:49 - [TEST_STEP][PASSED] - Statement - If (linkLogmembername.equals(teamMeberName)): null

2018-09-15 10:34:49 - [TEST_STEP][PASSED] - Statement - linkLogmembername = linkUserName.get(i).getText(): null

2018-09-15 10:34:49 - [TEST_STEP][PASSED] - Statement - If (linkLogmembername.equals(teamMeberName)): null

2018-09-15 10:34:49 - [TEST_STEP][PASSED] - Statement - linkLogmembername = linkUserName.get(i).getText(): null

2018-09-15 10:34:49 - [TEST_STEP][PASSED] - Statement - If (linkLogmembername.equals(teamMeberName)): null

2018-09-15 10:34:49 - [TEST_STEP][PASSED] - Statement - linkLogmembername = linkUserName.get(i).getText(): null

2018-09-15 10:34:49 - [TEST_STEP][PASSED] - Statement - If (linkLogmembername.equals(teamMeberName)): null

2018-09-15 10:34:49 - [TEST_STEP][PASSED] - Statement - linkLogmembername = linkUserName.get(i).getText(): null

2018-09-15 10:34:49 - [TEST_STEP][PASSED] - Statement - If (linkLogmembername.equals(teamMeberName)): null

2018-09-15 10:34:49 - [TEST_STEP][PASSED] - Statement - linkLogmembername = linkUserName.get(i).getText(): null

2018-09-15 10:34:49 - [TEST_STEP][PASSED] - Statement - If (linkLogmembername.equals(teamMeberName)): null

2018-09-15 10:34:49 - [TEST_STEP][PASSED] - Statement - linkLogmembername = linkUserName.get(i).getText(): null

2018-09-15 10:34:50 - [TEST_STEP][PASSED] - Statement - If (linkLogmembername.equals(teamMeberName)): null

2018-09-15 10:34:50 - [TEST_STEP][PASSED] - Statement - linkLogmembername = linkUserName.get(i).getText(): null

2018-09-15 10:34:50 - [TEST_STEP][PASSED] - Statement - If (linkLogmembername.equals(teamMeberName)): null

2018-09-15 10:34:50 - [TEST_STEP][PASSED] - Statement - linkLogmembername = linkUserName.get(i).getText(): null

2018-09-15 10:34:50 - [TEST_STEP][PASSED] - Statement - If (linkLogmembername.equals(teamMeberName)): null

2018-09-15 10:34:50 - [TEST_STEP][PASSED] - Statement - linkLogmembername = linkUserName.get(i).getText(): null

2018-09-15 10:34:50 - [TEST_STEP][PASSED] - Statement - If (linkLogmembername.equals(teamMeberName)): null

2018-09-15 10:34:50 - [TEST_STEP][PASSED] - Statement - js = driver: null

2018-09-15 10:34:50 - [TEST_STEP][PASSED] - Statement - js.executeScript("window.open();"): null

2018-09-15 10:34:50 - [TEST_STEP][PASSED] - Statement - currentWindow = com.kms.katalon.core.webui.keyword.WebUiBuiltInKeywords.getWindowIndex(): Current window's index is: 0

2018-09-15 10:34:50 - [MESSAGE][PASSED] - Current window's index is: 0

2018-09-15 10:34:50 - [TEST_STEP][PASSED] - switchToWindowIndex: Switched to window with index: '1'

2018-09-15 10:34:50 - [MESSAGE][PASSED] - Switched to window with index: '1'

2018-09-15 10:34:50 - [TEST_STEP][PASSED] - navigateToUrl: Navigate to 'https://dev.vcalling.in/url/UAT/?id=UAT-1-635&c=t' successfully

2018-09-15 10:34:52 - [MESSAGE][PASSED] - Navigate to 'https://dev.vcalling.in/url/UAT/?id=UAT-1-635&c=t' successfully

2018-09-15 10:34:52 - [TEST_STEP][PASSED] - Statement - currentTab = com.kms.katalon.core.webui.keyword.WebUiBuiltInKeywords.getWindowIndex(): Current window's index is: 1

2018-09-15 10:34:52 - [MESSAGE][PASSED] - Current window's index is: 1]]></system-out>
         <system-err><![CDATA[]]></system-err>
      </testcase>
      <testcase name="Test Cases/completed/TestCase2_Link Genrator Short link/callingLinkGenrateWithNumber" classname="Test Cases/completed/TestCase2_Link Genrator Short link/callingLinkGenrateWithNumber" status="PASSED">
         <system-out><![CDATA[2018-09-15 10:34:52 - [TEST_CASE][PASSED] - Test Cases/completed/TestCase2_Link Genrator Short link/callingLinkGenrateWithNumber: Test Cases/completed/TestCase2_Link Genrator Short link/callingLinkGenrateWithNumber

2018-09-15 10:34:53 - [TEST_STEP][PASSED] - callTestCase: Call Test Case 'Test Cases/BVT/aSimple_Login' successfully

2018-09-15 10:34:53 - [TEST_CASE][PASSED] - Test Cases/BVT/aSimple_Login: Test Cases/BVT/aSimple_Login

2018-09-15 10:34:53 - [TEST_STEP][PASSED] - openBrowser: Browser is opened with url: ''

2018-09-15 10:34:53 - [MESSAGE][WARNING] - A browser is already opened. Closing browser and opening a new one

2018-09-15 10:34:56 - [MESSAGE][PASSED] - Browser is opened with url: ''

2018-09-15 10:34:56 - [TEST_STEP][PASSED] - maximizeWindow: Current window maximized

2018-09-15 10:34:57 - [MESSAGE][PASSED] - Current window maximized

2018-09-15 10:34:57 - [TEST_STEP][PASSED] - navigateToUrl: Navigate to 'https://dev.vcalling.in/enterprises/UAT/Dashboard/index.html' successfully

2018-09-15 10:35:01 - [MESSAGE][PASSED] - Navigate to 'https://dev.vcalling.in/enterprises/UAT/Dashboard/index.html' successfully

2018-09-15 10:35:01 - [TEST_STEP][PASSED] - setText: Text 'testing4dea@gmail.com' is set on object 'Object Repository/Login/UserId'

2018-09-15 10:35:01 - [MESSAGE][PASSED] - Text 'testing4dea@gmail.com' is set on object 'Object Repository/Login/UserId'

2018-09-15 10:35:01 - [TEST_STEP][PASSED] - click: Object: 'Object Repository/Login/div_GET OTP' is clicked on

2018-09-15 10:35:02 - [MESSAGE][PASSED] - Object: 'Object Repository/Login/div_GET OTP' is clicked on

2018-09-15 10:35:02 - [TEST_STEP][PASSED] - waitForElementPresent: Object 'Object Repository/Login/div_SUBMIT' is present

2018-09-15 10:35:03 - [MESSAGE][PASSED] - Object 'Object Repository/Login/div_SUBMIT' is present

2018-09-15 10:35:03 - [TEST_STEP][PASSED] - Statement - If (com.kms.katalon.core.webui.keyword.WebUiBuiltInKeywords.verifyElementNotPresent(com.kms.katalon.core.testobject.ObjectRepository.findTestObject(Login/div_SUBMIT), 5, OPTIONAL)): Web element with id: 'Object Repository/Login/div_SUBMIT' located by 'By.xpath: //div[(text() = ' SUBMIT ' or . = ' SUBMIT ')]' is present after '5' second(s)

2018-09-15 10:35:09 - [MESSAGE][WARNING] - Web element with id: 'Object Repository/Login/div_SUBMIT' located by 'By.xpath: //div[(text() = ' SUBMIT ' or . = ' SUBMIT ')]' is present after '5' second(s)
[[ATTACHMENT|C:\\Users\\Kaushal\\Desktop\\Katalon Studio\\vCallingDashboard\\Reports\\RegressionSuite\\20180915_103222\\1537004108840.png]]

2018-09-15 10:35:09 - [TEST_STEP][PASSED] - Statement - sleep(5000): null

2018-09-15 10:35:14 - [TEST_STEP][PASSED] - Statement - OTP = getOTP(): null

2018-09-15 10:35:14 - [TEST_STEP][PASSED] - Statement - host = "imap.gmail.com": null

2018-09-15 10:35:14 - [TEST_STEP][PASSED] - Statement - msg = <not implemented yet for class: org.codehaus.groovy.ast.expr.EmptyExpression>: null

2018-09-15 10:35:14 - [TEST_STEP][PASSED] - Statement - msgSub = <not implemented yet for class: org.codehaus.groovy.ast.expr.EmptyExpression>: null

2018-09-15 10:35:14 - [TEST_STEP][PASSED] - Statement - OTP = "unavailable": null

2018-09-15 10:35:14 - [TEST_STEP][PASSED] - Statement - props = new java.util.Properties(): null

2018-09-15 10:35:14 - [TEST_STEP][PASSED] - Statement - props.setProperty("mail.imap.ssl.enable", "true"): null

2018-09-15 10:35:14 - [TEST_STEP][PASSED] - Statement - session = javax.mail.Session.getInstance(props): null

2018-09-15 10:35:14 - [TEST_STEP][PASSED] - Statement - store = <not implemented yet for class: org.codehaus.groovy.ast.expr.EmptyExpression>: null

2018-09-15 10:35:14 - [TEST_STEP][PASSED] - Statement - Try: null

2018-09-15 10:35:14 - [TEST_STEP][PASSED] - Statement - store = session.getStore("imap"): null

2018-09-15 10:35:14 - [TEST_STEP][PASSED] - Statement - store.connect(host, Email, Password): null

2018-09-15 10:35:16 - [TEST_STEP][PASSED] - Statement - emailFolder = store.getFolder("INBOX"): null

2018-09-15 10:35:16 - [TEST_STEP][PASSED] - Statement - emailFolder.open(READ_WRITE): null

2018-09-15 10:35:16 - [TEST_STEP][PASSED] - Statement - messages = emailFolder.getMessages(): null

2018-09-15 10:35:16 - [TEST_STEP][PASSED] - Statement - n = length: null

2018-09-15 10:35:16 - [TEST_STEP][PASSED] - Statement - message = messages[n - 1]: null

2018-09-15 10:35:16 - [TEST_STEP][PASSED] - Statement - msgSub = message.getSubject(): null

2018-09-15 10:35:16 - [TEST_STEP][PASSED] - Statement - If (msgSub.equals("OTP to Sign In")): null

2018-09-15 10:35:16 - [TEST_STEP][PASSED] - Statement - msg = message.getContent().toString(): null

2018-09-15 10:35:17 - [TEST_STEP][PASSED] - Statement - OTP = msg.substring(msg.length() - 7): null

2018-09-15 10:35:17 - [TEST_STEP][PASSED] - Statement - message.setFlag(DELETED, true): null

2018-09-15 10:35:18 - [TEST_STEP][PASSED] - Statement - emailFolder.close(true): null

2018-09-15 10:35:18 - [TEST_STEP][PASSED] - Statement - store.close(): null

2018-09-15 10:35:18 - [TEST_STEP][PASSED] - Statement - return OTP: null

2018-09-15 10:35:18 - [TEST_STEP][PASSED] - Statement - If (OTP.equals("unavailable")): null

2018-09-15 10:35:18 - [TEST_STEP][PASSED] - Statement - Else: Text 'n4253
' is set on object 'Object Repository/Login/OtpInput'

2018-09-15 10:35:18 - [TEST_STEP][PASSED] - setText: Text 'n4253
' is set on object 'Object Repository/Login/OtpInput'

2018-09-15 10:35:18 - [MESSAGE][PASSED] - Text 'n4253
' is set on object 'Object Repository/Login/OtpInput'

2018-09-15 10:35:18 - [TEST_STEP][PASSED] - verifyElementPresent: Object 'Object Repository/Login/afterOpenDisplay' is present

2018-09-15 10:35:19 - [MESSAGE][PASSED] - Object 'Object Repository/Login/afterOpenDisplay' is present

2018-09-15 10:35:19 - [MESSAGE][PASSED] - Call Test Case 'Test Cases/BVT/aSimple_Login' successfully

2018-09-15 10:35:19 - [TEST_STEP][PASSED] - Statement - driver = com.kms.katalon.core.webui.driver.DriverFactory.getWebDriver(): null

2018-09-15 10:35:19 - [TEST_STEP][PASSED] - click: Object: 'Object Repository/Dashboard_Link Generator/linkgeneratorIcon' is clicked on

2018-09-15 10:35:20 - [MESSAGE][PASSED] - Object: 'Object Repository/Dashboard_Link Generator/linkgeneratorIcon' is clicked on

2018-09-15 10:35:20 - [TEST_STEP][PASSED] - Statement - number = CustomKeywords.phoneNumbers.contactNumbers.randomString(9): phoneNumbers.contactNumbers.randomString is PASSED

2018-09-15 10:35:20 - [MESSAGE][PASSED] - phoneNumbers.contactNumbers.randomString is PASSED

2018-09-15 10:35:20 - [TEST_STEP][PASSED] - Statement - Mobile_Number = number: null

2018-09-15 10:35:20 - [TEST_STEP][PASSED] - setText: Text '7469745861' is set on object 'Object Repository/Dashboard_Link Generator/contactNumber'

2018-09-15 10:35:21 - [MESSAGE][PASSED] - Text '7469745861' is set on object 'Object Repository/Dashboard_Link Generator/contactNumber'

2018-09-15 10:35:21 - [TEST_STEP][PASSED] - click: Object: 'Object Repository/Dashboard_Link Generator/callOnly' is clicked on

2018-09-15 10:35:21 - [MESSAGE][PASSED] - Object: 'Object Repository/Dashboard_Link Generator/callOnly' is clicked on

2018-09-15 10:35:21 - [TEST_STEP][PASSED] - click: Object: 'Object Repository/Dashboard_Link Generator/div_GET LINK' is clicked on

2018-09-15 10:35:21 - [MESSAGE][PASSED] - Object: 'Object Repository/Dashboard_Link Generator/div_GET LINK' is clicked on

2018-09-15 10:35:21 - [TEST_STEP][PASSED] - Statement - getLink = com.kms.katalon.core.webui.keyword.WebUiBuiltInKeywords.getAttribute(com.kms.katalon.core.testobject.ObjectRepository.findTestObject(Dashboard_Link Generator/shortLinkUrlCopy), "value"): Attribute 'value' of object 'Object Repository/Dashboard_Link Generator/shortLinkUrlCopy' is: 'https://dev.vcalling.in/url/UAT/?id=UAT-1-636&c=t'

2018-09-15 10:35:21 - [MESSAGE][PASSED] - Attribute 'value' of object 'Object Repository/Dashboard_Link Generator/shortLinkUrlCopy' is: 'https://dev.vcalling.in/url/UAT/?id=UAT-1-636&c=t'

2018-09-15 10:35:21 - [TEST_STEP][PASSED] - Statement - println(getLink): null

2018-09-15 10:35:21 - [TEST_STEP][PASSED] - delay: Delayed 2 second(s)

2018-09-15 10:35:23 - [MESSAGE][PASSED] - Delayed 2 second(s)

2018-09-15 10:35:23 - [TEST_STEP][PASSED] - click: Object: 'Object Repository/Dashboard_Link Generator/shortLinkCOpy' is clicked on

2018-09-15 10:35:24 - [MESSAGE][PASSED] - Object: 'Object Repository/Dashboard_Link Generator/shortLinkCOpy' is clicked on

2018-09-15 10:35:24 - [TEST_STEP][PASSED] - delay: Delayed 2 second(s)

2018-09-15 10:35:26 - [MESSAGE][PASSED] - Delayed 2 second(s)

2018-09-15 10:35:26 - [TEST_STEP][PASSED] - click: Object: 'Object Repository/Dashboard_Link Generator/linkCopyShort' is clicked on

2018-09-15 10:35:26 - [MESSAGE][PASSED] - Object: 'Object Repository/Dashboard_Link Generator/linkCopyShort' is clicked on

2018-09-15 10:35:26 - [TEST_STEP][PASSED] - Statement - If (com.kms.katalon.core.webui.keyword.WebUiBuiltInKeywords.verifyElementPresent(com.kms.katalon.core.testobject.ObjectRepository.findTestObject(Dashboard_Link Generator/validation), 5, OPTIONAL)): null

2018-09-15 10:35:26 - [MESSAGE][PASSED] - Object 'Object Repository/Dashboard_Link Generator/validation' is present

2018-09-15 10:35:26 - [TEST_STEP][PASSED] - Statement - validationMessage = com.kms.katalon.core.webui.keyword.WebUiBuiltInKeywords.getText(com.kms.katalon.core.testobject.ObjectRepository.findTestObject(Dashboard_Link Generator/validation)): Text of object 'Object Repository/Dashboard_Link Generator/validation' is: 'Short Link Copied.!'

2018-09-15 10:35:26 - [MESSAGE][PASSED] - Text of object 'Object Repository/Dashboard_Link Generator/validation' is: 'Short Link Copied.!'

2018-09-15 10:35:26 - [TEST_STEP][PASSED] - verifyMatch: Actual text 'Short Link Copied.!' and expected text 'Short Link Copied.!' are matched 

2018-09-15 10:35:26 - [MESSAGE][PASSED] - Actual text 'Short Link Copied.!' and expected text 'Short Link Copied.!' are matched 

2018-09-15 10:35:26 - [TEST_STEP][PASSED] - Statement - println("successful"): null

2018-09-15 10:35:26 - [TEST_STEP][PASSED] - delay: Delayed 5 second(s)

2018-09-15 10:35:31 - [MESSAGE][PASSED] - Delayed 5 second(s)

2018-09-15 10:35:31 - [TEST_STEP][PASSED] - Statement - linkUserName = driver.findElements(org.openqa.selenium.By.className("text-link-log")): null

2018-09-15 10:35:31 - [TEST_STEP][PASSED] - Statement - previousCountValue = 0: null

2018-09-15 10:35:31 - [TEST_STEP][PASSED] - Statement - For ([i = 0, i < linkUserName.size(), (i++)]): null

2018-09-15 10:35:31 - [TEST_STEP][PASSED] - Statement - linkLogmembername = linkUserName.get(i).getText(): null

2018-09-15 10:35:31 - [TEST_STEP][PASSED] - Statement - If (linkLogmembername.equals(teamMeberName)): null

2018-09-15 10:35:31 - [TEST_STEP][PASSED] - Statement - linkLogmembername = linkUserName.get(i).getText(): null

2018-09-15 10:35:31 - [TEST_STEP][PASSED] - Statement - If (linkLogmembername.equals(teamMeberName)): null

2018-09-15 10:35:31 - [TEST_STEP][PASSED] - Statement - linkLogmembername = linkUserName.get(i).getText(): null

2018-09-15 10:35:31 - [TEST_STEP][PASSED] - Statement - If (linkLogmembername.equals(teamMeberName)): null

2018-09-15 10:35:31 - [TEST_STEP][PASSED] - Statement - linkLogmembername = linkUserName.get(i).getText(): null

2018-09-15 10:35:31 - [TEST_STEP][PASSED] - Statement - If (linkLogmembername.equals(teamMeberName)): null

2018-09-15 10:35:31 - [TEST_STEP][PASSED] - Statement - linkLogmembername = linkUserName.get(i).getText(): null

2018-09-15 10:35:31 - [TEST_STEP][PASSED] - Statement - If (linkLogmembername.equals(teamMeberName)): null

2018-09-15 10:35:31 - [TEST_STEP][PASSED] - Statement - linkLogmembername = linkUserName.get(i).getText(): null

2018-09-15 10:35:31 - [TEST_STEP][PASSED] - Statement - If (linkLogmembername.equals(teamMeberName)): null

2018-09-15 10:35:31 - [TEST_STEP][PASSED] - Statement - linkLogmembername = linkUserName.get(i).getText(): null

2018-09-15 10:35:31 - [TEST_STEP][PASSED] - Statement - If (linkLogmembername.equals(teamMeberName)): null

2018-09-15 10:35:31 - [TEST_STEP][PASSED] - Statement - linkLogmembername = linkUserName.get(i).getText(): null

2018-09-15 10:35:31 - [TEST_STEP][PASSED] - Statement - If (linkLogmembername.equals(teamMeberName)): null

2018-09-15 10:35:31 - [TEST_STEP][PASSED] - Statement - linkLogmembername = linkUserName.get(i).getText(): null

2018-09-15 10:35:31 - [TEST_STEP][PASSED] - Statement - If (linkLogmembername.equals(teamMeberName)): null

2018-09-15 10:35:31 - [TEST_STEP][PASSED] - Statement - linkLogmembername = linkUserName.get(i).getText(): null

2018-09-15 10:35:31 - [TEST_STEP][PASSED] - Statement - If (linkLogmembername.equals(teamMeberName)): null

2018-09-15 10:35:31 - [TEST_STEP][PASSED] - Statement - linkLogmembername = linkUserName.get(i).getText(): null

2018-09-15 10:35:31 - [TEST_STEP][PASSED] - Statement - If (linkLogmembername.equals(teamMeberName)): null

2018-09-15 10:35:31 - [TEST_STEP][PASSED] - Statement - linkLogmembername = linkUserName.get(i).getText(): null

2018-09-15 10:35:31 - [TEST_STEP][PASSED] - Statement - If (linkLogmembername.equals(teamMeberName)): null

2018-09-15 10:35:31 - [TEST_STEP][PASSED] - Statement - linkLogmembername = linkUserName.get(i).getText(): null

2018-09-15 10:35:31 - [TEST_STEP][PASSED] - Statement - If (linkLogmembername.equals(teamMeberName)): null

2018-09-15 10:35:31 - [TEST_STEP][PASSED] - Statement - out.println("Admin Console: " + linkLogmembername): null

2018-09-15 10:35:31 - [TEST_STEP][PASSED] - Statement - linkLogmembername = linkUserName.get(i).getText(): null

2018-09-15 10:35:31 - [TEST_STEP][PASSED] - Statement - If (linkLogmembername.equals(teamMeberName)): null

2018-09-15 10:35:31 - [TEST_STEP][PASSED] - Statement - linkLogmembername = linkUserName.get(i).getText(): null

2018-09-15 10:35:31 - [TEST_STEP][PASSED] - Statement - If (linkLogmembername.equals(teamMeberName)): null

2018-09-15 10:35:31 - [TEST_STEP][PASSED] - Statement - linkLogmembername = linkUserName.get(i).getText(): null

2018-09-15 10:35:31 - [TEST_STEP][PASSED] - Statement - If (linkLogmembername.equals(teamMeberName)): null

2018-09-15 10:35:31 - [TEST_STEP][PASSED] - Statement - linkLogmembername = linkUserName.get(i).getText(): null

2018-09-15 10:35:32 - [TEST_STEP][PASSED] - Statement - If (linkLogmembername.equals(teamMeberName)): null

2018-09-15 10:35:32 - [TEST_STEP][PASSED] - Statement - linkLogmembername = linkUserName.get(i).getText(): null

2018-09-15 10:35:32 - [TEST_STEP][PASSED] - Statement - If (linkLogmembername.equals(teamMeberName)): null

2018-09-15 10:35:32 - [TEST_STEP][PASSED] - Statement - linkLogmembername = linkUserName.get(i).getText(): null

2018-09-15 10:35:32 - [TEST_STEP][PASSED] - Statement - If (linkLogmembername.equals(teamMeberName)): null

2018-09-15 10:35:32 - [TEST_STEP][PASSED] - Statement - linkLogmembername = linkUserName.get(i).getText(): null

2018-09-15 10:35:32 - [TEST_STEP][PASSED] - Statement - If (linkLogmembername.equals(teamMeberName)): null

2018-09-15 10:35:32 - [TEST_STEP][PASSED] - Statement - linkLogmembername = linkUserName.get(i).getText(): null

2018-09-15 10:35:32 - [TEST_STEP][PASSED] - Statement - If (linkLogmembername.equals(teamMeberName)): null

2018-09-15 10:35:32 - [TEST_STEP][PASSED] - Statement - linkLogmembername = linkUserName.get(i).getText(): null

2018-09-15 10:35:32 - [TEST_STEP][PASSED] - Statement - If (linkLogmembername.equals(teamMeberName)): null

2018-09-15 10:35:32 - [TEST_STEP][PASSED] - Statement - linkLogmembername = linkUserName.get(i).getText(): null

2018-09-15 10:35:32 - [TEST_STEP][PASSED] - Statement - If (linkLogmembername.equals(teamMeberName)): null

2018-09-15 10:35:32 - [TEST_STEP][PASSED] - Statement - linkLogmembername = linkUserName.get(i).getText(): null

2018-09-15 10:35:32 - [TEST_STEP][PASSED] - Statement - If (linkLogmembername.equals(teamMeberName)): null

2018-09-15 10:35:32 - [TEST_STEP][PASSED] - Statement - linkLogmembername = linkUserName.get(i).getText(): null

2018-09-15 10:35:32 - [TEST_STEP][PASSED] - Statement - If (linkLogmembername.equals(teamMeberName)): null

2018-09-15 10:35:32 - [TEST_STEP][PASSED] - Statement - linkLogmembername = linkUserName.get(i).getText(): null

2018-09-15 10:35:32 - [TEST_STEP][PASSED] - Statement - If (linkLogmembername.equals(teamMeberName)): null

2018-09-15 10:35:32 - [TEST_STEP][PASSED] - Statement - linkLogmembername = linkUserName.get(i).getText(): null

2018-09-15 10:35:32 - [TEST_STEP][PASSED] - Statement - If (linkLogmembername.equals(teamMeberName)): null

2018-09-15 10:35:32 - [TEST_STEP][PASSED] - Statement - linkLogmembername = linkUserName.get(i).getText(): null

2018-09-15 10:35:32 - [TEST_STEP][PASSED] - Statement - If (linkLogmembername.equals(teamMeberName)): null

2018-09-15 10:35:32 - [TEST_STEP][PASSED] - Statement - linkLogmembername = linkUserName.get(i).getText(): null

2018-09-15 10:35:32 - [TEST_STEP][PASSED] - Statement - If (linkLogmembername.equals(teamMeberName)): null

2018-09-15 10:35:32 - [TEST_STEP][PASSED] - Statement - linkLogmembername = linkUserName.get(i).getText(): null

2018-09-15 10:35:32 - [TEST_STEP][PASSED] - Statement - If (linkLogmembername.equals(teamMeberName)): null

2018-09-15 10:35:32 - [TEST_STEP][PASSED] - Statement - linkLogmembername = linkUserName.get(i).getText(): null

2018-09-15 10:35:32 - [TEST_STEP][PASSED] - Statement - If (linkLogmembername.equals(teamMeberName)): null

2018-09-15 10:35:32 - [TEST_STEP][PASSED] - Statement - linkLogmembername = linkUserName.get(i).getText(): null

2018-09-15 10:35:32 - [TEST_STEP][PASSED] - Statement - If (linkLogmembername.equals(teamMeberName)): null

2018-09-15 10:35:32 - [TEST_STEP][PASSED] - Statement - linkLogmembername = linkUserName.get(i).getText(): null

2018-09-15 10:35:32 - [TEST_STEP][PASSED] - Statement - If (linkLogmembername.equals(teamMeberName)): null

2018-09-15 10:35:32 - [TEST_STEP][PASSED] - Statement - linkLogmembername = linkUserName.get(i).getText(): null

2018-09-15 10:35:32 - [TEST_STEP][PASSED] - Statement - If (linkLogmembername.equals(teamMeberName)): null

2018-09-15 10:35:32 - [TEST_STEP][PASSED] - Statement - linkLogmembername = linkUserName.get(i).getText(): null

2018-09-15 10:35:32 - [TEST_STEP][PASSED] - Statement - If (linkLogmembername.equals(teamMeberName)): null

2018-09-15 10:35:32 - [TEST_STEP][PASSED] - Statement - linkLogmembername = linkUserName.get(i).getText(): null

2018-09-15 10:35:32 - [TEST_STEP][PASSED] - Statement - If (linkLogmembername.equals(teamMeberName)): null

2018-09-15 10:35:32 - [TEST_STEP][PASSED] - Statement - linkLogmembername = linkUserName.get(i).getText(): null

2018-09-15 10:35:32 - [TEST_STEP][PASSED] - Statement - If (linkLogmembername.equals(teamMeberName)): null

2018-09-15 10:35:32 - [TEST_STEP][PASSED] - Statement - linkLogmembername = linkUserName.get(i).getText(): null

2018-09-15 10:35:32 - [TEST_STEP][PASSED] - Statement - If (linkLogmembername.equals(teamMeberName)): null

2018-09-15 10:35:32 - [TEST_STEP][PASSED] - Statement - linkLogmembername = linkUserName.get(i).getText(): null

2018-09-15 10:35:32 - [TEST_STEP][PASSED] - Statement - If (linkLogmembername.equals(teamMeberName)): null

2018-09-15 10:35:32 - [TEST_STEP][PASSED] - Statement - linkLogmembername = linkUserName.get(i).getText(): null

2018-09-15 10:35:32 - [TEST_STEP][PASSED] - Statement - If (linkLogmembername.equals(teamMeberName)): null

2018-09-15 10:35:32 - [TEST_STEP][PASSED] - Statement - linkLogmembername = linkUserName.get(i).getText(): null

2018-09-15 10:35:32 - [TEST_STEP][PASSED] - Statement - If (linkLogmembername.equals(teamMeberName)): null

2018-09-15 10:35:32 - [TEST_STEP][PASSED] - Statement - linkLogmembername = linkUserName.get(i).getText(): null

2018-09-15 10:35:32 - [TEST_STEP][PASSED] - Statement - If (linkLogmembername.equals(teamMeberName)): null

2018-09-15 10:35:32 - [TEST_STEP][PASSED] - Statement - linkLogmembername = linkUserName.get(i).getText(): null

2018-09-15 10:35:32 - [TEST_STEP][PASSED] - Statement - If (linkLogmembername.equals(teamMeberName)): null

2018-09-15 10:35:32 - [TEST_STEP][PASSED] - Statement - linkLogmembername = linkUserName.get(i).getText(): null

2018-09-15 10:35:32 - [TEST_STEP][PASSED] - Statement - If (linkLogmembername.equals(teamMeberName)): null

2018-09-15 10:35:32 - [TEST_STEP][PASSED] - Statement - linkLogmembername = linkUserName.get(i).getText(): null

2018-09-15 10:35:32 - [TEST_STEP][PASSED] - Statement - If (linkLogmembername.equals(teamMeberName)): null

2018-09-15 10:35:32 - [TEST_STEP][PASSED] - Statement - linkLogmembername = linkUserName.get(i).getText(): null

2018-09-15 10:35:32 - [TEST_STEP][PASSED] - Statement - If (linkLogmembername.equals(teamMeberName)): null

2018-09-15 10:35:32 - [TEST_STEP][PASSED] - Statement - linkLogmembername = linkUserName.get(i).getText(): null

2018-09-15 10:35:33 - [TEST_STEP][PASSED] - Statement - If (linkLogmembername.equals(teamMeberName)): null

2018-09-15 10:35:33 - [TEST_STEP][PASSED] - Statement - linkLogmembername = linkUserName.get(i).getText(): null

2018-09-15 10:35:33 - [TEST_STEP][PASSED] - Statement - If (linkLogmembername.equals(teamMeberName)): null

2018-09-15 10:35:33 - [TEST_STEP][PASSED] - Statement - linkLogmembername = linkUserName.get(i).getText(): null

2018-09-15 10:35:33 - [TEST_STEP][PASSED] - Statement - If (linkLogmembername.equals(teamMeberName)): null

2018-09-15 10:35:33 - [TEST_STEP][PASSED] - Statement - linkLogmembername = linkUserName.get(i).getText(): null

2018-09-15 10:35:33 - [TEST_STEP][PASSED] - Statement - If (linkLogmembername.equals(teamMeberName)): null

2018-09-15 10:35:33 - [TEST_STEP][PASSED] - Statement - linkLogmembername = linkUserName.get(i).getText(): null

2018-09-15 10:35:33 - [TEST_STEP][PASSED] - Statement - If (linkLogmembername.equals(teamMeberName)): null

2018-09-15 10:35:33 - [TEST_STEP][PASSED] - Statement - linkLogmembername = linkUserName.get(i).getText(): null

2018-09-15 10:35:33 - [TEST_STEP][PASSED] - Statement - If (linkLogmembername.equals(teamMeberName)): null

2018-09-15 10:35:33 - [TEST_STEP][PASSED] - Statement - linkLogmembername = linkUserName.get(i).getText(): null

2018-09-15 10:35:33 - [TEST_STEP][PASSED] - Statement - If (linkLogmembername.equals(teamMeberName)): null

2018-09-15 10:35:33 - [TEST_STEP][PASSED] - Statement - linkLogmembername = linkUserName.get(i).getText(): null

2018-09-15 10:35:33 - [TEST_STEP][PASSED] - Statement - If (linkLogmembername.equals(teamMeberName)): null

2018-09-15 10:35:33 - [TEST_STEP][PASSED] - Statement - linkLogmembername = linkUserName.get(i).getText(): null

2018-09-15 10:35:33 - [TEST_STEP][PASSED] - Statement - If (linkLogmembername.equals(teamMeberName)): null

2018-09-15 10:35:33 - [TEST_STEP][PASSED] - Statement - linkLogmembername = linkUserName.get(i).getText(): null

2018-09-15 10:35:33 - [TEST_STEP][PASSED] - Statement - If (linkLogmembername.equals(teamMeberName)): null

2018-09-15 10:35:33 - [TEST_STEP][PASSED] - Statement - linkLogmembername = linkUserName.get(i).getText(): null

2018-09-15 10:35:33 - [TEST_STEP][PASSED] - Statement - If (linkLogmembername.equals(teamMeberName)): null

2018-09-15 10:35:33 - [TEST_STEP][PASSED] - Statement - js = driver: null

2018-09-15 10:35:33 - [TEST_STEP][PASSED] - Statement - js.executeScript("window.open();"): null

2018-09-15 10:35:33 - [TEST_STEP][PASSED] - Statement - currentWindow = com.kms.katalon.core.webui.keyword.WebUiBuiltInKeywords.getWindowIndex(): Current window's index is: 0

2018-09-15 10:35:33 - [MESSAGE][PASSED] - Current window's index is: 0

2018-09-15 10:35:33 - [TEST_STEP][PASSED] - switchToWindowIndex: Switched to window with index: '1'

2018-09-15 10:35:33 - [MESSAGE][PASSED] - Switched to window with index: '1'

2018-09-15 10:35:33 - [TEST_STEP][PASSED] - navigateToUrl: Navigate to 'https://dev.vcalling.in/url/UAT/?id=UAT-1-636&c=t' successfully

2018-09-15 10:35:35 - [MESSAGE][PASSED] - Navigate to 'https://dev.vcalling.in/url/UAT/?id=UAT-1-636&c=t' successfully

2018-09-15 10:35:35 - [TEST_STEP][PASSED] - Statement - currentTab = com.kms.katalon.core.webui.keyword.WebUiBuiltInKeywords.getWindowIndex(): Current window's index is: 1

2018-09-15 10:35:36 - [MESSAGE][PASSED] - Current window's index is: 1]]></system-out>
         <system-err><![CDATA[]]></system-err>
      </testcase>
      <testcase name="Test Cases/completed/TestCase2_Link Genrator Short link/callingLinkGenrateWithTag" classname="Test Cases/completed/TestCase2_Link Genrator Short link/callingLinkGenrateWithTag" status="PASSED">
         <system-out><![CDATA[2018-09-15 10:35:36 - [TEST_CASE][PASSED] - Test Cases/completed/TestCase2_Link Genrator Short link/callingLinkGenrateWithTag: Test Cases/completed/TestCase2_Link Genrator Short link/callingLinkGenrateWithTag

2018-09-15 10:35:36 - [TEST_STEP][PASSED] - callTestCase: Call Test Case 'Test Cases/BVT/aSimple_Login' successfully

2018-09-15 10:35:36 - [TEST_CASE][PASSED] - Test Cases/BVT/aSimple_Login: Test Cases/BVT/aSimple_Login

2018-09-15 10:35:36 - [TEST_STEP][PASSED] - openBrowser: Browser is opened with url: ''

2018-09-15 10:35:36 - [MESSAGE][WARNING] - A browser is already opened. Closing browser and opening a new one

2018-09-15 10:35:40 - [MESSAGE][PASSED] - Browser is opened with url: ''

2018-09-15 10:35:40 - [TEST_STEP][PASSED] - maximizeWindow: Current window maximized

2018-09-15 10:35:41 - [MESSAGE][PASSED] - Current window maximized

2018-09-15 10:35:41 - [TEST_STEP][PASSED] - navigateToUrl: Navigate to 'https://dev.vcalling.in/enterprises/UAT/Dashboard/index.html' successfully

2018-09-15 10:35:44 - [MESSAGE][PASSED] - Navigate to 'https://dev.vcalling.in/enterprises/UAT/Dashboard/index.html' successfully

2018-09-15 10:35:44 - [TEST_STEP][PASSED] - setText: Text 'testing4dea@gmail.com' is set on object 'Object Repository/Login/UserId'

2018-09-15 10:35:45 - [MESSAGE][PASSED] - Text 'testing4dea@gmail.com' is set on object 'Object Repository/Login/UserId'

2018-09-15 10:35:45 - [TEST_STEP][PASSED] - click: Object: 'Object Repository/Login/div_GET OTP' is clicked on

2018-09-15 10:35:45 - [MESSAGE][PASSED] - Object: 'Object Repository/Login/div_GET OTP' is clicked on

2018-09-15 10:35:45 - [TEST_STEP][PASSED] - waitForElementPresent: Object 'Object Repository/Login/div_SUBMIT' is present

2018-09-15 10:35:47 - [MESSAGE][PASSED] - Object 'Object Repository/Login/div_SUBMIT' is present

2018-09-15 10:35:47 - [TEST_STEP][PASSED] - Statement - If (com.kms.katalon.core.webui.keyword.WebUiBuiltInKeywords.verifyElementNotPresent(com.kms.katalon.core.testobject.ObjectRepository.findTestObject(Login/div_SUBMIT), 5, OPTIONAL)): Web element with id: 'Object Repository/Login/div_SUBMIT' located by 'By.xpath: //div[(text() = ' SUBMIT ' or . = ' SUBMIT ')]' is present after '5' second(s)

2018-09-15 10:35:53 - [MESSAGE][WARNING] - Web element with id: 'Object Repository/Login/div_SUBMIT' located by 'By.xpath: //div[(text() = ' SUBMIT ' or . = ' SUBMIT ')]' is present after '5' second(s)
[[ATTACHMENT|C:\\Users\\Kaushal\\Desktop\\Katalon Studio\\vCallingDashboard\\Reports\\RegressionSuite\\20180915_103222\\1537004152738.png]]

2018-09-15 10:35:53 - [TEST_STEP][PASSED] - Statement - sleep(5000): null

2018-09-15 10:35:58 - [TEST_STEP][PASSED] - Statement - OTP = getOTP(): null

2018-09-15 10:35:58 - [TEST_STEP][PASSED] - Statement - host = "imap.gmail.com": null

2018-09-15 10:35:58 - [TEST_STEP][PASSED] - Statement - msg = <not implemented yet for class: org.codehaus.groovy.ast.expr.EmptyExpression>: null

2018-09-15 10:35:58 - [TEST_STEP][PASSED] - Statement - msgSub = <not implemented yet for class: org.codehaus.groovy.ast.expr.EmptyExpression>: null

2018-09-15 10:35:58 - [TEST_STEP][PASSED] - Statement - OTP = "unavailable": null

2018-09-15 10:35:58 - [TEST_STEP][PASSED] - Statement - props = new java.util.Properties(): null

2018-09-15 10:35:58 - [TEST_STEP][PASSED] - Statement - props.setProperty("mail.imap.ssl.enable", "true"): null

2018-09-15 10:35:58 - [TEST_STEP][PASSED] - Statement - session = javax.mail.Session.getInstance(props): null

2018-09-15 10:35:58 - [TEST_STEP][PASSED] - Statement - store = <not implemented yet for class: org.codehaus.groovy.ast.expr.EmptyExpression>: null

2018-09-15 10:35:58 - [TEST_STEP][PASSED] - Statement - Try: null

2018-09-15 10:35:58 - [TEST_STEP][PASSED] - Statement - store = session.getStore("imap"): null

2018-09-15 10:35:58 - [TEST_STEP][PASSED] - Statement - store.connect(host, Email, Password): null

2018-09-15 10:35:59 - [TEST_STEP][PASSED] - Statement - emailFolder = store.getFolder("INBOX"): null

2018-09-15 10:35:59 - [TEST_STEP][PASSED] - Statement - emailFolder.open(READ_WRITE): null

2018-09-15 10:36:00 - [TEST_STEP][PASSED] - Statement - messages = emailFolder.getMessages(): null

2018-09-15 10:36:00 - [TEST_STEP][PASSED] - Statement - n = length: null

2018-09-15 10:36:00 - [TEST_STEP][PASSED] - Statement - message = messages[n - 1]: null

2018-09-15 10:36:00 - [TEST_STEP][PASSED] - Statement - msgSub = message.getSubject(): null

2018-09-15 10:36:00 - [TEST_STEP][PASSED] - Statement - If (msgSub.equals("OTP to Sign In")): null

2018-09-15 10:36:00 - [TEST_STEP][PASSED] - Statement - msg = message.getContent().toString(): null

2018-09-15 10:36:01 - [TEST_STEP][PASSED] - Statement - OTP = msg.substring(msg.length() - 7): null

2018-09-15 10:36:01 - [TEST_STEP][PASSED] - Statement - message.setFlag(DELETED, true): null

2018-09-15 10:36:01 - [TEST_STEP][PASSED] - Statement - emailFolder.close(true): null

2018-09-15 10:36:02 - [TEST_STEP][PASSED] - Statement - store.close(): null

2018-09-15 10:36:02 - [TEST_STEP][PASSED] - Statement - return OTP: null

2018-09-15 10:36:02 - [TEST_STEP][PASSED] - Statement - If (OTP.equals("unavailable")): null

2018-09-15 10:36:02 - [TEST_STEP][PASSED] - Statement - Else: Text 'o4005
' is set on object 'Object Repository/Login/OtpInput'

2018-09-15 10:36:02 - [TEST_STEP][PASSED] - setText: Text 'o4005
' is set on object 'Object Repository/Login/OtpInput'

2018-09-15 10:36:02 - [MESSAGE][PASSED] - Text 'o4005
' is set on object 'Object Repository/Login/OtpInput'

2018-09-15 10:36:02 - [TEST_STEP][PASSED] - verifyElementPresent: Object 'Object Repository/Login/afterOpenDisplay' is present

2018-09-15 10:36:03 - [MESSAGE][PASSED] - Object 'Object Repository/Login/afterOpenDisplay' is present

2018-09-15 10:36:03 - [MESSAGE][PASSED] - Call Test Case 'Test Cases/BVT/aSimple_Login' successfully

2018-09-15 10:36:03 - [TEST_STEP][PASSED] - Statement - driver = com.kms.katalon.core.webui.driver.DriverFactory.getWebDriver(): null

2018-09-15 10:36:03 - [TEST_STEP][PASSED] - click: Object: 'Object Repository/Dashboard_Link Generator/linkgeneratorIcon' is clicked on

2018-09-15 10:36:03 - [MESSAGE][PASSED] - Object: 'Object Repository/Dashboard_Link Generator/linkgeneratorIcon' is clicked on

2018-09-15 10:36:03 - [TEST_STEP][PASSED] - Statement - x = CustomKeywords.newPackage.newKeyword.randomString(3).toLowerCase(): newPackage.newKeyword.randomString is PASSED

2018-09-15 10:36:03 - [MESSAGE][PASSED] - newPackage.newKeyword.randomString is PASSED

2018-09-15 10:36:03 - [TEST_STEP][PASSED] - Statement - teamMeberName = x: null

2018-09-15 10:36:03 - [TEST_STEP][PASSED] - setText: Text 'qdw' is set on object 'Object Repository/AddTeamMemberDashboard/name'

2018-09-15 10:36:04 - [MESSAGE][PASSED] - Text 'qdw' is set on object 'Object Repository/AddTeamMemberDashboard/name'

2018-09-15 10:36:04 - [TEST_STEP][PASSED] - setText: Text 'Kv1NFf0ZMq@gmail.com' is set on object 'Object Repository/AddTeamMemberDashboard/email'

2018-09-15 10:36:04 - [MESSAGE][PASSED] - newPackage.newKeyword.randomString is PASSED

2018-09-15 10:36:05 - [MESSAGE][PASSED] - Text 'Kv1NFf0ZMq@gmail.com' is set on object 'Object Repository/AddTeamMemberDashboard/email'

2018-09-15 10:36:05 - [TEST_STEP][PASSED] - Statement - number = CustomKeywords.phoneNumbers.contactNumbers.randomString(9): phoneNumbers.contactNumbers.randomString is PASSED

2018-09-15 10:36:05 - [MESSAGE][PASSED] - phoneNumbers.contactNumbers.randomString is PASSED

2018-09-15 10:36:05 - [TEST_STEP][PASSED] - Statement - Mobile_Number = number: null

2018-09-15 10:36:05 - [TEST_STEP][PASSED] - setText: Text '1655265101' is set on object 'Object Repository/Dashboard_Link Generator/contactNumber'

2018-09-15 10:36:05 - [MESSAGE][PASSED] - Text '1655265101' is set on object 'Object Repository/Dashboard_Link Generator/contactNumber'

2018-09-15 10:36:05 - [TEST_STEP][PASSED] - setText: Text 'property' is set on object 'Object Repository/Dashboard_Link Generator/tag'

2018-09-15 10:36:05 - [MESSAGE][PASSED] - Text 'property' is set on object 'Object Repository/Dashboard_Link Generator/tag'

2018-09-15 10:36:05 - [TEST_STEP][PASSED] - click: Object: 'Object Repository/Dashboard_Link Generator/callOnly' is clicked on

2018-09-15 10:36:05 - [MESSAGE][PASSED] - Object: 'Object Repository/Dashboard_Link Generator/callOnly' is clicked on

2018-09-15 10:36:05 - [TEST_STEP][PASSED] - click: Object: 'Object Repository/Dashboard_Link Generator/div_GET LINK' is clicked on

2018-09-15 10:36:06 - [MESSAGE][PASSED] - Object: 'Object Repository/Dashboard_Link Generator/div_GET LINK' is clicked on

2018-09-15 10:36:06 - [TEST_STEP][PASSED] - Statement - getLink = com.kms.katalon.core.webui.keyword.WebUiBuiltInKeywords.getAttribute(com.kms.katalon.core.testobject.ObjectRepository.findTestObject(Dashboard_Link Generator/shortLinkUrlCopy), "value"): Attribute 'value' of object 'Object Repository/Dashboard_Link Generator/shortLinkUrlCopy' is: 'https://dev.vcalling.in/url/UAT/?id=UAT-1-637&c=t'

2018-09-15 10:36:06 - [MESSAGE][PASSED] - Attribute 'value' of object 'Object Repository/Dashboard_Link Generator/shortLinkUrlCopy' is: 'https://dev.vcalling.in/url/UAT/?id=UAT-1-637&c=t'

2018-09-15 10:36:06 - [TEST_STEP][PASSED] - Statement - println(getLink): null

2018-09-15 10:36:06 - [TEST_STEP][PASSED] - delay: Delayed 2 second(s)

2018-09-15 10:36:08 - [MESSAGE][PASSED] - Delayed 2 second(s)

2018-09-15 10:36:08 - [TEST_STEP][PASSED] - click: Object: 'Object Repository/Dashboard_Link Generator/shortLinkCOpy' is clicked on

2018-09-15 10:36:08 - [MESSAGE][PASSED] - Object: 'Object Repository/Dashboard_Link Generator/shortLinkCOpy' is clicked on

2018-09-15 10:36:08 - [TEST_STEP][PASSED] - delay: Delayed 2 second(s)

2018-09-15 10:36:10 - [MESSAGE][PASSED] - Delayed 2 second(s)

2018-09-15 10:36:10 - [TEST_STEP][PASSED] - click: Object: 'Object Repository/Dashboard_Link Generator/linkCopyShort' is clicked on

2018-09-15 10:36:10 - [MESSAGE][PASSED] - Object: 'Object Repository/Dashboard_Link Generator/linkCopyShort' is clicked on

2018-09-15 10:36:10 - [TEST_STEP][PASSED] - Statement - If (com.kms.katalon.core.webui.keyword.WebUiBuiltInKeywords.verifyElementPresent(com.kms.katalon.core.testobject.ObjectRepository.findTestObject(Dashboard_Link Generator/validation), 5, OPTIONAL)): null

2018-09-15 10:36:11 - [MESSAGE][PASSED] - Object 'Object Repository/Dashboard_Link Generator/validation' is present

2018-09-15 10:36:11 - [TEST_STEP][PASSED] - Statement - validationMessage = com.kms.katalon.core.webui.keyword.WebUiBuiltInKeywords.getText(com.kms.katalon.core.testobject.ObjectRepository.findTestObject(Dashboard_Link Generator/validation)): Text of object 'Object Repository/Dashboard_Link Generator/validation' is: 'Short Link Copied.!'

2018-09-15 10:36:11 - [MESSAGE][PASSED] - Text of object 'Object Repository/Dashboard_Link Generator/validation' is: 'Short Link Copied.!'

2018-09-15 10:36:11 - [TEST_STEP][PASSED] - verifyMatch: Actual text 'Short Link Copied.!' and expected text 'Short Link Copied.!' are matched 

2018-09-15 10:36:11 - [MESSAGE][PASSED] - Actual text 'Short Link Copied.!' and expected text 'Short Link Copied.!' are matched 

2018-09-15 10:36:11 - [TEST_STEP][PASSED] - Statement - println("successful"): null

2018-09-15 10:36:11 - [TEST_STEP][PASSED] - delay: Delayed 5 second(s)

2018-09-15 10:36:16 - [MESSAGE][PASSED] - Delayed 5 second(s)

2018-09-15 10:36:16 - [TEST_STEP][PASSED] - Statement - linkUserName = driver.findElements(org.openqa.selenium.By.className("text-link-log")): null

2018-09-15 10:36:16 - [TEST_STEP][PASSED] - Statement - previousCountValue = 0: null

2018-09-15 10:36:16 - [TEST_STEP][PASSED] - Statement - For ([i = 0, i < linkUserName.size(), (i++)]): null

2018-09-15 10:36:16 - [TEST_STEP][PASSED] - Statement - linkLogmembername = linkUserName.get(i).getText(): null

2018-09-15 10:36:16 - [TEST_STEP][PASSED] - Statement - If (linkLogmembername.equals(teamMeberName)): null

2018-09-15 10:36:16 - [TEST_STEP][PASSED] - Statement - linkLogmembername = linkUserName.get(i).getText(): null

2018-09-15 10:36:16 - [TEST_STEP][PASSED] - Statement - If (linkLogmembername.equals(teamMeberName)): null

2018-09-15 10:36:16 - [TEST_STEP][PASSED] - Statement - linkLogmembername = linkUserName.get(i).getText(): null

2018-09-15 10:36:16 - [TEST_STEP][PASSED] - Statement - If (linkLogmembername.equals(teamMeberName)): null

2018-09-15 10:36:16 - [TEST_STEP][PASSED] - Statement - linkLogmembername = linkUserName.get(i).getText(): null

2018-09-15 10:36:16 - [TEST_STEP][PASSED] - Statement - If (linkLogmembername.equals(teamMeberName)): null

2018-09-15 10:36:16 - [TEST_STEP][PASSED] - Statement - linkLogmembername = linkUserName.get(i).getText(): null

2018-09-15 10:36:16 - [TEST_STEP][PASSED] - Statement - If (linkLogmembername.equals(teamMeberName)): null

2018-09-15 10:36:16 - [TEST_STEP][PASSED] - Statement - linkLogmembername = linkUserName.get(i).getText(): null

2018-09-15 10:36:16 - [TEST_STEP][PASSED] - Statement - If (linkLogmembername.equals(teamMeberName)): null

2018-09-15 10:36:16 - [TEST_STEP][PASSED] - Statement - linkLogmembername = linkUserName.get(i).getText(): null

2018-09-15 10:36:16 - [TEST_STEP][PASSED] - Statement - If (linkLogmembername.equals(teamMeberName)): null

2018-09-15 10:36:16 - [TEST_STEP][PASSED] - Statement - linkLogmembername = linkUserName.get(i).getText(): null

2018-09-15 10:36:16 - [TEST_STEP][PASSED] - Statement - If (linkLogmembername.equals(teamMeberName)): null

2018-09-15 10:36:16 - [TEST_STEP][PASSED] - Statement - out.println("Admin Console: " + linkLogmembername): null

2018-09-15 10:36:16 - [TEST_STEP][PASSED] - Statement - linkLogmembername = linkUserName.get(i).getText(): null

2018-09-15 10:36:16 - [TEST_STEP][PASSED] - Statement - If (linkLogmembername.equals(teamMeberName)): null

2018-09-15 10:36:16 - [TEST_STEP][PASSED] - Statement - linkLogmembername = linkUserName.get(i).getText(): null

2018-09-15 10:36:16 - [TEST_STEP][PASSED] - Statement - If (linkLogmembername.equals(teamMeberName)): null

2018-09-15 10:36:16 - [TEST_STEP][PASSED] - Statement - linkLogmembername = linkUserName.get(i).getText(): null

2018-09-15 10:36:16 - [TEST_STEP][PASSED] - Statement - If (linkLogmembername.equals(teamMeberName)): null

2018-09-15 10:36:16 - [TEST_STEP][PASSED] - Statement - linkLogmembername = linkUserName.get(i).getText(): null

2018-09-15 10:36:16 - [TEST_STEP][PASSED] - Statement - If (linkLogmembername.equals(teamMeberName)): null

2018-09-15 10:36:16 - [TEST_STEP][PASSED] - Statement - linkLogmembername = linkUserName.get(i).getText(): null

2018-09-15 10:36:16 - [TEST_STEP][PASSED] - Statement - If (linkLogmembername.equals(teamMeberName)): null

2018-09-15 10:36:16 - [TEST_STEP][PASSED] - Statement - linkLogmembername = linkUserName.get(i).getText(): null

2018-09-15 10:36:16 - [TEST_STEP][PASSED] - Statement - If (linkLogmembername.equals(teamMeberName)): null

2018-09-15 10:36:16 - [TEST_STEP][PASSED] - Statement - linkLogmembername = linkUserName.get(i).getText(): null

2018-09-15 10:36:16 - [TEST_STEP][PASSED] - Statement - If (linkLogmembername.equals(teamMeberName)): null

2018-09-15 10:36:16 - [TEST_STEP][PASSED] - Statement - linkLogmembername = linkUserName.get(i).getText(): null

2018-09-15 10:36:16 - [TEST_STEP][PASSED] - Statement - If (linkLogmembername.equals(teamMeberName)): null

2018-09-15 10:36:16 - [TEST_STEP][PASSED] - Statement - linkLogmembername = linkUserName.get(i).getText(): null

2018-09-15 10:36:16 - [TEST_STEP][PASSED] - Statement - If (linkLogmembername.equals(teamMeberName)): null

2018-09-15 10:36:16 - [TEST_STEP][PASSED] - Statement - linkLogmembername = linkUserName.get(i).getText(): null

2018-09-15 10:36:16 - [TEST_STEP][PASSED] - Statement - If (linkLogmembername.equals(teamMeberName)): null

2018-09-15 10:36:16 - [TEST_STEP][PASSED] - Statement - linkLogmembername = linkUserName.get(i).getText(): null

2018-09-15 10:36:16 - [TEST_STEP][PASSED] - Statement - If (linkLogmembername.equals(teamMeberName)): null

2018-09-15 10:36:16 - [TEST_STEP][PASSED] - Statement - linkLogmembername = linkUserName.get(i).getText(): null

2018-09-15 10:36:16 - [TEST_STEP][PASSED] - Statement - If (linkLogmembername.equals(teamMeberName)): null

2018-09-15 10:36:16 - [TEST_STEP][PASSED] - Statement - linkLogmembername = linkUserName.get(i).getText(): null

2018-09-15 10:36:16 - [TEST_STEP][PASSED] - Statement - If (linkLogmembername.equals(teamMeberName)): null

2018-09-15 10:36:16 - [TEST_STEP][PASSED] - Statement - linkLogmembername = linkUserName.get(i).getText(): null

2018-09-15 10:36:16 - [TEST_STEP][PASSED] - Statement - If (linkLogmembername.equals(teamMeberName)): null

2018-09-15 10:36:16 - [TEST_STEP][PASSED] - Statement - linkLogmembername = linkUserName.get(i).getText(): null

2018-09-15 10:36:16 - [TEST_STEP][PASSED] - Statement - If (linkLogmembername.equals(teamMeberName)): null

2018-09-15 10:36:16 - [TEST_STEP][PASSED] - Statement - linkLogmembername = linkUserName.get(i).getText(): null

2018-09-15 10:36:16 - [TEST_STEP][PASSED] - Statement - If (linkLogmembername.equals(teamMeberName)): null

2018-09-15 10:36:16 - [TEST_STEP][PASSED] - Statement - linkLogmembername = linkUserName.get(i).getText(): null

2018-09-15 10:36:17 - [TEST_STEP][PASSED] - Statement - If (linkLogmembername.equals(teamMeberName)): null

2018-09-15 10:36:17 - [TEST_STEP][PASSED] - Statement - linkLogmembername = linkUserName.get(i).getText(): null

2018-09-15 10:36:17 - [TEST_STEP][PASSED] - Statement - If (linkLogmembername.equals(teamMeberName)): null

2018-09-15 10:36:17 - [TEST_STEP][PASSED] - Statement - linkLogmembername = linkUserName.get(i).getText(): null

2018-09-15 10:36:17 - [TEST_STEP][PASSED] - Statement - If (linkLogmembername.equals(teamMeberName)): null

2018-09-15 10:36:17 - [TEST_STEP][PASSED] - Statement - linkLogmembername = linkUserName.get(i).getText(): null

2018-09-15 10:36:17 - [TEST_STEP][PASSED] - Statement - If (linkLogmembername.equals(teamMeberName)): null

2018-09-15 10:36:17 - [TEST_STEP][PASSED] - Statement - linkLogmembername = linkUserName.get(i).getText(): null

2018-09-15 10:36:17 - [TEST_STEP][PASSED] - Statement - If (linkLogmembername.equals(teamMeberName)): null

2018-09-15 10:36:17 - [TEST_STEP][PASSED] - Statement - linkLogmembername = linkUserName.get(i).getText(): null

2018-09-15 10:36:17 - [TEST_STEP][PASSED] - Statement - If (linkLogmembername.equals(teamMeberName)): null

2018-09-15 10:36:17 - [TEST_STEP][PASSED] - Statement - linkLogmembername = linkUserName.get(i).getText(): null

2018-09-15 10:36:17 - [TEST_STEP][PASSED] - Statement - If (linkLogmembername.equals(teamMeberName)): null

2018-09-15 10:36:17 - [TEST_STEP][PASSED] - Statement - linkLogmembername = linkUserName.get(i).getText(): null

2018-09-15 10:36:17 - [TEST_STEP][PASSED] - Statement - If (linkLogmembername.equals(teamMeberName)): null

2018-09-15 10:36:17 - [TEST_STEP][PASSED] - Statement - linkLogmembername = linkUserName.get(i).getText(): null

2018-09-15 10:36:17 - [TEST_STEP][PASSED] - Statement - If (linkLogmembername.equals(teamMeberName)): null

2018-09-15 10:36:17 - [TEST_STEP][PASSED] - Statement - linkLogmembername = linkUserName.get(i).getText(): null

2018-09-15 10:36:17 - [TEST_STEP][PASSED] - Statement - If (linkLogmembername.equals(teamMeberName)): null

2018-09-15 10:36:17 - [TEST_STEP][PASSED] - Statement - linkLogmembername = linkUserName.get(i).getText(): null

2018-09-15 10:36:17 - [TEST_STEP][PASSED] - Statement - If (linkLogmembername.equals(teamMeberName)): null

2018-09-15 10:36:17 - [TEST_STEP][PASSED] - Statement - linkLogmembername = linkUserName.get(i).getText(): null

2018-09-15 10:36:17 - [TEST_STEP][PASSED] - Statement - If (linkLogmembername.equals(teamMeberName)): null

2018-09-15 10:36:17 - [TEST_STEP][PASSED] - Statement - linkLogmembername = linkUserName.get(i).getText(): null

2018-09-15 10:36:17 - [TEST_STEP][PASSED] - Statement - If (linkLogmembername.equals(teamMeberName)): null

2018-09-15 10:36:17 - [TEST_STEP][PASSED] - Statement - linkLogmembername = linkUserName.get(i).getText(): null

2018-09-15 10:36:17 - [TEST_STEP][PASSED] - Statement - If (linkLogmembername.equals(teamMeberName)): null

2018-09-15 10:36:17 - [TEST_STEP][PASSED] - Statement - linkLogmembername = linkUserName.get(i).getText(): null

2018-09-15 10:36:17 - [TEST_STEP][PASSED] - Statement - If (linkLogmembername.equals(teamMeberName)): null

2018-09-15 10:36:17 - [TEST_STEP][PASSED] - Statement - linkLogmembername = linkUserName.get(i).getText(): null

2018-09-15 10:36:17 - [TEST_STEP][PASSED] - Statement - If (linkLogmembername.equals(teamMeberName)): null

2018-09-15 10:36:17 - [TEST_STEP][PASSED] - Statement - linkLogmembername = linkUserName.get(i).getText(): null

2018-09-15 10:36:17 - [TEST_STEP][PASSED] - Statement - If (linkLogmembername.equals(teamMeberName)): null

2018-09-15 10:36:17 - [TEST_STEP][PASSED] - Statement - linkLogmembername = linkUserName.get(i).getText(): null

2018-09-15 10:36:17 - [TEST_STEP][PASSED] - Statement - If (linkLogmembername.equals(teamMeberName)): null

2018-09-15 10:36:17 - [TEST_STEP][PASSED] - Statement - linkLogmembername = linkUserName.get(i).getText(): null

2018-09-15 10:36:17 - [TEST_STEP][PASSED] - Statement - If (linkLogmembername.equals(teamMeberName)): null

2018-09-15 10:36:17 - [TEST_STEP][PASSED] - Statement - linkLogmembername = linkUserName.get(i).getText(): null

2018-09-15 10:36:17 - [TEST_STEP][PASSED] - Statement - If (linkLogmembername.equals(teamMeberName)): null

2018-09-15 10:36:17 - [TEST_STEP][PASSED] - Statement - linkLogmembername = linkUserName.get(i).getText(): null

2018-09-15 10:36:17 - [TEST_STEP][PASSED] - Statement - If (linkLogmembername.equals(teamMeberName)): null

2018-09-15 10:36:17 - [TEST_STEP][PASSED] - Statement - linkLogmembername = linkUserName.get(i).getText(): null

2018-09-15 10:36:17 - [TEST_STEP][PASSED] - Statement - If (linkLogmembername.equals(teamMeberName)): null

2018-09-15 10:36:17 - [TEST_STEP][PASSED] - Statement - linkLogmembername = linkUserName.get(i).getText(): null

2018-09-15 10:36:17 - [TEST_STEP][PASSED] - Statement - If (linkLogmembername.equals(teamMeberName)): null

2018-09-15 10:36:17 - [TEST_STEP][PASSED] - Statement - linkLogmembername = linkUserName.get(i).getText(): null

2018-09-15 10:36:17 - [TEST_STEP][PASSED] - Statement - If (linkLogmembername.equals(teamMeberName)): null

2018-09-15 10:36:17 - [TEST_STEP][PASSED] - Statement - linkLogmembername = linkUserName.get(i).getText(): null

2018-09-15 10:36:17 - [TEST_STEP][PASSED] - Statement - If (linkLogmembername.equals(teamMeberName)): null

2018-09-15 10:36:17 - [TEST_STEP][PASSED] - Statement - linkLogmembername = linkUserName.get(i).getText(): null

2018-09-15 10:36:17 - [TEST_STEP][PASSED] - Statement - If (linkLogmembername.equals(teamMeberName)): null

2018-09-15 10:36:17 - [TEST_STEP][PASSED] - Statement - linkLogmembername = linkUserName.get(i).getText(): null

2018-09-15 10:36:17 - [TEST_STEP][PASSED] - Statement - If (linkLogmembername.equals(teamMeberName)): null

2018-09-15 10:36:17 - [TEST_STEP][PASSED] - Statement - linkLogmembername = linkUserName.get(i).getText(): null

2018-09-15 10:36:18 - [TEST_STEP][PASSED] - Statement - If (linkLogmembername.equals(teamMeberName)): null

2018-09-15 10:36:18 - [TEST_STEP][PASSED] - Statement - linkLogmembername = linkUserName.get(i).getText(): null

2018-09-15 10:36:18 - [TEST_STEP][PASSED] - Statement - If (linkLogmembername.equals(teamMeberName)): null

2018-09-15 10:36:18 - [TEST_STEP][PASSED] - Statement - linkLogmembername = linkUserName.get(i).getText(): null

2018-09-15 10:36:18 - [TEST_STEP][PASSED] - Statement - If (linkLogmembername.equals(teamMeberName)): null

2018-09-15 10:36:18 - [TEST_STEP][PASSED] - Statement - linkLogmembername = linkUserName.get(i).getText(): null

2018-09-15 10:36:18 - [TEST_STEP][PASSED] - Statement - If (linkLogmembername.equals(teamMeberName)): null

2018-09-15 10:36:18 - [TEST_STEP][PASSED] - Statement - linkLogmembername = linkUserName.get(i).getText(): null

2018-09-15 10:36:18 - [TEST_STEP][PASSED] - Statement - If (linkLogmembername.equals(teamMeberName)): null

2018-09-15 10:36:18 - [TEST_STEP][PASSED] - Statement - linkLogmembername = linkUserName.get(i).getText(): null

2018-09-15 10:36:18 - [TEST_STEP][PASSED] - Statement - If (linkLogmembername.equals(teamMeberName)): null

2018-09-15 10:36:18 - [TEST_STEP][PASSED] - Statement - js = driver: null

2018-09-15 10:36:18 - [TEST_STEP][PASSED] - Statement - js.executeScript("window.open();"): null

2018-09-15 10:36:18 - [TEST_STEP][PASSED] - Statement - currentWindow = com.kms.katalon.core.webui.keyword.WebUiBuiltInKeywords.getWindowIndex(): Current window's index is: 0

2018-09-15 10:36:18 - [MESSAGE][PASSED] - Current window's index is: 0

2018-09-15 10:36:18 - [TEST_STEP][PASSED] - switchToWindowIndex: Switched to window with index: '1'

2018-09-15 10:36:18 - [MESSAGE][PASSED] - Switched to window with index: '1'

2018-09-15 10:36:18 - [TEST_STEP][PASSED] - navigateToUrl: Navigate to 'https://dev.vcalling.in/url/UAT/?id=UAT-1-637&c=t' successfully

2018-09-15 10:36:20 - [MESSAGE][PASSED] - Navigate to 'https://dev.vcalling.in/url/UAT/?id=UAT-1-637&c=t' successfully

2018-09-15 10:36:20 - [TEST_STEP][PASSED] - Statement - currentTab = com.kms.katalon.core.webui.keyword.WebUiBuiltInKeywords.getWindowIndex(): Current window's index is: 1

2018-09-15 10:36:20 - [MESSAGE][PASSED] - Current window's index is: 1]]></system-out>
         <system-err><![CDATA[]]></system-err>
      </testcase>
      <testcase name="Test Cases/completed/TestCase2_Link Genrator Short link/LinkGenrateThroughMail,Number" classname="Test Cases/completed/TestCase2_Link Genrator Short link/LinkGenrateThroughMail,Number" status="PASSED">
         <system-out><![CDATA[2018-09-15 10:36:20 - [TEST_CASE][PASSED] - Test Cases/completed/TestCase2_Link Genrator Short link/LinkGenrateThroughMail,Number: Test Cases/completed/TestCase2_Link Genrator Short link/LinkGenrateThroughMail,Number

2018-09-15 10:36:20 - [TEST_STEP][PASSED] - callTestCase: Call Test Case 'Test Cases/BVT/aSimple_Login' successfully

2018-09-15 10:36:20 - [TEST_CASE][PASSED] - Test Cases/BVT/aSimple_Login: Test Cases/BVT/aSimple_Login

2018-09-15 10:36:20 - [TEST_STEP][PASSED] - openBrowser: Browser is opened with url: ''

2018-09-15 10:36:20 - [MESSAGE][WARNING] - A browser is already opened. Closing browser and opening a new one

2018-09-15 10:36:23 - [MESSAGE][PASSED] - Browser is opened with url: ''

2018-09-15 10:36:23 - [TEST_STEP][PASSED] - maximizeWindow: Current window maximized

2018-09-15 10:36:25 - [MESSAGE][PASSED] - Current window maximized

2018-09-15 10:36:25 - [TEST_STEP][PASSED] - navigateToUrl: Navigate to 'https://dev.vcalling.in/enterprises/UAT/Dashboard/index.html' successfully

2018-09-15 10:36:28 - [MESSAGE][PASSED] - Navigate to 'https://dev.vcalling.in/enterprises/UAT/Dashboard/index.html' successfully

2018-09-15 10:36:28 - [TEST_STEP][PASSED] - setText: Text 'testing4dea@gmail.com' is set on object 'Object Repository/Login/UserId'

2018-09-15 10:36:28 - [MESSAGE][PASSED] - Text 'testing4dea@gmail.com' is set on object 'Object Repository/Login/UserId'

2018-09-15 10:36:28 - [TEST_STEP][PASSED] - click: Object: 'Object Repository/Login/div_GET OTP' is clicked on

2018-09-15 10:36:28 - [MESSAGE][PASSED] - Object: 'Object Repository/Login/div_GET OTP' is clicked on

2018-09-15 10:36:28 - [TEST_STEP][PASSED] - waitForElementPresent: Object 'Object Repository/Login/div_SUBMIT' is present

2018-09-15 10:36:30 - [MESSAGE][PASSED] - Object 'Object Repository/Login/div_SUBMIT' is present

2018-09-15 10:36:30 - [TEST_STEP][PASSED] - Statement - If (com.kms.katalon.core.webui.keyword.WebUiBuiltInKeywords.verifyElementNotPresent(com.kms.katalon.core.testobject.ObjectRepository.findTestObject(Login/div_SUBMIT), 5, OPTIONAL)): Web element with id: 'Object Repository/Login/div_SUBMIT' located by 'By.xpath: //div[(text() = ' SUBMIT ' or . = ' SUBMIT ')]' is present after '5' second(s)

2018-09-15 10:36:36 - [MESSAGE][WARNING] - Web element with id: 'Object Repository/Login/div_SUBMIT' located by 'By.xpath: //div[(text() = ' SUBMIT ' or . = ' SUBMIT ')]' is present after '5' second(s)
[[ATTACHMENT|C:\\Users\\Kaushal\\Desktop\\Katalon Studio\\vCallingDashboard\\Reports\\RegressionSuite\\20180915_103222\\1537004195748.png]]

2018-09-15 10:36:36 - [TEST_STEP][PASSED] - Statement - sleep(5000): null

2018-09-15 10:36:41 - [TEST_STEP][PASSED] - Statement - OTP = getOTP(): null

2018-09-15 10:36:41 - [TEST_STEP][PASSED] - Statement - host = "imap.gmail.com": null

2018-09-15 10:36:41 - [TEST_STEP][PASSED] - Statement - msg = <not implemented yet for class: org.codehaus.groovy.ast.expr.EmptyExpression>: null

2018-09-15 10:36:41 - [TEST_STEP][PASSED] - Statement - msgSub = <not implemented yet for class: org.codehaus.groovy.ast.expr.EmptyExpression>: null

2018-09-15 10:36:41 - [TEST_STEP][PASSED] - Statement - OTP = "unavailable": null

2018-09-15 10:36:41 - [TEST_STEP][PASSED] - Statement - props = new java.util.Properties(): null

2018-09-15 10:36:41 - [TEST_STEP][PASSED] - Statement - props.setProperty("mail.imap.ssl.enable", "true"): null

2018-09-15 10:36:41 - [TEST_STEP][PASSED] - Statement - session = javax.mail.Session.getInstance(props): null

2018-09-15 10:36:41 - [TEST_STEP][PASSED] - Statement - store = <not implemented yet for class: org.codehaus.groovy.ast.expr.EmptyExpression>: null

2018-09-15 10:36:41 - [TEST_STEP][PASSED] - Statement - Try: null

2018-09-15 10:36:41 - [TEST_STEP][PASSED] - Statement - store = session.getStore("imap"): null

2018-09-15 10:36:41 - [TEST_STEP][PASSED] - Statement - store.connect(host, Email, Password): null

2018-09-15 10:36:42 - [TEST_STEP][PASSED] - Statement - emailFolder = store.getFolder("INBOX"): null

2018-09-15 10:36:42 - [TEST_STEP][PASSED] - Statement - emailFolder.open(READ_WRITE): null

2018-09-15 10:36:43 - [TEST_STEP][PASSED] - Statement - messages = emailFolder.getMessages(): null

2018-09-15 10:36:43 - [TEST_STEP][PASSED] - Statement - n = length: null

2018-09-15 10:36:43 - [TEST_STEP][PASSED] - Statement - message = messages[n - 1]: null

2018-09-15 10:36:43 - [TEST_STEP][PASSED] - Statement - msgSub = message.getSubject(): null

2018-09-15 10:36:43 - [TEST_STEP][PASSED] - Statement - If (msgSub.equals("OTP to Sign In")): null

2018-09-15 10:36:43 - [TEST_STEP][PASSED] - Statement - msg = message.getContent().toString(): null

2018-09-15 10:36:44 - [TEST_STEP][PASSED] - Statement - OTP = msg.substring(msg.length() - 7): null

2018-09-15 10:36:44 - [TEST_STEP][PASSED] - Statement - message.setFlag(DELETED, true): null

2018-09-15 10:36:44 - [TEST_STEP][PASSED] - Statement - emailFolder.close(true): null

2018-09-15 10:36:44 - [TEST_STEP][PASSED] - Statement - store.close(): null

2018-09-15 10:36:45 - [TEST_STEP][PASSED] - Statement - return OTP: null

2018-09-15 10:36:45 - [TEST_STEP][PASSED] - Statement - If (OTP.equals("unavailable")): null

2018-09-15 10:36:45 - [TEST_STEP][PASSED] - Statement - Else: Text 'w8545
' is set on object 'Object Repository/Login/OtpInput'

2018-09-15 10:36:45 - [TEST_STEP][PASSED] - setText: Text 'w8545
' is set on object 'Object Repository/Login/OtpInput'

2018-09-15 10:36:45 - [MESSAGE][PASSED] - Text 'w8545
' is set on object 'Object Repository/Login/OtpInput'

2018-09-15 10:36:45 - [TEST_STEP][PASSED] - verifyElementPresent: Object 'Object Repository/Login/afterOpenDisplay' is present

2018-09-15 10:36:46 - [MESSAGE][PASSED] - Object 'Object Repository/Login/afterOpenDisplay' is present

2018-09-15 10:36:46 - [MESSAGE][PASSED] - Call Test Case 'Test Cases/BVT/aSimple_Login' successfully

2018-09-15 10:36:46 - [TEST_STEP][PASSED] - Statement - driver = com.kms.katalon.core.webui.driver.DriverFactory.getWebDriver(): null

2018-09-15 10:36:46 - [TEST_STEP][PASSED] - click: Object: 'Object Repository/Dashboard_Link Generator/linkgeneratorIcon' is clicked on

2018-09-15 10:36:46 - [MESSAGE][PASSED] - Object: 'Object Repository/Dashboard_Link Generator/linkgeneratorIcon' is clicked on

2018-09-15 10:36:46 - [TEST_STEP][PASSED] - Statement - x = CustomKeywords.newPackage.newKeyword.randomString(3).toLowerCase(): newPackage.newKeyword.randomString is PASSED

2018-09-15 10:36:46 - [MESSAGE][PASSED] - newPackage.newKeyword.randomString is PASSED

2018-09-15 10:36:46 - [TEST_STEP][PASSED] - Statement - teamMeberName = x: null

2018-09-15 10:36:46 - [TEST_STEP][PASSED] - setText: Text 'tby' is set on object 'Object Repository/AddTeamMemberDashboard/name'

2018-09-15 10:36:47 - [MESSAGE][PASSED] - Text 'tby' is set on object 'Object Repository/AddTeamMemberDashboard/name'

2018-09-15 10:36:47 - [TEST_STEP][PASSED] - setText: Text 'lJ0whGHrQ9@gmail.com' is set on object 'Object Repository/AddTeamMemberDashboard/email'

2018-09-15 10:36:47 - [MESSAGE][PASSED] - newPackage.newKeyword.randomString is PASSED

2018-09-15 10:36:48 - [MESSAGE][PASSED] - Text 'lJ0whGHrQ9@gmail.com' is set on object 'Object Repository/AddTeamMemberDashboard/email'

2018-09-15 10:36:48 - [TEST_STEP][PASSED] - Statement - number = CustomKeywords.phoneNumbers.contactNumbers.randomString(9): phoneNumbers.contactNumbers.randomString is PASSED

2018-09-15 10:36:48 - [MESSAGE][PASSED] - phoneNumbers.contactNumbers.randomString is PASSED

2018-09-15 10:36:48 - [TEST_STEP][PASSED] - Statement - Mobile_Number = number: null

2018-09-15 10:36:48 - [TEST_STEP][PASSED] - setText: Text '9398971581' is set on object 'Object Repository/Dashboard_Link Generator/contactNumber'

2018-09-15 10:36:48 - [MESSAGE][PASSED] - Text '9398971581' is set on object 'Object Repository/Dashboard_Link Generator/contactNumber'

2018-09-15 10:36:48 - [TEST_STEP][PASSED] - click: Object: 'Object Repository/Dashboard_Link Generator/div_GET LINK' is clicked on

2018-09-15 10:36:48 - [MESSAGE][PASSED] - Object: 'Object Repository/Dashboard_Link Generator/div_GET LINK' is clicked on

2018-09-15 10:36:48 - [TEST_STEP][PASSED] - Statement - getLink = com.kms.katalon.core.webui.keyword.WebUiBuiltInKeywords.getAttribute(com.kms.katalon.core.testobject.ObjectRepository.findTestObject(Dashboard_Link Generator/shortLinkUrlCopy), "value"): Attribute 'value' of object 'Object Repository/Dashboard_Link Generator/shortLinkUrlCopy' is: 'https://dev.vcalling.in/url/UAT/?id=UAT-1-638'

2018-09-15 10:36:49 - [MESSAGE][PASSED] - Attribute 'value' of object 'Object Repository/Dashboard_Link Generator/shortLinkUrlCopy' is: 'https://dev.vcalling.in/url/UAT/?id=UAT-1-638'

2018-09-15 10:36:49 - [TEST_STEP][PASSED] - Statement - println(getLink): null

2018-09-15 10:36:49 - [TEST_STEP][PASSED] - delay: Delayed 2 second(s)

2018-09-15 10:36:51 - [MESSAGE][PASSED] - Delayed 2 second(s)

2018-09-15 10:36:51 - [TEST_STEP][PASSED] - click: Object: 'Object Repository/Dashboard_Link Generator/shortLinkCOpy' is clicked on

2018-09-15 10:36:51 - [MESSAGE][PASSED] - Object: 'Object Repository/Dashboard_Link Generator/shortLinkCOpy' is clicked on

2018-09-15 10:36:51 - [TEST_STEP][PASSED] - delay: Delayed 2 second(s)

2018-09-15 10:36:53 - [MESSAGE][PASSED] - Delayed 2 second(s)

2018-09-15 10:36:53 - [TEST_STEP][PASSED] - click: Object: 'Object Repository/Dashboard_Link Generator/linkCopyShort' is clicked on

2018-09-15 10:36:53 - [MESSAGE][PASSED] - Object: 'Object Repository/Dashboard_Link Generator/linkCopyShort' is clicked on

2018-09-15 10:36:53 - [TEST_STEP][PASSED] - Statement - If (com.kms.katalon.core.webui.keyword.WebUiBuiltInKeywords.verifyElementPresent(com.kms.katalon.core.testobject.ObjectRepository.findTestObject(Dashboard_Link Generator/validation), 5, OPTIONAL)): null

2018-09-15 10:36:53 - [MESSAGE][PASSED] - Object 'Object Repository/Dashboard_Link Generator/validation' is present

2018-09-15 10:36:53 - [TEST_STEP][PASSED] - Statement - validationMessage = com.kms.katalon.core.webui.keyword.WebUiBuiltInKeywords.getText(com.kms.katalon.core.testobject.ObjectRepository.findTestObject(Dashboard_Link Generator/validation)): Text of object 'Object Repository/Dashboard_Link Generator/validation' is: 'Short Link Copied.!'

2018-09-15 10:36:53 - [MESSAGE][PASSED] - Text of object 'Object Repository/Dashboard_Link Generator/validation' is: 'Short Link Copied.!'

2018-09-15 10:36:53 - [TEST_STEP][PASSED] - verifyMatch: Actual text 'Short Link Copied.!' and expected text 'Short Link Copied.!' are matched 

2018-09-15 10:36:53 - [MESSAGE][PASSED] - Actual text 'Short Link Copied.!' and expected text 'Short Link Copied.!' are matched 

2018-09-15 10:36:53 - [TEST_STEP][PASSED] - Statement - println("successful"): null

2018-09-15 10:36:53 - [TEST_STEP][PASSED] - delay: Delayed 5 second(s)

2018-09-15 10:36:58 - [MESSAGE][PASSED] - Delayed 5 second(s)

2018-09-15 10:36:58 - [TEST_STEP][PASSED] - Statement - linkUserName = driver.findElements(org.openqa.selenium.By.className("text-link-log")): null

2018-09-15 10:36:58 - [TEST_STEP][PASSED] - Statement - previousCountValue = 0: null

2018-09-15 10:36:58 - [TEST_STEP][PASSED] - Statement - For ([i = 0, i < linkUserName.size(), (i++)]): null

2018-09-15 10:36:58 - [TEST_STEP][PASSED] - Statement - linkLogmembername = linkUserName.get(i).getText(): null

2018-09-15 10:36:58 - [TEST_STEP][PASSED] - Statement - If (linkLogmembername.equals(teamMeberName)): null

2018-09-15 10:36:58 - [TEST_STEP][PASSED] - Statement - linkLogmembername = linkUserName.get(i).getText(): null

2018-09-15 10:36:58 - [TEST_STEP][PASSED] - Statement - If (linkLogmembername.equals(teamMeberName)): null

2018-09-15 10:36:58 - [TEST_STEP][PASSED] - Statement - linkLogmembername = linkUserName.get(i).getText(): null

2018-09-15 10:36:58 - [TEST_STEP][PASSED] - Statement - If (linkLogmembername.equals(teamMeberName)): null

2018-09-15 10:36:58 - [TEST_STEP][PASSED] - Statement - linkLogmembername = linkUserName.get(i).getText(): null

2018-09-15 10:36:58 - [TEST_STEP][PASSED] - Statement - If (linkLogmembername.equals(teamMeberName)): null

2018-09-15 10:36:58 - [TEST_STEP][PASSED] - Statement - linkLogmembername = linkUserName.get(i).getText(): null

2018-09-15 10:36:58 - [TEST_STEP][PASSED] - Statement - If (linkLogmembername.equals(teamMeberName)): null

2018-09-15 10:36:58 - [TEST_STEP][PASSED] - Statement - linkLogmembername = linkUserName.get(i).getText(): null

2018-09-15 10:36:58 - [TEST_STEP][PASSED] - Statement - If (linkLogmembername.equals(teamMeberName)): null

2018-09-15 10:36:58 - [TEST_STEP][PASSED] - Statement - linkLogmembername = linkUserName.get(i).getText(): null

2018-09-15 10:36:58 - [TEST_STEP][PASSED] - Statement - If (linkLogmembername.equals(teamMeberName)): null

2018-09-15 10:36:58 - [TEST_STEP][PASSED] - Statement - linkLogmembername = linkUserName.get(i).getText(): null

2018-09-15 10:36:58 - [TEST_STEP][PASSED] - Statement - If (linkLogmembername.equals(teamMeberName)): null

2018-09-15 10:36:58 - [TEST_STEP][PASSED] - Statement - out.println("Admin Console: " + linkLogmembername): null

2018-09-15 10:36:58 - [TEST_STEP][PASSED] - Statement - linkLogmembername = linkUserName.get(i).getText(): null

2018-09-15 10:36:58 - [TEST_STEP][PASSED] - Statement - If (linkLogmembername.equals(teamMeberName)): null

2018-09-15 10:36:58 - [TEST_STEP][PASSED] - Statement - linkLogmembername = linkUserName.get(i).getText(): null

2018-09-15 10:36:58 - [TEST_STEP][PASSED] - Statement - If (linkLogmembername.equals(teamMeberName)): null

2018-09-15 10:36:58 - [TEST_STEP][PASSED] - Statement - linkLogmembername = linkUserName.get(i).getText(): null

2018-09-15 10:36:58 - [TEST_STEP][PASSED] - Statement - If (linkLogmembername.equals(teamMeberName)): null

2018-09-15 10:36:58 - [TEST_STEP][PASSED] - Statement - linkLogmembername = linkUserName.get(i).getText(): null

2018-09-15 10:36:58 - [TEST_STEP][PASSED] - Statement - If (linkLogmembername.equals(teamMeberName)): null

2018-09-15 10:36:58 - [TEST_STEP][PASSED] - Statement - linkLogmembername = linkUserName.get(i).getText(): null

2018-09-15 10:36:58 - [TEST_STEP][PASSED] - Statement - If (linkLogmembername.equals(teamMeberName)): null

2018-09-15 10:36:58 - [TEST_STEP][PASSED] - Statement - linkLogmembername = linkUserName.get(i).getText(): null

2018-09-15 10:36:58 - [TEST_STEP][PASSED] - Statement - If (linkLogmembername.equals(teamMeberName)): null

2018-09-15 10:36:58 - [TEST_STEP][PASSED] - Statement - linkLogmembername = linkUserName.get(i).getText(): null

2018-09-15 10:36:59 - [TEST_STEP][PASSED] - Statement - If (linkLogmembername.equals(teamMeberName)): null

2018-09-15 10:36:59 - [TEST_STEP][PASSED] - Statement - linkLogmembername = linkUserName.get(i).getText(): null

2018-09-15 10:36:59 - [TEST_STEP][PASSED] - Statement - If (linkLogmembername.equals(teamMeberName)): null

2018-09-15 10:36:59 - [TEST_STEP][PASSED] - Statement - linkLogmembername = linkUserName.get(i).getText(): null

2018-09-15 10:36:59 - [TEST_STEP][PASSED] - Statement - If (linkLogmembername.equals(teamMeberName)): null

2018-09-15 10:36:59 - [TEST_STEP][PASSED] - Statement - linkLogmembername = linkUserName.get(i).getText(): null

2018-09-15 10:36:59 - [TEST_STEP][PASSED] - Statement - If (linkLogmembername.equals(teamMeberName)): null

2018-09-15 10:36:59 - [TEST_STEP][PASSED] - Statement - linkLogmembername = linkUserName.get(i).getText(): null

2018-09-15 10:36:59 - [TEST_STEP][PASSED] - Statement - If (linkLogmembername.equals(teamMeberName)): null

2018-09-15 10:36:59 - [TEST_STEP][PASSED] - Statement - linkLogmembername = linkUserName.get(i).getText(): null

2018-09-15 10:36:59 - [TEST_STEP][PASSED] - Statement - If (linkLogmembername.equals(teamMeberName)): null

2018-09-15 10:36:59 - [TEST_STEP][PASSED] - Statement - linkLogmembername = linkUserName.get(i).getText(): null

2018-09-15 10:36:59 - [TEST_STEP][PASSED] - Statement - If (linkLogmembername.equals(teamMeberName)): null

2018-09-15 10:36:59 - [TEST_STEP][PASSED] - Statement - linkLogmembername = linkUserName.get(i).getText(): null

2018-09-15 10:36:59 - [TEST_STEP][PASSED] - Statement - If (linkLogmembername.equals(teamMeberName)): null

2018-09-15 10:36:59 - [TEST_STEP][PASSED] - Statement - linkLogmembername = linkUserName.get(i).getText(): null

2018-09-15 10:36:59 - [TEST_STEP][PASSED] - Statement - If (linkLogmembername.equals(teamMeberName)): null

2018-09-15 10:36:59 - [TEST_STEP][PASSED] - Statement - linkLogmembername = linkUserName.get(i).getText(): null

2018-09-15 10:36:59 - [TEST_STEP][PASSED] - Statement - If (linkLogmembername.equals(teamMeberName)): null

2018-09-15 10:36:59 - [TEST_STEP][PASSED] - Statement - linkLogmembername = linkUserName.get(i).getText(): null

2018-09-15 10:36:59 - [TEST_STEP][PASSED] - Statement - If (linkLogmembername.equals(teamMeberName)): null

2018-09-15 10:36:59 - [TEST_STEP][PASSED] - Statement - linkLogmembername = linkUserName.get(i).getText(): null

2018-09-15 10:36:59 - [TEST_STEP][PASSED] - Statement - If (linkLogmembername.equals(teamMeberName)): null

2018-09-15 10:36:59 - [TEST_STEP][PASSED] - Statement - linkLogmembername = linkUserName.get(i).getText(): null

2018-09-15 10:36:59 - [TEST_STEP][PASSED] - Statement - If (linkLogmembername.equals(teamMeberName)): null

2018-09-15 10:36:59 - [TEST_STEP][PASSED] - Statement - linkLogmembername = linkUserName.get(i).getText(): null

2018-09-15 10:36:59 - [TEST_STEP][PASSED] - Statement - If (linkLogmembername.equals(teamMeberName)): null

2018-09-15 10:36:59 - [TEST_STEP][PASSED] - Statement - linkLogmembername = linkUserName.get(i).getText(): null

2018-09-15 10:36:59 - [TEST_STEP][PASSED] - Statement - If (linkLogmembername.equals(teamMeberName)): null

2018-09-15 10:36:59 - [TEST_STEP][PASSED] - Statement - linkLogmembername = linkUserName.get(i).getText(): null

2018-09-15 10:36:59 - [TEST_STEP][PASSED] - Statement - If (linkLogmembername.equals(teamMeberName)): null

2018-09-15 10:36:59 - [TEST_STEP][PASSED] - Statement - linkLogmembername = linkUserName.get(i).getText(): null

2018-09-15 10:36:59 - [TEST_STEP][PASSED] - Statement - If (linkLogmembername.equals(teamMeberName)): null

2018-09-15 10:36:59 - [TEST_STEP][PASSED] - Statement - linkLogmembername = linkUserName.get(i).getText(): null

2018-09-15 10:36:59 - [TEST_STEP][PASSED] - Statement - If (linkLogmembername.equals(teamMeberName)): null

2018-09-15 10:36:59 - [TEST_STEP][PASSED] - Statement - linkLogmembername = linkUserName.get(i).getText(): null

2018-09-15 10:36:59 - [TEST_STEP][PASSED] - Statement - If (linkLogmembername.equals(teamMeberName)): null

2018-09-15 10:36:59 - [TEST_STEP][PASSED] - Statement - linkLogmembername = linkUserName.get(i).getText(): null

2018-09-15 10:36:59 - [TEST_STEP][PASSED] - Statement - If (linkLogmembername.equals(teamMeberName)): null

2018-09-15 10:36:59 - [TEST_STEP][PASSED] - Statement - linkLogmembername = linkUserName.get(i).getText(): null

2018-09-15 10:36:59 - [TEST_STEP][PASSED] - Statement - If (linkLogmembername.equals(teamMeberName)): null

2018-09-15 10:36:59 - [TEST_STEP][PASSED] - Statement - linkLogmembername = linkUserName.get(i).getText(): null

2018-09-15 10:36:59 - [TEST_STEP][PASSED] - Statement - If (linkLogmembername.equals(teamMeberName)): null

2018-09-15 10:36:59 - [TEST_STEP][PASSED] - Statement - linkLogmembername = linkUserName.get(i).getText(): null

2018-09-15 10:36:59 - [TEST_STEP][PASSED] - Statement - If (linkLogmembername.equals(teamMeberName)): null

2018-09-15 10:36:59 - [TEST_STEP][PASSED] - Statement - linkLogmembername = linkUserName.get(i).getText(): null

2018-09-15 10:36:59 - [TEST_STEP][PASSED] - Statement - If (linkLogmembername.equals(teamMeberName)): null

2018-09-15 10:36:59 - [TEST_STEP][PASSED] - Statement - linkLogmembername = linkUserName.get(i).getText(): null

2018-09-15 10:36:59 - [TEST_STEP][PASSED] - Statement - If (linkLogmembername.equals(teamMeberName)): null

2018-09-15 10:36:59 - [TEST_STEP][PASSED] - Statement - linkLogmembername = linkUserName.get(i).getText(): null

2018-09-15 10:36:59 - [TEST_STEP][PASSED] - Statement - If (linkLogmembername.equals(teamMeberName)): null

2018-09-15 10:36:59 - [TEST_STEP][PASSED] - Statement - linkLogmembername = linkUserName.get(i).getText(): null

2018-09-15 10:36:59 - [TEST_STEP][PASSED] - Statement - If (linkLogmembername.equals(teamMeberName)): null

2018-09-15 10:36:59 - [TEST_STEP][PASSED] - Statement - linkLogmembername = linkUserName.get(i).getText(): null

2018-09-15 10:37:00 - [TEST_STEP][PASSED] - Statement - If (linkLogmembername.equals(teamMeberName)): null

2018-09-15 10:37:00 - [TEST_STEP][PASSED] - Statement - linkLogmembername = linkUserName.get(i).getText(): null

2018-09-15 10:37:00 - [TEST_STEP][PASSED] - Statement - If (linkLogmembername.equals(teamMeberName)): null

2018-09-15 10:37:00 - [TEST_STEP][PASSED] - Statement - linkLogmembername = linkUserName.get(i).getText(): null

2018-09-15 10:37:00 - [TEST_STEP][PASSED] - Statement - If (linkLogmembername.equals(teamMeberName)): null

2018-09-15 10:37:00 - [TEST_STEP][PASSED] - Statement - linkLogmembername = linkUserName.get(i).getText(): null

2018-09-15 10:37:00 - [TEST_STEP][PASSED] - Statement - If (linkLogmembername.equals(teamMeberName)): null

2018-09-15 10:37:00 - [TEST_STEP][PASSED] - Statement - linkLogmembername = linkUserName.get(i).getText(): null

2018-09-15 10:37:00 - [TEST_STEP][PASSED] - Statement - If (linkLogmembername.equals(teamMeberName)): null

2018-09-15 10:37:00 - [TEST_STEP][PASSED] - Statement - linkLogmembername = linkUserName.get(i).getText(): null

2018-09-15 10:37:00 - [TEST_STEP][PASSED] - Statement - If (linkLogmembername.equals(teamMeberName)): null

2018-09-15 10:37:00 - [TEST_STEP][PASSED] - Statement - linkLogmembername = linkUserName.get(i).getText(): null

2018-09-15 10:37:00 - [TEST_STEP][PASSED] - Statement - If (linkLogmembername.equals(teamMeberName)): null

2018-09-15 10:37:00 - [TEST_STEP][PASSED] - Statement - linkLogmembername = linkUserName.get(i).getText(): null

2018-09-15 10:37:00 - [TEST_STEP][PASSED] - Statement - If (linkLogmembername.equals(teamMeberName)): null

2018-09-15 10:37:00 - [TEST_STEP][PASSED] - Statement - linkLogmembername = linkUserName.get(i).getText(): null

2018-09-15 10:37:00 - [TEST_STEP][PASSED] - Statement - If (linkLogmembername.equals(teamMeberName)): null

2018-09-15 10:37:00 - [TEST_STEP][PASSED] - Statement - linkLogmembername = linkUserName.get(i).getText(): null

2018-09-15 10:37:00 - [TEST_STEP][PASSED] - Statement - If (linkLogmembername.equals(teamMeberName)): null

2018-09-15 10:37:00 - [TEST_STEP][PASSED] - Statement - linkLogmembername = linkUserName.get(i).getText(): null

2018-09-15 10:37:00 - [TEST_STEP][PASSED] - Statement - If (linkLogmembername.equals(teamMeberName)): null

2018-09-15 10:37:00 - [TEST_STEP][PASSED] - Statement - linkLogmembername = linkUserName.get(i).getText(): null

2018-09-15 10:37:00 - [TEST_STEP][PASSED] - Statement - If (linkLogmembername.equals(teamMeberName)): null

2018-09-15 10:37:00 - [TEST_STEP][PASSED] - Statement - linkLogmembername = linkUserName.get(i).getText(): null

2018-09-15 10:37:00 - [TEST_STEP][PASSED] - Statement - If (linkLogmembername.equals(teamMeberName)): null

2018-09-15 10:37:00 - [TEST_STEP][PASSED] - Statement - linkLogmembername = linkUserName.get(i).getText(): null

2018-09-15 10:37:00 - [TEST_STEP][PASSED] - Statement - If (linkLogmembername.equals(teamMeberName)): null

2018-09-15 10:37:00 - [TEST_STEP][PASSED] - Statement - linkLogmembername = linkUserName.get(i).getText(): null

2018-09-15 10:37:00 - [TEST_STEP][PASSED] - Statement - If (linkLogmembername.equals(teamMeberName)): null

2018-09-15 10:37:00 - [TEST_STEP][PASSED] - Statement - linkLogmembername = linkUserName.get(i).getText(): null

2018-09-15 10:37:00 - [TEST_STEP][PASSED] - Statement - If (linkLogmembername.equals(teamMeberName)): null

2018-09-15 10:37:00 - [TEST_STEP][PASSED] - Statement - js = driver: null

2018-09-15 10:37:00 - [TEST_STEP][PASSED] - Statement - js.executeScript("window.open();"): null

2018-09-15 10:37:00 - [TEST_STEP][PASSED] - Statement - currentWindow = com.kms.katalon.core.webui.keyword.WebUiBuiltInKeywords.getWindowIndex(): Current window's index is: 0

2018-09-15 10:37:00 - [MESSAGE][PASSED] - Current window's index is: 0

2018-09-15 10:37:00 - [TEST_STEP][PASSED] - switchToWindowIndex: Switched to window with index: '1'

2018-09-15 10:37:00 - [MESSAGE][PASSED] - Switched to window with index: '1'

2018-09-15 10:37:00 - [TEST_STEP][PASSED] - navigateToUrl: Navigate to 'https://dev.vcalling.in/url/UAT/?id=UAT-1-638' successfully

2018-09-15 10:37:02 - [MESSAGE][PASSED] - Navigate to 'https://dev.vcalling.in/url/UAT/?id=UAT-1-638' successfully

2018-09-15 10:37:02 - [TEST_STEP][PASSED] - Statement - currentTab = com.kms.katalon.core.webui.keyword.WebUiBuiltInKeywords.getWindowIndex(): Current window's index is: 1

2018-09-15 10:37:02 - [MESSAGE][PASSED] - Current window's index is: 1]]></system-out>
         <system-err><![CDATA[]]></system-err>
      </testcase>
      <testcase name="Test Cases/completed/TestCase2_Link Genrator Short link/LinkGenrateThroughNumber" classname="Test Cases/completed/TestCase2_Link Genrator Short link/LinkGenrateThroughNumber" status="PASSED">
         <system-out><![CDATA[2018-09-15 10:37:02 - [TEST_CASE][PASSED] - Test Cases/completed/TestCase2_Link Genrator Short link/LinkGenrateThroughNumber: Test Cases/completed/TestCase2_Link Genrator Short link/LinkGenrateThroughNumber

2018-09-15 10:37:03 - [TEST_STEP][PASSED] - callTestCase: Call Test Case 'Test Cases/BVT/aSimple_Login' successfully

2018-09-15 10:37:03 - [TEST_CASE][PASSED] - Test Cases/BVT/aSimple_Login: Test Cases/BVT/aSimple_Login

2018-09-15 10:37:03 - [TEST_STEP][PASSED] - openBrowser: Browser is opened with url: ''

2018-09-15 10:37:03 - [MESSAGE][WARNING] - A browser is already opened. Closing browser and opening a new one

2018-09-15 10:37:06 - [MESSAGE][PASSED] - Browser is opened with url: ''

2018-09-15 10:37:06 - [TEST_STEP][PASSED] - maximizeWindow: Current window maximized

2018-09-15 10:37:07 - [MESSAGE][PASSED] - Current window maximized

2018-09-15 10:37:07 - [TEST_STEP][PASSED] - navigateToUrl: Navigate to 'https://dev.vcalling.in/enterprises/UAT/Dashboard/index.html' successfully

2018-09-15 10:37:11 - [MESSAGE][PASSED] - Navigate to 'https://dev.vcalling.in/enterprises/UAT/Dashboard/index.html' successfully

2018-09-15 10:37:11 - [TEST_STEP][PASSED] - setText: Text 'testing4dea@gmail.com' is set on object 'Object Repository/Login/UserId'

2018-09-15 10:37:11 - [MESSAGE][PASSED] - Text 'testing4dea@gmail.com' is set on object 'Object Repository/Login/UserId'

2018-09-15 10:37:11 - [TEST_STEP][PASSED] - click: Object: 'Object Repository/Login/div_GET OTP' is clicked on

2018-09-15 10:37:11 - [MESSAGE][PASSED] - Object: 'Object Repository/Login/div_GET OTP' is clicked on

2018-09-15 10:37:11 - [TEST_STEP][PASSED] - waitForElementPresent: Object 'Object Repository/Login/div_SUBMIT' is present

2018-09-15 10:37:12 - [MESSAGE][PASSED] - Object 'Object Repository/Login/div_SUBMIT' is present

2018-09-15 10:37:12 - [TEST_STEP][PASSED] - Statement - If (com.kms.katalon.core.webui.keyword.WebUiBuiltInKeywords.verifyElementNotPresent(com.kms.katalon.core.testobject.ObjectRepository.findTestObject(Login/div_SUBMIT), 5, OPTIONAL)): Web element with id: 'Object Repository/Login/div_SUBMIT' located by 'By.xpath: //div[(text() = ' SUBMIT ' or . = ' SUBMIT ')]' is present after '5' second(s)

2018-09-15 10:37:18 - [MESSAGE][WARNING] - Web element with id: 'Object Repository/Login/div_SUBMIT' located by 'By.xpath: //div[(text() = ' SUBMIT ' or . = ' SUBMIT ')]' is present after '5' second(s)
[[ATTACHMENT|C:\\Users\\Kaushal\\Desktop\\Katalon Studio\\vCallingDashboard\\Reports\\RegressionSuite\\20180915_103222\\1537004237706.png]]

2018-09-15 10:37:18 - [TEST_STEP][PASSED] - Statement - sleep(5000): null

2018-09-15 10:37:23 - [TEST_STEP][PASSED] - Statement - OTP = getOTP(): null

2018-09-15 10:37:23 - [TEST_STEP][PASSED] - Statement - host = "imap.gmail.com": null

2018-09-15 10:37:23 - [TEST_STEP][PASSED] - Statement - msg = <not implemented yet for class: org.codehaus.groovy.ast.expr.EmptyExpression>: null

2018-09-15 10:37:23 - [TEST_STEP][PASSED] - Statement - msgSub = <not implemented yet for class: org.codehaus.groovy.ast.expr.EmptyExpression>: null

2018-09-15 10:37:23 - [TEST_STEP][PASSED] - Statement - OTP = "unavailable": null

2018-09-15 10:37:23 - [TEST_STEP][PASSED] - Statement - props = new java.util.Properties(): null

2018-09-15 10:37:23 - [TEST_STEP][PASSED] - Statement - props.setProperty("mail.imap.ssl.enable", "true"): null

2018-09-15 10:37:23 - [TEST_STEP][PASSED] - Statement - session = javax.mail.Session.getInstance(props): null

2018-09-15 10:37:23 - [TEST_STEP][PASSED] - Statement - store = <not implemented yet for class: org.codehaus.groovy.ast.expr.EmptyExpression>: null

2018-09-15 10:37:23 - [TEST_STEP][PASSED] - Statement - Try: null

2018-09-15 10:37:23 - [TEST_STEP][PASSED] - Statement - store = session.getStore("imap"): null

2018-09-15 10:37:23 - [TEST_STEP][PASSED] - Statement - store.connect(host, Email, Password): null

2018-09-15 10:37:24 - [TEST_STEP][PASSED] - Statement - emailFolder = store.getFolder("INBOX"): null

2018-09-15 10:37:24 - [TEST_STEP][PASSED] - Statement - emailFolder.open(READ_WRITE): null

2018-09-15 10:37:25 - [TEST_STEP][PASSED] - Statement - messages = emailFolder.getMessages(): null

2018-09-15 10:37:25 - [TEST_STEP][PASSED] - Statement - n = length: null

2018-09-15 10:37:25 - [TEST_STEP][PASSED] - Statement - message = messages[n - 1]: null

2018-09-15 10:37:25 - [TEST_STEP][PASSED] - Statement - msgSub = message.getSubject(): null

2018-09-15 10:37:25 - [TEST_STEP][PASSED] - Statement - If (msgSub.equals("OTP to Sign In")): null

2018-09-15 10:37:25 - [TEST_STEP][PASSED] - Statement - msg = message.getContent().toString(): null

2018-09-15 10:37:26 - [TEST_STEP][PASSED] - Statement - OTP = msg.substring(msg.length() - 7): null

2018-09-15 10:37:26 - [TEST_STEP][PASSED] - Statement - message.setFlag(DELETED, true): null

2018-09-15 10:37:26 - [TEST_STEP][PASSED] - Statement - emailFolder.close(true): null

2018-09-15 10:37:27 - [TEST_STEP][PASSED] - Statement - store.close(): null

2018-09-15 10:37:27 - [TEST_STEP][PASSED] - Statement - return OTP: null

2018-09-15 10:37:27 - [TEST_STEP][PASSED] - Statement - If (OTP.equals("unavailable")): null

2018-09-15 10:37:27 - [TEST_STEP][PASSED] - Statement - Else: Text 'q3784
' is set on object 'Object Repository/Login/OtpInput'

2018-09-15 10:37:27 - [TEST_STEP][PASSED] - setText: Text 'q3784
' is set on object 'Object Repository/Login/OtpInput'

2018-09-15 10:37:27 - [MESSAGE][PASSED] - Text 'q3784
' is set on object 'Object Repository/Login/OtpInput'

2018-09-15 10:37:27 - [TEST_STEP][PASSED] - verifyElementPresent: Object 'Object Repository/Login/afterOpenDisplay' is present

2018-09-15 10:37:28 - [MESSAGE][PASSED] - Object 'Object Repository/Login/afterOpenDisplay' is present

2018-09-15 10:37:28 - [MESSAGE][PASSED] - Call Test Case 'Test Cases/BVT/aSimple_Login' successfully

2018-09-15 10:37:28 - [TEST_STEP][PASSED] - Statement - driver = com.kms.katalon.core.webui.driver.DriverFactory.getWebDriver(): null

2018-09-15 10:37:28 - [TEST_STEP][PASSED] - click: Object: 'Object Repository/Dashboard_Link Generator/linkgeneratorIcon' is clicked on

2018-09-15 10:37:28 - [MESSAGE][PASSED] - Object: 'Object Repository/Dashboard_Link Generator/linkgeneratorIcon' is clicked on

2018-09-15 10:37:28 - [TEST_STEP][PASSED] - Statement - number = CustomKeywords.phoneNumbers.contactNumbers.randomString(9): phoneNumbers.contactNumbers.randomString is PASSED

2018-09-15 10:37:28 - [MESSAGE][PASSED] - phoneNumbers.contactNumbers.randomString is PASSED

2018-09-15 10:37:28 - [TEST_STEP][PASSED] - Statement - Mobile_Number = number: null

2018-09-15 10:37:28 - [TEST_STEP][PASSED] - setText: Text '0344474161' is set on object 'Object Repository/Dashboard_Link Generator/contactNumber'

2018-09-15 10:37:29 - [MESSAGE][PASSED] - Text '0344474161' is set on object 'Object Repository/Dashboard_Link Generator/contactNumber'

2018-09-15 10:37:29 - [TEST_STEP][PASSED] - click: Object: 'Object Repository/Dashboard_Link Generator/div_GET LINK' is clicked on

2018-09-15 10:37:29 - [MESSAGE][PASSED] - Object: 'Object Repository/Dashboard_Link Generator/div_GET LINK' is clicked on

2018-09-15 10:37:29 - [TEST_STEP][PASSED] - Statement - getLink = com.kms.katalon.core.webui.keyword.WebUiBuiltInKeywords.getAttribute(com.kms.katalon.core.testobject.ObjectRepository.findTestObject(Dashboard_Link Generator/shortLinkUrlCopy), "value"): Attribute 'value' of object 'Object Repository/Dashboard_Link Generator/shortLinkUrlCopy' is: 'https://dev.vcalling.in/url/UAT/?id=UAT-1-639'

2018-09-15 10:37:30 - [MESSAGE][PASSED] - Attribute 'value' of object 'Object Repository/Dashboard_Link Generator/shortLinkUrlCopy' is: 'https://dev.vcalling.in/url/UAT/?id=UAT-1-639'

2018-09-15 10:37:30 - [TEST_STEP][PASSED] - Statement - println(getLink): null

2018-09-15 10:37:30 - [TEST_STEP][PASSED] - delay: Delayed 2 second(s)

2018-09-15 10:37:32 - [MESSAGE][PASSED] - Delayed 2 second(s)

2018-09-15 10:37:32 - [TEST_STEP][PASSED] - click: Object: 'Object Repository/Dashboard_Link Generator/shortLinkCOpy' is clicked on

2018-09-15 10:37:32 - [MESSAGE][PASSED] - Object: 'Object Repository/Dashboard_Link Generator/shortLinkCOpy' is clicked on

2018-09-15 10:37:32 - [TEST_STEP][PASSED] - delay: Delayed 2 second(s)

2018-09-15 10:37:34 - [MESSAGE][PASSED] - Delayed 2 second(s)

2018-09-15 10:37:34 - [TEST_STEP][PASSED] - click: Object: 'Object Repository/Dashboard_Link Generator/linkCopyShort' is clicked on

2018-09-15 10:37:34 - [MESSAGE][PASSED] - Object: 'Object Repository/Dashboard_Link Generator/linkCopyShort' is clicked on

2018-09-15 10:37:34 - [TEST_STEP][PASSED] - Statement - If (com.kms.katalon.core.webui.keyword.WebUiBuiltInKeywords.verifyElementPresent(com.kms.katalon.core.testobject.ObjectRepository.findTestObject(Dashboard_Link Generator/validation), 5, OPTIONAL)): null

2018-09-15 10:37:34 - [MESSAGE][PASSED] - Object 'Object Repository/Dashboard_Link Generator/validation' is present

2018-09-15 10:37:34 - [TEST_STEP][PASSED] - Statement - validationMessage = com.kms.katalon.core.webui.keyword.WebUiBuiltInKeywords.getText(com.kms.katalon.core.testobject.ObjectRepository.findTestObject(Dashboard_Link Generator/validation)): Text of object 'Object Repository/Dashboard_Link Generator/validation' is: 'Short Link Copied.!'

2018-09-15 10:37:34 - [MESSAGE][PASSED] - Text of object 'Object Repository/Dashboard_Link Generator/validation' is: 'Short Link Copied.!'

2018-09-15 10:37:34 - [TEST_STEP][PASSED] - verifyMatch: Actual text 'Short Link Copied.!' and expected text 'Short Link Copied.!' are matched 

2018-09-15 10:37:34 - [MESSAGE][PASSED] - Actual text 'Short Link Copied.!' and expected text 'Short Link Copied.!' are matched 

2018-09-15 10:37:34 - [TEST_STEP][PASSED] - Statement - println("successful"): null

2018-09-15 10:37:34 - [TEST_STEP][PASSED] - delay: Delayed 5 second(s)

2018-09-15 10:37:39 - [MESSAGE][PASSED] - Delayed 5 second(s)

2018-09-15 10:37:39 - [TEST_STEP][PASSED] - Statement - linkUserName = driver.findElements(org.openqa.selenium.By.className("text-link-log")): null

2018-09-15 10:37:39 - [TEST_STEP][PASSED] - Statement - previousCountValue = 0: null

2018-09-15 10:37:39 - [TEST_STEP][PASSED] - Statement - For ([i = 0, i < linkUserName.size(), (i++)]): null

2018-09-15 10:37:39 - [TEST_STEP][PASSED] - Statement - linkLogmembername = linkUserName.get(i).getText(): null

2018-09-15 10:37:39 - [TEST_STEP][PASSED] - Statement - If (linkLogmembername.equals(teamMeberName)): null

2018-09-15 10:37:39 - [TEST_STEP][PASSED] - Statement - linkLogmembername = linkUserName.get(i).getText(): null

2018-09-15 10:37:39 - [TEST_STEP][PASSED] - Statement - If (linkLogmembername.equals(teamMeberName)): null

2018-09-15 10:37:39 - [TEST_STEP][PASSED] - Statement - linkLogmembername = linkUserName.get(i).getText(): null

2018-09-15 10:37:39 - [TEST_STEP][PASSED] - Statement - If (linkLogmembername.equals(teamMeberName)): null

2018-09-15 10:37:39 - [TEST_STEP][PASSED] - Statement - linkLogmembername = linkUserName.get(i).getText(): null

2018-09-15 10:37:39 - [TEST_STEP][PASSED] - Statement - If (linkLogmembername.equals(teamMeberName)): null

2018-09-15 10:37:39 - [TEST_STEP][PASSED] - Statement - linkLogmembername = linkUserName.get(i).getText(): null

2018-09-15 10:37:39 - [TEST_STEP][PASSED] - Statement - If (linkLogmembername.equals(teamMeberName)): null

2018-09-15 10:37:39 - [TEST_STEP][PASSED] - Statement - linkLogmembername = linkUserName.get(i).getText(): null

2018-09-15 10:37:39 - [TEST_STEP][PASSED] - Statement - If (linkLogmembername.equals(teamMeberName)): null

2018-09-15 10:37:39 - [TEST_STEP][PASSED] - Statement - linkLogmembername = linkUserName.get(i).getText(): null

2018-09-15 10:37:39 - [TEST_STEP][PASSED] - Statement - If (linkLogmembername.equals(teamMeberName)): null

2018-09-15 10:37:39 - [TEST_STEP][PASSED] - Statement - linkLogmembername = linkUserName.get(i).getText(): null

2018-09-15 10:37:39 - [TEST_STEP][PASSED] - Statement - If (linkLogmembername.equals(teamMeberName)): null

2018-09-15 10:37:39 - [TEST_STEP][PASSED] - Statement - linkLogmembername = linkUserName.get(i).getText(): null

2018-09-15 10:37:39 - [TEST_STEP][PASSED] - Statement - If (linkLogmembername.equals(teamMeberName)): null

2018-09-15 10:37:39 - [TEST_STEP][PASSED] - Statement - linkLogmembername = linkUserName.get(i).getText(): null

2018-09-15 10:37:39 - [TEST_STEP][PASSED] - Statement - If (linkLogmembername.equals(teamMeberName)): null

2018-09-15 10:37:39 - [TEST_STEP][PASSED] - Statement - linkLogmembername = linkUserName.get(i).getText(): null

2018-09-15 10:37:39 - [TEST_STEP][PASSED] - Statement - If (linkLogmembername.equals(teamMeberName)): null

2018-09-15 10:37:39 - [TEST_STEP][PASSED] - Statement - linkLogmembername = linkUserName.get(i).getText(): null

2018-09-15 10:37:39 - [TEST_STEP][PASSED] - Statement - If (linkLogmembername.equals(teamMeberName)): null

2018-09-15 10:37:39 - [TEST_STEP][PASSED] - Statement - linkLogmembername = linkUserName.get(i).getText(): null

2018-09-15 10:37:40 - [TEST_STEP][PASSED] - Statement - If (linkLogmembername.equals(teamMeberName)): null

2018-09-15 10:37:40 - [TEST_STEP][PASSED] - Statement - out.println("Admin Console: " + linkLogmembername): null

2018-09-15 10:37:40 - [TEST_STEP][PASSED] - Statement - linkLogmembername = linkUserName.get(i).getText(): null

2018-09-15 10:37:40 - [TEST_STEP][PASSED] - Statement - If (linkLogmembername.equals(teamMeberName)): null

2018-09-15 10:37:40 - [TEST_STEP][PASSED] - Statement - linkLogmembername = linkUserName.get(i).getText(): null

2018-09-15 10:37:40 - [TEST_STEP][PASSED] - Statement - If (linkLogmembername.equals(teamMeberName)): null

2018-09-15 10:37:40 - [TEST_STEP][PASSED] - Statement - linkLogmembername = linkUserName.get(i).getText(): null

2018-09-15 10:37:40 - [TEST_STEP][PASSED] - Statement - If (linkLogmembername.equals(teamMeberName)): null

2018-09-15 10:37:40 - [TEST_STEP][PASSED] - Statement - linkLogmembername = linkUserName.get(i).getText(): null

2018-09-15 10:37:40 - [TEST_STEP][PASSED] - Statement - If (linkLogmembername.equals(teamMeberName)): null

2018-09-15 10:37:40 - [TEST_STEP][PASSED] - Statement - linkLogmembername = linkUserName.get(i).getText(): null

2018-09-15 10:37:40 - [TEST_STEP][PASSED] - Statement - If (linkLogmembername.equals(teamMeberName)): null

2018-09-15 10:37:40 - [TEST_STEP][PASSED] - Statement - linkLogmembername = linkUserName.get(i).getText(): null

2018-09-15 10:37:40 - [TEST_STEP][PASSED] - Statement - If (linkLogmembername.equals(teamMeberName)): null

2018-09-15 10:37:40 - [TEST_STEP][PASSED] - Statement - linkLogmembername = linkUserName.get(i).getText(): null

2018-09-15 10:37:40 - [TEST_STEP][PASSED] - Statement - If (linkLogmembername.equals(teamMeberName)): null

2018-09-15 10:37:40 - [TEST_STEP][PASSED] - Statement - linkLogmembername = linkUserName.get(i).getText(): null

2018-09-15 10:37:40 - [TEST_STEP][PASSED] - Statement - If (linkLogmembername.equals(teamMeberName)): null

2018-09-15 10:37:40 - [TEST_STEP][PASSED] - Statement - linkLogmembername = linkUserName.get(i).getText(): null

2018-09-15 10:37:40 - [TEST_STEP][PASSED] - Statement - If (linkLogmembername.equals(teamMeberName)): null

2018-09-15 10:37:40 - [TEST_STEP][PASSED] - Statement - linkLogmembername = linkUserName.get(i).getText(): null

2018-09-15 10:37:40 - [TEST_STEP][PASSED] - Statement - If (linkLogmembername.equals(teamMeberName)): null

2018-09-15 10:37:40 - [TEST_STEP][PASSED] - Statement - linkLogmembername = linkUserName.get(i).getText(): null

2018-09-15 10:37:40 - [TEST_STEP][PASSED] - Statement - If (linkLogmembername.equals(teamMeberName)): null

2018-09-15 10:37:40 - [TEST_STEP][PASSED] - Statement - linkLogmembername = linkUserName.get(i).getText(): null

2018-09-15 10:37:40 - [TEST_STEP][PASSED] - Statement - If (linkLogmembername.equals(teamMeberName)): null

2018-09-15 10:37:40 - [TEST_STEP][PASSED] - Statement - linkLogmembername = linkUserName.get(i).getText(): null

2018-09-15 10:37:40 - [TEST_STEP][PASSED] - Statement - If (linkLogmembername.equals(teamMeberName)): null

2018-09-15 10:37:40 - [TEST_STEP][PASSED] - Statement - linkLogmembername = linkUserName.get(i).getText(): null

2018-09-15 10:37:40 - [TEST_STEP][PASSED] - Statement - If (linkLogmembername.equals(teamMeberName)): null

2018-09-15 10:37:40 - [TEST_STEP][PASSED] - Statement - linkLogmembername = linkUserName.get(i).getText(): null

2018-09-15 10:37:40 - [TEST_STEP][PASSED] - Statement - If (linkLogmembername.equals(teamMeberName)): null

2018-09-15 10:37:40 - [TEST_STEP][PASSED] - Statement - linkLogmembername = linkUserName.get(i).getText(): null

2018-09-15 10:37:40 - [TEST_STEP][PASSED] - Statement - If (linkLogmembername.equals(teamMeberName)): null

2018-09-15 10:37:40 - [TEST_STEP][PASSED] - Statement - linkLogmembername = linkUserName.get(i).getText(): null

2018-09-15 10:37:40 - [TEST_STEP][PASSED] - Statement - If (linkLogmembername.equals(teamMeberName)): null

2018-09-15 10:37:40 - [TEST_STEP][PASSED] - Statement - linkLogmembername = linkUserName.get(i).getText(): null

2018-09-15 10:37:40 - [TEST_STEP][PASSED] - Statement - If (linkLogmembername.equals(teamMeberName)): null

2018-09-15 10:37:40 - [TEST_STEP][PASSED] - Statement - linkLogmembername = linkUserName.get(i).getText(): null

2018-09-15 10:37:40 - [TEST_STEP][PASSED] - Statement - If (linkLogmembername.equals(teamMeberName)): null

2018-09-15 10:37:40 - [TEST_STEP][PASSED] - Statement - linkLogmembername = linkUserName.get(i).getText(): null

2018-09-15 10:37:40 - [TEST_STEP][PASSED] - Statement - If (linkLogmembername.equals(teamMeberName)): null

2018-09-15 10:37:40 - [TEST_STEP][PASSED] - Statement - linkLogmembername = linkUserName.get(i).getText(): null

2018-09-15 10:37:40 - [TEST_STEP][PASSED] - Statement - If (linkLogmembername.equals(teamMeberName)): null

2018-09-15 10:37:40 - [TEST_STEP][PASSED] - Statement - linkLogmembername = linkUserName.get(i).getText(): null

2018-09-15 10:37:40 - [TEST_STEP][PASSED] - Statement - If (linkLogmembername.equals(teamMeberName)): null

2018-09-15 10:37:40 - [TEST_STEP][PASSED] - Statement - linkLogmembername = linkUserName.get(i).getText(): null

2018-09-15 10:37:40 - [TEST_STEP][PASSED] - Statement - If (linkLogmembername.equals(teamMeberName)): null

2018-09-15 10:37:40 - [TEST_STEP][PASSED] - Statement - linkLogmembername = linkUserName.get(i).getText(): null

2018-09-15 10:37:40 - [TEST_STEP][PASSED] - Statement - If (linkLogmembername.equals(teamMeberName)): null

2018-09-15 10:37:40 - [TEST_STEP][PASSED] - Statement - linkLogmembername = linkUserName.get(i).getText(): null

2018-09-15 10:37:40 - [TEST_STEP][PASSED] - Statement - If (linkLogmembername.equals(teamMeberName)): null

2018-09-15 10:37:40 - [TEST_STEP][PASSED] - Statement - linkLogmembername = linkUserName.get(i).getText(): null

2018-09-15 10:37:40 - [TEST_STEP][PASSED] - Statement - If (linkLogmembername.equals(teamMeberName)): null

2018-09-15 10:37:40 - [TEST_STEP][PASSED] - Statement - linkLogmembername = linkUserName.get(i).getText(): null

2018-09-15 10:37:40 - [TEST_STEP][PASSED] - Statement - If (linkLogmembername.equals(teamMeberName)): null

2018-09-15 10:37:40 - [TEST_STEP][PASSED] - Statement - linkLogmembername = linkUserName.get(i).getText(): null

2018-09-15 10:37:40 - [TEST_STEP][PASSED] - Statement - If (linkLogmembername.equals(teamMeberName)): null

2018-09-15 10:37:40 - [TEST_STEP][PASSED] - Statement - linkLogmembername = linkUserName.get(i).getText(): null

2018-09-15 10:37:40 - [TEST_STEP][PASSED] - Statement - If (linkLogmembername.equals(teamMeberName)): null

2018-09-15 10:37:40 - [TEST_STEP][PASSED] - Statement - linkLogmembername = linkUserName.get(i).getText(): null

2018-09-15 10:37:40 - [TEST_STEP][PASSED] - Statement - If (linkLogmembername.equals(teamMeberName)): null

2018-09-15 10:37:40 - [TEST_STEP][PASSED] - Statement - linkLogmembername = linkUserName.get(i).getText(): null

2018-09-15 10:37:41 - [TEST_STEP][PASSED] - Statement - If (linkLogmembername.equals(teamMeberName)): null

2018-09-15 10:37:41 - [TEST_STEP][PASSED] - Statement - linkLogmembername = linkUserName.get(i).getText(): null

2018-09-15 10:37:41 - [TEST_STEP][PASSED] - Statement - If (linkLogmembername.equals(teamMeberName)): null

2018-09-15 10:37:41 - [TEST_STEP][PASSED] - Statement - linkLogmembername = linkUserName.get(i).getText(): null

2018-09-15 10:37:41 - [TEST_STEP][PASSED] - Statement - If (linkLogmembername.equals(teamMeberName)): null

2018-09-15 10:37:41 - [TEST_STEP][PASSED] - Statement - linkLogmembername = linkUserName.get(i).getText(): null

2018-09-15 10:37:41 - [TEST_STEP][PASSED] - Statement - If (linkLogmembername.equals(teamMeberName)): null

2018-09-15 10:37:41 - [TEST_STEP][PASSED] - Statement - linkLogmembername = linkUserName.get(i).getText(): null

2018-09-15 10:37:41 - [TEST_STEP][PASSED] - Statement - If (linkLogmembername.equals(teamMeberName)): null

2018-09-15 10:37:41 - [TEST_STEP][PASSED] - Statement - linkLogmembername = linkUserName.get(i).getText(): null

2018-09-15 10:37:41 - [TEST_STEP][PASSED] - Statement - If (linkLogmembername.equals(teamMeberName)): null

2018-09-15 10:37:41 - [TEST_STEP][PASSED] - Statement - linkLogmembername = linkUserName.get(i).getText(): null

2018-09-15 10:37:41 - [TEST_STEP][PASSED] - Statement - If (linkLogmembername.equals(teamMeberName)): null

2018-09-15 10:37:41 - [TEST_STEP][PASSED] - Statement - linkLogmembername = linkUserName.get(i).getText(): null

2018-09-15 10:37:41 - [TEST_STEP][PASSED] - Statement - If (linkLogmembername.equals(teamMeberName)): null

2018-09-15 10:37:41 - [TEST_STEP][PASSED] - Statement - linkLogmembername = linkUserName.get(i).getText(): null

2018-09-15 10:37:41 - [TEST_STEP][PASSED] - Statement - If (linkLogmembername.equals(teamMeberName)): null

2018-09-15 10:37:41 - [TEST_STEP][PASSED] - Statement - linkLogmembername = linkUserName.get(i).getText(): null

2018-09-15 10:37:41 - [TEST_STEP][PASSED] - Statement - If (linkLogmembername.equals(teamMeberName)): null

2018-09-15 10:37:41 - [TEST_STEP][PASSED] - Statement - linkLogmembername = linkUserName.get(i).getText(): null

2018-09-15 10:37:41 - [TEST_STEP][PASSED] - Statement - If (linkLogmembername.equals(teamMeberName)): null

2018-09-15 10:37:41 - [TEST_STEP][PASSED] - Statement - linkLogmembername = linkUserName.get(i).getText(): null

2018-09-15 10:37:41 - [TEST_STEP][PASSED] - Statement - If (linkLogmembername.equals(teamMeberName)): null

2018-09-15 10:37:41 - [TEST_STEP][PASSED] - Statement - linkLogmembername = linkUserName.get(i).getText(): null

2018-09-15 10:37:41 - [TEST_STEP][PASSED] - Statement - If (linkLogmembername.equals(teamMeberName)): null

2018-09-15 10:37:41 - [TEST_STEP][PASSED] - Statement - linkLogmembername = linkUserName.get(i).getText(): null

2018-09-15 10:37:41 - [TEST_STEP][PASSED] - Statement - If (linkLogmembername.equals(teamMeberName)): null

2018-09-15 10:37:41 - [TEST_STEP][PASSED] - Statement - js = driver: null

2018-09-15 10:37:41 - [TEST_STEP][PASSED] - Statement - js.executeScript("window.open();"): null

2018-09-15 10:37:41 - [TEST_STEP][PASSED] - Statement - currentWindow = com.kms.katalon.core.webui.keyword.WebUiBuiltInKeywords.getWindowIndex(): Current window's index is: 0

2018-09-15 10:37:41 - [MESSAGE][PASSED] - Current window's index is: 0

2018-09-15 10:37:41 - [TEST_STEP][PASSED] - switchToWindowIndex: Switched to window with index: '1'

2018-09-15 10:37:41 - [MESSAGE][PASSED] - Switched to window with index: '1'

2018-09-15 10:37:41 - [TEST_STEP][PASSED] - navigateToUrl: Navigate to 'https://dev.vcalling.in/url/UAT/?id=UAT-1-639' successfully

2018-09-15 10:37:43 - [MESSAGE][PASSED] - Navigate to 'https://dev.vcalling.in/url/UAT/?id=UAT-1-639' successfully

2018-09-15 10:37:43 - [TEST_STEP][PASSED] - Statement - currentTab = com.kms.katalon.core.webui.keyword.WebUiBuiltInKeywords.getWindowIndex(): Current window's index is: 1

2018-09-15 10:37:43 - [MESSAGE][PASSED] - Current window's index is: 1]]></system-out>
         <system-err><![CDATA[]]></system-err>
      </testcase>
      <testcase name="Test Cases/completed/TestCase2_Link Genrator Short link/linkGenratetThroughMail" classname="Test Cases/completed/TestCase2_Link Genrator Short link/linkGenratetThroughMail" status="PASSED">
         <system-out><![CDATA[2018-09-15 10:37:43 - [TEST_CASE][PASSED] - Test Cases/completed/TestCase2_Link Genrator Short link/linkGenratetThroughMail: Test Cases/completed/TestCase2_Link Genrator Short link/linkGenratetThroughMail

2018-09-15 10:37:44 - [TEST_STEP][PASSED] - callTestCase: Call Test Case 'Test Cases/BVT/aSimple_Login' successfully

2018-09-15 10:37:44 - [TEST_CASE][PASSED] - Test Cases/BVT/aSimple_Login: Test Cases/BVT/aSimple_Login

2018-09-15 10:37:44 - [TEST_STEP][PASSED] - openBrowser: Browser is opened with url: ''

2018-09-15 10:37:44 - [MESSAGE][WARNING] - A browser is already opened. Closing browser and opening a new one

2018-09-15 10:37:47 - [MESSAGE][PASSED] - Browser is opened with url: ''

2018-09-15 10:37:47 - [TEST_STEP][PASSED] - maximizeWindow: Current window maximized

2018-09-15 10:37:48 - [MESSAGE][PASSED] - Current window maximized

2018-09-15 10:37:48 - [TEST_STEP][PASSED] - navigateToUrl: Navigate to 'https://dev.vcalling.in/enterprises/UAT/Dashboard/index.html' successfully

2018-09-15 10:37:51 - [MESSAGE][PASSED] - Navigate to 'https://dev.vcalling.in/enterprises/UAT/Dashboard/index.html' successfully

2018-09-15 10:37:51 - [TEST_STEP][PASSED] - setText: Text 'testing4dea@gmail.com' is set on object 'Object Repository/Login/UserId'

2018-09-15 10:37:52 - [MESSAGE][PASSED] - Text 'testing4dea@gmail.com' is set on object 'Object Repository/Login/UserId'

2018-09-15 10:37:52 - [TEST_STEP][PASSED] - click: Object: 'Object Repository/Login/div_GET OTP' is clicked on

2018-09-15 10:37:52 - [MESSAGE][PASSED] - Object: 'Object Repository/Login/div_GET OTP' is clicked on

2018-09-15 10:37:52 - [TEST_STEP][PASSED] - waitForElementPresent: Object 'Object Repository/Login/div_SUBMIT' is present

2018-09-15 10:37:53 - [MESSAGE][PASSED] - Object 'Object Repository/Login/div_SUBMIT' is present

2018-09-15 10:37:53 - [TEST_STEP][PASSED] - Statement - If (com.kms.katalon.core.webui.keyword.WebUiBuiltInKeywords.verifyElementNotPresent(com.kms.katalon.core.testobject.ObjectRepository.findTestObject(Login/div_SUBMIT), 5, OPTIONAL)): Web element with id: 'Object Repository/Login/div_SUBMIT' located by 'By.xpath: //div[(text() = ' SUBMIT ' or . = ' SUBMIT ')]' is present after '5' second(s)

2018-09-15 10:37:59 - [MESSAGE][WARNING] - Web element with id: 'Object Repository/Login/div_SUBMIT' located by 'By.xpath: //div[(text() = ' SUBMIT ' or . = ' SUBMIT ')]' is present after '5' second(s)
[[ATTACHMENT|C:\\Users\\Kaushal\\Desktop\\Katalon Studio\\vCallingDashboard\\Reports\\RegressionSuite\\20180915_103222\\1537004278982.png]]

2018-09-15 10:37:59 - [TEST_STEP][PASSED] - Statement - sleep(5000): null

2018-09-15 10:38:04 - [TEST_STEP][PASSED] - Statement - OTP = getOTP(): null

2018-09-15 10:38:04 - [TEST_STEP][PASSED] - Statement - host = "imap.gmail.com": null

2018-09-15 10:38:04 - [TEST_STEP][PASSED] - Statement - msg = <not implemented yet for class: org.codehaus.groovy.ast.expr.EmptyExpression>: null

2018-09-15 10:38:04 - [TEST_STEP][PASSED] - Statement - msgSub = <not implemented yet for class: org.codehaus.groovy.ast.expr.EmptyExpression>: null

2018-09-15 10:38:04 - [TEST_STEP][PASSED] - Statement - OTP = "unavailable": null

2018-09-15 10:38:04 - [TEST_STEP][PASSED] - Statement - props = new java.util.Properties(): null

2018-09-15 10:38:04 - [TEST_STEP][PASSED] - Statement - props.setProperty("mail.imap.ssl.enable", "true"): null

2018-09-15 10:38:04 - [TEST_STEP][PASSED] - Statement - session = javax.mail.Session.getInstance(props): null

2018-09-15 10:38:04 - [TEST_STEP][PASSED] - Statement - store = <not implemented yet for class: org.codehaus.groovy.ast.expr.EmptyExpression>: null

2018-09-15 10:38:04 - [TEST_STEP][PASSED] - Statement - Try: null

2018-09-15 10:38:04 - [TEST_STEP][PASSED] - Statement - store = session.getStore("imap"): null

2018-09-15 10:38:04 - [TEST_STEP][PASSED] - Statement - store.connect(host, Email, Password): null

2018-09-15 10:38:07 - [TEST_STEP][PASSED] - Statement - emailFolder = store.getFolder("INBOX"): null

2018-09-15 10:38:07 - [TEST_STEP][PASSED] - Statement - emailFolder.open(READ_WRITE): null

2018-09-15 10:38:08 - [TEST_STEP][PASSED] - Statement - messages = emailFolder.getMessages(): null

2018-09-15 10:38:08 - [TEST_STEP][PASSED] - Statement - n = length: null

2018-09-15 10:38:08 - [TEST_STEP][PASSED] - Statement - message = messages[n - 1]: null

2018-09-15 10:38:08 - [TEST_STEP][PASSED] - Statement - msgSub = message.getSubject(): null

2018-09-15 10:38:08 - [TEST_STEP][PASSED] - Statement - If (msgSub.equals("OTP to Sign In")): null

2018-09-15 10:38:08 - [TEST_STEP][PASSED] - Statement - msg = message.getContent().toString(): null

2018-09-15 10:38:10 - [TEST_STEP][PASSED] - Statement - OTP = msg.substring(msg.length() - 7): null

2018-09-15 10:38:10 - [TEST_STEP][PASSED] - Statement - message.setFlag(DELETED, true): null

2018-09-15 10:38:10 - [TEST_STEP][PASSED] - Statement - emailFolder.close(true): null

2018-09-15 10:38:11 - [TEST_STEP][PASSED] - Statement - store.close(): null

2018-09-15 10:38:11 - [TEST_STEP][PASSED] - Statement - return OTP: null

2018-09-15 10:38:11 - [TEST_STEP][PASSED] - Statement - If (OTP.equals("unavailable")): null

2018-09-15 10:38:11 - [TEST_STEP][PASSED] - Statement - Else: Text 'x9685
' is set on object 'Object Repository/Login/OtpInput'

2018-09-15 10:38:11 - [TEST_STEP][PASSED] - setText: Text 'x9685
' is set on object 'Object Repository/Login/OtpInput'

2018-09-15 10:38:11 - [MESSAGE][PASSED] - Text 'x9685
' is set on object 'Object Repository/Login/OtpInput'

2018-09-15 10:38:11 - [TEST_STEP][PASSED] - verifyElementPresent: Object 'Object Repository/Login/afterOpenDisplay' is present

2018-09-15 10:38:13 - [MESSAGE][PASSED] - Object 'Object Repository/Login/afterOpenDisplay' is present

2018-09-15 10:38:13 - [MESSAGE][PASSED] - Call Test Case 'Test Cases/BVT/aSimple_Login' successfully

2018-09-15 10:38:13 - [TEST_STEP][PASSED] - Statement - driver = com.kms.katalon.core.webui.driver.DriverFactory.getWebDriver(): null

2018-09-15 10:38:13 - [TEST_STEP][PASSED] - click: Object: 'Object Repository/Dashboard_Link Generator/linkgeneratorIcon' is clicked on

2018-09-15 10:38:13 - [MESSAGE][PASSED] - Object: 'Object Repository/Dashboard_Link Generator/linkgeneratorIcon' is clicked on

2018-09-15 10:38:13 - [TEST_STEP][PASSED] - Statement - x = CustomKeywords.newPackage.newKeyword.randomString(3).toLowerCase(): newPackage.newKeyword.randomString is PASSED

2018-09-15 10:38:13 - [MESSAGE][PASSED] - newPackage.newKeyword.randomString is PASSED

2018-09-15 10:38:13 - [TEST_STEP][PASSED] - Statement - teamMeberName = x: null

2018-09-15 10:38:13 - [TEST_STEP][PASSED] - setText: Text 'g2w' is set on object 'Object Repository/AddTeamMemberDashboard/name'

2018-09-15 10:38:13 - [MESSAGE][PASSED] - Text 'g2w' is set on object 'Object Repository/AddTeamMemberDashboard/name'

2018-09-15 10:38:13 - [TEST_STEP][PASSED] - setText: Text 'MS8jZgVZyV@gmail.com' is set on object 'Object Repository/AddTeamMemberDashboard/email'

2018-09-15 10:38:13 - [MESSAGE][PASSED] - newPackage.newKeyword.randomString is PASSED

2018-09-15 10:38:14 - [MESSAGE][PASSED] - Text 'MS8jZgVZyV@gmail.com' is set on object 'Object Repository/AddTeamMemberDashboard/email'

2018-09-15 10:38:14 - [TEST_STEP][PASSED] - click: Object: 'Object Repository/Dashboard_Link Generator/div_GET LINK' is clicked on

2018-09-15 10:38:14 - [MESSAGE][PASSED] - Object: 'Object Repository/Dashboard_Link Generator/div_GET LINK' is clicked on

2018-09-15 10:38:14 - [TEST_STEP][PASSED] - Statement - getLink = com.kms.katalon.core.webui.keyword.WebUiBuiltInKeywords.getAttribute(com.kms.katalon.core.testobject.ObjectRepository.findTestObject(Dashboard_Link Generator/shortLinkUrlCopy), "value"): Attribute 'value' of object 'Object Repository/Dashboard_Link Generator/shortLinkUrlCopy' is: 'https://dev.vcalling.in/url/UAT/?id=UAT-1-640'

2018-09-15 10:38:15 - [MESSAGE][PASSED] - Attribute 'value' of object 'Object Repository/Dashboard_Link Generator/shortLinkUrlCopy' is: 'https://dev.vcalling.in/url/UAT/?id=UAT-1-640'

2018-09-15 10:38:15 - [TEST_STEP][PASSED] - Statement - println(getLink): null

2018-09-15 10:38:15 - [TEST_STEP][PASSED] - delay: Delayed 2 second(s)

2018-09-15 10:38:17 - [MESSAGE][PASSED] - Delayed 2 second(s)

2018-09-15 10:38:17 - [TEST_STEP][PASSED] - click: Object: 'Object Repository/Dashboard_Link Generator/shortLinkCOpy' is clicked on

2018-09-15 10:38:17 - [MESSAGE][PASSED] - Object: 'Object Repository/Dashboard_Link Generator/shortLinkCOpy' is clicked on

2018-09-15 10:38:17 - [TEST_STEP][PASSED] - delay: Delayed 2 second(s)

2018-09-15 10:38:19 - [MESSAGE][PASSED] - Delayed 2 second(s)

2018-09-15 10:38:19 - [TEST_STEP][PASSED] - click: Object: 'Object Repository/Dashboard_Link Generator/linkCopyShort' is clicked on

2018-09-15 10:38:19 - [MESSAGE][PASSED] - Object: 'Object Repository/Dashboard_Link Generator/linkCopyShort' is clicked on

2018-09-15 10:38:19 - [TEST_STEP][PASSED] - Statement - If (com.kms.katalon.core.webui.keyword.WebUiBuiltInKeywords.verifyElementPresent(com.kms.katalon.core.testobject.ObjectRepository.findTestObject(Dashboard_Link Generator/validation), 5, OPTIONAL)): null

2018-09-15 10:38:19 - [MESSAGE][PASSED] - Object 'Object Repository/Dashboard_Link Generator/validation' is present

2018-09-15 10:38:19 - [TEST_STEP][PASSED] - Statement - validationMessage = com.kms.katalon.core.webui.keyword.WebUiBuiltInKeywords.getText(com.kms.katalon.core.testobject.ObjectRepository.findTestObject(Dashboard_Link Generator/validation)): Text of object 'Object Repository/Dashboard_Link Generator/validation' is: 'Short Link Copied.!'

2018-09-15 10:38:19 - [MESSAGE][PASSED] - Text of object 'Object Repository/Dashboard_Link Generator/validation' is: 'Short Link Copied.!'

2018-09-15 10:38:19 - [TEST_STEP][PASSED] - verifyMatch: Actual text 'Short Link Copied.!' and expected text 'Short Link Copied.!' are matched 

2018-09-15 10:38:19 - [MESSAGE][PASSED] - Actual text 'Short Link Copied.!' and expected text 'Short Link Copied.!' are matched 

2018-09-15 10:38:19 - [TEST_STEP][PASSED] - Statement - println("successful"): null

2018-09-15 10:38:19 - [TEST_STEP][PASSED] - delay: Delayed 5 second(s)

2018-09-15 10:38:24 - [MESSAGE][PASSED] - Delayed 5 second(s)

2018-09-15 10:38:24 - [TEST_STEP][PASSED] - Statement - linkUserName = driver.findElements(org.openqa.selenium.By.className("text-link-log")): null

2018-09-15 10:38:24 - [TEST_STEP][PASSED] - Statement - previousCountValue = 0: null

2018-09-15 10:38:24 - [TEST_STEP][PASSED] - Statement - For ([i = 0, i < linkUserName.size(), (i++)]): null

2018-09-15 10:38:24 - [TEST_STEP][PASSED] - Statement - linkLogmembername = linkUserName.get(i).getText(): null

2018-09-15 10:38:24 - [TEST_STEP][PASSED] - Statement - If (linkLogmembername.equals(teamMeberName)): null

2018-09-15 10:38:24 - [TEST_STEP][PASSED] - Statement - linkLogmembername = linkUserName.get(i).getText(): null

2018-09-15 10:38:24 - [TEST_STEP][PASSED] - Statement - If (linkLogmembername.equals(teamMeberName)): null

2018-09-15 10:38:24 - [TEST_STEP][PASSED] - Statement - linkLogmembername = linkUserName.get(i).getText(): null

2018-09-15 10:38:24 - [TEST_STEP][PASSED] - Statement - If (linkLogmembername.equals(teamMeberName)): null

2018-09-15 10:38:24 - [TEST_STEP][PASSED] - Statement - linkLogmembername = linkUserName.get(i).getText(): null

2018-09-15 10:38:24 - [TEST_STEP][PASSED] - Statement - If (linkLogmembername.equals(teamMeberName)): null

2018-09-15 10:38:24 - [TEST_STEP][PASSED] - Statement - linkLogmembername = linkUserName.get(i).getText(): null

2018-09-15 10:38:24 - [TEST_STEP][PASSED] - Statement - If (linkLogmembername.equals(teamMeberName)): null

2018-09-15 10:38:24 - [TEST_STEP][PASSED] - Statement - linkLogmembername = linkUserName.get(i).getText(): null

2018-09-15 10:38:24 - [TEST_STEP][PASSED] - Statement - If (linkLogmembername.equals(teamMeberName)): null

2018-09-15 10:38:24 - [TEST_STEP][PASSED] - Statement - linkLogmembername = linkUserName.get(i).getText(): null

2018-09-15 10:38:24 - [TEST_STEP][PASSED] - Statement - If (linkLogmembername.equals(teamMeberName)): null

2018-09-15 10:38:24 - [TEST_STEP][PASSED] - Statement - linkLogmembername = linkUserName.get(i).getText(): null

2018-09-15 10:38:24 - [TEST_STEP][PASSED] - Statement - If (linkLogmembername.equals(teamMeberName)): null

2018-09-15 10:38:24 - [TEST_STEP][PASSED] - Statement - out.println("Admin Console: " + linkLogmembername): null

2018-09-15 10:38:24 - [TEST_STEP][PASSED] - Statement - linkLogmembername = linkUserName.get(i).getText(): null

2018-09-15 10:38:24 - [TEST_STEP][PASSED] - Statement - If (linkLogmembername.equals(teamMeberName)): null

2018-09-15 10:38:24 - [TEST_STEP][PASSED] - Statement - linkLogmembername = linkUserName.get(i).getText(): null

2018-09-15 10:38:24 - [TEST_STEP][PASSED] - Statement - If (linkLogmembername.equals(teamMeberName)): null

2018-09-15 10:38:24 - [TEST_STEP][PASSED] - Statement - linkLogmembername = linkUserName.get(i).getText(): null

2018-09-15 10:38:24 - [TEST_STEP][PASSED] - Statement - If (linkLogmembername.equals(teamMeberName)): null

2018-09-15 10:38:24 - [TEST_STEP][PASSED] - Statement - linkLogmembername = linkUserName.get(i).getText(): null

2018-09-15 10:38:24 - [TEST_STEP][PASSED] - Statement - If (linkLogmembername.equals(teamMeberName)): null

2018-09-15 10:38:24 - [TEST_STEP][PASSED] - Statement - linkLogmembername = linkUserName.get(i).getText(): null

2018-09-15 10:38:24 - [TEST_STEP][PASSED] - Statement - If (linkLogmembername.equals(teamMeberName)): null

2018-09-15 10:38:24 - [TEST_STEP][PASSED] - Statement - linkLogmembername = linkUserName.get(i).getText(): null

2018-09-15 10:38:24 - [TEST_STEP][PASSED] - Statement - If (linkLogmembername.equals(teamMeberName)): null

2018-09-15 10:38:24 - [TEST_STEP][PASSED] - Statement - linkLogmembername = linkUserName.get(i).getText(): null

2018-09-15 10:38:24 - [TEST_STEP][PASSED] - Statement - If (linkLogmembername.equals(teamMeberName)): null

2018-09-15 10:38:24 - [TEST_STEP][PASSED] - Statement - linkLogmembername = linkUserName.get(i).getText(): null

2018-09-15 10:38:24 - [TEST_STEP][PASSED] - Statement - If (linkLogmembername.equals(teamMeberName)): null

2018-09-15 10:38:24 - [TEST_STEP][PASSED] - Statement - linkLogmembername = linkUserName.get(i).getText(): null

2018-09-15 10:38:25 - [TEST_STEP][PASSED] - Statement - If (linkLogmembername.equals(teamMeberName)): null

2018-09-15 10:38:25 - [TEST_STEP][PASSED] - Statement - linkLogmembername = linkUserName.get(i).getText(): null

2018-09-15 10:38:25 - [TEST_STEP][PASSED] - Statement - If (linkLogmembername.equals(teamMeberName)): null

2018-09-15 10:38:25 - [TEST_STEP][PASSED] - Statement - linkLogmembername = linkUserName.get(i).getText(): null

2018-09-15 10:38:25 - [TEST_STEP][PASSED] - Statement - If (linkLogmembername.equals(teamMeberName)): null

2018-09-15 10:38:25 - [TEST_STEP][PASSED] - Statement - linkLogmembername = linkUserName.get(i).getText(): null

2018-09-15 10:38:25 - [TEST_STEP][PASSED] - Statement - If (linkLogmembername.equals(teamMeberName)): null

2018-09-15 10:38:25 - [TEST_STEP][PASSED] - Statement - linkLogmembername = linkUserName.get(i).getText(): null

2018-09-15 10:38:25 - [TEST_STEP][PASSED] - Statement - If (linkLogmembername.equals(teamMeberName)): null

2018-09-15 10:38:25 - [TEST_STEP][PASSED] - Statement - linkLogmembername = linkUserName.get(i).getText(): null

2018-09-15 10:38:25 - [TEST_STEP][PASSED] - Statement - If (linkLogmembername.equals(teamMeberName)): null

2018-09-15 10:38:25 - [TEST_STEP][PASSED] - Statement - linkLogmembername = linkUserName.get(i).getText(): null

2018-09-15 10:38:25 - [TEST_STEP][PASSED] - Statement - If (linkLogmembername.equals(teamMeberName)): null

2018-09-15 10:38:25 - [TEST_STEP][PASSED] - Statement - linkLogmembername = linkUserName.get(i).getText(): null

2018-09-15 10:38:25 - [TEST_STEP][PASSED] - Statement - If (linkLogmembername.equals(teamMeberName)): null

2018-09-15 10:38:25 - [TEST_STEP][PASSED] - Statement - linkLogmembername = linkUserName.get(i).getText(): null

2018-09-15 10:38:25 - [TEST_STEP][PASSED] - Statement - If (linkLogmembername.equals(teamMeberName)): null

2018-09-15 10:38:25 - [TEST_STEP][PASSED] - Statement - linkLogmembername = linkUserName.get(i).getText(): null

2018-09-15 10:38:25 - [TEST_STEP][PASSED] - Statement - If (linkLogmembername.equals(teamMeberName)): null

2018-09-15 10:38:25 - [TEST_STEP][PASSED] - Statement - linkLogmembername = linkUserName.get(i).getText(): null

2018-09-15 10:38:25 - [TEST_STEP][PASSED] - Statement - If (linkLogmembername.equals(teamMeberName)): null

2018-09-15 10:38:25 - [TEST_STEP][PASSED] - Statement - linkLogmembername = linkUserName.get(i).getText(): null

2018-09-15 10:38:25 - [TEST_STEP][PASSED] - Statement - If (linkLogmembername.equals(teamMeberName)): null

2018-09-15 10:38:25 - [TEST_STEP][PASSED] - Statement - linkLogmembername = linkUserName.get(i).getText(): null

2018-09-15 10:38:25 - [TEST_STEP][PASSED] - Statement - If (linkLogmembername.equals(teamMeberName)): null

2018-09-15 10:38:25 - [TEST_STEP][PASSED] - Statement - linkLogmembername = linkUserName.get(i).getText(): null

2018-09-15 10:38:25 - [TEST_STEP][PASSED] - Statement - If (linkLogmembername.equals(teamMeberName)): null

2018-09-15 10:38:25 - [TEST_STEP][PASSED] - Statement - linkLogmembername = linkUserName.get(i).getText(): null

2018-09-15 10:38:25 - [TEST_STEP][PASSED] - Statement - If (linkLogmembername.equals(teamMeberName)): null

2018-09-15 10:38:25 - [TEST_STEP][PASSED] - Statement - linkLogmembername = linkUserName.get(i).getText(): null

2018-09-15 10:38:25 - [TEST_STEP][PASSED] - Statement - If (linkLogmembername.equals(teamMeberName)): null

2018-09-15 10:38:25 - [TEST_STEP][PASSED] - Statement - linkLogmembername = linkUserName.get(i).getText(): null

2018-09-15 10:38:25 - [TEST_STEP][PASSED] - Statement - If (linkLogmembername.equals(teamMeberName)): null

2018-09-15 10:38:25 - [TEST_STEP][PASSED] - Statement - linkLogmembername = linkUserName.get(i).getText(): null

2018-09-15 10:38:25 - [TEST_STEP][PASSED] - Statement - If (linkLogmembername.equals(teamMeberName)): null

2018-09-15 10:38:25 - [TEST_STEP][PASSED] - Statement - linkLogmembername = linkUserName.get(i).getText(): null

2018-09-15 10:38:25 - [TEST_STEP][PASSED] - Statement - If (linkLogmembername.equals(teamMeberName)): null

2018-09-15 10:38:25 - [TEST_STEP][PASSED] - Statement - linkLogmembername = linkUserName.get(i).getText(): null

2018-09-15 10:38:25 - [TEST_STEP][PASSED] - Statement - If (linkLogmembername.equals(teamMeberName)): null

2018-09-15 10:38:25 - [TEST_STEP][PASSED] - Statement - linkLogmembername = linkUserName.get(i).getText(): null

2018-09-15 10:38:25 - [TEST_STEP][PASSED] - Statement - If (linkLogmembername.equals(teamMeberName)): null

2018-09-15 10:38:25 - [TEST_STEP][PASSED] - Statement - linkLogmembername = linkUserName.get(i).getText(): null

2018-09-15 10:38:25 - [TEST_STEP][PASSED] - Statement - If (linkLogmembername.equals(teamMeberName)): null

2018-09-15 10:38:25 - [TEST_STEP][PASSED] - Statement - linkLogmembername = linkUserName.get(i).getText(): null

2018-09-15 10:38:25 - [TEST_STEP][PASSED] - Statement - If (linkLogmembername.equals(teamMeberName)): null

2018-09-15 10:38:25 - [TEST_STEP][PASSED] - Statement - linkLogmembername = linkUserName.get(i).getText(): null

2018-09-15 10:38:25 - [TEST_STEP][PASSED] - Statement - If (linkLogmembername.equals(teamMeberName)): null

2018-09-15 10:38:25 - [TEST_STEP][PASSED] - Statement - linkLogmembername = linkUserName.get(i).getText(): null

2018-09-15 10:38:25 - [TEST_STEP][PASSED] - Statement - If (linkLogmembername.equals(teamMeberName)): null

2018-09-15 10:38:25 - [TEST_STEP][PASSED] - Statement - linkLogmembername = linkUserName.get(i).getText(): null

2018-09-15 10:38:25 - [TEST_STEP][PASSED] - Statement - If (linkLogmembername.equals(teamMeberName)): null

2018-09-15 10:38:25 - [TEST_STEP][PASSED] - Statement - linkLogmembername = linkUserName.get(i).getText(): null

2018-09-15 10:38:25 - [TEST_STEP][PASSED] - Statement - If (linkLogmembername.equals(teamMeberName)): null

2018-09-15 10:38:25 - [TEST_STEP][PASSED] - Statement - linkLogmembername = linkUserName.get(i).getText(): null

2018-09-15 10:38:25 - [TEST_STEP][PASSED] - Statement - If (linkLogmembername.equals(teamMeberName)): null

2018-09-15 10:38:25 - [TEST_STEP][PASSED] - Statement - linkLogmembername = linkUserName.get(i).getText(): null

2018-09-15 10:38:25 - [TEST_STEP][PASSED] - Statement - If (linkLogmembername.equals(teamMeberName)): null

2018-09-15 10:38:25 - [TEST_STEP][PASSED] - Statement - linkLogmembername = linkUserName.get(i).getText(): null

2018-09-15 10:38:25 - [TEST_STEP][PASSED] - Statement - If (linkLogmembername.equals(teamMeberName)): null

2018-09-15 10:38:25 - [TEST_STEP][PASSED] - Statement - linkLogmembername = linkUserName.get(i).getText(): null

2018-09-15 10:38:26 - [TEST_STEP][PASSED] - Statement - If (linkLogmembername.equals(teamMeberName)): null

2018-09-15 10:38:26 - [TEST_STEP][PASSED] - Statement - linkLogmembername = linkUserName.get(i).getText(): null

2018-09-15 10:38:26 - [TEST_STEP][PASSED] - Statement - If (linkLogmembername.equals(teamMeberName)): null

2018-09-15 10:38:26 - [TEST_STEP][PASSED] - Statement - linkLogmembername = linkUserName.get(i).getText(): null

2018-09-15 10:38:26 - [TEST_STEP][PASSED] - Statement - If (linkLogmembername.equals(teamMeberName)): null

2018-09-15 10:38:26 - [TEST_STEP][PASSED] - Statement - linkLogmembername = linkUserName.get(i).getText(): null

2018-09-15 10:38:26 - [TEST_STEP][PASSED] - Statement - If (linkLogmembername.equals(teamMeberName)): null

2018-09-15 10:38:26 - [TEST_STEP][PASSED] - Statement - linkLogmembername = linkUserName.get(i).getText(): null

2018-09-15 10:38:26 - [TEST_STEP][PASSED] - Statement - If (linkLogmembername.equals(teamMeberName)): null

2018-09-15 10:38:26 - [TEST_STEP][PASSED] - Statement - linkLogmembername = linkUserName.get(i).getText(): null

2018-09-15 10:38:26 - [TEST_STEP][PASSED] - Statement - If (linkLogmembername.equals(teamMeberName)): null

2018-09-15 10:38:26 - [TEST_STEP][PASSED] - Statement - linkLogmembername = linkUserName.get(i).getText(): null

2018-09-15 10:38:26 - [TEST_STEP][PASSED] - Statement - If (linkLogmembername.equals(teamMeberName)): null

2018-09-15 10:38:26 - [TEST_STEP][PASSED] - Statement - linkLogmembername = linkUserName.get(i).getText(): null

2018-09-15 10:38:26 - [TEST_STEP][PASSED] - Statement - If (linkLogmembername.equals(teamMeberName)): null

2018-09-15 10:38:26 - [TEST_STEP][PASSED] - Statement - linkLogmembername = linkUserName.get(i).getText(): null

2018-09-15 10:38:26 - [TEST_STEP][PASSED] - Statement - If (linkLogmembername.equals(teamMeberName)): null

2018-09-15 10:38:26 - [TEST_STEP][PASSED] - Statement - linkLogmembername = linkUserName.get(i).getText(): null

2018-09-15 10:38:26 - [TEST_STEP][PASSED] - Statement - If (linkLogmembername.equals(teamMeberName)): null

2018-09-15 10:38:26 - [TEST_STEP][PASSED] - Statement - linkLogmembername = linkUserName.get(i).getText(): null

2018-09-15 10:38:26 - [TEST_STEP][PASSED] - Statement - If (linkLogmembername.equals(teamMeberName)): null

2018-09-15 10:38:26 - [TEST_STEP][PASSED] - Statement - js = driver: null

2018-09-15 10:38:26 - [TEST_STEP][PASSED] - Statement - js.executeScript("window.open();"): null

2018-09-15 10:38:26 - [TEST_STEP][PASSED] - Statement - currentWindow = com.kms.katalon.core.webui.keyword.WebUiBuiltInKeywords.getWindowIndex(): Current window's index is: 0

2018-09-15 10:38:26 - [MESSAGE][PASSED] - Current window's index is: 0

2018-09-15 10:38:26 - [TEST_STEP][PASSED] - switchToWindowIndex: Switched to window with index: '1'

2018-09-15 10:38:26 - [MESSAGE][PASSED] - Switched to window with index: '1'

2018-09-15 10:38:26 - [TEST_STEP][PASSED] - navigateToUrl: Navigate to 'https://dev.vcalling.in/url/UAT/?id=UAT-1-640' successfully

2018-09-15 10:38:28 - [MESSAGE][PASSED] - Navigate to 'https://dev.vcalling.in/url/UAT/?id=UAT-1-640' successfully

2018-09-15 10:38:28 - [TEST_STEP][PASSED] - Statement - currentTab = com.kms.katalon.core.webui.keyword.WebUiBuiltInKeywords.getWindowIndex(): Current window's index is: 1

2018-09-15 10:38:28 - [MESSAGE][PASSED] - Current window's index is: 1]]></system-out>
         <system-err><![CDATA[]]></system-err>
      </testcase>
      <testcase name="Test Cases/completed/TestCase2_Link Genrator Short link/LinkGenrateWithTag" classname="Test Cases/completed/TestCase2_Link Genrator Short link/LinkGenrateWithTag" status="PASSED">
         <system-out><![CDATA[2018-09-15 10:38:28 - [TEST_CASE][PASSED] - Test Cases/completed/TestCase2_Link Genrator Short link/LinkGenrateWithTag: Test Cases/completed/TestCase2_Link Genrator Short link/LinkGenrateWithTag

2018-09-15 10:38:29 - [TEST_STEP][PASSED] - callTestCase: Call Test Case 'Test Cases/BVT/aSimple_Login' successfully

2018-09-15 10:38:29 - [TEST_CASE][PASSED] - Test Cases/BVT/aSimple_Login: Test Cases/BVT/aSimple_Login

2018-09-15 10:38:29 - [TEST_STEP][PASSED] - openBrowser: Browser is opened with url: ''

2018-09-15 10:38:29 - [MESSAGE][WARNING] - A browser is already opened. Closing browser and opening a new one

2018-09-15 10:38:32 - [MESSAGE][PASSED] - Browser is opened with url: ''

2018-09-15 10:38:32 - [TEST_STEP][PASSED] - maximizeWindow: Current window maximized

2018-09-15 10:38:33 - [MESSAGE][PASSED] - Current window maximized

2018-09-15 10:38:33 - [TEST_STEP][PASSED] - navigateToUrl: Navigate to 'https://dev.vcalling.in/enterprises/UAT/Dashboard/index.html' successfully

2018-09-15 10:38:36 - [MESSAGE][PASSED] - Navigate to 'https://dev.vcalling.in/enterprises/UAT/Dashboard/index.html' successfully

2018-09-15 10:38:36 - [TEST_STEP][PASSED] - setText: Text 'testing4dea@gmail.com' is set on object 'Object Repository/Login/UserId'

2018-09-15 10:38:37 - [MESSAGE][PASSED] - Text 'testing4dea@gmail.com' is set on object 'Object Repository/Login/UserId'

2018-09-15 10:38:37 - [TEST_STEP][PASSED] - click: Object: 'Object Repository/Login/div_GET OTP' is clicked on

2018-09-15 10:38:37 - [MESSAGE][PASSED] - Object: 'Object Repository/Login/div_GET OTP' is clicked on

2018-09-15 10:38:37 - [TEST_STEP][PASSED] - waitForElementPresent: Object 'Object Repository/Login/div_SUBMIT' is present

2018-09-15 10:38:38 - [MESSAGE][PASSED] - Object 'Object Repository/Login/div_SUBMIT' is present

2018-09-15 10:38:38 - [TEST_STEP][PASSED] - Statement - If (com.kms.katalon.core.webui.keyword.WebUiBuiltInKeywords.verifyElementNotPresent(com.kms.katalon.core.testobject.ObjectRepository.findTestObject(Login/div_SUBMIT), 5, OPTIONAL)): Web element with id: 'Object Repository/Login/div_SUBMIT' located by 'By.xpath: //div[(text() = ' SUBMIT ' or . = ' SUBMIT ')]' is present after '5' second(s)

2018-09-15 10:38:44 - [MESSAGE][WARNING] - Web element with id: 'Object Repository/Login/div_SUBMIT' located by 'By.xpath: //div[(text() = ' SUBMIT ' or . = ' SUBMIT ')]' is present after '5' second(s)
[[ATTACHMENT|C:\\Users\\Kaushal\\Desktop\\Katalon Studio\\vCallingDashboard\\Reports\\RegressionSuite\\20180915_103222\\1537004324099.png]]

2018-09-15 10:38:44 - [TEST_STEP][PASSED] - Statement - sleep(5000): null

2018-09-15 10:38:49 - [TEST_STEP][PASSED] - Statement - OTP = getOTP(): null

2018-09-15 10:38:49 - [TEST_STEP][PASSED] - Statement - host = "imap.gmail.com": null

2018-09-15 10:38:49 - [TEST_STEP][PASSED] - Statement - msg = <not implemented yet for class: org.codehaus.groovy.ast.expr.EmptyExpression>: null

2018-09-15 10:38:49 - [TEST_STEP][PASSED] - Statement - msgSub = <not implemented yet for class: org.codehaus.groovy.ast.expr.EmptyExpression>: null

2018-09-15 10:38:49 - [TEST_STEP][PASSED] - Statement - OTP = "unavailable": null

2018-09-15 10:38:49 - [TEST_STEP][PASSED] - Statement - props = new java.util.Properties(): null

2018-09-15 10:38:49 - [TEST_STEP][PASSED] - Statement - props.setProperty("mail.imap.ssl.enable", "true"): null

2018-09-15 10:38:49 - [TEST_STEP][PASSED] - Statement - session = javax.mail.Session.getInstance(props): null

2018-09-15 10:38:49 - [TEST_STEP][PASSED] - Statement - store = <not implemented yet for class: org.codehaus.groovy.ast.expr.EmptyExpression>: null

2018-09-15 10:38:49 - [TEST_STEP][PASSED] - Statement - Try: null

2018-09-15 10:38:49 - [TEST_STEP][PASSED] - Statement - store = session.getStore("imap"): null

2018-09-15 10:38:49 - [TEST_STEP][PASSED] - Statement - store.connect(host, Email, Password): null

2018-09-15 10:38:52 - [TEST_STEP][PASSED] - Statement - emailFolder = store.getFolder("INBOX"): null

2018-09-15 10:38:52 - [TEST_STEP][PASSED] - Statement - emailFolder.open(READ_WRITE): null

2018-09-15 10:38:53 - [TEST_STEP][PASSED] - Statement - messages = emailFolder.getMessages(): null

2018-09-15 10:38:53 - [TEST_STEP][PASSED] - Statement - n = length: null

2018-09-15 10:38:53 - [TEST_STEP][PASSED] - Statement - message = messages[n - 1]: null

2018-09-15 10:38:53 - [TEST_STEP][PASSED] - Statement - msgSub = message.getSubject(): null

2018-09-15 10:38:53 - [TEST_STEP][PASSED] - Statement - If (msgSub.equals("OTP to Sign In")): null

2018-09-15 10:38:53 - [TEST_STEP][PASSED] - Statement - msg = message.getContent().toString(): null

2018-09-15 10:38:55 - [TEST_STEP][PASSED] - Statement - OTP = msg.substring(msg.length() - 7): null

2018-09-15 10:38:55 - [TEST_STEP][PASSED] - Statement - message.setFlag(DELETED, true): null

2018-09-15 10:38:55 - [TEST_STEP][PASSED] - Statement - emailFolder.close(true): null

2018-09-15 10:38:56 - [TEST_STEP][PASSED] - Statement - store.close(): null

2018-09-15 10:38:56 - [TEST_STEP][PASSED] - Statement - return OTP: null

2018-09-15 10:38:56 - [TEST_STEP][PASSED] - Statement - If (OTP.equals("unavailable")): null

2018-09-15 10:38:56 - [TEST_STEP][PASSED] - Statement - Else: Text 'w7008
' is set on object 'Object Repository/Login/OtpInput'

2018-09-15 10:38:56 - [TEST_STEP][PASSED] - setText: Text 'w7008
' is set on object 'Object Repository/Login/OtpInput'

2018-09-15 10:38:56 - [MESSAGE][PASSED] - Text 'w7008
' is set on object 'Object Repository/Login/OtpInput'

2018-09-15 10:38:56 - [TEST_STEP][PASSED] - verifyElementPresent: Object 'Object Repository/Login/afterOpenDisplay' is present

2018-09-15 10:38:58 - [MESSAGE][PASSED] - Object 'Object Repository/Login/afterOpenDisplay' is present

2018-09-15 10:38:58 - [MESSAGE][PASSED] - Call Test Case 'Test Cases/BVT/aSimple_Login' successfully

2018-09-15 10:38:58 - [TEST_STEP][PASSED] - Statement - driver = com.kms.katalon.core.webui.driver.DriverFactory.getWebDriver(): null

2018-09-15 10:38:58 - [TEST_STEP][PASSED] - click: Object: 'Object Repository/Dashboard_Link Generator/linkgeneratorIcon' is clicked on

2018-09-15 10:38:58 - [MESSAGE][PASSED] - Object: 'Object Repository/Dashboard_Link Generator/linkgeneratorIcon' is clicked on

2018-09-15 10:38:58 - [TEST_STEP][PASSED] - Statement - x = CustomKeywords.newPackage.newKeyword.randomString(3).toLowerCase(): newPackage.newKeyword.randomString is PASSED

2018-09-15 10:38:58 - [MESSAGE][PASSED] - newPackage.newKeyword.randomString is PASSED

2018-09-15 10:38:58 - [TEST_STEP][PASSED] - Statement - teamMeberName = x: null

2018-09-15 10:38:58 - [TEST_STEP][PASSED] - setText: Text 'mxn' is set on object 'Object Repository/AddTeamMemberDashboard/name'

2018-09-15 10:38:59 - [MESSAGE][PASSED] - Text 'mxn' is set on object 'Object Repository/AddTeamMemberDashboard/name'

2018-09-15 10:38:59 - [TEST_STEP][PASSED] - setText: Text '3ecAXgxmXI@gmail.com' is set on object 'Object Repository/AddTeamMemberDashboard/email'

2018-09-15 10:38:59 - [MESSAGE][PASSED] - newPackage.newKeyword.randomString is PASSED

2018-09-15 10:38:59 - [MESSAGE][PASSED] - Text '3ecAXgxmXI@gmail.com' is set on object 'Object Repository/AddTeamMemberDashboard/email'

2018-09-15 10:38:59 - [TEST_STEP][PASSED] - Statement - number = CustomKeywords.phoneNumbers.contactNumbers.randomString(9): phoneNumbers.contactNumbers.randomString is PASSED

2018-09-15 10:38:59 - [MESSAGE][PASSED] - phoneNumbers.contactNumbers.randomString is PASSED

2018-09-15 10:38:59 - [TEST_STEP][PASSED] - Statement - Mobile_Number = number: null

2018-09-15 10:38:59 - [TEST_STEP][PASSED] - setText: Text '1701481751' is set on object 'Object Repository/Dashboard_Link Generator/contactNumber'

2018-09-15 10:38:59 - [MESSAGE][PASSED] - Text '1701481751' is set on object 'Object Repository/Dashboard_Link Generator/contactNumber'

2018-09-15 10:38:59 - [TEST_STEP][PASSED] - setText: Text 'property' is set on object 'Object Repository/Dashboard_Link Generator/tag'

2018-09-15 10:39:00 - [MESSAGE][PASSED] - Text 'property' is set on object 'Object Repository/Dashboard_Link Generator/tag'

2018-09-15 10:39:00 - [TEST_STEP][PASSED] - click: Object: 'Object Repository/Dashboard_Link Generator/div_GET LINK' is clicked on

2018-09-15 10:39:00 - [MESSAGE][PASSED] - Object: 'Object Repository/Dashboard_Link Generator/div_GET LINK' is clicked on

2018-09-15 10:39:00 - [TEST_STEP][PASSED] - Statement - getLink = com.kms.katalon.core.webui.keyword.WebUiBuiltInKeywords.getAttribute(com.kms.katalon.core.testobject.ObjectRepository.findTestObject(Dashboard_Link Generator/shortLinkUrlCopy), "value"): Attribute 'value' of object 'Object Repository/Dashboard_Link Generator/shortLinkUrlCopy' is: 'https://dev.vcalling.in/url/UAT/?id=UAT-1-641'

2018-09-15 10:39:00 - [MESSAGE][PASSED] - Attribute 'value' of object 'Object Repository/Dashboard_Link Generator/shortLinkUrlCopy' is: 'https://dev.vcalling.in/url/UAT/?id=UAT-1-641'

2018-09-15 10:39:00 - [TEST_STEP][PASSED] - Statement - println(getLink): null

2018-09-15 10:39:00 - [TEST_STEP][PASSED] - delay: Delayed 2 second(s)

2018-09-15 10:39:02 - [MESSAGE][PASSED] - Delayed 2 second(s)

2018-09-15 10:39:02 - [TEST_STEP][PASSED] - click: Object: 'Object Repository/Dashboard_Link Generator/shortLinkCOpy' is clicked on

2018-09-15 10:39:02 - [MESSAGE][PASSED] - Object: 'Object Repository/Dashboard_Link Generator/shortLinkCOpy' is clicked on

2018-09-15 10:39:02 - [TEST_STEP][PASSED] - delay: Delayed 2 second(s)

2018-09-15 10:39:04 - [MESSAGE][PASSED] - Delayed 2 second(s)

2018-09-15 10:39:04 - [TEST_STEP][PASSED] - click: Object: 'Object Repository/Dashboard_Link Generator/linkCopyShort' is clicked on

2018-09-15 10:39:04 - [MESSAGE][PASSED] - Object: 'Object Repository/Dashboard_Link Generator/linkCopyShort' is clicked on

2018-09-15 10:39:04 - [TEST_STEP][PASSED] - Statement - If (com.kms.katalon.core.webui.keyword.WebUiBuiltInKeywords.verifyElementPresent(com.kms.katalon.core.testobject.ObjectRepository.findTestObject(Dashboard_Link Generator/validation), 5, OPTIONAL)): null

2018-09-15 10:39:04 - [MESSAGE][PASSED] - Object 'Object Repository/Dashboard_Link Generator/validation' is present

2018-09-15 10:39:04 - [TEST_STEP][PASSED] - Statement - validationMessage = com.kms.katalon.core.webui.keyword.WebUiBuiltInKeywords.getText(com.kms.katalon.core.testobject.ObjectRepository.findTestObject(Dashboard_Link Generator/validation)): Text of object 'Object Repository/Dashboard_Link Generator/validation' is: 'Short Link Copied.!'

2018-09-15 10:39:05 - [MESSAGE][PASSED] - Text of object 'Object Repository/Dashboard_Link Generator/validation' is: 'Short Link Copied.!'

2018-09-15 10:39:05 - [TEST_STEP][PASSED] - verifyMatch: Actual text 'Short Link Copied.!' and expected text 'Short Link Copied.!' are matched 

2018-09-15 10:39:05 - [MESSAGE][PASSED] - Actual text 'Short Link Copied.!' and expected text 'Short Link Copied.!' are matched 

2018-09-15 10:39:05 - [TEST_STEP][PASSED] - Statement - println("successful"): null

2018-09-15 10:39:05 - [TEST_STEP][PASSED] - delay: Delayed 5 second(s)

2018-09-15 10:39:10 - [MESSAGE][PASSED] - Delayed 5 second(s)

2018-09-15 10:39:10 - [TEST_STEP][PASSED] - Statement - linkUserName = driver.findElements(org.openqa.selenium.By.className("text-link-log")): null

2018-09-15 10:39:10 - [TEST_STEP][PASSED] - Statement - previousCountValue = 0: null

2018-09-15 10:39:10 - [TEST_STEP][PASSED] - Statement - For ([i = 0, i < linkUserName.size(), (i++)]): null

2018-09-15 10:39:10 - [TEST_STEP][PASSED] - Statement - linkLogmembername = linkUserName.get(i).getText(): null

2018-09-15 10:39:10 - [TEST_STEP][PASSED] - Statement - If (linkLogmembername.equals(teamMeberName)): null

2018-09-15 10:39:10 - [TEST_STEP][PASSED] - Statement - linkLogmembername = linkUserName.get(i).getText(): null

2018-09-15 10:39:10 - [TEST_STEP][PASSED] - Statement - If (linkLogmembername.equals(teamMeberName)): null

2018-09-15 10:39:10 - [TEST_STEP][PASSED] - Statement - linkLogmembername = linkUserName.get(i).getText(): null

2018-09-15 10:39:10 - [TEST_STEP][PASSED] - Statement - If (linkLogmembername.equals(teamMeberName)): null

2018-09-15 10:39:10 - [TEST_STEP][PASSED] - Statement - linkLogmembername = linkUserName.get(i).getText(): null

2018-09-15 10:39:10 - [TEST_STEP][PASSED] - Statement - If (linkLogmembername.equals(teamMeberName)): null

2018-09-15 10:39:10 - [TEST_STEP][PASSED] - Statement - linkLogmembername = linkUserName.get(i).getText(): null

2018-09-15 10:39:10 - [TEST_STEP][PASSED] - Statement - If (linkLogmembername.equals(teamMeberName)): null

2018-09-15 10:39:10 - [TEST_STEP][PASSED] - Statement - linkLogmembername = linkUserName.get(i).getText(): null

2018-09-15 10:39:10 - [TEST_STEP][PASSED] - Statement - If (linkLogmembername.equals(teamMeberName)): null

2018-09-15 10:39:10 - [TEST_STEP][PASSED] - Statement - linkLogmembername = linkUserName.get(i).getText(): null

2018-09-15 10:39:10 - [TEST_STEP][PASSED] - Statement - If (linkLogmembername.equals(teamMeberName)): null

2018-09-15 10:39:10 - [TEST_STEP][PASSED] - Statement - linkLogmembername = linkUserName.get(i).getText(): null

2018-09-15 10:39:10 - [TEST_STEP][PASSED] - Statement - If (linkLogmembername.equals(teamMeberName)): null

2018-09-15 10:39:10 - [TEST_STEP][PASSED] - Statement - out.println("Admin Console: " + linkLogmembername): null

2018-09-15 10:39:10 - [TEST_STEP][PASSED] - Statement - linkLogmembername = linkUserName.get(i).getText(): null

2018-09-15 10:39:10 - [TEST_STEP][PASSED] - Statement - If (linkLogmembername.equals(teamMeberName)): null

2018-09-15 10:39:10 - [TEST_STEP][PASSED] - Statement - linkLogmembername = linkUserName.get(i).getText(): null

2018-09-15 10:39:10 - [TEST_STEP][PASSED] - Statement - If (linkLogmembername.equals(teamMeberName)): null

2018-09-15 10:39:10 - [TEST_STEP][PASSED] - Statement - linkLogmembername = linkUserName.get(i).getText(): null

2018-09-15 10:39:10 - [TEST_STEP][PASSED] - Statement - If (linkLogmembername.equals(teamMeberName)): null

2018-09-15 10:39:10 - [TEST_STEP][PASSED] - Statement - linkLogmembername = linkUserName.get(i).getText(): null

2018-09-15 10:39:10 - [TEST_STEP][PASSED] - Statement - If (linkLogmembername.equals(teamMeberName)): null

2018-09-15 10:39:10 - [TEST_STEP][PASSED] - Statement - linkLogmembername = linkUserName.get(i).getText(): null

2018-09-15 10:39:10 - [TEST_STEP][PASSED] - Statement - If (linkLogmembername.equals(teamMeberName)): null

2018-09-15 10:39:10 - [TEST_STEP][PASSED] - Statement - linkLogmembername = linkUserName.get(i).getText(): null

2018-09-15 10:39:10 - [TEST_STEP][PASSED] - Statement - If (linkLogmembername.equals(teamMeberName)): null

2018-09-15 10:39:10 - [TEST_STEP][PASSED] - Statement - linkLogmembername = linkUserName.get(i).getText(): null

2018-09-15 10:39:10 - [TEST_STEP][PASSED] - Statement - If (linkLogmembername.equals(teamMeberName)): null

2018-09-15 10:39:10 - [TEST_STEP][PASSED] - Statement - linkLogmembername = linkUserName.get(i).getText(): null

2018-09-15 10:39:10 - [TEST_STEP][PASSED] - Statement - If (linkLogmembername.equals(teamMeberName)): null

2018-09-15 10:39:10 - [TEST_STEP][PASSED] - Statement - linkLogmembername = linkUserName.get(i).getText(): null

2018-09-15 10:39:10 - [TEST_STEP][PASSED] - Statement - If (linkLogmembername.equals(teamMeberName)): null

2018-09-15 10:39:10 - [TEST_STEP][PASSED] - Statement - linkLogmembername = linkUserName.get(i).getText(): null

2018-09-15 10:39:10 - [TEST_STEP][PASSED] - Statement - If (linkLogmembername.equals(teamMeberName)): null

2018-09-15 10:39:10 - [TEST_STEP][PASSED] - Statement - linkLogmembername = linkUserName.get(i).getText(): null

2018-09-15 10:39:10 - [TEST_STEP][PASSED] - Statement - If (linkLogmembername.equals(teamMeberName)): null

2018-09-15 10:39:10 - [TEST_STEP][PASSED] - Statement - linkLogmembername = linkUserName.get(i).getText(): null

2018-09-15 10:39:10 - [TEST_STEP][PASSED] - Statement - If (linkLogmembername.equals(teamMeberName)): null

2018-09-15 10:39:10 - [TEST_STEP][PASSED] - Statement - linkLogmembername = linkUserName.get(i).getText(): null

2018-09-15 10:39:10 - [TEST_STEP][PASSED] - Statement - If (linkLogmembername.equals(teamMeberName)): null

2018-09-15 10:39:10 - [TEST_STEP][PASSED] - Statement - linkLogmembername = linkUserName.get(i).getText(): null

2018-09-15 10:39:10 - [TEST_STEP][PASSED] - Statement - If (linkLogmembername.equals(teamMeberName)): null

2018-09-15 10:39:10 - [TEST_STEP][PASSED] - Statement - linkLogmembername = linkUserName.get(i).getText(): null

2018-09-15 10:39:10 - [TEST_STEP][PASSED] - Statement - If (linkLogmembername.equals(teamMeberName)): null

2018-09-15 10:39:10 - [TEST_STEP][PASSED] - Statement - linkLogmembername = linkUserName.get(i).getText(): null

2018-09-15 10:39:10 - [TEST_STEP][PASSED] - Statement - If (linkLogmembername.equals(teamMeberName)): null

2018-09-15 10:39:10 - [TEST_STEP][PASSED] - Statement - linkLogmembername = linkUserName.get(i).getText(): null

2018-09-15 10:39:10 - [TEST_STEP][PASSED] - Statement - If (linkLogmembername.equals(teamMeberName)): null

2018-09-15 10:39:10 - [TEST_STEP][PASSED] - Statement - linkLogmembername = linkUserName.get(i).getText(): null

2018-09-15 10:39:10 - [TEST_STEP][PASSED] - Statement - If (linkLogmembername.equals(teamMeberName)): null

2018-09-15 10:39:10 - [TEST_STEP][PASSED] - Statement - linkLogmembername = linkUserName.get(i).getText(): null

2018-09-15 10:39:10 - [TEST_STEP][PASSED] - Statement - If (linkLogmembername.equals(teamMeberName)): null

2018-09-15 10:39:10 - [TEST_STEP][PASSED] - Statement - linkLogmembername = linkUserName.get(i).getText(): null

2018-09-15 10:39:11 - [TEST_STEP][PASSED] - Statement - If (linkLogmembername.equals(teamMeberName)): null

2018-09-15 10:39:11 - [TEST_STEP][PASSED] - Statement - linkLogmembername = linkUserName.get(i).getText(): null

2018-09-15 10:39:11 - [TEST_STEP][PASSED] - Statement - If (linkLogmembername.equals(teamMeberName)): null

2018-09-15 10:39:11 - [TEST_STEP][PASSED] - Statement - linkLogmembername = linkUserName.get(i).getText(): null

2018-09-15 10:39:11 - [TEST_STEP][PASSED] - Statement - If (linkLogmembername.equals(teamMeberName)): null

2018-09-15 10:39:11 - [TEST_STEP][PASSED] - Statement - linkLogmembername = linkUserName.get(i).getText(): null

2018-09-15 10:39:11 - [TEST_STEP][PASSED] - Statement - If (linkLogmembername.equals(teamMeberName)): null

2018-09-15 10:39:11 - [TEST_STEP][PASSED] - Statement - linkLogmembername = linkUserName.get(i).getText(): null

2018-09-15 10:39:11 - [TEST_STEP][PASSED] - Statement - If (linkLogmembername.equals(teamMeberName)): null

2018-09-15 10:39:11 - [TEST_STEP][PASSED] - Statement - linkLogmembername = linkUserName.get(i).getText(): null

2018-09-15 10:39:11 - [TEST_STEP][PASSED] - Statement - If (linkLogmembername.equals(teamMeberName)): null

2018-09-15 10:39:11 - [TEST_STEP][PASSED] - Statement - linkLogmembername = linkUserName.get(i).getText(): null

2018-09-15 10:39:11 - [TEST_STEP][PASSED] - Statement - If (linkLogmembername.equals(teamMeberName)): null

2018-09-15 10:39:11 - [TEST_STEP][PASSED] - Statement - linkLogmembername = linkUserName.get(i).getText(): null

2018-09-15 10:39:11 - [TEST_STEP][PASSED] - Statement - If (linkLogmembername.equals(teamMeberName)): null

2018-09-15 10:39:11 - [TEST_STEP][PASSED] - Statement - linkLogmembername = linkUserName.get(i).getText(): null

2018-09-15 10:39:11 - [TEST_STEP][PASSED] - Statement - If (linkLogmembername.equals(teamMeberName)): null

2018-09-15 10:39:11 - [TEST_STEP][PASSED] - Statement - linkLogmembername = linkUserName.get(i).getText(): null

2018-09-15 10:39:11 - [TEST_STEP][PASSED] - Statement - If (linkLogmembername.equals(teamMeberName)): null

2018-09-15 10:39:11 - [TEST_STEP][PASSED] - Statement - linkLogmembername = linkUserName.get(i).getText(): null

2018-09-15 10:39:11 - [TEST_STEP][PASSED] - Statement - If (linkLogmembername.equals(teamMeberName)): null

2018-09-15 10:39:11 - [TEST_STEP][PASSED] - Statement - linkLogmembername = linkUserName.get(i).getText(): null

2018-09-15 10:39:11 - [TEST_STEP][PASSED] - Statement - If (linkLogmembername.equals(teamMeberName)): null

2018-09-15 10:39:11 - [TEST_STEP][PASSED] - Statement - linkLogmembername = linkUserName.get(i).getText(): null

2018-09-15 10:39:11 - [TEST_STEP][PASSED] - Statement - If (linkLogmembername.equals(teamMeberName)): null

2018-09-15 10:39:11 - [TEST_STEP][PASSED] - Statement - linkLogmembername = linkUserName.get(i).getText(): null

2018-09-15 10:39:11 - [TEST_STEP][PASSED] - Statement - If (linkLogmembername.equals(teamMeberName)): null

2018-09-15 10:39:11 - [TEST_STEP][PASSED] - Statement - linkLogmembername = linkUserName.get(i).getText(): null

2018-09-15 10:39:11 - [TEST_STEP][PASSED] - Statement - If (linkLogmembername.equals(teamMeberName)): null

2018-09-15 10:39:11 - [TEST_STEP][PASSED] - Statement - linkLogmembername = linkUserName.get(i).getText(): null

2018-09-15 10:39:11 - [TEST_STEP][PASSED] - Statement - If (linkLogmembername.equals(teamMeberName)): null

2018-09-15 10:39:11 - [TEST_STEP][PASSED] - Statement - linkLogmembername = linkUserName.get(i).getText(): null

2018-09-15 10:39:11 - [TEST_STEP][PASSED] - Statement - If (linkLogmembername.equals(teamMeberName)): null

2018-09-15 10:39:11 - [TEST_STEP][PASSED] - Statement - linkLogmembername = linkUserName.get(i).getText(): null

2018-09-15 10:39:11 - [TEST_STEP][PASSED] - Statement - If (linkLogmembername.equals(teamMeberName)): null

2018-09-15 10:39:11 - [TEST_STEP][PASSED] - Statement - linkLogmembername = linkUserName.get(i).getText(): null

2018-09-15 10:39:11 - [TEST_STEP][PASSED] - Statement - If (linkLogmembername.equals(teamMeberName)): null

2018-09-15 10:39:11 - [TEST_STEP][PASSED] - Statement - linkLogmembername = linkUserName.get(i).getText(): null

2018-09-15 10:39:11 - [TEST_STEP][PASSED] - Statement - If (linkLogmembername.equals(teamMeberName)): null

2018-09-15 10:39:11 - [TEST_STEP][PASSED] - Statement - linkLogmembername = linkUserName.get(i).getText(): null

2018-09-15 10:39:11 - [TEST_STEP][PASSED] - Statement - If (linkLogmembername.equals(teamMeberName)): null

2018-09-15 10:39:11 - [TEST_STEP][PASSED] - Statement - linkLogmembername = linkUserName.get(i).getText(): null

2018-09-15 10:39:11 - [TEST_STEP][PASSED] - Statement - If (linkLogmembername.equals(teamMeberName)): null

2018-09-15 10:39:11 - [TEST_STEP][PASSED] - Statement - linkLogmembername = linkUserName.get(i).getText(): null

2018-09-15 10:39:11 - [TEST_STEP][PASSED] - Statement - If (linkLogmembername.equals(teamMeberName)): null

2018-09-15 10:39:11 - [TEST_STEP][PASSED] - Statement - linkLogmembername = linkUserName.get(i).getText(): null

2018-09-15 10:39:11 - [TEST_STEP][PASSED] - Statement - If (linkLogmembername.equals(teamMeberName)): null

2018-09-15 10:39:11 - [TEST_STEP][PASSED] - Statement - linkLogmembername = linkUserName.get(i).getText(): null

2018-09-15 10:39:11 - [TEST_STEP][PASSED] - Statement - If (linkLogmembername.equals(teamMeberName)): null

2018-09-15 10:39:11 - [TEST_STEP][PASSED] - Statement - linkLogmembername = linkUserName.get(i).getText(): null

2018-09-15 10:39:11 - [TEST_STEP][PASSED] - Statement - If (linkLogmembername.equals(teamMeberName)): null

2018-09-15 10:39:11 - [TEST_STEP][PASSED] - Statement - linkLogmembername = linkUserName.get(i).getText(): null

2018-09-15 10:39:11 - [TEST_STEP][PASSED] - Statement - If (linkLogmembername.equals(teamMeberName)): null

2018-09-15 10:39:11 - [TEST_STEP][PASSED] - Statement - linkLogmembername = linkUserName.get(i).getText(): null

2018-09-15 10:39:11 - [TEST_STEP][PASSED] - Statement - If (linkLogmembername.equals(teamMeberName)): null

2018-09-15 10:39:11 - [TEST_STEP][PASSED] - Statement - linkLogmembername = linkUserName.get(i).getText(): null

2018-09-15 10:39:11 - [TEST_STEP][PASSED] - Statement - If (linkLogmembername.equals(teamMeberName)): null

2018-09-15 10:39:11 - [TEST_STEP][PASSED] - Statement - linkLogmembername = linkUserName.get(i).getText(): null

2018-09-15 10:39:12 - [TEST_STEP][PASSED] - Statement - If (linkLogmembername.equals(teamMeberName)): null

2018-09-15 10:39:12 - [TEST_STEP][PASSED] - Statement - js = driver: null

2018-09-15 10:39:12 - [TEST_STEP][PASSED] - Statement - js.executeScript("window.open();"): null

2018-09-15 10:39:12 - [TEST_STEP][PASSED] - Statement - currentWindow = com.kms.katalon.core.webui.keyword.WebUiBuiltInKeywords.getWindowIndex(): Current window's index is: 0

2018-09-15 10:39:12 - [MESSAGE][PASSED] - Current window's index is: 0

2018-09-15 10:39:12 - [TEST_STEP][PASSED] - switchToWindowIndex: Switched to window with index: '1'

2018-09-15 10:39:12 - [MESSAGE][PASSED] - Switched to window with index: '1'

2018-09-15 10:39:12 - [TEST_STEP][PASSED] - navigateToUrl: Navigate to 'https://dev.vcalling.in/url/UAT/?id=UAT-1-641' successfully

2018-09-15 10:39:14 - [MESSAGE][PASSED] - Navigate to 'https://dev.vcalling.in/url/UAT/?id=UAT-1-641' successfully

2018-09-15 10:39:14 - [TEST_STEP][PASSED] - Statement - currentTab = com.kms.katalon.core.webui.keyword.WebUiBuiltInKeywords.getWindowIndex(): Current window's index is: 1

2018-09-15 10:39:14 - [MESSAGE][PASSED] - Current window's index is: 1]]></system-out>
         <system-err><![CDATA[]]></system-err>
      </testcase>
      <testcase name="Test Cases/completed/TestCase2_LinkGenerateThroughGetLink/linkGenerateThroughName" classname="Test Cases/completed/TestCase2_LinkGenerateThroughGetLink/linkGenerateThroughName" status="PASSED">
         <system-out><![CDATA[2018-09-15 10:39:14 - [TEST_CASE][PASSED] - Test Cases/completed/TestCase2_LinkGenerateThroughGetLink/linkGenerateThroughName: Test Cases/completed/TestCase2_LinkGenerateThroughGetLink/linkGenerateThroughName

2018-09-15 10:39:14 - [TEST_STEP][PASSED] - callTestCase: Call Test Case 'Test Cases/BVT/aSimple_Login' successfully

2018-09-15 10:39:14 - [TEST_CASE][PASSED] - Test Cases/BVT/aSimple_Login: Test Cases/BVT/aSimple_Login

2018-09-15 10:39:14 - [TEST_STEP][PASSED] - openBrowser: Browser is opened with url: ''

2018-09-15 10:39:14 - [MESSAGE][WARNING] - A browser is already opened. Closing browser and opening a new one

2018-09-15 10:39:17 - [MESSAGE][PASSED] - Browser is opened with url: ''

2018-09-15 10:39:17 - [TEST_STEP][PASSED] - maximizeWindow: Current window maximized

2018-09-15 10:39:18 - [MESSAGE][PASSED] - Current window maximized

2018-09-15 10:39:18 - [TEST_STEP][PASSED] - navigateToUrl: Navigate to 'https://dev.vcalling.in/enterprises/UAT/Dashboard/index.html' successfully

2018-09-15 10:39:22 - [MESSAGE][PASSED] - Navigate to 'https://dev.vcalling.in/enterprises/UAT/Dashboard/index.html' successfully

2018-09-15 10:39:22 - [TEST_STEP][PASSED] - setText: Text 'testing4dea@gmail.com' is set on object 'Object Repository/Login/UserId'

2018-09-15 10:39:22 - [MESSAGE][PASSED] - Text 'testing4dea@gmail.com' is set on object 'Object Repository/Login/UserId'

2018-09-15 10:39:22 - [TEST_STEP][PASSED] - click: Object: 'Object Repository/Login/div_GET OTP' is clicked on

2018-09-15 10:39:22 - [MESSAGE][PASSED] - Object: 'Object Repository/Login/div_GET OTP' is clicked on

2018-09-15 10:39:22 - [TEST_STEP][PASSED] - waitForElementPresent: Object 'Object Repository/Login/div_SUBMIT' is present

2018-09-15 10:39:24 - [MESSAGE][PASSED] - Object 'Object Repository/Login/div_SUBMIT' is present

2018-09-15 10:39:24 - [TEST_STEP][PASSED] - Statement - If (com.kms.katalon.core.webui.keyword.WebUiBuiltInKeywords.verifyElementNotPresent(com.kms.katalon.core.testobject.ObjectRepository.findTestObject(Login/div_SUBMIT), 5, OPTIONAL)): Web element with id: 'Object Repository/Login/div_SUBMIT' located by 'By.xpath: //div[(text() = ' SUBMIT ' or . = ' SUBMIT ')]' is present after '5' second(s)

2018-09-15 10:39:30 - [MESSAGE][WARNING] - Web element with id: 'Object Repository/Login/div_SUBMIT' located by 'By.xpath: //div[(text() = ' SUBMIT ' or . = ' SUBMIT ')]' is present after '5' second(s)
[[ATTACHMENT|C:\\Users\\Kaushal\\Desktop\\Katalon Studio\\vCallingDashboard\\Reports\\RegressionSuite\\20180915_103222\\1537004370023.png]]

2018-09-15 10:39:30 - [TEST_STEP][PASSED] - Statement - sleep(5000): null

2018-09-15 10:39:35 - [TEST_STEP][PASSED] - Statement - OTP = getOTP(): null

2018-09-15 10:39:35 - [TEST_STEP][PASSED] - Statement - host = "imap.gmail.com": null

2018-09-15 10:39:35 - [TEST_STEP][PASSED] - Statement - msg = <not implemented yet for class: org.codehaus.groovy.ast.expr.EmptyExpression>: null

2018-09-15 10:39:35 - [TEST_STEP][PASSED] - Statement - msgSub = <not implemented yet for class: org.codehaus.groovy.ast.expr.EmptyExpression>: null

2018-09-15 10:39:35 - [TEST_STEP][PASSED] - Statement - OTP = "unavailable": null

2018-09-15 10:39:35 - [TEST_STEP][PASSED] - Statement - props = new java.util.Properties(): null

2018-09-15 10:39:35 - [TEST_STEP][PASSED] - Statement - props.setProperty("mail.imap.ssl.enable", "true"): null

2018-09-15 10:39:35 - [TEST_STEP][PASSED] - Statement - session = javax.mail.Session.getInstance(props): null

2018-09-15 10:39:35 - [TEST_STEP][PASSED] - Statement - store = <not implemented yet for class: org.codehaus.groovy.ast.expr.EmptyExpression>: null

2018-09-15 10:39:35 - [TEST_STEP][PASSED] - Statement - Try: null

2018-09-15 10:39:35 - [TEST_STEP][PASSED] - Statement - store = session.getStore("imap"): null

2018-09-15 10:39:35 - [TEST_STEP][PASSED] - Statement - store.connect(host, Email, Password): null

2018-09-15 10:39:38 - [TEST_STEP][PASSED] - Statement - emailFolder = store.getFolder("INBOX"): null

2018-09-15 10:39:38 - [TEST_STEP][PASSED] - Statement - emailFolder.open(READ_WRITE): null

2018-09-15 10:39:39 - [TEST_STEP][PASSED] - Statement - messages = emailFolder.getMessages(): null

2018-09-15 10:39:39 - [TEST_STEP][PASSED] - Statement - n = length: null

2018-09-15 10:39:39 - [TEST_STEP][PASSED] - Statement - message = messages[n - 1]: null

2018-09-15 10:39:39 - [TEST_STEP][PASSED] - Statement - msgSub = message.getSubject(): null

2018-09-15 10:39:39 - [TEST_STEP][PASSED] - Statement - If (msgSub.equals("OTP to Sign In")): null

2018-09-15 10:39:39 - [TEST_STEP][PASSED] - Statement - msg = message.getContent().toString(): null

2018-09-15 10:39:40 - [TEST_STEP][PASSED] - Statement - OTP = msg.substring(msg.length() - 7): null

2018-09-15 10:39:40 - [TEST_STEP][PASSED] - Statement - message.setFlag(DELETED, true): null

2018-09-15 10:39:41 - [TEST_STEP][PASSED] - Statement - emailFolder.close(true): null

2018-09-15 10:39:41 - [TEST_STEP][PASSED] - Statement - store.close(): null

2018-09-15 10:39:42 - [TEST_STEP][PASSED] - Statement - return OTP: null

2018-09-15 10:39:42 - [TEST_STEP][PASSED] - Statement - If (OTP.equals("unavailable")): null

2018-09-15 10:39:42 - [TEST_STEP][PASSED] - Statement - Else: Text 'g5527
' is set on object 'Object Repository/Login/OtpInput'

2018-09-15 10:39:42 - [TEST_STEP][PASSED] - setText: Text 'g5527
' is set on object 'Object Repository/Login/OtpInput'

2018-09-15 10:39:42 - [MESSAGE][PASSED] - Text 'g5527
' is set on object 'Object Repository/Login/OtpInput'

2018-09-15 10:39:42 - [TEST_STEP][PASSED] - verifyElementPresent: Object 'Object Repository/Login/afterOpenDisplay' is present

2018-09-15 10:39:43 - [MESSAGE][PASSED] - Object 'Object Repository/Login/afterOpenDisplay' is present

2018-09-15 10:39:43 - [MESSAGE][PASSED] - Call Test Case 'Test Cases/BVT/aSimple_Login' successfully

2018-09-15 10:39:43 - [TEST_STEP][PASSED] - click: Object: 'Object Repository/Dashboard_Link Generator/linkgeneratorIcon' is clicked on

2018-09-15 10:39:44 - [MESSAGE][PASSED] - Object: 'Object Repository/Dashboard_Link Generator/linkgeneratorIcon' is clicked on

2018-09-15 10:39:44 - [TEST_STEP][PASSED] - Statement - x = CustomKeywords.newPackage.newKeyword.randomString(3).toLowerCase(): newPackage.newKeyword.randomString is PASSED

2018-09-15 10:39:44 - [MESSAGE][PASSED] - newPackage.newKeyword.randomString is PASSED

2018-09-15 10:39:44 - [TEST_STEP][PASSED] - Statement - teamMeberName = x: null

2018-09-15 10:39:44 - [TEST_STEP][PASSED] - setText: Text 'ibx' is set on object 'Object Repository/AddTeamMemberDashboard/name'

2018-09-15 10:39:44 - [MESSAGE][PASSED] - Text 'ibx' is set on object 'Object Repository/AddTeamMemberDashboard/name'

2018-09-15 10:39:44 - [TEST_STEP][PASSED] - click: Object: 'Object Repository/Dashboard_Link Generator/div_GET LINK' is clicked on

2018-09-15 10:39:44 - [MESSAGE][PASSED] - Object: 'Object Repository/Dashboard_Link Generator/div_GET LINK' is clicked on

2018-09-15 10:39:44 - [TEST_STEP][PASSED] - Statement - If (com.kms.katalon.core.webui.keyword.WebUiBuiltInKeywords.verifyElementPresent(com.kms.katalon.core.testobject.ObjectRepository.findTestObject(Dashboard_Link Generator/validation), 5, OPTIONAL)): null

2018-09-15 10:39:44 - [MESSAGE][PASSED] - Object 'Object Repository/Dashboard_Link Generator/validation' is present

2018-09-15 10:39:44 - [TEST_STEP][PASSED] - Statement - validationMessage = com.kms.katalon.core.webui.keyword.WebUiBuiltInKeywords.getText(com.kms.katalon.core.testobject.ObjectRepository.findTestObject(Dashboard_Link Generator/validation)): Text of object 'Object Repository/Dashboard_Link Generator/validation' is: 'Please enter either Phone or Email'

2018-09-15 10:39:45 - [MESSAGE][PASSED] - Text of object 'Object Repository/Dashboard_Link Generator/validation' is: 'Please enter either Phone or Email'

2018-09-15 10:39:45 - [TEST_STEP][PASSED] - verifyMatch: Actual text 'Please enter either Phone or Email' and expected text 'Please enter either Phone or Email' are matched 

2018-09-15 10:39:45 - [MESSAGE][PASSED] - Actual text 'Please enter either Phone or Email' and expected text 'Please enter either Phone or Email' are matched 

2018-09-15 10:39:45 - [TEST_STEP][PASSED] - Statement - println("successful"): null]]></system-out>
         <system-err><![CDATA[]]></system-err>
      </testcase>
      <testcase name="Test Cases/completed/TestCase2_LinkGenerateThroughGetLink/LinkGenFullCustInfo" classname="Test Cases/completed/TestCase2_LinkGenerateThroughGetLink/LinkGenFullCustInfo" status="PASSED">
         <system-out><![CDATA[2018-09-15 10:39:45 - [TEST_CASE][PASSED] - Test Cases/completed/TestCase2_LinkGenerateThroughGetLink/LinkGenFullCustInfo: Test Cases/completed/TestCase2_LinkGenerateThroughGetLink/LinkGenFullCustInfo

2018-09-15 10:39:45 - [TEST_STEP][PASSED] - callTestCase: Call Test Case 'Test Cases/BVT/aSimple_Login' successfully

2018-09-15 10:39:45 - [TEST_CASE][PASSED] - Test Cases/BVT/aSimple_Login: Test Cases/BVT/aSimple_Login

2018-09-15 10:39:45 - [TEST_STEP][PASSED] - openBrowser: Browser is opened with url: ''

2018-09-15 10:39:45 - [MESSAGE][WARNING] - A browser is already opened. Closing browser and opening a new one

2018-09-15 10:39:48 - [MESSAGE][PASSED] - Browser is opened with url: ''

2018-09-15 10:39:48 - [TEST_STEP][PASSED] - maximizeWindow: Current window maximized

2018-09-15 10:39:49 - [MESSAGE][PASSED] - Current window maximized

2018-09-15 10:39:49 - [TEST_STEP][PASSED] - navigateToUrl: Navigate to 'https://dev.vcalling.in/enterprises/UAT/Dashboard/index.html' successfully

2018-09-15 10:39:53 - [MESSAGE][PASSED] - Navigate to 'https://dev.vcalling.in/enterprises/UAT/Dashboard/index.html' successfully

2018-09-15 10:39:53 - [TEST_STEP][PASSED] - setText: Text 'testing4dea@gmail.com' is set on object 'Object Repository/Login/UserId'

2018-09-15 10:39:53 - [MESSAGE][PASSED] - Text 'testing4dea@gmail.com' is set on object 'Object Repository/Login/UserId'

2018-09-15 10:39:53 - [TEST_STEP][PASSED] - click: Object: 'Object Repository/Login/div_GET OTP' is clicked on

2018-09-15 10:39:53 - [MESSAGE][PASSED] - Object: 'Object Repository/Login/div_GET OTP' is clicked on

2018-09-15 10:39:53 - [TEST_STEP][PASSED] - waitForElementPresent: Object 'Object Repository/Login/div_SUBMIT' is present

2018-09-15 10:39:55 - [MESSAGE][PASSED] - Object 'Object Repository/Login/div_SUBMIT' is present

2018-09-15 10:39:55 - [TEST_STEP][PASSED] - Statement - If (com.kms.katalon.core.webui.keyword.WebUiBuiltInKeywords.verifyElementNotPresent(com.kms.katalon.core.testobject.ObjectRepository.findTestObject(Login/div_SUBMIT), 5, OPTIONAL)): Web element with id: 'Object Repository/Login/div_SUBMIT' located by 'By.xpath: //div[(text() = ' SUBMIT ' or . = ' SUBMIT ')]' is present after '5' second(s)

2018-09-15 10:40:00 - [MESSAGE][WARNING] - Web element with id: 'Object Repository/Login/div_SUBMIT' located by 'By.xpath: //div[(text() = ' SUBMIT ' or . = ' SUBMIT ')]' is present after '5' second(s)
[[ATTACHMENT|C:\\Users\\Kaushal\\Desktop\\Katalon Studio\\vCallingDashboard\\Reports\\RegressionSuite\\20180915_103222\\1537004400328.png]]

2018-09-15 10:40:00 - [TEST_STEP][PASSED] - Statement - sleep(5000): null

2018-09-15 10:40:05 - [TEST_STEP][PASSED] - Statement - OTP = getOTP(): null

2018-09-15 10:40:05 - [TEST_STEP][PASSED] - Statement - host = "imap.gmail.com": null

2018-09-15 10:40:05 - [TEST_STEP][PASSED] - Statement - msg = <not implemented yet for class: org.codehaus.groovy.ast.expr.EmptyExpression>: null

2018-09-15 10:40:05 - [TEST_STEP][PASSED] - Statement - msgSub = <not implemented yet for class: org.codehaus.groovy.ast.expr.EmptyExpression>: null

2018-09-15 10:40:05 - [TEST_STEP][PASSED] - Statement - OTP = "unavailable": null

2018-09-15 10:40:05 - [TEST_STEP][PASSED] - Statement - props = new java.util.Properties(): null

2018-09-15 10:40:05 - [TEST_STEP][PASSED] - Statement - props.setProperty("mail.imap.ssl.enable", "true"): null

2018-09-15 10:40:05 - [TEST_STEP][PASSED] - Statement - session = javax.mail.Session.getInstance(props): null

2018-09-15 10:40:05 - [TEST_STEP][PASSED] - Statement - store = <not implemented yet for class: org.codehaus.groovy.ast.expr.EmptyExpression>: null

2018-09-15 10:40:05 - [TEST_STEP][PASSED] - Statement - Try: null

2018-09-15 10:40:05 - [TEST_STEP][PASSED] - Statement - store = session.getStore("imap"): null

2018-09-15 10:40:05 - [TEST_STEP][PASSED] - Statement - store.connect(host, Email, Password): null

2018-09-15 10:40:09 - [TEST_STEP][PASSED] - Statement - emailFolder = store.getFolder("INBOX"): null

2018-09-15 10:40:09 - [TEST_STEP][PASSED] - Statement - emailFolder.open(READ_WRITE): null

2018-09-15 10:40:09 - [TEST_STEP][PASSED] - Statement - messages = emailFolder.getMessages(): null

2018-09-15 10:40:09 - [TEST_STEP][PASSED] - Statement - n = length: null

2018-09-15 10:40:09 - [TEST_STEP][PASSED] - Statement - message = messages[n - 1]: null

2018-09-15 10:40:09 - [TEST_STEP][PASSED] - Statement - msgSub = message.getSubject(): null

2018-09-15 10:40:10 - [TEST_STEP][PASSED] - Statement - If (msgSub.equals("OTP to Sign In")): null

2018-09-15 10:40:10 - [TEST_STEP][PASSED] - Statement - msg = message.getContent().toString(): null

2018-09-15 10:40:11 - [TEST_STEP][PASSED] - Statement - OTP = msg.substring(msg.length() - 7): null

2018-09-15 10:40:11 - [TEST_STEP][PASSED] - Statement - message.setFlag(DELETED, true): null

2018-09-15 10:40:11 - [TEST_STEP][PASSED] - Statement - emailFolder.close(true): null

2018-09-15 10:40:12 - [TEST_STEP][PASSED] - Statement - store.close(): null

2018-09-15 10:40:12 - [TEST_STEP][PASSED] - Statement - return OTP: null

2018-09-15 10:40:12 - [TEST_STEP][PASSED] - Statement - If (OTP.equals("unavailable")): null

2018-09-15 10:40:12 - [TEST_STEP][PASSED] - Statement - Else: Text 'y8868
' is set on object 'Object Repository/Login/OtpInput'

2018-09-15 10:40:12 - [TEST_STEP][PASSED] - setText: Text 'y8868
' is set on object 'Object Repository/Login/OtpInput'

2018-09-15 10:40:12 - [MESSAGE][PASSED] - Text 'y8868
' is set on object 'Object Repository/Login/OtpInput'

2018-09-15 10:40:12 - [TEST_STEP][PASSED] - verifyElementPresent: Object 'Object Repository/Login/afterOpenDisplay' is present

2018-09-15 10:40:14 - [MESSAGE][PASSED] - Object 'Object Repository/Login/afterOpenDisplay' is present

2018-09-15 10:40:14 - [MESSAGE][PASSED] - Call Test Case 'Test Cases/BVT/aSimple_Login' successfully

2018-09-15 10:40:14 - [TEST_STEP][PASSED] - callTestCase: Call Test Case 'Test Cases/commonFunctionality/linkLogCreation' successfully

2018-09-15 10:40:14 - [TEST_CASE][PASSED] - Test Cases/commonFunctionality/linkLogCreation: Test Cases/commonFunctionality/linkLogCreation

2018-09-15 10:40:14 - [TEST_STEP][PASSED] - Statement - driver = com.kms.katalon.core.webui.driver.DriverFactory.getWebDriver(): null

2018-09-15 10:40:14 - [TEST_STEP][PASSED] - click: Object: 'Object Repository/Dashboard_Link Generator/linkgeneratorIcon' is clicked on

2018-09-15 10:40:15 - [MESSAGE][PASSED] - Object: 'Object Repository/Dashboard_Link Generator/linkgeneratorIcon' is clicked on

2018-09-15 10:40:15 - [TEST_STEP][PASSED] - Statement - x = CustomKeywords.newPackage.newKeyword.randomString(3).toLowerCase(): newPackage.newKeyword.randomString is PASSED

2018-09-15 10:40:15 - [MESSAGE][PASSED] - newPackage.newKeyword.randomString is PASSED

2018-09-15 10:40:15 - [TEST_STEP][PASSED] - Statement - teamMeberName = x: null

2018-09-15 10:40:15 - [TEST_STEP][PASSED] - setText: Text '441' is set on object 'Object Repository/AddTeamMemberDashboard/name'

2018-09-15 10:40:15 - [MESSAGE][PASSED] - Text '441' is set on object 'Object Repository/AddTeamMemberDashboard/name'

2018-09-15 10:40:15 - [TEST_STEP][PASSED] - setText: Text 'SFkvZRLMXs@gmail.com' is set on object 'Object Repository/AddTeamMemberDashboard/email'

2018-09-15 10:40:15 - [MESSAGE][PASSED] - newPackage.newKeyword.randomString is PASSED

2018-09-15 10:40:16 - [MESSAGE][PASSED] - Text 'SFkvZRLMXs@gmail.com' is set on object 'Object Repository/AddTeamMemberDashboard/email'

2018-09-15 10:40:16 - [TEST_STEP][PASSED] - Statement - number = CustomKeywords.phoneNumbers.contactNumbers.randomString(9): phoneNumbers.contactNumbers.randomString is PASSED

2018-09-15 10:40:16 - [MESSAGE][PASSED] - phoneNumbers.contactNumbers.randomString is PASSED

2018-09-15 10:40:16 - [TEST_STEP][PASSED] - Statement - Mobile_Number = number: null

2018-09-15 10:40:16 - [TEST_STEP][PASSED] - setText: Text '8118600011' is set on object 'Object Repository/Dashboard_Link Generator/contactNumber'

2018-09-15 10:40:16 - [MESSAGE][PASSED] - Text '8118600011' is set on object 'Object Repository/Dashboard_Link Generator/contactNumber'

2018-09-15 10:40:16 - [TEST_STEP][PASSED] - setText: Text 'property' is set on object 'Object Repository/Dashboard_Link Generator/tag'

2018-09-15 10:40:16 - [MESSAGE][PASSED] - Text 'property' is set on object 'Object Repository/Dashboard_Link Generator/tag'

2018-09-15 10:40:16 - [TEST_STEP][PASSED] - click: Object: 'Object Repository/Dashboard_Link Generator/div_GET LINK' is clicked on

2018-09-15 10:40:16 - [MESSAGE][PASSED] - Object: 'Object Repository/Dashboard_Link Generator/div_GET LINK' is clicked on

2018-09-15 10:40:16 - [MESSAGE][PASSED] - Call Test Case 'Test Cases/commonFunctionality/linkLogCreation' successfully

2018-09-15 10:40:16 - [TEST_STEP][PASSED] - Statement - driver = com.kms.katalon.core.webui.driver.DriverFactory.getWebDriver(): null

2018-09-15 10:40:16 - [TEST_STEP][PASSED] - Statement - getLink = com.kms.katalon.core.webui.keyword.WebUiBuiltInKeywords.getAttribute(com.kms.katalon.core.testobject.ObjectRepository.findTestObject(Dashboard_Link Generator/input_link-text), "value"): Attribute 'value' of object 'Object Repository/Dashboard_Link Generator/input_link-text' is: 'https://dev.vcalling.in/url/UAT/?id=UAT-1-642'

2018-09-15 10:40:17 - [MESSAGE][PASSED] - Attribute 'value' of object 'Object Repository/Dashboard_Link Generator/input_link-text' is: 'https://dev.vcalling.in/url/UAT/?id=UAT-1-642'

2018-09-15 10:40:17 - [TEST_STEP][PASSED] - Statement - println(getLink): null

2018-09-15 10:40:17 - [TEST_STEP][PASSED] - click: Object: 'Object Repository/Dashboard_Link Generator/copyLink' is clicked on

2018-09-15 10:40:17 - [MESSAGE][PASSED] - Object: 'Object Repository/Dashboard_Link Generator/copyLink' is clicked on

2018-09-15 10:40:17 - [TEST_STEP][PASSED] - Statement - If (com.kms.katalon.core.webui.keyword.WebUiBuiltInKeywords.verifyElementPresent(com.kms.katalon.core.testobject.ObjectRepository.findTestObject(Dashboard_Link Generator/validation), 5, OPTIONAL)): null

2018-09-15 10:40:17 - [MESSAGE][PASSED] - Object 'Object Repository/Dashboard_Link Generator/validation' is present

2018-09-15 10:40:17 - [TEST_STEP][PASSED] - Statement - validationMessage = com.kms.katalon.core.webui.keyword.WebUiBuiltInKeywords.getText(com.kms.katalon.core.testobject.ObjectRepository.findTestObject(Dashboard_Link Generator/validation)): Text of object 'Object Repository/Dashboard_Link Generator/validation' is: 'Link Copied.!'

2018-09-15 10:40:17 - [MESSAGE][PASSED] - Text of object 'Object Repository/Dashboard_Link Generator/validation' is: 'Link Copied.!'

2018-09-15 10:40:17 - [TEST_STEP][PASSED] - verifyMatch: Actual text 'Link Copied.!' and expected text 'Link Copied.!' are matched 

2018-09-15 10:40:17 - [MESSAGE][PASSED] - Actual text 'Link Copied.!' and expected text 'Link Copied.!' are matched 

2018-09-15 10:40:17 - [TEST_STEP][PASSED] - Statement - println("successful"): null

2018-09-15 10:40:17 - [TEST_STEP][PASSED] - Statement - linkUserName = driver.findElements(org.openqa.selenium.By.className("text-link-log")): null

2018-09-15 10:40:17 - [TEST_STEP][PASSED] - Statement - previousCountValue = 0: null

2018-09-15 10:40:17 - [TEST_STEP][PASSED] - Statement - For ([i = 0, i < linkUserName.size(), (i++)]): null

2018-09-15 10:40:17 - [TEST_STEP][PASSED] - Statement - out.println("Admin Console: " + linkUserName.get(i).getText()): null

2018-09-15 10:40:18 - [TEST_STEP][PASSED] - Statement - linkLogmembername = linkUserName.get(i).getText(): null

2018-09-15 10:40:18 - [TEST_STEP][PASSED] - Statement - If (linkLogmembername.equals(teamMeberName)): null

2018-09-15 10:40:18 - [TEST_STEP][PASSED] - Statement - out.println("Admin Console: " + linkUserName.get(i).getText()): null

2018-09-15 10:40:18 - [TEST_STEP][PASSED] - Statement - linkLogmembername = linkUserName.get(i).getText(): null

2018-09-15 10:40:18 - [TEST_STEP][PASSED] - Statement - If (linkLogmembername.equals(teamMeberName)): null

2018-09-15 10:40:18 - [TEST_STEP][PASSED] - Statement - out.println("Admin Console: " + linkUserName.get(i).getText()): null

2018-09-15 10:40:18 - [TEST_STEP][PASSED] - Statement - linkLogmembername = linkUserName.get(i).getText(): null

2018-09-15 10:40:18 - [TEST_STEP][PASSED] - Statement - If (linkLogmembername.equals(teamMeberName)): null

2018-09-15 10:40:18 - [TEST_STEP][PASSED] - Statement - out.println("Admin Console: " + linkUserName.get(i).getText()): null

2018-09-15 10:40:18 - [TEST_STEP][PASSED] - Statement - linkLogmembername = linkUserName.get(i).getText(): null

2018-09-15 10:40:18 - [TEST_STEP][PASSED] - Statement - If (linkLogmembername.equals(teamMeberName)): null

2018-09-15 10:40:18 - [TEST_STEP][PASSED] - Statement - out.println("Admin Console: " + linkUserName.get(i).getText()): null

2018-09-15 10:40:18 - [TEST_STEP][PASSED] - Statement - linkLogmembername = linkUserName.get(i).getText(): null

2018-09-15 10:40:18 - [TEST_STEP][PASSED] - Statement - If (linkLogmembername.equals(teamMeberName)): null

2018-09-15 10:40:18 - [TEST_STEP][PASSED] - Statement - out.println("Admin Console: " + linkUserName.get(i).getText()): null

2018-09-15 10:40:18 - [TEST_STEP][PASSED] - Statement - linkLogmembername = linkUserName.get(i).getText(): null

2018-09-15 10:40:18 - [TEST_STEP][PASSED] - Statement - If (linkLogmembername.equals(teamMeberName)): null

2018-09-15 10:40:18 - [TEST_STEP][PASSED] - Statement - out.println("Admin Console: " + linkUserName.get(i).getText()): null

2018-09-15 10:40:18 - [TEST_STEP][PASSED] - Statement - linkLogmembername = linkUserName.get(i).getText(): null

2018-09-15 10:40:18 - [TEST_STEP][PASSED] - Statement - If (linkLogmembername.equals(teamMeberName)): null

2018-09-15 10:40:18 - [TEST_STEP][PASSED] - Statement - out.println("Admin Console: " + linkUserName.get(i).getText()): null

2018-09-15 10:40:18 - [TEST_STEP][PASSED] - Statement - linkLogmembername = linkUserName.get(i).getText(): null

2018-09-15 10:40:18 - [TEST_STEP][PASSED] - Statement - If (linkLogmembername.equals(teamMeberName)): null

2018-09-15 10:40:18 - [TEST_STEP][PASSED] - Statement - out.println("Admin Console: " + linkLogmembername): null

2018-09-15 10:40:18 - [TEST_STEP][PASSED] - Statement - linkUserName.get(i).click(): null

2018-09-15 10:40:18 - [TEST_STEP][PASSED] - Statement - out.println("Admin Console: " + linkUserName.get(i).getText()): null

2018-09-15 10:40:18 - [TEST_STEP][PASSED] - Statement - linkLogmembername = linkUserName.get(i).getText(): null

2018-09-15 10:40:18 - [TEST_STEP][PASSED] - Statement - If (linkLogmembername.equals(teamMeberName)): null

2018-09-15 10:40:18 - [TEST_STEP][PASSED] - Statement - out.println("Admin Console: " + linkUserName.get(i).getText()): null

2018-09-15 10:40:18 - [TEST_STEP][PASSED] - Statement - linkLogmembername = linkUserName.get(i).getText(): null

2018-09-15 10:40:18 - [TEST_STEP][PASSED] - Statement - If (linkLogmembername.equals(teamMeberName)): null

2018-09-15 10:40:18 - [TEST_STEP][PASSED] - Statement - out.println("Admin Console: " + linkUserName.get(i).getText()): null

2018-09-15 10:40:18 - [TEST_STEP][PASSED] - Statement - linkLogmembername = linkUserName.get(i).getText(): null

2018-09-15 10:40:18 - [TEST_STEP][PASSED] - Statement - If (linkLogmembername.equals(teamMeberName)): null

2018-09-15 10:40:18 - [TEST_STEP][PASSED] - Statement - out.println("Admin Console: " + linkUserName.get(i).getText()): null

2018-09-15 10:40:18 - [TEST_STEP][PASSED] - Statement - linkLogmembername = linkUserName.get(i).getText(): null

2018-09-15 10:40:18 - [TEST_STEP][PASSED] - Statement - If (linkLogmembername.equals(teamMeberName)): null

2018-09-15 10:40:18 - [TEST_STEP][PASSED] - Statement - out.println("Admin Console: " + linkUserName.get(i).getText()): null

2018-09-15 10:40:18 - [TEST_STEP][PASSED] - Statement - linkLogmembername = linkUserName.get(i).getText(): null

2018-09-15 10:40:18 - [TEST_STEP][PASSED] - Statement - If (linkLogmembername.equals(teamMeberName)): null

2018-09-15 10:40:18 - [TEST_STEP][PASSED] - Statement - out.println("Admin Console: " + linkUserName.get(i).getText()): null

2018-09-15 10:40:18 - [TEST_STEP][PASSED] - Statement - linkLogmembername = linkUserName.get(i).getText(): null

2018-09-15 10:40:18 - [TEST_STEP][PASSED] - Statement - If (linkLogmembername.equals(teamMeberName)): null

2018-09-15 10:40:18 - [TEST_STEP][PASSED] - Statement - out.println("Admin Console: " + linkUserName.get(i).getText()): null

2018-09-15 10:40:18 - [TEST_STEP][PASSED] - Statement - linkLogmembername = linkUserName.get(i).getText(): null

2018-09-15 10:40:18 - [TEST_STEP][PASSED] - Statement - If (linkLogmembername.equals(teamMeberName)): null

2018-09-15 10:40:18 - [TEST_STEP][PASSED] - Statement - out.println("Admin Console: " + linkUserName.get(i).getText()): null

2018-09-15 10:40:18 - [TEST_STEP][PASSED] - Statement - linkLogmembername = linkUserName.get(i).getText(): null

2018-09-15 10:40:18 - [TEST_STEP][PASSED] - Statement - If (linkLogmembername.equals(teamMeberName)): null

2018-09-15 10:40:18 - [TEST_STEP][PASSED] - Statement - out.println("Admin Console: " + linkUserName.get(i).getText()): null

2018-09-15 10:40:19 - [TEST_STEP][PASSED] - Statement - linkLogmembername = linkUserName.get(i).getText(): null

2018-09-15 10:40:19 - [TEST_STEP][PASSED] - Statement - If (linkLogmembername.equals(teamMeberName)): null

2018-09-15 10:40:19 - [TEST_STEP][PASSED] - Statement - out.println("Admin Console: " + linkUserName.get(i).getText()): null

2018-09-15 10:40:19 - [TEST_STEP][PASSED] - Statement - linkLogmembername = linkUserName.get(i).getText(): null

2018-09-15 10:40:19 - [TEST_STEP][PASSED] - Statement - If (linkLogmembername.equals(teamMeberName)): null

2018-09-15 10:40:19 - [TEST_STEP][PASSED] - Statement - out.println("Admin Console: " + linkUserName.get(i).getText()): null

2018-09-15 10:40:19 - [TEST_STEP][PASSED] - Statement - linkLogmembername = linkUserName.get(i).getText(): null

2018-09-15 10:40:19 - [TEST_STEP][PASSED] - Statement - If (linkLogmembername.equals(teamMeberName)): null

2018-09-15 10:40:19 - [TEST_STEP][PASSED] - Statement - out.println("Admin Console: " + linkUserName.get(i).getText()): null

2018-09-15 10:40:19 - [TEST_STEP][PASSED] - Statement - linkLogmembername = linkUserName.get(i).getText(): null

2018-09-15 10:40:19 - [TEST_STEP][PASSED] - Statement - If (linkLogmembername.equals(teamMeberName)): null

2018-09-15 10:40:19 - [TEST_STEP][PASSED] - Statement - out.println("Admin Console: " + linkUserName.get(i).getText()): null

2018-09-15 10:40:19 - [TEST_STEP][PASSED] - Statement - linkLogmembername = linkUserName.get(i).getText(): null

2018-09-15 10:40:19 - [TEST_STEP][PASSED] - Statement - If (linkLogmembername.equals(teamMeberName)): null

2018-09-15 10:40:19 - [TEST_STEP][PASSED] - Statement - out.println("Admin Console: " + linkUserName.get(i).getText()): null

2018-09-15 10:40:19 - [TEST_STEP][PASSED] - Statement - linkLogmembername = linkUserName.get(i).getText(): null

2018-09-15 10:40:19 - [TEST_STEP][PASSED] - Statement - If (linkLogmembername.equals(teamMeberName)): null

2018-09-15 10:40:19 - [TEST_STEP][PASSED] - Statement - out.println("Admin Console: " + linkUserName.get(i).getText()): null

2018-09-15 10:40:19 - [TEST_STEP][PASSED] - Statement - linkLogmembername = linkUserName.get(i).getText(): null

2018-09-15 10:40:19 - [TEST_STEP][PASSED] - Statement - If (linkLogmembername.equals(teamMeberName)): null

2018-09-15 10:40:19 - [TEST_STEP][PASSED] - Statement - out.println("Admin Console: " + linkUserName.get(i).getText()): null

2018-09-15 10:40:19 - [TEST_STEP][PASSED] - Statement - linkLogmembername = linkUserName.get(i).getText(): null

2018-09-15 10:40:19 - [TEST_STEP][PASSED] - Statement - If (linkLogmembername.equals(teamMeberName)): null

2018-09-15 10:40:19 - [TEST_STEP][PASSED] - Statement - out.println("Admin Console: " + linkUserName.get(i).getText()): null

2018-09-15 10:40:19 - [TEST_STEP][PASSED] - Statement - linkLogmembername = linkUserName.get(i).getText(): null

2018-09-15 10:40:19 - [TEST_STEP][PASSED] - Statement - If (linkLogmembername.equals(teamMeberName)): null

2018-09-15 10:40:19 - [TEST_STEP][PASSED] - Statement - out.println("Admin Console: " + linkUserName.get(i).getText()): null

2018-09-15 10:40:19 - [TEST_STEP][PASSED] - Statement - linkLogmembername = linkUserName.get(i).getText(): null

2018-09-15 10:40:19 - [TEST_STEP][PASSED] - Statement - If (linkLogmembername.equals(teamMeberName)): null

2018-09-15 10:40:19 - [TEST_STEP][PASSED] - Statement - out.println("Admin Console: " + linkUserName.get(i).getText()): null

2018-09-15 10:40:19 - [TEST_STEP][PASSED] - Statement - linkLogmembername = linkUserName.get(i).getText(): null

2018-09-15 10:40:19 - [TEST_STEP][PASSED] - Statement - If (linkLogmembername.equals(teamMeberName)): null

2018-09-15 10:40:19 - [TEST_STEP][PASSED] - Statement - out.println("Admin Console: " + linkUserName.get(i).getText()): null

2018-09-15 10:40:19 - [TEST_STEP][PASSED] - Statement - linkLogmembername = linkUserName.get(i).getText(): null

2018-09-15 10:40:19 - [TEST_STEP][PASSED] - Statement - If (linkLogmembername.equals(teamMeberName)): null

2018-09-15 10:40:19 - [TEST_STEP][PASSED] - Statement - out.println("Admin Console: " + linkUserName.get(i).getText()): null

2018-09-15 10:40:19 - [TEST_STEP][PASSED] - Statement - linkLogmembername = linkUserName.get(i).getText(): null

2018-09-15 10:40:19 - [TEST_STEP][PASSED] - Statement - If (linkLogmembername.equals(teamMeberName)): null

2018-09-15 10:40:19 - [TEST_STEP][PASSED] - Statement - out.println("Admin Console: " + linkUserName.get(i).getText()): null

2018-09-15 10:40:19 - [TEST_STEP][PASSED] - Statement - linkLogmembername = linkUserName.get(i).getText(): null

2018-09-15 10:40:19 - [TEST_STEP][PASSED] - Statement - If (linkLogmembername.equals(teamMeberName)): null

2018-09-15 10:40:19 - [TEST_STEP][PASSED] - Statement - out.println("Admin Console: " + linkUserName.get(i).getText()): null

2018-09-15 10:40:19 - [TEST_STEP][PASSED] - Statement - linkLogmembername = linkUserName.get(i).getText(): null

2018-09-15 10:40:19 - [TEST_STEP][PASSED] - Statement - If (linkLogmembername.equals(teamMeberName)): null

2018-09-15 10:40:19 - [TEST_STEP][PASSED] - Statement - out.println("Admin Console: " + linkUserName.get(i).getText()): null

2018-09-15 10:40:19 - [TEST_STEP][PASSED] - Statement - linkLogmembername = linkUserName.get(i).getText(): null

2018-09-15 10:40:19 - [TEST_STEP][PASSED] - Statement - If (linkLogmembername.equals(teamMeberName)): null

2018-09-15 10:40:19 - [TEST_STEP][PASSED] - Statement - out.println("Admin Console: " + linkUserName.get(i).getText()): null

2018-09-15 10:40:19 - [TEST_STEP][PASSED] - Statement - linkLogmembername = linkUserName.get(i).getText(): null

2018-09-15 10:40:19 - [TEST_STEP][PASSED] - Statement - If (linkLogmembername.equals(teamMeberName)): null

2018-09-15 10:40:19 - [TEST_STEP][PASSED] - Statement - out.println("Admin Console: " + linkUserName.get(i).getText()): null

2018-09-15 10:40:19 - [TEST_STEP][PASSED] - Statement - linkLogmembername = linkUserName.get(i).getText(): null

2018-09-15 10:40:20 - [TEST_STEP][PASSED] - Statement - If (linkLogmembername.equals(teamMeberName)): null

2018-09-15 10:40:20 - [TEST_STEP][PASSED] - Statement - out.println("Admin Console: " + linkUserName.get(i).getText()): null

2018-09-15 10:40:20 - [TEST_STEP][PASSED] - Statement - linkLogmembername = linkUserName.get(i).getText(): null

2018-09-15 10:40:20 - [TEST_STEP][PASSED] - Statement - If (linkLogmembername.equals(teamMeberName)): null

2018-09-15 10:40:20 - [TEST_STEP][PASSED] - Statement - out.println("Admin Console: " + linkUserName.get(i).getText()): null

2018-09-15 10:40:20 - [TEST_STEP][PASSED] - Statement - linkLogmembername = linkUserName.get(i).getText(): null

2018-09-15 10:40:20 - [TEST_STEP][PASSED] - Statement - If (linkLogmembername.equals(teamMeberName)): null

2018-09-15 10:40:20 - [TEST_STEP][PASSED] - Statement - out.println("Admin Console: " + linkUserName.get(i).getText()): null

2018-09-15 10:40:20 - [TEST_STEP][PASSED] - Statement - linkLogmembername = linkUserName.get(i).getText(): null

2018-09-15 10:40:20 - [TEST_STEP][PASSED] - Statement - If (linkLogmembername.equals(teamMeberName)): null

2018-09-15 10:40:20 - [TEST_STEP][PASSED] - Statement - out.println("Admin Console: " + linkUserName.get(i).getText()): null

2018-09-15 10:40:20 - [TEST_STEP][PASSED] - Statement - linkLogmembername = linkUserName.get(i).getText(): null

2018-09-15 10:40:20 - [TEST_STEP][PASSED] - Statement - If (linkLogmembername.equals(teamMeberName)): null

2018-09-15 10:40:20 - [TEST_STEP][PASSED] - Statement - out.println("Admin Console: " + linkUserName.get(i).getText()): null

2018-09-15 10:40:20 - [TEST_STEP][PASSED] - Statement - linkLogmembername = linkUserName.get(i).getText(): null

2018-09-15 10:40:20 - [TEST_STEP][PASSED] - Statement - If (linkLogmembername.equals(teamMeberName)): null

2018-09-15 10:40:20 - [TEST_STEP][PASSED] - Statement - out.println("Admin Console: " + linkUserName.get(i).getText()): null

2018-09-15 10:40:20 - [TEST_STEP][PASSED] - Statement - linkLogmembername = linkUserName.get(i).getText(): null

2018-09-15 10:40:20 - [TEST_STEP][PASSED] - Statement - If (linkLogmembername.equals(teamMeberName)): null

2018-09-15 10:40:20 - [TEST_STEP][PASSED] - Statement - out.println("Admin Console: " + linkUserName.get(i).getText()): null

2018-09-15 10:40:20 - [TEST_STEP][PASSED] - Statement - linkLogmembername = linkUserName.get(i).getText(): null

2018-09-15 10:40:20 - [TEST_STEP][PASSED] - Statement - If (linkLogmembername.equals(teamMeberName)): null

2018-09-15 10:40:20 - [TEST_STEP][PASSED] - Statement - out.println("Admin Console: " + linkUserName.get(i).getText()): null

2018-09-15 10:40:20 - [TEST_STEP][PASSED] - Statement - linkLogmembername = linkUserName.get(i).getText(): null

2018-09-15 10:40:20 - [TEST_STEP][PASSED] - Statement - If (linkLogmembername.equals(teamMeberName)): null

2018-09-15 10:40:20 - [TEST_STEP][PASSED] - Statement - out.println("Admin Console: " + linkUserName.get(i).getText()): null

2018-09-15 10:40:20 - [TEST_STEP][PASSED] - Statement - linkLogmembername = linkUserName.get(i).getText(): null

2018-09-15 10:40:20 - [TEST_STEP][PASSED] - Statement - If (linkLogmembername.equals(teamMeberName)): null

2018-09-15 10:40:20 - [TEST_STEP][PASSED] - Statement - out.println("Admin Console: " + linkUserName.get(i).getText()): null

2018-09-15 10:40:20 - [TEST_STEP][PASSED] - Statement - linkLogmembername = linkUserName.get(i).getText(): null

2018-09-15 10:40:20 - [TEST_STEP][PASSED] - Statement - If (linkLogmembername.equals(teamMeberName)): null

2018-09-15 10:40:20 - [TEST_STEP][PASSED] - Statement - out.println("Admin Console: " + linkUserName.get(i).getText()): null

2018-09-15 10:40:20 - [TEST_STEP][PASSED] - Statement - linkLogmembername = linkUserName.get(i).getText(): null

2018-09-15 10:40:20 - [TEST_STEP][PASSED] - Statement - If (linkLogmembername.equals(teamMeberName)): null

2018-09-15 10:40:20 - [TEST_STEP][PASSED] - Statement - out.println("Admin Console: " + linkUserName.get(i).getText()): null

2018-09-15 10:40:20 - [TEST_STEP][PASSED] - Statement - linkLogmembername = linkUserName.get(i).getText(): null

2018-09-15 10:40:20 - [TEST_STEP][PASSED] - Statement - If (linkLogmembername.equals(teamMeberName)): null

2018-09-15 10:40:20 - [TEST_STEP][PASSED] - Statement - out.println("Admin Console: " + linkUserName.get(i).getText()): null

2018-09-15 10:40:20 - [TEST_STEP][PASSED] - Statement - linkLogmembername = linkUserName.get(i).getText(): null

2018-09-15 10:40:20 - [TEST_STEP][PASSED] - Statement - If (linkLogmembername.equals(teamMeberName)): null

2018-09-15 10:40:20 - [TEST_STEP][PASSED] - Statement - out.println("Admin Console: " + linkUserName.get(i).getText()): null

2018-09-15 10:40:20 - [TEST_STEP][PASSED] - Statement - linkLogmembername = linkUserName.get(i).getText(): null

2018-09-15 10:40:20 - [TEST_STEP][PASSED] - Statement - If (linkLogmembername.equals(teamMeberName)): null

2018-09-15 10:40:20 - [TEST_STEP][PASSED] - Statement - out.println("Admin Console: " + linkUserName.get(i).getText()): null

2018-09-15 10:40:20 - [TEST_STEP][PASSED] - Statement - linkLogmembername = linkUserName.get(i).getText(): null

2018-09-15 10:40:20 - [TEST_STEP][PASSED] - Statement - If (linkLogmembername.equals(teamMeberName)): null

2018-09-15 10:40:20 - [TEST_STEP][PASSED] - Statement - out.println("Admin Console: " + linkUserName.get(i).getText()): null

2018-09-15 10:40:20 - [TEST_STEP][PASSED] - Statement - linkLogmembername = linkUserName.get(i).getText(): null

2018-09-15 10:40:20 - [TEST_STEP][PASSED] - Statement - If (linkLogmembername.equals(teamMeberName)): null

2018-09-15 10:40:20 - [TEST_STEP][PASSED] - Statement - out.println("Admin Console: " + linkUserName.get(i).getText()): null

2018-09-15 10:40:20 - [TEST_STEP][PASSED] - Statement - linkLogmembername = linkUserName.get(i).getText(): null

2018-09-15 10:40:20 - [TEST_STEP][PASSED] - Statement - If (linkLogmembername.equals(teamMeberName)): null

2018-09-15 10:40:20 - [TEST_STEP][PASSED] - Statement - out.println("Admin Console: " + linkUserName.get(i).getText()): null

2018-09-15 10:40:20 - [TEST_STEP][PASSED] - Statement - linkLogmembername = linkUserName.get(i).getText(): null

2018-09-15 10:40:20 - [TEST_STEP][PASSED] - Statement - If (linkLogmembername.equals(teamMeberName)): null

2018-09-15 10:40:20 - [TEST_STEP][PASSED] - Statement - out.println("Admin Console: " + linkUserName.get(i).getText()): null

2018-09-15 10:40:20 - [TEST_STEP][PASSED] - Statement - linkLogmembername = linkUserName.get(i).getText(): null

2018-09-15 10:40:20 - [TEST_STEP][PASSED] - Statement - If (linkLogmembername.equals(teamMeberName)): null

2018-09-15 10:40:20 - [TEST_STEP][PASSED] - Statement - out.println("Admin Console: " + linkUserName.get(i).getText()): null

2018-09-15 10:40:20 - [TEST_STEP][PASSED] - Statement - linkLogmembername = linkUserName.get(i).getText(): null

2018-09-15 10:40:20 - [TEST_STEP][PASSED] - Statement - If (linkLogmembername.equals(teamMeberName)): null

2018-09-15 10:40:20 - [TEST_STEP][PASSED] - Statement - out.println("Admin Console: " + linkUserName.get(i).getText()): null

2018-09-15 10:40:20 - [TEST_STEP][PASSED] - Statement - linkLogmembername = linkUserName.get(i).getText(): null

2018-09-15 10:40:21 - [TEST_STEP][PASSED] - Statement - If (linkLogmembername.equals(teamMeberName)): null

2018-09-15 10:40:21 - [TEST_STEP][PASSED] - Statement - out.println("Admin Console: " + linkUserName.get(i).getText()): null

2018-09-15 10:40:21 - [TEST_STEP][PASSED] - Statement - linkLogmembername = linkUserName.get(i).getText(): null

2018-09-15 10:40:21 - [TEST_STEP][PASSED] - Statement - If (linkLogmembername.equals(teamMeberName)): null

2018-09-15 10:40:21 - [TEST_STEP][PASSED] - Statement - out.println("Admin Console: " + linkUserName.get(i).getText()): null

2018-09-15 10:40:21 - [TEST_STEP][PASSED] - Statement - linkLogmembername = linkUserName.get(i).getText(): null

2018-09-15 10:40:21 - [TEST_STEP][PASSED] - Statement - If (linkLogmembername.equals(teamMeberName)): null

2018-09-15 10:40:21 - [TEST_STEP][PASSED] - Statement - js = driver: null

2018-09-15 10:40:21 - [TEST_STEP][PASSED] - Statement - js.executeScript("window.open();"): null

2018-09-15 10:40:21 - [TEST_STEP][PASSED] - Statement - currentWindow = com.kms.katalon.core.webui.keyword.WebUiBuiltInKeywords.getWindowIndex(): Current window's index is: 0

2018-09-15 10:40:21 - [MESSAGE][PASSED] - Current window's index is: 0

2018-09-15 10:40:21 - [TEST_STEP][PASSED] - switchToWindowIndex: Switched to window with index: '1'

2018-09-15 10:40:21 - [MESSAGE][PASSED] - Switched to window with index: '1'

2018-09-15 10:40:21 - [TEST_STEP][PASSED] - navigateToUrl: Navigate to 'https://dev.vcalling.in/url/UAT/?id=UAT-1-642' successfully

2018-09-15 10:40:23 - [MESSAGE][PASSED] - Navigate to 'https://dev.vcalling.in/url/UAT/?id=UAT-1-642' successfully

2018-09-15 10:40:23 - [TEST_STEP][PASSED] - Statement - currentTab = com.kms.katalon.core.webui.keyword.WebUiBuiltInKeywords.getWindowIndex(): Current window's index is: 1

2018-09-15 10:40:23 - [MESSAGE][PASSED] - Current window's index is: 1

2018-09-15 10:40:23 - [TEST_STEP][PASSED] - switchToWindowIndex: Switched to window with index: '0'

2018-09-15 10:40:23 - [MESSAGE][PASSED] - Switched to window with index: '0'

2018-09-15 10:40:23 - [TEST_STEP][PASSED] - refresh: Refresh successfully

2018-09-15 10:40:23 - [MESSAGE][PASSED] - Refresh successfully

2018-09-15 10:40:23 - [TEST_STEP][PASSED] - acceptAlert: Alert accepted

2018-09-15 10:40:23 - [MESSAGE][PASSED] - Alert accepted]]></system-out>
         <system-err><![CDATA[]]></system-err>
      </testcase>
      <testcase name="Test Cases/completed/TestCase2_LinkGenerateThroughGetLink/LinkGenrateThroughMail,Number" classname="Test Cases/completed/TestCase2_LinkGenerateThroughGetLink/LinkGenrateThroughMail,Number" status="PASSED">
         <system-out><![CDATA[2018-09-15 10:40:23 - [TEST_CASE][PASSED] - Test Cases/completed/TestCase2_LinkGenerateThroughGetLink/LinkGenrateThroughMail,Number: Test Cases/completed/TestCase2_LinkGenerateThroughGetLink/LinkGenrateThroughMail,Number

2018-09-15 10:40:24 - [TEST_STEP][PASSED] - callTestCase: Call Test Case 'Test Cases/BVT/aSimple_Login' successfully

2018-09-15 10:40:24 - [TEST_CASE][PASSED] - Test Cases/BVT/aSimple_Login: Test Cases/BVT/aSimple_Login

2018-09-15 10:40:24 - [TEST_STEP][PASSED] - openBrowser: Browser is opened with url: ''

2018-09-15 10:40:24 - [MESSAGE][WARNING] - A browser is already opened. Closing browser and opening a new one

2018-09-15 10:40:27 - [MESSAGE][PASSED] - Browser is opened with url: ''

2018-09-15 10:40:27 - [TEST_STEP][PASSED] - maximizeWindow: Current window maximized

2018-09-15 10:40:28 - [MESSAGE][PASSED] - Current window maximized

2018-09-15 10:40:28 - [TEST_STEP][PASSED] - navigateToUrl: Navigate to 'https://dev.vcalling.in/enterprises/UAT/Dashboard/index.html' successfully

2018-09-15 10:40:32 - [MESSAGE][PASSED] - Navigate to 'https://dev.vcalling.in/enterprises/UAT/Dashboard/index.html' successfully

2018-09-15 10:40:32 - [TEST_STEP][PASSED] - setText: Text 'testing4dea@gmail.com' is set on object 'Object Repository/Login/UserId'

2018-09-15 10:40:32 - [MESSAGE][PASSED] - Text 'testing4dea@gmail.com' is set on object 'Object Repository/Login/UserId'

2018-09-15 10:40:32 - [TEST_STEP][PASSED] - click: Object: 'Object Repository/Login/div_GET OTP' is clicked on

2018-09-15 10:40:32 - [MESSAGE][PASSED] - Object: 'Object Repository/Login/div_GET OTP' is clicked on

2018-09-15 10:40:32 - [TEST_STEP][PASSED] - waitForElementPresent: Object 'Object Repository/Login/div_SUBMIT' is present

2018-09-15 10:40:34 - [MESSAGE][PASSED] - Object 'Object Repository/Login/div_SUBMIT' is present

2018-09-15 10:40:34 - [TEST_STEP][PASSED] - Statement - If (com.kms.katalon.core.webui.keyword.WebUiBuiltInKeywords.verifyElementNotPresent(com.kms.katalon.core.testobject.ObjectRepository.findTestObject(Login/div_SUBMIT), 5, OPTIONAL)): Web element with id: 'Object Repository/Login/div_SUBMIT' located by 'By.xpath: //div[(text() = ' SUBMIT ' or . = ' SUBMIT ')]' is present after '5' second(s)

2018-09-15 10:40:39 - [MESSAGE][WARNING] - Web element with id: 'Object Repository/Login/div_SUBMIT' located by 'By.xpath: //div[(text() = ' SUBMIT ' or . = ' SUBMIT ')]' is present after '5' second(s)
[[ATTACHMENT|C:\\Users\\Kaushal\\Desktop\\Katalon Studio\\vCallingDashboard\\Reports\\RegressionSuite\\20180915_103222\\1537004439598.png]]

2018-09-15 10:40:39 - [TEST_STEP][PASSED] - Statement - sleep(5000): null

2018-09-15 10:40:44 - [TEST_STEP][PASSED] - Statement - OTP = getOTP(): null

2018-09-15 10:40:44 - [TEST_STEP][PASSED] - Statement - host = "imap.gmail.com": null

2018-09-15 10:40:44 - [TEST_STEP][PASSED] - Statement - msg = <not implemented yet for class: org.codehaus.groovy.ast.expr.EmptyExpression>: null

2018-09-15 10:40:44 - [TEST_STEP][PASSED] - Statement - msgSub = <not implemented yet for class: org.codehaus.groovy.ast.expr.EmptyExpression>: null

2018-09-15 10:40:44 - [TEST_STEP][PASSED] - Statement - OTP = "unavailable": null

2018-09-15 10:40:44 - [TEST_STEP][PASSED] - Statement - props = new java.util.Properties(): null

2018-09-15 10:40:44 - [TEST_STEP][PASSED] - Statement - props.setProperty("mail.imap.ssl.enable", "true"): null

2018-09-15 10:40:44 - [TEST_STEP][PASSED] - Statement - session = javax.mail.Session.getInstance(props): null

2018-09-15 10:40:44 - [TEST_STEP][PASSED] - Statement - store = <not implemented yet for class: org.codehaus.groovy.ast.expr.EmptyExpression>: null

2018-09-15 10:40:44 - [TEST_STEP][PASSED] - Statement - Try: null

2018-09-15 10:40:44 - [TEST_STEP][PASSED] - Statement - store = session.getStore("imap"): null

2018-09-15 10:40:44 - [TEST_STEP][PASSED] - Statement - store.connect(host, Email, Password): null

2018-09-15 10:40:47 - [TEST_STEP][PASSED] - Statement - emailFolder = store.getFolder("INBOX"): null

2018-09-15 10:40:47 - [TEST_STEP][PASSED] - Statement - emailFolder.open(READ_WRITE): null

2018-09-15 10:40:47 - [TEST_STEP][PASSED] - Statement - messages = emailFolder.getMessages(): null

2018-09-15 10:40:47 - [TEST_STEP][PASSED] - Statement - n = length: null

2018-09-15 10:40:47 - [TEST_STEP][PASSED] - Statement - message = messages[n - 1]: null

2018-09-15 10:40:47 - [TEST_STEP][PASSED] - Statement - msgSub = message.getSubject(): null

2018-09-15 10:40:48 - [TEST_STEP][PASSED] - Statement - If (msgSub.equals("OTP to Sign In")): null

2018-09-15 10:40:48 - [TEST_STEP][PASSED] - Statement - msg = message.getContent().toString(): null

2018-09-15 10:40:48 - [TEST_STEP][PASSED] - Statement - OTP = msg.substring(msg.length() - 7): null

2018-09-15 10:40:48 - [TEST_STEP][PASSED] - Statement - message.setFlag(DELETED, true): null

2018-09-15 10:40:49 - [TEST_STEP][PASSED] - Statement - emailFolder.close(true): null

2018-09-15 10:40:49 - [TEST_STEP][PASSED] - Statement - store.close(): null

2018-09-15 10:40:49 - [TEST_STEP][PASSED] - Statement - return OTP: null

2018-09-15 10:40:49 - [TEST_STEP][PASSED] - Statement - If (OTP.equals("unavailable")): null

2018-09-15 10:40:49 - [TEST_STEP][PASSED] - Statement - Else: Text 'x3585
' is set on object 'Object Repository/Login/OtpInput'

2018-09-15 10:40:49 - [TEST_STEP][PASSED] - setText: Text 'x3585
' is set on object 'Object Repository/Login/OtpInput'

2018-09-15 10:40:50 - [MESSAGE][PASSED] - Text 'x3585
' is set on object 'Object Repository/Login/OtpInput'

2018-09-15 10:40:50 - [TEST_STEP][PASSED] - verifyElementPresent: Object 'Object Repository/Login/afterOpenDisplay' is present

2018-09-15 10:40:51 - [MESSAGE][PASSED] - Object 'Object Repository/Login/afterOpenDisplay' is present

2018-09-15 10:40:51 - [MESSAGE][PASSED] - Call Test Case 'Test Cases/BVT/aSimple_Login' successfully

2018-09-15 10:40:51 - [TEST_STEP][PASSED] - Statement - driver = com.kms.katalon.core.webui.driver.DriverFactory.getWebDriver(): null

2018-09-15 10:40:51 - [TEST_STEP][PASSED] - click: Object: 'Object Repository/Dashboard_Link Generator/linkgeneratorIcon' is clicked on

2018-09-15 10:40:51 - [MESSAGE][PASSED] - Object: 'Object Repository/Dashboard_Link Generator/linkgeneratorIcon' is clicked on

2018-09-15 10:40:51 - [TEST_STEP][PASSED] - Statement - x = CustomKeywords.newPackage.newKeyword.randomString(3).toLowerCase(): newPackage.newKeyword.randomString is PASSED

2018-09-15 10:40:51 - [MESSAGE][PASSED] - newPackage.newKeyword.randomString is PASSED

2018-09-15 10:40:51 - [TEST_STEP][PASSED] - Statement - teamMeberName = x: null

2018-09-15 10:40:51 - [TEST_STEP][PASSED] - setText: Text 'zrl' is set on object 'Object Repository/AddTeamMemberDashboard/name'

2018-09-15 10:40:52 - [MESSAGE][PASSED] - Text 'zrl' is set on object 'Object Repository/AddTeamMemberDashboard/name'

2018-09-15 10:40:52 - [TEST_STEP][PASSED] - setText: Text 'ZIj00e2bQf@gmail.com' is set on object 'Object Repository/AddTeamMemberDashboard/email'

2018-09-15 10:40:52 - [MESSAGE][PASSED] - newPackage.newKeyword.randomString is PASSED

2018-09-15 10:40:52 - [MESSAGE][PASSED] - Text 'ZIj00e2bQf@gmail.com' is set on object 'Object Repository/AddTeamMemberDashboard/email'

2018-09-15 10:40:52 - [TEST_STEP][PASSED] - Statement - number = CustomKeywords.phoneNumbers.contactNumbers.randomString(9): phoneNumbers.contactNumbers.randomString is PASSED

2018-09-15 10:40:52 - [MESSAGE][PASSED] - phoneNumbers.contactNumbers.randomString is PASSED

2018-09-15 10:40:52 - [TEST_STEP][PASSED] - Statement - Mobile_Number = number: null

2018-09-15 10:40:52 - [TEST_STEP][PASSED] - setText: Text '4232181111' is set on object 'Object Repository/Dashboard_Link Generator/contactNumber'

2018-09-15 10:40:53 - [MESSAGE][PASSED] - Text '4232181111' is set on object 'Object Repository/Dashboard_Link Generator/contactNumber'

2018-09-15 10:40:53 - [TEST_STEP][PASSED] - click: Object: 'Object Repository/Dashboard_Link Generator/div_GET LINK' is clicked on

2018-09-15 10:40:53 - [MESSAGE][PASSED] - Object: 'Object Repository/Dashboard_Link Generator/div_GET LINK' is clicked on

2018-09-15 10:40:53 - [TEST_STEP][PASSED] - Statement - getLink = com.kms.katalon.core.webui.keyword.WebUiBuiltInKeywords.getAttribute(com.kms.katalon.core.testobject.ObjectRepository.findTestObject(Dashboard_Link Generator/input_link-text), "value"): Attribute 'value' of object 'Object Repository/Dashboard_Link Generator/input_link-text' is: 'https://dev.vcalling.in/url/UAT/?id=UAT-1-643'

2018-09-15 10:40:53 - [MESSAGE][PASSED] - Attribute 'value' of object 'Object Repository/Dashboard_Link Generator/input_link-text' is: 'https://dev.vcalling.in/url/UAT/?id=UAT-1-643'

2018-09-15 10:40:53 - [TEST_STEP][PASSED] - Statement - println(getLink): null

2018-09-15 10:40:53 - [TEST_STEP][PASSED] - click: Object: 'Object Repository/Dashboard_Link Generator/copyLink' is clicked on

2018-09-15 10:40:53 - [MESSAGE][PASSED] - Object: 'Object Repository/Dashboard_Link Generator/copyLink' is clicked on

2018-09-15 10:40:53 - [TEST_STEP][PASSED] - Statement - If (com.kms.katalon.core.webui.keyword.WebUiBuiltInKeywords.verifyElementPresent(com.kms.katalon.core.testobject.ObjectRepository.findTestObject(Dashboard_Link Generator/validation), 5, OPTIONAL)): null

2018-09-15 10:40:53 - [MESSAGE][PASSED] - Object 'Object Repository/Dashboard_Link Generator/validation' is present

2018-09-15 10:40:53 - [TEST_STEP][PASSED] - Statement - validationMessage = com.kms.katalon.core.webui.keyword.WebUiBuiltInKeywords.getText(com.kms.katalon.core.testobject.ObjectRepository.findTestObject(Dashboard_Link Generator/validation)): Text of object 'Object Repository/Dashboard_Link Generator/validation' is: 'Link Copied.!'

2018-09-15 10:40:53 - [MESSAGE][PASSED] - Text of object 'Object Repository/Dashboard_Link Generator/validation' is: 'Link Copied.!'

2018-09-15 10:40:53 - [TEST_STEP][PASSED] - verifyMatch: Actual text 'Link Copied.!' and expected text 'Link Copied.!' are matched 

2018-09-15 10:40:53 - [MESSAGE][PASSED] - Actual text 'Link Copied.!' and expected text 'Link Copied.!' are matched 

2018-09-15 10:40:53 - [TEST_STEP][PASSED] - Statement - println("successful"): null

2018-09-15 10:40:53 - [TEST_STEP][PASSED] - Statement - linkUserName = driver.findElements(org.openqa.selenium.By.className("text-link-log")): null

2018-09-15 10:40:53 - [TEST_STEP][PASSED] - Statement - previousCountValue = 0: null

2018-09-15 10:40:53 - [TEST_STEP][PASSED] - Statement - For ([i = 0, i < linkUserName.size(), (i++)]): null

2018-09-15 10:40:53 - [TEST_STEP][PASSED] - Statement - out.println("Admin Console: " + linkUserName.get(i).getText()): null

2018-09-15 10:40:54 - [TEST_STEP][PASSED] - Statement - linkLogmembername = linkUserName.get(i).getText(): null

2018-09-15 10:40:54 - [TEST_STEP][PASSED] - Statement - If (linkLogmembername.equals(teamMeberName)): null

2018-09-15 10:40:54 - [TEST_STEP][PASSED] - Statement - out.println("Admin Console: " + linkUserName.get(i).getText()): null

2018-09-15 10:40:54 - [TEST_STEP][PASSED] - Statement - linkLogmembername = linkUserName.get(i).getText(): null

2018-09-15 10:40:54 - [TEST_STEP][PASSED] - Statement - If (linkLogmembername.equals(teamMeberName)): null

2018-09-15 10:40:54 - [TEST_STEP][PASSED] - Statement - out.println("Admin Console: " + linkUserName.get(i).getText()): null

2018-09-15 10:40:54 - [TEST_STEP][PASSED] - Statement - linkLogmembername = linkUserName.get(i).getText(): null

2018-09-15 10:40:54 - [TEST_STEP][PASSED] - Statement - If (linkLogmembername.equals(teamMeberName)): null

2018-09-15 10:40:54 - [TEST_STEP][PASSED] - Statement - out.println("Admin Console: " + linkUserName.get(i).getText()): null

2018-09-15 10:40:54 - [TEST_STEP][PASSED] - Statement - linkLogmembername = linkUserName.get(i).getText(): null

2018-09-15 10:40:54 - [TEST_STEP][PASSED] - Statement - If (linkLogmembername.equals(teamMeberName)): null

2018-09-15 10:40:54 - [TEST_STEP][PASSED] - Statement - out.println("Admin Console: " + linkUserName.get(i).getText()): null

2018-09-15 10:40:54 - [TEST_STEP][PASSED] - Statement - linkLogmembername = linkUserName.get(i).getText(): null

2018-09-15 10:40:54 - [TEST_STEP][PASSED] - Statement - If (linkLogmembername.equals(teamMeberName)): null

2018-09-15 10:40:54 - [TEST_STEP][PASSED] - Statement - out.println("Admin Console: " + linkUserName.get(i).getText()): null

2018-09-15 10:40:54 - [TEST_STEP][PASSED] - Statement - linkLogmembername = linkUserName.get(i).getText(): null

2018-09-15 10:40:54 - [TEST_STEP][PASSED] - Statement - If (linkLogmembername.equals(teamMeberName)): null

2018-09-15 10:40:54 - [TEST_STEP][PASSED] - Statement - out.println("Admin Console: " + linkUserName.get(i).getText()): null

2018-09-15 10:40:54 - [TEST_STEP][PASSED] - Statement - linkLogmembername = linkUserName.get(i).getText(): null

2018-09-15 10:40:54 - [TEST_STEP][PASSED] - Statement - If (linkLogmembername.equals(teamMeberName)): null

2018-09-15 10:40:54 - [TEST_STEP][PASSED] - Statement - out.println("Admin Console: " + linkUserName.get(i).getText()): null

2018-09-15 10:40:54 - [TEST_STEP][PASSED] - Statement - linkLogmembername = linkUserName.get(i).getText(): null

2018-09-15 10:40:54 - [TEST_STEP][PASSED] - Statement - If (linkLogmembername.equals(teamMeberName)): null

2018-09-15 10:40:54 - [TEST_STEP][PASSED] - Statement - out.println("Admin Console: " + linkLogmembername): null

2018-09-15 10:40:54 - [TEST_STEP][PASSED] - Statement - linkUserName.get(i).click(): null

2018-09-15 10:40:54 - [TEST_STEP][PASSED] - Statement - out.println("Admin Console: " + linkUserName.get(i).getText()): null

2018-09-15 10:40:54 - [TEST_STEP][PASSED] - Statement - linkLogmembername = linkUserName.get(i).getText(): null

2018-09-15 10:40:54 - [TEST_STEP][PASSED] - Statement - If (linkLogmembername.equals(teamMeberName)): null

2018-09-15 10:40:54 - [TEST_STEP][PASSED] - Statement - out.println("Admin Console: " + linkUserName.get(i).getText()): null

2018-09-15 10:40:54 - [TEST_STEP][PASSED] - Statement - linkLogmembername = linkUserName.get(i).getText(): null

2018-09-15 10:40:54 - [TEST_STEP][PASSED] - Statement - If (linkLogmembername.equals(teamMeberName)): null

2018-09-15 10:40:54 - [TEST_STEP][PASSED] - Statement - out.println("Admin Console: " + linkUserName.get(i).getText()): null

2018-09-15 10:40:54 - [TEST_STEP][PASSED] - Statement - linkLogmembername = linkUserName.get(i).getText(): null

2018-09-15 10:40:54 - [TEST_STEP][PASSED] - Statement - If (linkLogmembername.equals(teamMeberName)): null

2018-09-15 10:40:54 - [TEST_STEP][PASSED] - Statement - out.println("Admin Console: " + linkUserName.get(i).getText()): null

2018-09-15 10:40:54 - [TEST_STEP][PASSED] - Statement - linkLogmembername = linkUserName.get(i).getText(): null

2018-09-15 10:40:54 - [TEST_STEP][PASSED] - Statement - If (linkLogmembername.equals(teamMeberName)): null

2018-09-15 10:40:54 - [TEST_STEP][PASSED] - Statement - out.println("Admin Console: " + linkUserName.get(i).getText()): null

2018-09-15 10:40:54 - [TEST_STEP][PASSED] - Statement - linkLogmembername = linkUserName.get(i).getText(): null

2018-09-15 10:40:54 - [TEST_STEP][PASSED] - Statement - If (linkLogmembername.equals(teamMeberName)): null

2018-09-15 10:40:54 - [TEST_STEP][PASSED] - Statement - out.println("Admin Console: " + linkUserName.get(i).getText()): null

2018-09-15 10:40:54 - [TEST_STEP][PASSED] - Statement - linkLogmembername = linkUserName.get(i).getText(): null

2018-09-15 10:40:54 - [TEST_STEP][PASSED] - Statement - If (linkLogmembername.equals(teamMeberName)): null

2018-09-15 10:40:54 - [TEST_STEP][PASSED] - Statement - out.println("Admin Console: " + linkUserName.get(i).getText()): null

2018-09-15 10:40:54 - [TEST_STEP][PASSED] - Statement - linkLogmembername = linkUserName.get(i).getText(): null

2018-09-15 10:40:54 - [TEST_STEP][PASSED] - Statement - If (linkLogmembername.equals(teamMeberName)): null

2018-09-15 10:40:54 - [TEST_STEP][PASSED] - Statement - out.println("Admin Console: " + linkUserName.get(i).getText()): null

2018-09-15 10:40:54 - [TEST_STEP][PASSED] - Statement - linkLogmembername = linkUserName.get(i).getText(): null

2018-09-15 10:40:54 - [TEST_STEP][PASSED] - Statement - If (linkLogmembername.equals(teamMeberName)): null

2018-09-15 10:40:54 - [TEST_STEP][PASSED] - Statement - out.println("Admin Console: " + linkUserName.get(i).getText()): null

2018-09-15 10:40:55 - [TEST_STEP][PASSED] - Statement - linkLogmembername = linkUserName.get(i).getText(): null

2018-09-15 10:40:55 - [TEST_STEP][PASSED] - Statement - If (linkLogmembername.equals(teamMeberName)): null

2018-09-15 10:40:55 - [TEST_STEP][PASSED] - Statement - out.println("Admin Console: " + linkUserName.get(i).getText()): null

2018-09-15 10:40:55 - [TEST_STEP][PASSED] - Statement - linkLogmembername = linkUserName.get(i).getText(): null

2018-09-15 10:40:55 - [TEST_STEP][PASSED] - Statement - If (linkLogmembername.equals(teamMeberName)): null

2018-09-15 10:40:55 - [TEST_STEP][PASSED] - Statement - out.println("Admin Console: " + linkUserName.get(i).getText()): null

2018-09-15 10:40:55 - [TEST_STEP][PASSED] - Statement - linkLogmembername = linkUserName.get(i).getText(): null

2018-09-15 10:40:55 - [TEST_STEP][PASSED] - Statement - If (linkLogmembername.equals(teamMeberName)): null

2018-09-15 10:40:55 - [TEST_STEP][PASSED] - Statement - out.println("Admin Console: " + linkUserName.get(i).getText()): null

2018-09-15 10:40:55 - [TEST_STEP][PASSED] - Statement - linkLogmembername = linkUserName.get(i).getText(): null

2018-09-15 10:40:55 - [TEST_STEP][PASSED] - Statement - If (linkLogmembername.equals(teamMeberName)): null

2018-09-15 10:40:55 - [TEST_STEP][PASSED] - Statement - out.println("Admin Console: " + linkUserName.get(i).getText()): null

2018-09-15 10:40:55 - [TEST_STEP][PASSED] - Statement - linkLogmembername = linkUserName.get(i).getText(): null

2018-09-15 10:40:55 - [TEST_STEP][PASSED] - Statement - If (linkLogmembername.equals(teamMeberName)): null

2018-09-15 10:40:55 - [TEST_STEP][PASSED] - Statement - out.println("Admin Console: " + linkUserName.get(i).getText()): null

2018-09-15 10:40:55 - [TEST_STEP][PASSED] - Statement - linkLogmembername = linkUserName.get(i).getText(): null

2018-09-15 10:40:55 - [TEST_STEP][PASSED] - Statement - If (linkLogmembername.equals(teamMeberName)): null

2018-09-15 10:40:55 - [TEST_STEP][PASSED] - Statement - out.println("Admin Console: " + linkUserName.get(i).getText()): null

2018-09-15 10:40:55 - [TEST_STEP][PASSED] - Statement - linkLogmembername = linkUserName.get(i).getText(): null

2018-09-15 10:40:55 - [TEST_STEP][PASSED] - Statement - If (linkLogmembername.equals(teamMeberName)): null

2018-09-15 10:40:55 - [TEST_STEP][PASSED] - Statement - out.println("Admin Console: " + linkUserName.get(i).getText()): null

2018-09-15 10:40:55 - [TEST_STEP][PASSED] - Statement - linkLogmembername = linkUserName.get(i).getText(): null

2018-09-15 10:40:55 - [TEST_STEP][PASSED] - Statement - If (linkLogmembername.equals(teamMeberName)): null

2018-09-15 10:40:55 - [TEST_STEP][PASSED] - Statement - out.println("Admin Console: " + linkUserName.get(i).getText()): null

2018-09-15 10:40:55 - [TEST_STEP][PASSED] - Statement - linkLogmembername = linkUserName.get(i).getText(): null

2018-09-15 10:40:55 - [TEST_STEP][PASSED] - Statement - If (linkLogmembername.equals(teamMeberName)): null

2018-09-15 10:40:55 - [TEST_STEP][PASSED] - Statement - out.println("Admin Console: " + linkUserName.get(i).getText()): null

2018-09-15 10:40:55 - [TEST_STEP][PASSED] - Statement - linkLogmembername = linkUserName.get(i).getText(): null

2018-09-15 10:40:55 - [TEST_STEP][PASSED] - Statement - If (linkLogmembername.equals(teamMeberName)): null

2018-09-15 10:40:55 - [TEST_STEP][PASSED] - Statement - out.println("Admin Console: " + linkUserName.get(i).getText()): null

2018-09-15 10:40:55 - [TEST_STEP][PASSED] - Statement - linkLogmembername = linkUserName.get(i).getText(): null

2018-09-15 10:40:55 - [TEST_STEP][PASSED] - Statement - If (linkLogmembername.equals(teamMeberName)): null

2018-09-15 10:40:55 - [TEST_STEP][PASSED] - Statement - out.println("Admin Console: " + linkUserName.get(i).getText()): null

2018-09-15 10:40:55 - [TEST_STEP][PASSED] - Statement - linkLogmembername = linkUserName.get(i).getText(): null

2018-09-15 10:40:55 - [TEST_STEP][PASSED] - Statement - If (linkLogmembername.equals(teamMeberName)): null

2018-09-15 10:40:55 - [TEST_STEP][PASSED] - Statement - out.println("Admin Console: " + linkUserName.get(i).getText()): null

2018-09-15 10:40:55 - [TEST_STEP][PASSED] - Statement - linkLogmembername = linkUserName.get(i).getText(): null

2018-09-15 10:40:55 - [TEST_STEP][PASSED] - Statement - If (linkLogmembername.equals(teamMeberName)): null

2018-09-15 10:40:55 - [TEST_STEP][PASSED] - Statement - out.println("Admin Console: " + linkUserName.get(i).getText()): null

2018-09-15 10:40:55 - [TEST_STEP][PASSED] - Statement - linkLogmembername = linkUserName.get(i).getText(): null

2018-09-15 10:40:55 - [TEST_STEP][PASSED] - Statement - If (linkLogmembername.equals(teamMeberName)): null

2018-09-15 10:40:55 - [TEST_STEP][PASSED] - Statement - out.println("Admin Console: " + linkUserName.get(i).getText()): null

2018-09-15 10:40:55 - [TEST_STEP][PASSED] - Statement - linkLogmembername = linkUserName.get(i).getText(): null

2018-09-15 10:40:55 - [TEST_STEP][PASSED] - Statement - If (linkLogmembername.equals(teamMeberName)): null

2018-09-15 10:40:55 - [TEST_STEP][PASSED] - Statement - out.println("Admin Console: " + linkUserName.get(i).getText()): null

2018-09-15 10:40:55 - [TEST_STEP][PASSED] - Statement - linkLogmembername = linkUserName.get(i).getText(): null

2018-09-15 10:40:55 - [TEST_STEP][PASSED] - Statement - If (linkLogmembername.equals(teamMeberName)): null

2018-09-15 10:40:55 - [TEST_STEP][PASSED] - Statement - out.println("Admin Console: " + linkUserName.get(i).getText()): null

2018-09-15 10:40:55 - [TEST_STEP][PASSED] - Statement - linkLogmembername = linkUserName.get(i).getText(): null

2018-09-15 10:40:55 - [TEST_STEP][PASSED] - Statement - If (linkLogmembername.equals(teamMeberName)): null

2018-09-15 10:40:55 - [TEST_STEP][PASSED] - Statement - out.println("Admin Console: " + linkUserName.get(i).getText()): null

2018-09-15 10:40:55 - [TEST_STEP][PASSED] - Statement - linkLogmembername = linkUserName.get(i).getText(): null

2018-09-15 10:40:55 - [TEST_STEP][PASSED] - Statement - If (linkLogmembername.equals(teamMeberName)): null

2018-09-15 10:40:55 - [TEST_STEP][PASSED] - Statement - out.println("Admin Console: " + linkUserName.get(i).getText()): null

2018-09-15 10:40:55 - [TEST_STEP][PASSED] - Statement - linkLogmembername = linkUserName.get(i).getText(): null

2018-09-15 10:40:56 - [TEST_STEP][PASSED] - Statement - If (linkLogmembername.equals(teamMeberName)): null

2018-09-15 10:40:56 - [TEST_STEP][PASSED] - Statement - out.println("Admin Console: " + linkUserName.get(i).getText()): null

2018-09-15 10:40:56 - [TEST_STEP][PASSED] - Statement - linkLogmembername = linkUserName.get(i).getText(): null

2018-09-15 10:40:56 - [TEST_STEP][PASSED] - Statement - If (linkLogmembername.equals(teamMeberName)): null

2018-09-15 10:40:56 - [TEST_STEP][PASSED] - Statement - out.println("Admin Console: " + linkUserName.get(i).getText()): null

2018-09-15 10:40:56 - [TEST_STEP][PASSED] - Statement - linkLogmembername = linkUserName.get(i).getText(): null

2018-09-15 10:40:56 - [TEST_STEP][PASSED] - Statement - If (linkLogmembername.equals(teamMeberName)): null

2018-09-15 10:40:56 - [TEST_STEP][PASSED] - Statement - out.println("Admin Console: " + linkUserName.get(i).getText()): null

2018-09-15 10:40:56 - [TEST_STEP][PASSED] - Statement - linkLogmembername = linkUserName.get(i).getText(): null

2018-09-15 10:40:56 - [TEST_STEP][PASSED] - Statement - If (linkLogmembername.equals(teamMeberName)): null

2018-09-15 10:40:56 - [TEST_STEP][PASSED] - Statement - out.println("Admin Console: " + linkUserName.get(i).getText()): null

2018-09-15 10:40:56 - [TEST_STEP][PASSED] - Statement - linkLogmembername = linkUserName.get(i).getText(): null

2018-09-15 10:40:56 - [TEST_STEP][PASSED] - Statement - If (linkLogmembername.equals(teamMeberName)): null

2018-09-15 10:40:56 - [TEST_STEP][PASSED] - Statement - out.println("Admin Console: " + linkUserName.get(i).getText()): null

2018-09-15 10:40:56 - [TEST_STEP][PASSED] - Statement - linkLogmembername = linkUserName.get(i).getText(): null

2018-09-15 10:40:56 - [TEST_STEP][PASSED] - Statement - If (linkLogmembername.equals(teamMeberName)): null

2018-09-15 10:40:56 - [TEST_STEP][PASSED] - Statement - out.println("Admin Console: " + linkUserName.get(i).getText()): null

2018-09-15 10:40:56 - [TEST_STEP][PASSED] - Statement - linkLogmembername = linkUserName.get(i).getText(): null

2018-09-15 10:40:56 - [TEST_STEP][PASSED] - Statement - If (linkLogmembername.equals(teamMeberName)): null

2018-09-15 10:40:56 - [TEST_STEP][PASSED] - Statement - out.println("Admin Console: " + linkUserName.get(i).getText()): null

2018-09-15 10:40:56 - [TEST_STEP][PASSED] - Statement - linkLogmembername = linkUserName.get(i).getText(): null

2018-09-15 10:40:56 - [TEST_STEP][PASSED] - Statement - If (linkLogmembername.equals(teamMeberName)): null

2018-09-15 10:40:56 - [TEST_STEP][PASSED] - Statement - out.println("Admin Console: " + linkUserName.get(i).getText()): null

2018-09-15 10:40:56 - [TEST_STEP][PASSED] - Statement - linkLogmembername = linkUserName.get(i).getText(): null

2018-09-15 10:40:56 - [TEST_STEP][PASSED] - Statement - If (linkLogmembername.equals(teamMeberName)): null

2018-09-15 10:40:56 - [TEST_STEP][PASSED] - Statement - out.println("Admin Console: " + linkUserName.get(i).getText()): null

2018-09-15 10:40:56 - [TEST_STEP][PASSED] - Statement - linkLogmembername = linkUserName.get(i).getText(): null

2018-09-15 10:40:56 - [TEST_STEP][PASSED] - Statement - If (linkLogmembername.equals(teamMeberName)): null

2018-09-15 10:40:56 - [TEST_STEP][PASSED] - Statement - out.println("Admin Console: " + linkUserName.get(i).getText()): null

2018-09-15 10:40:56 - [TEST_STEP][PASSED] - Statement - linkLogmembername = linkUserName.get(i).getText(): null

2018-09-15 10:40:56 - [TEST_STEP][PASSED] - Statement - If (linkLogmembername.equals(teamMeberName)): null

2018-09-15 10:40:56 - [TEST_STEP][PASSED] - Statement - out.println("Admin Console: " + linkUserName.get(i).getText()): null

2018-09-15 10:40:56 - [TEST_STEP][PASSED] - Statement - linkLogmembername = linkUserName.get(i).getText(): null

2018-09-15 10:40:56 - [TEST_STEP][PASSED] - Statement - If (linkLogmembername.equals(teamMeberName)): null

2018-09-15 10:40:56 - [TEST_STEP][PASSED] - Statement - out.println("Admin Console: " + linkUserName.get(i).getText()): null

2018-09-15 10:40:56 - [TEST_STEP][PASSED] - Statement - linkLogmembername = linkUserName.get(i).getText(): null

2018-09-15 10:40:56 - [TEST_STEP][PASSED] - Statement - If (linkLogmembername.equals(teamMeberName)): null

2018-09-15 10:40:56 - [TEST_STEP][PASSED] - Statement - out.println("Admin Console: " + linkUserName.get(i).getText()): null

2018-09-15 10:40:56 - [TEST_STEP][PASSED] - Statement - linkLogmembername = linkUserName.get(i).getText(): null

2018-09-15 10:40:56 - [TEST_STEP][PASSED] - Statement - If (linkLogmembername.equals(teamMeberName)): null

2018-09-15 10:40:56 - [TEST_STEP][PASSED] - Statement - out.println("Admin Console: " + linkUserName.get(i).getText()): null

2018-09-15 10:40:56 - [TEST_STEP][PASSED] - Statement - linkLogmembername = linkUserName.get(i).getText(): null

2018-09-15 10:40:56 - [TEST_STEP][PASSED] - Statement - If (linkLogmembername.equals(teamMeberName)): null

2018-09-15 10:40:56 - [TEST_STEP][PASSED] - Statement - out.println("Admin Console: " + linkUserName.get(i).getText()): null

2018-09-15 10:40:56 - [TEST_STEP][PASSED] - Statement - linkLogmembername = linkUserName.get(i).getText(): null

2018-09-15 10:40:56 - [TEST_STEP][PASSED] - Statement - If (linkLogmembername.equals(teamMeberName)): null

2018-09-15 10:40:56 - [TEST_STEP][PASSED] - Statement - out.println("Admin Console: " + linkUserName.get(i).getText()): null

2018-09-15 10:40:56 - [TEST_STEP][PASSED] - Statement - linkLogmembername = linkUserName.get(i).getText(): null

2018-09-15 10:40:56 - [TEST_STEP][PASSED] - Statement - If (linkLogmembername.equals(teamMeberName)): null

2018-09-15 10:40:56 - [TEST_STEP][PASSED] - Statement - out.println("Admin Console: " + linkUserName.get(i).getText()): null

2018-09-15 10:40:56 - [TEST_STEP][PASSED] - Statement - linkLogmembername = linkUserName.get(i).getText(): null

2018-09-15 10:40:56 - [TEST_STEP][PASSED] - Statement - If (linkLogmembername.equals(teamMeberName)): null

2018-09-15 10:40:56 - [TEST_STEP][PASSED] - Statement - out.println("Admin Console: " + linkUserName.get(i).getText()): null

2018-09-15 10:40:56 - [TEST_STEP][PASSED] - Statement - linkLogmembername = linkUserName.get(i).getText(): null

2018-09-15 10:40:56 - [TEST_STEP][PASSED] - Statement - If (linkLogmembername.equals(teamMeberName)): null

2018-09-15 10:40:56 - [TEST_STEP][PASSED] - Statement - out.println("Admin Console: " + linkUserName.get(i).getText()): null

2018-09-15 10:40:56 - [TEST_STEP][PASSED] - Statement - linkLogmembername = linkUserName.get(i).getText(): null

2018-09-15 10:40:56 - [TEST_STEP][PASSED] - Statement - If (linkLogmembername.equals(teamMeberName)): null

2018-09-15 10:40:56 - [TEST_STEP][PASSED] - Statement - out.println("Admin Console: " + linkUserName.get(i).getText()): null

2018-09-15 10:40:56 - [TEST_STEP][PASSED] - Statement - linkLogmembername = linkUserName.get(i).getText(): null

2018-09-15 10:40:57 - [TEST_STEP][PASSED] - Statement - If (linkLogmembername.equals(teamMeberName)): null

2018-09-15 10:40:57 - [TEST_STEP][PASSED] - Statement - out.println("Admin Console: " + linkUserName.get(i).getText()): null

2018-09-15 10:40:57 - [TEST_STEP][PASSED] - Statement - linkLogmembername = linkUserName.get(i).getText(): null

2018-09-15 10:40:57 - [TEST_STEP][PASSED] - Statement - If (linkLogmembername.equals(teamMeberName)): null

2018-09-15 10:40:57 - [TEST_STEP][PASSED] - Statement - out.println("Admin Console: " + linkUserName.get(i).getText()): null

2018-09-15 10:40:57 - [TEST_STEP][PASSED] - Statement - linkLogmembername = linkUserName.get(i).getText(): null

2018-09-15 10:40:57 - [TEST_STEP][PASSED] - Statement - If (linkLogmembername.equals(teamMeberName)): null

2018-09-15 10:40:57 - [TEST_STEP][PASSED] - Statement - js = driver: null

2018-09-15 10:40:57 - [TEST_STEP][PASSED] - Statement - js.executeScript("window.open();"): null

2018-09-15 10:40:57 - [TEST_STEP][PASSED] - Statement - currentWindow = com.kms.katalon.core.webui.keyword.WebUiBuiltInKeywords.getWindowIndex(): Current window's index is: 0

2018-09-15 10:40:57 - [MESSAGE][PASSED] - Current window's index is: 0

2018-09-15 10:40:57 - [TEST_STEP][PASSED] - switchToWindowIndex: Switched to window with index: '1'

2018-09-15 10:40:57 - [MESSAGE][PASSED] - Switched to window with index: '1'

2018-09-15 10:40:57 - [TEST_STEP][PASSED] - navigateToUrl: Navigate to 'https://dev.vcalling.in/url/UAT/?id=UAT-1-643' successfully

2018-09-15 10:40:59 - [MESSAGE][PASSED] - Navigate to 'https://dev.vcalling.in/url/UAT/?id=UAT-1-643' successfully

2018-09-15 10:40:59 - [TEST_STEP][PASSED] - Statement - currentTab = com.kms.katalon.core.webui.keyword.WebUiBuiltInKeywords.getWindowIndex(): Current window's index is: 1

2018-09-15 10:40:59 - [MESSAGE][PASSED] - Current window's index is: 1

2018-09-15 10:40:59 - [TEST_STEP][PASSED] - switchToWindowIndex: Switched to window with index: '0'

2018-09-15 10:40:59 - [MESSAGE][PASSED] - Switched to window with index: '0'

2018-09-15 10:40:59 - [TEST_STEP][PASSED] - refresh: Refresh successfully

2018-09-15 10:40:59 - [MESSAGE][PASSED] - Refresh successfully

2018-09-15 10:40:59 - [TEST_STEP][PASSED] - acceptAlert: Alert accepted

2018-09-15 10:40:59 - [MESSAGE][PASSED] - Alert accepted]]></system-out>
         <system-err><![CDATA[]]></system-err>
      </testcase>
      <testcase name="Test Cases/completed/TestCase2_LinkGenerateThroughGetLink/LinkGenrateThroughNumber" classname="Test Cases/completed/TestCase2_LinkGenerateThroughGetLink/LinkGenrateThroughNumber" status="PASSED">
         <system-out><![CDATA[2018-09-15 10:40:59 - [TEST_CASE][PASSED] - Test Cases/completed/TestCase2_LinkGenerateThroughGetLink/LinkGenrateThroughNumber: Test Cases/completed/TestCase2_LinkGenerateThroughGetLink/LinkGenrateThroughNumber

2018-09-15 10:40:59 - [TEST_STEP][PASSED] - callTestCase: Call Test Case 'Test Cases/BVT/aSimple_Login' successfully

2018-09-15 10:40:59 - [TEST_CASE][PASSED] - Test Cases/BVT/aSimple_Login: Test Cases/BVT/aSimple_Login

2018-09-15 10:40:59 - [TEST_STEP][PASSED] - openBrowser: Browser is opened with url: ''

2018-09-15 10:40:59 - [MESSAGE][WARNING] - A browser is already opened. Closing browser and opening a new one

2018-09-15 10:41:02 - [MESSAGE][PASSED] - Browser is opened with url: ''

2018-09-15 10:41:02 - [TEST_STEP][PASSED] - maximizeWindow: Current window maximized

2018-09-15 10:41:04 - [MESSAGE][PASSED] - Current window maximized

2018-09-15 10:41:04 - [TEST_STEP][PASSED] - navigateToUrl: Navigate to 'https://dev.vcalling.in/enterprises/UAT/Dashboard/index.html' successfully

2018-09-15 10:41:07 - [MESSAGE][PASSED] - Navigate to 'https://dev.vcalling.in/enterprises/UAT/Dashboard/index.html' successfully

2018-09-15 10:41:07 - [TEST_STEP][PASSED] - setText: Text 'testing4dea@gmail.com' is set on object 'Object Repository/Login/UserId'

2018-09-15 10:41:07 - [MESSAGE][PASSED] - Text 'testing4dea@gmail.com' is set on object 'Object Repository/Login/UserId'

2018-09-15 10:41:07 - [TEST_STEP][PASSED] - click: Object: 'Object Repository/Login/div_GET OTP' is clicked on

2018-09-15 10:41:07 - [MESSAGE][PASSED] - Object: 'Object Repository/Login/div_GET OTP' is clicked on

2018-09-15 10:41:07 - [TEST_STEP][PASSED] - waitForElementPresent: Object 'Object Repository/Login/div_SUBMIT' is present

2018-09-15 10:41:09 - [MESSAGE][PASSED] - Object 'Object Repository/Login/div_SUBMIT' is present

2018-09-15 10:41:09 - [TEST_STEP][PASSED] - Statement - If (com.kms.katalon.core.webui.keyword.WebUiBuiltInKeywords.verifyElementNotPresent(com.kms.katalon.core.testobject.ObjectRepository.findTestObject(Login/div_SUBMIT), 5, OPTIONAL)): Web element with id: 'Object Repository/Login/div_SUBMIT' located by 'By.xpath: //div[(text() = ' SUBMIT ' or . = ' SUBMIT ')]' is present after '5' second(s)

2018-09-15 10:41:14 - [MESSAGE][WARNING] - Web element with id: 'Object Repository/Login/div_SUBMIT' located by 'By.xpath: //div[(text() = ' SUBMIT ' or . = ' SUBMIT ')]' is present after '5' second(s)
[[ATTACHMENT|C:\\Users\\Kaushal\\Desktop\\Katalon Studio\\vCallingDashboard\\Reports\\RegressionSuite\\20180915_103222\\1537004474436.png]]

2018-09-15 10:41:14 - [TEST_STEP][PASSED] - Statement - sleep(5000): null

2018-09-15 10:41:19 - [TEST_STEP][PASSED] - Statement - OTP = getOTP(): null

2018-09-15 10:41:19 - [TEST_STEP][PASSED] - Statement - host = "imap.gmail.com": null

2018-09-15 10:41:19 - [TEST_STEP][PASSED] - Statement - msg = <not implemented yet for class: org.codehaus.groovy.ast.expr.EmptyExpression>: null

2018-09-15 10:41:19 - [TEST_STEP][PASSED] - Statement - msgSub = <not implemented yet for class: org.codehaus.groovy.ast.expr.EmptyExpression>: null

2018-09-15 10:41:19 - [TEST_STEP][PASSED] - Statement - OTP = "unavailable": null

2018-09-15 10:41:19 - [TEST_STEP][PASSED] - Statement - props = new java.util.Properties(): null

2018-09-15 10:41:19 - [TEST_STEP][PASSED] - Statement - props.setProperty("mail.imap.ssl.enable", "true"): null

2018-09-15 10:41:19 - [TEST_STEP][PASSED] - Statement - session = javax.mail.Session.getInstance(props): null

2018-09-15 10:41:19 - [TEST_STEP][PASSED] - Statement - store = <not implemented yet for class: org.codehaus.groovy.ast.expr.EmptyExpression>: null

2018-09-15 10:41:19 - [TEST_STEP][PASSED] - Statement - Try: null

2018-09-15 10:41:19 - [TEST_STEP][PASSED] - Statement - store = session.getStore("imap"): null

2018-09-15 10:41:19 - [TEST_STEP][PASSED] - Statement - store.connect(host, Email, Password): null

2018-09-15 10:41:21 - [TEST_STEP][PASSED] - Statement - emailFolder = store.getFolder("INBOX"): null

2018-09-15 10:41:21 - [TEST_STEP][PASSED] - Statement - emailFolder.open(READ_WRITE): null

2018-09-15 10:41:21 - [TEST_STEP][PASSED] - Statement - messages = emailFolder.getMessages(): null

2018-09-15 10:41:21 - [TEST_STEP][PASSED] - Statement - n = length: null

2018-09-15 10:41:21 - [TEST_STEP][PASSED] - Statement - message = messages[n - 1]: null

2018-09-15 10:41:21 - [TEST_STEP][PASSED] - Statement - msgSub = message.getSubject(): null

2018-09-15 10:41:22 - [TEST_STEP][PASSED] - Statement - If (msgSub.equals("OTP to Sign In")): null

2018-09-15 10:41:22 - [TEST_STEP][PASSED] - Statement - msg = message.getContent().toString(): null

2018-09-15 10:41:23 - [TEST_STEP][PASSED] - Statement - OTP = msg.substring(msg.length() - 7): null

2018-09-15 10:41:23 - [TEST_STEP][PASSED] - Statement - message.setFlag(DELETED, true): null

2018-09-15 10:41:23 - [TEST_STEP][PASSED] - Statement - emailFolder.close(true): null

2018-09-15 10:41:23 - [TEST_STEP][PASSED] - Statement - store.close(): null

2018-09-15 10:41:24 - [TEST_STEP][PASSED] - Statement - return OTP: null

2018-09-15 10:41:24 - [TEST_STEP][PASSED] - Statement - If (OTP.equals("unavailable")): null

2018-09-15 10:41:24 - [TEST_STEP][PASSED] - Statement - Else: Text 'r1567
' is set on object 'Object Repository/Login/OtpInput'

2018-09-15 10:41:24 - [TEST_STEP][PASSED] - setText: Text 'r1567
' is set on object 'Object Repository/Login/OtpInput'

2018-09-15 10:41:24 - [MESSAGE][PASSED] - Text 'r1567
' is set on object 'Object Repository/Login/OtpInput'

2018-09-15 10:41:24 - [TEST_STEP][PASSED] - verifyElementPresent: Object 'Object Repository/Login/afterOpenDisplay' is present

2018-09-15 10:41:25 - [MESSAGE][PASSED] - Object 'Object Repository/Login/afterOpenDisplay' is present

2018-09-15 10:41:25 - [MESSAGE][PASSED] - Call Test Case 'Test Cases/BVT/aSimple_Login' successfully

2018-09-15 10:41:25 - [TEST_STEP][PASSED] - Statement - driver = com.kms.katalon.core.webui.driver.DriverFactory.getWebDriver(): null

2018-09-15 10:41:25 - [TEST_STEP][PASSED] - click: Object: 'Object Repository/Dashboard_Link Generator/linkgeneratorIcon' is clicked on

2018-09-15 10:41:25 - [MESSAGE][PASSED] - Object: 'Object Repository/Dashboard_Link Generator/linkgeneratorIcon' is clicked on

2018-09-15 10:41:25 - [TEST_STEP][PASSED] - Statement - number = CustomKeywords.phoneNumbers.contactNumbers.randomString(9): phoneNumbers.contactNumbers.randomString is PASSED

2018-09-15 10:41:25 - [MESSAGE][PASSED] - phoneNumbers.contactNumbers.randomString is PASSED

2018-09-15 10:41:25 - [TEST_STEP][PASSED] - Statement - Mobile_Number = number: null

2018-09-15 10:41:25 - [TEST_STEP][PASSED] - setText: Text '4625662521' is set on object 'Object Repository/Dashboard_Link Generator/contactNumber'

2018-09-15 10:41:26 - [MESSAGE][PASSED] - Text '4625662521' is set on object 'Object Repository/Dashboard_Link Generator/contactNumber'

2018-09-15 10:41:26 - [TEST_STEP][PASSED] - verifyElementPresent: Object 'Object Repository/Dashboard_Link Generator/div_GET LINK' is present

2018-09-15 10:41:26 - [MESSAGE][PASSED] - Object 'Object Repository/Dashboard_Link Generator/div_GET LINK' is present

2018-09-15 10:41:26 - [TEST_STEP][PASSED] - click: Object: 'Object Repository/Dashboard_Link Generator/div_GET LINK' is clicked on

2018-09-15 10:41:26 - [MESSAGE][PASSED] - Object: 'Object Repository/Dashboard_Link Generator/div_GET LINK' is clicked on

2018-09-15 10:41:26 - [TEST_STEP][PASSED] - Statement - getLink = com.kms.katalon.core.webui.keyword.WebUiBuiltInKeywords.getAttribute(com.kms.katalon.core.testobject.ObjectRepository.findTestObject(Dashboard_Link Generator/input_link-text), "value"): Attribute 'value' of object 'Object Repository/Dashboard_Link Generator/input_link-text' is: 'https://dev.vcalling.in/url/UAT/?id=UAT-1-644'

2018-09-15 10:41:27 - [MESSAGE][PASSED] - Attribute 'value' of object 'Object Repository/Dashboard_Link Generator/input_link-text' is: 'https://dev.vcalling.in/url/UAT/?id=UAT-1-644'

2018-09-15 10:41:27 - [TEST_STEP][PASSED] - Statement - println(getLink): null

2018-09-15 10:41:27 - [TEST_STEP][PASSED] - click: Object: 'Object Repository/Dashboard_Link Generator/copyLink' is clicked on

2018-09-15 10:41:27 - [MESSAGE][PASSED] - Object: 'Object Repository/Dashboard_Link Generator/copyLink' is clicked on

2018-09-15 10:41:27 - [TEST_STEP][PASSED] - Statement - If (com.kms.katalon.core.webui.keyword.WebUiBuiltInKeywords.verifyElementPresent(com.kms.katalon.core.testobject.ObjectRepository.findTestObject(Dashboard_Link Generator/validation), 5, OPTIONAL)): null

2018-09-15 10:41:27 - [MESSAGE][PASSED] - Object 'Object Repository/Dashboard_Link Generator/validation' is present

2018-09-15 10:41:27 - [TEST_STEP][PASSED] - Statement - validationMessage = com.kms.katalon.core.webui.keyword.WebUiBuiltInKeywords.getText(com.kms.katalon.core.testobject.ObjectRepository.findTestObject(Dashboard_Link Generator/validation)): Text of object 'Object Repository/Dashboard_Link Generator/validation' is: 'Link Copied.!'

2018-09-15 10:41:27 - [MESSAGE][PASSED] - Text of object 'Object Repository/Dashboard_Link Generator/validation' is: 'Link Copied.!'

2018-09-15 10:41:27 - [TEST_STEP][PASSED] - verifyMatch: Actual text 'Link Copied.!' and expected text 'Link Copied.!' are matched 

2018-09-15 10:41:27 - [MESSAGE][PASSED] - Actual text 'Link Copied.!' and expected text 'Link Copied.!' are matched 

2018-09-15 10:41:27 - [TEST_STEP][PASSED] - Statement - println("successful"): null

2018-09-15 10:41:27 - [TEST_STEP][PASSED] - Statement - linkUserName = driver.findElements(org.openqa.selenium.By.xpath("/html/body/div[2]/div/div/div[2]/div[2]/div[1]/div[2]/div[2]/div[1]/div")): null

2018-09-15 10:41:27 - [TEST_STEP][PASSED] - Statement - previousCountValue = 0: null

2018-09-15 10:41:27 - [TEST_STEP][PASSED] - Statement - For ([i = 0, i < linkUserName.size(), (i++)]): null

2018-09-15 10:41:27 - [TEST_STEP][PASSED] - Statement - out.println("Admin Console: " + linkUserName.get(i).getText()): null

2018-09-15 10:41:27 - [TEST_STEP][PASSED] - Statement - linkLogmembername = linkUserName.get(i).getText(): null

2018-09-15 10:41:27 - [TEST_STEP][PASSED] - Statement - If (linkLogmembername.equals("--")): null

2018-09-15 10:41:27 - [TEST_STEP][PASSED] - Statement - out.println("Admin Console: " + linkLogmembername): null

2018-09-15 10:41:27 - [TEST_STEP][PASSED] - Statement - linkUserName.get(i).click(): null

2018-09-15 10:41:27 - [TEST_STEP][PASSED] - Statement - js = driver: null

2018-09-15 10:41:27 - [TEST_STEP][PASSED] - Statement - js.executeScript("window.open();"): null

2018-09-15 10:41:27 - [TEST_STEP][PASSED] - Statement - currentWindow = com.kms.katalon.core.webui.keyword.WebUiBuiltInKeywords.getWindowIndex(): Current window's index is: 0

2018-09-15 10:41:27 - [MESSAGE][PASSED] - Current window's index is: 0

2018-09-15 10:41:27 - [TEST_STEP][PASSED] - switchToWindowIndex: Switched to window with index: '1'

2018-09-15 10:41:27 - [MESSAGE][PASSED] - Switched to window with index: '1'

2018-09-15 10:41:27 - [TEST_STEP][PASSED] - navigateToUrl: Navigate to 'https://dev.vcalling.in/url/UAT/?id=UAT-1-644' successfully

2018-09-15 10:41:29 - [MESSAGE][PASSED] - Navigate to 'https://dev.vcalling.in/url/UAT/?id=UAT-1-644' successfully

2018-09-15 10:41:29 - [TEST_STEP][PASSED] - Statement - currentTab = com.kms.katalon.core.webui.keyword.WebUiBuiltInKeywords.getWindowIndex(): Current window's index is: 1

2018-09-15 10:41:29 - [MESSAGE][PASSED] - Current window's index is: 1

2018-09-15 10:41:29 - [TEST_STEP][PASSED] - delay: Delayed 8 second(s)

2018-09-15 10:41:37 - [MESSAGE][PASSED] - Delayed 8 second(s)

2018-09-15 10:41:37 - [TEST_STEP][PASSED] - switchToWindowIndex: Switched to window with index: '0'

2018-09-15 10:41:37 - [MESSAGE][PASSED] - Switched to window with index: '0'

2018-09-15 10:41:37 - [TEST_STEP][PASSED] - refresh: Refresh successfully

2018-09-15 10:41:37 - [MESSAGE][PASSED] - Refresh successfully

2018-09-15 10:41:37 - [TEST_STEP][PASSED] - acceptAlert: Alert accepted

2018-09-15 10:41:37 - [MESSAGE][PASSED] - Alert accepted

2018-09-15 10:41:37 - [TEST_STEP][PASSED] - delay: Delayed 8 second(s)

2018-09-15 10:41:45 - [MESSAGE][PASSED] - Delayed 8 second(s)]]></system-out>
         <system-err><![CDATA[]]></system-err>
      </testcase>
      <testcase name="Test Cases/completed/TestCase2_LinkGenerateThroughGetLink/linkGenrateThroughTag" classname="Test Cases/completed/TestCase2_LinkGenerateThroughGetLink/linkGenrateThroughTag" status="PASSED">
         <system-out><![CDATA[2018-09-15 10:41:45 - [TEST_CASE][PASSED] - Test Cases/completed/TestCase2_LinkGenerateThroughGetLink/linkGenrateThroughTag: Test Cases/completed/TestCase2_LinkGenerateThroughGetLink/linkGenrateThroughTag

2018-09-15 10:41:46 - [TEST_STEP][PASSED] - callTestCase: Call Test Case 'Test Cases/BVT/aSimple_Login' successfully

2018-09-15 10:41:46 - [TEST_CASE][PASSED] - Test Cases/BVT/aSimple_Login: Test Cases/BVT/aSimple_Login

2018-09-15 10:41:46 - [TEST_STEP][PASSED] - openBrowser: Browser is opened with url: ''

2018-09-15 10:41:46 - [MESSAGE][WARNING] - A browser is already opened. Closing browser and opening a new one

2018-09-15 10:41:49 - [MESSAGE][PASSED] - Browser is opened with url: ''

2018-09-15 10:41:49 - [TEST_STEP][PASSED] - maximizeWindow: Current window maximized

2018-09-15 10:41:50 - [MESSAGE][PASSED] - Current window maximized

2018-09-15 10:41:50 - [TEST_STEP][PASSED] - navigateToUrl: Navigate to 'https://dev.vcalling.in/enterprises/UAT/Dashboard/index.html' successfully

2018-09-15 10:41:53 - [MESSAGE][PASSED] - Navigate to 'https://dev.vcalling.in/enterprises/UAT/Dashboard/index.html' successfully

2018-09-15 10:41:53 - [TEST_STEP][PASSED] - setText: Text 'testing4dea@gmail.com' is set on object 'Object Repository/Login/UserId'

2018-09-15 10:41:53 - [MESSAGE][PASSED] - Text 'testing4dea@gmail.com' is set on object 'Object Repository/Login/UserId'

2018-09-15 10:41:53 - [TEST_STEP][PASSED] - click: Object: 'Object Repository/Login/div_GET OTP' is clicked on

2018-09-15 10:41:54 - [MESSAGE][PASSED] - Object: 'Object Repository/Login/div_GET OTP' is clicked on

2018-09-15 10:41:54 - [TEST_STEP][PASSED] - waitForElementPresent: Object 'Object Repository/Login/div_SUBMIT' is present

2018-09-15 10:41:55 - [MESSAGE][PASSED] - Object 'Object Repository/Login/div_SUBMIT' is present

2018-09-15 10:41:55 - [TEST_STEP][PASSED] - Statement - If (com.kms.katalon.core.webui.keyword.WebUiBuiltInKeywords.verifyElementNotPresent(com.kms.katalon.core.testobject.ObjectRepository.findTestObject(Login/div_SUBMIT), 5, OPTIONAL)): Web element with id: 'Object Repository/Login/div_SUBMIT' located by 'By.xpath: //div[(text() = ' SUBMIT ' or . = ' SUBMIT ')]' is present after '5' second(s)

2018-09-15 10:42:01 - [MESSAGE][WARNING] - Web element with id: 'Object Repository/Login/div_SUBMIT' located by 'By.xpath: //div[(text() = ' SUBMIT ' or . = ' SUBMIT ')]' is present after '5' second(s)
[[ATTACHMENT|C:\\Users\\Kaushal\\Desktop\\Katalon Studio\\vCallingDashboard\\Reports\\RegressionSuite\\20180915_103222\\1537004520927.png]]

2018-09-15 10:42:01 - [TEST_STEP][PASSED] - Statement - sleep(5000): null

2018-09-15 10:42:06 - [TEST_STEP][PASSED] - Statement - OTP = getOTP(): null

2018-09-15 10:42:06 - [TEST_STEP][PASSED] - Statement - host = "imap.gmail.com": null

2018-09-15 10:42:06 - [TEST_STEP][PASSED] - Statement - msg = <not implemented yet for class: org.codehaus.groovy.ast.expr.EmptyExpression>: null

2018-09-15 10:42:06 - [TEST_STEP][PASSED] - Statement - msgSub = <not implemented yet for class: org.codehaus.groovy.ast.expr.EmptyExpression>: null

2018-09-15 10:42:06 - [TEST_STEP][PASSED] - Statement - OTP = "unavailable": null

2018-09-15 10:42:06 - [TEST_STEP][PASSED] - Statement - props = new java.util.Properties(): null

2018-09-15 10:42:06 - [TEST_STEP][PASSED] - Statement - props.setProperty("mail.imap.ssl.enable", "true"): null

2018-09-15 10:42:06 - [TEST_STEP][PASSED] - Statement - session = javax.mail.Session.getInstance(props): null

2018-09-15 10:42:06 - [TEST_STEP][PASSED] - Statement - store = <not implemented yet for class: org.codehaus.groovy.ast.expr.EmptyExpression>: null

2018-09-15 10:42:06 - [TEST_STEP][PASSED] - Statement - Try: null

2018-09-15 10:42:06 - [TEST_STEP][PASSED] - Statement - store = session.getStore("imap"): null

2018-09-15 10:42:06 - [TEST_STEP][PASSED] - Statement - store.connect(host, Email, Password): null

2018-09-15 10:42:08 - [TEST_STEP][PASSED] - Statement - emailFolder = store.getFolder("INBOX"): null

2018-09-15 10:42:08 - [TEST_STEP][PASSED] - Statement - emailFolder.open(READ_WRITE): null

2018-09-15 10:42:08 - [TEST_STEP][PASSED] - Statement - messages = emailFolder.getMessages(): null

2018-09-15 10:42:08 - [TEST_STEP][PASSED] - Statement - n = length: null

2018-09-15 10:42:08 - [TEST_STEP][PASSED] - Statement - message = messages[n - 1]: null

2018-09-15 10:42:08 - [TEST_STEP][PASSED] - Statement - msgSub = message.getSubject(): null

2018-09-15 10:42:08 - [TEST_STEP][PASSED] - Statement - If (msgSub.equals("OTP to Sign In")): null

2018-09-15 10:42:08 - [TEST_STEP][PASSED] - Statement - msg = message.getContent().toString(): null

2018-09-15 10:42:09 - [TEST_STEP][PASSED] - Statement - OTP = msg.substring(msg.length() - 7): null

2018-09-15 10:42:09 - [TEST_STEP][PASSED] - Statement - message.setFlag(DELETED, true): null

2018-09-15 10:42:10 - [TEST_STEP][PASSED] - Statement - emailFolder.close(true): null

2018-09-15 10:42:10 - [TEST_STEP][PASSED] - Statement - store.close(): null

2018-09-15 10:42:10 - [TEST_STEP][PASSED] - Statement - return OTP: null

2018-09-15 10:42:10 - [TEST_STEP][PASSED] - Statement - If (OTP.equals("unavailable")): null

2018-09-15 10:42:10 - [TEST_STEP][PASSED] - Statement - Else: Text 'x6763
' is set on object 'Object Repository/Login/OtpInput'

2018-09-15 10:42:10 - [TEST_STEP][PASSED] - setText: Text 'x6763
' is set on object 'Object Repository/Login/OtpInput'

2018-09-15 10:42:10 - [MESSAGE][PASSED] - Text 'x6763
' is set on object 'Object Repository/Login/OtpInput'

2018-09-15 10:42:10 - [TEST_STEP][PASSED] - verifyElementPresent: Object 'Object Repository/Login/afterOpenDisplay' is present

2018-09-15 10:42:11 - [MESSAGE][PASSED] - Object 'Object Repository/Login/afterOpenDisplay' is present

2018-09-15 10:42:11 - [MESSAGE][PASSED] - Call Test Case 'Test Cases/BVT/aSimple_Login' successfully

2018-09-15 10:42:11 - [TEST_STEP][PASSED] - click: Object: 'Object Repository/Dashboard_Link Generator/linkgeneratorIcon' is clicked on

2018-09-15 10:42:12 - [MESSAGE][PASSED] - Object: 'Object Repository/Dashboard_Link Generator/linkgeneratorIcon' is clicked on

2018-09-15 10:42:12 - [TEST_STEP][PASSED] - setText: Text 'property' is set on object 'Object Repository/Dashboard_Link Generator/tag'

2018-09-15 10:42:12 - [MESSAGE][PASSED] - Text 'property' is set on object 'Object Repository/Dashboard_Link Generator/tag'

2018-09-15 10:42:12 - [TEST_STEP][PASSED] - click: Object: 'Object Repository/Dashboard_Link Generator/div_GET LINK' is clicked on

2018-09-15 10:42:12 - [MESSAGE][PASSED] - Object: 'Object Repository/Dashboard_Link Generator/div_GET LINK' is clicked on

2018-09-15 10:42:12 - [TEST_STEP][PASSED] - Statement - If (com.kms.katalon.core.webui.keyword.WebUiBuiltInKeywords.verifyElementPresent(com.kms.katalon.core.testobject.ObjectRepository.findTestObject(Dashboard_Link Generator/validation), 5, OPTIONAL)): null

2018-09-15 10:42:13 - [MESSAGE][PASSED] - Object 'Object Repository/Dashboard_Link Generator/validation' is present

2018-09-15 10:42:13 - [TEST_STEP][PASSED] - Statement - validationMessage = com.kms.katalon.core.webui.keyword.WebUiBuiltInKeywords.getText(com.kms.katalon.core.testobject.ObjectRepository.findTestObject(Dashboard_Link Generator/validation)): Text of object 'Object Repository/Dashboard_Link Generator/validation' is: 'Please enter either Phone or Email'

2018-09-15 10:42:13 - [MESSAGE][PASSED] - Text of object 'Object Repository/Dashboard_Link Generator/validation' is: 'Please enter either Phone or Email'

2018-09-15 10:42:13 - [TEST_STEP][PASSED] - verifyMatch: Actual text 'Please enter either Phone or Email' and expected text 'Please enter either Phone or Email' are matched 

2018-09-15 10:42:13 - [MESSAGE][PASSED] - Actual text 'Please enter either Phone or Email' and expected text 'Please enter either Phone or Email' are matched 

2018-09-15 10:42:13 - [TEST_STEP][PASSED] - Statement - println("successful"): null]]></system-out>
         <system-err><![CDATA[]]></system-err>
      </testcase>
      <testcase name="Test Cases/completed/TestCase2_LinkGenerateThroughGetLink/linkGenratetThroughMail" classname="Test Cases/completed/TestCase2_LinkGenerateThroughGetLink/linkGenratetThroughMail" status="PASSED">
         <system-out><![CDATA[2018-09-15 10:42:13 - [TEST_CASE][PASSED] - Test Cases/completed/TestCase2_LinkGenerateThroughGetLink/linkGenratetThroughMail: Test Cases/completed/TestCase2_LinkGenerateThroughGetLink/linkGenratetThroughMail

2018-09-15 10:42:13 - [TEST_STEP][PASSED] - callTestCase: Call Test Case 'Test Cases/BVT/aSimple_Login' successfully

2018-09-15 10:42:13 - [TEST_CASE][PASSED] - Test Cases/BVT/aSimple_Login: Test Cases/BVT/aSimple_Login

2018-09-15 10:42:13 - [TEST_STEP][PASSED] - openBrowser: Browser is opened with url: ''

2018-09-15 10:42:13 - [MESSAGE][WARNING] - A browser is already opened. Closing browser and opening a new one

2018-09-15 10:42:16 - [MESSAGE][PASSED] - Browser is opened with url: ''

2018-09-15 10:42:16 - [TEST_STEP][PASSED] - maximizeWindow: Current window maximized

2018-09-15 10:42:17 - [MESSAGE][PASSED] - Current window maximized

2018-09-15 10:42:17 - [TEST_STEP][PASSED] - navigateToUrl: Navigate to 'https://dev.vcalling.in/enterprises/UAT/Dashboard/index.html' successfully

2018-09-15 10:42:21 - [MESSAGE][PASSED] - Navigate to 'https://dev.vcalling.in/enterprises/UAT/Dashboard/index.html' successfully

2018-09-15 10:42:21 - [TEST_STEP][PASSED] - setText: Text 'testing4dea@gmail.com' is set on object 'Object Repository/Login/UserId'

2018-09-15 10:42:21 - [MESSAGE][PASSED] - Text 'testing4dea@gmail.com' is set on object 'Object Repository/Login/UserId'

2018-09-15 10:42:21 - [TEST_STEP][PASSED] - click: Object: 'Object Repository/Login/div_GET OTP' is clicked on

2018-09-15 10:42:21 - [MESSAGE][PASSED] - Object: 'Object Repository/Login/div_GET OTP' is clicked on

2018-09-15 10:42:21 - [TEST_STEP][PASSED] - waitForElementPresent: Object 'Object Repository/Login/div_SUBMIT' is present

2018-09-15 10:42:23 - [MESSAGE][PASSED] - Object 'Object Repository/Login/div_SUBMIT' is present

2018-09-15 10:42:23 - [TEST_STEP][PASSED] - Statement - If (com.kms.katalon.core.webui.keyword.WebUiBuiltInKeywords.verifyElementNotPresent(com.kms.katalon.core.testobject.ObjectRepository.findTestObject(Login/div_SUBMIT), 5, OPTIONAL)): Web element with id: 'Object Repository/Login/div_SUBMIT' located by 'By.xpath: //div[(text() = ' SUBMIT ' or . = ' SUBMIT ')]' is present after '5' second(s)

2018-09-15 10:42:28 - [MESSAGE][WARNING] - Web element with id: 'Object Repository/Login/div_SUBMIT' located by 'By.xpath: //div[(text() = ' SUBMIT ' or . = ' SUBMIT ')]' is present after '5' second(s)
[[ATTACHMENT|C:\\Users\\Kaushal\\Desktop\\Katalon Studio\\vCallingDashboard\\Reports\\RegressionSuite\\20180915_103222\\1537004548592.png]]

2018-09-15 10:42:28 - [TEST_STEP][PASSED] - Statement - sleep(5000): null

2018-09-15 10:42:33 - [TEST_STEP][PASSED] - Statement - OTP = getOTP(): null

2018-09-15 10:42:33 - [TEST_STEP][PASSED] - Statement - host = "imap.gmail.com": null

2018-09-15 10:42:33 - [TEST_STEP][PASSED] - Statement - msg = <not implemented yet for class: org.codehaus.groovy.ast.expr.EmptyExpression>: null

2018-09-15 10:42:33 - [TEST_STEP][PASSED] - Statement - msgSub = <not implemented yet for class: org.codehaus.groovy.ast.expr.EmptyExpression>: null

2018-09-15 10:42:33 - [TEST_STEP][PASSED] - Statement - OTP = "unavailable": null

2018-09-15 10:42:33 - [TEST_STEP][PASSED] - Statement - props = new java.util.Properties(): null

2018-09-15 10:42:33 - [TEST_STEP][PASSED] - Statement - props.setProperty("mail.imap.ssl.enable", "true"): null

2018-09-15 10:42:33 - [TEST_STEP][PASSED] - Statement - session = javax.mail.Session.getInstance(props): null

2018-09-15 10:42:33 - [TEST_STEP][PASSED] - Statement - store = <not implemented yet for class: org.codehaus.groovy.ast.expr.EmptyExpression>: null

2018-09-15 10:42:33 - [TEST_STEP][PASSED] - Statement - Try: null

2018-09-15 10:42:33 - [TEST_STEP][PASSED] - Statement - store = session.getStore("imap"): null

2018-09-15 10:42:33 - [TEST_STEP][PASSED] - Statement - store.connect(host, Email, Password): null

2018-09-15 10:42:35 - [TEST_STEP][PASSED] - Statement - emailFolder = store.getFolder("INBOX"): null

2018-09-15 10:42:35 - [TEST_STEP][PASSED] - Statement - emailFolder.open(READ_WRITE): null

2018-09-15 10:42:36 - [TEST_STEP][PASSED] - Statement - messages = emailFolder.getMessages(): null

2018-09-15 10:42:36 - [TEST_STEP][PASSED] - Statement - n = length: null

2018-09-15 10:42:36 - [TEST_STEP][PASSED] - Statement - message = messages[n - 1]: null

2018-09-15 10:42:36 - [TEST_STEP][PASSED] - Statement - msgSub = message.getSubject(): null

2018-09-15 10:42:36 - [TEST_STEP][PASSED] - Statement - If (msgSub.equals("OTP to Sign In")): null

2018-09-15 10:42:36 - [TEST_STEP][PASSED] - Statement - msg = message.getContent().toString(): null

2018-09-15 10:42:37 - [TEST_STEP][PASSED] - Statement - OTP = msg.substring(msg.length() - 7): null

2018-09-15 10:42:37 - [TEST_STEP][PASSED] - Statement - message.setFlag(DELETED, true): null

2018-09-15 10:42:37 - [TEST_STEP][PASSED] - Statement - emailFolder.close(true): null

2018-09-15 10:42:37 - [TEST_STEP][PASSED] - Statement - store.close(): null

2018-09-15 10:42:38 - [TEST_STEP][PASSED] - Statement - return OTP: null

2018-09-15 10:42:38 - [TEST_STEP][PASSED] - Statement - If (OTP.equals("unavailable")): null

2018-09-15 10:42:38 - [TEST_STEP][PASSED] - Statement - Else: Text 'f2542
' is set on object 'Object Repository/Login/OtpInput'

2018-09-15 10:42:38 - [TEST_STEP][PASSED] - setText: Text 'f2542
' is set on object 'Object Repository/Login/OtpInput'

2018-09-15 10:42:38 - [MESSAGE][PASSED] - Text 'f2542
' is set on object 'Object Repository/Login/OtpInput'

2018-09-15 10:42:38 - [TEST_STEP][PASSED] - verifyElementPresent: Object 'Object Repository/Login/afterOpenDisplay' is present

2018-09-15 10:42:39 - [MESSAGE][PASSED] - Object 'Object Repository/Login/afterOpenDisplay' is present

2018-09-15 10:42:39 - [MESSAGE][PASSED] - Call Test Case 'Test Cases/BVT/aSimple_Login' successfully

2018-09-15 10:42:39 - [TEST_STEP][PASSED] - Statement - driver = com.kms.katalon.core.webui.driver.DriverFactory.getWebDriver(): null

2018-09-15 10:42:39 - [TEST_STEP][PASSED] - click: Object: 'Object Repository/Dashboard_Link Generator/linkgeneratorIcon' is clicked on

2018-09-15 10:42:39 - [MESSAGE][PASSED] - Object: 'Object Repository/Dashboard_Link Generator/linkgeneratorIcon' is clicked on

2018-09-15 10:42:39 - [TEST_STEP][PASSED] - Statement - x = CustomKeywords.newPackage.newKeyword.randomString(3).toLowerCase(): newPackage.newKeyword.randomString is PASSED

2018-09-15 10:42:39 - [MESSAGE][PASSED] - newPackage.newKeyword.randomString is PASSED

2018-09-15 10:42:39 - [TEST_STEP][PASSED] - Statement - teamMeberName = x: null

2018-09-15 10:42:39 - [TEST_STEP][PASSED] - setText: Text 'qnf' is set on object 'Object Repository/AddTeamMemberDashboard/name'

2018-09-15 10:42:40 - [MESSAGE][PASSED] - Text 'qnf' is set on object 'Object Repository/AddTeamMemberDashboard/name'

2018-09-15 10:42:40 - [TEST_STEP][PASSED] - setText: Text '6c4O4gGb7f@gmail.com' is set on object 'Object Repository/AddTeamMemberDashboard/email'

2018-09-15 10:42:40 - [MESSAGE][PASSED] - newPackage.newKeyword.randomString is PASSED

2018-09-15 10:42:40 - [MESSAGE][PASSED] - Text '6c4O4gGb7f@gmail.com' is set on object 'Object Repository/AddTeamMemberDashboard/email'

2018-09-15 10:42:40 - [TEST_STEP][PASSED] - click: Object: 'Object Repository/Dashboard_Link Generator/div_GET LINK' is clicked on

2018-09-15 10:42:40 - [MESSAGE][PASSED] - Object: 'Object Repository/Dashboard_Link Generator/div_GET LINK' is clicked on

2018-09-15 10:42:40 - [TEST_STEP][PASSED] - Statement - getLink = com.kms.katalon.core.webui.keyword.WebUiBuiltInKeywords.getAttribute(com.kms.katalon.core.testobject.ObjectRepository.findTestObject(Dashboard_Link Generator/input_link-text), "value"): Attribute 'value' of object 'Object Repository/Dashboard_Link Generator/input_link-text' is: 'https://dev.vcalling.in/url/UAT/?id=UAT-1-645'

2018-09-15 10:42:41 - [MESSAGE][PASSED] - Attribute 'value' of object 'Object Repository/Dashboard_Link Generator/input_link-text' is: 'https://dev.vcalling.in/url/UAT/?id=UAT-1-645'

2018-09-15 10:42:41 - [TEST_STEP][PASSED] - Statement - println(getLink): null

2018-09-15 10:42:41 - [TEST_STEP][PASSED] - click: Object: 'Object Repository/Dashboard_Link Generator/copyLink' is clicked on

2018-09-15 10:42:41 - [MESSAGE][PASSED] - Object: 'Object Repository/Dashboard_Link Generator/copyLink' is clicked on

2018-09-15 10:42:41 - [TEST_STEP][PASSED] - Statement - If (com.kms.katalon.core.webui.keyword.WebUiBuiltInKeywords.verifyElementPresent(com.kms.katalon.core.testobject.ObjectRepository.findTestObject(Dashboard_Link Generator/validation), 5, OPTIONAL)): null

2018-09-15 10:42:41 - [MESSAGE][PASSED] - Object 'Object Repository/Dashboard_Link Generator/validation' is present

2018-09-15 10:42:41 - [TEST_STEP][PASSED] - Statement - validationMessage = com.kms.katalon.core.webui.keyword.WebUiBuiltInKeywords.getText(com.kms.katalon.core.testobject.ObjectRepository.findTestObject(Dashboard_Link Generator/validation)): Text of object 'Object Repository/Dashboard_Link Generator/validation' is: 'Link Copied.!'

2018-09-15 10:42:41 - [MESSAGE][PASSED] - Text of object 'Object Repository/Dashboard_Link Generator/validation' is: 'Link Copied.!'

2018-09-15 10:42:41 - [TEST_STEP][PASSED] - verifyMatch: Actual text 'Link Copied.!' and expected text 'Link Copied.!' are matched 

2018-09-15 10:42:41 - [MESSAGE][PASSED] - Actual text 'Link Copied.!' and expected text 'Link Copied.!' are matched 

2018-09-15 10:42:41 - [TEST_STEP][PASSED] - Statement - println("successful"): null

2018-09-15 10:42:41 - [TEST_STEP][PASSED] - Statement - linkUserName = driver.findElements(org.openqa.selenium.By.className("text-link-log")): null

2018-09-15 10:42:41 - [TEST_STEP][PASSED] - Statement - previousCountValue = 0: null

2018-09-15 10:42:41 - [TEST_STEP][PASSED] - Statement - For ([i = 0, i < linkUserName.size(), (i++)]): null

2018-09-15 10:42:41 - [TEST_STEP][PASSED] - Statement - out.println("Admin Console: " + linkUserName.get(i).getText()): null

2018-09-15 10:42:41 - [TEST_STEP][PASSED] - Statement - linkLogmembername = linkUserName.get(i).getText(): null

2018-09-15 10:42:41 - [TEST_STEP][PASSED] - Statement - If (linkLogmembername.equals(teamMeberName)): null

2018-09-15 10:42:41 - [TEST_STEP][PASSED] - Statement - out.println("Admin Console: " + linkUserName.get(i).getText()): null

2018-09-15 10:42:41 - [TEST_STEP][PASSED] - Statement - linkLogmembername = linkUserName.get(i).getText(): null

2018-09-15 10:42:41 - [TEST_STEP][PASSED] - Statement - If (linkLogmembername.equals(teamMeberName)): null

2018-09-15 10:42:41 - [TEST_STEP][PASSED] - Statement - out.println("Admin Console: " + linkUserName.get(i).getText()): null

2018-09-15 10:42:41 - [TEST_STEP][PASSED] - Statement - linkLogmembername = linkUserName.get(i).getText(): null

2018-09-15 10:42:41 - [TEST_STEP][PASSED] - Statement - If (linkLogmembername.equals(teamMeberName)): null

2018-09-15 10:42:41 - [TEST_STEP][PASSED] - Statement - out.println("Admin Console: " + linkUserName.get(i).getText()): null

2018-09-15 10:42:41 - [TEST_STEP][PASSED] - Statement - linkLogmembername = linkUserName.get(i).getText(): null

2018-09-15 10:42:41 - [TEST_STEP][PASSED] - Statement - If (linkLogmembername.equals(teamMeberName)): null

2018-09-15 10:42:41 - [TEST_STEP][PASSED] - Statement - out.println("Admin Console: " + linkUserName.get(i).getText()): null

2018-09-15 10:42:41 - [TEST_STEP][PASSED] - Statement - linkLogmembername = linkUserName.get(i).getText(): null

2018-09-15 10:42:41 - [TEST_STEP][PASSED] - Statement - If (linkLogmembername.equals(teamMeberName)): null

2018-09-15 10:42:41 - [TEST_STEP][PASSED] - Statement - out.println("Admin Console: " + linkUserName.get(i).getText()): null

2018-09-15 10:42:41 - [TEST_STEP][PASSED] - Statement - linkLogmembername = linkUserName.get(i).getText(): null

2018-09-15 10:42:42 - [TEST_STEP][PASSED] - Statement - If (linkLogmembername.equals(teamMeberName)): null

2018-09-15 10:42:42 - [TEST_STEP][PASSED] - Statement - out.println("Admin Console: " + linkUserName.get(i).getText()): null

2018-09-15 10:42:42 - [TEST_STEP][PASSED] - Statement - linkLogmembername = linkUserName.get(i).getText(): null

2018-09-15 10:42:42 - [TEST_STEP][PASSED] - Statement - If (linkLogmembername.equals(teamMeberName)): null

2018-09-15 10:42:42 - [TEST_STEP][PASSED] - Statement - out.println("Admin Console: " + linkUserName.get(i).getText()): null

2018-09-15 10:42:42 - [TEST_STEP][PASSED] - Statement - linkLogmembername = linkUserName.get(i).getText(): null

2018-09-15 10:42:42 - [TEST_STEP][PASSED] - Statement - If (linkLogmembername.equals(teamMeberName)): null

2018-09-15 10:42:42 - [TEST_STEP][PASSED] - Statement - out.println("Admin Console: " + linkUserName.get(i).getText()): null

2018-09-15 10:42:42 - [TEST_STEP][PASSED] - Statement - linkLogmembername = linkUserName.get(i).getText(): null

2018-09-15 10:42:42 - [TEST_STEP][PASSED] - Statement - If (linkLogmembername.equals(teamMeberName)): null

2018-09-15 10:42:42 - [TEST_STEP][PASSED] - Statement - out.println("Admin Console: " + linkUserName.get(i).getText()): null

2018-09-15 10:42:42 - [TEST_STEP][PASSED] - Statement - linkLogmembername = linkUserName.get(i).getText(): null

2018-09-15 10:42:42 - [TEST_STEP][PASSED] - Statement - If (linkLogmembername.equals(teamMeberName)): null

2018-09-15 10:42:42 - [TEST_STEP][PASSED] - Statement - out.println("Admin Console: " + linkUserName.get(i).getText()): null

2018-09-15 10:42:42 - [TEST_STEP][PASSED] - Statement - linkLogmembername = linkUserName.get(i).getText(): null

2018-09-15 10:42:42 - [TEST_STEP][PASSED] - Statement - If (linkLogmembername.equals(teamMeberName)): null

2018-09-15 10:42:42 - [TEST_STEP][PASSED] - Statement - out.println("Admin Console: " + linkUserName.get(i).getText()): null

2018-09-15 10:42:42 - [TEST_STEP][PASSED] - Statement - linkLogmembername = linkUserName.get(i).getText(): null

2018-09-15 10:42:42 - [TEST_STEP][PASSED] - Statement - If (linkLogmembername.equals(teamMeberName)): null

2018-09-15 10:42:42 - [TEST_STEP][PASSED] - Statement - out.println("Admin Console: " + linkUserName.get(i).getText()): null

2018-09-15 10:42:42 - [TEST_STEP][PASSED] - Statement - linkLogmembername = linkUserName.get(i).getText(): null

2018-09-15 10:42:42 - [TEST_STEP][PASSED] - Statement - If (linkLogmembername.equals(teamMeberName)): null

2018-09-15 10:42:42 - [TEST_STEP][PASSED] - Statement - out.println("Admin Console: " + linkUserName.get(i).getText()): null

2018-09-15 10:42:42 - [TEST_STEP][PASSED] - Statement - linkLogmembername = linkUserName.get(i).getText(): null

2018-09-15 10:42:42 - [TEST_STEP][PASSED] - Statement - If (linkLogmembername.equals(teamMeberName)): null

2018-09-15 10:42:42 - [TEST_STEP][PASSED] - Statement - out.println("Admin Console: " + linkUserName.get(i).getText()): null

2018-09-15 10:42:42 - [TEST_STEP][PASSED] - Statement - linkLogmembername = linkUserName.get(i).getText(): null

2018-09-15 10:42:42 - [TEST_STEP][PASSED] - Statement - If (linkLogmembername.equals(teamMeberName)): null

2018-09-15 10:42:42 - [TEST_STEP][PASSED] - Statement - out.println("Admin Console: " + linkUserName.get(i).getText()): null

2018-09-15 10:42:42 - [TEST_STEP][PASSED] - Statement - linkLogmembername = linkUserName.get(i).getText(): null

2018-09-15 10:42:42 - [TEST_STEP][PASSED] - Statement - If (linkLogmembername.equals(teamMeberName)): null

2018-09-15 10:42:42 - [TEST_STEP][PASSED] - Statement - out.println("Admin Console: " + linkUserName.get(i).getText()): null

2018-09-15 10:42:42 - [TEST_STEP][PASSED] - Statement - linkLogmembername = linkUserName.get(i).getText(): null

2018-09-15 10:42:42 - [TEST_STEP][PASSED] - Statement - If (linkLogmembername.equals(teamMeberName)): null

2018-09-15 10:42:42 - [TEST_STEP][PASSED] - Statement - out.println("Admin Console: " + linkUserName.get(i).getText()): null

2018-09-15 10:42:42 - [TEST_STEP][PASSED] - Statement - linkLogmembername = linkUserName.get(i).getText(): null

2018-09-15 10:42:42 - [TEST_STEP][PASSED] - Statement - If (linkLogmembername.equals(teamMeberName)): null

2018-09-15 10:42:42 - [TEST_STEP][PASSED] - Statement - out.println("Admin Console: " + linkUserName.get(i).getText()): null

2018-09-15 10:42:42 - [TEST_STEP][PASSED] - Statement - linkLogmembername = linkUserName.get(i).getText(): null

2018-09-15 10:42:42 - [TEST_STEP][PASSED] - Statement - If (linkLogmembername.equals(teamMeberName)): null

2018-09-15 10:42:42 - [TEST_STEP][PASSED] - Statement - out.println("Admin Console: " + linkUserName.get(i).getText()): null

2018-09-15 10:42:42 - [TEST_STEP][PASSED] - Statement - linkLogmembername = linkUserName.get(i).getText(): null

2018-09-15 10:42:42 - [TEST_STEP][PASSED] - Statement - If (linkLogmembername.equals(teamMeberName)): null

2018-09-15 10:42:42 - [TEST_STEP][PASSED] - Statement - out.println("Admin Console: " + linkUserName.get(i).getText()): null

2018-09-15 10:42:42 - [TEST_STEP][PASSED] - Statement - linkLogmembername = linkUserName.get(i).getText(): null

2018-09-15 10:42:42 - [TEST_STEP][PASSED] - Statement - If (linkLogmembername.equals(teamMeberName)): null

2018-09-15 10:42:42 - [TEST_STEP][PASSED] - Statement - out.println("Admin Console: " + linkUserName.get(i).getText()): null

2018-09-15 10:42:42 - [TEST_STEP][PASSED] - Statement - linkLogmembername = linkUserName.get(i).getText(): null

2018-09-15 10:42:42 - [TEST_STEP][PASSED] - Statement - If (linkLogmembername.equals(teamMeberName)): null

2018-09-15 10:42:42 - [TEST_STEP][PASSED] - Statement - out.println("Admin Console: " + linkUserName.get(i).getText()): null

2018-09-15 10:42:42 - [TEST_STEP][PASSED] - Statement - linkLogmembername = linkUserName.get(i).getText(): null

2018-09-15 10:42:42 - [TEST_STEP][PASSED] - Statement - If (linkLogmembername.equals(teamMeberName)): null

2018-09-15 10:42:42 - [TEST_STEP][PASSED] - Statement - out.println("Admin Console: " + linkUserName.get(i).getText()): null

2018-09-15 10:42:42 - [TEST_STEP][PASSED] - Statement - linkLogmembername = linkUserName.get(i).getText(): null

2018-09-15 10:42:42 - [TEST_STEP][PASSED] - Statement - If (linkLogmembername.equals(teamMeberName)): null

2018-09-15 10:42:42 - [TEST_STEP][PASSED] - Statement - out.println("Admin Console: " + linkUserName.get(i).getText()): null

2018-09-15 10:42:43 - [TEST_STEP][PASSED] - Statement - linkLogmembername = linkUserName.get(i).getText(): null

2018-09-15 10:42:43 - [TEST_STEP][PASSED] - Statement - If (linkLogmembername.equals(teamMeberName)): null

2018-09-15 10:42:43 - [TEST_STEP][PASSED] - Statement - out.println("Admin Console: " + linkUserName.get(i).getText()): null

2018-09-15 10:42:43 - [TEST_STEP][PASSED] - Statement - linkLogmembername = linkUserName.get(i).getText(): null

2018-09-15 10:42:43 - [TEST_STEP][PASSED] - Statement - If (linkLogmembername.equals(teamMeberName)): null

2018-09-15 10:42:43 - [TEST_STEP][PASSED] - Statement - out.println("Admin Console: " + linkUserName.get(i).getText()): null

2018-09-15 10:42:43 - [TEST_STEP][PASSED] - Statement - linkLogmembername = linkUserName.get(i).getText(): null

2018-09-15 10:42:43 - [TEST_STEP][PASSED] - Statement - If (linkLogmembername.equals(teamMeberName)): null

2018-09-15 10:42:43 - [TEST_STEP][PASSED] - Statement - out.println("Admin Console: " + linkUserName.get(i).getText()): null

2018-09-15 10:42:43 - [TEST_STEP][PASSED] - Statement - linkLogmembername = linkUserName.get(i).getText(): null

2018-09-15 10:42:43 - [TEST_STEP][PASSED] - Statement - If (linkLogmembername.equals(teamMeberName)): null

2018-09-15 10:42:43 - [TEST_STEP][PASSED] - Statement - out.println("Admin Console: " + linkUserName.get(i).getText()): null

2018-09-15 10:42:43 - [TEST_STEP][PASSED] - Statement - linkLogmembername = linkUserName.get(i).getText(): null

2018-09-15 10:42:43 - [TEST_STEP][PASSED] - Statement - If (linkLogmembername.equals(teamMeberName)): null

2018-09-15 10:42:43 - [TEST_STEP][PASSED] - Statement - out.println("Admin Console: " + linkUserName.get(i).getText()): null

2018-09-15 10:42:43 - [TEST_STEP][PASSED] - Statement - linkLogmembername = linkUserName.get(i).getText(): null

2018-09-15 10:42:43 - [TEST_STEP][PASSED] - Statement - If (linkLogmembername.equals(teamMeberName)): null

2018-09-15 10:42:43 - [TEST_STEP][PASSED] - Statement - out.println("Admin Console: " + linkUserName.get(i).getText()): null

2018-09-15 10:42:43 - [TEST_STEP][PASSED] - Statement - linkLogmembername = linkUserName.get(i).getText(): null

2018-09-15 10:42:43 - [TEST_STEP][PASSED] - Statement - If (linkLogmembername.equals(teamMeberName)): null

2018-09-15 10:42:43 - [TEST_STEP][PASSED] - Statement - out.println("Admin Console: " + linkUserName.get(i).getText()): null

2018-09-15 10:42:43 - [TEST_STEP][PASSED] - Statement - linkLogmembername = linkUserName.get(i).getText(): null

2018-09-15 10:42:43 - [TEST_STEP][PASSED] - Statement - If (linkLogmembername.equals(teamMeberName)): null

2018-09-15 10:42:43 - [TEST_STEP][PASSED] - Statement - out.println("Admin Console: " + linkUserName.get(i).getText()): null

2018-09-15 10:42:43 - [TEST_STEP][PASSED] - Statement - linkLogmembername = linkUserName.get(i).getText(): null

2018-09-15 10:42:43 - [TEST_STEP][PASSED] - Statement - If (linkLogmembername.equals(teamMeberName)): null

2018-09-15 10:42:43 - [TEST_STEP][PASSED] - Statement - out.println("Admin Console: " + linkUserName.get(i).getText()): null

2018-09-15 10:42:43 - [TEST_STEP][PASSED] - Statement - linkLogmembername = linkUserName.get(i).getText(): null

2018-09-15 10:42:43 - [TEST_STEP][PASSED] - Statement - If (linkLogmembername.equals(teamMeberName)): null

2018-09-15 10:42:43 - [TEST_STEP][PASSED] - Statement - out.println("Admin Console: " + linkUserName.get(i).getText()): null

2018-09-15 10:42:43 - [TEST_STEP][PASSED] - Statement - linkLogmembername = linkUserName.get(i).getText(): null

2018-09-15 10:42:43 - [TEST_STEP][PASSED] - Statement - If (linkLogmembername.equals(teamMeberName)): null

2018-09-15 10:42:43 - [TEST_STEP][PASSED] - Statement - out.println("Admin Console: " + linkUserName.get(i).getText()): null

2018-09-15 10:42:43 - [TEST_STEP][PASSED] - Statement - linkLogmembername = linkUserName.get(i).getText(): null

2018-09-15 10:42:43 - [TEST_STEP][PASSED] - Statement - If (linkLogmembername.equals(teamMeberName)): null

2018-09-15 10:42:43 - [TEST_STEP][PASSED] - Statement - out.println("Admin Console: " + linkUserName.get(i).getText()): null

2018-09-15 10:42:43 - [TEST_STEP][PASSED] - Statement - linkLogmembername = linkUserName.get(i).getText(): null

2018-09-15 10:42:43 - [TEST_STEP][PASSED] - Statement - If (linkLogmembername.equals(teamMeberName)): null

2018-09-15 10:42:43 - [TEST_STEP][PASSED] - Statement - out.println("Admin Console: " + linkUserName.get(i).getText()): null

2018-09-15 10:42:43 - [TEST_STEP][PASSED] - Statement - linkLogmembername = linkUserName.get(i).getText(): null

2018-09-15 10:42:43 - [TEST_STEP][PASSED] - Statement - If (linkLogmembername.equals(teamMeberName)): null

2018-09-15 10:42:43 - [TEST_STEP][PASSED] - Statement - out.println("Admin Console: " + linkUserName.get(i).getText()): null

2018-09-15 10:42:43 - [TEST_STEP][PASSED] - Statement - linkLogmembername = linkUserName.get(i).getText(): null

2018-09-15 10:42:43 - [TEST_STEP][PASSED] - Statement - If (linkLogmembername.equals(teamMeberName)): null

2018-09-15 10:42:43 - [TEST_STEP][PASSED] - Statement - out.println("Admin Console: " + linkUserName.get(i).getText()): null

2018-09-15 10:42:43 - [TEST_STEP][PASSED] - Statement - linkLogmembername = linkUserName.get(i).getText(): null

2018-09-15 10:42:43 - [TEST_STEP][PASSED] - Statement - If (linkLogmembername.equals(teamMeberName)): null

2018-09-15 10:42:43 - [TEST_STEP][PASSED] - Statement - out.println("Admin Console: " + linkUserName.get(i).getText()): null

2018-09-15 10:42:43 - [TEST_STEP][PASSED] - Statement - linkLogmembername = linkUserName.get(i).getText(): null

2018-09-15 10:42:43 - [TEST_STEP][PASSED] - Statement - If (linkLogmembername.equals(teamMeberName)): null

2018-09-15 10:42:43 - [TEST_STEP][PASSED] - Statement - out.println("Admin Console: " + linkUserName.get(i).getText()): null

2018-09-15 10:42:43 - [TEST_STEP][PASSED] - Statement - linkLogmembername = linkUserName.get(i).getText(): null

2018-09-15 10:42:43 - [TEST_STEP][PASSED] - Statement - If (linkLogmembername.equals(teamMeberName)): null

2018-09-15 10:42:43 - [TEST_STEP][PASSED] - Statement - out.println("Admin Console: " + linkUserName.get(i).getText()): null

2018-09-15 10:42:43 - [TEST_STEP][PASSED] - Statement - linkLogmembername = linkUserName.get(i).getText(): null

2018-09-15 10:42:43 - [TEST_STEP][PASSED] - Statement - If (linkLogmembername.equals(teamMeberName)): null

2018-09-15 10:42:43 - [TEST_STEP][PASSED] - Statement - out.println("Admin Console: " + linkUserName.get(i).getText()): null

2018-09-15 10:42:43 - [TEST_STEP][PASSED] - Statement - linkLogmembername = linkUserName.get(i).getText(): null

2018-09-15 10:42:44 - [TEST_STEP][PASSED] - Statement - If (linkLogmembername.equals(teamMeberName)): null

2018-09-15 10:42:44 - [TEST_STEP][PASSED] - Statement - out.println("Admin Console: " + linkUserName.get(i).getText()): null

2018-09-15 10:42:44 - [TEST_STEP][PASSED] - Statement - linkLogmembername = linkUserName.get(i).getText(): null

2018-09-15 10:42:44 - [TEST_STEP][PASSED] - Statement - If (linkLogmembername.equals(teamMeberName)): null

2018-09-15 10:42:44 - [TEST_STEP][PASSED] - Statement - out.println("Admin Console: " + linkUserName.get(i).getText()): null

2018-09-15 10:42:44 - [TEST_STEP][PASSED] - Statement - linkLogmembername = linkUserName.get(i).getText(): null

2018-09-15 10:42:44 - [TEST_STEP][PASSED] - Statement - If (linkLogmembername.equals(teamMeberName)): null

2018-09-15 10:42:44 - [TEST_STEP][PASSED] - Statement - out.println("Admin Console: " + linkUserName.get(i).getText()): null

2018-09-15 10:42:44 - [TEST_STEP][PASSED] - Statement - linkLogmembername = linkUserName.get(i).getText(): null

2018-09-15 10:42:44 - [TEST_STEP][PASSED] - Statement - If (linkLogmembername.equals(teamMeberName)): null

2018-09-15 10:42:44 - [TEST_STEP][PASSED] - Statement - out.println("Admin Console: " + linkUserName.get(i).getText()): null

2018-09-15 10:42:44 - [TEST_STEP][PASSED] - Statement - linkLogmembername = linkUserName.get(i).getText(): null

2018-09-15 10:42:44 - [TEST_STEP][PASSED] - Statement - If (linkLogmembername.equals(teamMeberName)): null

2018-09-15 10:42:44 - [TEST_STEP][PASSED] - Statement - out.println("Admin Console: " + linkUserName.get(i).getText()): null

2018-09-15 10:42:44 - [TEST_STEP][PASSED] - Statement - linkLogmembername = linkUserName.get(i).getText(): null

2018-09-15 10:42:44 - [TEST_STEP][PASSED] - Statement - If (linkLogmembername.equals(teamMeberName)): null

2018-09-15 10:42:44 - [TEST_STEP][PASSED] - Statement - out.println("Admin Console: " + linkUserName.get(i).getText()): null

2018-09-15 10:42:44 - [TEST_STEP][PASSED] - Statement - linkLogmembername = linkUserName.get(i).getText(): null

2018-09-15 10:42:44 - [TEST_STEP][PASSED] - Statement - If (linkLogmembername.equals(teamMeberName)): null

2018-09-15 10:42:44 - [TEST_STEP][PASSED] - Statement - out.println("Admin Console: " + linkUserName.get(i).getText()): null

2018-09-15 10:42:44 - [TEST_STEP][PASSED] - Statement - linkLogmembername = linkUserName.get(i).getText(): null

2018-09-15 10:42:44 - [TEST_STEP][PASSED] - Statement - If (linkLogmembername.equals(teamMeberName)): null

2018-09-15 10:42:44 - [TEST_STEP][PASSED] - Statement - out.println("Admin Console: " + linkUserName.get(i).getText()): null

2018-09-15 10:42:44 - [TEST_STEP][PASSED] - Statement - linkLogmembername = linkUserName.get(i).getText(): null

2018-09-15 10:42:44 - [TEST_STEP][PASSED] - Statement - If (linkLogmembername.equals(teamMeberName)): null

2018-09-15 10:42:44 - [TEST_STEP][PASSED] - Statement - out.println("Admin Console: " + linkUserName.get(i).getText()): null

2018-09-15 10:42:44 - [TEST_STEP][PASSED] - Statement - linkLogmembername = linkUserName.get(i).getText(): null

2018-09-15 10:42:44 - [TEST_STEP][PASSED] - Statement - If (linkLogmembername.equals(teamMeberName)): null

2018-09-15 10:42:44 - [TEST_STEP][PASSED] - Statement - out.println("Admin Console: " + linkUserName.get(i).getText()): null

2018-09-15 10:42:44 - [TEST_STEP][PASSED] - Statement - linkLogmembername = linkUserName.get(i).getText(): null

2018-09-15 10:42:44 - [TEST_STEP][PASSED] - Statement - If (linkLogmembername.equals(teamMeberName)): null

2018-09-15 10:42:44 - [TEST_STEP][PASSED] - Statement - out.println("Admin Console: " + linkUserName.get(i).getText()): null

2018-09-15 10:42:44 - [TEST_STEP][PASSED] - Statement - linkLogmembername = linkUserName.get(i).getText(): null

2018-09-15 10:42:44 - [TEST_STEP][PASSED] - Statement - If (linkLogmembername.equals(teamMeberName)): null

2018-09-15 10:42:44 - [TEST_STEP][PASSED] - Statement - out.println("Admin Console: " + linkUserName.get(i).getText()): null

2018-09-15 10:42:44 - [TEST_STEP][PASSED] - Statement - linkLogmembername = linkUserName.get(i).getText(): null

2018-09-15 10:42:44 - [TEST_STEP][PASSED] - Statement - If (linkLogmembername.equals(teamMeberName)): null

2018-09-15 10:42:44 - [TEST_STEP][PASSED] - Statement - out.println("Admin Console: " + linkUserName.get(i).getText()): null

2018-09-15 10:42:44 - [TEST_STEP][PASSED] - Statement - linkLogmembername = linkUserName.get(i).getText(): null

2018-09-15 10:42:44 - [TEST_STEP][PASSED] - Statement - If (linkLogmembername.equals(teamMeberName)): null

2018-09-15 10:42:44 - [TEST_STEP][PASSED] - Statement - js = driver: null

2018-09-15 10:42:44 - [TEST_STEP][PASSED] - Statement - js.executeScript("window.open();"): null

2018-09-15 10:42:44 - [TEST_STEP][PASSED] - Statement - currentWindow = com.kms.katalon.core.webui.keyword.WebUiBuiltInKeywords.getWindowIndex(): Current window's index is: 0

2018-09-15 10:42:44 - [MESSAGE][PASSED] - Current window's index is: 0

2018-09-15 10:42:44 - [TEST_STEP][PASSED] - switchToWindowIndex: Switched to window with index: '1'

2018-09-15 10:42:44 - [MESSAGE][PASSED] - Switched to window with index: '1'

2018-09-15 10:42:44 - [TEST_STEP][PASSED] - navigateToUrl: Navigate to 'https://dev.vcalling.in/url/UAT/?id=UAT-1-645' successfully

2018-09-15 10:42:47 - [MESSAGE][PASSED] - Navigate to 'https://dev.vcalling.in/url/UAT/?id=UAT-1-645' successfully

2018-09-15 10:42:47 - [TEST_STEP][PASSED] - Statement - currentTab = com.kms.katalon.core.webui.keyword.WebUiBuiltInKeywords.getWindowIndex(): Current window's index is: 1

2018-09-15 10:42:47 - [MESSAGE][PASSED] - Current window's index is: 1

2018-09-15 10:42:47 - [TEST_STEP][PASSED] - switchToWindowIndex: Switched to window with index: '0'

2018-09-15 10:42:47 - [MESSAGE][PASSED] - Switched to window with index: '0'

2018-09-15 10:42:47 - [TEST_STEP][PASSED] - refresh: Refresh successfully

2018-09-15 10:42:47 - [MESSAGE][PASSED] - Refresh successfully

2018-09-15 10:42:47 - [TEST_STEP][PASSED] - acceptAlert: Alert accepted

2018-09-15 10:42:47 - [MESSAGE][PASSED] - Alert accepted]]></system-out>
         <system-err><![CDATA[]]></system-err>
      </testcase>
      <testcase name="Test Cases/completed/TestCase2_LinkGenerateThroughGetLink/LinkGenThroughEmptyData" classname="Test Cases/completed/TestCase2_LinkGenerateThroughGetLink/LinkGenThroughEmptyData" status="PASSED">
         <system-out><![CDATA[2018-09-15 10:42:47 - [TEST_CASE][PASSED] - Test Cases/completed/TestCase2_LinkGenerateThroughGetLink/LinkGenThroughEmptyData: Test Cases/completed/TestCase2_LinkGenerateThroughGetLink/LinkGenThroughEmptyData

2018-09-15 10:42:47 - [TEST_STEP][PASSED] - callTestCase: Call Test Case 'Test Cases/BVT/aSimple_Login' successfully

2018-09-15 10:42:47 - [TEST_CASE][PASSED] - Test Cases/BVT/aSimple_Login: Test Cases/BVT/aSimple_Login

2018-09-15 10:42:47 - [TEST_STEP][PASSED] - openBrowser: Browser is opened with url: ''

2018-09-15 10:42:47 - [MESSAGE][WARNING] - A browser is already opened. Closing browser and opening a new one

2018-09-15 10:42:50 - [MESSAGE][PASSED] - Browser is opened with url: ''

2018-09-15 10:42:50 - [TEST_STEP][PASSED] - maximizeWindow: Current window maximized

2018-09-15 10:42:52 - [MESSAGE][PASSED] - Current window maximized

2018-09-15 10:42:52 - [TEST_STEP][PASSED] - navigateToUrl: Navigate to 'https://dev.vcalling.in/enterprises/UAT/Dashboard/index.html' successfully

2018-09-15 10:42:55 - [MESSAGE][PASSED] - Navigate to 'https://dev.vcalling.in/enterprises/UAT/Dashboard/index.html' successfully

2018-09-15 10:42:55 - [TEST_STEP][PASSED] - setText: Text 'testing4dea@gmail.com' is set on object 'Object Repository/Login/UserId'

2018-09-15 10:42:55 - [MESSAGE][PASSED] - Text 'testing4dea@gmail.com' is set on object 'Object Repository/Login/UserId'

2018-09-15 10:42:55 - [TEST_STEP][PASSED] - click: Object: 'Object Repository/Login/div_GET OTP' is clicked on

2018-09-15 10:42:55 - [MESSAGE][PASSED] - Object: 'Object Repository/Login/div_GET OTP' is clicked on

2018-09-15 10:42:55 - [TEST_STEP][PASSED] - waitForElementPresent: Object 'Object Repository/Login/div_SUBMIT' is present

2018-09-15 10:42:57 - [MESSAGE][PASSED] - Object 'Object Repository/Login/div_SUBMIT' is present

2018-09-15 10:42:57 - [TEST_STEP][PASSED] - Statement - If (com.kms.katalon.core.webui.keyword.WebUiBuiltInKeywords.verifyElementNotPresent(com.kms.katalon.core.testobject.ObjectRepository.findTestObject(Login/div_SUBMIT), 5, OPTIONAL)): Web element with id: 'Object Repository/Login/div_SUBMIT' located by 'By.xpath: //div[(text() = ' SUBMIT ' or . = ' SUBMIT ')]' is present after '5' second(s)

2018-09-15 10:43:02 - [MESSAGE][WARNING] - Web element with id: 'Object Repository/Login/div_SUBMIT' located by 'By.xpath: //div[(text() = ' SUBMIT ' or . = ' SUBMIT ')]' is present after '5' second(s)
[[ATTACHMENT|C:\\Users\\Kaushal\\Desktop\\Katalon Studio\\vCallingDashboard\\Reports\\RegressionSuite\\20180915_103222\\1537004582696.png]]

2018-09-15 10:43:02 - [TEST_STEP][PASSED] - Statement - sleep(5000): null

2018-09-15 10:43:07 - [TEST_STEP][PASSED] - Statement - OTP = getOTP(): null

2018-09-15 10:43:07 - [TEST_STEP][PASSED] - Statement - host = "imap.gmail.com": null

2018-09-15 10:43:07 - [TEST_STEP][PASSED] - Statement - msg = <not implemented yet for class: org.codehaus.groovy.ast.expr.EmptyExpression>: null

2018-09-15 10:43:07 - [TEST_STEP][PASSED] - Statement - msgSub = <not implemented yet for class: org.codehaus.groovy.ast.expr.EmptyExpression>: null

2018-09-15 10:43:07 - [TEST_STEP][PASSED] - Statement - OTP = "unavailable": null

2018-09-15 10:43:07 - [TEST_STEP][PASSED] - Statement - props = new java.util.Properties(): null

2018-09-15 10:43:07 - [TEST_STEP][PASSED] - Statement - props.setProperty("mail.imap.ssl.enable", "true"): null

2018-09-15 10:43:07 - [TEST_STEP][PASSED] - Statement - session = javax.mail.Session.getInstance(props): null

2018-09-15 10:43:07 - [TEST_STEP][PASSED] - Statement - store = <not implemented yet for class: org.codehaus.groovy.ast.expr.EmptyExpression>: null

2018-09-15 10:43:07 - [TEST_STEP][PASSED] - Statement - Try: null

2018-09-15 10:43:07 - [TEST_STEP][PASSED] - Statement - store = session.getStore("imap"): null

2018-09-15 10:43:07 - [TEST_STEP][PASSED] - Statement - store.connect(host, Email, Password): null

2018-09-15 10:43:09 - [TEST_STEP][PASSED] - Statement - emailFolder = store.getFolder("INBOX"): null

2018-09-15 10:43:09 - [TEST_STEP][PASSED] - Statement - emailFolder.open(READ_WRITE): null

2018-09-15 10:43:10 - [TEST_STEP][PASSED] - Statement - messages = emailFolder.getMessages(): null

2018-09-15 10:43:10 - [TEST_STEP][PASSED] - Statement - n = length: null

2018-09-15 10:43:10 - [TEST_STEP][PASSED] - Statement - message = messages[n - 1]: null

2018-09-15 10:43:10 - [TEST_STEP][PASSED] - Statement - msgSub = message.getSubject(): null

2018-09-15 10:43:10 - [TEST_STEP][PASSED] - Statement - If (msgSub.equals("OTP to Sign In")): null

2018-09-15 10:43:10 - [TEST_STEP][PASSED] - Statement - msg = message.getContent().toString(): null

2018-09-15 10:43:11 - [TEST_STEP][PASSED] - Statement - OTP = msg.substring(msg.length() - 7): null

2018-09-15 10:43:11 - [TEST_STEP][PASSED] - Statement - message.setFlag(DELETED, true): null

2018-09-15 10:43:11 - [TEST_STEP][PASSED] - Statement - emailFolder.close(true): null

2018-09-15 10:43:12 - [TEST_STEP][PASSED] - Statement - store.close(): null

2018-09-15 10:43:12 - [TEST_STEP][PASSED] - Statement - return OTP: null

2018-09-15 10:43:12 - [TEST_STEP][PASSED] - Statement - If (OTP.equals("unavailable")): null

2018-09-15 10:43:12 - [TEST_STEP][PASSED] - Statement - Else: Text 'x2995
' is set on object 'Object Repository/Login/OtpInput'

2018-09-15 10:43:12 - [TEST_STEP][PASSED] - setText: Text 'x2995
' is set on object 'Object Repository/Login/OtpInput'

2018-09-15 10:43:12 - [MESSAGE][PASSED] - Text 'x2995
' is set on object 'Object Repository/Login/OtpInput'

2018-09-15 10:43:12 - [TEST_STEP][PASSED] - verifyElementPresent: Object 'Object Repository/Login/afterOpenDisplay' is present

2018-09-15 10:43:13 - [MESSAGE][PASSED] - Object 'Object Repository/Login/afterOpenDisplay' is present

2018-09-15 10:43:13 - [MESSAGE][PASSED] - Call Test Case 'Test Cases/BVT/aSimple_Login' successfully

2018-09-15 10:43:13 - [TEST_STEP][PASSED] - click: Object: 'Object Repository/Dashboard_Link Generator/linkgeneratorIcon' is clicked on

2018-09-15 10:43:14 - [MESSAGE][PASSED] - Object: 'Object Repository/Dashboard_Link Generator/linkgeneratorIcon' is clicked on

2018-09-15 10:43:14 - [TEST_STEP][PASSED] - click: Object: 'Object Repository/Dashboard_Link Generator/div_GET LINK' is clicked on

2018-09-15 10:43:14 - [MESSAGE][PASSED] - Object: 'Object Repository/Dashboard_Link Generator/div_GET LINK' is clicked on

2018-09-15 10:43:14 - [TEST_STEP][PASSED] - Statement - If (com.kms.katalon.core.webui.keyword.WebUiBuiltInKeywords.verifyElementPresent(com.kms.katalon.core.testobject.ObjectRepository.findTestObject(Dashboard_Link Generator/validation), 5, OPTIONAL)): null

2018-09-15 10:43:14 - [MESSAGE][PASSED] - Object 'Object Repository/Dashboard_Link Generator/validation' is present

2018-09-15 10:43:14 - [TEST_STEP][PASSED] - Statement - validationMessage = com.kms.katalon.core.webui.keyword.WebUiBuiltInKeywords.getText(com.kms.katalon.core.testobject.ObjectRepository.findTestObject(Dashboard_Link Generator/validation)): Text of object 'Object Repository/Dashboard_Link Generator/validation' is: 'Please enter either Phone or Email'

2018-09-15 10:43:14 - [MESSAGE][PASSED] - Text of object 'Object Repository/Dashboard_Link Generator/validation' is: 'Please enter either Phone or Email'

2018-09-15 10:43:14 - [TEST_STEP][PASSED] - verifyMatch: Actual text 'Please enter either Phone or Email' and expected text 'Please enter either Phone or Email' are matched 

2018-09-15 10:43:14 - [MESSAGE][PASSED] - Actual text 'Please enter either Phone or Email' and expected text 'Please enter either Phone or Email' are matched 

2018-09-15 10:43:14 - [TEST_STEP][PASSED] - Statement - println("successful"): null]]></system-out>
         <system-err><![CDATA[]]></system-err>
      </testcase>
      <testcase name="Test Cases/completed/TestCase2_LinkGenerateThroughGetLink/linkGenTroughCheckBoxs" classname="Test Cases/completed/TestCase2_LinkGenerateThroughGetLink/linkGenTroughCheckBoxs" status="PASSED">
         <system-out><![CDATA[2018-09-15 10:43:14 - [TEST_CASE][PASSED] - Test Cases/completed/TestCase2_LinkGenerateThroughGetLink/linkGenTroughCheckBoxs: Test Cases/completed/TestCase2_LinkGenerateThroughGetLink/linkGenTroughCheckBoxs

2018-09-15 10:43:14 - [TEST_STEP][PASSED] - callTestCase: Call Test Case 'Test Cases/BVT/aSimple_Login' successfully

2018-09-15 10:43:14 - [TEST_CASE][PASSED] - Test Cases/BVT/aSimple_Login: Test Cases/BVT/aSimple_Login

2018-09-15 10:43:14 - [TEST_STEP][PASSED] - openBrowser: Browser is opened with url: ''

2018-09-15 10:43:14 - [MESSAGE][WARNING] - A browser is already opened. Closing browser and opening a new one

2018-09-15 10:43:17 - [MESSAGE][PASSED] - Browser is opened with url: ''

2018-09-15 10:43:17 - [TEST_STEP][PASSED] - maximizeWindow: Current window maximized

2018-09-15 10:43:19 - [MESSAGE][PASSED] - Current window maximized

2018-09-15 10:43:19 - [TEST_STEP][PASSED] - navigateToUrl: Navigate to 'https://dev.vcalling.in/enterprises/UAT/Dashboard/index.html' successfully

2018-09-15 10:43:22 - [MESSAGE][PASSED] - Navigate to 'https://dev.vcalling.in/enterprises/UAT/Dashboard/index.html' successfully

2018-09-15 10:43:22 - [TEST_STEP][PASSED] - setText: Text 'testing4dea@gmail.com' is set on object 'Object Repository/Login/UserId'

2018-09-15 10:43:22 - [MESSAGE][PASSED] - Text 'testing4dea@gmail.com' is set on object 'Object Repository/Login/UserId'

2018-09-15 10:43:22 - [TEST_STEP][PASSED] - click: Object: 'Object Repository/Login/div_GET OTP' is clicked on

2018-09-15 10:43:22 - [MESSAGE][PASSED] - Object: 'Object Repository/Login/div_GET OTP' is clicked on

2018-09-15 10:43:22 - [TEST_STEP][PASSED] - waitForElementPresent: Object 'Object Repository/Login/div_SUBMIT' is present

2018-09-15 10:43:24 - [MESSAGE][PASSED] - Object 'Object Repository/Login/div_SUBMIT' is present

2018-09-15 10:43:24 - [TEST_STEP][PASSED] - Statement - If (com.kms.katalon.core.webui.keyword.WebUiBuiltInKeywords.verifyElementNotPresent(com.kms.katalon.core.testobject.ObjectRepository.findTestObject(Login/div_SUBMIT), 5, OPTIONAL)): Web element with id: 'Object Repository/Login/div_SUBMIT' located by 'By.xpath: //div[(text() = ' SUBMIT ' or . = ' SUBMIT ')]' is present after '5' second(s)

2018-09-15 10:43:29 - [MESSAGE][WARNING] - Web element with id: 'Object Repository/Login/div_SUBMIT' located by 'By.xpath: //div[(text() = ' SUBMIT ' or . = ' SUBMIT ')]' is present after '5' second(s)
[[ATTACHMENT|C:\\Users\\Kaushal\\Desktop\\Katalon Studio\\vCallingDashboard\\Reports\\RegressionSuite\\20180915_103222\\1537004609662.png]]

2018-09-15 10:43:29 - [TEST_STEP][PASSED] - Statement - sleep(5000): null

2018-09-15 10:43:34 - [TEST_STEP][PASSED] - Statement - OTP = getOTP(): null

2018-09-15 10:43:34 - [TEST_STEP][PASSED] - Statement - host = "imap.gmail.com": null

2018-09-15 10:43:34 - [TEST_STEP][PASSED] - Statement - msg = <not implemented yet for class: org.codehaus.groovy.ast.expr.EmptyExpression>: null

2018-09-15 10:43:34 - [TEST_STEP][PASSED] - Statement - msgSub = <not implemented yet for class: org.codehaus.groovy.ast.expr.EmptyExpression>: null

2018-09-15 10:43:34 - [TEST_STEP][PASSED] - Statement - OTP = "unavailable": null

2018-09-15 10:43:34 - [TEST_STEP][PASSED] - Statement - props = new java.util.Properties(): null

2018-09-15 10:43:34 - [TEST_STEP][PASSED] - Statement - props.setProperty("mail.imap.ssl.enable", "true"): null

2018-09-15 10:43:34 - [TEST_STEP][PASSED] - Statement - session = javax.mail.Session.getInstance(props): null

2018-09-15 10:43:34 - [TEST_STEP][PASSED] - Statement - store = <not implemented yet for class: org.codehaus.groovy.ast.expr.EmptyExpression>: null

2018-09-15 10:43:34 - [TEST_STEP][PASSED] - Statement - Try: null

2018-09-15 10:43:34 - [TEST_STEP][PASSED] - Statement - store = session.getStore("imap"): null

2018-09-15 10:43:34 - [TEST_STEP][PASSED] - Statement - store.connect(host, Email, Password): null

2018-09-15 10:43:36 - [TEST_STEP][PASSED] - Statement - emailFolder = store.getFolder("INBOX"): null

2018-09-15 10:43:36 - [TEST_STEP][PASSED] - Statement - emailFolder.open(READ_WRITE): null

2018-09-15 10:43:37 - [TEST_STEP][PASSED] - Statement - messages = emailFolder.getMessages(): null

2018-09-15 10:43:37 - [TEST_STEP][PASSED] - Statement - n = length: null

2018-09-15 10:43:37 - [TEST_STEP][PASSED] - Statement - message = messages[n - 1]: null

2018-09-15 10:43:37 - [TEST_STEP][PASSED] - Statement - msgSub = message.getSubject(): null

2018-09-15 10:43:37 - [TEST_STEP][PASSED] - Statement - If (msgSub.equals("OTP to Sign In")): null

2018-09-15 10:43:37 - [TEST_STEP][PASSED] - Statement - msg = message.getContent().toString(): null

2018-09-15 10:43:38 - [TEST_STEP][PASSED] - Statement - OTP = msg.substring(msg.length() - 7): null

2018-09-15 10:43:38 - [TEST_STEP][PASSED] - Statement - message.setFlag(DELETED, true): null

2018-09-15 10:43:38 - [TEST_STEP][PASSED] - Statement - emailFolder.close(true): null

2018-09-15 10:43:39 - [TEST_STEP][PASSED] - Statement - store.close(): null

2018-09-15 10:43:39 - [TEST_STEP][PASSED] - Statement - return OTP: null

2018-09-15 10:43:39 - [TEST_STEP][PASSED] - Statement - If (OTP.equals("unavailable")): null

2018-09-15 10:43:39 - [TEST_STEP][PASSED] - Statement - Else: Text 'v8597
' is set on object 'Object Repository/Login/OtpInput'

2018-09-15 10:43:39 - [TEST_STEP][PASSED] - setText: Text 'v8597
' is set on object 'Object Repository/Login/OtpInput'

2018-09-15 10:43:39 - [MESSAGE][PASSED] - Text 'v8597
' is set on object 'Object Repository/Login/OtpInput'

2018-09-15 10:43:39 - [TEST_STEP][PASSED] - verifyElementPresent: Object 'Object Repository/Login/afterOpenDisplay' is present

2018-09-15 10:43:40 - [MESSAGE][PASSED] - Object 'Object Repository/Login/afterOpenDisplay' is present

2018-09-15 10:43:40 - [MESSAGE][PASSED] - Call Test Case 'Test Cases/BVT/aSimple_Login' successfully

2018-09-15 10:43:40 - [TEST_STEP][PASSED] - click: Object: 'Object Repository/Dashboard_Link Generator/linkgeneratorIcon' is clicked on

2018-09-15 10:43:41 - [MESSAGE][PASSED] - Object: 'Object Repository/Dashboard_Link Generator/linkgeneratorIcon' is clicked on

2018-09-15 10:43:41 - [TEST_STEP][PASSED] - click: Object: 'Object Repository/Dashboard_Link Generator/checkbox_phone ' is clicked on

2018-09-15 10:43:41 - [MESSAGE][PASSED] - Object: 'Object Repository/Dashboard_Link Generator/checkbox_phone ' is clicked on

2018-09-15 10:43:41 - [TEST_STEP][PASSED] - click: Object: 'Object Repository/Dashboard_Link Generator/div_GET LINK' is clicked on

2018-09-15 10:43:41 - [MESSAGE][PASSED] - Object: 'Object Repository/Dashboard_Link Generator/div_GET LINK' is clicked on

2018-09-15 10:43:41 - [TEST_STEP][PASSED] - Statement - If (com.kms.katalon.core.webui.keyword.WebUiBuiltInKeywords.verifyElementPresent(com.kms.katalon.core.testobject.ObjectRepository.findTestObject(Dashboard_Link Generator/validation), 5, OPTIONAL)): null

2018-09-15 10:43:41 - [MESSAGE][PASSED] - Object 'Object Repository/Dashboard_Link Generator/validation' is present

2018-09-15 10:43:41 - [TEST_STEP][PASSED] - Statement - validationMessage = com.kms.katalon.core.webui.keyword.WebUiBuiltInKeywords.getText(com.kms.katalon.core.testobject.ObjectRepository.findTestObject(Dashboard_Link Generator/validation)): Text of object 'Object Repository/Dashboard_Link Generator/validation' is: 'Please enter either Phone or Email'

2018-09-15 10:43:41 - [MESSAGE][PASSED] - Text of object 'Object Repository/Dashboard_Link Generator/validation' is: 'Please enter either Phone or Email'

2018-09-15 10:43:41 - [TEST_STEP][PASSED] - verifyMatch: Actual text 'Please enter either Phone or Email' and expected text 'Please enter either Phone or Email' are matched 

2018-09-15 10:43:41 - [MESSAGE][PASSED] - Actual text 'Please enter either Phone or Email' and expected text 'Please enter either Phone or Email' are matched 

2018-09-15 10:43:41 - [TEST_STEP][PASSED] - Statement - println("successful"): null

2018-09-15 10:43:41 - [TEST_STEP][PASSED] - delay: Delayed 4 second(s)

2018-09-15 10:43:45 - [MESSAGE][PASSED] - Delayed 4 second(s)

2018-09-15 10:43:45 - [TEST_STEP][PASSED] - click: Object: 'Object Repository/Dashboard_Link Generator/checkbox_mail' is clicked on

2018-09-15 10:43:45 - [MESSAGE][PASSED] - Object: 'Object Repository/Dashboard_Link Generator/checkbox_mail' is clicked on

2018-09-15 10:43:45 - [TEST_STEP][PASSED] - click: Object: 'Object Repository/Dashboard_Link Generator/div_GET LINK' is clicked on

2018-09-15 10:43:46 - [MESSAGE][PASSED] - Object: 'Object Repository/Dashboard_Link Generator/div_GET LINK' is clicked on

2018-09-15 10:43:46 - [TEST_STEP][PASSED] - Statement - If (com.kms.katalon.core.webui.keyword.WebUiBuiltInKeywords.verifyElementPresent(com.kms.katalon.core.testobject.ObjectRepository.findTestObject(Dashboard_Link Generator/validation), 5, OPTIONAL)): null

2018-09-15 10:43:46 - [MESSAGE][PASSED] - Object 'Object Repository/Dashboard_Link Generator/validation' is present

2018-09-15 10:43:46 - [TEST_STEP][PASSED] - Statement - validationMessage = com.kms.katalon.core.webui.keyword.WebUiBuiltInKeywords.getText(com.kms.katalon.core.testobject.ObjectRepository.findTestObject(Dashboard_Link Generator/validation)): Text of object 'Object Repository/Dashboard_Link Generator/validation' is: 'Please enter either Phone or Email'

2018-09-15 10:43:46 - [MESSAGE][PASSED] - Text of object 'Object Repository/Dashboard_Link Generator/validation' is: 'Please enter either Phone or Email'

2018-09-15 10:43:46 - [TEST_STEP][PASSED] - verifyMatch: Actual text 'Please enter either Phone or Email' and expected text 'Please enter either Phone or Email' are matched 

2018-09-15 10:43:46 - [MESSAGE][PASSED] - Actual text 'Please enter either Phone or Email' and expected text 'Please enter either Phone or Email' are matched 

2018-09-15 10:43:46 - [TEST_STEP][PASSED] - Statement - println("successful"): null

2018-09-15 10:43:46 - [TEST_STEP][PASSED] - delay: Delayed 4 second(s)

2018-09-15 10:43:50 - [MESSAGE][PASSED] - Delayed 4 second(s)

2018-09-15 10:43:50 - [TEST_STEP][PASSED] - click: Object: 'Object Repository/Dashboard_Link Generator/callOnly' is clicked on

2018-09-15 10:43:50 - [MESSAGE][PASSED] - Object: 'Object Repository/Dashboard_Link Generator/callOnly' is clicked on

2018-09-15 10:43:50 - [TEST_STEP][PASSED] - click: Object: 'Object Repository/Dashboard_Link Generator/div_GET LINK' is clicked on

2018-09-15 10:43:50 - [MESSAGE][PASSED] - Object: 'Object Repository/Dashboard_Link Generator/div_GET LINK' is clicked on

2018-09-15 10:43:50 - [TEST_STEP][PASSED] - Statement - If (com.kms.katalon.core.webui.keyword.WebUiBuiltInKeywords.verifyElementPresent(com.kms.katalon.core.testobject.ObjectRepository.findTestObject(Dashboard_Link Generator/validation), 5, OPTIONAL)): null

2018-09-15 10:43:50 - [MESSAGE][PASSED] - Object 'Object Repository/Dashboard_Link Generator/validation' is present

2018-09-15 10:43:50 - [TEST_STEP][PASSED] - Statement - validationMessage = com.kms.katalon.core.webui.keyword.WebUiBuiltInKeywords.getText(com.kms.katalon.core.testobject.ObjectRepository.findTestObject(Dashboard_Link Generator/validation)): Text of object 'Object Repository/Dashboard_Link Generator/validation' is: 'Please enter either Phone or Email'

2018-09-15 10:43:50 - [MESSAGE][PASSED] - Text of object 'Object Repository/Dashboard_Link Generator/validation' is: 'Please enter either Phone or Email'

2018-09-15 10:43:50 - [TEST_STEP][PASSED] - verifyMatch: Actual text 'Please enter either Phone or Email' and expected text 'Please enter either Phone or Email' are matched 

2018-09-15 10:43:50 - [MESSAGE][PASSED] - Actual text 'Please enter either Phone or Email' and expected text 'Please enter either Phone or Email' are matched 

2018-09-15 10:43:50 - [TEST_STEP][PASSED] - Statement - println("successful"): null]]></system-out>
         <system-err><![CDATA[]]></system-err>
      </testcase>
      <testcase name="Test Cases/completed/TestCase3_FilterLinkLog/FilterCountAndTimeSpent" classname="Test Cases/completed/TestCase3_FilterLinkLog/FilterCountAndTimeSpent" status="FAILED">
         <failure type="FAILED" message="(Stack trace: com.kms.katalon.core.exception.StepFailedException: Unable to click on object 'Object Repository/LinkLogFilter/FilterButton' (Root cause: org.openqa.selenium.WebDriverException: unknown error: Element &lt;div class=&quot;filter-btn&quot;>...&lt;/div> is not clickable at point (383, 102). Other element would receive the click: &lt;div class=&quot;loader-screen&quot;>...&lt;/div>
  (Session info: chrome=69.0.3497.92)
  (Driver info: chromedriver=2.35.528161 (5b82f2d2aae0ca24b877009200ced9065a772e73),platform=Windows NT 10.0.17134 x86_64) (WARNING: The server did not provide any stacktrace information)
Command duration or timeout: 0 milliseconds
Build info: version: '3.7.1', revision: '8a0099a', time: '2017-11-06T21:07:36.161Z'
System info: host: 'DESKTOP-D4528LJ', ip: '10.6.8.31', os.name: 'Windows 10', os.arch: 'amd64', os.version: '10.0', java.version: '1.8.0_181'
Driver info: com.kms.katalon.selenium.driver.CChromeDriver
Capabilities {acceptInsecureCerts: false, acceptSslCerts: false, applicationCacheEnabled: false, browserConnectionEnabled: false, browserName: chrome, chrome: {chromedriverVersion: 2.35.528161 (5b82f2d2aae0ca..., userDataDir: C:\Users\Kaushal\AppData\Lo...}, cssSelectorsEnabled: true, databaseEnabled: false, handlesAlerts: true, hasTouchScreen: false, javascriptEnabled: true, locationContextEnabled: true, mobileEmulationEnabled: false, nativeEvents: true, networkConnectionEnabled: false, pageLoadStrategy: normal, platform: XP, platformName: XP, rotatable: false, setWindowRect: true, takesHeapSnapshot: true, takesScreenshot: true, unexpectedAlertBehaviour: , unhandledPromptBehavior: , version: 69.0.3497.92, webStorageEnabled: true}
Session ID: a58bd0f730fa4677f22149429b32ad35)
	at com.kms.katalon.core.keyword.internal.KeywordMain.stepFailed(KeywordMain.groovy:36)
	at com.kms.katalon.core.webui.keyword.internal.WebUIKeywordMain.stepFailed(WebUIKeywordMain.groovy:65)
	at com.kms.katalon.core.webui.keyword.internal.WebUIKeywordMain.runKeyword(WebUIKeywordMain.groovy:27)
	at com.kms.katalon.core.webui.keyword.builtin.ClickKeyword.click(ClickKeyword.groovy:86)
	at com.kms.katalon.core.webui.keyword.builtin.ClickKeyword.execute(ClickKeyword.groovy:67)
	at com.kms.katalon.core.keyword.internal.KeywordExecutor.executeKeywordForPlatform(KeywordExecutor.groovy:53)
	at com.kms.katalon.core.webui.keyword.WebUiBuiltInKeywords.click(WebUiBuiltInKeywords.groovy:616)
	at com.kms.katalon.core.webui.keyword.WebUiBuiltInKeywords$click$2.call(Unknown Source)
	at org.codehaus.groovy.runtime.callsite.CallSiteArray.defaultCall(CallSiteArray.java:48)
	at org.codehaus.groovy.runtime.callsite.AbstractCallSite.call(AbstractCallSite.java:113)
	at org.codehaus.groovy.runtime.callsite.AbstractCallSite.call(AbstractCallSite.java:125)
	at Script1535951907416.run(Script1535951907416.groovy:193)
	at com.kms.katalon.core.main.ScriptEngine.run(ScriptEngine.java:183)
	at com.kms.katalon.core.main.ScriptEngine.runScriptAsRawText(ScriptEngine.java:108)
	at com.kms.katalon.core.main.TestCaseExecutor.runScript(TestCaseExecutor.java:294)
	at com.kms.katalon.core.main.TestCaseExecutor.doExecute(TestCaseExecutor.java:285)
	at com.kms.katalon.core.main.TestCaseExecutor.processExecutionPhase(TestCaseExecutor.java:264)
	at com.kms.katalon.core.main.TestCaseExecutor.accessMainPhase(TestCaseExecutor.java:256)
	at com.kms.katalon.core.main.TestCaseExecutor.execute(TestCaseExecutor.java:200)
	at com.kms.katalon.core.main.TestCaseMain.runTestCase(TestCaseMain.java:99)
	at com.kms.katalon.core.keyword.builtin.CallTestCaseKeyword$_callTestCase_closure1.doCall(CallTestCaseKeyword.groovy:60)
	at com.kms.katalon.core.keyword.builtin.CallTestCaseKeyword$_callTestCase_closure1.call(CallTestCaseKeyword.groovy)
	at com.kms.katalon.core.keyword.internal.KeywordMain.runKeyword(KeywordMain.groovy:54)
	at com.kms.katalon.core.keyword.builtin.CallTestCaseKeyword.callTestCase(CallTestCaseKeyword.groovy:81)
	at com.kms.katalon.core.keyword.builtin.CallTestCaseKeyword.execute(CallTestCaseKeyword.groovy:45)
	at com.kms.katalon.core.keyword.internal.KeywordExecutor.executeKeywordForPlatform(KeywordExecutor.groovy:53)
	at com.kms.katalon.core.keyword.BuiltinKeywords.callTestCase(BuiltinKeywords.groovy:350)
	at sun.reflect.GeneratedMethodAccessor16.invoke(Unknown Source)
	at sun.reflect.DelegatingMethodAccessorImpl.invoke(DelegatingMethodAccessorImpl.java:43)
	at java.lang.reflect.Method.invoke(Method.java:498)
	at org.codehaus.groovy.reflection.CachedMethod.invoke(CachedMethod.java:93)
	at groovy.lang.MetaMethod.doMethodInvoke(MetaMethod.java:325)
	at groovy.lang.MetaClassImpl.invokeStaticMethod(MetaClassImpl.java:1469)
	at org.codehaus.groovy.runtime.callsite.StaticMetaClassSite.call(StaticMetaClassSite.java:53)
	at org.codehaus.groovy.runtime.callsite.CallSiteArray.defaultCall(CallSiteArray.java:48)
	at org.codehaus.groovy.runtime.callsite.AbstractCallSite.call(AbstractCallSite.java:113)
	at org.codehaus.groovy.runtime.callsite.AbstractCallSite.call(AbstractCallSite.java:133)
	at Script1534588066162.run(Script1534588066162.groovy:26)
	at com.kms.katalon.core.main.ScriptEngine.run(ScriptEngine.java:183)
	at com.kms.katalon.core.main.ScriptEngine.runScriptAsRawText(ScriptEngine.java:108)
	at com.kms.katalon.core.main.TestCaseExecutor.runScript(TestCaseExecutor.java:294)
	at com.kms.katalon.core.main.TestCaseExecutor.doExecute(TestCaseExecutor.java:285)
	at com.kms.katalon.core.main.TestCaseExecutor.processExecutionPhase(TestCaseExecutor.java:264)
	at com.kms.katalon.core.main.TestCaseExecutor.accessMainPhase(TestCaseExecutor.java:256)
	at com.kms.katalon.core.main.TestCaseExecutor.execute(TestCaseExecutor.java:200)
	at com.kms.katalon.core.main.TestSuiteExecutor.accessTestCaseMainPhase(TestSuiteExecutor.java:129)
	at com.kms.katalon.core.main.TestSuiteExecutor.accessTestSuiteMainPhase(TestSuiteExecutor.java:112)
	at com.kms.katalon.core.main.TestSuiteExecutor.execute(TestSuiteExecutor.java:81)
	at com.kms.katalon.core.main.TestCaseMain.startTestSuite(TestCaseMain.java:142)
	at com.kms.katalon.core.main.TestCaseMain$startTestSuite$0.call(Unknown Source)
	at org.codehaus.groovy.runtime.callsite.CallSiteArray.defaultCall(CallSiteArray.java:48)
	at org.codehaus.groovy.runtime.callsite.AbstractCallSite.call(AbstractCallSite.java:113)
	at org.codehaus.groovy.runtime.callsite.AbstractCallSite.call(AbstractCallSite.java:141)
	at TempTestSuite1537003942876.run(TempTestSuite1537003942876.groovy:36)
	at groovy.lang.GroovyShell.runScriptOrMainOrTestOrRunnable(GroovyShell.java:263)
	at groovy.lang.GroovyShell.run(GroovyShell.java:518)
	at groovy.lang.GroovyShell.run(GroovyShell.java:507)
	at groovy.ui.GroovyMain.processOnce(GroovyMain.java:653)
	at groovy.ui.GroovyMain.run(GroovyMain.java:384)
	at groovy.ui.GroovyMain.process(GroovyMain.java:370)
	at groovy.ui.GroovyMain.processArgs(GroovyMain.java:129)
	at groovy.ui.GroovyMain.main(GroovyMain.java:109)
	at sun.reflect.NativeMethodAccessorImpl.invoke0(Native Method)
	at sun.reflect.NativeMethodAccessorImpl.invoke(NativeMethodAccessorImpl.java:62)
	at sun.reflect.DelegatingMethodAccessorImpl.invoke(DelegatingMethodAccessorImpl.java:43)
	at java.lang.reflect.Method.invoke(Method.java:498)
	at org.codehaus.groovy.tools.GroovyStarter.rootLoader(GroovyStarter.java:109)
	at org.codehaus.groovy.tools.GroovyStarter.main(GroovyStarter.java:131)
)"/>
         <system-out><![CDATA[2018-09-15 10:43:50 - [TEST_CASE][FAILED] - Test Cases/completed/TestCase3_FilterLinkLog/FilterCountAndTimeSpent: Test Cases/completed/TestCase3_FilterLinkLog/FilterCountAndTimeSpent FAILED because (of) (Stack trace: com.kms.katalon.core.exception.StepFailedException: Unable to click on object 'Object Repository/LinkLogFilter/FilterButton' (Root cause: org.openqa.selenium.WebDriverException: unknown error: Element <div class="filter-btn">...</div> is not clickable at point (383, 102). Other element would receive the click: <div class="loader-screen">...</div>
  (Session info: chrome=69.0.3497.92)
  (Driver info: chromedriver=2.35.528161 (5b82f2d2aae0ca24b877009200ced9065a772e73),platform=Windows NT 10.0.17134 x86_64) (WARNING: The server did not provide any stacktrace information)
Command duration or timeout: 0 milliseconds
Build info: version: '3.7.1', revision: '8a0099a', time: '2017-11-06T21:07:36.161Z'
System info: host: 'DESKTOP-D4528LJ', ip: '10.6.8.31', os.name: 'Windows 10', os.arch: 'amd64', os.version: '10.0', java.version: '1.8.0_181'
Driver info: com.kms.katalon.selenium.driver.CChromeDriver
Capabilities {acceptInsecureCerts: false, acceptSslCerts: false, applicationCacheEnabled: false, browserConnectionEnabled: false, browserName: chrome, chrome: {chromedriverVersion: 2.35.528161 (5b82f2d2aae0ca..., userDataDir: C:\Users\Kaushal\AppData\Lo...}, cssSelectorsEnabled: true, databaseEnabled: false, handlesAlerts: true, hasTouchScreen: false, javascriptEnabled: true, locationContextEnabled: true, mobileEmulationEnabled: false, nativeEvents: true, networkConnectionEnabled: false, pageLoadStrategy: normal, platform: XP, platformName: XP, rotatable: false, setWindowRect: true, takesHeapSnapshot: true, takesScreenshot: true, unexpectedAlertBehaviour: , unhandledPromptBehavior: , version: 69.0.3497.92, webStorageEnabled: true}
Session ID: a58bd0f730fa4677f22149429b32ad35)
	at com.kms.katalon.core.keyword.internal.KeywordMain.stepFailed(KeywordMain.groovy:36)
	at com.kms.katalon.core.webui.keyword.internal.WebUIKeywordMain.stepFailed(WebUIKeywordMain.groovy:65)
	at com.kms.katalon.core.webui.keyword.internal.WebUIKeywordMain.runKeyword(WebUIKeywordMain.groovy:27)
	at com.kms.katalon.core.webui.keyword.builtin.ClickKeyword.click(ClickKeyword.groovy:86)
	at com.kms.katalon.core.webui.keyword.builtin.ClickKeyword.execute(ClickKeyword.groovy:67)
	at com.kms.katalon.core.keyword.internal.KeywordExecutor.executeKeywordForPlatform(KeywordExecutor.groovy:53)
	at com.kms.katalon.core.webui.keyword.WebUiBuiltInKeywords.click(WebUiBuiltInKeywords.groovy:616)
	at com.kms.katalon.core.webui.keyword.WebUiBuiltInKeywords$click$2.call(Unknown Source)
	at org.codehaus.groovy.runtime.callsite.CallSiteArray.defaultCall(CallSiteArray.java:48)
	at org.codehaus.groovy.runtime.callsite.AbstractCallSite.call(AbstractCallSite.java:113)
	at org.codehaus.groovy.runtime.callsite.AbstractCallSite.call(AbstractCallSite.java:125)
	at Script1535951907416.run(Script1535951907416.groovy:193)
	at com.kms.katalon.core.main.ScriptEngine.run(ScriptEngine.java:183)
	at com.kms.katalon.core.main.ScriptEngine.runScriptAsRawText(ScriptEngine.java:108)
	at com.kms.katalon.core.main.TestCaseExecutor.runScript(TestCaseExecutor.java:294)
	at com.kms.katalon.core.main.TestCaseExecutor.doExecute(TestCaseExecutor.java:285)
	at com.kms.katalon.core.main.TestCaseExecutor.processExecutionPhase(TestCaseExecutor.java:264)
	at com.kms.katalon.core.main.TestCaseExecutor.accessMainPhase(TestCaseExecutor.java:256)
	at com.kms.katalon.core.main.TestCaseExecutor.execute(TestCaseExecutor.java:200)
	at com.kms.katalon.core.main.TestCaseMain.runTestCase(TestCaseMain.java:99)
	at com.kms.katalon.core.keyword.builtin.CallTestCaseKeyword$_callTestCase_closure1.doCall(CallTestCaseKeyword.groovy:60)
	at com.kms.katalon.core.keyword.builtin.CallTestCaseKeyword$_callTestCase_closure1.call(CallTestCaseKeyword.groovy)
	at com.kms.katalon.core.keyword.internal.KeywordMain.runKeyword(KeywordMain.groovy:54)
	at com.kms.katalon.core.keyword.builtin.CallTestCaseKeyword.callTestCase(CallTestCaseKeyword.groovy:81)
	at com.kms.katalon.core.keyword.builtin.CallTestCaseKeyword.execute(CallTestCaseKeyword.groovy:45)
	at com.kms.katalon.core.keyword.internal.KeywordExecutor.executeKeywordForPlatform(KeywordExecutor.groovy:53)
	at com.kms.katalon.core.keyword.BuiltinKeywords.callTestCase(BuiltinKeywords.groovy:350)
	at sun.reflect.GeneratedMethodAccessor16.invoke(Unknown Source)
	at sun.reflect.DelegatingMethodAccessorImpl.invoke(DelegatingMethodAccessorImpl.java:43)
	at java.lang.reflect.Method.invoke(Method.java:498)
	at org.codehaus.groovy.reflection.CachedMethod.invoke(CachedMethod.java:93)
	at groovy.lang.MetaMethod.doMethodInvoke(MetaMethod.java:325)
	at groovy.lang.MetaClassImpl.invokeStaticMethod(MetaClassImpl.java:1469)
	at org.codehaus.groovy.runtime.callsite.StaticMetaClassSite.call(StaticMetaClassSite.java:53)
	at org.codehaus.groovy.runtime.callsite.CallSiteArray.defaultCall(CallSiteArray.java:48)
	at org.codehaus.groovy.runtime.callsite.AbstractCallSite.call(AbstractCallSite.java:113)
	at org.codehaus.groovy.runtime.callsite.AbstractCallSite.call(AbstractCallSite.java:133)
	at Script1534588066162.run(Script1534588066162.groovy:26)
	at com.kms.katalon.core.main.ScriptEngine.run(ScriptEngine.java:183)
	at com.kms.katalon.core.main.ScriptEngine.runScriptAsRawText(ScriptEngine.java:108)
	at com.kms.katalon.core.main.TestCaseExecutor.runScript(TestCaseExecutor.java:294)
	at com.kms.katalon.core.main.TestCaseExecutor.doExecute(TestCaseExecutor.java:285)
	at com.kms.katalon.core.main.TestCaseExecutor.processExecutionPhase(TestCaseExecutor.java:264)
	at com.kms.katalon.core.main.TestCaseExecutor.accessMainPhase(TestCaseExecutor.java:256)
	at com.kms.katalon.core.main.TestCaseExecutor.execute(TestCaseExecutor.java:200)
	at com.kms.katalon.core.main.TestSuiteExecutor.accessTestCaseMainPhase(TestSuiteExecutor.java:129)
	at com.kms.katalon.core.main.TestSuiteExecutor.accessTestSuiteMainPhase(TestSuiteExecutor.java:112)
	at com.kms.katalon.core.main.TestSuiteExecutor.execute(TestSuiteExecutor.java:81)
	at com.kms.katalon.core.main.TestCaseMain.startTestSuite(TestCaseMain.java:142)
	at com.kms.katalon.core.main.TestCaseMain$startTestSuite$0.call(Unknown Source)
	at org.codehaus.groovy.runtime.callsite.CallSiteArray.defaultCall(CallSiteArray.java:48)
	at org.codehaus.groovy.runtime.callsite.AbstractCallSite.call(AbstractCallSite.java:113)
	at org.codehaus.groovy.runtime.callsite.AbstractCallSite.call(AbstractCallSite.java:141)
	at TempTestSuite1537003942876.run(TempTestSuite1537003942876.groovy:36)
	at groovy.lang.GroovyShell.runScriptOrMainOrTestOrRunnable(GroovyShell.java:263)
	at groovy.lang.GroovyShell.run(GroovyShell.java:518)
	at groovy.lang.GroovyShell.run(GroovyShell.java:507)
	at groovy.ui.GroovyMain.processOnce(GroovyMain.java:653)
	at groovy.ui.GroovyMain.run(GroovyMain.java:384)
	at groovy.ui.GroovyMain.process(GroovyMain.java:370)
	at groovy.ui.GroovyMain.processArgs(GroovyMain.java:129)
	at groovy.ui.GroovyMain.main(GroovyMain.java:109)
	at sun.reflect.NativeMethodAccessorImpl.invoke0(Native Method)
	at sun.reflect.NativeMethodAccessorImpl.invoke(NativeMethodAccessorImpl.java:62)
	at sun.reflect.DelegatingMethodAccessorImpl.invoke(DelegatingMethodAccessorImpl.java:43)
	at java.lang.reflect.Method.invoke(Method.java:498)
	at org.codehaus.groovy.tools.GroovyStarter.rootLoader(GroovyStarter.java:109)
	at org.codehaus.groovy.tools.GroovyStarter.main(GroovyStarter.java:131)
)

2018-09-15 10:43:50 - [TEST_STEP][PASSED] - callTestCase: Call Test Case 'Test Cases/BVT/aSimple_Login' successfully

2018-09-15 10:43:50 - [TEST_CASE][PASSED] - Test Cases/BVT/aSimple_Login: Test Cases/BVT/aSimple_Login

2018-09-15 10:43:50 - [TEST_STEP][PASSED] - openBrowser: Browser is opened with url: ''

2018-09-15 10:43:50 - [MESSAGE][WARNING] - A browser is already opened. Closing browser and opening a new one

2018-09-15 10:43:53 - [MESSAGE][PASSED] - Browser is opened with url: ''

2018-09-15 10:43:53 - [TEST_STEP][PASSED] - maximizeWindow: Current window maximized

2018-09-15 10:43:54 - [MESSAGE][PASSED] - Current window maximized

2018-09-15 10:43:54 - [TEST_STEP][PASSED] - navigateToUrl: Navigate to 'https://dev.vcalling.in/enterprises/UAT/Dashboard/index.html' successfully

2018-09-15 10:43:58 - [MESSAGE][PASSED] - Navigate to 'https://dev.vcalling.in/enterprises/UAT/Dashboard/index.html' successfully

2018-09-15 10:43:58 - [TEST_STEP][PASSED] - setText: Text 'testing4dea@gmail.com' is set on object 'Object Repository/Login/UserId'

2018-09-15 10:43:58 - [MESSAGE][PASSED] - Text 'testing4dea@gmail.com' is set on object 'Object Repository/Login/UserId'

2018-09-15 10:43:58 - [TEST_STEP][PASSED] - click: Object: 'Object Repository/Login/div_GET OTP' is clicked on

2018-09-15 10:43:58 - [MESSAGE][PASSED] - Object: 'Object Repository/Login/div_GET OTP' is clicked on

2018-09-15 10:43:58 - [TEST_STEP][PASSED] - waitForElementPresent: Object 'Object Repository/Login/div_SUBMIT' is present

2018-09-15 10:44:00 - [MESSAGE][PASSED] - Object 'Object Repository/Login/div_SUBMIT' is present

2018-09-15 10:44:00 - [TEST_STEP][PASSED] - Statement - If (com.kms.katalon.core.webui.keyword.WebUiBuiltInKeywords.verifyElementNotPresent(com.kms.katalon.core.testobject.ObjectRepository.findTestObject(Login/div_SUBMIT), 5, OPTIONAL)): Web element with id: 'Object Repository/Login/div_SUBMIT' located by 'By.xpath: //div[(text() = ' SUBMIT ' or . = ' SUBMIT ')]' is present after '5' second(s)

2018-09-15 10:44:05 - [MESSAGE][WARNING] - Web element with id: 'Object Repository/Login/div_SUBMIT' located by 'By.xpath: //div[(text() = ' SUBMIT ' or . = ' SUBMIT ')]' is present after '5' second(s)
[[ATTACHMENT|C:\\Users\\Kaushal\\Desktop\\Katalon Studio\\vCallingDashboard\\Reports\\RegressionSuite\\20180915_103222\\1537004645492.png]]

2018-09-15 10:44:05 - [TEST_STEP][PASSED] - Statement - sleep(5000): null

2018-09-15 10:44:10 - [TEST_STEP][PASSED] - Statement - OTP = getOTP(): null

2018-09-15 10:44:10 - [TEST_STEP][PASSED] - Statement - host = "imap.gmail.com": null

2018-09-15 10:44:10 - [TEST_STEP][PASSED] - Statement - msg = <not implemented yet for class: org.codehaus.groovy.ast.expr.EmptyExpression>: null

2018-09-15 10:44:10 - [TEST_STEP][PASSED] - Statement - msgSub = <not implemented yet for class: org.codehaus.groovy.ast.expr.EmptyExpression>: null

2018-09-15 10:44:10 - [TEST_STEP][PASSED] - Statement - OTP = "unavailable": null

2018-09-15 10:44:10 - [TEST_STEP][PASSED] - Statement - props = new java.util.Properties(): null

2018-09-15 10:44:10 - [TEST_STEP][PASSED] - Statement - props.setProperty("mail.imap.ssl.enable", "true"): null

2018-09-15 10:44:10 - [TEST_STEP][PASSED] - Statement - session = javax.mail.Session.getInstance(props): null

2018-09-15 10:44:10 - [TEST_STEP][PASSED] - Statement - store = <not implemented yet for class: org.codehaus.groovy.ast.expr.EmptyExpression>: null

2018-09-15 10:44:10 - [TEST_STEP][PASSED] - Statement - Try: null

2018-09-15 10:44:10 - [TEST_STEP][PASSED] - Statement - store = session.getStore("imap"): null

2018-09-15 10:44:10 - [TEST_STEP][PASSED] - Statement - store.connect(host, Email, Password): null

2018-09-15 10:44:12 - [TEST_STEP][PASSED] - Statement - emailFolder = store.getFolder("INBOX"): null

2018-09-15 10:44:12 - [TEST_STEP][PASSED] - Statement - emailFolder.open(READ_WRITE): null

2018-09-15 10:44:13 - [TEST_STEP][PASSED] - Statement - messages = emailFolder.getMessages(): null

2018-09-15 10:44:13 - [TEST_STEP][PASSED] - Statement - n = length: null

2018-09-15 10:44:13 - [TEST_STEP][PASSED] - Statement - message = messages[n - 1]: null

2018-09-15 10:44:13 - [TEST_STEP][PASSED] - Statement - msgSub = message.getSubject(): null

2018-09-15 10:44:13 - [TEST_STEP][PASSED] - Statement - If (msgSub.equals("OTP to Sign In")): null

2018-09-15 10:44:13 - [TEST_STEP][PASSED] - Statement - msg = message.getContent().toString(): null

2018-09-15 10:44:14 - [TEST_STEP][PASSED] - Statement - OTP = msg.substring(msg.length() - 7): null

2018-09-15 10:44:14 - [TEST_STEP][PASSED] - Statement - message.setFlag(DELETED, true): null

2018-09-15 10:44:14 - [TEST_STEP][PASSED] - Statement - emailFolder.close(true): null

2018-09-15 10:44:14 - [TEST_STEP][PASSED] - Statement - store.close(): null

2018-09-15 10:44:15 - [TEST_STEP][PASSED] - Statement - return OTP: null

2018-09-15 10:44:15 - [TEST_STEP][PASSED] - Statement - If (OTP.equals("unavailable")): null

2018-09-15 10:44:15 - [TEST_STEP][PASSED] - Statement - Else: Text 'r8236
' is set on object 'Object Repository/Login/OtpInput'

2018-09-15 10:44:15 - [TEST_STEP][PASSED] - setText: Text 'r8236
' is set on object 'Object Repository/Login/OtpInput'

2018-09-15 10:44:15 - [MESSAGE][PASSED] - Text 'r8236
' is set on object 'Object Repository/Login/OtpInput'

2018-09-15 10:44:15 - [TEST_STEP][PASSED] - verifyElementPresent: Object 'Object Repository/Login/afterOpenDisplay' is present

2018-09-15 10:44:15 - [MESSAGE][PASSED] - Object 'Object Repository/Login/afterOpenDisplay' is present

2018-09-15 10:44:15 - [MESSAGE][PASSED] - Call Test Case 'Test Cases/BVT/aSimple_Login' successfully

2018-09-15 10:44:15 - [TEST_STEP][FAILED] - callTestCase: Unable to call Test Case with id 'Test Cases/commonFunctionality/filterTimeSpentAndCount' (Root cause: Call Test Case 'Test Cases/commonFunctionality/filterTimeSpentAndCount' failed)

2018-09-15 10:44:15 - [TEST_CASE][FAILED] - Test Cases/commonFunctionality/filterTimeSpentAndCount: Test Cases/commonFunctionality/filterTimeSpentAndCount FAILED because (of) (Stack trace: com.kms.katalon.core.exception.StepFailedException: Unable to click on object 'Object Repository/LinkLogFilter/FilterButton' (Root cause: org.openqa.selenium.WebDriverException: unknown error: Element <div class="filter-btn">...</div> is not clickable at point (383, 102). Other element would receive the click: <div class="loader-screen">...</div>
  (Session info: chrome=69.0.3497.92)
  (Driver info: chromedriver=2.35.528161 (5b82f2d2aae0ca24b877009200ced9065a772e73),platform=Windows NT 10.0.17134 x86_64) (WARNING: The server did not provide any stacktrace information)
Command duration or timeout: 0 milliseconds
Build info: version: '3.7.1', revision: '8a0099a', time: '2017-11-06T21:07:36.161Z'
System info: host: 'DESKTOP-D4528LJ', ip: '10.6.8.31', os.name: 'Windows 10', os.arch: 'amd64', os.version: '10.0', java.version: '1.8.0_181'
Driver info: com.kms.katalon.selenium.driver.CChromeDriver
Capabilities {acceptInsecureCerts: false, acceptSslCerts: false, applicationCacheEnabled: false, browserConnectionEnabled: false, browserName: chrome, chrome: {chromedriverVersion: 2.35.528161 (5b82f2d2aae0ca..., userDataDir: C:\Users\Kaushal\AppData\Lo...}, cssSelectorsEnabled: true, databaseEnabled: false, handlesAlerts: true, hasTouchScreen: false, javascriptEnabled: true, locationContextEnabled: true, mobileEmulationEnabled: false, nativeEvents: true, networkConnectionEnabled: false, pageLoadStrategy: normal, platform: XP, platformName: XP, rotatable: false, setWindowRect: true, takesHeapSnapshot: true, takesScreenshot: true, unexpectedAlertBehaviour: , unhandledPromptBehavior: , version: 69.0.3497.92, webStorageEnabled: true}
Session ID: a58bd0f730fa4677f22149429b32ad35)
	at com.kms.katalon.core.keyword.internal.KeywordMain.stepFailed(KeywordMain.groovy:36)
	at com.kms.katalon.core.webui.keyword.internal.WebUIKeywordMain.stepFailed(WebUIKeywordMain.groovy:65)
	at com.kms.katalon.core.webui.keyword.internal.WebUIKeywordMain.runKeyword(WebUIKeywordMain.groovy:27)
	at com.kms.katalon.core.webui.keyword.builtin.ClickKeyword.click(ClickKeyword.groovy:86)
	at com.kms.katalon.core.webui.keyword.builtin.ClickKeyword.execute(ClickKeyword.groovy:67)
	at com.kms.katalon.core.keyword.internal.KeywordExecutor.executeKeywordForPlatform(KeywordExecutor.groovy:53)
	at com.kms.katalon.core.webui.keyword.WebUiBuiltInKeywords.click(WebUiBuiltInKeywords.groovy:616)
	at com.kms.katalon.core.webui.keyword.WebUiBuiltInKeywords$click$2.call(Unknown Source)
	at org.codehaus.groovy.runtime.callsite.CallSiteArray.defaultCall(CallSiteArray.java:48)
	at org.codehaus.groovy.runtime.callsite.AbstractCallSite.call(AbstractCallSite.java:113)
	at org.codehaus.groovy.runtime.callsite.AbstractCallSite.call(AbstractCallSite.java:125)
	at Script1535951907416.run(Script1535951907416.groovy:193)
	at com.kms.katalon.core.main.ScriptEngine.run(ScriptEngine.java:183)
	at com.kms.katalon.core.main.ScriptEngine.runScriptAsRawText(ScriptEngine.java:108)
	at com.kms.katalon.core.main.TestCaseExecutor.runScript(TestCaseExecutor.java:294)
	at com.kms.katalon.core.main.TestCaseExecutor.doExecute(TestCaseExecutor.java:285)
	at com.kms.katalon.core.main.TestCaseExecutor.processExecutionPhase(TestCaseExecutor.java:264)
	at com.kms.katalon.core.main.TestCaseExecutor.accessMainPhase(TestCaseExecutor.java:256)
	at com.kms.katalon.core.main.TestCaseExecutor.execute(TestCaseExecutor.java:200)
	at com.kms.katalon.core.main.TestCaseMain.runTestCase(TestCaseMain.java:99)
	at com.kms.katalon.core.keyword.builtin.CallTestCaseKeyword$_callTestCase_closure1.doCall(CallTestCaseKeyword.groovy:60)
	at com.kms.katalon.core.keyword.builtin.CallTestCaseKeyword$_callTestCase_closure1.call(CallTestCaseKeyword.groovy)
	at com.kms.katalon.core.keyword.internal.KeywordMain.runKeyword(KeywordMain.groovy:54)
	at com.kms.katalon.core.keyword.builtin.CallTestCaseKeyword.callTestCase(CallTestCaseKeyword.groovy:81)
	at com.kms.katalon.core.keyword.builtin.CallTestCaseKeyword.execute(CallTestCaseKeyword.groovy:45)
	at com.kms.katalon.core.keyword.internal.KeywordExecutor.executeKeywordForPlatform(KeywordExecutor.groovy:53)
	at com.kms.katalon.core.keyword.BuiltinKeywords.callTestCase(BuiltinKeywords.groovy:350)
	at sun.reflect.GeneratedMethodAccessor16.invoke(Unknown Source)
	at sun.reflect.DelegatingMethodAccessorImpl.invoke(DelegatingMethodAccessorImpl.java:43)
	at java.lang.reflect.Method.invoke(Method.java:498)
	at org.codehaus.groovy.reflection.CachedMethod.invoke(CachedMethod.java:93)
	at groovy.lang.MetaMethod.doMethodInvoke(MetaMethod.java:325)
	at groovy.lang.MetaClassImpl.invokeStaticMethod(MetaClassImpl.java:1469)
	at org.codehaus.groovy.runtime.callsite.StaticMetaClassSite.call(StaticMetaClassSite.java:53)
	at org.codehaus.groovy.runtime.callsite.CallSiteArray.defaultCall(CallSiteArray.java:48)
	at org.codehaus.groovy.runtime.callsite.AbstractCallSite.call(AbstractCallSite.java:113)
	at org.codehaus.groovy.runtime.callsite.AbstractCallSite.call(AbstractCallSite.java:133)
	at Script1534588066162.run(Script1534588066162.groovy:26)
	at com.kms.katalon.core.main.ScriptEngine.run(ScriptEngine.java:183)
	at com.kms.katalon.core.main.ScriptEngine.runScriptAsRawText(ScriptEngine.java:108)
	at com.kms.katalon.core.main.TestCaseExecutor.runScript(TestCaseExecutor.java:294)
	at com.kms.katalon.core.main.TestCaseExecutor.doExecute(TestCaseExecutor.java:285)
	at com.kms.katalon.core.main.TestCaseExecutor.processExecutionPhase(TestCaseExecutor.java:264)
	at com.kms.katalon.core.main.TestCaseExecutor.accessMainPhase(TestCaseExecutor.java:256)
	at com.kms.katalon.core.main.TestCaseExecutor.execute(TestCaseExecutor.java:200)
	at com.kms.katalon.core.main.TestSuiteExecutor.accessTestCaseMainPhase(TestSuiteExecutor.java:129)
	at com.kms.katalon.core.main.TestSuiteExecutor.accessTestSuiteMainPhase(TestSuiteExecutor.java:112)
	at com.kms.katalon.core.main.TestSuiteExecutor.execute(TestSuiteExecutor.java:81)
	at com.kms.katalon.core.main.TestCaseMain.startTestSuite(TestCaseMain.java:142)
	at com.kms.katalon.core.main.TestCaseMain$startTestSuite$0.call(Unknown Source)
	at org.codehaus.groovy.runtime.callsite.CallSiteArray.defaultCall(CallSiteArray.java:48)
	at org.codehaus.groovy.runtime.callsite.AbstractCallSite.call(AbstractCallSite.java:113)
	at org.codehaus.groovy.runtime.callsite.AbstractCallSite.call(AbstractCallSite.java:141)
	at TempTestSuite1537003942876.run(TempTestSuite1537003942876.groovy:36)
	at groovy.lang.GroovyShell.runScriptOrMainOrTestOrRunnable(GroovyShell.java:263)
	at groovy.lang.GroovyShell.run(GroovyShell.java:518)
	at groovy.lang.GroovyShell.run(GroovyShell.java:507)
	at groovy.ui.GroovyMain.processOnce(GroovyMain.java:653)
	at groovy.ui.GroovyMain.run(GroovyMain.java:384)
	at groovy.ui.GroovyMain.process(GroovyMain.java:370)
	at groovy.ui.GroovyMain.processArgs(GroovyMain.java:129)
	at groovy.ui.GroovyMain.main(GroovyMain.java:109)
	at sun.reflect.NativeMethodAccessorImpl.invoke0(Native Method)
	at sun.reflect.NativeMethodAccessorImpl.invoke(NativeMethodAccessorImpl.java:62)
	at sun.reflect.DelegatingMethodAccessorImpl.invoke(DelegatingMethodAccessorImpl.java:43)
	at java.lang.reflect.Method.invoke(Method.java:498)
	at org.codehaus.groovy.tools.GroovyStarter.rootLoader(GroovyStarter.java:109)
	at org.codehaus.groovy.tools.GroovyStarter.main(GroovyStarter.java:131)
)

2018-09-15 10:44:16 - [TEST_STEP][PASSED] - click: Object: 'Object Repository/LinkLogFilter/FilterButton' is clicked on

2018-09-15 10:44:16 - [MESSAGE][PASSED] - Object: 'Object Repository/LinkLogFilter/FilterButton' is clicked on

2018-09-15 10:44:17 - [TEST_STEP][PASSED] - Statement - If (com.kms.katalon.core.webui.keyword.WebUiBuiltInKeywords.verifyElementPresent(com.kms.katalon.core.testobject.ObjectRepository.findTestObject(filter/filterContainer), 5, OPTIONAL)): null

2018-09-15 10:44:17 - [MESSAGE][PASSED] - Object 'Object Repository/filter/filterContainer' is present

2018-09-15 10:44:17 - [TEST_STEP][PASSED] - Statement - println("open filter POP Up successful"): null

2018-09-15 10:44:17 - [TEST_STEP][PASSED] - setText: Text '0' is set on object 'Object Repository/LinkLogFilter/openLinkCount'

2018-09-15 10:44:17 - [MESSAGE][PASSED] - Text '0' is set on object 'Object Repository/LinkLogFilter/openLinkCount'

2018-09-15 10:44:17 - [TEST_STEP][PASSED] - setText: Text '2' is set on object 'Object Repository/LinkLogFilter/timeSpentFilter'

2018-09-15 10:44:17 - [MESSAGE][PASSED] - Text '2' is set on object 'Object Repository/LinkLogFilter/timeSpentFilter'

2018-09-15 10:44:17 - [TEST_STEP][PASSED] - click: Object: 'Object Repository/LinkLogFilter/innerFilterButton' is clicked on

2018-09-15 10:44:17 - [MESSAGE][PASSED] - Object: 'Object Repository/LinkLogFilter/innerFilterButton' is clicked on

2018-09-15 10:44:17 - [TEST_STEP][PASSED] - delay: Delayed 5 second(s)

2018-09-15 10:44:22 - [MESSAGE][PASSED] - Delayed 5 second(s)

2018-09-15 10:44:22 - [TEST_STEP][PASSED] - click: Object: 'Object Repository/LinkLogFilter/FilterButton' is clicked on

2018-09-15 10:44:22 - [MESSAGE][PASSED] - Object: 'Object Repository/LinkLogFilter/FilterButton' is clicked on

2018-09-15 10:44:22 - [TEST_STEP][PASSED] - Statement - If (com.kms.katalon.core.webui.keyword.WebUiBuiltInKeywords.verifyElementPresent(com.kms.katalon.core.testobject.ObjectRepository.findTestObject(filter/filterContainer), 5, OPTIONAL)): null

2018-09-15 10:44:22 - [MESSAGE][PASSED] - Object 'Object Repository/filter/filterContainer' is present

2018-09-15 10:44:22 - [TEST_STEP][PASSED] - Statement - println("open filter POP Up successful"): null

2018-09-15 10:44:22 - [TEST_STEP][PASSED] - setText: Text 'P' is set on object 'Object Repository/LinkLogFilter/openLinkCount'

2018-09-15 10:44:22 - [MESSAGE][PASSED] - Text 'P' is set on object 'Object Repository/LinkLogFilter/openLinkCount'

2018-09-15 10:44:22 - [TEST_STEP][PASSED] - setText: Text '0' is set on object 'Object Repository/LinkLogFilter/timeSpentFilter'

2018-09-15 10:44:22 - [MESSAGE][PASSED] - Text '0' is set on object 'Object Repository/LinkLogFilter/timeSpentFilter'

2018-09-15 10:44:22 - [TEST_STEP][PASSED] - click: Object: 'Object Repository/LinkLogFilter/innerFilterButton' is clicked on

2018-09-15 10:44:22 - [MESSAGE][PASSED] - Object: 'Object Repository/LinkLogFilter/innerFilterButton' is clicked on

2018-09-15 10:44:22 - [TEST_STEP][PASSED] - delay: Delayed 5 second(s)

2018-09-15 10:44:27 - [MESSAGE][PASSED] - Delayed 5 second(s)

2018-09-15 10:44:27 - [TEST_STEP][PASSED] - clickOffset: Object: 'Object Repository/filter/filterScreen' is clicked on using offset x=100 and y=200

2018-09-15 10:44:28 - [MESSAGE][PASSED] - Object: 'Object Repository/filter/filterScreen' is clicked on using offset x=100 and y=200

2018-09-15 10:44:28 - [TEST_STEP][PASSED] - click: Object: 'Object Repository/LinkLogFilter/FilterButton' is clicked on

2018-09-15 10:44:28 - [MESSAGE][PASSED] - Object: 'Object Repository/LinkLogFilter/FilterButton' is clicked on

2018-09-15 10:44:28 - [TEST_STEP][PASSED] - Statement - If (com.kms.katalon.core.webui.keyword.WebUiBuiltInKeywords.verifyElementPresent(com.kms.katalon.core.testobject.ObjectRepository.findTestObject(filter/filterContainer), 5, OPTIONAL)): null

2018-09-15 10:44:28 - [MESSAGE][PASSED] - Object 'Object Repository/filter/filterContainer' is present

2018-09-15 10:44:28 - [TEST_STEP][PASSED] - Statement - println("open filter POP Up successful"): null

2018-09-15 10:44:28 - [TEST_STEP][PASSED] - sendKeys: Keys 'CONTROL + DELETE + a' sent to object: 'Object Repository/LinkLogFilter/openLinkCount'

2018-09-15 10:44:28 - [MESSAGE][PASSED] - Keys 'CONTROL + DELETE + a' sent to object: 'Object Repository/LinkLogFilter/openLinkCount'

2018-09-15 10:44:28 - [TEST_STEP][PASSED] - setText: Text '2' is set on object 'Object Repository/LinkLogFilter/openLinkCount'

2018-09-15 10:44:28 - [MESSAGE][PASSED] - Text '2' is set on object 'Object Repository/LinkLogFilter/openLinkCount'

2018-09-15 10:44:28 - [TEST_STEP][PASSED] - sendKeys: Keys 'CONTROL + DELETE + a' sent to object: 'Object Repository/LinkLogFilter/timeSpentFilter'

2018-09-15 10:44:28 - [MESSAGE][PASSED] - Keys 'CONTROL + DELETE + a' sent to object: 'Object Repository/LinkLogFilter/timeSpentFilter'

2018-09-15 10:44:28 - [TEST_STEP][PASSED] - setText: Text '899999999999999999' is set on object 'Object Repository/LinkLogFilter/timeSpentFilter'

2018-09-15 10:44:28 - [MESSAGE][PASSED] - Text '899999999999999999' is set on object 'Object Repository/LinkLogFilter/timeSpentFilter'

2018-09-15 10:44:28 - [TEST_STEP][PASSED] - click: Object: 'Object Repository/LinkLogFilter/innerFilterButton' is clicked on

2018-09-15 10:44:28 - [MESSAGE][PASSED] - Object: 'Object Repository/LinkLogFilter/innerFilterButton' is clicked on

2018-09-15 10:44:28 - [TEST_STEP][PASSED] - verifyElementPresent: Object 'Object Repository/LinkLogFilter/noTagAvailable' is present

2018-09-15 10:44:33 - [MESSAGE][PASSED] - Object 'Object Repository/LinkLogFilter/noTagAvailable' is present

2018-09-15 10:44:33 - [TEST_STEP][PASSED] - click: Object: 'Object Repository/LinkLogFilter/FilterButton' is clicked on

2018-09-15 10:44:33 - [MESSAGE][PASSED] - Object: 'Object Repository/LinkLogFilter/FilterButton' is clicked on

2018-09-15 10:44:33 - [TEST_STEP][PASSED] - Statement - If (com.kms.katalon.core.webui.keyword.WebUiBuiltInKeywords.verifyElementPresent(com.kms.katalon.core.testobject.ObjectRepository.findTestObject(filter/filterContainer), 5, OPTIONAL)): null

2018-09-15 10:44:33 - [MESSAGE][PASSED] - Object 'Object Repository/filter/filterContainer' is present

2018-09-15 10:44:33 - [TEST_STEP][PASSED] - Statement - println("open filter POP Up successful"): null

2018-09-15 10:44:33 - [TEST_STEP][PASSED] - sendKeys: Keys 'CONTROL + DELETE + a' sent to object: 'Object Repository/LinkLogFilter/openLinkCount'

2018-09-15 10:44:33 - [MESSAGE][PASSED] - Keys 'CONTROL + DELETE + a' sent to object: 'Object Repository/LinkLogFilter/openLinkCount'

2018-09-15 10:44:33 - [TEST_STEP][PASSED] - setText: Text '2' is set on object 'Object Repository/LinkLogFilter/openLinkCount'

2018-09-15 10:44:33 - [MESSAGE][PASSED] - Text '2' is set on object 'Object Repository/LinkLogFilter/openLinkCount'

2018-09-15 10:44:33 - [TEST_STEP][PASSED] - sendKeys: Keys 'CONTROL + DELETE + a' sent to object: 'Object Repository/LinkLogFilter/timeSpentFilter'

2018-09-15 10:44:34 - [MESSAGE][PASSED] - Keys 'CONTROL + DELETE + a' sent to object: 'Object Repository/LinkLogFilter/timeSpentFilter'

2018-09-15 10:44:34 - [TEST_STEP][PASSED] - setText: Text ''@-' is set on object 'Object Repository/LinkLogFilter/timeSpentFilter'

2018-09-15 10:44:34 - [MESSAGE][PASSED] - Text ''@-' is set on object 'Object Repository/LinkLogFilter/timeSpentFilter'

2018-09-15 10:44:34 - [TEST_STEP][PASSED] - click: Object: 'Object Repository/LinkLogFilter/innerFilterButton' is clicked on

2018-09-15 10:44:34 - [MESSAGE][PASSED] - Object: 'Object Repository/LinkLogFilter/innerFilterButton' is clicked on

2018-09-15 10:44:34 - [TEST_STEP][PASSED] - clickOffset: Object: 'Object Repository/filter/filterScreen' is clicked on using offset x=100 and y=200

2018-09-15 10:44:34 - [MESSAGE][PASSED] - Object: 'Object Repository/filter/filterScreen' is clicked on using offset x=100 and y=200

2018-09-15 10:44:34 - [TEST_STEP][PASSED] - click: Object: 'Object Repository/LinkLogFilter/FilterButton' is clicked on

2018-09-15 10:44:34 - [MESSAGE][PASSED] - Object: 'Object Repository/LinkLogFilter/FilterButton' is clicked on

2018-09-15 10:44:34 - [TEST_STEP][PASSED] - Statement - If (com.kms.katalon.core.webui.keyword.WebUiBuiltInKeywords.verifyElementPresent(com.kms.katalon.core.testobject.ObjectRepository.findTestObject(filter/filterContainer), 5, OPTIONAL)): null

2018-09-15 10:44:34 - [MESSAGE][PASSED] - Object 'Object Repository/filter/filterContainer' is present

2018-09-15 10:44:34 - [TEST_STEP][PASSED] - Statement - println("open filter POP Up successful"): null

2018-09-15 10:44:34 - [TEST_STEP][PASSED] - sendKeys: Keys 'CONTROL + DELETE + a' sent to object: 'Object Repository/LinkLogFilter/TagFilter'

2018-09-15 10:44:34 - [MESSAGE][PASSED] - Keys 'CONTROL + DELETE + a' sent to object: 'Object Repository/LinkLogFilter/TagFilter'

2018-09-15 10:44:34 - [TEST_STEP][PASSED] - setText: Text '2' is set on object 'Object Repository/LinkLogFilter/openLinkCount'

2018-09-15 10:44:34 - [MESSAGE][PASSED] - Text '2' is set on object 'Object Repository/LinkLogFilter/openLinkCount'

2018-09-15 10:44:34 - [TEST_STEP][PASSED] - sendKeys: Keys 'CONTROL + DELETE + a' sent to object: 'Object Repository/LinkLogFilter/timeSpentFilter'

2018-09-15 10:44:34 - [MESSAGE][PASSED] - Keys 'CONTROL + DELETE + a' sent to object: 'Object Repository/LinkLogFilter/timeSpentFilter'

2018-09-15 10:44:34 - [TEST_STEP][PASSED] - setText: Text 'ashjjk' is set on object 'Object Repository/LinkLogFilter/timeSpentFilter'

2018-09-15 10:44:34 - [MESSAGE][PASSED] - Text 'ashjjk' is set on object 'Object Repository/LinkLogFilter/timeSpentFilter'

2018-09-15 10:44:34 - [TEST_STEP][PASSED] - click: Object: 'Object Repository/LinkLogFilter/innerFilterButton' is clicked on

2018-09-15 10:44:34 - [MESSAGE][PASSED] - Object: 'Object Repository/LinkLogFilter/innerFilterButton' is clicked on

2018-09-15 10:44:34 - [TEST_STEP][PASSED] - clickOffset: Object: 'Object Repository/filter/filterScreen' is clicked on using offset x=100 and y=200

2018-09-15 10:44:34 - [MESSAGE][PASSED] - Object: 'Object Repository/filter/filterScreen' is clicked on using offset x=100 and y=200

2018-09-15 10:44:34 - [TEST_STEP][PASSED] - click: Object: 'Object Repository/LinkLogFilter/FilterButton' is clicked on

2018-09-15 10:44:35 - [MESSAGE][PASSED] - Object: 'Object Repository/LinkLogFilter/FilterButton' is clicked on

2018-09-15 10:44:35 - [TEST_STEP][PASSED] - Statement - If (com.kms.katalon.core.webui.keyword.WebUiBuiltInKeywords.verifyElementPresent(com.kms.katalon.core.testobject.ObjectRepository.findTestObject(filter/filterContainer), 5, OPTIONAL)): null

2018-09-15 10:44:35 - [MESSAGE][PASSED] - Object 'Object Repository/filter/filterContainer' is present

2018-09-15 10:44:35 - [TEST_STEP][PASSED] - Statement - println("open filter POP Up successful"): null

2018-09-15 10:44:35 - [TEST_STEP][PASSED] - setText: Text '189899' is set on object 'Object Repository/LinkLogFilter/openLinkCount'

2018-09-15 10:44:35 - [MESSAGE][PASSED] - Text '189899' is set on object 'Object Repository/LinkLogFilter/openLinkCount'

2018-09-15 10:44:35 - [TEST_STEP][PASSED] - setText: Text '2' is set on object 'Object Repository/LinkLogFilter/timeSpentFilter'

2018-09-15 10:44:35 - [MESSAGE][PASSED] - Text '2' is set on object 'Object Repository/LinkLogFilter/timeSpentFilter'

2018-09-15 10:44:35 - [TEST_STEP][PASSED] - click: Object: 'Object Repository/LinkLogFilter/innerFilterButton' is clicked on

2018-09-15 10:44:35 - [MESSAGE][PASSED] - Object: 'Object Repository/LinkLogFilter/innerFilterButton' is clicked on

2018-09-15 10:44:35 - [TEST_STEP][FAILED] - click: Unable to click on object 'Object Repository/LinkLogFilter/FilterButton' (Root cause: org.openqa.selenium.WebDriverException: unknown error: Element <div class="filter-btn">...</div> is not clickable at point (383, 102). Other element would receive the click: <div class="loader-screen">...</div>
  (Session info: chrome=69.0.3497.92)
  (Driver info: chromedriver=2.35.528161 (5b82f2d2aae0ca24b877009200ced9065a772e73),platform=Windows NT 10.0.17134 x86_64) (WARNING: The server did not provide any stacktrace information)
Command duration or timeout: 0 milliseconds
Build info: version: '3.7.1', revision: '8a0099a', time: '2017-11-06T21:07:36.161Z'
System info: host: 'DESKTOP-D4528LJ', ip: '10.6.8.31', os.name: 'Windows 10', os.arch: 'amd64', os.version: '10.0', java.version: '1.8.0_181'
Driver info: com.kms.katalon.selenium.driver.CChromeDriver
Capabilities {acceptInsecureCerts: false, acceptSslCerts: false, applicationCacheEnabled: false, browserConnectionEnabled: false, browserName: chrome, chrome: {chromedriverVersion: 2.35.528161 (5b82f2d2aae0ca..., userDataDir: C:\Users\Kaushal\AppData\Lo...}, cssSelectorsEnabled: true, databaseEnabled: false, handlesAlerts: true, hasTouchScreen: false, javascriptEnabled: true, locationContextEnabled: true, mobileEmulationEnabled: false, nativeEvents: true, networkConnectionEnabled: false, pageLoadStrategy: normal, platform: XP, platformName: XP, rotatable: false, setWindowRect: true, takesHeapSnapshot: true, takesScreenshot: true, unexpectedAlertBehaviour: , unhandledPromptBehavior: , version: 69.0.3497.92, webStorageEnabled: true}
Session ID: a58bd0f730fa4677f22149429b32ad35)

2018-09-15 10:44:36 - [MESSAGE][FAILED] - Unable to click on object 'Object Repository/LinkLogFilter/FilterButton' (Root cause: org.openqa.selenium.WebDriverException: unknown error: Element <div class="filter-btn">...</div> is not clickable at point (383, 102). Other element would receive the click: <div class="loader-screen">...</div>
  (Session info: chrome=69.0.3497.92)
  (Driver info: chromedriver=2.35.528161 (5b82f2d2aae0ca24b877009200ced9065a772e73),platform=Windows NT 10.0.17134 x86_64) (WARNING: The server did not provide any stacktrace information)
Command duration or timeout: 0 milliseconds
Build info: version: '3.7.1', revision: '8a0099a', time: '2017-11-06T21:07:36.161Z'
System info: host: 'DESKTOP-D4528LJ', ip: '10.6.8.31', os.name: 'Windows 10', os.arch: 'amd64', os.version: '10.0', java.version: '1.8.0_181'
Driver info: com.kms.katalon.selenium.driver.CChromeDriver
Capabilities {acceptInsecureCerts: false, acceptSslCerts: false, applicationCacheEnabled: false, browserConnectionEnabled: false, browserName: chrome, chrome: {chromedriverVersion: 2.35.528161 (5b82f2d2aae0ca..., userDataDir: C:\Users\Kaushal\AppData\Lo...}, cssSelectorsEnabled: true, databaseEnabled: false, handlesAlerts: true, hasTouchScreen: false, javascriptEnabled: true, locationContextEnabled: true, mobileEmulationEnabled: false, nativeEvents: true, networkConnectionEnabled: false, pageLoadStrategy: normal, platform: XP, platformName: XP, rotatable: false, setWindowRect: true, takesHeapSnapshot: true, takesScreenshot: true, unexpectedAlertBehaviour: , unhandledPromptBehavior: , version: 69.0.3497.92, webStorageEnabled: true}
Session ID: a58bd0f730fa4677f22149429b32ad35)
[[ATTACHMENT|C:\\Users\\Kaushal\\Desktop\\Katalon Studio\\vCallingDashboard\\Reports\\RegressionSuite\\20180915_103222\\1537004675654.png]]

2018-09-15 10:44:36 - [MESSAGE][FAILED] - Unable to call Test Case with id 'Test Cases/commonFunctionality/filterTimeSpentAndCount' (Root cause: Call Test Case 'Test Cases/commonFunctionality/filterTimeSpentAndCount' failed)]]></system-out>
         <system-err><![CDATA[2018-09-15 10:43:50 - [TEST_CASE][FAILED] - Test Cases/completed/TestCase3_FilterLinkLog/FilterCountAndTimeSpent: Test Cases/completed/TestCase3_FilterLinkLog/FilterCountAndTimeSpent FAILED because (of) (Stack trace: com.kms.katalon.core.exception.StepFailedException: Unable to click on object 'Object Repository/LinkLogFilter/FilterButton' (Root cause: org.openqa.selenium.WebDriverException: unknown error: Element <div class="filter-btn">...</div> is not clickable at point (383, 102). Other element would receive the click: <div class="loader-screen">...</div>
  (Session info: chrome=69.0.3497.92)
  (Driver info: chromedriver=2.35.528161 (5b82f2d2aae0ca24b877009200ced9065a772e73),platform=Windows NT 10.0.17134 x86_64) (WARNING: The server did not provide any stacktrace information)
Command duration or timeout: 0 milliseconds
Build info: version: '3.7.1', revision: '8a0099a', time: '2017-11-06T21:07:36.161Z'
System info: host: 'DESKTOP-D4528LJ', ip: '10.6.8.31', os.name: 'Windows 10', os.arch: 'amd64', os.version: '10.0', java.version: '1.8.0_181'
Driver info: com.kms.katalon.selenium.driver.CChromeDriver
Capabilities {acceptInsecureCerts: false, acceptSslCerts: false, applicationCacheEnabled: false, browserConnectionEnabled: false, browserName: chrome, chrome: {chromedriverVersion: 2.35.528161 (5b82f2d2aae0ca..., userDataDir: C:\Users\Kaushal\AppData\Lo...}, cssSelectorsEnabled: true, databaseEnabled: false, handlesAlerts: true, hasTouchScreen: false, javascriptEnabled: true, locationContextEnabled: true, mobileEmulationEnabled: false, nativeEvents: true, networkConnectionEnabled: false, pageLoadStrategy: normal, platform: XP, platformName: XP, rotatable: false, setWindowRect: true, takesHeapSnapshot: true, takesScreenshot: true, unexpectedAlertBehaviour: , unhandledPromptBehavior: , version: 69.0.3497.92, webStorageEnabled: true}
Session ID: a58bd0f730fa4677f22149429b32ad35)
	at com.kms.katalon.core.keyword.internal.KeywordMain.stepFailed(KeywordMain.groovy:36)
	at com.kms.katalon.core.webui.keyword.internal.WebUIKeywordMain.stepFailed(WebUIKeywordMain.groovy:65)
	at com.kms.katalon.core.webui.keyword.internal.WebUIKeywordMain.runKeyword(WebUIKeywordMain.groovy:27)
	at com.kms.katalon.core.webui.keyword.builtin.ClickKeyword.click(ClickKeyword.groovy:86)
	at com.kms.katalon.core.webui.keyword.builtin.ClickKeyword.execute(ClickKeyword.groovy:67)
	at com.kms.katalon.core.keyword.internal.KeywordExecutor.executeKeywordForPlatform(KeywordExecutor.groovy:53)
	at com.kms.katalon.core.webui.keyword.WebUiBuiltInKeywords.click(WebUiBuiltInKeywords.groovy:616)
	at com.kms.katalon.core.webui.keyword.WebUiBuiltInKeywords$click$2.call(Unknown Source)
	at org.codehaus.groovy.runtime.callsite.CallSiteArray.defaultCall(CallSiteArray.java:48)
	at org.codehaus.groovy.runtime.callsite.AbstractCallSite.call(AbstractCallSite.java:113)
	at org.codehaus.groovy.runtime.callsite.AbstractCallSite.call(AbstractCallSite.java:125)
	at Script1535951907416.run(Script1535951907416.groovy:193)
	at com.kms.katalon.core.main.ScriptEngine.run(ScriptEngine.java:183)
	at com.kms.katalon.core.main.ScriptEngine.runScriptAsRawText(ScriptEngine.java:108)
	at com.kms.katalon.core.main.TestCaseExecutor.runScript(TestCaseExecutor.java:294)
	at com.kms.katalon.core.main.TestCaseExecutor.doExecute(TestCaseExecutor.java:285)
	at com.kms.katalon.core.main.TestCaseExecutor.processExecutionPhase(TestCaseExecutor.java:264)
	at com.kms.katalon.core.main.TestCaseExecutor.accessMainPhase(TestCaseExecutor.java:256)
	at com.kms.katalon.core.main.TestCaseExecutor.execute(TestCaseExecutor.java:200)
	at com.kms.katalon.core.main.TestCaseMain.runTestCase(TestCaseMain.java:99)
	at com.kms.katalon.core.keyword.builtin.CallTestCaseKeyword$_callTestCase_closure1.doCall(CallTestCaseKeyword.groovy:60)
	at com.kms.katalon.core.keyword.builtin.CallTestCaseKeyword$_callTestCase_closure1.call(CallTestCaseKeyword.groovy)
	at com.kms.katalon.core.keyword.internal.KeywordMain.runKeyword(KeywordMain.groovy:54)
	at com.kms.katalon.core.keyword.builtin.CallTestCaseKeyword.callTestCase(CallTestCaseKeyword.groovy:81)
	at com.kms.katalon.core.keyword.builtin.CallTestCaseKeyword.execute(CallTestCaseKeyword.groovy:45)
	at com.kms.katalon.core.keyword.internal.KeywordExecutor.executeKeywordForPlatform(KeywordExecutor.groovy:53)
	at com.kms.katalon.core.keyword.BuiltinKeywords.callTestCase(BuiltinKeywords.groovy:350)
	at sun.reflect.GeneratedMethodAccessor16.invoke(Unknown Source)
	at sun.reflect.DelegatingMethodAccessorImpl.invoke(DelegatingMethodAccessorImpl.java:43)
	at java.lang.reflect.Method.invoke(Method.java:498)
	at org.codehaus.groovy.reflection.CachedMethod.invoke(CachedMethod.java:93)
	at groovy.lang.MetaMethod.doMethodInvoke(MetaMethod.java:325)
	at groovy.lang.MetaClassImpl.invokeStaticMethod(MetaClassImpl.java:1469)
	at org.codehaus.groovy.runtime.callsite.StaticMetaClassSite.call(StaticMetaClassSite.java:53)
	at org.codehaus.groovy.runtime.callsite.CallSiteArray.defaultCall(CallSiteArray.java:48)
	at org.codehaus.groovy.runtime.callsite.AbstractCallSite.call(AbstractCallSite.java:113)
	at org.codehaus.groovy.runtime.callsite.AbstractCallSite.call(AbstractCallSite.java:133)
	at Script1534588066162.run(Script1534588066162.groovy:26)
	at com.kms.katalon.core.main.ScriptEngine.run(ScriptEngine.java:183)
	at com.kms.katalon.core.main.ScriptEngine.runScriptAsRawText(ScriptEngine.java:108)
	at com.kms.katalon.core.main.TestCaseExecutor.runScript(TestCaseExecutor.java:294)
	at com.kms.katalon.core.main.TestCaseExecutor.doExecute(TestCaseExecutor.java:285)
	at com.kms.katalon.core.main.TestCaseExecutor.processExecutionPhase(TestCaseExecutor.java:264)
	at com.kms.katalon.core.main.TestCaseExecutor.accessMainPhase(TestCaseExecutor.java:256)
	at com.kms.katalon.core.main.TestCaseExecutor.execute(TestCaseExecutor.java:200)
	at com.kms.katalon.core.main.TestSuiteExecutor.accessTestCaseMainPhase(TestSuiteExecutor.java:129)
	at com.kms.katalon.core.main.TestSuiteExecutor.accessTestSuiteMainPhase(TestSuiteExecutor.java:112)
	at com.kms.katalon.core.main.TestSuiteExecutor.execute(TestSuiteExecutor.java:81)
	at com.kms.katalon.core.main.TestCaseMain.startTestSuite(TestCaseMain.java:142)
	at com.kms.katalon.core.main.TestCaseMain$startTestSuite$0.call(Unknown Source)
	at org.codehaus.groovy.runtime.callsite.CallSiteArray.defaultCall(CallSiteArray.java:48)
	at org.codehaus.groovy.runtime.callsite.AbstractCallSite.call(AbstractCallSite.java:113)
	at org.codehaus.groovy.runtime.callsite.AbstractCallSite.call(AbstractCallSite.java:141)
	at TempTestSuite1537003942876.run(TempTestSuite1537003942876.groovy:36)
	at groovy.lang.GroovyShell.runScriptOrMainOrTestOrRunnable(GroovyShell.java:263)
	at groovy.lang.GroovyShell.run(GroovyShell.java:518)
	at groovy.lang.GroovyShell.run(GroovyShell.java:507)
	at groovy.ui.GroovyMain.processOnce(GroovyMain.java:653)
	at groovy.ui.GroovyMain.run(GroovyMain.java:384)
	at groovy.ui.GroovyMain.process(GroovyMain.java:370)
	at groovy.ui.GroovyMain.processArgs(GroovyMain.java:129)
	at groovy.ui.GroovyMain.main(GroovyMain.java:109)
	at sun.reflect.NativeMethodAccessorImpl.invoke0(Native Method)
	at sun.reflect.NativeMethodAccessorImpl.invoke(NativeMethodAccessorImpl.java:62)
	at sun.reflect.DelegatingMethodAccessorImpl.invoke(DelegatingMethodAccessorImpl.java:43)
	at java.lang.reflect.Method.invoke(Method.java:498)
	at org.codehaus.groovy.tools.GroovyStarter.rootLoader(GroovyStarter.java:109)
	at org.codehaus.groovy.tools.GroovyStarter.main(GroovyStarter.java:131)
)]]></system-err>
      </testcase>
      <testcase name="Test Cases/completed/TestCase3_FilterLinkLog/FilterTag" classname="Test Cases/completed/TestCase3_FilterLinkLog/FilterTag" status="FAILED">
         <failure type="FAILED" message="(Stack trace: com.kms.katalon.core.exception.StepFailedException: Unable to click on object 'Object Repository/LinkLogFilter/FilterButton' (Root cause: org.openqa.selenium.WebDriverException: unknown error: Element &lt;div class=&quot;filter-btn&quot;>...&lt;/div> is not clickable at point (383, 102). Other element would receive the click: &lt;div class=&quot;loader-screen&quot;>...&lt;/div>
  (Session info: chrome=69.0.3497.92)
  (Driver info: chromedriver=2.35.528161 (5b82f2d2aae0ca24b877009200ced9065a772e73),platform=Windows NT 10.0.17134 x86_64) (WARNING: The server did not provide any stacktrace information)
Command duration or timeout: 0 milliseconds
Build info: version: '3.7.1', revision: '8a0099a', time: '2017-11-06T21:07:36.161Z'
System info: host: 'DESKTOP-D4528LJ', ip: '10.6.8.31', os.name: 'Windows 10', os.arch: 'amd64', os.version: '10.0', java.version: '1.8.0_181'
Driver info: com.kms.katalon.selenium.driver.CChromeDriver
Capabilities {acceptInsecureCerts: false, acceptSslCerts: false, applicationCacheEnabled: false, browserConnectionEnabled: false, browserName: chrome, chrome: {chromedriverVersion: 2.35.528161 (5b82f2d2aae0ca..., userDataDir: C:\Users\Kaushal\AppData\Lo...}, cssSelectorsEnabled: true, databaseEnabled: false, handlesAlerts: true, hasTouchScreen: false, javascriptEnabled: true, locationContextEnabled: true, mobileEmulationEnabled: false, nativeEvents: true, networkConnectionEnabled: false, pageLoadStrategy: normal, platform: XP, platformName: XP, rotatable: false, setWindowRect: true, takesHeapSnapshot: true, takesScreenshot: true, unexpectedAlertBehaviour: , unhandledPromptBehavior: , version: 69.0.3497.92, webStorageEnabled: true}
Session ID: 542382ef047b027c83bef3de317a011d)
	at com.kms.katalon.core.keyword.internal.KeywordMain.stepFailed(KeywordMain.groovy:36)
	at com.kms.katalon.core.webui.keyword.internal.WebUIKeywordMain.stepFailed(WebUIKeywordMain.groovy:65)
	at com.kms.katalon.core.webui.keyword.internal.WebUIKeywordMain.runKeyword(WebUIKeywordMain.groovy:27)
	at com.kms.katalon.core.webui.keyword.builtin.ClickKeyword.click(ClickKeyword.groovy:86)
	at com.kms.katalon.core.webui.keyword.builtin.ClickKeyword.execute(ClickKeyword.groovy:67)
	at com.kms.katalon.core.keyword.internal.KeywordExecutor.executeKeywordForPlatform(KeywordExecutor.groovy:53)
	at com.kms.katalon.core.webui.keyword.WebUiBuiltInKeywords.click(WebUiBuiltInKeywords.groovy:616)
	at com.kms.katalon.core.webui.keyword.WebUiBuiltInKeywords$click$2.call(Unknown Source)
	at org.codehaus.groovy.runtime.callsite.CallSiteArray.defaultCall(CallSiteArray.java:48)
	at org.codehaus.groovy.runtime.callsite.AbstractCallSite.call(AbstractCallSite.java:113)
	at org.codehaus.groovy.runtime.callsite.AbstractCallSite.call(AbstractCallSite.java:125)
	at Script1535544618631.run(Script1535544618631.groovy:91)
	at com.kms.katalon.core.main.ScriptEngine.run(ScriptEngine.java:183)
	at com.kms.katalon.core.main.ScriptEngine.runScriptAsRawText(ScriptEngine.java:108)
	at com.kms.katalon.core.main.TestCaseExecutor.runScript(TestCaseExecutor.java:294)
	at com.kms.katalon.core.main.TestCaseExecutor.doExecute(TestCaseExecutor.java:285)
	at com.kms.katalon.core.main.TestCaseExecutor.processExecutionPhase(TestCaseExecutor.java:264)
	at com.kms.katalon.core.main.TestCaseExecutor.accessMainPhase(TestCaseExecutor.java:256)
	at com.kms.katalon.core.main.TestCaseExecutor.execute(TestCaseExecutor.java:200)
	at com.kms.katalon.core.main.TestCaseMain.runTestCase(TestCaseMain.java:99)
	at com.kms.katalon.core.keyword.builtin.CallTestCaseKeyword$_callTestCase_closure1.doCall(CallTestCaseKeyword.groovy:60)
	at com.kms.katalon.core.keyword.builtin.CallTestCaseKeyword$_callTestCase_closure1.call(CallTestCaseKeyword.groovy)
	at com.kms.katalon.core.keyword.internal.KeywordMain.runKeyword(KeywordMain.groovy:54)
	at com.kms.katalon.core.keyword.builtin.CallTestCaseKeyword.callTestCase(CallTestCaseKeyword.groovy:81)
	at com.kms.katalon.core.keyword.builtin.CallTestCaseKeyword.execute(CallTestCaseKeyword.groovy:45)
	at com.kms.katalon.core.keyword.internal.KeywordExecutor.executeKeywordForPlatform(KeywordExecutor.groovy:53)
	at com.kms.katalon.core.keyword.BuiltinKeywords.callTestCase(BuiltinKeywords.groovy:350)
	at sun.reflect.GeneratedMethodAccessor16.invoke(Unknown Source)
	at sun.reflect.DelegatingMethodAccessorImpl.invoke(DelegatingMethodAccessorImpl.java:43)
	at java.lang.reflect.Method.invoke(Method.java:498)
	at org.codehaus.groovy.reflection.CachedMethod.invoke(CachedMethod.java:93)
	at groovy.lang.MetaMethod.doMethodInvoke(MetaMethod.java:325)
	at groovy.lang.MetaClassImpl.invokeStaticMethod(MetaClassImpl.java:1469)
	at org.codehaus.groovy.runtime.callsite.StaticMetaClassSite.call(StaticMetaClassSite.java:53)
	at org.codehaus.groovy.runtime.callsite.CallSiteArray.defaultCall(CallSiteArray.java:48)
	at org.codehaus.groovy.runtime.callsite.AbstractCallSite.call(AbstractCallSite.java:113)
	at org.codehaus.groovy.runtime.callsite.AbstractCallSite.call(AbstractCallSite.java:133)
	at Script1534156933498.run(Script1534156933498.groovy:28)
	at com.kms.katalon.core.main.ScriptEngine.run(ScriptEngine.java:183)
	at com.kms.katalon.core.main.ScriptEngine.runScriptAsRawText(ScriptEngine.java:108)
	at com.kms.katalon.core.main.TestCaseExecutor.runScript(TestCaseExecutor.java:294)
	at com.kms.katalon.core.main.TestCaseExecutor.doExecute(TestCaseExecutor.java:285)
	at com.kms.katalon.core.main.TestCaseExecutor.processExecutionPhase(TestCaseExecutor.java:264)
	at com.kms.katalon.core.main.TestCaseExecutor.accessMainPhase(TestCaseExecutor.java:256)
	at com.kms.katalon.core.main.TestCaseExecutor.execute(TestCaseExecutor.java:200)
	at com.kms.katalon.core.main.TestSuiteExecutor.accessTestCaseMainPhase(TestSuiteExecutor.java:129)
	at com.kms.katalon.core.main.TestSuiteExecutor.accessTestSuiteMainPhase(TestSuiteExecutor.java:112)
	at com.kms.katalon.core.main.TestSuiteExecutor.execute(TestSuiteExecutor.java:81)
	at com.kms.katalon.core.main.TestCaseMain.startTestSuite(TestCaseMain.java:142)
	at com.kms.katalon.core.main.TestCaseMain$startTestSuite$0.call(Unknown Source)
	at org.codehaus.groovy.runtime.callsite.CallSiteArray.defaultCall(CallSiteArray.java:48)
	at org.codehaus.groovy.runtime.callsite.AbstractCallSite.call(AbstractCallSite.java:113)
	at org.codehaus.groovy.runtime.callsite.AbstractCallSite.call(AbstractCallSite.java:141)
	at TempTestSuite1537003942876.run(TempTestSuite1537003942876.groovy:36)
	at groovy.lang.GroovyShell.runScriptOrMainOrTestOrRunnable(GroovyShell.java:263)
	at groovy.lang.GroovyShell.run(GroovyShell.java:518)
	at groovy.lang.GroovyShell.run(GroovyShell.java:507)
	at groovy.ui.GroovyMain.processOnce(GroovyMain.java:653)
	at groovy.ui.GroovyMain.run(GroovyMain.java:384)
	at groovy.ui.GroovyMain.process(GroovyMain.java:370)
	at groovy.ui.GroovyMain.processArgs(GroovyMain.java:129)
	at groovy.ui.GroovyMain.main(GroovyMain.java:109)
	at sun.reflect.NativeMethodAccessorImpl.invoke0(Native Method)
	at sun.reflect.NativeMethodAccessorImpl.invoke(NativeMethodAccessorImpl.java:62)
	at sun.reflect.DelegatingMethodAccessorImpl.invoke(DelegatingMethodAccessorImpl.java:43)
	at java.lang.reflect.Method.invoke(Method.java:498)
	at org.codehaus.groovy.tools.GroovyStarter.rootLoader(GroovyStarter.java:109)
	at org.codehaus.groovy.tools.GroovyStarter.main(GroovyStarter.java:131)
)"/>
         <system-out><![CDATA[2018-09-15 10:44:36 - [TEST_CASE][FAILED] - Test Cases/completed/TestCase3_FilterLinkLog/FilterTag: Test Cases/completed/TestCase3_FilterLinkLog/FilterTag FAILED because (of) (Stack trace: com.kms.katalon.core.exception.StepFailedException: Unable to click on object 'Object Repository/LinkLogFilter/FilterButton' (Root cause: org.openqa.selenium.WebDriverException: unknown error: Element <div class="filter-btn">...</div> is not clickable at point (383, 102). Other element would receive the click: <div class="loader-screen">...</div>
  (Session info: chrome=69.0.3497.92)
  (Driver info: chromedriver=2.35.528161 (5b82f2d2aae0ca24b877009200ced9065a772e73),platform=Windows NT 10.0.17134 x86_64) (WARNING: The server did not provide any stacktrace information)
Command duration or timeout: 0 milliseconds
Build info: version: '3.7.1', revision: '8a0099a', time: '2017-11-06T21:07:36.161Z'
System info: host: 'DESKTOP-D4528LJ', ip: '10.6.8.31', os.name: 'Windows 10', os.arch: 'amd64', os.version: '10.0', java.version: '1.8.0_181'
Driver info: com.kms.katalon.selenium.driver.CChromeDriver
Capabilities {acceptInsecureCerts: false, acceptSslCerts: false, applicationCacheEnabled: false, browserConnectionEnabled: false, browserName: chrome, chrome: {chromedriverVersion: 2.35.528161 (5b82f2d2aae0ca..., userDataDir: C:\Users\Kaushal\AppData\Lo...}, cssSelectorsEnabled: true, databaseEnabled: false, handlesAlerts: true, hasTouchScreen: false, javascriptEnabled: true, locationContextEnabled: true, mobileEmulationEnabled: false, nativeEvents: true, networkConnectionEnabled: false, pageLoadStrategy: normal, platform: XP, platformName: XP, rotatable: false, setWindowRect: true, takesHeapSnapshot: true, takesScreenshot: true, unexpectedAlertBehaviour: , unhandledPromptBehavior: , version: 69.0.3497.92, webStorageEnabled: true}
Session ID: 542382ef047b027c83bef3de317a011d)
	at com.kms.katalon.core.keyword.internal.KeywordMain.stepFailed(KeywordMain.groovy:36)
	at com.kms.katalon.core.webui.keyword.internal.WebUIKeywordMain.stepFailed(WebUIKeywordMain.groovy:65)
	at com.kms.katalon.core.webui.keyword.internal.WebUIKeywordMain.runKeyword(WebUIKeywordMain.groovy:27)
	at com.kms.katalon.core.webui.keyword.builtin.ClickKeyword.click(ClickKeyword.groovy:86)
	at com.kms.katalon.core.webui.keyword.builtin.ClickKeyword.execute(ClickKeyword.groovy:67)
	at com.kms.katalon.core.keyword.internal.KeywordExecutor.executeKeywordForPlatform(KeywordExecutor.groovy:53)
	at com.kms.katalon.core.webui.keyword.WebUiBuiltInKeywords.click(WebUiBuiltInKeywords.groovy:616)
	at com.kms.katalon.core.webui.keyword.WebUiBuiltInKeywords$click$2.call(Unknown Source)
	at org.codehaus.groovy.runtime.callsite.CallSiteArray.defaultCall(CallSiteArray.java:48)
	at org.codehaus.groovy.runtime.callsite.AbstractCallSite.call(AbstractCallSite.java:113)
	at org.codehaus.groovy.runtime.callsite.AbstractCallSite.call(AbstractCallSite.java:125)
	at Script1535544618631.run(Script1535544618631.groovy:91)
	at com.kms.katalon.core.main.ScriptEngine.run(ScriptEngine.java:183)
	at com.kms.katalon.core.main.ScriptEngine.runScriptAsRawText(ScriptEngine.java:108)
	at com.kms.katalon.core.main.TestCaseExecutor.runScript(TestCaseExecutor.java:294)
	at com.kms.katalon.core.main.TestCaseExecutor.doExecute(TestCaseExecutor.java:285)
	at com.kms.katalon.core.main.TestCaseExecutor.processExecutionPhase(TestCaseExecutor.java:264)
	at com.kms.katalon.core.main.TestCaseExecutor.accessMainPhase(TestCaseExecutor.java:256)
	at com.kms.katalon.core.main.TestCaseExecutor.execute(TestCaseExecutor.java:200)
	at com.kms.katalon.core.main.TestCaseMain.runTestCase(TestCaseMain.java:99)
	at com.kms.katalon.core.keyword.builtin.CallTestCaseKeyword$_callTestCase_closure1.doCall(CallTestCaseKeyword.groovy:60)
	at com.kms.katalon.core.keyword.builtin.CallTestCaseKeyword$_callTestCase_closure1.call(CallTestCaseKeyword.groovy)
	at com.kms.katalon.core.keyword.internal.KeywordMain.runKeyword(KeywordMain.groovy:54)
	at com.kms.katalon.core.keyword.builtin.CallTestCaseKeyword.callTestCase(CallTestCaseKeyword.groovy:81)
	at com.kms.katalon.core.keyword.builtin.CallTestCaseKeyword.execute(CallTestCaseKeyword.groovy:45)
	at com.kms.katalon.core.keyword.internal.KeywordExecutor.executeKeywordForPlatform(KeywordExecutor.groovy:53)
	at com.kms.katalon.core.keyword.BuiltinKeywords.callTestCase(BuiltinKeywords.groovy:350)
	at sun.reflect.GeneratedMethodAccessor16.invoke(Unknown Source)
	at sun.reflect.DelegatingMethodAccessorImpl.invoke(DelegatingMethodAccessorImpl.java:43)
	at java.lang.reflect.Method.invoke(Method.java:498)
	at org.codehaus.groovy.reflection.CachedMethod.invoke(CachedMethod.java:93)
	at groovy.lang.MetaMethod.doMethodInvoke(MetaMethod.java:325)
	at groovy.lang.MetaClassImpl.invokeStaticMethod(MetaClassImpl.java:1469)
	at org.codehaus.groovy.runtime.callsite.StaticMetaClassSite.call(StaticMetaClassSite.java:53)
	at org.codehaus.groovy.runtime.callsite.CallSiteArray.defaultCall(CallSiteArray.java:48)
	at org.codehaus.groovy.runtime.callsite.AbstractCallSite.call(AbstractCallSite.java:113)
	at org.codehaus.groovy.runtime.callsite.AbstractCallSite.call(AbstractCallSite.java:133)
	at Script1534156933498.run(Script1534156933498.groovy:28)
	at com.kms.katalon.core.main.ScriptEngine.run(ScriptEngine.java:183)
	at com.kms.katalon.core.main.ScriptEngine.runScriptAsRawText(ScriptEngine.java:108)
	at com.kms.katalon.core.main.TestCaseExecutor.runScript(TestCaseExecutor.java:294)
	at com.kms.katalon.core.main.TestCaseExecutor.doExecute(TestCaseExecutor.java:285)
	at com.kms.katalon.core.main.TestCaseExecutor.processExecutionPhase(TestCaseExecutor.java:264)
	at com.kms.katalon.core.main.TestCaseExecutor.accessMainPhase(TestCaseExecutor.java:256)
	at com.kms.katalon.core.main.TestCaseExecutor.execute(TestCaseExecutor.java:200)
	at com.kms.katalon.core.main.TestSuiteExecutor.accessTestCaseMainPhase(TestSuiteExecutor.java:129)
	at com.kms.katalon.core.main.TestSuiteExecutor.accessTestSuiteMainPhase(TestSuiteExecutor.java:112)
	at com.kms.katalon.core.main.TestSuiteExecutor.execute(TestSuiteExecutor.java:81)
	at com.kms.katalon.core.main.TestCaseMain.startTestSuite(TestCaseMain.java:142)
	at com.kms.katalon.core.main.TestCaseMain$startTestSuite$0.call(Unknown Source)
	at org.codehaus.groovy.runtime.callsite.CallSiteArray.defaultCall(CallSiteArray.java:48)
	at org.codehaus.groovy.runtime.callsite.AbstractCallSite.call(AbstractCallSite.java:113)
	at org.codehaus.groovy.runtime.callsite.AbstractCallSite.call(AbstractCallSite.java:141)
	at TempTestSuite1537003942876.run(TempTestSuite1537003942876.groovy:36)
	at groovy.lang.GroovyShell.runScriptOrMainOrTestOrRunnable(GroovyShell.java:263)
	at groovy.lang.GroovyShell.run(GroovyShell.java:518)
	at groovy.lang.GroovyShell.run(GroovyShell.java:507)
	at groovy.ui.GroovyMain.processOnce(GroovyMain.java:653)
	at groovy.ui.GroovyMain.run(GroovyMain.java:384)
	at groovy.ui.GroovyMain.process(GroovyMain.java:370)
	at groovy.ui.GroovyMain.processArgs(GroovyMain.java:129)
	at groovy.ui.GroovyMain.main(GroovyMain.java:109)
	at sun.reflect.NativeMethodAccessorImpl.invoke0(Native Method)
	at sun.reflect.NativeMethodAccessorImpl.invoke(NativeMethodAccessorImpl.java:62)
	at sun.reflect.DelegatingMethodAccessorImpl.invoke(DelegatingMethodAccessorImpl.java:43)
	at java.lang.reflect.Method.invoke(Method.java:498)
	at org.codehaus.groovy.tools.GroovyStarter.rootLoader(GroovyStarter.java:109)
	at org.codehaus.groovy.tools.GroovyStarter.main(GroovyStarter.java:131)
)

2018-09-15 10:44:36 - [TEST_STEP][PASSED] - callTestCase: Call Test Case 'Test Cases/BVT/aSimple_Login' successfully

2018-09-15 10:44:36 - [TEST_CASE][PASSED] - Test Cases/BVT/aSimple_Login: Test Cases/BVT/aSimple_Login

2018-09-15 10:44:36 - [TEST_STEP][PASSED] - openBrowser: Browser is opened with url: ''

2018-09-15 10:44:36 - [MESSAGE][WARNING] - A browser is already opened. Closing browser and opening a new one

2018-09-15 10:44:39 - [MESSAGE][PASSED] - Browser is opened with url: ''

2018-09-15 10:44:39 - [TEST_STEP][PASSED] - maximizeWindow: Current window maximized

2018-09-15 10:44:41 - [MESSAGE][PASSED] - Current window maximized

2018-09-15 10:44:41 - [TEST_STEP][PASSED] - navigateToUrl: Navigate to 'https://dev.vcalling.in/enterprises/UAT/Dashboard/index.html' successfully

2018-09-15 10:44:44 - [MESSAGE][PASSED] - Navigate to 'https://dev.vcalling.in/enterprises/UAT/Dashboard/index.html' successfully

2018-09-15 10:44:44 - [TEST_STEP][PASSED] - setText: Text 'testing4dea@gmail.com' is set on object 'Object Repository/Login/UserId'

2018-09-15 10:44:44 - [MESSAGE][PASSED] - Text 'testing4dea@gmail.com' is set on object 'Object Repository/Login/UserId'

2018-09-15 10:44:44 - [TEST_STEP][PASSED] - click: Object: 'Object Repository/Login/div_GET OTP' is clicked on

2018-09-15 10:44:45 - [MESSAGE][PASSED] - Object: 'Object Repository/Login/div_GET OTP' is clicked on

2018-09-15 10:44:45 - [TEST_STEP][PASSED] - waitForElementPresent: Object 'Object Repository/Login/div_SUBMIT' is present

2018-09-15 10:44:46 - [MESSAGE][PASSED] - Object 'Object Repository/Login/div_SUBMIT' is present

2018-09-15 10:44:46 - [TEST_STEP][PASSED] - Statement - If (com.kms.katalon.core.webui.keyword.WebUiBuiltInKeywords.verifyElementNotPresent(com.kms.katalon.core.testobject.ObjectRepository.findTestObject(Login/div_SUBMIT), 5, OPTIONAL)): Web element with id: 'Object Repository/Login/div_SUBMIT' located by 'By.xpath: //div[(text() = ' SUBMIT ' or . = ' SUBMIT ')]' is present after '5' second(s)

2018-09-15 10:44:52 - [MESSAGE][WARNING] - Web element with id: 'Object Repository/Login/div_SUBMIT' located by 'By.xpath: //div[(text() = ' SUBMIT ' or . = ' SUBMIT ')]' is present after '5' second(s)
[[ATTACHMENT|C:\\Users\\Kaushal\\Desktop\\Katalon Studio\\vCallingDashboard\\Reports\\RegressionSuite\\20180915_103222\\1537004691769.png]]

2018-09-15 10:44:52 - [TEST_STEP][PASSED] - Statement - sleep(5000): null

2018-09-15 10:44:57 - [TEST_STEP][PASSED] - Statement - OTP = getOTP(): null

2018-09-15 10:44:57 - [TEST_STEP][PASSED] - Statement - host = "imap.gmail.com": null

2018-09-15 10:44:57 - [TEST_STEP][PASSED] - Statement - msg = <not implemented yet for class: org.codehaus.groovy.ast.expr.EmptyExpression>: null

2018-09-15 10:44:57 - [TEST_STEP][PASSED] - Statement - msgSub = <not implemented yet for class: org.codehaus.groovy.ast.expr.EmptyExpression>: null

2018-09-15 10:44:57 - [TEST_STEP][PASSED] - Statement - OTP = "unavailable": null

2018-09-15 10:44:57 - [TEST_STEP][PASSED] - Statement - props = new java.util.Properties(): null

2018-09-15 10:44:57 - [TEST_STEP][PASSED] - Statement - props.setProperty("mail.imap.ssl.enable", "true"): null

2018-09-15 10:44:57 - [TEST_STEP][PASSED] - Statement - session = javax.mail.Session.getInstance(props): null

2018-09-15 10:44:57 - [TEST_STEP][PASSED] - Statement - store = <not implemented yet for class: org.codehaus.groovy.ast.expr.EmptyExpression>: null

2018-09-15 10:44:57 - [TEST_STEP][PASSED] - Statement - Try: null

2018-09-15 10:44:57 - [TEST_STEP][PASSED] - Statement - store = session.getStore("imap"): null

2018-09-15 10:44:57 - [TEST_STEP][PASSED] - Statement - store.connect(host, Email, Password): null

2018-09-15 10:44:59 - [TEST_STEP][PASSED] - Statement - emailFolder = store.getFolder("INBOX"): null

2018-09-15 10:44:59 - [TEST_STEP][PASSED] - Statement - emailFolder.open(READ_WRITE): null

2018-09-15 10:44:59 - [TEST_STEP][PASSED] - Statement - messages = emailFolder.getMessages(): null

2018-09-15 10:44:59 - [TEST_STEP][PASSED] - Statement - n = length: null

2018-09-15 10:44:59 - [TEST_STEP][PASSED] - Statement - message = messages[n - 1]: null

2018-09-15 10:44:59 - [TEST_STEP][PASSED] - Statement - msgSub = message.getSubject(): null

2018-09-15 10:45:00 - [TEST_STEP][PASSED] - Statement - If (msgSub.equals("OTP to Sign In")): null

2018-09-15 10:45:00 - [TEST_STEP][PASSED] - Statement - msg = message.getContent().toString(): null

2018-09-15 10:45:00 - [TEST_STEP][PASSED] - Statement - OTP = msg.substring(msg.length() - 7): null

2018-09-15 10:45:00 - [TEST_STEP][PASSED] - Statement - message.setFlag(DELETED, true): null

2018-09-15 10:45:01 - [TEST_STEP][PASSED] - Statement - emailFolder.close(true): null

2018-09-15 10:45:01 - [TEST_STEP][PASSED] - Statement - store.close(): null

2018-09-15 10:45:01 - [TEST_STEP][PASSED] - Statement - return OTP: null

2018-09-15 10:45:01 - [TEST_STEP][PASSED] - Statement - If (OTP.equals("unavailable")): null

2018-09-15 10:45:01 - [TEST_STEP][PASSED] - Statement - Else: Text 'r4608
' is set on object 'Object Repository/Login/OtpInput'

2018-09-15 10:45:01 - [TEST_STEP][PASSED] - setText: Text 'r4608
' is set on object 'Object Repository/Login/OtpInput'

2018-09-15 10:45:01 - [MESSAGE][PASSED] - Text 'r4608
' is set on object 'Object Repository/Login/OtpInput'

2018-09-15 10:45:01 - [TEST_STEP][PASSED] - verifyElementPresent: Object 'Object Repository/Login/afterOpenDisplay' is present

2018-09-15 10:45:02 - [MESSAGE][PASSED] - Object 'Object Repository/Login/afterOpenDisplay' is present

2018-09-15 10:45:02 - [MESSAGE][PASSED] - Call Test Case 'Test Cases/BVT/aSimple_Login' successfully

2018-09-15 10:45:02 - [TEST_STEP][FAILED] - callTestCase: Unable to call Test Case with id 'Test Cases/commonFunctionality/TagsFilter' (Root cause: Call Test Case 'Test Cases/commonFunctionality/TagsFilter' failed)

2018-09-15 10:45:02 - [TEST_CASE][FAILED] - Test Cases/commonFunctionality/TagsFilter: Test Cases/commonFunctionality/TagsFilter FAILED because (of) (Stack trace: com.kms.katalon.core.exception.StepFailedException: Unable to click on object 'Object Repository/LinkLogFilter/FilterButton' (Root cause: org.openqa.selenium.WebDriverException: unknown error: Element <div class="filter-btn">...</div> is not clickable at point (383, 102). Other element would receive the click: <div class="loader-screen">...</div>
  (Session info: chrome=69.0.3497.92)
  (Driver info: chromedriver=2.35.528161 (5b82f2d2aae0ca24b877009200ced9065a772e73),platform=Windows NT 10.0.17134 x86_64) (WARNING: The server did not provide any stacktrace information)
Command duration or timeout: 0 milliseconds
Build info: version: '3.7.1', revision: '8a0099a', time: '2017-11-06T21:07:36.161Z'
System info: host: 'DESKTOP-D4528LJ', ip: '10.6.8.31', os.name: 'Windows 10', os.arch: 'amd64', os.version: '10.0', java.version: '1.8.0_181'
Driver info: com.kms.katalon.selenium.driver.CChromeDriver
Capabilities {acceptInsecureCerts: false, acceptSslCerts: false, applicationCacheEnabled: false, browserConnectionEnabled: false, browserName: chrome, chrome: {chromedriverVersion: 2.35.528161 (5b82f2d2aae0ca..., userDataDir: C:\Users\Kaushal\AppData\Lo...}, cssSelectorsEnabled: true, databaseEnabled: false, handlesAlerts: true, hasTouchScreen: false, javascriptEnabled: true, locationContextEnabled: true, mobileEmulationEnabled: false, nativeEvents: true, networkConnectionEnabled: false, pageLoadStrategy: normal, platform: XP, platformName: XP, rotatable: false, setWindowRect: true, takesHeapSnapshot: true, takesScreenshot: true, unexpectedAlertBehaviour: , unhandledPromptBehavior: , version: 69.0.3497.92, webStorageEnabled: true}
Session ID: 542382ef047b027c83bef3de317a011d)
	at com.kms.katalon.core.keyword.internal.KeywordMain.stepFailed(KeywordMain.groovy:36)
	at com.kms.katalon.core.webui.keyword.internal.WebUIKeywordMain.stepFailed(WebUIKeywordMain.groovy:65)
	at com.kms.katalon.core.webui.keyword.internal.WebUIKeywordMain.runKeyword(WebUIKeywordMain.groovy:27)
	at com.kms.katalon.core.webui.keyword.builtin.ClickKeyword.click(ClickKeyword.groovy:86)
	at com.kms.katalon.core.webui.keyword.builtin.ClickKeyword.execute(ClickKeyword.groovy:67)
	at com.kms.katalon.core.keyword.internal.KeywordExecutor.executeKeywordForPlatform(KeywordExecutor.groovy:53)
	at com.kms.katalon.core.webui.keyword.WebUiBuiltInKeywords.click(WebUiBuiltInKeywords.groovy:616)
	at com.kms.katalon.core.webui.keyword.WebUiBuiltInKeywords$click$2.call(Unknown Source)
	at org.codehaus.groovy.runtime.callsite.CallSiteArray.defaultCall(CallSiteArray.java:48)
	at org.codehaus.groovy.runtime.callsite.AbstractCallSite.call(AbstractCallSite.java:113)
	at org.codehaus.groovy.runtime.callsite.AbstractCallSite.call(AbstractCallSite.java:125)
	at Script1535544618631.run(Script1535544618631.groovy:91)
	at com.kms.katalon.core.main.ScriptEngine.run(ScriptEngine.java:183)
	at com.kms.katalon.core.main.ScriptEngine.runScriptAsRawText(ScriptEngine.java:108)
	at com.kms.katalon.core.main.TestCaseExecutor.runScript(TestCaseExecutor.java:294)
	at com.kms.katalon.core.main.TestCaseExecutor.doExecute(TestCaseExecutor.java:285)
	at com.kms.katalon.core.main.TestCaseExecutor.processExecutionPhase(TestCaseExecutor.java:264)
	at com.kms.katalon.core.main.TestCaseExecutor.accessMainPhase(TestCaseExecutor.java:256)
	at com.kms.katalon.core.main.TestCaseExecutor.execute(TestCaseExecutor.java:200)
	at com.kms.katalon.core.main.TestCaseMain.runTestCase(TestCaseMain.java:99)
	at com.kms.katalon.core.keyword.builtin.CallTestCaseKeyword$_callTestCase_closure1.doCall(CallTestCaseKeyword.groovy:60)
	at com.kms.katalon.core.keyword.builtin.CallTestCaseKeyword$_callTestCase_closure1.call(CallTestCaseKeyword.groovy)
	at com.kms.katalon.core.keyword.internal.KeywordMain.runKeyword(KeywordMain.groovy:54)
	at com.kms.katalon.core.keyword.builtin.CallTestCaseKeyword.callTestCase(CallTestCaseKeyword.groovy:81)
	at com.kms.katalon.core.keyword.builtin.CallTestCaseKeyword.execute(CallTestCaseKeyword.groovy:45)
	at com.kms.katalon.core.keyword.internal.KeywordExecutor.executeKeywordForPlatform(KeywordExecutor.groovy:53)
	at com.kms.katalon.core.keyword.BuiltinKeywords.callTestCase(BuiltinKeywords.groovy:350)
	at sun.reflect.GeneratedMethodAccessor16.invoke(Unknown Source)
	at sun.reflect.DelegatingMethodAccessorImpl.invoke(DelegatingMethodAccessorImpl.java:43)
	at java.lang.reflect.Method.invoke(Method.java:498)
	at org.codehaus.groovy.reflection.CachedMethod.invoke(CachedMethod.java:93)
	at groovy.lang.MetaMethod.doMethodInvoke(MetaMethod.java:325)
	at groovy.lang.MetaClassImpl.invokeStaticMethod(MetaClassImpl.java:1469)
	at org.codehaus.groovy.runtime.callsite.StaticMetaClassSite.call(StaticMetaClassSite.java:53)
	at org.codehaus.groovy.runtime.callsite.CallSiteArray.defaultCall(CallSiteArray.java:48)
	at org.codehaus.groovy.runtime.callsite.AbstractCallSite.call(AbstractCallSite.java:113)
	at org.codehaus.groovy.runtime.callsite.AbstractCallSite.call(AbstractCallSite.java:133)
	at Script1534156933498.run(Script1534156933498.groovy:28)
	at com.kms.katalon.core.main.ScriptEngine.run(ScriptEngine.java:183)
	at com.kms.katalon.core.main.ScriptEngine.runScriptAsRawText(ScriptEngine.java:108)
	at com.kms.katalon.core.main.TestCaseExecutor.runScript(TestCaseExecutor.java:294)
	at com.kms.katalon.core.main.TestCaseExecutor.doExecute(TestCaseExecutor.java:285)
	at com.kms.katalon.core.main.TestCaseExecutor.processExecutionPhase(TestCaseExecutor.java:264)
	at com.kms.katalon.core.main.TestCaseExecutor.accessMainPhase(TestCaseExecutor.java:256)
	at com.kms.katalon.core.main.TestCaseExecutor.execute(TestCaseExecutor.java:200)
	at com.kms.katalon.core.main.TestSuiteExecutor.accessTestCaseMainPhase(TestSuiteExecutor.java:129)
	at com.kms.katalon.core.main.TestSuiteExecutor.accessTestSuiteMainPhase(TestSuiteExecutor.java:112)
	at com.kms.katalon.core.main.TestSuiteExecutor.execute(TestSuiteExecutor.java:81)
	at com.kms.katalon.core.main.TestCaseMain.startTestSuite(TestCaseMain.java:142)
	at com.kms.katalon.core.main.TestCaseMain$startTestSuite$0.call(Unknown Source)
	at org.codehaus.groovy.runtime.callsite.CallSiteArray.defaultCall(CallSiteArray.java:48)
	at org.codehaus.groovy.runtime.callsite.AbstractCallSite.call(AbstractCallSite.java:113)
	at org.codehaus.groovy.runtime.callsite.AbstractCallSite.call(AbstractCallSite.java:141)
	at TempTestSuite1537003942876.run(TempTestSuite1537003942876.groovy:36)
	at groovy.lang.GroovyShell.runScriptOrMainOrTestOrRunnable(GroovyShell.java:263)
	at groovy.lang.GroovyShell.run(GroovyShell.java:518)
	at groovy.lang.GroovyShell.run(GroovyShell.java:507)
	at groovy.ui.GroovyMain.processOnce(GroovyMain.java:653)
	at groovy.ui.GroovyMain.run(GroovyMain.java:384)
	at groovy.ui.GroovyMain.process(GroovyMain.java:370)
	at groovy.ui.GroovyMain.processArgs(GroovyMain.java:129)
	at groovy.ui.GroovyMain.main(GroovyMain.java:109)
	at sun.reflect.NativeMethodAccessorImpl.invoke0(Native Method)
	at sun.reflect.NativeMethodAccessorImpl.invoke(NativeMethodAccessorImpl.java:62)
	at sun.reflect.DelegatingMethodAccessorImpl.invoke(DelegatingMethodAccessorImpl.java:43)
	at java.lang.reflect.Method.invoke(Method.java:498)
	at org.codehaus.groovy.tools.GroovyStarter.rootLoader(GroovyStarter.java:109)
	at org.codehaus.groovy.tools.GroovyStarter.main(GroovyStarter.java:131)
)

2018-09-15 10:45:03 - [TEST_STEP][PASSED] - click: Object: 'Object Repository/LinkLogFilter/FilterButton' is clicked on

2018-09-15 10:45:03 - [MESSAGE][PASSED] - Object: 'Object Repository/LinkLogFilter/FilterButton' is clicked on

2018-09-15 10:45:03 - [TEST_STEP][PASSED] - Statement - If (com.kms.katalon.core.webui.keyword.WebUiBuiltInKeywords.verifyElementPresent(com.kms.katalon.core.testobject.ObjectRepository.findTestObject(filter/filterContainer), 5, OPTIONAL)): null

2018-09-15 10:45:03 - [MESSAGE][PASSED] - Object 'Object Repository/filter/filterContainer' is present

2018-09-15 10:45:03 - [TEST_STEP][PASSED] - Statement - println("open filter POP Up successful"): null

2018-09-15 10:45:03 - [TEST_STEP][PASSED] - setText: Text 'P' is set on object 'Object Repository/LinkLogFilter/TagFilter'

2018-09-15 10:45:04 - [MESSAGE][PASSED] - Text 'P' is set on object 'Object Repository/LinkLogFilter/TagFilter'

2018-09-15 10:45:04 - [TEST_STEP][PASSED] - click: Object: 'Object Repository/LinkLogFilter/innerFilterButton' is clicked on

2018-09-15 10:45:04 - [MESSAGE][PASSED] - Object: 'Object Repository/LinkLogFilter/innerFilterButton' is clicked on

2018-09-15 10:45:04 - [TEST_STEP][PASSED] - delay: Delayed 20 second(s)

2018-09-15 10:45:24 - [MESSAGE][PASSED] - Delayed 20 second(s)

2018-09-15 10:45:24 - [TEST_STEP][PASSED] - click: Object: 'Object Repository/callLogs/downLoadCsv' is clicked on

2018-09-15 10:45:24 - [MESSAGE][PASSED] - Object: 'Object Repository/callLogs/downLoadCsv' is clicked on

2018-09-15 10:45:24 - [TEST_STEP][PASSED] - click: Object: 'Object Repository/LinkLogFilter/FilterButton' is clicked on

2018-09-15 10:45:27 - [MESSAGE][PASSED] - Object: 'Object Repository/LinkLogFilter/FilterButton' is clicked on

2018-09-15 10:45:27 - [TEST_STEP][PASSED] - Statement - If (com.kms.katalon.core.webui.keyword.WebUiBuiltInKeywords.verifyElementPresent(com.kms.katalon.core.testobject.ObjectRepository.findTestObject(filter/filterContainer), 5, OPTIONAL)): null

2018-09-15 10:45:27 - [MESSAGE][PASSED] - Object 'Object Repository/filter/filterContainer' is present

2018-09-15 10:45:27 - [TEST_STEP][PASSED] - Statement - println("open filter POP Up successful"): null

2018-09-15 10:45:27 - [TEST_STEP][PASSED] - sendKeys: Keys 'CONTROL + DELETE + a' sent to object: 'Object Repository/LinkLogFilter/TagFilter'

2018-09-15 10:45:28 - [MESSAGE][PASSED] - Keys 'CONTROL + DELETE + a' sent to object: 'Object Repository/LinkLogFilter/TagFilter'

2018-09-15 10:45:28 - [TEST_STEP][PASSED] - click: Object: 'Object Repository/LinkLogFilter/innerFilterButton' is clicked on

2018-09-15 10:45:28 - [MESSAGE][PASSED] - Object: 'Object Repository/LinkLogFilter/innerFilterButton' is clicked on

2018-09-15 10:45:28 - [TEST_STEP][PASSED] - delay: Delayed 5 second(s)

2018-09-15 10:45:33 - [MESSAGE][PASSED] - Delayed 5 second(s)

2018-09-15 10:45:33 - [TEST_STEP][PASSED] - setText: Text ' ' is set on object 'Object Repository/LinkLogFilter/TagFilter'

2018-09-15 10:45:33 - [MESSAGE][PASSED] - Text ' ' is set on object 'Object Repository/LinkLogFilter/TagFilter'

2018-09-15 10:45:33 - [TEST_STEP][PASSED] - click: Object: 'Object Repository/LinkLogFilter/innerFilterButton' is clicked on

2018-09-15 10:45:33 - [MESSAGE][PASSED] - Object: 'Object Repository/LinkLogFilter/innerFilterButton' is clicked on

2018-09-15 10:45:33 - [TEST_STEP][PASSED] - delay: Delayed 3 second(s)

2018-09-15 10:45:36 - [MESSAGE][PASSED] - Delayed 3 second(s)

2018-09-15 10:45:36 - [TEST_STEP][PASSED] - setText: Text '~"#' is set on object 'Object Repository/LinkLogFilter/TagFilter'

2018-09-15 10:45:36 - [MESSAGE][PASSED] - Text '~"#' is set on object 'Object Repository/LinkLogFilter/TagFilter'

2018-09-15 10:45:36 - [TEST_STEP][PASSED] - click: Object: 'Object Repository/LinkLogFilter/innerFilterButton' is clicked on

2018-09-15 10:45:36 - [MESSAGE][PASSED] - Object: 'Object Repository/LinkLogFilter/innerFilterButton' is clicked on

2018-09-15 10:45:36 - [TEST_STEP][PASSED] - delay: Delayed 3 second(s)

2018-09-15 10:45:39 - [MESSAGE][PASSED] - Delayed 3 second(s)

2018-09-15 10:45:39 - [TEST_STEP][PASSED] - setText: Text '898' is set on object 'Object Repository/LinkLogFilter/TagFilter'

2018-09-15 10:45:39 - [MESSAGE][PASSED] - Text '898' is set on object 'Object Repository/LinkLogFilter/TagFilter'

2018-09-15 10:45:39 - [TEST_STEP][PASSED] - click: Object: 'Object Repository/LinkLogFilter/innerFilterButton' is clicked on

2018-09-15 10:45:39 - [MESSAGE][PASSED] - Object: 'Object Repository/LinkLogFilter/innerFilterButton' is clicked on

2018-09-15 10:45:39 - [TEST_STEP][PASSED] - verifyElementPresent: com.kms.katalon.core.webui.exception.WebElementNotFoundException: Web element with id: 'Object Repository/LinkLogFilter/noTagAvailable' located by 'By.xpath: /html/body/div[2]/div/div/div[2]/div[2]/div[1]/div[2]/div[2][count(. | //div[@class = 'no-logs-container']) = count(//div[@class = 'no-logs-container'])]' not found

2018-09-15 10:45:50 - [MESSAGE][WARNING] - com.kms.katalon.core.webui.exception.WebElementNotFoundException: Web element with id: 'Object Repository/LinkLogFilter/noTagAvailable' located by 'By.xpath: /html/body/div[2]/div/div/div[2]/div[2]/div[1]/div[2]/div[2][count(. | //div[@class = 'no-logs-container']) = count(//div[@class = 'no-logs-container'])]' not found
[[ATTACHMENT|C:\\Users\\Kaushal\\Desktop\\Katalon Studio\\vCallingDashboard\\Reports\\RegressionSuite\\20180915_103222\\1537004749876.png]]

2018-09-15 10:45:50 - [TEST_STEP][PASSED] - delay: Delayed 5 second(s)

2018-09-15 10:45:55 - [MESSAGE][PASSED] - Delayed 5 second(s)

2018-09-15 10:45:55 - [TEST_STEP][FAILED] - click: Unable to click on object 'Object Repository/LinkLogFilter/FilterButton' (Root cause: org.openqa.selenium.WebDriverException: unknown error: Element <div class="filter-btn">...</div> is not clickable at point (383, 102). Other element would receive the click: <div class="loader-screen">...</div>
  (Session info: chrome=69.0.3497.92)
  (Driver info: chromedriver=2.35.528161 (5b82f2d2aae0ca24b877009200ced9065a772e73),platform=Windows NT 10.0.17134 x86_64) (WARNING: The server did not provide any stacktrace information)
Command duration or timeout: 0 milliseconds
Build info: version: '3.7.1', revision: '8a0099a', time: '2017-11-06T21:07:36.161Z'
System info: host: 'DESKTOP-D4528LJ', ip: '10.6.8.31', os.name: 'Windows 10', os.arch: 'amd64', os.version: '10.0', java.version: '1.8.0_181'
Driver info: com.kms.katalon.selenium.driver.CChromeDriver
Capabilities {acceptInsecureCerts: false, acceptSslCerts: false, applicationCacheEnabled: false, browserConnectionEnabled: false, browserName: chrome, chrome: {chromedriverVersion: 2.35.528161 (5b82f2d2aae0ca..., userDataDir: C:\Users\Kaushal\AppData\Lo...}, cssSelectorsEnabled: true, databaseEnabled: false, handlesAlerts: true, hasTouchScreen: false, javascriptEnabled: true, locationContextEnabled: true, mobileEmulationEnabled: false, nativeEvents: true, networkConnectionEnabled: false, pageLoadStrategy: normal, platform: XP, platformName: XP, rotatable: false, setWindowRect: true, takesHeapSnapshot: true, takesScreenshot: true, unexpectedAlertBehaviour: , unhandledPromptBehavior: , version: 69.0.3497.92, webStorageEnabled: true}
Session ID: 542382ef047b027c83bef3de317a011d)

2018-09-15 10:45:55 - [MESSAGE][FAILED] - Unable to click on object 'Object Repository/LinkLogFilter/FilterButton' (Root cause: org.openqa.selenium.WebDriverException: unknown error: Element <div class="filter-btn">...</div> is not clickable at point (383, 102). Other element would receive the click: <div class="loader-screen">...</div>
  (Session info: chrome=69.0.3497.92)
  (Driver info: chromedriver=2.35.528161 (5b82f2d2aae0ca24b877009200ced9065a772e73),platform=Windows NT 10.0.17134 x86_64) (WARNING: The server did not provide any stacktrace information)
Command duration or timeout: 0 milliseconds
Build info: version: '3.7.1', revision: '8a0099a', time: '2017-11-06T21:07:36.161Z'
System info: host: 'DESKTOP-D4528LJ', ip: '10.6.8.31', os.name: 'Windows 10', os.arch: 'amd64', os.version: '10.0', java.version: '1.8.0_181'
Driver info: com.kms.katalon.selenium.driver.CChromeDriver
Capabilities {acceptInsecureCerts: false, acceptSslCerts: false, applicationCacheEnabled: false, browserConnectionEnabled: false, browserName: chrome, chrome: {chromedriverVersion: 2.35.528161 (5b82f2d2aae0ca..., userDataDir: C:\Users\Kaushal\AppData\Lo...}, cssSelectorsEnabled: true, databaseEnabled: false, handlesAlerts: true, hasTouchScreen: false, javascriptEnabled: true, locationContextEnabled: true, mobileEmulationEnabled: false, nativeEvents: true, networkConnectionEnabled: false, pageLoadStrategy: normal, platform: XP, platformName: XP, rotatable: false, setWindowRect: true, takesHeapSnapshot: true, takesScreenshot: true, unexpectedAlertBehaviour: , unhandledPromptBehavior: , version: 69.0.3497.92, webStorageEnabled: true}
Session ID: 542382ef047b027c83bef3de317a011d)
[[ATTACHMENT|C:\\Users\\Kaushal\\Desktop\\Katalon Studio\\vCallingDashboard\\Reports\\RegressionSuite\\20180915_103222\\1537004755318.png]]

2018-09-15 10:45:55 - [MESSAGE][FAILED] - Unable to call Test Case with id 'Test Cases/commonFunctionality/TagsFilter' (Root cause: Call Test Case 'Test Cases/commonFunctionality/TagsFilter' failed)]]></system-out>
         <system-err><![CDATA[2018-09-15 10:44:36 - [TEST_CASE][FAILED] - Test Cases/completed/TestCase3_FilterLinkLog/FilterTag: Test Cases/completed/TestCase3_FilterLinkLog/FilterTag FAILED because (of) (Stack trace: com.kms.katalon.core.exception.StepFailedException: Unable to click on object 'Object Repository/LinkLogFilter/FilterButton' (Root cause: org.openqa.selenium.WebDriverException: unknown error: Element <div class="filter-btn">...</div> is not clickable at point (383, 102). Other element would receive the click: <div class="loader-screen">...</div>
  (Session info: chrome=69.0.3497.92)
  (Driver info: chromedriver=2.35.528161 (5b82f2d2aae0ca24b877009200ced9065a772e73),platform=Windows NT 10.0.17134 x86_64) (WARNING: The server did not provide any stacktrace information)
Command duration or timeout: 0 milliseconds
Build info: version: '3.7.1', revision: '8a0099a', time: '2017-11-06T21:07:36.161Z'
System info: host: 'DESKTOP-D4528LJ', ip: '10.6.8.31', os.name: 'Windows 10', os.arch: 'amd64', os.version: '10.0', java.version: '1.8.0_181'
Driver info: com.kms.katalon.selenium.driver.CChromeDriver
Capabilities {acceptInsecureCerts: false, acceptSslCerts: false, applicationCacheEnabled: false, browserConnectionEnabled: false, browserName: chrome, chrome: {chromedriverVersion: 2.35.528161 (5b82f2d2aae0ca..., userDataDir: C:\Users\Kaushal\AppData\Lo...}, cssSelectorsEnabled: true, databaseEnabled: false, handlesAlerts: true, hasTouchScreen: false, javascriptEnabled: true, locationContextEnabled: true, mobileEmulationEnabled: false, nativeEvents: true, networkConnectionEnabled: false, pageLoadStrategy: normal, platform: XP, platformName: XP, rotatable: false, setWindowRect: true, takesHeapSnapshot: true, takesScreenshot: true, unexpectedAlertBehaviour: , unhandledPromptBehavior: , version: 69.0.3497.92, webStorageEnabled: true}
Session ID: 542382ef047b027c83bef3de317a011d)
	at com.kms.katalon.core.keyword.internal.KeywordMain.stepFailed(KeywordMain.groovy:36)
	at com.kms.katalon.core.webui.keyword.internal.WebUIKeywordMain.stepFailed(WebUIKeywordMain.groovy:65)
	at com.kms.katalon.core.webui.keyword.internal.WebUIKeywordMain.runKeyword(WebUIKeywordMain.groovy:27)
	at com.kms.katalon.core.webui.keyword.builtin.ClickKeyword.click(ClickKeyword.groovy:86)
	at com.kms.katalon.core.webui.keyword.builtin.ClickKeyword.execute(ClickKeyword.groovy:67)
	at com.kms.katalon.core.keyword.internal.KeywordExecutor.executeKeywordForPlatform(KeywordExecutor.groovy:53)
	at com.kms.katalon.core.webui.keyword.WebUiBuiltInKeywords.click(WebUiBuiltInKeywords.groovy:616)
	at com.kms.katalon.core.webui.keyword.WebUiBuiltInKeywords$click$2.call(Unknown Source)
	at org.codehaus.groovy.runtime.callsite.CallSiteArray.defaultCall(CallSiteArray.java:48)
	at org.codehaus.groovy.runtime.callsite.AbstractCallSite.call(AbstractCallSite.java:113)
	at org.codehaus.groovy.runtime.callsite.AbstractCallSite.call(AbstractCallSite.java:125)
	at Script1535544618631.run(Script1535544618631.groovy:91)
	at com.kms.katalon.core.main.ScriptEngine.run(ScriptEngine.java:183)
	at com.kms.katalon.core.main.ScriptEngine.runScriptAsRawText(ScriptEngine.java:108)
	at com.kms.katalon.core.main.TestCaseExecutor.runScript(TestCaseExecutor.java:294)
	at com.kms.katalon.core.main.TestCaseExecutor.doExecute(TestCaseExecutor.java:285)
	at com.kms.katalon.core.main.TestCaseExecutor.processExecutionPhase(TestCaseExecutor.java:264)
	at com.kms.katalon.core.main.TestCaseExecutor.accessMainPhase(TestCaseExecutor.java:256)
	at com.kms.katalon.core.main.TestCaseExecutor.execute(TestCaseExecutor.java:200)
	at com.kms.katalon.core.main.TestCaseMain.runTestCase(TestCaseMain.java:99)
	at com.kms.katalon.core.keyword.builtin.CallTestCaseKeyword$_callTestCase_closure1.doCall(CallTestCaseKeyword.groovy:60)
	at com.kms.katalon.core.keyword.builtin.CallTestCaseKeyword$_callTestCase_closure1.call(CallTestCaseKeyword.groovy)
	at com.kms.katalon.core.keyword.internal.KeywordMain.runKeyword(KeywordMain.groovy:54)
	at com.kms.katalon.core.keyword.builtin.CallTestCaseKeyword.callTestCase(CallTestCaseKeyword.groovy:81)
	at com.kms.katalon.core.keyword.builtin.CallTestCaseKeyword.execute(CallTestCaseKeyword.groovy:45)
	at com.kms.katalon.core.keyword.internal.KeywordExecutor.executeKeywordForPlatform(KeywordExecutor.groovy:53)
	at com.kms.katalon.core.keyword.BuiltinKeywords.callTestCase(BuiltinKeywords.groovy:350)
	at sun.reflect.GeneratedMethodAccessor16.invoke(Unknown Source)
	at sun.reflect.DelegatingMethodAccessorImpl.invoke(DelegatingMethodAccessorImpl.java:43)
	at java.lang.reflect.Method.invoke(Method.java:498)
	at org.codehaus.groovy.reflection.CachedMethod.invoke(CachedMethod.java:93)
	at groovy.lang.MetaMethod.doMethodInvoke(MetaMethod.java:325)
	at groovy.lang.MetaClassImpl.invokeStaticMethod(MetaClassImpl.java:1469)
	at org.codehaus.groovy.runtime.callsite.StaticMetaClassSite.call(StaticMetaClassSite.java:53)
	at org.codehaus.groovy.runtime.callsite.CallSiteArray.defaultCall(CallSiteArray.java:48)
	at org.codehaus.groovy.runtime.callsite.AbstractCallSite.call(AbstractCallSite.java:113)
	at org.codehaus.groovy.runtime.callsite.AbstractCallSite.call(AbstractCallSite.java:133)
	at Script1534156933498.run(Script1534156933498.groovy:28)
	at com.kms.katalon.core.main.ScriptEngine.run(ScriptEngine.java:183)
	at com.kms.katalon.core.main.ScriptEngine.runScriptAsRawText(ScriptEngine.java:108)
	at com.kms.katalon.core.main.TestCaseExecutor.runScript(TestCaseExecutor.java:294)
	at com.kms.katalon.core.main.TestCaseExecutor.doExecute(TestCaseExecutor.java:285)
	at com.kms.katalon.core.main.TestCaseExecutor.processExecutionPhase(TestCaseExecutor.java:264)
	at com.kms.katalon.core.main.TestCaseExecutor.accessMainPhase(TestCaseExecutor.java:256)
	at com.kms.katalon.core.main.TestCaseExecutor.execute(TestCaseExecutor.java:200)
	at com.kms.katalon.core.main.TestSuiteExecutor.accessTestCaseMainPhase(TestSuiteExecutor.java:129)
	at com.kms.katalon.core.main.TestSuiteExecutor.accessTestSuiteMainPhase(TestSuiteExecutor.java:112)
	at com.kms.katalon.core.main.TestSuiteExecutor.execute(TestSuiteExecutor.java:81)
	at com.kms.katalon.core.main.TestCaseMain.startTestSuite(TestCaseMain.java:142)
	at com.kms.katalon.core.main.TestCaseMain$startTestSuite$0.call(Unknown Source)
	at org.codehaus.groovy.runtime.callsite.CallSiteArray.defaultCall(CallSiteArray.java:48)
	at org.codehaus.groovy.runtime.callsite.AbstractCallSite.call(AbstractCallSite.java:113)
	at org.codehaus.groovy.runtime.callsite.AbstractCallSite.call(AbstractCallSite.java:141)
	at TempTestSuite1537003942876.run(TempTestSuite1537003942876.groovy:36)
	at groovy.lang.GroovyShell.runScriptOrMainOrTestOrRunnable(GroovyShell.java:263)
	at groovy.lang.GroovyShell.run(GroovyShell.java:518)
	at groovy.lang.GroovyShell.run(GroovyShell.java:507)
	at groovy.ui.GroovyMain.processOnce(GroovyMain.java:653)
	at groovy.ui.GroovyMain.run(GroovyMain.java:384)
	at groovy.ui.GroovyMain.process(GroovyMain.java:370)
	at groovy.ui.GroovyMain.processArgs(GroovyMain.java:129)
	at groovy.ui.GroovyMain.main(GroovyMain.java:109)
	at sun.reflect.NativeMethodAccessorImpl.invoke0(Native Method)
	at sun.reflect.NativeMethodAccessorImpl.invoke(NativeMethodAccessorImpl.java:62)
	at sun.reflect.DelegatingMethodAccessorImpl.invoke(DelegatingMethodAccessorImpl.java:43)
	at java.lang.reflect.Method.invoke(Method.java:498)
	at org.codehaus.groovy.tools.GroovyStarter.rootLoader(GroovyStarter.java:109)
	at org.codehaus.groovy.tools.GroovyStarter.main(GroovyStarter.java:131)
)]]></system-err>
      </testcase>
      <testcase name="Test Cases/completed/TestCase3_FilterLinkLog/FilterTimeSpent" classname="Test Cases/completed/TestCase3_FilterLinkLog/FilterTimeSpent" status="FAILED">
         <failure type="FAILED" message="(Stack trace: com.kms.katalon.core.exception.StepFailedException: Unable to click on object 'Object Repository/LinkLogFilter/FilterButton' (Root cause: org.openqa.selenium.WebDriverException: unknown error: Element &lt;div class=&quot;filter-btn&quot;>...&lt;/div> is not clickable at point (383, 102). Other element would receive the click: &lt;div class=&quot;loader-screen&quot;>...&lt;/div>
  (Session info: chrome=69.0.3497.92)
  (Driver info: chromedriver=2.35.528161 (5b82f2d2aae0ca24b877009200ced9065a772e73),platform=Windows NT 10.0.17134 x86_64) (WARNING: The server did not provide any stacktrace information)
Command duration or timeout: 0 milliseconds
Build info: version: '3.7.1', revision: '8a0099a', time: '2017-11-06T21:07:36.161Z'
System info: host: 'DESKTOP-D4528LJ', ip: '10.6.8.31', os.name: 'Windows 10', os.arch: 'amd64', os.version: '10.0', java.version: '1.8.0_181'
Driver info: com.kms.katalon.selenium.driver.CChromeDriver
Capabilities {acceptInsecureCerts: false, acceptSslCerts: false, applicationCacheEnabled: false, browserConnectionEnabled: false, browserName: chrome, chrome: {chromedriverVersion: 2.35.528161 (5b82f2d2aae0ca..., userDataDir: C:\Users\Kaushal\AppData\Lo...}, cssSelectorsEnabled: true, databaseEnabled: false, handlesAlerts: true, hasTouchScreen: false, javascriptEnabled: true, locationContextEnabled: true, mobileEmulationEnabled: false, nativeEvents: true, networkConnectionEnabled: false, pageLoadStrategy: normal, platform: XP, platformName: XP, rotatable: false, setWindowRect: true, takesHeapSnapshot: true, takesScreenshot: true, unexpectedAlertBehaviour: , unhandledPromptBehavior: , version: 69.0.3497.92, webStorageEnabled: true}
Session ID: 50d8674001a798119279a3da2427167a)
	at com.kms.katalon.core.keyword.internal.KeywordMain.stepFailed(KeywordMain.groovy:36)
	at com.kms.katalon.core.webui.keyword.internal.WebUIKeywordMain.stepFailed(WebUIKeywordMain.groovy:65)
	at com.kms.katalon.core.webui.keyword.internal.WebUIKeywordMain.runKeyword(WebUIKeywordMain.groovy:27)
	at com.kms.katalon.core.webui.keyword.builtin.ClickKeyword.click(ClickKeyword.groovy:86)
	at com.kms.katalon.core.webui.keyword.builtin.ClickKeyword.execute(ClickKeyword.groovy:67)
	at com.kms.katalon.core.keyword.internal.KeywordExecutor.executeKeywordForPlatform(KeywordExecutor.groovy:53)
	at com.kms.katalon.core.webui.keyword.WebUiBuiltInKeywords.click(WebUiBuiltInKeywords.groovy:616)
	at com.kms.katalon.core.webui.keyword.WebUiBuiltInKeywords$click$2.call(Unknown Source)
	at org.codehaus.groovy.runtime.callsite.CallSiteArray.defaultCall(CallSiteArray.java:48)
	at org.codehaus.groovy.runtime.callsite.AbstractCallSite.call(AbstractCallSite.java:113)
	at org.codehaus.groovy.runtime.callsite.AbstractCallSite.call(AbstractCallSite.java:125)
	at Script1535802488872.run(Script1535802488872.groovy:45)
	at com.kms.katalon.core.main.ScriptEngine.run(ScriptEngine.java:183)
	at com.kms.katalon.core.main.ScriptEngine.runScriptAsRawText(ScriptEngine.java:108)
	at com.kms.katalon.core.main.TestCaseExecutor.runScript(TestCaseExecutor.java:294)
	at com.kms.katalon.core.main.TestCaseExecutor.doExecute(TestCaseExecutor.java:285)
	at com.kms.katalon.core.main.TestCaseExecutor.processExecutionPhase(TestCaseExecutor.java:264)
	at com.kms.katalon.core.main.TestCaseExecutor.accessMainPhase(TestCaseExecutor.java:256)
	at com.kms.katalon.core.main.TestCaseExecutor.execute(TestCaseExecutor.java:200)
	at com.kms.katalon.core.main.TestCaseMain.runTestCase(TestCaseMain.java:99)
	at com.kms.katalon.core.keyword.builtin.CallTestCaseKeyword$_callTestCase_closure1.doCall(CallTestCaseKeyword.groovy:60)
	at com.kms.katalon.core.keyword.builtin.CallTestCaseKeyword$_callTestCase_closure1.call(CallTestCaseKeyword.groovy)
	at com.kms.katalon.core.keyword.internal.KeywordMain.runKeyword(KeywordMain.groovy:54)
	at com.kms.katalon.core.keyword.builtin.CallTestCaseKeyword.callTestCase(CallTestCaseKeyword.groovy:81)
	at com.kms.katalon.core.keyword.builtin.CallTestCaseKeyword.execute(CallTestCaseKeyword.groovy:45)
	at com.kms.katalon.core.keyword.internal.KeywordExecutor.executeKeywordForPlatform(KeywordExecutor.groovy:53)
	at com.kms.katalon.core.keyword.BuiltinKeywords.callTestCase(BuiltinKeywords.groovy:350)
	at sun.reflect.GeneratedMethodAccessor16.invoke(Unknown Source)
	at sun.reflect.DelegatingMethodAccessorImpl.invoke(DelegatingMethodAccessorImpl.java:43)
	at java.lang.reflect.Method.invoke(Method.java:498)
	at org.codehaus.groovy.reflection.CachedMethod.invoke(CachedMethod.java:93)
	at groovy.lang.MetaMethod.doMethodInvoke(MetaMethod.java:325)
	at groovy.lang.MetaClassImpl.invokeStaticMethod(MetaClassImpl.java:1469)
	at org.codehaus.groovy.runtime.callsite.StaticMetaClassSite.call(StaticMetaClassSite.java:53)
	at org.codehaus.groovy.runtime.callsite.CallSiteArray.defaultCall(CallSiteArray.java:48)
	at org.codehaus.groovy.runtime.callsite.AbstractCallSite.call(AbstractCallSite.java:113)
	at org.codehaus.groovy.runtime.callsite.AbstractCallSite.call(AbstractCallSite.java:133)
	at Script1534239837610.run(Script1534239837610.groovy:35)
	at com.kms.katalon.core.main.ScriptEngine.run(ScriptEngine.java:183)
	at com.kms.katalon.core.main.ScriptEngine.runScriptAsRawText(ScriptEngine.java:108)
	at com.kms.katalon.core.main.TestCaseExecutor.runScript(TestCaseExecutor.java:294)
	at com.kms.katalon.core.main.TestCaseExecutor.doExecute(TestCaseExecutor.java:285)
	at com.kms.katalon.core.main.TestCaseExecutor.processExecutionPhase(TestCaseExecutor.java:264)
	at com.kms.katalon.core.main.TestCaseExecutor.accessMainPhase(TestCaseExecutor.java:256)
	at com.kms.katalon.core.main.TestCaseExecutor.execute(TestCaseExecutor.java:200)
	at com.kms.katalon.core.main.TestSuiteExecutor.accessTestCaseMainPhase(TestSuiteExecutor.java:129)
	at com.kms.katalon.core.main.TestSuiteExecutor.accessTestSuiteMainPhase(TestSuiteExecutor.java:112)
	at com.kms.katalon.core.main.TestSuiteExecutor.execute(TestSuiteExecutor.java:81)
	at com.kms.katalon.core.main.TestCaseMain.startTestSuite(TestCaseMain.java:142)
	at com.kms.katalon.core.main.TestCaseMain$startTestSuite$0.call(Unknown Source)
	at org.codehaus.groovy.runtime.callsite.CallSiteArray.defaultCall(CallSiteArray.java:48)
	at org.codehaus.groovy.runtime.callsite.AbstractCallSite.call(AbstractCallSite.java:113)
	at org.codehaus.groovy.runtime.callsite.AbstractCallSite.call(AbstractCallSite.java:141)
	at TempTestSuite1537003942876.run(TempTestSuite1537003942876.groovy:36)
	at groovy.lang.GroovyShell.runScriptOrMainOrTestOrRunnable(GroovyShell.java:263)
	at groovy.lang.GroovyShell.run(GroovyShell.java:518)
	at groovy.lang.GroovyShell.run(GroovyShell.java:507)
	at groovy.ui.GroovyMain.processOnce(GroovyMain.java:653)
	at groovy.ui.GroovyMain.run(GroovyMain.java:384)
	at groovy.ui.GroovyMain.process(GroovyMain.java:370)
	at groovy.ui.GroovyMain.processArgs(GroovyMain.java:129)
	at groovy.ui.GroovyMain.main(GroovyMain.java:109)
	at sun.reflect.NativeMethodAccessorImpl.invoke0(Native Method)
	at sun.reflect.NativeMethodAccessorImpl.invoke(NativeMethodAccessorImpl.java:62)
	at sun.reflect.DelegatingMethodAccessorImpl.invoke(DelegatingMethodAccessorImpl.java:43)
	at java.lang.reflect.Method.invoke(Method.java:498)
	at org.codehaus.groovy.tools.GroovyStarter.rootLoader(GroovyStarter.java:109)
	at org.codehaus.groovy.tools.GroovyStarter.main(GroovyStarter.java:131)
)"/>
         <system-out><![CDATA[2018-09-15 10:45:55 - [TEST_CASE][FAILED] - Test Cases/completed/TestCase3_FilterLinkLog/FilterTimeSpent: Test Cases/completed/TestCase3_FilterLinkLog/FilterTimeSpent FAILED because (of) (Stack trace: com.kms.katalon.core.exception.StepFailedException: Unable to click on object 'Object Repository/LinkLogFilter/FilterButton' (Root cause: org.openqa.selenium.WebDriverException: unknown error: Element <div class="filter-btn">...</div> is not clickable at point (383, 102). Other element would receive the click: <div class="loader-screen">...</div>
  (Session info: chrome=69.0.3497.92)
  (Driver info: chromedriver=2.35.528161 (5b82f2d2aae0ca24b877009200ced9065a772e73),platform=Windows NT 10.0.17134 x86_64) (WARNING: The server did not provide any stacktrace information)
Command duration or timeout: 0 milliseconds
Build info: version: '3.7.1', revision: '8a0099a', time: '2017-11-06T21:07:36.161Z'
System info: host: 'DESKTOP-D4528LJ', ip: '10.6.8.31', os.name: 'Windows 10', os.arch: 'amd64', os.version: '10.0', java.version: '1.8.0_181'
Driver info: com.kms.katalon.selenium.driver.CChromeDriver
Capabilities {acceptInsecureCerts: false, acceptSslCerts: false, applicationCacheEnabled: false, browserConnectionEnabled: false, browserName: chrome, chrome: {chromedriverVersion: 2.35.528161 (5b82f2d2aae0ca..., userDataDir: C:\Users\Kaushal\AppData\Lo...}, cssSelectorsEnabled: true, databaseEnabled: false, handlesAlerts: true, hasTouchScreen: false, javascriptEnabled: true, locationContextEnabled: true, mobileEmulationEnabled: false, nativeEvents: true, networkConnectionEnabled: false, pageLoadStrategy: normal, platform: XP, platformName: XP, rotatable: false, setWindowRect: true, takesHeapSnapshot: true, takesScreenshot: true, unexpectedAlertBehaviour: , unhandledPromptBehavior: , version: 69.0.3497.92, webStorageEnabled: true}
Session ID: 50d8674001a798119279a3da2427167a)
	at com.kms.katalon.core.keyword.internal.KeywordMain.stepFailed(KeywordMain.groovy:36)
	at com.kms.katalon.core.webui.keyword.internal.WebUIKeywordMain.stepFailed(WebUIKeywordMain.groovy:65)
	at com.kms.katalon.core.webui.keyword.internal.WebUIKeywordMain.runKeyword(WebUIKeywordMain.groovy:27)
	at com.kms.katalon.core.webui.keyword.builtin.ClickKeyword.click(ClickKeyword.groovy:86)
	at com.kms.katalon.core.webui.keyword.builtin.ClickKeyword.execute(ClickKeyword.groovy:67)
	at com.kms.katalon.core.keyword.internal.KeywordExecutor.executeKeywordForPlatform(KeywordExecutor.groovy:53)
	at com.kms.katalon.core.webui.keyword.WebUiBuiltInKeywords.click(WebUiBuiltInKeywords.groovy:616)
	at com.kms.katalon.core.webui.keyword.WebUiBuiltInKeywords$click$2.call(Unknown Source)
	at org.codehaus.groovy.runtime.callsite.CallSiteArray.defaultCall(CallSiteArray.java:48)
	at org.codehaus.groovy.runtime.callsite.AbstractCallSite.call(AbstractCallSite.java:113)
	at org.codehaus.groovy.runtime.callsite.AbstractCallSite.call(AbstractCallSite.java:125)
	at Script1535802488872.run(Script1535802488872.groovy:45)
	at com.kms.katalon.core.main.ScriptEngine.run(ScriptEngine.java:183)
	at com.kms.katalon.core.main.ScriptEngine.runScriptAsRawText(ScriptEngine.java:108)
	at com.kms.katalon.core.main.TestCaseExecutor.runScript(TestCaseExecutor.java:294)
	at com.kms.katalon.core.main.TestCaseExecutor.doExecute(TestCaseExecutor.java:285)
	at com.kms.katalon.core.main.TestCaseExecutor.processExecutionPhase(TestCaseExecutor.java:264)
	at com.kms.katalon.core.main.TestCaseExecutor.accessMainPhase(TestCaseExecutor.java:256)
	at com.kms.katalon.core.main.TestCaseExecutor.execute(TestCaseExecutor.java:200)
	at com.kms.katalon.core.main.TestCaseMain.runTestCase(TestCaseMain.java:99)
	at com.kms.katalon.core.keyword.builtin.CallTestCaseKeyword$_callTestCase_closure1.doCall(CallTestCaseKeyword.groovy:60)
	at com.kms.katalon.core.keyword.builtin.CallTestCaseKeyword$_callTestCase_closure1.call(CallTestCaseKeyword.groovy)
	at com.kms.katalon.core.keyword.internal.KeywordMain.runKeyword(KeywordMain.groovy:54)
	at com.kms.katalon.core.keyword.builtin.CallTestCaseKeyword.callTestCase(CallTestCaseKeyword.groovy:81)
	at com.kms.katalon.core.keyword.builtin.CallTestCaseKeyword.execute(CallTestCaseKeyword.groovy:45)
	at com.kms.katalon.core.keyword.internal.KeywordExecutor.executeKeywordForPlatform(KeywordExecutor.groovy:53)
	at com.kms.katalon.core.keyword.BuiltinKeywords.callTestCase(BuiltinKeywords.groovy:350)
	at sun.reflect.GeneratedMethodAccessor16.invoke(Unknown Source)
	at sun.reflect.DelegatingMethodAccessorImpl.invoke(DelegatingMethodAccessorImpl.java:43)
	at java.lang.reflect.Method.invoke(Method.java:498)
	at org.codehaus.groovy.reflection.CachedMethod.invoke(CachedMethod.java:93)
	at groovy.lang.MetaMethod.doMethodInvoke(MetaMethod.java:325)
	at groovy.lang.MetaClassImpl.invokeStaticMethod(MetaClassImpl.java:1469)
	at org.codehaus.groovy.runtime.callsite.StaticMetaClassSite.call(StaticMetaClassSite.java:53)
	at org.codehaus.groovy.runtime.callsite.CallSiteArray.defaultCall(CallSiteArray.java:48)
	at org.codehaus.groovy.runtime.callsite.AbstractCallSite.call(AbstractCallSite.java:113)
	at org.codehaus.groovy.runtime.callsite.AbstractCallSite.call(AbstractCallSite.java:133)
	at Script1534239837610.run(Script1534239837610.groovy:35)
	at com.kms.katalon.core.main.ScriptEngine.run(ScriptEngine.java:183)
	at com.kms.katalon.core.main.ScriptEngine.runScriptAsRawText(ScriptEngine.java:108)
	at com.kms.katalon.core.main.TestCaseExecutor.runScript(TestCaseExecutor.java:294)
	at com.kms.katalon.core.main.TestCaseExecutor.doExecute(TestCaseExecutor.java:285)
	at com.kms.katalon.core.main.TestCaseExecutor.processExecutionPhase(TestCaseExecutor.java:264)
	at com.kms.katalon.core.main.TestCaseExecutor.accessMainPhase(TestCaseExecutor.java:256)
	at com.kms.katalon.core.main.TestCaseExecutor.execute(TestCaseExecutor.java:200)
	at com.kms.katalon.core.main.TestSuiteExecutor.accessTestCaseMainPhase(TestSuiteExecutor.java:129)
	at com.kms.katalon.core.main.TestSuiteExecutor.accessTestSuiteMainPhase(TestSuiteExecutor.java:112)
	at com.kms.katalon.core.main.TestSuiteExecutor.execute(TestSuiteExecutor.java:81)
	at com.kms.katalon.core.main.TestCaseMain.startTestSuite(TestCaseMain.java:142)
	at com.kms.katalon.core.main.TestCaseMain$startTestSuite$0.call(Unknown Source)
	at org.codehaus.groovy.runtime.callsite.CallSiteArray.defaultCall(CallSiteArray.java:48)
	at org.codehaus.groovy.runtime.callsite.AbstractCallSite.call(AbstractCallSite.java:113)
	at org.codehaus.groovy.runtime.callsite.AbstractCallSite.call(AbstractCallSite.java:141)
	at TempTestSuite1537003942876.run(TempTestSuite1537003942876.groovy:36)
	at groovy.lang.GroovyShell.runScriptOrMainOrTestOrRunnable(GroovyShell.java:263)
	at groovy.lang.GroovyShell.run(GroovyShell.java:518)
	at groovy.lang.GroovyShell.run(GroovyShell.java:507)
	at groovy.ui.GroovyMain.processOnce(GroovyMain.java:653)
	at groovy.ui.GroovyMain.run(GroovyMain.java:384)
	at groovy.ui.GroovyMain.process(GroovyMain.java:370)
	at groovy.ui.GroovyMain.processArgs(GroovyMain.java:129)
	at groovy.ui.GroovyMain.main(GroovyMain.java:109)
	at sun.reflect.NativeMethodAccessorImpl.invoke0(Native Method)
	at sun.reflect.NativeMethodAccessorImpl.invoke(NativeMethodAccessorImpl.java:62)
	at sun.reflect.DelegatingMethodAccessorImpl.invoke(DelegatingMethodAccessorImpl.java:43)
	at java.lang.reflect.Method.invoke(Method.java:498)
	at org.codehaus.groovy.tools.GroovyStarter.rootLoader(GroovyStarter.java:109)
	at org.codehaus.groovy.tools.GroovyStarter.main(GroovyStarter.java:131)
)

2018-09-15 10:45:55 - [TEST_STEP][PASSED] - callTestCase: Call Test Case 'Test Cases/BVT/aSimple_Login' successfully

2018-09-15 10:45:56 - [TEST_CASE][PASSED] - Test Cases/BVT/aSimple_Login: Test Cases/BVT/aSimple_Login

2018-09-15 10:45:56 - [TEST_STEP][PASSED] - openBrowser: Browser is opened with url: ''

2018-09-15 10:45:56 - [MESSAGE][WARNING] - A browser is already opened. Closing browser and opening a new one

2018-09-15 10:45:59 - [MESSAGE][PASSED] - Browser is opened with url: ''

2018-09-15 10:45:59 - [TEST_STEP][PASSED] - maximizeWindow: Current window maximized

2018-09-15 10:46:00 - [MESSAGE][PASSED] - Current window maximized

2018-09-15 10:46:00 - [TEST_STEP][PASSED] - navigateToUrl: Navigate to 'https://dev.vcalling.in/enterprises/UAT/Dashboard/index.html' successfully

2018-09-15 10:46:03 - [MESSAGE][PASSED] - Navigate to 'https://dev.vcalling.in/enterprises/UAT/Dashboard/index.html' successfully

2018-09-15 10:46:03 - [TEST_STEP][PASSED] - setText: Text 'testing4dea@gmail.com' is set on object 'Object Repository/Login/UserId'

2018-09-15 10:46:04 - [MESSAGE][PASSED] - Text 'testing4dea@gmail.com' is set on object 'Object Repository/Login/UserId'

2018-09-15 10:46:04 - [TEST_STEP][PASSED] - click: Object: 'Object Repository/Login/div_GET OTP' is clicked on

2018-09-15 10:46:04 - [MESSAGE][PASSED] - Object: 'Object Repository/Login/div_GET OTP' is clicked on

2018-09-15 10:46:04 - [TEST_STEP][PASSED] - waitForElementPresent: Object 'Object Repository/Login/div_SUBMIT' is present

2018-09-15 10:46:05 - [MESSAGE][PASSED] - Object 'Object Repository/Login/div_SUBMIT' is present

2018-09-15 10:46:05 - [TEST_STEP][PASSED] - Statement - If (com.kms.katalon.core.webui.keyword.WebUiBuiltInKeywords.verifyElementNotPresent(com.kms.katalon.core.testobject.ObjectRepository.findTestObject(Login/div_SUBMIT), 5, OPTIONAL)): Web element with id: 'Object Repository/Login/div_SUBMIT' located by 'By.xpath: //div[(text() = ' SUBMIT ' or . = ' SUBMIT ')]' is present after '5' second(s)

2018-09-15 10:46:11 - [MESSAGE][WARNING] - Web element with id: 'Object Repository/Login/div_SUBMIT' located by 'By.xpath: //div[(text() = ' SUBMIT ' or . = ' SUBMIT ')]' is present after '5' second(s)
[[ATTACHMENT|C:\\Users\\Kaushal\\Desktop\\Katalon Studio\\vCallingDashboard\\Reports\\RegressionSuite\\20180915_103222\\1537004770936.png]]

2018-09-15 10:46:11 - [TEST_STEP][PASSED] - Statement - sleep(5000): null

2018-09-15 10:46:16 - [TEST_STEP][PASSED] - Statement - OTP = getOTP(): null

2018-09-15 10:46:16 - [TEST_STEP][PASSED] - Statement - host = "imap.gmail.com": null

2018-09-15 10:46:16 - [TEST_STEP][PASSED] - Statement - msg = <not implemented yet for class: org.codehaus.groovy.ast.expr.EmptyExpression>: null

2018-09-15 10:46:16 - [TEST_STEP][PASSED] - Statement - msgSub = <not implemented yet for class: org.codehaus.groovy.ast.expr.EmptyExpression>: null

2018-09-15 10:46:16 - [TEST_STEP][PASSED] - Statement - OTP = "unavailable": null

2018-09-15 10:46:16 - [TEST_STEP][PASSED] - Statement - props = new java.util.Properties(): null

2018-09-15 10:46:16 - [TEST_STEP][PASSED] - Statement - props.setProperty("mail.imap.ssl.enable", "true"): null

2018-09-15 10:46:16 - [TEST_STEP][PASSED] - Statement - session = javax.mail.Session.getInstance(props): null

2018-09-15 10:46:16 - [TEST_STEP][PASSED] - Statement - store = <not implemented yet for class: org.codehaus.groovy.ast.expr.EmptyExpression>: null

2018-09-15 10:46:16 - [TEST_STEP][PASSED] - Statement - Try: null

2018-09-15 10:46:16 - [TEST_STEP][PASSED] - Statement - store = session.getStore("imap"): null

2018-09-15 10:46:16 - [TEST_STEP][PASSED] - Statement - store.connect(host, Email, Password): null

2018-09-15 10:46:19 - [TEST_STEP][PASSED] - Statement - emailFolder = store.getFolder("INBOX"): null

2018-09-15 10:46:19 - [TEST_STEP][PASSED] - Statement - emailFolder.open(READ_WRITE): null

2018-09-15 10:46:20 - [TEST_STEP][PASSED] - Statement - messages = emailFolder.getMessages(): null

2018-09-15 10:46:20 - [TEST_STEP][PASSED] - Statement - n = length: null

2018-09-15 10:46:20 - [TEST_STEP][PASSED] - Statement - message = messages[n - 1]: null

2018-09-15 10:46:20 - [TEST_STEP][PASSED] - Statement - msgSub = message.getSubject(): null

2018-09-15 10:46:20 - [TEST_STEP][PASSED] - Statement - If (msgSub.equals("OTP to Sign In")): null

2018-09-15 10:46:20 - [TEST_STEP][PASSED] - Statement - msg = message.getContent().toString(): null

2018-09-15 10:46:22 - [TEST_STEP][PASSED] - Statement - OTP = msg.substring(msg.length() - 7): null

2018-09-15 10:46:22 - [TEST_STEP][PASSED] - Statement - message.setFlag(DELETED, true): null

2018-09-15 10:46:22 - [TEST_STEP][PASSED] - Statement - emailFolder.close(true): null

2018-09-15 10:46:23 - [TEST_STEP][PASSED] - Statement - store.close(): null

2018-09-15 10:46:23 - [TEST_STEP][PASSED] - Statement - return OTP: null

2018-09-15 10:46:23 - [TEST_STEP][PASSED] - Statement - If (OTP.equals("unavailable")): null

2018-09-15 10:46:23 - [TEST_STEP][PASSED] - Statement - Else: Text 'y5631
' is set on object 'Object Repository/Login/OtpInput'

2018-09-15 10:46:23 - [TEST_STEP][PASSED] - setText: Text 'y5631
' is set on object 'Object Repository/Login/OtpInput'

2018-09-15 10:46:23 - [MESSAGE][PASSED] - Text 'y5631
' is set on object 'Object Repository/Login/OtpInput'

2018-09-15 10:46:23 - [TEST_STEP][PASSED] - verifyElementPresent: Object 'Object Repository/Login/afterOpenDisplay' is present

2018-09-15 10:46:24 - [MESSAGE][PASSED] - Object 'Object Repository/Login/afterOpenDisplay' is present

2018-09-15 10:46:24 - [MESSAGE][PASSED] - Call Test Case 'Test Cases/BVT/aSimple_Login' successfully

2018-09-15 10:46:24 - [TEST_STEP][FAILED] - callTestCase: Unable to call Test Case with id 'Test Cases/commonFunctionality/timeSpentFilter' (Root cause: Call Test Case 'Test Cases/commonFunctionality/timeSpentFilter' failed)

2018-09-15 10:46:24 - [TEST_CASE][FAILED] - Test Cases/commonFunctionality/timeSpentFilter: Test Cases/commonFunctionality/timeSpentFilter FAILED because (of) (Stack trace: com.kms.katalon.core.exception.StepFailedException: Unable to click on object 'Object Repository/LinkLogFilter/FilterButton' (Root cause: org.openqa.selenium.WebDriverException: unknown error: Element <div class="filter-btn">...</div> is not clickable at point (383, 102). Other element would receive the click: <div class="loader-screen">...</div>
  (Session info: chrome=69.0.3497.92)
  (Driver info: chromedriver=2.35.528161 (5b82f2d2aae0ca24b877009200ced9065a772e73),platform=Windows NT 10.0.17134 x86_64) (WARNING: The server did not provide any stacktrace information)
Command duration or timeout: 0 milliseconds
Build info: version: '3.7.1', revision: '8a0099a', time: '2017-11-06T21:07:36.161Z'
System info: host: 'DESKTOP-D4528LJ', ip: '10.6.8.31', os.name: 'Windows 10', os.arch: 'amd64', os.version: '10.0', java.version: '1.8.0_181'
Driver info: com.kms.katalon.selenium.driver.CChromeDriver
Capabilities {acceptInsecureCerts: false, acceptSslCerts: false, applicationCacheEnabled: false, browserConnectionEnabled: false, browserName: chrome, chrome: {chromedriverVersion: 2.35.528161 (5b82f2d2aae0ca..., userDataDir: C:\Users\Kaushal\AppData\Lo...}, cssSelectorsEnabled: true, databaseEnabled: false, handlesAlerts: true, hasTouchScreen: false, javascriptEnabled: true, locationContextEnabled: true, mobileEmulationEnabled: false, nativeEvents: true, networkConnectionEnabled: false, pageLoadStrategy: normal, platform: XP, platformName: XP, rotatable: false, setWindowRect: true, takesHeapSnapshot: true, takesScreenshot: true, unexpectedAlertBehaviour: , unhandledPromptBehavior: , version: 69.0.3497.92, webStorageEnabled: true}
Session ID: 50d8674001a798119279a3da2427167a)
	at com.kms.katalon.core.keyword.internal.KeywordMain.stepFailed(KeywordMain.groovy:36)
	at com.kms.katalon.core.webui.keyword.internal.WebUIKeywordMain.stepFailed(WebUIKeywordMain.groovy:65)
	at com.kms.katalon.core.webui.keyword.internal.WebUIKeywordMain.runKeyword(WebUIKeywordMain.groovy:27)
	at com.kms.katalon.core.webui.keyword.builtin.ClickKeyword.click(ClickKeyword.groovy:86)
	at com.kms.katalon.core.webui.keyword.builtin.ClickKeyword.execute(ClickKeyword.groovy:67)
	at com.kms.katalon.core.keyword.internal.KeywordExecutor.executeKeywordForPlatform(KeywordExecutor.groovy:53)
	at com.kms.katalon.core.webui.keyword.WebUiBuiltInKeywords.click(WebUiBuiltInKeywords.groovy:616)
	at com.kms.katalon.core.webui.keyword.WebUiBuiltInKeywords$click$2.call(Unknown Source)
	at org.codehaus.groovy.runtime.callsite.CallSiteArray.defaultCall(CallSiteArray.java:48)
	at org.codehaus.groovy.runtime.callsite.AbstractCallSite.call(AbstractCallSite.java:113)
	at org.codehaus.groovy.runtime.callsite.AbstractCallSite.call(AbstractCallSite.java:125)
	at Script1535802488872.run(Script1535802488872.groovy:45)
	at com.kms.katalon.core.main.ScriptEngine.run(ScriptEngine.java:183)
	at com.kms.katalon.core.main.ScriptEngine.runScriptAsRawText(ScriptEngine.java:108)
	at com.kms.katalon.core.main.TestCaseExecutor.runScript(TestCaseExecutor.java:294)
	at com.kms.katalon.core.main.TestCaseExecutor.doExecute(TestCaseExecutor.java:285)
	at com.kms.katalon.core.main.TestCaseExecutor.processExecutionPhase(TestCaseExecutor.java:264)
	at com.kms.katalon.core.main.TestCaseExecutor.accessMainPhase(TestCaseExecutor.java:256)
	at com.kms.katalon.core.main.TestCaseExecutor.execute(TestCaseExecutor.java:200)
	at com.kms.katalon.core.main.TestCaseMain.runTestCase(TestCaseMain.java:99)
	at com.kms.katalon.core.keyword.builtin.CallTestCaseKeyword$_callTestCase_closure1.doCall(CallTestCaseKeyword.groovy:60)
	at com.kms.katalon.core.keyword.builtin.CallTestCaseKeyword$_callTestCase_closure1.call(CallTestCaseKeyword.groovy)
	at com.kms.katalon.core.keyword.internal.KeywordMain.runKeyword(KeywordMain.groovy:54)
	at com.kms.katalon.core.keyword.builtin.CallTestCaseKeyword.callTestCase(CallTestCaseKeyword.groovy:81)
	at com.kms.katalon.core.keyword.builtin.CallTestCaseKeyword.execute(CallTestCaseKeyword.groovy:45)
	at com.kms.katalon.core.keyword.internal.KeywordExecutor.executeKeywordForPlatform(KeywordExecutor.groovy:53)
	at com.kms.katalon.core.keyword.BuiltinKeywords.callTestCase(BuiltinKeywords.groovy:350)
	at sun.reflect.GeneratedMethodAccessor16.invoke(Unknown Source)
	at sun.reflect.DelegatingMethodAccessorImpl.invoke(DelegatingMethodAccessorImpl.java:43)
	at java.lang.reflect.Method.invoke(Method.java:498)
	at org.codehaus.groovy.reflection.CachedMethod.invoke(CachedMethod.java:93)
	at groovy.lang.MetaMethod.doMethodInvoke(MetaMethod.java:325)
	at groovy.lang.MetaClassImpl.invokeStaticMethod(MetaClassImpl.java:1469)
	at org.codehaus.groovy.runtime.callsite.StaticMetaClassSite.call(StaticMetaClassSite.java:53)
	at org.codehaus.groovy.runtime.callsite.CallSiteArray.defaultCall(CallSiteArray.java:48)
	at org.codehaus.groovy.runtime.callsite.AbstractCallSite.call(AbstractCallSite.java:113)
	at org.codehaus.groovy.runtime.callsite.AbstractCallSite.call(AbstractCallSite.java:133)
	at Script1534239837610.run(Script1534239837610.groovy:35)
	at com.kms.katalon.core.main.ScriptEngine.run(ScriptEngine.java:183)
	at com.kms.katalon.core.main.ScriptEngine.runScriptAsRawText(ScriptEngine.java:108)
	at com.kms.katalon.core.main.TestCaseExecutor.runScript(TestCaseExecutor.java:294)
	at com.kms.katalon.core.main.TestCaseExecutor.doExecute(TestCaseExecutor.java:285)
	at com.kms.katalon.core.main.TestCaseExecutor.processExecutionPhase(TestCaseExecutor.java:264)
	at com.kms.katalon.core.main.TestCaseExecutor.accessMainPhase(TestCaseExecutor.java:256)
	at com.kms.katalon.core.main.TestCaseExecutor.execute(TestCaseExecutor.java:200)
	at com.kms.katalon.core.main.TestSuiteExecutor.accessTestCaseMainPhase(TestSuiteExecutor.java:129)
	at com.kms.katalon.core.main.TestSuiteExecutor.accessTestSuiteMainPhase(TestSuiteExecutor.java:112)
	at com.kms.katalon.core.main.TestSuiteExecutor.execute(TestSuiteExecutor.java:81)
	at com.kms.katalon.core.main.TestCaseMain.startTestSuite(TestCaseMain.java:142)
	at com.kms.katalon.core.main.TestCaseMain$startTestSuite$0.call(Unknown Source)
	at org.codehaus.groovy.runtime.callsite.CallSiteArray.defaultCall(CallSiteArray.java:48)
	at org.codehaus.groovy.runtime.callsite.AbstractCallSite.call(AbstractCallSite.java:113)
	at org.codehaus.groovy.runtime.callsite.AbstractCallSite.call(AbstractCallSite.java:141)
	at TempTestSuite1537003942876.run(TempTestSuite1537003942876.groovy:36)
	at groovy.lang.GroovyShell.runScriptOrMainOrTestOrRunnable(GroovyShell.java:263)
	at groovy.lang.GroovyShell.run(GroovyShell.java:518)
	at groovy.lang.GroovyShell.run(GroovyShell.java:507)
	at groovy.ui.GroovyMain.processOnce(GroovyMain.java:653)
	at groovy.ui.GroovyMain.run(GroovyMain.java:384)
	at groovy.ui.GroovyMain.process(GroovyMain.java:370)
	at groovy.ui.GroovyMain.processArgs(GroovyMain.java:129)
	at groovy.ui.GroovyMain.main(GroovyMain.java:109)
	at sun.reflect.NativeMethodAccessorImpl.invoke0(Native Method)
	at sun.reflect.NativeMethodAccessorImpl.invoke(NativeMethodAccessorImpl.java:62)
	at sun.reflect.DelegatingMethodAccessorImpl.invoke(DelegatingMethodAccessorImpl.java:43)
	at java.lang.reflect.Method.invoke(Method.java:498)
	at org.codehaus.groovy.tools.GroovyStarter.rootLoader(GroovyStarter.java:109)
	at org.codehaus.groovy.tools.GroovyStarter.main(GroovyStarter.java:131)
)

2018-09-15 10:46:25 - [TEST_STEP][PASSED] - click: Object: 'Object Repository/LinkLogFilter/FilterButton' is clicked on

2018-09-15 10:46:25 - [MESSAGE][PASSED] - Object: 'Object Repository/LinkLogFilter/FilterButton' is clicked on

2018-09-15 10:46:25 - [TEST_STEP][PASSED] - Statement - If (com.kms.katalon.core.webui.keyword.WebUiBuiltInKeywords.verifyElementPresent(com.kms.katalon.core.testobject.ObjectRepository.findTestObject(filter/filterContainer), 5, OPTIONAL)): null

2018-09-15 10:46:25 - [MESSAGE][PASSED] - Object 'Object Repository/filter/filterContainer' is present

2018-09-15 10:46:25 - [TEST_STEP][PASSED] - Statement - println("open filter POP Up successful"): null

2018-09-15 10:46:25 - [TEST_STEP][PASSED] - setText: Text '2' is set on object 'Object Repository/LinkLogFilter/timeSpentFilter'

2018-09-15 10:46:25 - [MESSAGE][PASSED] - Text '2' is set on object 'Object Repository/LinkLogFilter/timeSpentFilter'

2018-09-15 10:46:25 - [TEST_STEP][PASSED] - click: Object: 'Object Repository/LinkLogFilter/innerFilterButton' is clicked on

2018-09-15 10:46:26 - [MESSAGE][PASSED] - Object: 'Object Repository/LinkLogFilter/innerFilterButton' is clicked on

2018-09-15 10:46:26 - [TEST_STEP][PASSED] - delay: Delayed 5 second(s)

2018-09-15 10:46:31 - [MESSAGE][PASSED] - Delayed 5 second(s)

2018-09-15 10:46:31 - [TEST_STEP][FAILED] - click: Unable to click on object 'Object Repository/LinkLogFilter/FilterButton' (Root cause: org.openqa.selenium.WebDriverException: unknown error: Element <div class="filter-btn">...</div> is not clickable at point (383, 102). Other element would receive the click: <div class="loader-screen">...</div>
  (Session info: chrome=69.0.3497.92)
  (Driver info: chromedriver=2.35.528161 (5b82f2d2aae0ca24b877009200ced9065a772e73),platform=Windows NT 10.0.17134 x86_64) (WARNING: The server did not provide any stacktrace information)
Command duration or timeout: 0 milliseconds
Build info: version: '3.7.1', revision: '8a0099a', time: '2017-11-06T21:07:36.161Z'
System info: host: 'DESKTOP-D4528LJ', ip: '10.6.8.31', os.name: 'Windows 10', os.arch: 'amd64', os.version: '10.0', java.version: '1.8.0_181'
Driver info: com.kms.katalon.selenium.driver.CChromeDriver
Capabilities {acceptInsecureCerts: false, acceptSslCerts: false, applicationCacheEnabled: false, browserConnectionEnabled: false, browserName: chrome, chrome: {chromedriverVersion: 2.35.528161 (5b82f2d2aae0ca..., userDataDir: C:\Users\Kaushal\AppData\Lo...}, cssSelectorsEnabled: true, databaseEnabled: false, handlesAlerts: true, hasTouchScreen: false, javascriptEnabled: true, locationContextEnabled: true, mobileEmulationEnabled: false, nativeEvents: true, networkConnectionEnabled: false, pageLoadStrategy: normal, platform: XP, platformName: XP, rotatable: false, setWindowRect: true, takesHeapSnapshot: true, takesScreenshot: true, unexpectedAlertBehaviour: , unhandledPromptBehavior: , version: 69.0.3497.92, webStorageEnabled: true}
Session ID: 50d8674001a798119279a3da2427167a)

2018-09-15 10:46:31 - [MESSAGE][FAILED] - Unable to click on object 'Object Repository/LinkLogFilter/FilterButton' (Root cause: org.openqa.selenium.WebDriverException: unknown error: Element <div class="filter-btn">...</div> is not clickable at point (383, 102). Other element would receive the click: <div class="loader-screen">...</div>
  (Session info: chrome=69.0.3497.92)
  (Driver info: chromedriver=2.35.528161 (5b82f2d2aae0ca24b877009200ced9065a772e73),platform=Windows NT 10.0.17134 x86_64) (WARNING: The server did not provide any stacktrace information)
Command duration or timeout: 0 milliseconds
Build info: version: '3.7.1', revision: '8a0099a', time: '2017-11-06T21:07:36.161Z'
System info: host: 'DESKTOP-D4528LJ', ip: '10.6.8.31', os.name: 'Windows 10', os.arch: 'amd64', os.version: '10.0', java.version: '1.8.0_181'
Driver info: com.kms.katalon.selenium.driver.CChromeDriver
Capabilities {acceptInsecureCerts: false, acceptSslCerts: false, applicationCacheEnabled: false, browserConnectionEnabled: false, browserName: chrome, chrome: {chromedriverVersion: 2.35.528161 (5b82f2d2aae0ca..., userDataDir: C:\Users\Kaushal\AppData\Lo...}, cssSelectorsEnabled: true, databaseEnabled: false, handlesAlerts: true, hasTouchScreen: false, javascriptEnabled: true, locationContextEnabled: true, mobileEmulationEnabled: false, nativeEvents: true, networkConnectionEnabled: false, pageLoadStrategy: normal, platform: XP, platformName: XP, rotatable: false, setWindowRect: true, takesHeapSnapshot: true, takesScreenshot: true, unexpectedAlertBehaviour: , unhandledPromptBehavior: , version: 69.0.3497.92, webStorageEnabled: true}
Session ID: 50d8674001a798119279a3da2427167a)
[[ATTACHMENT|C:\\Users\\Kaushal\\Desktop\\Katalon Studio\\vCallingDashboard\\Reports\\RegressionSuite\\20180915_103222\\1537004791156.png]]

2018-09-15 10:46:31 - [MESSAGE][FAILED] - Unable to call Test Case with id 'Test Cases/commonFunctionality/timeSpentFilter' (Root cause: Call Test Case 'Test Cases/commonFunctionality/timeSpentFilter' failed)]]></system-out>
         <system-err><![CDATA[2018-09-15 10:45:55 - [TEST_CASE][FAILED] - Test Cases/completed/TestCase3_FilterLinkLog/FilterTimeSpent: Test Cases/completed/TestCase3_FilterLinkLog/FilterTimeSpent FAILED because (of) (Stack trace: com.kms.katalon.core.exception.StepFailedException: Unable to click on object 'Object Repository/LinkLogFilter/FilterButton' (Root cause: org.openqa.selenium.WebDriverException: unknown error: Element <div class="filter-btn">...</div> is not clickable at point (383, 102). Other element would receive the click: <div class="loader-screen">...</div>
  (Session info: chrome=69.0.3497.92)
  (Driver info: chromedriver=2.35.528161 (5b82f2d2aae0ca24b877009200ced9065a772e73),platform=Windows NT 10.0.17134 x86_64) (WARNING: The server did not provide any stacktrace information)
Command duration or timeout: 0 milliseconds
Build info: version: '3.7.1', revision: '8a0099a', time: '2017-11-06T21:07:36.161Z'
System info: host: 'DESKTOP-D4528LJ', ip: '10.6.8.31', os.name: 'Windows 10', os.arch: 'amd64', os.version: '10.0', java.version: '1.8.0_181'
Driver info: com.kms.katalon.selenium.driver.CChromeDriver
Capabilities {acceptInsecureCerts: false, acceptSslCerts: false, applicationCacheEnabled: false, browserConnectionEnabled: false, browserName: chrome, chrome: {chromedriverVersion: 2.35.528161 (5b82f2d2aae0ca..., userDataDir: C:\Users\Kaushal\AppData\Lo...}, cssSelectorsEnabled: true, databaseEnabled: false, handlesAlerts: true, hasTouchScreen: false, javascriptEnabled: true, locationContextEnabled: true, mobileEmulationEnabled: false, nativeEvents: true, networkConnectionEnabled: false, pageLoadStrategy: normal, platform: XP, platformName: XP, rotatable: false, setWindowRect: true, takesHeapSnapshot: true, takesScreenshot: true, unexpectedAlertBehaviour: , unhandledPromptBehavior: , version: 69.0.3497.92, webStorageEnabled: true}
Session ID: 50d8674001a798119279a3da2427167a)
	at com.kms.katalon.core.keyword.internal.KeywordMain.stepFailed(KeywordMain.groovy:36)
	at com.kms.katalon.core.webui.keyword.internal.WebUIKeywordMain.stepFailed(WebUIKeywordMain.groovy:65)
	at com.kms.katalon.core.webui.keyword.internal.WebUIKeywordMain.runKeyword(WebUIKeywordMain.groovy:27)
	at com.kms.katalon.core.webui.keyword.builtin.ClickKeyword.click(ClickKeyword.groovy:86)
	at com.kms.katalon.core.webui.keyword.builtin.ClickKeyword.execute(ClickKeyword.groovy:67)
	at com.kms.katalon.core.keyword.internal.KeywordExecutor.executeKeywordForPlatform(KeywordExecutor.groovy:53)
	at com.kms.katalon.core.webui.keyword.WebUiBuiltInKeywords.click(WebUiBuiltInKeywords.groovy:616)
	at com.kms.katalon.core.webui.keyword.WebUiBuiltInKeywords$click$2.call(Unknown Source)
	at org.codehaus.groovy.runtime.callsite.CallSiteArray.defaultCall(CallSiteArray.java:48)
	at org.codehaus.groovy.runtime.callsite.AbstractCallSite.call(AbstractCallSite.java:113)
	at org.codehaus.groovy.runtime.callsite.AbstractCallSite.call(AbstractCallSite.java:125)
	at Script1535802488872.run(Script1535802488872.groovy:45)
	at com.kms.katalon.core.main.ScriptEngine.run(ScriptEngine.java:183)
	at com.kms.katalon.core.main.ScriptEngine.runScriptAsRawText(ScriptEngine.java:108)
	at com.kms.katalon.core.main.TestCaseExecutor.runScript(TestCaseExecutor.java:294)
	at com.kms.katalon.core.main.TestCaseExecutor.doExecute(TestCaseExecutor.java:285)
	at com.kms.katalon.core.main.TestCaseExecutor.processExecutionPhase(TestCaseExecutor.java:264)
	at com.kms.katalon.core.main.TestCaseExecutor.accessMainPhase(TestCaseExecutor.java:256)
	at com.kms.katalon.core.main.TestCaseExecutor.execute(TestCaseExecutor.java:200)
	at com.kms.katalon.core.main.TestCaseMain.runTestCase(TestCaseMain.java:99)
	at com.kms.katalon.core.keyword.builtin.CallTestCaseKeyword$_callTestCase_closure1.doCall(CallTestCaseKeyword.groovy:60)
	at com.kms.katalon.core.keyword.builtin.CallTestCaseKeyword$_callTestCase_closure1.call(CallTestCaseKeyword.groovy)
	at com.kms.katalon.core.keyword.internal.KeywordMain.runKeyword(KeywordMain.groovy:54)
	at com.kms.katalon.core.keyword.builtin.CallTestCaseKeyword.callTestCase(CallTestCaseKeyword.groovy:81)
	at com.kms.katalon.core.keyword.builtin.CallTestCaseKeyword.execute(CallTestCaseKeyword.groovy:45)
	at com.kms.katalon.core.keyword.internal.KeywordExecutor.executeKeywordForPlatform(KeywordExecutor.groovy:53)
	at com.kms.katalon.core.keyword.BuiltinKeywords.callTestCase(BuiltinKeywords.groovy:350)
	at sun.reflect.GeneratedMethodAccessor16.invoke(Unknown Source)
	at sun.reflect.DelegatingMethodAccessorImpl.invoke(DelegatingMethodAccessorImpl.java:43)
	at java.lang.reflect.Method.invoke(Method.java:498)
	at org.codehaus.groovy.reflection.CachedMethod.invoke(CachedMethod.java:93)
	at groovy.lang.MetaMethod.doMethodInvoke(MetaMethod.java:325)
	at groovy.lang.MetaClassImpl.invokeStaticMethod(MetaClassImpl.java:1469)
	at org.codehaus.groovy.runtime.callsite.StaticMetaClassSite.call(StaticMetaClassSite.java:53)
	at org.codehaus.groovy.runtime.callsite.CallSiteArray.defaultCall(CallSiteArray.java:48)
	at org.codehaus.groovy.runtime.callsite.AbstractCallSite.call(AbstractCallSite.java:113)
	at org.codehaus.groovy.runtime.callsite.AbstractCallSite.call(AbstractCallSite.java:133)
	at Script1534239837610.run(Script1534239837610.groovy:35)
	at com.kms.katalon.core.main.ScriptEngine.run(ScriptEngine.java:183)
	at com.kms.katalon.core.main.ScriptEngine.runScriptAsRawText(ScriptEngine.java:108)
	at com.kms.katalon.core.main.TestCaseExecutor.runScript(TestCaseExecutor.java:294)
	at com.kms.katalon.core.main.TestCaseExecutor.doExecute(TestCaseExecutor.java:285)
	at com.kms.katalon.core.main.TestCaseExecutor.processExecutionPhase(TestCaseExecutor.java:264)
	at com.kms.katalon.core.main.TestCaseExecutor.accessMainPhase(TestCaseExecutor.java:256)
	at com.kms.katalon.core.main.TestCaseExecutor.execute(TestCaseExecutor.java:200)
	at com.kms.katalon.core.main.TestSuiteExecutor.accessTestCaseMainPhase(TestSuiteExecutor.java:129)
	at com.kms.katalon.core.main.TestSuiteExecutor.accessTestSuiteMainPhase(TestSuiteExecutor.java:112)
	at com.kms.katalon.core.main.TestSuiteExecutor.execute(TestSuiteExecutor.java:81)
	at com.kms.katalon.core.main.TestCaseMain.startTestSuite(TestCaseMain.java:142)
	at com.kms.katalon.core.main.TestCaseMain$startTestSuite$0.call(Unknown Source)
	at org.codehaus.groovy.runtime.callsite.CallSiteArray.defaultCall(CallSiteArray.java:48)
	at org.codehaus.groovy.runtime.callsite.AbstractCallSite.call(AbstractCallSite.java:113)
	at org.codehaus.groovy.runtime.callsite.AbstractCallSite.call(AbstractCallSite.java:141)
	at TempTestSuite1537003942876.run(TempTestSuite1537003942876.groovy:36)
	at groovy.lang.GroovyShell.runScriptOrMainOrTestOrRunnable(GroovyShell.java:263)
	at groovy.lang.GroovyShell.run(GroovyShell.java:518)
	at groovy.lang.GroovyShell.run(GroovyShell.java:507)
	at groovy.ui.GroovyMain.processOnce(GroovyMain.java:653)
	at groovy.ui.GroovyMain.run(GroovyMain.java:384)
	at groovy.ui.GroovyMain.process(GroovyMain.java:370)
	at groovy.ui.GroovyMain.processArgs(GroovyMain.java:129)
	at groovy.ui.GroovyMain.main(GroovyMain.java:109)
	at sun.reflect.NativeMethodAccessorImpl.invoke0(Native Method)
	at sun.reflect.NativeMethodAccessorImpl.invoke(NativeMethodAccessorImpl.java:62)
	at sun.reflect.DelegatingMethodAccessorImpl.invoke(DelegatingMethodAccessorImpl.java:43)
	at java.lang.reflect.Method.invoke(Method.java:498)
	at org.codehaus.groovy.tools.GroovyStarter.rootLoader(GroovyStarter.java:109)
	at org.codehaus.groovy.tools.GroovyStarter.main(GroovyStarter.java:131)
)]]></system-err>
      </testcase>
      <testcase name="Test Cases/completed/TestCase3_FilterLinkLog/linkOpenCount" classname="Test Cases/completed/TestCase3_FilterLinkLog/linkOpenCount" status="FAILED">
         <failure type="FAILED" message="(Stack trace: com.kms.katalon.core.exception.StepFailedException: Unable to click on object 'Object Repository/LinkLogFilter/FilterButton' (Root cause: org.openqa.selenium.WebDriverException: unknown error: Element &lt;div class=&quot;filter-btn&quot;>...&lt;/div> is not clickable at point (383, 102). Other element would receive the click: &lt;div class=&quot;loader-screen&quot;>...&lt;/div>
  (Session info: chrome=69.0.3497.92)
  (Driver info: chromedriver=2.35.528161 (5b82f2d2aae0ca24b877009200ced9065a772e73),platform=Windows NT 10.0.17134 x86_64) (WARNING: The server did not provide any stacktrace information)
Command duration or timeout: 0 milliseconds
Build info: version: '3.7.1', revision: '8a0099a', time: '2017-11-06T21:07:36.161Z'
System info: host: 'DESKTOP-D4528LJ', ip: '10.6.8.31', os.name: 'Windows 10', os.arch: 'amd64', os.version: '10.0', java.version: '1.8.0_181'
Driver info: com.kms.katalon.selenium.driver.CChromeDriver
Capabilities {acceptInsecureCerts: false, acceptSslCerts: false, applicationCacheEnabled: false, browserConnectionEnabled: false, browserName: chrome, chrome: {chromedriverVersion: 2.35.528161 (5b82f2d2aae0ca..., userDataDir: C:\Users\Kaushal\AppData\Lo...}, cssSelectorsEnabled: true, databaseEnabled: false, handlesAlerts: true, hasTouchScreen: false, javascriptEnabled: true, locationContextEnabled: true, mobileEmulationEnabled: false, nativeEvents: true, networkConnectionEnabled: false, pageLoadStrategy: normal, platform: XP, platformName: XP, rotatable: false, setWindowRect: true, takesHeapSnapshot: true, takesScreenshot: true, unexpectedAlertBehaviour: , unhandledPromptBehavior: , version: 69.0.3497.92, webStorageEnabled: true}
Session ID: 037d9f3defdfa492023f32d3fa2d3f1a)
	at com.kms.katalon.core.keyword.internal.KeywordMain.stepFailed(KeywordMain.groovy:36)
	at com.kms.katalon.core.webui.keyword.internal.WebUIKeywordMain.stepFailed(WebUIKeywordMain.groovy:65)
	at com.kms.katalon.core.webui.keyword.internal.WebUIKeywordMain.runKeyword(WebUIKeywordMain.groovy:27)
	at com.kms.katalon.core.webui.keyword.builtin.ClickKeyword.click(ClickKeyword.groovy:86)
	at com.kms.katalon.core.webui.keyword.builtin.ClickKeyword.execute(ClickKeyword.groovy:67)
	at com.kms.katalon.core.keyword.internal.KeywordExecutor.executeKeywordForPlatform(KeywordExecutor.groovy:53)
	at com.kms.katalon.core.webui.keyword.WebUiBuiltInKeywords.click(WebUiBuiltInKeywords.groovy:616)
	at com.kms.katalon.core.webui.keyword.WebUiBuiltInKeywords$click$2.call(Unknown Source)
	at org.codehaus.groovy.runtime.callsite.CallSiteArray.defaultCall(CallSiteArray.java:48)
	at org.codehaus.groovy.runtime.callsite.AbstractCallSite.call(AbstractCallSite.java:113)
	at org.codehaus.groovy.runtime.callsite.AbstractCallSite.call(AbstractCallSite.java:125)
	at Script1535811943214.run(Script1535811943214.groovy:44)
	at com.kms.katalon.core.main.ScriptEngine.run(ScriptEngine.java:183)
	at com.kms.katalon.core.main.ScriptEngine.runScriptAsRawText(ScriptEngine.java:108)
	at com.kms.katalon.core.main.TestCaseExecutor.runScript(TestCaseExecutor.java:294)
	at com.kms.katalon.core.main.TestCaseExecutor.doExecute(TestCaseExecutor.java:285)
	at com.kms.katalon.core.main.TestCaseExecutor.processExecutionPhase(TestCaseExecutor.java:264)
	at com.kms.katalon.core.main.TestCaseExecutor.accessMainPhase(TestCaseExecutor.java:256)
	at com.kms.katalon.core.main.TestCaseExecutor.execute(TestCaseExecutor.java:200)
	at com.kms.katalon.core.main.TestCaseMain.runTestCase(TestCaseMain.java:99)
	at com.kms.katalon.core.keyword.builtin.CallTestCaseKeyword$_callTestCase_closure1.doCall(CallTestCaseKeyword.groovy:60)
	at com.kms.katalon.core.keyword.builtin.CallTestCaseKeyword$_callTestCase_closure1.call(CallTestCaseKeyword.groovy)
	at com.kms.katalon.core.keyword.internal.KeywordMain.runKeyword(KeywordMain.groovy:54)
	at com.kms.katalon.core.keyword.builtin.CallTestCaseKeyword.callTestCase(CallTestCaseKeyword.groovy:81)
	at com.kms.katalon.core.keyword.builtin.CallTestCaseKeyword.execute(CallTestCaseKeyword.groovy:45)
	at com.kms.katalon.core.keyword.internal.KeywordExecutor.executeKeywordForPlatform(KeywordExecutor.groovy:53)
	at com.kms.katalon.core.keyword.BuiltinKeywords.callTestCase(BuiltinKeywords.groovy:350)
	at sun.reflect.GeneratedMethodAccessor16.invoke(Unknown Source)
	at sun.reflect.DelegatingMethodAccessorImpl.invoke(DelegatingMethodAccessorImpl.java:43)
	at java.lang.reflect.Method.invoke(Method.java:498)
	at org.codehaus.groovy.reflection.CachedMethod.invoke(CachedMethod.java:93)
	at groovy.lang.MetaMethod.doMethodInvoke(MetaMethod.java:325)
	at groovy.lang.MetaClassImpl.invokeStaticMethod(MetaClassImpl.java:1469)
	at org.codehaus.groovy.runtime.callsite.StaticMetaClassSite.call(StaticMetaClassSite.java:53)
	at org.codehaus.groovy.runtime.callsite.CallSiteArray.defaultCall(CallSiteArray.java:48)
	at org.codehaus.groovy.runtime.callsite.AbstractCallSite.call(AbstractCallSite.java:113)
	at org.codehaus.groovy.runtime.callsite.AbstractCallSite.call(AbstractCallSite.java:133)
	at Script1534244222719.run(Script1534244222719.groovy:55)
	at com.kms.katalon.core.main.ScriptEngine.run(ScriptEngine.java:183)
	at com.kms.katalon.core.main.ScriptEngine.runScriptAsRawText(ScriptEngine.java:108)
	at com.kms.katalon.core.main.TestCaseExecutor.runScript(TestCaseExecutor.java:294)
	at com.kms.katalon.core.main.TestCaseExecutor.doExecute(TestCaseExecutor.java:285)
	at com.kms.katalon.core.main.TestCaseExecutor.processExecutionPhase(TestCaseExecutor.java:264)
	at com.kms.katalon.core.main.TestCaseExecutor.accessMainPhase(TestCaseExecutor.java:256)
	at com.kms.katalon.core.main.TestCaseExecutor.execute(TestCaseExecutor.java:200)
	at com.kms.katalon.core.main.TestSuiteExecutor.accessTestCaseMainPhase(TestSuiteExecutor.java:129)
	at com.kms.katalon.core.main.TestSuiteExecutor.accessTestSuiteMainPhase(TestSuiteExecutor.java:112)
	at com.kms.katalon.core.main.TestSuiteExecutor.execute(TestSuiteExecutor.java:81)
	at com.kms.katalon.core.main.TestCaseMain.startTestSuite(TestCaseMain.java:142)
	at com.kms.katalon.core.main.TestCaseMain$startTestSuite$0.call(Unknown Source)
	at org.codehaus.groovy.runtime.callsite.CallSiteArray.defaultCall(CallSiteArray.java:48)
	at org.codehaus.groovy.runtime.callsite.AbstractCallSite.call(AbstractCallSite.java:113)
	at org.codehaus.groovy.runtime.callsite.AbstractCallSite.call(AbstractCallSite.java:141)
	at TempTestSuite1537003942876.run(TempTestSuite1537003942876.groovy:36)
	at groovy.lang.GroovyShell.runScriptOrMainOrTestOrRunnable(GroovyShell.java:263)
	at groovy.lang.GroovyShell.run(GroovyShell.java:518)
	at groovy.lang.GroovyShell.run(GroovyShell.java:507)
	at groovy.ui.GroovyMain.processOnce(GroovyMain.java:653)
	at groovy.ui.GroovyMain.run(GroovyMain.java:384)
	at groovy.ui.GroovyMain.process(GroovyMain.java:370)
	at groovy.ui.GroovyMain.processArgs(GroovyMain.java:129)
	at groovy.ui.GroovyMain.main(GroovyMain.java:109)
	at sun.reflect.NativeMethodAccessorImpl.invoke0(Native Method)
	at sun.reflect.NativeMethodAccessorImpl.invoke(NativeMethodAccessorImpl.java:62)
	at sun.reflect.DelegatingMethodAccessorImpl.invoke(DelegatingMethodAccessorImpl.java:43)
	at java.lang.reflect.Method.invoke(Method.java:498)
	at org.codehaus.groovy.tools.GroovyStarter.rootLoader(GroovyStarter.java:109)
	at org.codehaus.groovy.tools.GroovyStarter.main(GroovyStarter.java:131)
)"/>
         <system-out><![CDATA[2018-09-15 10:46:31 - [TEST_CASE][FAILED] - Test Cases/completed/TestCase3_FilterLinkLog/linkOpenCount: Test Cases/completed/TestCase3_FilterLinkLog/linkOpenCount FAILED because (of) (Stack trace: com.kms.katalon.core.exception.StepFailedException: Unable to click on object 'Object Repository/LinkLogFilter/FilterButton' (Root cause: org.openqa.selenium.WebDriverException: unknown error: Element <div class="filter-btn">...</div> is not clickable at point (383, 102). Other element would receive the click: <div class="loader-screen">...</div>
  (Session info: chrome=69.0.3497.92)
  (Driver info: chromedriver=2.35.528161 (5b82f2d2aae0ca24b877009200ced9065a772e73),platform=Windows NT 10.0.17134 x86_64) (WARNING: The server did not provide any stacktrace information)
Command duration or timeout: 0 milliseconds
Build info: version: '3.7.1', revision: '8a0099a', time: '2017-11-06T21:07:36.161Z'
System info: host: 'DESKTOP-D4528LJ', ip: '10.6.8.31', os.name: 'Windows 10', os.arch: 'amd64', os.version: '10.0', java.version: '1.8.0_181'
Driver info: com.kms.katalon.selenium.driver.CChromeDriver
Capabilities {acceptInsecureCerts: false, acceptSslCerts: false, applicationCacheEnabled: false, browserConnectionEnabled: false, browserName: chrome, chrome: {chromedriverVersion: 2.35.528161 (5b82f2d2aae0ca..., userDataDir: C:\Users\Kaushal\AppData\Lo...}, cssSelectorsEnabled: true, databaseEnabled: false, handlesAlerts: true, hasTouchScreen: false, javascriptEnabled: true, locationContextEnabled: true, mobileEmulationEnabled: false, nativeEvents: true, networkConnectionEnabled: false, pageLoadStrategy: normal, platform: XP, platformName: XP, rotatable: false, setWindowRect: true, takesHeapSnapshot: true, takesScreenshot: true, unexpectedAlertBehaviour: , unhandledPromptBehavior: , version: 69.0.3497.92, webStorageEnabled: true}
Session ID: 037d9f3defdfa492023f32d3fa2d3f1a)
	at com.kms.katalon.core.keyword.internal.KeywordMain.stepFailed(KeywordMain.groovy:36)
	at com.kms.katalon.core.webui.keyword.internal.WebUIKeywordMain.stepFailed(WebUIKeywordMain.groovy:65)
	at com.kms.katalon.core.webui.keyword.internal.WebUIKeywordMain.runKeyword(WebUIKeywordMain.groovy:27)
	at com.kms.katalon.core.webui.keyword.builtin.ClickKeyword.click(ClickKeyword.groovy:86)
	at com.kms.katalon.core.webui.keyword.builtin.ClickKeyword.execute(ClickKeyword.groovy:67)
	at com.kms.katalon.core.keyword.internal.KeywordExecutor.executeKeywordForPlatform(KeywordExecutor.groovy:53)
	at com.kms.katalon.core.webui.keyword.WebUiBuiltInKeywords.click(WebUiBuiltInKeywords.groovy:616)
	at com.kms.katalon.core.webui.keyword.WebUiBuiltInKeywords$click$2.call(Unknown Source)
	at org.codehaus.groovy.runtime.callsite.CallSiteArray.defaultCall(CallSiteArray.java:48)
	at org.codehaus.groovy.runtime.callsite.AbstractCallSite.call(AbstractCallSite.java:113)
	at org.codehaus.groovy.runtime.callsite.AbstractCallSite.call(AbstractCallSite.java:125)
	at Script1535811943214.run(Script1535811943214.groovy:44)
	at com.kms.katalon.core.main.ScriptEngine.run(ScriptEngine.java:183)
	at com.kms.katalon.core.main.ScriptEngine.runScriptAsRawText(ScriptEngine.java:108)
	at com.kms.katalon.core.main.TestCaseExecutor.runScript(TestCaseExecutor.java:294)
	at com.kms.katalon.core.main.TestCaseExecutor.doExecute(TestCaseExecutor.java:285)
	at com.kms.katalon.core.main.TestCaseExecutor.processExecutionPhase(TestCaseExecutor.java:264)
	at com.kms.katalon.core.main.TestCaseExecutor.accessMainPhase(TestCaseExecutor.java:256)
	at com.kms.katalon.core.main.TestCaseExecutor.execute(TestCaseExecutor.java:200)
	at com.kms.katalon.core.main.TestCaseMain.runTestCase(TestCaseMain.java:99)
	at com.kms.katalon.core.keyword.builtin.CallTestCaseKeyword$_callTestCase_closure1.doCall(CallTestCaseKeyword.groovy:60)
	at com.kms.katalon.core.keyword.builtin.CallTestCaseKeyword$_callTestCase_closure1.call(CallTestCaseKeyword.groovy)
	at com.kms.katalon.core.keyword.internal.KeywordMain.runKeyword(KeywordMain.groovy:54)
	at com.kms.katalon.core.keyword.builtin.CallTestCaseKeyword.callTestCase(CallTestCaseKeyword.groovy:81)
	at com.kms.katalon.core.keyword.builtin.CallTestCaseKeyword.execute(CallTestCaseKeyword.groovy:45)
	at com.kms.katalon.core.keyword.internal.KeywordExecutor.executeKeywordForPlatform(KeywordExecutor.groovy:53)
	at com.kms.katalon.core.keyword.BuiltinKeywords.callTestCase(BuiltinKeywords.groovy:350)
	at sun.reflect.GeneratedMethodAccessor16.invoke(Unknown Source)
	at sun.reflect.DelegatingMethodAccessorImpl.invoke(DelegatingMethodAccessorImpl.java:43)
	at java.lang.reflect.Method.invoke(Method.java:498)
	at org.codehaus.groovy.reflection.CachedMethod.invoke(CachedMethod.java:93)
	at groovy.lang.MetaMethod.doMethodInvoke(MetaMethod.java:325)
	at groovy.lang.MetaClassImpl.invokeStaticMethod(MetaClassImpl.java:1469)
	at org.codehaus.groovy.runtime.callsite.StaticMetaClassSite.call(StaticMetaClassSite.java:53)
	at org.codehaus.groovy.runtime.callsite.CallSiteArray.defaultCall(CallSiteArray.java:48)
	at org.codehaus.groovy.runtime.callsite.AbstractCallSite.call(AbstractCallSite.java:113)
	at org.codehaus.groovy.runtime.callsite.AbstractCallSite.call(AbstractCallSite.java:133)
	at Script1534244222719.run(Script1534244222719.groovy:55)
	at com.kms.katalon.core.main.ScriptEngine.run(ScriptEngine.java:183)
	at com.kms.katalon.core.main.ScriptEngine.runScriptAsRawText(ScriptEngine.java:108)
	at com.kms.katalon.core.main.TestCaseExecutor.runScript(TestCaseExecutor.java:294)
	at com.kms.katalon.core.main.TestCaseExecutor.doExecute(TestCaseExecutor.java:285)
	at com.kms.katalon.core.main.TestCaseExecutor.processExecutionPhase(TestCaseExecutor.java:264)
	at com.kms.katalon.core.main.TestCaseExecutor.accessMainPhase(TestCaseExecutor.java:256)
	at com.kms.katalon.core.main.TestCaseExecutor.execute(TestCaseExecutor.java:200)
	at com.kms.katalon.core.main.TestSuiteExecutor.accessTestCaseMainPhase(TestSuiteExecutor.java:129)
	at com.kms.katalon.core.main.TestSuiteExecutor.accessTestSuiteMainPhase(TestSuiteExecutor.java:112)
	at com.kms.katalon.core.main.TestSuiteExecutor.execute(TestSuiteExecutor.java:81)
	at com.kms.katalon.core.main.TestCaseMain.startTestSuite(TestCaseMain.java:142)
	at com.kms.katalon.core.main.TestCaseMain$startTestSuite$0.call(Unknown Source)
	at org.codehaus.groovy.runtime.callsite.CallSiteArray.defaultCall(CallSiteArray.java:48)
	at org.codehaus.groovy.runtime.callsite.AbstractCallSite.call(AbstractCallSite.java:113)
	at org.codehaus.groovy.runtime.callsite.AbstractCallSite.call(AbstractCallSite.java:141)
	at TempTestSuite1537003942876.run(TempTestSuite1537003942876.groovy:36)
	at groovy.lang.GroovyShell.runScriptOrMainOrTestOrRunnable(GroovyShell.java:263)
	at groovy.lang.GroovyShell.run(GroovyShell.java:518)
	at groovy.lang.GroovyShell.run(GroovyShell.java:507)
	at groovy.ui.GroovyMain.processOnce(GroovyMain.java:653)
	at groovy.ui.GroovyMain.run(GroovyMain.java:384)
	at groovy.ui.GroovyMain.process(GroovyMain.java:370)
	at groovy.ui.GroovyMain.processArgs(GroovyMain.java:129)
	at groovy.ui.GroovyMain.main(GroovyMain.java:109)
	at sun.reflect.NativeMethodAccessorImpl.invoke0(Native Method)
	at sun.reflect.NativeMethodAccessorImpl.invoke(NativeMethodAccessorImpl.java:62)
	at sun.reflect.DelegatingMethodAccessorImpl.invoke(DelegatingMethodAccessorImpl.java:43)
	at java.lang.reflect.Method.invoke(Method.java:498)
	at org.codehaus.groovy.tools.GroovyStarter.rootLoader(GroovyStarter.java:109)
	at org.codehaus.groovy.tools.GroovyStarter.main(GroovyStarter.java:131)
)

2018-09-15 10:46:31 - [TEST_STEP][PASSED] - callTestCase: Call Test Case 'Test Cases/BVT/aSimple_Login' successfully

2018-09-15 10:46:32 - [TEST_CASE][PASSED] - Test Cases/BVT/aSimple_Login: Test Cases/BVT/aSimple_Login

2018-09-15 10:46:32 - [TEST_STEP][PASSED] - openBrowser: Browser is opened with url: ''

2018-09-15 10:46:32 - [MESSAGE][WARNING] - A browser is already opened. Closing browser and opening a new one

2018-09-15 10:46:35 - [MESSAGE][PASSED] - Browser is opened with url: ''

2018-09-15 10:46:35 - [TEST_STEP][PASSED] - maximizeWindow: Current window maximized

2018-09-15 10:46:36 - [MESSAGE][PASSED] - Current window maximized

2018-09-15 10:46:36 - [TEST_STEP][PASSED] - navigateToUrl: Navigate to 'https://dev.vcalling.in/enterprises/UAT/Dashboard/index.html' successfully

2018-09-15 10:46:39 - [MESSAGE][PASSED] - Navigate to 'https://dev.vcalling.in/enterprises/UAT/Dashboard/index.html' successfully

2018-09-15 10:46:39 - [TEST_STEP][PASSED] - setText: Text 'testing4dea@gmail.com' is set on object 'Object Repository/Login/UserId'

2018-09-15 10:46:39 - [MESSAGE][PASSED] - Text 'testing4dea@gmail.com' is set on object 'Object Repository/Login/UserId'

2018-09-15 10:46:39 - [TEST_STEP][PASSED] - click: Object: 'Object Repository/Login/div_GET OTP' is clicked on

2018-09-15 10:46:40 - [MESSAGE][PASSED] - Object: 'Object Repository/Login/div_GET OTP' is clicked on

2018-09-15 10:46:40 - [TEST_STEP][PASSED] - waitForElementPresent: Object 'Object Repository/Login/div_SUBMIT' is present

2018-09-15 10:46:41 - [MESSAGE][PASSED] - Object 'Object Repository/Login/div_SUBMIT' is present

2018-09-15 10:46:41 - [TEST_STEP][PASSED] - Statement - If (com.kms.katalon.core.webui.keyword.WebUiBuiltInKeywords.verifyElementNotPresent(com.kms.katalon.core.testobject.ObjectRepository.findTestObject(Login/div_SUBMIT), 5, OPTIONAL)): Web element with id: 'Object Repository/Login/div_SUBMIT' located by 'By.xpath: //div[(text() = ' SUBMIT ' or . = ' SUBMIT ')]' is present after '5' second(s)

2018-09-15 10:46:47 - [MESSAGE][WARNING] - Web element with id: 'Object Repository/Login/div_SUBMIT' located by 'By.xpath: //div[(text() = ' SUBMIT ' or . = ' SUBMIT ')]' is present after '5' second(s)
[[ATTACHMENT|C:\\Users\\Kaushal\\Desktop\\Katalon Studio\\vCallingDashboard\\Reports\\RegressionSuite\\20180915_103222\\1537004806741.png]]

2018-09-15 10:46:47 - [TEST_STEP][PASSED] - Statement - sleep(5000): null

2018-09-15 10:46:52 - [TEST_STEP][PASSED] - Statement - OTP = getOTP(): null

2018-09-15 10:46:52 - [TEST_STEP][PASSED] - Statement - host = "imap.gmail.com": null

2018-09-15 10:46:52 - [TEST_STEP][PASSED] - Statement - msg = <not implemented yet for class: org.codehaus.groovy.ast.expr.EmptyExpression>: null

2018-09-15 10:46:52 - [TEST_STEP][PASSED] - Statement - msgSub = <not implemented yet for class: org.codehaus.groovy.ast.expr.EmptyExpression>: null

2018-09-15 10:46:52 - [TEST_STEP][PASSED] - Statement - OTP = "unavailable": null

2018-09-15 10:46:52 - [TEST_STEP][PASSED] - Statement - props = new java.util.Properties(): null

2018-09-15 10:46:52 - [TEST_STEP][PASSED] - Statement - props.setProperty("mail.imap.ssl.enable", "true"): null

2018-09-15 10:46:52 - [TEST_STEP][PASSED] - Statement - session = javax.mail.Session.getInstance(props): null

2018-09-15 10:46:52 - [TEST_STEP][PASSED] - Statement - store = <not implemented yet for class: org.codehaus.groovy.ast.expr.EmptyExpression>: null

2018-09-15 10:46:52 - [TEST_STEP][PASSED] - Statement - Try: null

2018-09-15 10:46:52 - [TEST_STEP][PASSED] - Statement - store = session.getStore("imap"): null

2018-09-15 10:46:52 - [TEST_STEP][PASSED] - Statement - store.connect(host, Email, Password): null

2018-09-15 10:46:55 - [TEST_STEP][PASSED] - Statement - emailFolder = store.getFolder("INBOX"): null

2018-09-15 10:46:55 - [TEST_STEP][PASSED] - Statement - emailFolder.open(READ_WRITE): null

2018-09-15 10:46:56 - [TEST_STEP][PASSED] - Statement - messages = emailFolder.getMessages(): null

2018-09-15 10:46:56 - [TEST_STEP][PASSED] - Statement - n = length: null

2018-09-15 10:46:56 - [TEST_STEP][PASSED] - Statement - message = messages[n - 1]: null

2018-09-15 10:46:56 - [TEST_STEP][PASSED] - Statement - msgSub = message.getSubject(): null

2018-09-15 10:46:56 - [TEST_STEP][PASSED] - Statement - If (msgSub.equals("OTP to Sign In")): null

2018-09-15 10:46:56 - [TEST_STEP][PASSED] - Statement - msg = message.getContent().toString(): null

2018-09-15 10:46:57 - [TEST_STEP][PASSED] - Statement - OTP = msg.substring(msg.length() - 7): null

2018-09-15 10:46:57 - [TEST_STEP][PASSED] - Statement - message.setFlag(DELETED, true): null

2018-09-15 10:46:58 - [TEST_STEP][PASSED] - Statement - emailFolder.close(true): null

2018-09-15 10:46:59 - [TEST_STEP][PASSED] - Statement - store.close(): null

2018-09-15 10:46:59 - [TEST_STEP][PASSED] - Statement - return OTP: null

2018-09-15 10:46:59 - [TEST_STEP][PASSED] - Statement - If (OTP.equals("unavailable")): null

2018-09-15 10:46:59 - [TEST_STEP][PASSED] - Statement - Else: Text 's9007
' is set on object 'Object Repository/Login/OtpInput'

2018-09-15 10:46:59 - [TEST_STEP][PASSED] - setText: Text 's9007
' is set on object 'Object Repository/Login/OtpInput'

2018-09-15 10:46:59 - [MESSAGE][PASSED] - Text 's9007
' is set on object 'Object Repository/Login/OtpInput'

2018-09-15 10:46:59 - [TEST_STEP][PASSED] - verifyElementPresent: Object 'Object Repository/Login/afterOpenDisplay' is present

2018-09-15 10:47:00 - [MESSAGE][PASSED] - Object 'Object Repository/Login/afterOpenDisplay' is present

2018-09-15 10:47:00 - [MESSAGE][PASSED] - Call Test Case 'Test Cases/BVT/aSimple_Login' successfully

2018-09-15 10:47:00 - [TEST_STEP][FAILED] - callTestCase: Unable to call Test Case with id 'Test Cases/commonFunctionality/linkOpenCountFilter' (Root cause: Call Test Case 'Test Cases/commonFunctionality/linkOpenCountFilter' failed)

2018-09-15 10:47:00 - [TEST_CASE][FAILED] - Test Cases/commonFunctionality/linkOpenCountFilter: Test Cases/commonFunctionality/linkOpenCountFilter FAILED because (of) (Stack trace: com.kms.katalon.core.exception.StepFailedException: Unable to click on object 'Object Repository/LinkLogFilter/FilterButton' (Root cause: org.openqa.selenium.WebDriverException: unknown error: Element <div class="filter-btn">...</div> is not clickable at point (383, 102). Other element would receive the click: <div class="loader-screen">...</div>
  (Session info: chrome=69.0.3497.92)
  (Driver info: chromedriver=2.35.528161 (5b82f2d2aae0ca24b877009200ced9065a772e73),platform=Windows NT 10.0.17134 x86_64) (WARNING: The server did not provide any stacktrace information)
Command duration or timeout: 0 milliseconds
Build info: version: '3.7.1', revision: '8a0099a', time: '2017-11-06T21:07:36.161Z'
System info: host: 'DESKTOP-D4528LJ', ip: '10.6.8.31', os.name: 'Windows 10', os.arch: 'amd64', os.version: '10.0', java.version: '1.8.0_181'
Driver info: com.kms.katalon.selenium.driver.CChromeDriver
Capabilities {acceptInsecureCerts: false, acceptSslCerts: false, applicationCacheEnabled: false, browserConnectionEnabled: false, browserName: chrome, chrome: {chromedriverVersion: 2.35.528161 (5b82f2d2aae0ca..., userDataDir: C:\Users\Kaushal\AppData\Lo...}, cssSelectorsEnabled: true, databaseEnabled: false, handlesAlerts: true, hasTouchScreen: false, javascriptEnabled: true, locationContextEnabled: true, mobileEmulationEnabled: false, nativeEvents: true, networkConnectionEnabled: false, pageLoadStrategy: normal, platform: XP, platformName: XP, rotatable: false, setWindowRect: true, takesHeapSnapshot: true, takesScreenshot: true, unexpectedAlertBehaviour: , unhandledPromptBehavior: , version: 69.0.3497.92, webStorageEnabled: true}
Session ID: 037d9f3defdfa492023f32d3fa2d3f1a)
	at com.kms.katalon.core.keyword.internal.KeywordMain.stepFailed(KeywordMain.groovy:36)
	at com.kms.katalon.core.webui.keyword.internal.WebUIKeywordMain.stepFailed(WebUIKeywordMain.groovy:65)
	at com.kms.katalon.core.webui.keyword.internal.WebUIKeywordMain.runKeyword(WebUIKeywordMain.groovy:27)
	at com.kms.katalon.core.webui.keyword.builtin.ClickKeyword.click(ClickKeyword.groovy:86)
	at com.kms.katalon.core.webui.keyword.builtin.ClickKeyword.execute(ClickKeyword.groovy:67)
	at com.kms.katalon.core.keyword.internal.KeywordExecutor.executeKeywordForPlatform(KeywordExecutor.groovy:53)
	at com.kms.katalon.core.webui.keyword.WebUiBuiltInKeywords.click(WebUiBuiltInKeywords.groovy:616)
	at com.kms.katalon.core.webui.keyword.WebUiBuiltInKeywords$click$2.call(Unknown Source)
	at org.codehaus.groovy.runtime.callsite.CallSiteArray.defaultCall(CallSiteArray.java:48)
	at org.codehaus.groovy.runtime.callsite.AbstractCallSite.call(AbstractCallSite.java:113)
	at org.codehaus.groovy.runtime.callsite.AbstractCallSite.call(AbstractCallSite.java:125)
	at Script1535811943214.run(Script1535811943214.groovy:44)
	at com.kms.katalon.core.main.ScriptEngine.run(ScriptEngine.java:183)
	at com.kms.katalon.core.main.ScriptEngine.runScriptAsRawText(ScriptEngine.java:108)
	at com.kms.katalon.core.main.TestCaseExecutor.runScript(TestCaseExecutor.java:294)
	at com.kms.katalon.core.main.TestCaseExecutor.doExecute(TestCaseExecutor.java:285)
	at com.kms.katalon.core.main.TestCaseExecutor.processExecutionPhase(TestCaseExecutor.java:264)
	at com.kms.katalon.core.main.TestCaseExecutor.accessMainPhase(TestCaseExecutor.java:256)
	at com.kms.katalon.core.main.TestCaseExecutor.execute(TestCaseExecutor.java:200)
	at com.kms.katalon.core.main.TestCaseMain.runTestCase(TestCaseMain.java:99)
	at com.kms.katalon.core.keyword.builtin.CallTestCaseKeyword$_callTestCase_closure1.doCall(CallTestCaseKeyword.groovy:60)
	at com.kms.katalon.core.keyword.builtin.CallTestCaseKeyword$_callTestCase_closure1.call(CallTestCaseKeyword.groovy)
	at com.kms.katalon.core.keyword.internal.KeywordMain.runKeyword(KeywordMain.groovy:54)
	at com.kms.katalon.core.keyword.builtin.CallTestCaseKeyword.callTestCase(CallTestCaseKeyword.groovy:81)
	at com.kms.katalon.core.keyword.builtin.CallTestCaseKeyword.execute(CallTestCaseKeyword.groovy:45)
	at com.kms.katalon.core.keyword.internal.KeywordExecutor.executeKeywordForPlatform(KeywordExecutor.groovy:53)
	at com.kms.katalon.core.keyword.BuiltinKeywords.callTestCase(BuiltinKeywords.groovy:350)
	at sun.reflect.GeneratedMethodAccessor16.invoke(Unknown Source)
	at sun.reflect.DelegatingMethodAccessorImpl.invoke(DelegatingMethodAccessorImpl.java:43)
	at java.lang.reflect.Method.invoke(Method.java:498)
	at org.codehaus.groovy.reflection.CachedMethod.invoke(CachedMethod.java:93)
	at groovy.lang.MetaMethod.doMethodInvoke(MetaMethod.java:325)
	at groovy.lang.MetaClassImpl.invokeStaticMethod(MetaClassImpl.java:1469)
	at org.codehaus.groovy.runtime.callsite.StaticMetaClassSite.call(StaticMetaClassSite.java:53)
	at org.codehaus.groovy.runtime.callsite.CallSiteArray.defaultCall(CallSiteArray.java:48)
	at org.codehaus.groovy.runtime.callsite.AbstractCallSite.call(AbstractCallSite.java:113)
	at org.codehaus.groovy.runtime.callsite.AbstractCallSite.call(AbstractCallSite.java:133)
	at Script1534244222719.run(Script1534244222719.groovy:55)
	at com.kms.katalon.core.main.ScriptEngine.run(ScriptEngine.java:183)
	at com.kms.katalon.core.main.ScriptEngine.runScriptAsRawText(ScriptEngine.java:108)
	at com.kms.katalon.core.main.TestCaseExecutor.runScript(TestCaseExecutor.java:294)
	at com.kms.katalon.core.main.TestCaseExecutor.doExecute(TestCaseExecutor.java:285)
	at com.kms.katalon.core.main.TestCaseExecutor.processExecutionPhase(TestCaseExecutor.java:264)
	at com.kms.katalon.core.main.TestCaseExecutor.accessMainPhase(TestCaseExecutor.java:256)
	at com.kms.katalon.core.main.TestCaseExecutor.execute(TestCaseExecutor.java:200)
	at com.kms.katalon.core.main.TestSuiteExecutor.accessTestCaseMainPhase(TestSuiteExecutor.java:129)
	at com.kms.katalon.core.main.TestSuiteExecutor.accessTestSuiteMainPhase(TestSuiteExecutor.java:112)
	at com.kms.katalon.core.main.TestSuiteExecutor.execute(TestSuiteExecutor.java:81)
	at com.kms.katalon.core.main.TestCaseMain.startTestSuite(TestCaseMain.java:142)
	at com.kms.katalon.core.main.TestCaseMain$startTestSuite$0.call(Unknown Source)
	at org.codehaus.groovy.runtime.callsite.CallSiteArray.defaultCall(CallSiteArray.java:48)
	at org.codehaus.groovy.runtime.callsite.AbstractCallSite.call(AbstractCallSite.java:113)
	at org.codehaus.groovy.runtime.callsite.AbstractCallSite.call(AbstractCallSite.java:141)
	at TempTestSuite1537003942876.run(TempTestSuite1537003942876.groovy:36)
	at groovy.lang.GroovyShell.runScriptOrMainOrTestOrRunnable(GroovyShell.java:263)
	at groovy.lang.GroovyShell.run(GroovyShell.java:518)
	at groovy.lang.GroovyShell.run(GroovyShell.java:507)
	at groovy.ui.GroovyMain.processOnce(GroovyMain.java:653)
	at groovy.ui.GroovyMain.run(GroovyMain.java:384)
	at groovy.ui.GroovyMain.process(GroovyMain.java:370)
	at groovy.ui.GroovyMain.processArgs(GroovyMain.java:129)
	at groovy.ui.GroovyMain.main(GroovyMain.java:109)
	at sun.reflect.NativeMethodAccessorImpl.invoke0(Native Method)
	at sun.reflect.NativeMethodAccessorImpl.invoke(NativeMethodAccessorImpl.java:62)
	at sun.reflect.DelegatingMethodAccessorImpl.invoke(DelegatingMethodAccessorImpl.java:43)
	at java.lang.reflect.Method.invoke(Method.java:498)
	at org.codehaus.groovy.tools.GroovyStarter.rootLoader(GroovyStarter.java:109)
	at org.codehaus.groovy.tools.GroovyStarter.main(GroovyStarter.java:131)
)

2018-09-15 10:47:01 - [TEST_STEP][PASSED] - click: Object: 'Object Repository/LinkLogFilter/FilterButton' is clicked on

2018-09-15 10:47:01 - [MESSAGE][PASSED] - Object: 'Object Repository/LinkLogFilter/FilterButton' is clicked on

2018-09-15 10:47:01 - [TEST_STEP][PASSED] - Statement - If (com.kms.katalon.core.webui.keyword.WebUiBuiltInKeywords.verifyElementPresent(com.kms.katalon.core.testobject.ObjectRepository.findTestObject(filter/filterContainer), 5, OPTIONAL)): null

2018-09-15 10:47:01 - [MESSAGE][PASSED] - Object 'Object Repository/filter/filterContainer' is present

2018-09-15 10:47:01 - [TEST_STEP][PASSED] - Statement - println("open filter POP Up successful"): null

2018-09-15 10:47:01 - [TEST_STEP][PASSED] - setText: Text '0' is set on object 'Object Repository/LinkLogFilter/openLinkCount'

2018-09-15 10:47:01 - [MESSAGE][PASSED] - Text '0' is set on object 'Object Repository/LinkLogFilter/openLinkCount'

2018-09-15 10:47:01 - [TEST_STEP][PASSED] - click: Object: 'Object Repository/LinkLogFilter/innerFilterButton' is clicked on

2018-09-15 10:47:01 - [MESSAGE][PASSED] - Object: 'Object Repository/LinkLogFilter/innerFilterButton' is clicked on

2018-09-15 10:47:01 - [TEST_STEP][PASSED] - delay: Delayed 5 second(s)

2018-09-15 10:47:06 - [MESSAGE][PASSED] - Delayed 5 second(s)

2018-09-15 10:47:06 - [TEST_STEP][FAILED] - click: Unable to click on object 'Object Repository/LinkLogFilter/FilterButton' (Root cause: org.openqa.selenium.WebDriverException: unknown error: Element <div class="filter-btn">...</div> is not clickable at point (383, 102). Other element would receive the click: <div class="loader-screen">...</div>
  (Session info: chrome=69.0.3497.92)
  (Driver info: chromedriver=2.35.528161 (5b82f2d2aae0ca24b877009200ced9065a772e73),platform=Windows NT 10.0.17134 x86_64) (WARNING: The server did not provide any stacktrace information)
Command duration or timeout: 0 milliseconds
Build info: version: '3.7.1', revision: '8a0099a', time: '2017-11-06T21:07:36.161Z'
System info: host: 'DESKTOP-D4528LJ', ip: '10.6.8.31', os.name: 'Windows 10', os.arch: 'amd64', os.version: '10.0', java.version: '1.8.0_181'
Driver info: com.kms.katalon.selenium.driver.CChromeDriver
Capabilities {acceptInsecureCerts: false, acceptSslCerts: false, applicationCacheEnabled: false, browserConnectionEnabled: false, browserName: chrome, chrome: {chromedriverVersion: 2.35.528161 (5b82f2d2aae0ca..., userDataDir: C:\Users\Kaushal\AppData\Lo...}, cssSelectorsEnabled: true, databaseEnabled: false, handlesAlerts: true, hasTouchScreen: false, javascriptEnabled: true, locationContextEnabled: true, mobileEmulationEnabled: false, nativeEvents: true, networkConnectionEnabled: false, pageLoadStrategy: normal, platform: XP, platformName: XP, rotatable: false, setWindowRect: true, takesHeapSnapshot: true, takesScreenshot: true, unexpectedAlertBehaviour: , unhandledPromptBehavior: , version: 69.0.3497.92, webStorageEnabled: true}
Session ID: 037d9f3defdfa492023f32d3fa2d3f1a)

2018-09-15 10:47:07 - [MESSAGE][FAILED] - Unable to click on object 'Object Repository/LinkLogFilter/FilterButton' (Root cause: org.openqa.selenium.WebDriverException: unknown error: Element <div class="filter-btn">...</div> is not clickable at point (383, 102). Other element would receive the click: <div class="loader-screen">...</div>
  (Session info: chrome=69.0.3497.92)
  (Driver info: chromedriver=2.35.528161 (5b82f2d2aae0ca24b877009200ced9065a772e73),platform=Windows NT 10.0.17134 x86_64) (WARNING: The server did not provide any stacktrace information)
Command duration or timeout: 0 milliseconds
Build info: version: '3.7.1', revision: '8a0099a', time: '2017-11-06T21:07:36.161Z'
System info: host: 'DESKTOP-D4528LJ', ip: '10.6.8.31', os.name: 'Windows 10', os.arch: 'amd64', os.version: '10.0', java.version: '1.8.0_181'
Driver info: com.kms.katalon.selenium.driver.CChromeDriver
Capabilities {acceptInsecureCerts: false, acceptSslCerts: false, applicationCacheEnabled: false, browserConnectionEnabled: false, browserName: chrome, chrome: {chromedriverVersion: 2.35.528161 (5b82f2d2aae0ca..., userDataDir: C:\Users\Kaushal\AppData\Lo...}, cssSelectorsEnabled: true, databaseEnabled: false, handlesAlerts: true, hasTouchScreen: false, javascriptEnabled: true, locationContextEnabled: true, mobileEmulationEnabled: false, nativeEvents: true, networkConnectionEnabled: false, pageLoadStrategy: normal, platform: XP, platformName: XP, rotatable: false, setWindowRect: true, takesHeapSnapshot: true, takesScreenshot: true, unexpectedAlertBehaviour: , unhandledPromptBehavior: , version: 69.0.3497.92, webStorageEnabled: true}
Session ID: 037d9f3defdfa492023f32d3fa2d3f1a)
[[ATTACHMENT|C:\\Users\\Kaushal\\Desktop\\Katalon Studio\\vCallingDashboard\\Reports\\RegressionSuite\\20180915_103222\\1537004826831.png]]

2018-09-15 10:47:07 - [MESSAGE][FAILED] - Unable to call Test Case with id 'Test Cases/commonFunctionality/linkOpenCountFilter' (Root cause: Call Test Case 'Test Cases/commonFunctionality/linkOpenCountFilter' failed)]]></system-out>
         <system-err><![CDATA[2018-09-15 10:46:31 - [TEST_CASE][FAILED] - Test Cases/completed/TestCase3_FilterLinkLog/linkOpenCount: Test Cases/completed/TestCase3_FilterLinkLog/linkOpenCount FAILED because (of) (Stack trace: com.kms.katalon.core.exception.StepFailedException: Unable to click on object 'Object Repository/LinkLogFilter/FilterButton' (Root cause: org.openqa.selenium.WebDriverException: unknown error: Element <div class="filter-btn">...</div> is not clickable at point (383, 102). Other element would receive the click: <div class="loader-screen">...</div>
  (Session info: chrome=69.0.3497.92)
  (Driver info: chromedriver=2.35.528161 (5b82f2d2aae0ca24b877009200ced9065a772e73),platform=Windows NT 10.0.17134 x86_64) (WARNING: The server did not provide any stacktrace information)
Command duration or timeout: 0 milliseconds
Build info: version: '3.7.1', revision: '8a0099a', time: '2017-11-06T21:07:36.161Z'
System info: host: 'DESKTOP-D4528LJ', ip: '10.6.8.31', os.name: 'Windows 10', os.arch: 'amd64', os.version: '10.0', java.version: '1.8.0_181'
Driver info: com.kms.katalon.selenium.driver.CChromeDriver
Capabilities {acceptInsecureCerts: false, acceptSslCerts: false, applicationCacheEnabled: false, browserConnectionEnabled: false, browserName: chrome, chrome: {chromedriverVersion: 2.35.528161 (5b82f2d2aae0ca..., userDataDir: C:\Users\Kaushal\AppData\Lo...}, cssSelectorsEnabled: true, databaseEnabled: false, handlesAlerts: true, hasTouchScreen: false, javascriptEnabled: true, locationContextEnabled: true, mobileEmulationEnabled: false, nativeEvents: true, networkConnectionEnabled: false, pageLoadStrategy: normal, platform: XP, platformName: XP, rotatable: false, setWindowRect: true, takesHeapSnapshot: true, takesScreenshot: true, unexpectedAlertBehaviour: , unhandledPromptBehavior: , version: 69.0.3497.92, webStorageEnabled: true}
Session ID: 037d9f3defdfa492023f32d3fa2d3f1a)
	at com.kms.katalon.core.keyword.internal.KeywordMain.stepFailed(KeywordMain.groovy:36)
	at com.kms.katalon.core.webui.keyword.internal.WebUIKeywordMain.stepFailed(WebUIKeywordMain.groovy:65)
	at com.kms.katalon.core.webui.keyword.internal.WebUIKeywordMain.runKeyword(WebUIKeywordMain.groovy:27)
	at com.kms.katalon.core.webui.keyword.builtin.ClickKeyword.click(ClickKeyword.groovy:86)
	at com.kms.katalon.core.webui.keyword.builtin.ClickKeyword.execute(ClickKeyword.groovy:67)
	at com.kms.katalon.core.keyword.internal.KeywordExecutor.executeKeywordForPlatform(KeywordExecutor.groovy:53)
	at com.kms.katalon.core.webui.keyword.WebUiBuiltInKeywords.click(WebUiBuiltInKeywords.groovy:616)
	at com.kms.katalon.core.webui.keyword.WebUiBuiltInKeywords$click$2.call(Unknown Source)
	at org.codehaus.groovy.runtime.callsite.CallSiteArray.defaultCall(CallSiteArray.java:48)
	at org.codehaus.groovy.runtime.callsite.AbstractCallSite.call(AbstractCallSite.java:113)
	at org.codehaus.groovy.runtime.callsite.AbstractCallSite.call(AbstractCallSite.java:125)
	at Script1535811943214.run(Script1535811943214.groovy:44)
	at com.kms.katalon.core.main.ScriptEngine.run(ScriptEngine.java:183)
	at com.kms.katalon.core.main.ScriptEngine.runScriptAsRawText(ScriptEngine.java:108)
	at com.kms.katalon.core.main.TestCaseExecutor.runScript(TestCaseExecutor.java:294)
	at com.kms.katalon.core.main.TestCaseExecutor.doExecute(TestCaseExecutor.java:285)
	at com.kms.katalon.core.main.TestCaseExecutor.processExecutionPhase(TestCaseExecutor.java:264)
	at com.kms.katalon.core.main.TestCaseExecutor.accessMainPhase(TestCaseExecutor.java:256)
	at com.kms.katalon.core.main.TestCaseExecutor.execute(TestCaseExecutor.java:200)
	at com.kms.katalon.core.main.TestCaseMain.runTestCase(TestCaseMain.java:99)
	at com.kms.katalon.core.keyword.builtin.CallTestCaseKeyword$_callTestCase_closure1.doCall(CallTestCaseKeyword.groovy:60)
	at com.kms.katalon.core.keyword.builtin.CallTestCaseKeyword$_callTestCase_closure1.call(CallTestCaseKeyword.groovy)
	at com.kms.katalon.core.keyword.internal.KeywordMain.runKeyword(KeywordMain.groovy:54)
	at com.kms.katalon.core.keyword.builtin.CallTestCaseKeyword.callTestCase(CallTestCaseKeyword.groovy:81)
	at com.kms.katalon.core.keyword.builtin.CallTestCaseKeyword.execute(CallTestCaseKeyword.groovy:45)
	at com.kms.katalon.core.keyword.internal.KeywordExecutor.executeKeywordForPlatform(KeywordExecutor.groovy:53)
	at com.kms.katalon.core.keyword.BuiltinKeywords.callTestCase(BuiltinKeywords.groovy:350)
	at sun.reflect.GeneratedMethodAccessor16.invoke(Unknown Source)
	at sun.reflect.DelegatingMethodAccessorImpl.invoke(DelegatingMethodAccessorImpl.java:43)
	at java.lang.reflect.Method.invoke(Method.java:498)
	at org.codehaus.groovy.reflection.CachedMethod.invoke(CachedMethod.java:93)
	at groovy.lang.MetaMethod.doMethodInvoke(MetaMethod.java:325)
	at groovy.lang.MetaClassImpl.invokeStaticMethod(MetaClassImpl.java:1469)
	at org.codehaus.groovy.runtime.callsite.StaticMetaClassSite.call(StaticMetaClassSite.java:53)
	at org.codehaus.groovy.runtime.callsite.CallSiteArray.defaultCall(CallSiteArray.java:48)
	at org.codehaus.groovy.runtime.callsite.AbstractCallSite.call(AbstractCallSite.java:113)
	at org.codehaus.groovy.runtime.callsite.AbstractCallSite.call(AbstractCallSite.java:133)
	at Script1534244222719.run(Script1534244222719.groovy:55)
	at com.kms.katalon.core.main.ScriptEngine.run(ScriptEngine.java:183)
	at com.kms.katalon.core.main.ScriptEngine.runScriptAsRawText(ScriptEngine.java:108)
	at com.kms.katalon.core.main.TestCaseExecutor.runScript(TestCaseExecutor.java:294)
	at com.kms.katalon.core.main.TestCaseExecutor.doExecute(TestCaseExecutor.java:285)
	at com.kms.katalon.core.main.TestCaseExecutor.processExecutionPhase(TestCaseExecutor.java:264)
	at com.kms.katalon.core.main.TestCaseExecutor.accessMainPhase(TestCaseExecutor.java:256)
	at com.kms.katalon.core.main.TestCaseExecutor.execute(TestCaseExecutor.java:200)
	at com.kms.katalon.core.main.TestSuiteExecutor.accessTestCaseMainPhase(TestSuiteExecutor.java:129)
	at com.kms.katalon.core.main.TestSuiteExecutor.accessTestSuiteMainPhase(TestSuiteExecutor.java:112)
	at com.kms.katalon.core.main.TestSuiteExecutor.execute(TestSuiteExecutor.java:81)
	at com.kms.katalon.core.main.TestCaseMain.startTestSuite(TestCaseMain.java:142)
	at com.kms.katalon.core.main.TestCaseMain$startTestSuite$0.call(Unknown Source)
	at org.codehaus.groovy.runtime.callsite.CallSiteArray.defaultCall(CallSiteArray.java:48)
	at org.codehaus.groovy.runtime.callsite.AbstractCallSite.call(AbstractCallSite.java:113)
	at org.codehaus.groovy.runtime.callsite.AbstractCallSite.call(AbstractCallSite.java:141)
	at TempTestSuite1537003942876.run(TempTestSuite1537003942876.groovy:36)
	at groovy.lang.GroovyShell.runScriptOrMainOrTestOrRunnable(GroovyShell.java:263)
	at groovy.lang.GroovyShell.run(GroovyShell.java:518)
	at groovy.lang.GroovyShell.run(GroovyShell.java:507)
	at groovy.ui.GroovyMain.processOnce(GroovyMain.java:653)
	at groovy.ui.GroovyMain.run(GroovyMain.java:384)
	at groovy.ui.GroovyMain.process(GroovyMain.java:370)
	at groovy.ui.GroovyMain.processArgs(GroovyMain.java:129)
	at groovy.ui.GroovyMain.main(GroovyMain.java:109)
	at sun.reflect.NativeMethodAccessorImpl.invoke0(Native Method)
	at sun.reflect.NativeMethodAccessorImpl.invoke(NativeMethodAccessorImpl.java:62)
	at sun.reflect.DelegatingMethodAccessorImpl.invoke(DelegatingMethodAccessorImpl.java:43)
	at java.lang.reflect.Method.invoke(Method.java:498)
	at org.codehaus.groovy.tools.GroovyStarter.rootLoader(GroovyStarter.java:109)
	at org.codehaus.groovy.tools.GroovyStarter.main(GroovyStarter.java:131)
)]]></system-err>
      </testcase>
      <testcase name="Test Cases/completed/TestCase3_FilterLinkLog/tagAndCount" classname="Test Cases/completed/TestCase3_FilterLinkLog/tagAndCount" status="FAILED">
         <failure type="FAILED" message="(Stack trace: com.kms.katalon.core.exception.StepFailedException: Unable to click on object 'Object Repository/LinkLogFilter/FilterButton' (Root cause: org.openqa.selenium.WebDriverException: unknown error: Element &lt;div class=&quot;filter-btn&quot;>...&lt;/div> is not clickable at point (383, 102). Other element would receive the click: &lt;div class=&quot;loader-screen&quot;>...&lt;/div>
  (Session info: chrome=69.0.3497.92)
  (Driver info: chromedriver=2.35.528161 (5b82f2d2aae0ca24b877009200ced9065a772e73),platform=Windows NT 10.0.17134 x86_64) (WARNING: The server did not provide any stacktrace information)
Command duration or timeout: 0 milliseconds
Build info: version: '3.7.1', revision: '8a0099a', time: '2017-11-06T21:07:36.161Z'
System info: host: 'DESKTOP-D4528LJ', ip: '10.6.8.31', os.name: 'Windows 10', os.arch: 'amd64', os.version: '10.0', java.version: '1.8.0_181'
Driver info: com.kms.katalon.selenium.driver.CChromeDriver
Capabilities {acceptInsecureCerts: false, acceptSslCerts: false, applicationCacheEnabled: false, browserConnectionEnabled: false, browserName: chrome, chrome: {chromedriverVersion: 2.35.528161 (5b82f2d2aae0ca..., userDataDir: C:\Users\Kaushal\AppData\Lo...}, cssSelectorsEnabled: true, databaseEnabled: false, handlesAlerts: true, hasTouchScreen: false, javascriptEnabled: true, locationContextEnabled: true, mobileEmulationEnabled: false, nativeEvents: true, networkConnectionEnabled: false, pageLoadStrategy: normal, platform: XP, platformName: XP, rotatable: false, setWindowRect: true, takesHeapSnapshot: true, takesScreenshot: true, unexpectedAlertBehaviour: , unhandledPromptBehavior: , version: 69.0.3497.92, webStorageEnabled: true}
Session ID: 826ebffa112a5181d8d20a5f0564077e)
	at com.kms.katalon.core.keyword.internal.KeywordMain.stepFailed(KeywordMain.groovy:36)
	at com.kms.katalon.core.webui.keyword.internal.WebUIKeywordMain.stepFailed(WebUIKeywordMain.groovy:65)
	at com.kms.katalon.core.webui.keyword.internal.WebUIKeywordMain.runKeyword(WebUIKeywordMain.groovy:27)
	at com.kms.katalon.core.webui.keyword.builtin.ClickKeyword.click(ClickKeyword.groovy:86)
	at com.kms.katalon.core.webui.keyword.builtin.ClickKeyword.execute(ClickKeyword.groovy:67)
	at com.kms.katalon.core.keyword.internal.KeywordExecutor.executeKeywordForPlatform(KeywordExecutor.groovy:53)
	at com.kms.katalon.core.webui.keyword.WebUiBuiltInKeywords.click(WebUiBuiltInKeywords.groovy:616)
	at com.kms.katalon.core.webui.keyword.WebUiBuiltInKeywords$click$2.call(Unknown Source)
	at org.codehaus.groovy.runtime.callsite.CallSiteArray.defaultCall(CallSiteArray.java:48)
	at org.codehaus.groovy.runtime.callsite.AbstractCallSite.call(AbstractCallSite.java:113)
	at org.codehaus.groovy.runtime.callsite.AbstractCallSite.call(AbstractCallSite.java:125)
	at Script1535970150594.run(Script1535970150594.groovy:56)
	at com.kms.katalon.core.main.ScriptEngine.run(ScriptEngine.java:183)
	at com.kms.katalon.core.main.ScriptEngine.runScriptAsRawText(ScriptEngine.java:108)
	at com.kms.katalon.core.main.TestCaseExecutor.runScript(TestCaseExecutor.java:294)
	at com.kms.katalon.core.main.TestCaseExecutor.doExecute(TestCaseExecutor.java:285)
	at com.kms.katalon.core.main.TestCaseExecutor.processExecutionPhase(TestCaseExecutor.java:264)
	at com.kms.katalon.core.main.TestCaseExecutor.accessMainPhase(TestCaseExecutor.java:256)
	at com.kms.katalon.core.main.TestCaseExecutor.execute(TestCaseExecutor.java:200)
	at com.kms.katalon.core.main.TestCaseMain.runTestCase(TestCaseMain.java:99)
	at com.kms.katalon.core.keyword.builtin.CallTestCaseKeyword$_callTestCase_closure1.doCall(CallTestCaseKeyword.groovy:60)
	at com.kms.katalon.core.keyword.builtin.CallTestCaseKeyword$_callTestCase_closure1.call(CallTestCaseKeyword.groovy)
	at com.kms.katalon.core.keyword.internal.KeywordMain.runKeyword(KeywordMain.groovy:54)
	at com.kms.katalon.core.keyword.builtin.CallTestCaseKeyword.callTestCase(CallTestCaseKeyword.groovy:81)
	at com.kms.katalon.core.keyword.builtin.CallTestCaseKeyword.execute(CallTestCaseKeyword.groovy:45)
	at com.kms.katalon.core.keyword.internal.KeywordExecutor.executeKeywordForPlatform(KeywordExecutor.groovy:53)
	at com.kms.katalon.core.keyword.BuiltinKeywords.callTestCase(BuiltinKeywords.groovy:350)
	at sun.reflect.GeneratedMethodAccessor16.invoke(Unknown Source)
	at sun.reflect.DelegatingMethodAccessorImpl.invoke(DelegatingMethodAccessorImpl.java:43)
	at java.lang.reflect.Method.invoke(Method.java:498)
	at org.codehaus.groovy.reflection.CachedMethod.invoke(CachedMethod.java:93)
	at groovy.lang.MetaMethod.doMethodInvoke(MetaMethod.java:325)
	at groovy.lang.MetaClassImpl.invokeStaticMethod(MetaClassImpl.java:1469)
	at org.codehaus.groovy.runtime.callsite.StaticMetaClassSite.call(StaticMetaClassSite.java:53)
	at org.codehaus.groovy.runtime.callsite.CallSiteArray.defaultCall(CallSiteArray.java:48)
	at org.codehaus.groovy.runtime.callsite.AbstractCallSite.call(AbstractCallSite.java:113)
	at org.codehaus.groovy.runtime.callsite.AbstractCallSite.call(AbstractCallSite.java:133)
	at Script1534503334203.run(Script1534503334203.groovy:26)
	at com.kms.katalon.core.main.ScriptEngine.run(ScriptEngine.java:183)
	at com.kms.katalon.core.main.ScriptEngine.runScriptAsRawText(ScriptEngine.java:108)
	at com.kms.katalon.core.main.TestCaseExecutor.runScript(TestCaseExecutor.java:294)
	at com.kms.katalon.core.main.TestCaseExecutor.doExecute(TestCaseExecutor.java:285)
	at com.kms.katalon.core.main.TestCaseExecutor.processExecutionPhase(TestCaseExecutor.java:264)
	at com.kms.katalon.core.main.TestCaseExecutor.accessMainPhase(TestCaseExecutor.java:256)
	at com.kms.katalon.core.main.TestCaseExecutor.execute(TestCaseExecutor.java:200)
	at com.kms.katalon.core.main.TestSuiteExecutor.accessTestCaseMainPhase(TestSuiteExecutor.java:129)
	at com.kms.katalon.core.main.TestSuiteExecutor.accessTestSuiteMainPhase(TestSuiteExecutor.java:112)
	at com.kms.katalon.core.main.TestSuiteExecutor.execute(TestSuiteExecutor.java:81)
	at com.kms.katalon.core.main.TestCaseMain.startTestSuite(TestCaseMain.java:142)
	at com.kms.katalon.core.main.TestCaseMain$startTestSuite$0.call(Unknown Source)
	at org.codehaus.groovy.runtime.callsite.CallSiteArray.defaultCall(CallSiteArray.java:48)
	at org.codehaus.groovy.runtime.callsite.AbstractCallSite.call(AbstractCallSite.java:113)
	at org.codehaus.groovy.runtime.callsite.AbstractCallSite.call(AbstractCallSite.java:141)
	at TempTestSuite1537003942876.run(TempTestSuite1537003942876.groovy:36)
	at groovy.lang.GroovyShell.runScriptOrMainOrTestOrRunnable(GroovyShell.java:263)
	at groovy.lang.GroovyShell.run(GroovyShell.java:518)
	at groovy.lang.GroovyShell.run(GroovyShell.java:507)
	at groovy.ui.GroovyMain.processOnce(GroovyMain.java:653)
	at groovy.ui.GroovyMain.run(GroovyMain.java:384)
	at groovy.ui.GroovyMain.process(GroovyMain.java:370)
	at groovy.ui.GroovyMain.processArgs(GroovyMain.java:129)
	at groovy.ui.GroovyMain.main(GroovyMain.java:109)
	at sun.reflect.NativeMethodAccessorImpl.invoke0(Native Method)
	at sun.reflect.NativeMethodAccessorImpl.invoke(NativeMethodAccessorImpl.java:62)
	at sun.reflect.DelegatingMethodAccessorImpl.invoke(DelegatingMethodAccessorImpl.java:43)
	at java.lang.reflect.Method.invoke(Method.java:498)
	at org.codehaus.groovy.tools.GroovyStarter.rootLoader(GroovyStarter.java:109)
	at org.codehaus.groovy.tools.GroovyStarter.main(GroovyStarter.java:131)
)"/>
         <system-out><![CDATA[2018-09-15 10:47:07 - [TEST_CASE][FAILED] - Test Cases/completed/TestCase3_FilterLinkLog/tagAndCount: Test Cases/completed/TestCase3_FilterLinkLog/tagAndCount FAILED because (of) (Stack trace: com.kms.katalon.core.exception.StepFailedException: Unable to click on object 'Object Repository/LinkLogFilter/FilterButton' (Root cause: org.openqa.selenium.WebDriverException: unknown error: Element <div class="filter-btn">...</div> is not clickable at point (383, 102). Other element would receive the click: <div class="loader-screen">...</div>
  (Session info: chrome=69.0.3497.92)
  (Driver info: chromedriver=2.35.528161 (5b82f2d2aae0ca24b877009200ced9065a772e73),platform=Windows NT 10.0.17134 x86_64) (WARNING: The server did not provide any stacktrace information)
Command duration or timeout: 0 milliseconds
Build info: version: '3.7.1', revision: '8a0099a', time: '2017-11-06T21:07:36.161Z'
System info: host: 'DESKTOP-D4528LJ', ip: '10.6.8.31', os.name: 'Windows 10', os.arch: 'amd64', os.version: '10.0', java.version: '1.8.0_181'
Driver info: com.kms.katalon.selenium.driver.CChromeDriver
Capabilities {acceptInsecureCerts: false, acceptSslCerts: false, applicationCacheEnabled: false, browserConnectionEnabled: false, browserName: chrome, chrome: {chromedriverVersion: 2.35.528161 (5b82f2d2aae0ca..., userDataDir: C:\Users\Kaushal\AppData\Lo...}, cssSelectorsEnabled: true, databaseEnabled: false, handlesAlerts: true, hasTouchScreen: false, javascriptEnabled: true, locationContextEnabled: true, mobileEmulationEnabled: false, nativeEvents: true, networkConnectionEnabled: false, pageLoadStrategy: normal, platform: XP, platformName: XP, rotatable: false, setWindowRect: true, takesHeapSnapshot: true, takesScreenshot: true, unexpectedAlertBehaviour: , unhandledPromptBehavior: , version: 69.0.3497.92, webStorageEnabled: true}
Session ID: 826ebffa112a5181d8d20a5f0564077e)
	at com.kms.katalon.core.keyword.internal.KeywordMain.stepFailed(KeywordMain.groovy:36)
	at com.kms.katalon.core.webui.keyword.internal.WebUIKeywordMain.stepFailed(WebUIKeywordMain.groovy:65)
	at com.kms.katalon.core.webui.keyword.internal.WebUIKeywordMain.runKeyword(WebUIKeywordMain.groovy:27)
	at com.kms.katalon.core.webui.keyword.builtin.ClickKeyword.click(ClickKeyword.groovy:86)
	at com.kms.katalon.core.webui.keyword.builtin.ClickKeyword.execute(ClickKeyword.groovy:67)
	at com.kms.katalon.core.keyword.internal.KeywordExecutor.executeKeywordForPlatform(KeywordExecutor.groovy:53)
	at com.kms.katalon.core.webui.keyword.WebUiBuiltInKeywords.click(WebUiBuiltInKeywords.groovy:616)
	at com.kms.katalon.core.webui.keyword.WebUiBuiltInKeywords$click$2.call(Unknown Source)
	at org.codehaus.groovy.runtime.callsite.CallSiteArray.defaultCall(CallSiteArray.java:48)
	at org.codehaus.groovy.runtime.callsite.AbstractCallSite.call(AbstractCallSite.java:113)
	at org.codehaus.groovy.runtime.callsite.AbstractCallSite.call(AbstractCallSite.java:125)
	at Script1535970150594.run(Script1535970150594.groovy:56)
	at com.kms.katalon.core.main.ScriptEngine.run(ScriptEngine.java:183)
	at com.kms.katalon.core.main.ScriptEngine.runScriptAsRawText(ScriptEngine.java:108)
	at com.kms.katalon.core.main.TestCaseExecutor.runScript(TestCaseExecutor.java:294)
	at com.kms.katalon.core.main.TestCaseExecutor.doExecute(TestCaseExecutor.java:285)
	at com.kms.katalon.core.main.TestCaseExecutor.processExecutionPhase(TestCaseExecutor.java:264)
	at com.kms.katalon.core.main.TestCaseExecutor.accessMainPhase(TestCaseExecutor.java:256)
	at com.kms.katalon.core.main.TestCaseExecutor.execute(TestCaseExecutor.java:200)
	at com.kms.katalon.core.main.TestCaseMain.runTestCase(TestCaseMain.java:99)
	at com.kms.katalon.core.keyword.builtin.CallTestCaseKeyword$_callTestCase_closure1.doCall(CallTestCaseKeyword.groovy:60)
	at com.kms.katalon.core.keyword.builtin.CallTestCaseKeyword$_callTestCase_closure1.call(CallTestCaseKeyword.groovy)
	at com.kms.katalon.core.keyword.internal.KeywordMain.runKeyword(KeywordMain.groovy:54)
	at com.kms.katalon.core.keyword.builtin.CallTestCaseKeyword.callTestCase(CallTestCaseKeyword.groovy:81)
	at com.kms.katalon.core.keyword.builtin.CallTestCaseKeyword.execute(CallTestCaseKeyword.groovy:45)
	at com.kms.katalon.core.keyword.internal.KeywordExecutor.executeKeywordForPlatform(KeywordExecutor.groovy:53)
	at com.kms.katalon.core.keyword.BuiltinKeywords.callTestCase(BuiltinKeywords.groovy:350)
	at sun.reflect.GeneratedMethodAccessor16.invoke(Unknown Source)
	at sun.reflect.DelegatingMethodAccessorImpl.invoke(DelegatingMethodAccessorImpl.java:43)
	at java.lang.reflect.Method.invoke(Method.java:498)
	at org.codehaus.groovy.reflection.CachedMethod.invoke(CachedMethod.java:93)
	at groovy.lang.MetaMethod.doMethodInvoke(MetaMethod.java:325)
	at groovy.lang.MetaClassImpl.invokeStaticMethod(MetaClassImpl.java:1469)
	at org.codehaus.groovy.runtime.callsite.StaticMetaClassSite.call(StaticMetaClassSite.java:53)
	at org.codehaus.groovy.runtime.callsite.CallSiteArray.defaultCall(CallSiteArray.java:48)
	at org.codehaus.groovy.runtime.callsite.AbstractCallSite.call(AbstractCallSite.java:113)
	at org.codehaus.groovy.runtime.callsite.AbstractCallSite.call(AbstractCallSite.java:133)
	at Script1534503334203.run(Script1534503334203.groovy:26)
	at com.kms.katalon.core.main.ScriptEngine.run(ScriptEngine.java:183)
	at com.kms.katalon.core.main.ScriptEngine.runScriptAsRawText(ScriptEngine.java:108)
	at com.kms.katalon.core.main.TestCaseExecutor.runScript(TestCaseExecutor.java:294)
	at com.kms.katalon.core.main.TestCaseExecutor.doExecute(TestCaseExecutor.java:285)
	at com.kms.katalon.core.main.TestCaseExecutor.processExecutionPhase(TestCaseExecutor.java:264)
	at com.kms.katalon.core.main.TestCaseExecutor.accessMainPhase(TestCaseExecutor.java:256)
	at com.kms.katalon.core.main.TestCaseExecutor.execute(TestCaseExecutor.java:200)
	at com.kms.katalon.core.main.TestSuiteExecutor.accessTestCaseMainPhase(TestSuiteExecutor.java:129)
	at com.kms.katalon.core.main.TestSuiteExecutor.accessTestSuiteMainPhase(TestSuiteExecutor.java:112)
	at com.kms.katalon.core.main.TestSuiteExecutor.execute(TestSuiteExecutor.java:81)
	at com.kms.katalon.core.main.TestCaseMain.startTestSuite(TestCaseMain.java:142)
	at com.kms.katalon.core.main.TestCaseMain$startTestSuite$0.call(Unknown Source)
	at org.codehaus.groovy.runtime.callsite.CallSiteArray.defaultCall(CallSiteArray.java:48)
	at org.codehaus.groovy.runtime.callsite.AbstractCallSite.call(AbstractCallSite.java:113)
	at org.codehaus.groovy.runtime.callsite.AbstractCallSite.call(AbstractCallSite.java:141)
	at TempTestSuite1537003942876.run(TempTestSuite1537003942876.groovy:36)
	at groovy.lang.GroovyShell.runScriptOrMainOrTestOrRunnable(GroovyShell.java:263)
	at groovy.lang.GroovyShell.run(GroovyShell.java:518)
	at groovy.lang.GroovyShell.run(GroovyShell.java:507)
	at groovy.ui.GroovyMain.processOnce(GroovyMain.java:653)
	at groovy.ui.GroovyMain.run(GroovyMain.java:384)
	at groovy.ui.GroovyMain.process(GroovyMain.java:370)
	at groovy.ui.GroovyMain.processArgs(GroovyMain.java:129)
	at groovy.ui.GroovyMain.main(GroovyMain.java:109)
	at sun.reflect.NativeMethodAccessorImpl.invoke0(Native Method)
	at sun.reflect.NativeMethodAccessorImpl.invoke(NativeMethodAccessorImpl.java:62)
	at sun.reflect.DelegatingMethodAccessorImpl.invoke(DelegatingMethodAccessorImpl.java:43)
	at java.lang.reflect.Method.invoke(Method.java:498)
	at org.codehaus.groovy.tools.GroovyStarter.rootLoader(GroovyStarter.java:109)
	at org.codehaus.groovy.tools.GroovyStarter.main(GroovyStarter.java:131)
)

2018-09-15 10:47:07 - [TEST_STEP][PASSED] - callTestCase: Call Test Case 'Test Cases/BVT/aSimple_Login' successfully

2018-09-15 10:47:07 - [TEST_CASE][PASSED] - Test Cases/BVT/aSimple_Login: Test Cases/BVT/aSimple_Login

2018-09-15 10:47:07 - [TEST_STEP][PASSED] - openBrowser: Browser is opened with url: ''

2018-09-15 10:47:07 - [MESSAGE][WARNING] - A browser is already opened. Closing browser and opening a new one

2018-09-15 10:47:10 - [MESSAGE][PASSED] - Browser is opened with url: ''

2018-09-15 10:47:10 - [TEST_STEP][PASSED] - maximizeWindow: Current window maximized

2018-09-15 10:47:11 - [MESSAGE][PASSED] - Current window maximized

2018-09-15 10:47:11 - [TEST_STEP][PASSED] - navigateToUrl: Navigate to 'https://dev.vcalling.in/enterprises/UAT/Dashboard/index.html' successfully

2018-09-15 10:47:14 - [MESSAGE][PASSED] - Navigate to 'https://dev.vcalling.in/enterprises/UAT/Dashboard/index.html' successfully

2018-09-15 10:47:14 - [TEST_STEP][PASSED] - setText: Text 'testing4dea@gmail.com' is set on object 'Object Repository/Login/UserId'

2018-09-15 10:47:15 - [MESSAGE][PASSED] - Text 'testing4dea@gmail.com' is set on object 'Object Repository/Login/UserId'

2018-09-15 10:47:15 - [TEST_STEP][PASSED] - click: Object: 'Object Repository/Login/div_GET OTP' is clicked on

2018-09-15 10:47:15 - [MESSAGE][PASSED] - Object: 'Object Repository/Login/div_GET OTP' is clicked on

2018-09-15 10:47:15 - [TEST_STEP][PASSED] - waitForElementPresent: Object 'Object Repository/Login/div_SUBMIT' is present

2018-09-15 10:47:17 - [MESSAGE][PASSED] - Object 'Object Repository/Login/div_SUBMIT' is present

2018-09-15 10:47:17 - [TEST_STEP][PASSED] - Statement - If (com.kms.katalon.core.webui.keyword.WebUiBuiltInKeywords.verifyElementNotPresent(com.kms.katalon.core.testobject.ObjectRepository.findTestObject(Login/div_SUBMIT), 5, OPTIONAL)): Web element with id: 'Object Repository/Login/div_SUBMIT' located by 'By.xpath: //div[(text() = ' SUBMIT ' or . = ' SUBMIT ')]' is present after '5' second(s)

2018-09-15 10:47:22 - [MESSAGE][WARNING] - Web element with id: 'Object Repository/Login/div_SUBMIT' located by 'By.xpath: //div[(text() = ' SUBMIT ' or . = ' SUBMIT ')]' is present after '5' second(s)
[[ATTACHMENT|C:\\Users\\Kaushal\\Desktop\\Katalon Studio\\vCallingDashboard\\Reports\\RegressionSuite\\20180915_103222\\1537004842167.png]]

2018-09-15 10:47:22 - [TEST_STEP][PASSED] - Statement - sleep(5000): null

2018-09-15 10:47:27 - [TEST_STEP][PASSED] - Statement - OTP = getOTP(): null

2018-09-15 10:47:27 - [TEST_STEP][PASSED] - Statement - host = "imap.gmail.com": null

2018-09-15 10:47:27 - [TEST_STEP][PASSED] - Statement - msg = <not implemented yet for class: org.codehaus.groovy.ast.expr.EmptyExpression>: null

2018-09-15 10:47:27 - [TEST_STEP][PASSED] - Statement - msgSub = <not implemented yet for class: org.codehaus.groovy.ast.expr.EmptyExpression>: null

2018-09-15 10:47:27 - [TEST_STEP][PASSED] - Statement - OTP = "unavailable": null

2018-09-15 10:47:27 - [TEST_STEP][PASSED] - Statement - props = new java.util.Properties(): null

2018-09-15 10:47:27 - [TEST_STEP][PASSED] - Statement - props.setProperty("mail.imap.ssl.enable", "true"): null

2018-09-15 10:47:27 - [TEST_STEP][PASSED] - Statement - session = javax.mail.Session.getInstance(props): null

2018-09-15 10:47:27 - [TEST_STEP][PASSED] - Statement - store = <not implemented yet for class: org.codehaus.groovy.ast.expr.EmptyExpression>: null

2018-09-15 10:47:27 - [TEST_STEP][PASSED] - Statement - Try: null

2018-09-15 10:47:27 - [TEST_STEP][PASSED] - Statement - store = session.getStore("imap"): null

2018-09-15 10:47:27 - [TEST_STEP][PASSED] - Statement - store.connect(host, Email, Password): null

2018-09-15 10:47:30 - [TEST_STEP][PASSED] - Statement - emailFolder = store.getFolder("INBOX"): null

2018-09-15 10:47:30 - [TEST_STEP][PASSED] - Statement - emailFolder.open(READ_WRITE): null

2018-09-15 10:47:31 - [TEST_STEP][PASSED] - Statement - messages = emailFolder.getMessages(): null

2018-09-15 10:47:31 - [TEST_STEP][PASSED] - Statement - n = length: null

2018-09-15 10:47:31 - [TEST_STEP][PASSED] - Statement - message = messages[n - 1]: null

2018-09-15 10:47:31 - [TEST_STEP][PASSED] - Statement - msgSub = message.getSubject(): null

2018-09-15 10:47:31 - [TEST_STEP][PASSED] - Statement - If (msgSub.equals("OTP to Sign In")): null

2018-09-15 10:47:31 - [TEST_STEP][PASSED] - Statement - msg = message.getContent().toString(): null

2018-09-15 10:47:33 - [TEST_STEP][PASSED] - Statement - OTP = msg.substring(msg.length() - 7): null

2018-09-15 10:47:33 - [TEST_STEP][PASSED] - Statement - message.setFlag(DELETED, true): null

2018-09-15 10:47:33 - [TEST_STEP][PASSED] - Statement - emailFolder.close(true): null

2018-09-15 10:47:34 - [TEST_STEP][PASSED] - Statement - store.close(): null

2018-09-15 10:47:34 - [TEST_STEP][PASSED] - Statement - return OTP: null

2018-09-15 10:47:34 - [TEST_STEP][PASSED] - Statement - If (OTP.equals("unavailable")): null

2018-09-15 10:47:34 - [TEST_STEP][PASSED] - Statement - Else: Text 'r9163
' is set on object 'Object Repository/Login/OtpInput'

2018-09-15 10:47:34 - [TEST_STEP][PASSED] - setText: Text 'r9163
' is set on object 'Object Repository/Login/OtpInput'

2018-09-15 10:47:34 - [MESSAGE][PASSED] - Text 'r9163
' is set on object 'Object Repository/Login/OtpInput'

2018-09-15 10:47:34 - [TEST_STEP][PASSED] - verifyElementPresent: Object 'Object Repository/Login/afterOpenDisplay' is present

2018-09-15 10:47:36 - [MESSAGE][PASSED] - Object 'Object Repository/Login/afterOpenDisplay' is present

2018-09-15 10:47:36 - [MESSAGE][PASSED] - Call Test Case 'Test Cases/BVT/aSimple_Login' successfully

2018-09-15 10:47:36 - [TEST_STEP][FAILED] - callTestCase: Unable to call Test Case with id 'Test Cases/commonFunctionality/tagsAndCountFilters' (Root cause: Call Test Case 'Test Cases/commonFunctionality/tagsAndCountFilters' failed)

2018-09-15 10:47:36 - [TEST_CASE][FAILED] - Test Cases/commonFunctionality/tagsAndCountFilters: Test Cases/commonFunctionality/tagsAndCountFilters FAILED because (of) (Stack trace: com.kms.katalon.core.exception.StepFailedException: Unable to click on object 'Object Repository/LinkLogFilter/FilterButton' (Root cause: org.openqa.selenium.WebDriverException: unknown error: Element <div class="filter-btn">...</div> is not clickable at point (383, 102). Other element would receive the click: <div class="loader-screen">...</div>
  (Session info: chrome=69.0.3497.92)
  (Driver info: chromedriver=2.35.528161 (5b82f2d2aae0ca24b877009200ced9065a772e73),platform=Windows NT 10.0.17134 x86_64) (WARNING: The server did not provide any stacktrace information)
Command duration or timeout: 0 milliseconds
Build info: version: '3.7.1', revision: '8a0099a', time: '2017-11-06T21:07:36.161Z'
System info: host: 'DESKTOP-D4528LJ', ip: '10.6.8.31', os.name: 'Windows 10', os.arch: 'amd64', os.version: '10.0', java.version: '1.8.0_181'
Driver info: com.kms.katalon.selenium.driver.CChromeDriver
Capabilities {acceptInsecureCerts: false, acceptSslCerts: false, applicationCacheEnabled: false, browserConnectionEnabled: false, browserName: chrome, chrome: {chromedriverVersion: 2.35.528161 (5b82f2d2aae0ca..., userDataDir: C:\Users\Kaushal\AppData\Lo...}, cssSelectorsEnabled: true, databaseEnabled: false, handlesAlerts: true, hasTouchScreen: false, javascriptEnabled: true, locationContextEnabled: true, mobileEmulationEnabled: false, nativeEvents: true, networkConnectionEnabled: false, pageLoadStrategy: normal, platform: XP, platformName: XP, rotatable: false, setWindowRect: true, takesHeapSnapshot: true, takesScreenshot: true, unexpectedAlertBehaviour: , unhandledPromptBehavior: , version: 69.0.3497.92, webStorageEnabled: true}
Session ID: 826ebffa112a5181d8d20a5f0564077e)
	at com.kms.katalon.core.keyword.internal.KeywordMain.stepFailed(KeywordMain.groovy:36)
	at com.kms.katalon.core.webui.keyword.internal.WebUIKeywordMain.stepFailed(WebUIKeywordMain.groovy:65)
	at com.kms.katalon.core.webui.keyword.internal.WebUIKeywordMain.runKeyword(WebUIKeywordMain.groovy:27)
	at com.kms.katalon.core.webui.keyword.builtin.ClickKeyword.click(ClickKeyword.groovy:86)
	at com.kms.katalon.core.webui.keyword.builtin.ClickKeyword.execute(ClickKeyword.groovy:67)
	at com.kms.katalon.core.keyword.internal.KeywordExecutor.executeKeywordForPlatform(KeywordExecutor.groovy:53)
	at com.kms.katalon.core.webui.keyword.WebUiBuiltInKeywords.click(WebUiBuiltInKeywords.groovy:616)
	at com.kms.katalon.core.webui.keyword.WebUiBuiltInKeywords$click$2.call(Unknown Source)
	at org.codehaus.groovy.runtime.callsite.CallSiteArray.defaultCall(CallSiteArray.java:48)
	at org.codehaus.groovy.runtime.callsite.AbstractCallSite.call(AbstractCallSite.java:113)
	at org.codehaus.groovy.runtime.callsite.AbstractCallSite.call(AbstractCallSite.java:125)
	at Script1535970150594.run(Script1535970150594.groovy:56)
	at com.kms.katalon.core.main.ScriptEngine.run(ScriptEngine.java:183)
	at com.kms.katalon.core.main.ScriptEngine.runScriptAsRawText(ScriptEngine.java:108)
	at com.kms.katalon.core.main.TestCaseExecutor.runScript(TestCaseExecutor.java:294)
	at com.kms.katalon.core.main.TestCaseExecutor.doExecute(TestCaseExecutor.java:285)
	at com.kms.katalon.core.main.TestCaseExecutor.processExecutionPhase(TestCaseExecutor.java:264)
	at com.kms.katalon.core.main.TestCaseExecutor.accessMainPhase(TestCaseExecutor.java:256)
	at com.kms.katalon.core.main.TestCaseExecutor.execute(TestCaseExecutor.java:200)
	at com.kms.katalon.core.main.TestCaseMain.runTestCase(TestCaseMain.java:99)
	at com.kms.katalon.core.keyword.builtin.CallTestCaseKeyword$_callTestCase_closure1.doCall(CallTestCaseKeyword.groovy:60)
	at com.kms.katalon.core.keyword.builtin.CallTestCaseKeyword$_callTestCase_closure1.call(CallTestCaseKeyword.groovy)
	at com.kms.katalon.core.keyword.internal.KeywordMain.runKeyword(KeywordMain.groovy:54)
	at com.kms.katalon.core.keyword.builtin.CallTestCaseKeyword.callTestCase(CallTestCaseKeyword.groovy:81)
	at com.kms.katalon.core.keyword.builtin.CallTestCaseKeyword.execute(CallTestCaseKeyword.groovy:45)
	at com.kms.katalon.core.keyword.internal.KeywordExecutor.executeKeywordForPlatform(KeywordExecutor.groovy:53)
	at com.kms.katalon.core.keyword.BuiltinKeywords.callTestCase(BuiltinKeywords.groovy:350)
	at sun.reflect.GeneratedMethodAccessor16.invoke(Unknown Source)
	at sun.reflect.DelegatingMethodAccessorImpl.invoke(DelegatingMethodAccessorImpl.java:43)
	at java.lang.reflect.Method.invoke(Method.java:498)
	at org.codehaus.groovy.reflection.CachedMethod.invoke(CachedMethod.java:93)
	at groovy.lang.MetaMethod.doMethodInvoke(MetaMethod.java:325)
	at groovy.lang.MetaClassImpl.invokeStaticMethod(MetaClassImpl.java:1469)
	at org.codehaus.groovy.runtime.callsite.StaticMetaClassSite.call(StaticMetaClassSite.java:53)
	at org.codehaus.groovy.runtime.callsite.CallSiteArray.defaultCall(CallSiteArray.java:48)
	at org.codehaus.groovy.runtime.callsite.AbstractCallSite.call(AbstractCallSite.java:113)
	at org.codehaus.groovy.runtime.callsite.AbstractCallSite.call(AbstractCallSite.java:133)
	at Script1534503334203.run(Script1534503334203.groovy:26)
	at com.kms.katalon.core.main.ScriptEngine.run(ScriptEngine.java:183)
	at com.kms.katalon.core.main.ScriptEngine.runScriptAsRawText(ScriptEngine.java:108)
	at com.kms.katalon.core.main.TestCaseExecutor.runScript(TestCaseExecutor.java:294)
	at com.kms.katalon.core.main.TestCaseExecutor.doExecute(TestCaseExecutor.java:285)
	at com.kms.katalon.core.main.TestCaseExecutor.processExecutionPhase(TestCaseExecutor.java:264)
	at com.kms.katalon.core.main.TestCaseExecutor.accessMainPhase(TestCaseExecutor.java:256)
	at com.kms.katalon.core.main.TestCaseExecutor.execute(TestCaseExecutor.java:200)
	at com.kms.katalon.core.main.TestSuiteExecutor.accessTestCaseMainPhase(TestSuiteExecutor.java:129)
	at com.kms.katalon.core.main.TestSuiteExecutor.accessTestSuiteMainPhase(TestSuiteExecutor.java:112)
	at com.kms.katalon.core.main.TestSuiteExecutor.execute(TestSuiteExecutor.java:81)
	at com.kms.katalon.core.main.TestCaseMain.startTestSuite(TestCaseMain.java:142)
	at com.kms.katalon.core.main.TestCaseMain$startTestSuite$0.call(Unknown Source)
	at org.codehaus.groovy.runtime.callsite.CallSiteArray.defaultCall(CallSiteArray.java:48)
	at org.codehaus.groovy.runtime.callsite.AbstractCallSite.call(AbstractCallSite.java:113)
	at org.codehaus.groovy.runtime.callsite.AbstractCallSite.call(AbstractCallSite.java:141)
	at TempTestSuite1537003942876.run(TempTestSuite1537003942876.groovy:36)
	at groovy.lang.GroovyShell.runScriptOrMainOrTestOrRunnable(GroovyShell.java:263)
	at groovy.lang.GroovyShell.run(GroovyShell.java:518)
	at groovy.lang.GroovyShell.run(GroovyShell.java:507)
	at groovy.ui.GroovyMain.processOnce(GroovyMain.java:653)
	at groovy.ui.GroovyMain.run(GroovyMain.java:384)
	at groovy.ui.GroovyMain.process(GroovyMain.java:370)
	at groovy.ui.GroovyMain.processArgs(GroovyMain.java:129)
	at groovy.ui.GroovyMain.main(GroovyMain.java:109)
	at sun.reflect.NativeMethodAccessorImpl.invoke0(Native Method)
	at sun.reflect.NativeMethodAccessorImpl.invoke(NativeMethodAccessorImpl.java:62)
	at sun.reflect.DelegatingMethodAccessorImpl.invoke(DelegatingMethodAccessorImpl.java:43)
	at java.lang.reflect.Method.invoke(Method.java:498)
	at org.codehaus.groovy.tools.GroovyStarter.rootLoader(GroovyStarter.java:109)
	at org.codehaus.groovy.tools.GroovyStarter.main(GroovyStarter.java:131)
)

2018-09-15 10:47:36 - [TEST_STEP][PASSED] - click: Object: 'Object Repository/LinkLogFilter/FilterButton' is clicked on

2018-09-15 10:47:36 - [MESSAGE][PASSED] - Object: 'Object Repository/LinkLogFilter/FilterButton' is clicked on

2018-09-15 10:47:36 - [TEST_STEP][PASSED] - Statement - If (com.kms.katalon.core.webui.keyword.WebUiBuiltInKeywords.verifyElementPresent(com.kms.katalon.core.testobject.ObjectRepository.findTestObject(filter/filterContainer), 5, OPTIONAL)): null

2018-09-15 10:47:36 - [MESSAGE][PASSED] - Object 'Object Repository/filter/filterContainer' is present

2018-09-15 10:47:36 - [TEST_STEP][PASSED] - Statement - println("open filter POP Up successful"): null

2018-09-15 10:47:36 - [TEST_STEP][PASSED] - setText: Text 'P' is set on object 'Object Repository/LinkLogFilter/TagFilter'

2018-09-15 10:47:36 - [MESSAGE][PASSED] - Text 'P' is set on object 'Object Repository/LinkLogFilter/TagFilter'

2018-09-15 10:47:36 - [TEST_STEP][PASSED] - setText: Text '0' is set on object 'Object Repository/LinkLogFilter/openLinkCount'

2018-09-15 10:47:37 - [MESSAGE][PASSED] - Text '0' is set on object 'Object Repository/LinkLogFilter/openLinkCount'

2018-09-15 10:47:37 - [TEST_STEP][PASSED] - click: Object: 'Object Repository/LinkLogFilter/innerFilterButton' is clicked on

2018-09-15 10:47:37 - [MESSAGE][PASSED] - Object: 'Object Repository/LinkLogFilter/innerFilterButton' is clicked on

2018-09-15 10:47:37 - [TEST_STEP][PASSED] - delay: Delayed 5 second(s)

2018-09-15 10:47:42 - [MESSAGE][PASSED] - Delayed 5 second(s)

2018-09-15 10:47:42 - [TEST_STEP][FAILED] - click: Unable to click on object 'Object Repository/LinkLogFilter/FilterButton' (Root cause: org.openqa.selenium.WebDriverException: unknown error: Element <div class="filter-btn">...</div> is not clickable at point (383, 102). Other element would receive the click: <div class="loader-screen">...</div>
  (Session info: chrome=69.0.3497.92)
  (Driver info: chromedriver=2.35.528161 (5b82f2d2aae0ca24b877009200ced9065a772e73),platform=Windows NT 10.0.17134 x86_64) (WARNING: The server did not provide any stacktrace information)
Command duration or timeout: 0 milliseconds
Build info: version: '3.7.1', revision: '8a0099a', time: '2017-11-06T21:07:36.161Z'
System info: host: 'DESKTOP-D4528LJ', ip: '10.6.8.31', os.name: 'Windows 10', os.arch: 'amd64', os.version: '10.0', java.version: '1.8.0_181'
Driver info: com.kms.katalon.selenium.driver.CChromeDriver
Capabilities {acceptInsecureCerts: false, acceptSslCerts: false, applicationCacheEnabled: false, browserConnectionEnabled: false, browserName: chrome, chrome: {chromedriverVersion: 2.35.528161 (5b82f2d2aae0ca..., userDataDir: C:\Users\Kaushal\AppData\Lo...}, cssSelectorsEnabled: true, databaseEnabled: false, handlesAlerts: true, hasTouchScreen: false, javascriptEnabled: true, locationContextEnabled: true, mobileEmulationEnabled: false, nativeEvents: true, networkConnectionEnabled: false, pageLoadStrategy: normal, platform: XP, platformName: XP, rotatable: false, setWindowRect: true, takesHeapSnapshot: true, takesScreenshot: true, unexpectedAlertBehaviour: , unhandledPromptBehavior: , version: 69.0.3497.92, webStorageEnabled: true}
Session ID: 826ebffa112a5181d8d20a5f0564077e)

2018-09-15 10:47:42 - [MESSAGE][FAILED] - Unable to click on object 'Object Repository/LinkLogFilter/FilterButton' (Root cause: org.openqa.selenium.WebDriverException: unknown error: Element <div class="filter-btn">...</div> is not clickable at point (383, 102). Other element would receive the click: <div class="loader-screen">...</div>
  (Session info: chrome=69.0.3497.92)
  (Driver info: chromedriver=2.35.528161 (5b82f2d2aae0ca24b877009200ced9065a772e73),platform=Windows NT 10.0.17134 x86_64) (WARNING: The server did not provide any stacktrace information)
Command duration or timeout: 0 milliseconds
Build info: version: '3.7.1', revision: '8a0099a', time: '2017-11-06T21:07:36.161Z'
System info: host: 'DESKTOP-D4528LJ', ip: '10.6.8.31', os.name: 'Windows 10', os.arch: 'amd64', os.version: '10.0', java.version: '1.8.0_181'
Driver info: com.kms.katalon.selenium.driver.CChromeDriver
Capabilities {acceptInsecureCerts: false, acceptSslCerts: false, applicationCacheEnabled: false, browserConnectionEnabled: false, browserName: chrome, chrome: {chromedriverVersion: 2.35.528161 (5b82f2d2aae0ca..., userDataDir: C:\Users\Kaushal\AppData\Lo...}, cssSelectorsEnabled: true, databaseEnabled: false, handlesAlerts: true, hasTouchScreen: false, javascriptEnabled: true, locationContextEnabled: true, mobileEmulationEnabled: false, nativeEvents: true, networkConnectionEnabled: false, pageLoadStrategy: normal, platform: XP, platformName: XP, rotatable: false, setWindowRect: true, takesHeapSnapshot: true, takesScreenshot: true, unexpectedAlertBehaviour: , unhandledPromptBehavior: , version: 69.0.3497.92, webStorageEnabled: true}
Session ID: 826ebffa112a5181d8d20a5f0564077e)
[[ATTACHMENT|C:\\Users\\Kaushal\\Desktop\\Katalon Studio\\vCallingDashboard\\Reports\\RegressionSuite\\20180915_103222\\1537004862332.png]]

2018-09-15 10:47:42 - [MESSAGE][FAILED] - Unable to call Test Case with id 'Test Cases/commonFunctionality/tagsAndCountFilters' (Root cause: Call Test Case 'Test Cases/commonFunctionality/tagsAndCountFilters' failed)]]></system-out>
         <system-err><![CDATA[2018-09-15 10:47:07 - [TEST_CASE][FAILED] - Test Cases/completed/TestCase3_FilterLinkLog/tagAndCount: Test Cases/completed/TestCase3_FilterLinkLog/tagAndCount FAILED because (of) (Stack trace: com.kms.katalon.core.exception.StepFailedException: Unable to click on object 'Object Repository/LinkLogFilter/FilterButton' (Root cause: org.openqa.selenium.WebDriverException: unknown error: Element <div class="filter-btn">...</div> is not clickable at point (383, 102). Other element would receive the click: <div class="loader-screen">...</div>
  (Session info: chrome=69.0.3497.92)
  (Driver info: chromedriver=2.35.528161 (5b82f2d2aae0ca24b877009200ced9065a772e73),platform=Windows NT 10.0.17134 x86_64) (WARNING: The server did not provide any stacktrace information)
Command duration or timeout: 0 milliseconds
Build info: version: '3.7.1', revision: '8a0099a', time: '2017-11-06T21:07:36.161Z'
System info: host: 'DESKTOP-D4528LJ', ip: '10.6.8.31', os.name: 'Windows 10', os.arch: 'amd64', os.version: '10.0', java.version: '1.8.0_181'
Driver info: com.kms.katalon.selenium.driver.CChromeDriver
Capabilities {acceptInsecureCerts: false, acceptSslCerts: false, applicationCacheEnabled: false, browserConnectionEnabled: false, browserName: chrome, chrome: {chromedriverVersion: 2.35.528161 (5b82f2d2aae0ca..., userDataDir: C:\Users\Kaushal\AppData\Lo...}, cssSelectorsEnabled: true, databaseEnabled: false, handlesAlerts: true, hasTouchScreen: false, javascriptEnabled: true, locationContextEnabled: true, mobileEmulationEnabled: false, nativeEvents: true, networkConnectionEnabled: false, pageLoadStrategy: normal, platform: XP, platformName: XP, rotatable: false, setWindowRect: true, takesHeapSnapshot: true, takesScreenshot: true, unexpectedAlertBehaviour: , unhandledPromptBehavior: , version: 69.0.3497.92, webStorageEnabled: true}
Session ID: 826ebffa112a5181d8d20a5f0564077e)
	at com.kms.katalon.core.keyword.internal.KeywordMain.stepFailed(KeywordMain.groovy:36)
	at com.kms.katalon.core.webui.keyword.internal.WebUIKeywordMain.stepFailed(WebUIKeywordMain.groovy:65)
	at com.kms.katalon.core.webui.keyword.internal.WebUIKeywordMain.runKeyword(WebUIKeywordMain.groovy:27)
	at com.kms.katalon.core.webui.keyword.builtin.ClickKeyword.click(ClickKeyword.groovy:86)
	at com.kms.katalon.core.webui.keyword.builtin.ClickKeyword.execute(ClickKeyword.groovy:67)
	at com.kms.katalon.core.keyword.internal.KeywordExecutor.executeKeywordForPlatform(KeywordExecutor.groovy:53)
	at com.kms.katalon.core.webui.keyword.WebUiBuiltInKeywords.click(WebUiBuiltInKeywords.groovy:616)
	at com.kms.katalon.core.webui.keyword.WebUiBuiltInKeywords$click$2.call(Unknown Source)
	at org.codehaus.groovy.runtime.callsite.CallSiteArray.defaultCall(CallSiteArray.java:48)
	at org.codehaus.groovy.runtime.callsite.AbstractCallSite.call(AbstractCallSite.java:113)
	at org.codehaus.groovy.runtime.callsite.AbstractCallSite.call(AbstractCallSite.java:125)
	at Script1535970150594.run(Script1535970150594.groovy:56)
	at com.kms.katalon.core.main.ScriptEngine.run(ScriptEngine.java:183)
	at com.kms.katalon.core.main.ScriptEngine.runScriptAsRawText(ScriptEngine.java:108)
	at com.kms.katalon.core.main.TestCaseExecutor.runScript(TestCaseExecutor.java:294)
	at com.kms.katalon.core.main.TestCaseExecutor.doExecute(TestCaseExecutor.java:285)
	at com.kms.katalon.core.main.TestCaseExecutor.processExecutionPhase(TestCaseExecutor.java:264)
	at com.kms.katalon.core.main.TestCaseExecutor.accessMainPhase(TestCaseExecutor.java:256)
	at com.kms.katalon.core.main.TestCaseExecutor.execute(TestCaseExecutor.java:200)
	at com.kms.katalon.core.main.TestCaseMain.runTestCase(TestCaseMain.java:99)
	at com.kms.katalon.core.keyword.builtin.CallTestCaseKeyword$_callTestCase_closure1.doCall(CallTestCaseKeyword.groovy:60)
	at com.kms.katalon.core.keyword.builtin.CallTestCaseKeyword$_callTestCase_closure1.call(CallTestCaseKeyword.groovy)
	at com.kms.katalon.core.keyword.internal.KeywordMain.runKeyword(KeywordMain.groovy:54)
	at com.kms.katalon.core.keyword.builtin.CallTestCaseKeyword.callTestCase(CallTestCaseKeyword.groovy:81)
	at com.kms.katalon.core.keyword.builtin.CallTestCaseKeyword.execute(CallTestCaseKeyword.groovy:45)
	at com.kms.katalon.core.keyword.internal.KeywordExecutor.executeKeywordForPlatform(KeywordExecutor.groovy:53)
	at com.kms.katalon.core.keyword.BuiltinKeywords.callTestCase(BuiltinKeywords.groovy:350)
	at sun.reflect.GeneratedMethodAccessor16.invoke(Unknown Source)
	at sun.reflect.DelegatingMethodAccessorImpl.invoke(DelegatingMethodAccessorImpl.java:43)
	at java.lang.reflect.Method.invoke(Method.java:498)
	at org.codehaus.groovy.reflection.CachedMethod.invoke(CachedMethod.java:93)
	at groovy.lang.MetaMethod.doMethodInvoke(MetaMethod.java:325)
	at groovy.lang.MetaClassImpl.invokeStaticMethod(MetaClassImpl.java:1469)
	at org.codehaus.groovy.runtime.callsite.StaticMetaClassSite.call(StaticMetaClassSite.java:53)
	at org.codehaus.groovy.runtime.callsite.CallSiteArray.defaultCall(CallSiteArray.java:48)
	at org.codehaus.groovy.runtime.callsite.AbstractCallSite.call(AbstractCallSite.java:113)
	at org.codehaus.groovy.runtime.callsite.AbstractCallSite.call(AbstractCallSite.java:133)
	at Script1534503334203.run(Script1534503334203.groovy:26)
	at com.kms.katalon.core.main.ScriptEngine.run(ScriptEngine.java:183)
	at com.kms.katalon.core.main.ScriptEngine.runScriptAsRawText(ScriptEngine.java:108)
	at com.kms.katalon.core.main.TestCaseExecutor.runScript(TestCaseExecutor.java:294)
	at com.kms.katalon.core.main.TestCaseExecutor.doExecute(TestCaseExecutor.java:285)
	at com.kms.katalon.core.main.TestCaseExecutor.processExecutionPhase(TestCaseExecutor.java:264)
	at com.kms.katalon.core.main.TestCaseExecutor.accessMainPhase(TestCaseExecutor.java:256)
	at com.kms.katalon.core.main.TestCaseExecutor.execute(TestCaseExecutor.java:200)
	at com.kms.katalon.core.main.TestSuiteExecutor.accessTestCaseMainPhase(TestSuiteExecutor.java:129)
	at com.kms.katalon.core.main.TestSuiteExecutor.accessTestSuiteMainPhase(TestSuiteExecutor.java:112)
	at com.kms.katalon.core.main.TestSuiteExecutor.execute(TestSuiteExecutor.java:81)
	at com.kms.katalon.core.main.TestCaseMain.startTestSuite(TestCaseMain.java:142)
	at com.kms.katalon.core.main.TestCaseMain$startTestSuite$0.call(Unknown Source)
	at org.codehaus.groovy.runtime.callsite.CallSiteArray.defaultCall(CallSiteArray.java:48)
	at org.codehaus.groovy.runtime.callsite.AbstractCallSite.call(AbstractCallSite.java:113)
	at org.codehaus.groovy.runtime.callsite.AbstractCallSite.call(AbstractCallSite.java:141)
	at TempTestSuite1537003942876.run(TempTestSuite1537003942876.groovy:36)
	at groovy.lang.GroovyShell.runScriptOrMainOrTestOrRunnable(GroovyShell.java:263)
	at groovy.lang.GroovyShell.run(GroovyShell.java:518)
	at groovy.lang.GroovyShell.run(GroovyShell.java:507)
	at groovy.ui.GroovyMain.processOnce(GroovyMain.java:653)
	at groovy.ui.GroovyMain.run(GroovyMain.java:384)
	at groovy.ui.GroovyMain.process(GroovyMain.java:370)
	at groovy.ui.GroovyMain.processArgs(GroovyMain.java:129)
	at groovy.ui.GroovyMain.main(GroovyMain.java:109)
	at sun.reflect.NativeMethodAccessorImpl.invoke0(Native Method)
	at sun.reflect.NativeMethodAccessorImpl.invoke(NativeMethodAccessorImpl.java:62)
	at sun.reflect.DelegatingMethodAccessorImpl.invoke(DelegatingMethodAccessorImpl.java:43)
	at java.lang.reflect.Method.invoke(Method.java:498)
	at org.codehaus.groovy.tools.GroovyStarter.rootLoader(GroovyStarter.java:109)
	at org.codehaus.groovy.tools.GroovyStarter.main(GroovyStarter.java:131)
)]]></system-err>
      </testcase>
      <testcase name="Test Cases/completed/TestCase4_EditCustomerDetails/EnterContactAndSaveCustomerDetails" classname="Test Cases/completed/TestCase4_EditCustomerDetails/EnterContactAndSaveCustomerDetails" status="FAILED">
         <failure type="FAILED" message="(Stack trace: com.kms.katalon.core.exception.StepFailedException: Unable to click on object 'Object Repository/linkLog/editButton' (Root cause: com.kms.katalon.core.webui.exception.WebElementNotFoundException: Web element with id: 'Object Repository/linkLog/editButton' located by 'By.xpath: //*[@class = 'edit-btn']' not found)
	at com.kms.katalon.core.keyword.internal.KeywordMain.stepFailed(KeywordMain.groovy:36)
	at com.kms.katalon.core.webui.keyword.internal.WebUIKeywordMain.stepFailed(WebUIKeywordMain.groovy:65)
	at com.kms.katalon.core.webui.keyword.internal.WebUIKeywordMain.runKeyword(WebUIKeywordMain.groovy:27)
	at com.kms.katalon.core.webui.keyword.builtin.ClickKeyword.click(ClickKeyword.groovy:86)
	at com.kms.katalon.core.webui.keyword.builtin.ClickKeyword.execute(ClickKeyword.groovy:67)
	at com.kms.katalon.core.keyword.internal.KeywordExecutor.executeKeywordForPlatform(KeywordExecutor.groovy:53)
	at com.kms.katalon.core.webui.keyword.WebUiBuiltInKeywords.click(WebUiBuiltInKeywords.groovy:616)
	at com.kms.katalon.core.webui.keyword.WebUiBuiltInKeywords$click$2.call(Unknown Source)
	at org.codehaus.groovy.runtime.callsite.CallSiteArray.defaultCall(CallSiteArray.java:48)
	at org.codehaus.groovy.runtime.callsite.AbstractCallSite.call(AbstractCallSite.java:113)
	at org.codehaus.groovy.runtime.callsite.AbstractCallSite.call(AbstractCallSite.java:125)
	at Script1536049913042.run(Script1536049913042.groovy:101)
	at com.kms.katalon.core.main.ScriptEngine.run(ScriptEngine.java:183)
	at com.kms.katalon.core.main.ScriptEngine.runScriptAsRawText(ScriptEngine.java:108)
	at com.kms.katalon.core.main.TestCaseExecutor.runScript(TestCaseExecutor.java:294)
	at com.kms.katalon.core.main.TestCaseExecutor.doExecute(TestCaseExecutor.java:285)
	at com.kms.katalon.core.main.TestCaseExecutor.processExecutionPhase(TestCaseExecutor.java:264)
	at com.kms.katalon.core.main.TestCaseExecutor.accessMainPhase(TestCaseExecutor.java:256)
	at com.kms.katalon.core.main.TestCaseExecutor.execute(TestCaseExecutor.java:200)
	at com.kms.katalon.core.main.TestSuiteExecutor.accessTestCaseMainPhase(TestSuiteExecutor.java:129)
	at com.kms.katalon.core.main.TestSuiteExecutor.accessTestSuiteMainPhase(TestSuiteExecutor.java:112)
	at com.kms.katalon.core.main.TestSuiteExecutor.execute(TestSuiteExecutor.java:81)
	at com.kms.katalon.core.main.TestCaseMain.startTestSuite(TestCaseMain.java:142)
	at com.kms.katalon.core.main.TestCaseMain$startTestSuite$0.call(Unknown Source)
	at org.codehaus.groovy.runtime.callsite.CallSiteArray.defaultCall(CallSiteArray.java:48)
	at org.codehaus.groovy.runtime.callsite.AbstractCallSite.call(AbstractCallSite.java:113)
	at org.codehaus.groovy.runtime.callsite.AbstractCallSite.call(AbstractCallSite.java:141)
	at TempTestSuite1537003942876.run(TempTestSuite1537003942876.groovy:36)
	at groovy.lang.GroovyShell.runScriptOrMainOrTestOrRunnable(GroovyShell.java:263)
	at groovy.lang.GroovyShell.run(GroovyShell.java:518)
	at groovy.lang.GroovyShell.run(GroovyShell.java:507)
	at groovy.ui.GroovyMain.processOnce(GroovyMain.java:653)
	at groovy.ui.GroovyMain.run(GroovyMain.java:384)
	at groovy.ui.GroovyMain.process(GroovyMain.java:370)
	at groovy.ui.GroovyMain.processArgs(GroovyMain.java:129)
	at groovy.ui.GroovyMain.main(GroovyMain.java:109)
	at sun.reflect.NativeMethodAccessorImpl.invoke0(Native Method)
	at sun.reflect.NativeMethodAccessorImpl.invoke(NativeMethodAccessorImpl.java:62)
	at sun.reflect.DelegatingMethodAccessorImpl.invoke(DelegatingMethodAccessorImpl.java:43)
	at java.lang.reflect.Method.invoke(Method.java:498)
	at org.codehaus.groovy.tools.GroovyStarter.rootLoader(GroovyStarter.java:109)
	at org.codehaus.groovy.tools.GroovyStarter.main(GroovyStarter.java:131)
)"/>
         <system-out><![CDATA[2018-09-15 10:47:42 - [TEST_CASE][FAILED] - Test Cases/completed/TestCase4_EditCustomerDetails/EnterContactAndSaveCustomerDetails: Test Cases/completed/TestCase4_EditCustomerDetails/EnterContactAndSaveCustomerDetails FAILED because (of) (Stack trace: com.kms.katalon.core.exception.StepFailedException: Unable to click on object 'Object Repository/linkLog/editButton' (Root cause: com.kms.katalon.core.webui.exception.WebElementNotFoundException: Web element with id: 'Object Repository/linkLog/editButton' located by 'By.xpath: //*[@class = 'edit-btn']' not found)
	at com.kms.katalon.core.keyword.internal.KeywordMain.stepFailed(KeywordMain.groovy:36)
	at com.kms.katalon.core.webui.keyword.internal.WebUIKeywordMain.stepFailed(WebUIKeywordMain.groovy:65)
	at com.kms.katalon.core.webui.keyword.internal.WebUIKeywordMain.runKeyword(WebUIKeywordMain.groovy:27)
	at com.kms.katalon.core.webui.keyword.builtin.ClickKeyword.click(ClickKeyword.groovy:86)
	at com.kms.katalon.core.webui.keyword.builtin.ClickKeyword.execute(ClickKeyword.groovy:67)
	at com.kms.katalon.core.keyword.internal.KeywordExecutor.executeKeywordForPlatform(KeywordExecutor.groovy:53)
	at com.kms.katalon.core.webui.keyword.WebUiBuiltInKeywords.click(WebUiBuiltInKeywords.groovy:616)
	at com.kms.katalon.core.webui.keyword.WebUiBuiltInKeywords$click$2.call(Unknown Source)
	at org.codehaus.groovy.runtime.callsite.CallSiteArray.defaultCall(CallSiteArray.java:48)
	at org.codehaus.groovy.runtime.callsite.AbstractCallSite.call(AbstractCallSite.java:113)
	at org.codehaus.groovy.runtime.callsite.AbstractCallSite.call(AbstractCallSite.java:125)
	at Script1536049913042.run(Script1536049913042.groovy:101)
	at com.kms.katalon.core.main.ScriptEngine.run(ScriptEngine.java:183)
	at com.kms.katalon.core.main.ScriptEngine.runScriptAsRawText(ScriptEngine.java:108)
	at com.kms.katalon.core.main.TestCaseExecutor.runScript(TestCaseExecutor.java:294)
	at com.kms.katalon.core.main.TestCaseExecutor.doExecute(TestCaseExecutor.java:285)
	at com.kms.katalon.core.main.TestCaseExecutor.processExecutionPhase(TestCaseExecutor.java:264)
	at com.kms.katalon.core.main.TestCaseExecutor.accessMainPhase(TestCaseExecutor.java:256)
	at com.kms.katalon.core.main.TestCaseExecutor.execute(TestCaseExecutor.java:200)
	at com.kms.katalon.core.main.TestSuiteExecutor.accessTestCaseMainPhase(TestSuiteExecutor.java:129)
	at com.kms.katalon.core.main.TestSuiteExecutor.accessTestSuiteMainPhase(TestSuiteExecutor.java:112)
	at com.kms.katalon.core.main.TestSuiteExecutor.execute(TestSuiteExecutor.java:81)
	at com.kms.katalon.core.main.TestCaseMain.startTestSuite(TestCaseMain.java:142)
	at com.kms.katalon.core.main.TestCaseMain$startTestSuite$0.call(Unknown Source)
	at org.codehaus.groovy.runtime.callsite.CallSiteArray.defaultCall(CallSiteArray.java:48)
	at org.codehaus.groovy.runtime.callsite.AbstractCallSite.call(AbstractCallSite.java:113)
	at org.codehaus.groovy.runtime.callsite.AbstractCallSite.call(AbstractCallSite.java:141)
	at TempTestSuite1537003942876.run(TempTestSuite1537003942876.groovy:36)
	at groovy.lang.GroovyShell.runScriptOrMainOrTestOrRunnable(GroovyShell.java:263)
	at groovy.lang.GroovyShell.run(GroovyShell.java:518)
	at groovy.lang.GroovyShell.run(GroovyShell.java:507)
	at groovy.ui.GroovyMain.processOnce(GroovyMain.java:653)
	at groovy.ui.GroovyMain.run(GroovyMain.java:384)
	at groovy.ui.GroovyMain.process(GroovyMain.java:370)
	at groovy.ui.GroovyMain.processArgs(GroovyMain.java:129)
	at groovy.ui.GroovyMain.main(GroovyMain.java:109)
	at sun.reflect.NativeMethodAccessorImpl.invoke0(Native Method)
	at sun.reflect.NativeMethodAccessorImpl.invoke(NativeMethodAccessorImpl.java:62)
	at sun.reflect.DelegatingMethodAccessorImpl.invoke(DelegatingMethodAccessorImpl.java:43)
	at java.lang.reflect.Method.invoke(Method.java:498)
	at org.codehaus.groovy.tools.GroovyStarter.rootLoader(GroovyStarter.java:109)
	at org.codehaus.groovy.tools.GroovyStarter.main(GroovyStarter.java:131)
)

2018-09-15 10:47:43 - [TEST_STEP][PASSED] - callTestCase: Call Test Case 'Test Cases/BVT/aSimple_Login' successfully

2018-09-15 10:47:43 - [TEST_CASE][PASSED] - Test Cases/BVT/aSimple_Login: Test Cases/BVT/aSimple_Login

2018-09-15 10:47:43 - [TEST_STEP][PASSED] - openBrowser: Browser is opened with url: ''

2018-09-15 10:47:43 - [MESSAGE][WARNING] - A browser is already opened. Closing browser and opening a new one

2018-09-15 10:47:46 - [MESSAGE][PASSED] - Browser is opened with url: ''

2018-09-15 10:47:46 - [TEST_STEP][PASSED] - maximizeWindow: Current window maximized

2018-09-15 10:47:47 - [MESSAGE][PASSED] - Current window maximized

2018-09-15 10:47:47 - [TEST_STEP][PASSED] - navigateToUrl: Navigate to 'https://dev.vcalling.in/enterprises/UAT/Dashboard/index.html' successfully

2018-09-15 10:47:50 - [MESSAGE][PASSED] - Navigate to 'https://dev.vcalling.in/enterprises/UAT/Dashboard/index.html' successfully

2018-09-15 10:47:50 - [TEST_STEP][PASSED] - setText: Text 'testing4dea@gmail.com' is set on object 'Object Repository/Login/UserId'

2018-09-15 10:47:51 - [MESSAGE][PASSED] - Text 'testing4dea@gmail.com' is set on object 'Object Repository/Login/UserId'

2018-09-15 10:47:51 - [TEST_STEP][PASSED] - click: Object: 'Object Repository/Login/div_GET OTP' is clicked on

2018-09-15 10:47:51 - [MESSAGE][PASSED] - Object: 'Object Repository/Login/div_GET OTP' is clicked on

2018-09-15 10:47:51 - [TEST_STEP][PASSED] - waitForElementPresent: Object 'Object Repository/Login/div_SUBMIT' is present

2018-09-15 10:47:52 - [MESSAGE][PASSED] - Object 'Object Repository/Login/div_SUBMIT' is present

2018-09-15 10:47:52 - [TEST_STEP][PASSED] - Statement - If (com.kms.katalon.core.webui.keyword.WebUiBuiltInKeywords.verifyElementNotPresent(com.kms.katalon.core.testobject.ObjectRepository.findTestObject(Login/div_SUBMIT), 5, OPTIONAL)): Web element with id: 'Object Repository/Login/div_SUBMIT' located by 'By.xpath: //div[(text() = ' SUBMIT ' or . = ' SUBMIT ')]' is present after '5' second(s)

2018-09-15 10:47:58 - [MESSAGE][WARNING] - Web element with id: 'Object Repository/Login/div_SUBMIT' located by 'By.xpath: //div[(text() = ' SUBMIT ' or . = ' SUBMIT ')]' is present after '5' second(s)
[[ATTACHMENT|C:\\Users\\Kaushal\\Desktop\\Katalon Studio\\vCallingDashboard\\Reports\\RegressionSuite\\20180915_103222\\1537004877907.png]]

2018-09-15 10:47:58 - [TEST_STEP][PASSED] - Statement - sleep(5000): null

2018-09-15 10:48:03 - [TEST_STEP][PASSED] - Statement - OTP = getOTP(): null

2018-09-15 10:48:03 - [TEST_STEP][PASSED] - Statement - host = "imap.gmail.com": null

2018-09-15 10:48:03 - [TEST_STEP][PASSED] - Statement - msg = <not implemented yet for class: org.codehaus.groovy.ast.expr.EmptyExpression>: null

2018-09-15 10:48:03 - [TEST_STEP][PASSED] - Statement - msgSub = <not implemented yet for class: org.codehaus.groovy.ast.expr.EmptyExpression>: null

2018-09-15 10:48:03 - [TEST_STEP][PASSED] - Statement - OTP = "unavailable": null

2018-09-15 10:48:03 - [TEST_STEP][PASSED] - Statement - props = new java.util.Properties(): null

2018-09-15 10:48:03 - [TEST_STEP][PASSED] - Statement - props.setProperty("mail.imap.ssl.enable", "true"): null

2018-09-15 10:48:03 - [TEST_STEP][PASSED] - Statement - session = javax.mail.Session.getInstance(props): null

2018-09-15 10:48:03 - [TEST_STEP][PASSED] - Statement - store = <not implemented yet for class: org.codehaus.groovy.ast.expr.EmptyExpression>: null

2018-09-15 10:48:03 - [TEST_STEP][PASSED] - Statement - Try: null

2018-09-15 10:48:03 - [TEST_STEP][PASSED] - Statement - store = session.getStore("imap"): null

2018-09-15 10:48:03 - [TEST_STEP][PASSED] - Statement - store.connect(host, Email, Password): null

2018-09-15 10:48:07 - [TEST_STEP][PASSED] - Statement - emailFolder = store.getFolder("INBOX"): null

2018-09-15 10:48:07 - [TEST_STEP][PASSED] - Statement - emailFolder.open(READ_WRITE): null

2018-09-15 10:48:07 - [TEST_STEP][PASSED] - Statement - messages = emailFolder.getMessages(): null

2018-09-15 10:48:07 - [TEST_STEP][PASSED] - Statement - n = length: null

2018-09-15 10:48:07 - [TEST_STEP][PASSED] - Statement - message = messages[n - 1]: null

2018-09-15 10:48:07 - [TEST_STEP][PASSED] - Statement - msgSub = message.getSubject(): null

2018-09-15 10:48:08 - [TEST_STEP][PASSED] - Statement - If (msgSub.equals("OTP to Sign In")): null

2018-09-15 10:48:08 - [TEST_STEP][PASSED] - Statement - msg = message.getContent().toString(): null

2018-09-15 10:48:09 - [TEST_STEP][PASSED] - Statement - OTP = msg.substring(msg.length() - 7): null

2018-09-15 10:48:09 - [TEST_STEP][PASSED] - Statement - message.setFlag(DELETED, true): null

2018-09-15 10:48:10 - [TEST_STEP][PASSED] - Statement - emailFolder.close(true): null

2018-09-15 10:48:10 - [TEST_STEP][PASSED] - Statement - store.close(): null

2018-09-15 10:48:11 - [TEST_STEP][PASSED] - Statement - return OTP: null

2018-09-15 10:48:11 - [TEST_STEP][PASSED] - Statement - If (OTP.equals("unavailable")): null

2018-09-15 10:48:11 - [TEST_STEP][PASSED] - Statement - Else: Text 'n5996
' is set on object 'Object Repository/Login/OtpInput'

2018-09-15 10:48:11 - [TEST_STEP][PASSED] - setText: Text 'n5996
' is set on object 'Object Repository/Login/OtpInput'

2018-09-15 10:48:11 - [MESSAGE][PASSED] - Text 'n5996
' is set on object 'Object Repository/Login/OtpInput'

2018-09-15 10:48:11 - [TEST_STEP][PASSED] - verifyElementPresent: Object 'Object Repository/Login/afterOpenDisplay' is present

2018-09-15 10:48:12 - [MESSAGE][PASSED] - Object 'Object Repository/Login/afterOpenDisplay' is present

2018-09-15 10:48:12 - [MESSAGE][PASSED] - Call Test Case 'Test Cases/BVT/aSimple_Login' successfully

2018-09-15 10:48:12 - [TEST_STEP][PASSED] - Statement - driver = com.kms.katalon.core.webui.driver.DriverFactory.getWebDriver(): null

2018-09-15 10:48:12 - [TEST_STEP][PASSED] - click: Object: 'Object Repository/Dashboard_Link Generator/linkgeneratorIcon' is clicked on

2018-09-15 10:48:12 - [MESSAGE][PASSED] - Object: 'Object Repository/Dashboard_Link Generator/linkgeneratorIcon' is clicked on

2018-09-15 10:48:12 - [TEST_STEP][PASSED] - Statement - x = CustomKeywords.newPackage.newKeyword.randomString(3).toLowerCase(): newPackage.newKeyword.randomString is PASSED

2018-09-15 10:48:12 - [MESSAGE][PASSED] - newPackage.newKeyword.randomString is PASSED

2018-09-15 10:48:12 - [TEST_STEP][PASSED] - Statement - teamMeberName = x: null

2018-09-15 10:48:12 - [TEST_STEP][PASSED] - setText: Text 'mer' is set on object 'Object Repository/AddTeamMemberDashboard/name'

2018-09-15 10:48:13 - [MESSAGE][PASSED] - Text 'mer' is set on object 'Object Repository/AddTeamMemberDashboard/name'

2018-09-15 10:48:13 - [TEST_STEP][PASSED] - setText: Text 'mRoYQwqwrj@gmail.com' is set on object 'Object Repository/AddTeamMemberDashboard/email'

2018-09-15 10:48:13 - [MESSAGE][PASSED] - newPackage.newKeyword.randomString is PASSED

2018-09-15 10:48:13 - [MESSAGE][PASSED] - Text 'mRoYQwqwrj@gmail.com' is set on object 'Object Repository/AddTeamMemberDashboard/email'

2018-09-15 10:48:13 - [TEST_STEP][PASSED] - setText: Text 'property' is set on object 'Object Repository/Dashboard_Link Generator/tag'

2018-09-15 10:48:14 - [MESSAGE][PASSED] - Text 'property' is set on object 'Object Repository/Dashboard_Link Generator/tag'

2018-09-15 10:48:14 - [TEST_STEP][PASSED] - click: Object: 'Object Repository/Dashboard_Link Generator/div_GET LINK' is clicked on

2018-09-15 10:48:14 - [MESSAGE][PASSED] - Object: 'Object Repository/Dashboard_Link Generator/div_GET LINK' is clicked on

2018-09-15 10:48:14 - [TEST_STEP][PASSED] - Statement - getLink = com.kms.katalon.core.webui.keyword.WebUiBuiltInKeywords.getAttribute(com.kms.katalon.core.testobject.ObjectRepository.findTestObject(Dashboard_Link Generator/input_link-text), "value"): Attribute 'value' of object 'Object Repository/Dashboard_Link Generator/input_link-text' is: 'https://dev.vcalling.in/url/UAT/?id=UAT-1-646'

2018-09-15 10:48:14 - [MESSAGE][PASSED] - Attribute 'value' of object 'Object Repository/Dashboard_Link Generator/input_link-text' is: 'https://dev.vcalling.in/url/UAT/?id=UAT-1-646'

2018-09-15 10:48:14 - [TEST_STEP][PASSED] - Statement - println(getLink): null

2018-09-15 10:48:14 - [TEST_STEP][PASSED] - click: Object: 'Object Repository/Dashboard_Link Generator/copyLink' is clicked on

2018-09-15 10:48:14 - [MESSAGE][PASSED] - Object: 'Object Repository/Dashboard_Link Generator/copyLink' is clicked on

2018-09-15 10:48:14 - [TEST_STEP][PASSED] - Statement - If (com.kms.katalon.core.webui.keyword.WebUiBuiltInKeywords.verifyElementPresent(com.kms.katalon.core.testobject.ObjectRepository.findTestObject(Dashboard_Link Generator/validation), 5, OPTIONAL)): null

2018-09-15 10:48:14 - [MESSAGE][PASSED] - Object 'Object Repository/Dashboard_Link Generator/validation' is present

2018-09-15 10:48:14 - [TEST_STEP][PASSED] - Statement - validationMessage = com.kms.katalon.core.webui.keyword.WebUiBuiltInKeywords.getText(com.kms.katalon.core.testobject.ObjectRepository.findTestObject(Dashboard_Link Generator/validation)): Text of object 'Object Repository/Dashboard_Link Generator/validation' is: 'Link Copied.!'

2018-09-15 10:48:14 - [MESSAGE][PASSED] - Text of object 'Object Repository/Dashboard_Link Generator/validation' is: 'Link Copied.!'

2018-09-15 10:48:14 - [TEST_STEP][PASSED] - verifyMatch: Actual text 'Link Copied.!' and expected text 'Link Copied.!' are matched 

2018-09-15 10:48:14 - [MESSAGE][PASSED] - Actual text 'Link Copied.!' and expected text 'Link Copied.!' are matched 

2018-09-15 10:48:14 - [TEST_STEP][PASSED] - Statement - println("successful"): null

2018-09-15 10:48:14 - [TEST_STEP][PASSED] - Statement - linkUserName = driver.findElements(org.openqa.selenium.By.className("text-link-log")): null

2018-09-15 10:48:15 - [TEST_STEP][PASSED] - Statement - previousCountValue = 0: null

2018-09-15 10:48:15 - [TEST_STEP][PASSED] - Statement - For ([i = 0, i < linkUserName.size(), (i++)]): null

2018-09-15 10:48:15 - [TEST_STEP][PASSED] - Statement - out.println("Admin Console: " + linkUserName.get(i).getText()): null

2018-09-15 10:48:15 - [TEST_STEP][PASSED] - Statement - linkLogmembername = linkUserName.get(i).getText(): null

2018-09-15 10:48:15 - [TEST_STEP][PASSED] - Statement - out.println("new Admin :" + linkLogmembername): null

2018-09-15 10:48:15 - [TEST_STEP][PASSED] - Statement - If (linkLogmembername.equals(teamMeberName)): null

2018-09-15 10:48:15 - [TEST_STEP][PASSED] - Statement - out.println("Admin Console: " + linkUserName.get(i).getText()): null

2018-09-15 10:48:15 - [TEST_STEP][PASSED] - Statement - linkLogmembername = linkUserName.get(i).getText(): null

2018-09-15 10:48:15 - [TEST_STEP][PASSED] - Statement - out.println("new Admin :" + linkLogmembername): null

2018-09-15 10:48:15 - [TEST_STEP][PASSED] - Statement - If (linkLogmembername.equals(teamMeberName)): null

2018-09-15 10:48:15 - [TEST_STEP][PASSED] - Statement - out.println("Admin Console: " + linkUserName.get(i).getText()): null

2018-09-15 10:48:15 - [TEST_STEP][PASSED] - Statement - linkLogmembername = linkUserName.get(i).getText(): null

2018-09-15 10:48:15 - [TEST_STEP][PASSED] - Statement - out.println("new Admin :" + linkLogmembername): null

2018-09-15 10:48:15 - [TEST_STEP][PASSED] - Statement - If (linkLogmembername.equals(teamMeberName)): null

2018-09-15 10:48:15 - [TEST_STEP][PASSED] - Statement - out.println("Admin Console: " + linkUserName.get(i).getText()): null

2018-09-15 10:48:15 - [TEST_STEP][PASSED] - Statement - linkLogmembername = linkUserName.get(i).getText(): null

2018-09-15 10:48:15 - [TEST_STEP][PASSED] - Statement - out.println("new Admin :" + linkLogmembername): null

2018-09-15 10:48:15 - [TEST_STEP][PASSED] - Statement - If (linkLogmembername.equals(teamMeberName)): null

2018-09-15 10:48:15 - [TEST_STEP][PASSED] - Statement - out.println("Admin Console: " + linkUserName.get(i).getText()): null

2018-09-15 10:48:15 - [TEST_STEP][PASSED] - Statement - linkLogmembername = linkUserName.get(i).getText(): null

2018-09-15 10:48:15 - [TEST_STEP][PASSED] - Statement - out.println("new Admin :" + linkLogmembername): null

2018-09-15 10:48:15 - [TEST_STEP][PASSED] - Statement - If (linkLogmembername.equals(teamMeberName)): null

2018-09-15 10:48:15 - [TEST_STEP][PASSED] - Statement - out.println("Admin Console: " + linkUserName.get(i).getText()): null

2018-09-15 10:48:15 - [TEST_STEP][PASSED] - Statement - linkLogmembername = linkUserName.get(i).getText(): null

2018-09-15 10:48:15 - [TEST_STEP][PASSED] - Statement - out.println("new Admin :" + linkLogmembername): null

2018-09-15 10:48:15 - [TEST_STEP][PASSED] - Statement - If (linkLogmembername.equals(teamMeberName)): null

2018-09-15 10:48:15 - [TEST_STEP][PASSED] - Statement - out.println("Admin Console: " + linkUserName.get(i).getText()): null

2018-09-15 10:48:15 - [TEST_STEP][PASSED] - Statement - linkLogmembername = linkUserName.get(i).getText(): null

2018-09-15 10:48:15 - [TEST_STEP][PASSED] - Statement - out.println("new Admin :" + linkLogmembername): null

2018-09-15 10:48:15 - [TEST_STEP][PASSED] - Statement - If (linkLogmembername.equals(teamMeberName)): null

2018-09-15 10:48:15 - [TEST_STEP][PASSED] - Statement - out.println("Admin Console: " + linkUserName.get(i).getText()): null

2018-09-15 10:48:15 - [TEST_STEP][PASSED] - Statement - linkLogmembername = linkUserName.get(i).getText(): null

2018-09-15 10:48:15 - [TEST_STEP][PASSED] - Statement - out.println("new Admin :" + linkLogmembername): null

2018-09-15 10:48:15 - [TEST_STEP][PASSED] - Statement - If (linkLogmembername.equals(teamMeberName)): null

2018-09-15 10:48:15 - [TEST_STEP][PASSED] - Statement - out.println("Admin Console: " + linkUserName.get(i).getText()): null

2018-09-15 10:48:15 - [TEST_STEP][PASSED] - Statement - linkLogmembername = linkUserName.get(i).getText(): null

2018-09-15 10:48:15 - [TEST_STEP][PASSED] - Statement - out.println("new Admin :" + linkLogmembername): null

2018-09-15 10:48:15 - [TEST_STEP][PASSED] - Statement - If (linkLogmembername.equals(teamMeberName)): null

2018-09-15 10:48:15 - [TEST_STEP][PASSED] - Statement - out.println("Admin Console: " + linkUserName.get(i).getText()): null

2018-09-15 10:48:15 - [TEST_STEP][PASSED] - Statement - linkLogmembername = linkUserName.get(i).getText(): null

2018-09-15 10:48:15 - [TEST_STEP][PASSED] - Statement - out.println("new Admin :" + linkLogmembername): null

2018-09-15 10:48:15 - [TEST_STEP][PASSED] - Statement - If (linkLogmembername.equals(teamMeberName)): null

2018-09-15 10:48:15 - [TEST_STEP][PASSED] - Statement - out.println("Admin Console: " + linkUserName.get(i).getText()): null

2018-09-15 10:48:15 - [TEST_STEP][PASSED] - Statement - linkLogmembername = linkUserName.get(i).getText(): null

2018-09-15 10:48:15 - [TEST_STEP][PASSED] - Statement - out.println("new Admin :" + linkLogmembername): null

2018-09-15 10:48:15 - [TEST_STEP][PASSED] - Statement - If (linkLogmembername.equals(teamMeberName)): null

2018-09-15 10:48:15 - [TEST_STEP][PASSED] - Statement - out.println("Admin Console: " + linkUserName.get(i).getText()): null

2018-09-15 10:48:15 - [TEST_STEP][PASSED] - Statement - linkLogmembername = linkUserName.get(i).getText(): null

2018-09-15 10:48:15 - [TEST_STEP][PASSED] - Statement - out.println("new Admin :" + linkLogmembername): null

2018-09-15 10:48:15 - [TEST_STEP][PASSED] - Statement - If (linkLogmembername.equals(teamMeberName)): null

2018-09-15 10:48:15 - [TEST_STEP][PASSED] - Statement - out.println("Admin Console: " + linkUserName.get(i).getText()): null

2018-09-15 10:48:15 - [TEST_STEP][PASSED] - Statement - linkLogmembername = linkUserName.get(i).getText(): null

2018-09-15 10:48:15 - [TEST_STEP][PASSED] - Statement - out.println("new Admin :" + linkLogmembername): null

2018-09-15 10:48:15 - [TEST_STEP][PASSED] - Statement - If (linkLogmembername.equals(teamMeberName)): null

2018-09-15 10:48:15 - [TEST_STEP][PASSED] - Statement - out.println("Admin Console: " + linkUserName.get(i).getText()): null

2018-09-15 10:48:15 - [TEST_STEP][PASSED] - Statement - linkLogmembername = linkUserName.get(i).getText(): null

2018-09-15 10:48:15 - [TEST_STEP][PASSED] - Statement - out.println("new Admin :" + linkLogmembername): null

2018-09-15 10:48:15 - [TEST_STEP][PASSED] - Statement - If (linkLogmembername.equals(teamMeberName)): null

2018-09-15 10:48:15 - [TEST_STEP][PASSED] - Statement - out.println("Admin Console: " + linkUserName.get(i).getText()): null

2018-09-15 10:48:15 - [TEST_STEP][PASSED] - Statement - linkLogmembername = linkUserName.get(i).getText(): null

2018-09-15 10:48:15 - [TEST_STEP][PASSED] - Statement - out.println("new Admin :" + linkLogmembername): null

2018-09-15 10:48:15 - [TEST_STEP][PASSED] - Statement - If (linkLogmembername.equals(teamMeberName)): null

2018-09-15 10:48:15 - [TEST_STEP][PASSED] - Statement - out.println("Admin Console: " + linkUserName.get(i).getText()): null

2018-09-15 10:48:15 - [TEST_STEP][PASSED] - Statement - linkLogmembername = linkUserName.get(i).getText(): null

2018-09-15 10:48:15 - [TEST_STEP][PASSED] - Statement - out.println("new Admin :" + linkLogmembername): null

2018-09-15 10:48:15 - [TEST_STEP][PASSED] - Statement - If (linkLogmembername.equals(teamMeberName)): null

2018-09-15 10:48:15 - [TEST_STEP][PASSED] - Statement - out.println("Admin Console: " + linkUserName.get(i).getText()): null

2018-09-15 10:48:15 - [TEST_STEP][PASSED] - Statement - linkLogmembername = linkUserName.get(i).getText(): null

2018-09-15 10:48:15 - [TEST_STEP][PASSED] - Statement - out.println("new Admin :" + linkLogmembername): null

2018-09-15 10:48:15 - [TEST_STEP][PASSED] - Statement - If (linkLogmembername.equals(teamMeberName)): null

2018-09-15 10:48:15 - [TEST_STEP][PASSED] - Statement - out.println("Admin Console: " + linkUserName.get(i).getText()): null

2018-09-15 10:48:15 - [TEST_STEP][PASSED] - Statement - linkLogmembername = linkUserName.get(i).getText(): null

2018-09-15 10:48:15 - [TEST_STEP][PASSED] - Statement - out.println("new Admin :" + linkLogmembername): null

2018-09-15 10:48:15 - [TEST_STEP][PASSED] - Statement - If (linkLogmembername.equals(teamMeberName)): null

2018-09-15 10:48:15 - [TEST_STEP][PASSED] - Statement - out.println("Admin Console: " + linkUserName.get(i).getText()): null

2018-09-15 10:48:15 - [TEST_STEP][PASSED] - Statement - linkLogmembername = linkUserName.get(i).getText(): null

2018-09-15 10:48:15 - [TEST_STEP][PASSED] - Statement - out.println("new Admin :" + linkLogmembername): null

2018-09-15 10:48:15 - [TEST_STEP][PASSED] - Statement - If (linkLogmembername.equals(teamMeberName)): null

2018-09-15 10:48:15 - [TEST_STEP][PASSED] - Statement - out.println("Admin Console: " + linkUserName.get(i).getText()): null

2018-09-15 10:48:16 - [TEST_STEP][PASSED] - Statement - linkLogmembername = linkUserName.get(i).getText(): null

2018-09-15 10:48:16 - [TEST_STEP][PASSED] - Statement - out.println("new Admin :" + linkLogmembername): null

2018-09-15 10:48:16 - [TEST_STEP][PASSED] - Statement - If (linkLogmembername.equals(teamMeberName)): null

2018-09-15 10:48:16 - [TEST_STEP][PASSED] - Statement - out.println("Admin Console: " + linkUserName.get(i).getText()): null

2018-09-15 10:48:16 - [TEST_STEP][PASSED] - Statement - linkLogmembername = linkUserName.get(i).getText(): null

2018-09-15 10:48:16 - [TEST_STEP][PASSED] - Statement - out.println("new Admin :" + linkLogmembername): null

2018-09-15 10:48:16 - [TEST_STEP][PASSED] - Statement - If (linkLogmembername.equals(teamMeberName)): null

2018-09-15 10:48:16 - [TEST_STEP][PASSED] - Statement - out.println("Admin Console: " + linkUserName.get(i).getText()): null

2018-09-15 10:48:16 - [TEST_STEP][PASSED] - Statement - linkLogmembername = linkUserName.get(i).getText(): null

2018-09-15 10:48:16 - [TEST_STEP][PASSED] - Statement - out.println("new Admin :" + linkLogmembername): null

2018-09-15 10:48:16 - [TEST_STEP][PASSED] - Statement - If (linkLogmembername.equals(teamMeberName)): null

2018-09-15 10:48:16 - [TEST_STEP][PASSED] - Statement - out.println("Admin Console: " + linkUserName.get(i).getText()): null

2018-09-15 10:48:16 - [TEST_STEP][PASSED] - Statement - linkLogmembername = linkUserName.get(i).getText(): null

2018-09-15 10:48:16 - [TEST_STEP][PASSED] - Statement - out.println("new Admin :" + linkLogmembername): null

2018-09-15 10:48:16 - [TEST_STEP][PASSED] - Statement - If (linkLogmembername.equals(teamMeberName)): null

2018-09-15 10:48:16 - [TEST_STEP][PASSED] - Statement - out.println("Admin Console: " + linkUserName.get(i).getText()): null

2018-09-15 10:48:16 - [TEST_STEP][PASSED] - Statement - linkLogmembername = linkUserName.get(i).getText(): null

2018-09-15 10:48:16 - [TEST_STEP][PASSED] - Statement - out.println("new Admin :" + linkLogmembername): null

2018-09-15 10:48:16 - [TEST_STEP][PASSED] - Statement - If (linkLogmembername.equals(teamMeberName)): null

2018-09-15 10:48:16 - [TEST_STEP][PASSED] - Statement - out.println("Admin Console: " + linkUserName.get(i).getText()): null

2018-09-15 10:48:16 - [TEST_STEP][PASSED] - Statement - linkLogmembername = linkUserName.get(i).getText(): null

2018-09-15 10:48:16 - [TEST_STEP][PASSED] - Statement - out.println("new Admin :" + linkLogmembername): null

2018-09-15 10:48:16 - [TEST_STEP][PASSED] - Statement - If (linkLogmembername.equals(teamMeberName)): null

2018-09-15 10:48:16 - [TEST_STEP][PASSED] - Statement - out.println("Admin Console: " + linkUserName.get(i).getText()): null

2018-09-15 10:48:16 - [TEST_STEP][PASSED] - Statement - linkLogmembername = linkUserName.get(i).getText(): null

2018-09-15 10:48:16 - [TEST_STEP][PASSED] - Statement - out.println("new Admin :" + linkLogmembername): null

2018-09-15 10:48:16 - [TEST_STEP][PASSED] - Statement - If (linkLogmembername.equals(teamMeberName)): null

2018-09-15 10:48:16 - [TEST_STEP][PASSED] - Statement - out.println("Admin Console: " + linkUserName.get(i).getText()): null

2018-09-15 10:48:16 - [TEST_STEP][PASSED] - Statement - linkLogmembername = linkUserName.get(i).getText(): null

2018-09-15 10:48:16 - [TEST_STEP][PASSED] - Statement - out.println("new Admin :" + linkLogmembername): null

2018-09-15 10:48:16 - [TEST_STEP][PASSED] - Statement - If (linkLogmembername.equals(teamMeberName)): null

2018-09-15 10:48:16 - [TEST_STEP][PASSED] - Statement - out.println("Admin Console: " + linkUserName.get(i).getText()): null

2018-09-15 10:48:16 - [TEST_STEP][PASSED] - Statement - linkLogmembername = linkUserName.get(i).getText(): null

2018-09-15 10:48:16 - [TEST_STEP][PASSED] - Statement - out.println("new Admin :" + linkLogmembername): null

2018-09-15 10:48:16 - [TEST_STEP][PASSED] - Statement - If (linkLogmembername.equals(teamMeberName)): null

2018-09-15 10:48:16 - [TEST_STEP][PASSED] - Statement - out.println("Admin Console: " + linkUserName.get(i).getText()): null

2018-09-15 10:48:16 - [TEST_STEP][PASSED] - Statement - linkLogmembername = linkUserName.get(i).getText(): null

2018-09-15 10:48:16 - [TEST_STEP][PASSED] - Statement - out.println("new Admin :" + linkLogmembername): null

2018-09-15 10:48:16 - [TEST_STEP][PASSED] - Statement - If (linkLogmembername.equals(teamMeberName)): null

2018-09-15 10:48:16 - [TEST_STEP][PASSED] - Statement - out.println("Admin Console: " + linkUserName.get(i).getText()): null

2018-09-15 10:48:16 - [TEST_STEP][PASSED] - Statement - linkLogmembername = linkUserName.get(i).getText(): null

2018-09-15 10:48:16 - [TEST_STEP][PASSED] - Statement - out.println("new Admin :" + linkLogmembername): null

2018-09-15 10:48:16 - [TEST_STEP][PASSED] - Statement - If (linkLogmembername.equals(teamMeberName)): null

2018-09-15 10:48:16 - [TEST_STEP][PASSED] - Statement - out.println("Admin Console: " + linkUserName.get(i).getText()): null

2018-09-15 10:48:16 - [TEST_STEP][PASSED] - Statement - linkLogmembername = linkUserName.get(i).getText(): null

2018-09-15 10:48:16 - [TEST_STEP][PASSED] - Statement - out.println("new Admin :" + linkLogmembername): null

2018-09-15 10:48:16 - [TEST_STEP][PASSED] - Statement - If (linkLogmembername.equals(teamMeberName)): null

2018-09-15 10:48:16 - [TEST_STEP][PASSED] - Statement - out.println("Admin Console: " + linkUserName.get(i).getText()): null

2018-09-15 10:48:16 - [TEST_STEP][PASSED] - Statement - linkLogmembername = linkUserName.get(i).getText(): null

2018-09-15 10:48:16 - [TEST_STEP][PASSED] - Statement - out.println("new Admin :" + linkLogmembername): null

2018-09-15 10:48:16 - [TEST_STEP][PASSED] - Statement - If (linkLogmembername.equals(teamMeberName)): null

2018-09-15 10:48:16 - [TEST_STEP][PASSED] - Statement - out.println("Admin Console: " + linkUserName.get(i).getText()): null

2018-09-15 10:48:16 - [TEST_STEP][PASSED] - Statement - linkLogmembername = linkUserName.get(i).getText(): null

2018-09-15 10:48:16 - [TEST_STEP][PASSED] - Statement - out.println("new Admin :" + linkLogmembername): null

2018-09-15 10:48:16 - [TEST_STEP][PASSED] - Statement - If (linkLogmembername.equals(teamMeberName)): null

2018-09-15 10:48:16 - [TEST_STEP][PASSED] - Statement - out.println("Admin Console: " + linkUserName.get(i).getText()): null

2018-09-15 10:48:16 - [TEST_STEP][PASSED] - Statement - linkLogmembername = linkUserName.get(i).getText(): null

2018-09-15 10:48:16 - [TEST_STEP][PASSED] - Statement - out.println("new Admin :" + linkLogmembername): null

2018-09-15 10:48:16 - [TEST_STEP][PASSED] - Statement - If (linkLogmembername.equals(teamMeberName)): null

2018-09-15 10:48:16 - [TEST_STEP][PASSED] - Statement - out.println("Admin Console: " + linkUserName.get(i).getText()): null

2018-09-15 10:48:16 - [TEST_STEP][PASSED] - Statement - linkLogmembername = linkUserName.get(i).getText(): null

2018-09-15 10:48:16 - [TEST_STEP][PASSED] - Statement - out.println("new Admin :" + linkLogmembername): null

2018-09-15 10:48:16 - [TEST_STEP][PASSED] - Statement - If (linkLogmembername.equals(teamMeberName)): null

2018-09-15 10:48:16 - [TEST_STEP][PASSED] - Statement - out.println("Admin Console: " + linkUserName.get(i).getText()): null

2018-09-15 10:48:16 - [TEST_STEP][PASSED] - Statement - linkLogmembername = linkUserName.get(i).getText(): null

2018-09-15 10:48:16 - [TEST_STEP][PASSED] - Statement - out.println("new Admin :" + linkLogmembername): null

2018-09-15 10:48:16 - [TEST_STEP][PASSED] - Statement - If (linkLogmembername.equals(teamMeberName)): null

2018-09-15 10:48:16 - [TEST_STEP][PASSED] - Statement - out.println("Admin Console: " + linkUserName.get(i).getText()): null

2018-09-15 10:48:16 - [TEST_STEP][PASSED] - Statement - linkLogmembername = linkUserName.get(i).getText(): null

2018-09-15 10:48:16 - [TEST_STEP][PASSED] - Statement - out.println("new Admin :" + linkLogmembername): null

2018-09-15 10:48:16 - [TEST_STEP][PASSED] - Statement - If (linkLogmembername.equals(teamMeberName)): null

2018-09-15 10:48:16 - [TEST_STEP][PASSED] - Statement - out.println("Admin Console: " + linkUserName.get(i).getText()): null

2018-09-15 10:48:17 - [TEST_STEP][PASSED] - Statement - linkLogmembername = linkUserName.get(i).getText(): null

2018-09-15 10:48:17 - [TEST_STEP][PASSED] - Statement - out.println("new Admin :" + linkLogmembername): null

2018-09-15 10:48:17 - [TEST_STEP][PASSED] - Statement - If (linkLogmembername.equals(teamMeberName)): null

2018-09-15 10:48:17 - [TEST_STEP][PASSED] - Statement - out.println("Admin Console: " + linkUserName.get(i).getText()): null

2018-09-15 10:48:17 - [TEST_STEP][PASSED] - Statement - linkLogmembername = linkUserName.get(i).getText(): null

2018-09-15 10:48:17 - [TEST_STEP][PASSED] - Statement - out.println("new Admin :" + linkLogmembername): null

2018-09-15 10:48:17 - [TEST_STEP][PASSED] - Statement - If (linkLogmembername.equals(teamMeberName)): null

2018-09-15 10:48:17 - [TEST_STEP][PASSED] - Statement - out.println("Admin Console: " + linkUserName.get(i).getText()): null

2018-09-15 10:48:17 - [TEST_STEP][PASSED] - Statement - linkLogmembername = linkUserName.get(i).getText(): null

2018-09-15 10:48:17 - [TEST_STEP][PASSED] - Statement - out.println("new Admin :" + linkLogmembername): null

2018-09-15 10:48:17 - [TEST_STEP][PASSED] - Statement - If (linkLogmembername.equals(teamMeberName)): null

2018-09-15 10:48:17 - [TEST_STEP][PASSED] - Statement - out.println("Admin Console: " + linkUserName.get(i).getText()): null

2018-09-15 10:48:17 - [TEST_STEP][PASSED] - Statement - linkLogmembername = linkUserName.get(i).getText(): null

2018-09-15 10:48:17 - [TEST_STEP][PASSED] - Statement - out.println("new Admin :" + linkLogmembername): null

2018-09-15 10:48:17 - [TEST_STEP][PASSED] - Statement - If (linkLogmembername.equals(teamMeberName)): null

2018-09-15 10:48:17 - [TEST_STEP][PASSED] - Statement - out.println("Admin Console: " + linkUserName.get(i).getText()): null

2018-09-15 10:48:17 - [TEST_STEP][PASSED] - Statement - linkLogmembername = linkUserName.get(i).getText(): null

2018-09-15 10:48:17 - [TEST_STEP][PASSED] - Statement - out.println("new Admin :" + linkLogmembername): null

2018-09-15 10:48:17 - [TEST_STEP][PASSED] - Statement - If (linkLogmembername.equals(teamMeberName)): null

2018-09-15 10:48:17 - [TEST_STEP][PASSED] - Statement - out.println("Admin Console: " + linkUserName.get(i).getText()): null

2018-09-15 10:48:17 - [TEST_STEP][PASSED] - Statement - linkLogmembername = linkUserName.get(i).getText(): null

2018-09-15 10:48:17 - [TEST_STEP][PASSED] - Statement - out.println("new Admin :" + linkLogmembername): null

2018-09-15 10:48:17 - [TEST_STEP][PASSED] - Statement - If (linkLogmembername.equals(teamMeberName)): null

2018-09-15 10:48:17 - [TEST_STEP][PASSED] - Statement - out.println("Admin Console: " + linkUserName.get(i).getText()): null

2018-09-15 10:48:17 - [TEST_STEP][PASSED] - Statement - linkLogmembername = linkUserName.get(i).getText(): null

2018-09-15 10:48:17 - [TEST_STEP][PASSED] - Statement - out.println("new Admin :" + linkLogmembername): null

2018-09-15 10:48:17 - [TEST_STEP][PASSED] - Statement - If (linkLogmembername.equals(teamMeberName)): null

2018-09-15 10:48:17 - [TEST_STEP][PASSED] - Statement - out.println("Admin Console: " + linkUserName.get(i).getText()): null

2018-09-15 10:48:17 - [TEST_STEP][PASSED] - Statement - linkLogmembername = linkUserName.get(i).getText(): null

2018-09-15 10:48:17 - [TEST_STEP][PASSED] - Statement - out.println("new Admin :" + linkLogmembername): null

2018-09-15 10:48:17 - [TEST_STEP][PASSED] - Statement - If (linkLogmembername.equals(teamMeberName)): null

2018-09-15 10:48:17 - [TEST_STEP][PASSED] - Statement - out.println("Admin Console: " + linkUserName.get(i).getText()): null

2018-09-15 10:48:17 - [TEST_STEP][PASSED] - Statement - linkLogmembername = linkUserName.get(i).getText(): null

2018-09-15 10:48:17 - [TEST_STEP][PASSED] - Statement - out.println("new Admin :" + linkLogmembername): null

2018-09-15 10:48:17 - [TEST_STEP][PASSED] - Statement - If (linkLogmembername.equals(teamMeberName)): null

2018-09-15 10:48:17 - [TEST_STEP][PASSED] - Statement - out.println("Admin Console: " + linkUserName.get(i).getText()): null

2018-09-15 10:48:17 - [TEST_STEP][PASSED] - Statement - linkLogmembername = linkUserName.get(i).getText(): null

2018-09-15 10:48:17 - [TEST_STEP][PASSED] - Statement - out.println("new Admin :" + linkLogmembername): null

2018-09-15 10:48:17 - [TEST_STEP][PASSED] - Statement - If (linkLogmembername.equals(teamMeberName)): null

2018-09-15 10:48:17 - [TEST_STEP][PASSED] - Statement - out.println("Admin Console: " + linkUserName.get(i).getText()): null

2018-09-15 10:48:17 - [TEST_STEP][PASSED] - Statement - linkLogmembername = linkUserName.get(i).getText(): null

2018-09-15 10:48:17 - [TEST_STEP][PASSED] - Statement - out.println("new Admin :" + linkLogmembername): null

2018-09-15 10:48:17 - [TEST_STEP][PASSED] - Statement - If (linkLogmembername.equals(teamMeberName)): null

2018-09-15 10:48:17 - [TEST_STEP][PASSED] - Statement - out.println("Admin Console: " + linkUserName.get(i).getText()): null

2018-09-15 10:48:17 - [TEST_STEP][PASSED] - Statement - linkLogmembername = linkUserName.get(i).getText(): null

2018-09-15 10:48:17 - [TEST_STEP][PASSED] - Statement - out.println("new Admin :" + linkLogmembername): null

2018-09-15 10:48:17 - [TEST_STEP][PASSED] - Statement - If (linkLogmembername.equals(teamMeberName)): null

2018-09-15 10:48:17 - [TEST_STEP][PASSED] - Statement - out.println("Admin Console: " + linkUserName.get(i).getText()): null

2018-09-15 10:48:17 - [TEST_STEP][PASSED] - Statement - linkLogmembername = linkUserName.get(i).getText(): null

2018-09-15 10:48:17 - [TEST_STEP][PASSED] - Statement - out.println("new Admin :" + linkLogmembername): null

2018-09-15 10:48:17 - [TEST_STEP][PASSED] - Statement - If (linkLogmembername.equals(teamMeberName)): null

2018-09-15 10:48:17 - [TEST_STEP][PASSED] - Statement - out.println("Admin Console: " + linkUserName.get(i).getText()): null

2018-09-15 10:48:17 - [TEST_STEP][PASSED] - Statement - linkLogmembername = linkUserName.get(i).getText(): null

2018-09-15 10:48:17 - [TEST_STEP][PASSED] - Statement - out.println("new Admin :" + linkLogmembername): null

2018-09-15 10:48:17 - [TEST_STEP][PASSED] - Statement - If (linkLogmembername.equals(teamMeberName)): null

2018-09-15 10:48:17 - [TEST_STEP][PASSED] - Statement - out.println("Admin Console: " + linkUserName.get(i).getText()): null

2018-09-15 10:48:17 - [TEST_STEP][PASSED] - Statement - linkLogmembername = linkUserName.get(i).getText(): null

2018-09-15 10:48:17 - [TEST_STEP][PASSED] - Statement - out.println("new Admin :" + linkLogmembername): null

2018-09-15 10:48:17 - [TEST_STEP][PASSED] - Statement - If (linkLogmembername.equals(teamMeberName)): null

2018-09-15 10:48:17 - [TEST_STEP][PASSED] - Statement - out.println("Admin Console: " + linkUserName.get(i).getText()): null

2018-09-15 10:48:17 - [TEST_STEP][PASSED] - Statement - linkLogmembername = linkUserName.get(i).getText(): null

2018-09-15 10:48:17 - [TEST_STEP][PASSED] - Statement - out.println("new Admin :" + linkLogmembername): null

2018-09-15 10:48:17 - [TEST_STEP][PASSED] - Statement - If (linkLogmembername.equals(teamMeberName)): null

2018-09-15 10:48:17 - [TEST_STEP][PASSED] - Statement - out.println("Admin Console: " + linkUserName.get(i).getText()): null

2018-09-15 10:48:17 - [TEST_STEP][PASSED] - Statement - linkLogmembername = linkUserName.get(i).getText(): null

2018-09-15 10:48:17 - [TEST_STEP][PASSED] - Statement - out.println("new Admin :" + linkLogmembername): null

2018-09-15 10:48:17 - [TEST_STEP][PASSED] - Statement - If (linkLogmembername.equals(teamMeberName)): null

2018-09-15 10:48:17 - [TEST_STEP][PASSED] - Statement - out.println("Admin Console: " + linkUserName.get(i).getText()): null

2018-09-15 10:48:17 - [TEST_STEP][PASSED] - Statement - linkLogmembername = linkUserName.get(i).getText(): null

2018-09-15 10:48:18 - [TEST_STEP][PASSED] - Statement - out.println("new Admin :" + linkLogmembername): null

2018-09-15 10:48:18 - [TEST_STEP][PASSED] - Statement - If (linkLogmembername.equals(teamMeberName)): null

2018-09-15 10:48:18 - [TEST_STEP][PASSED] - Statement - out.println("Admin Console: " + linkUserName.get(i).getText()): null

2018-09-15 10:48:18 - [TEST_STEP][PASSED] - Statement - linkLogmembername = linkUserName.get(i).getText(): null

2018-09-15 10:48:18 - [TEST_STEP][PASSED] - Statement - out.println("new Admin :" + linkLogmembername): null

2018-09-15 10:48:18 - [TEST_STEP][PASSED] - Statement - If (linkLogmembername.equals(teamMeberName)): null

2018-09-15 10:48:18 - [TEST_STEP][PASSED] - Statement - out.println("Admin Console: " + linkUserName.get(i).getText()): null

2018-09-15 10:48:18 - [TEST_STEP][PASSED] - Statement - linkLogmembername = linkUserName.get(i).getText(): null

2018-09-15 10:48:18 - [TEST_STEP][PASSED] - Statement - out.println("new Admin :" + linkLogmembername): null

2018-09-15 10:48:18 - [TEST_STEP][PASSED] - Statement - If (linkLogmembername.equals(teamMeberName)): null

2018-09-15 10:48:18 - [TEST_STEP][PASSED] - Statement - If (com.kms.katalon.core.webui.keyword.WebUiBuiltInKeywords.verifyElementPresent(com.kms.katalon.core.testobject.ObjectRepository.findTestObject(Object Repository/linkLog/customerProfileDetails), 5, OPTIONAL)): com.kms.katalon.core.webui.exception.WebElementNotFoundException: Web element with id: 'Object Repository/linkLog/customerProfileDetails' located by 'By.xpath: //*[@class = 'customer-details-screen']' not found

2018-09-15 10:48:23 - [MESSAGE][WARNING] - com.kms.katalon.core.webui.exception.WebElementNotFoundException: Web element with id: 'Object Repository/linkLog/customerProfileDetails' located by 'By.xpath: //*[@class = 'customer-details-screen']' not found
[[ATTACHMENT|C:\\Users\\Kaushal\\Desktop\\Katalon Studio\\vCallingDashboard\\Reports\\RegressionSuite\\20180915_103222\\1537004903347.png]]

2018-09-15 10:48:23 - [TEST_STEP][PASSED] - Statement - Else: null

2018-09-15 10:48:23 - [TEST_STEP][PASSED] - Statement - println("link log container not open"): null

2018-09-15 10:48:23 - [TEST_STEP][FAILED] - click: Unable to click on object 'Object Repository/linkLog/editButton' (Root cause: com.kms.katalon.core.webui.exception.WebElementNotFoundException: Web element with id: 'Object Repository/linkLog/editButton' located by 'By.xpath: //*[@class = 'edit-btn']' not found)

2018-09-15 10:48:55 - [MESSAGE][FAILED] - Unable to click on object 'Object Repository/linkLog/editButton' (Root cause: com.kms.katalon.core.webui.exception.WebElementNotFoundException: Web element with id: 'Object Repository/linkLog/editButton' located by 'By.xpath: //*[@class = 'edit-btn']' not found)
[[ATTACHMENT|C:\\Users\\Kaushal\\Desktop\\Katalon Studio\\vCallingDashboard\\Reports\\RegressionSuite\\20180915_103222\\1537004934814.png]]]]></system-out>
         <system-err><![CDATA[2018-09-15 10:47:42 - [TEST_CASE][FAILED] - Test Cases/completed/TestCase4_EditCustomerDetails/EnterContactAndSaveCustomerDetails: Test Cases/completed/TestCase4_EditCustomerDetails/EnterContactAndSaveCustomerDetails FAILED because (of) (Stack trace: com.kms.katalon.core.exception.StepFailedException: Unable to click on object 'Object Repository/linkLog/editButton' (Root cause: com.kms.katalon.core.webui.exception.WebElementNotFoundException: Web element with id: 'Object Repository/linkLog/editButton' located by 'By.xpath: //*[@class = 'edit-btn']' not found)
	at com.kms.katalon.core.keyword.internal.KeywordMain.stepFailed(KeywordMain.groovy:36)
	at com.kms.katalon.core.webui.keyword.internal.WebUIKeywordMain.stepFailed(WebUIKeywordMain.groovy:65)
	at com.kms.katalon.core.webui.keyword.internal.WebUIKeywordMain.runKeyword(WebUIKeywordMain.groovy:27)
	at com.kms.katalon.core.webui.keyword.builtin.ClickKeyword.click(ClickKeyword.groovy:86)
	at com.kms.katalon.core.webui.keyword.builtin.ClickKeyword.execute(ClickKeyword.groovy:67)
	at com.kms.katalon.core.keyword.internal.KeywordExecutor.executeKeywordForPlatform(KeywordExecutor.groovy:53)
	at com.kms.katalon.core.webui.keyword.WebUiBuiltInKeywords.click(WebUiBuiltInKeywords.groovy:616)
	at com.kms.katalon.core.webui.keyword.WebUiBuiltInKeywords$click$2.call(Unknown Source)
	at org.codehaus.groovy.runtime.callsite.CallSiteArray.defaultCall(CallSiteArray.java:48)
	at org.codehaus.groovy.runtime.callsite.AbstractCallSite.call(AbstractCallSite.java:113)
	at org.codehaus.groovy.runtime.callsite.AbstractCallSite.call(AbstractCallSite.java:125)
	at Script1536049913042.run(Script1536049913042.groovy:101)
	at com.kms.katalon.core.main.ScriptEngine.run(ScriptEngine.java:183)
	at com.kms.katalon.core.main.ScriptEngine.runScriptAsRawText(ScriptEngine.java:108)
	at com.kms.katalon.core.main.TestCaseExecutor.runScript(TestCaseExecutor.java:294)
	at com.kms.katalon.core.main.TestCaseExecutor.doExecute(TestCaseExecutor.java:285)
	at com.kms.katalon.core.main.TestCaseExecutor.processExecutionPhase(TestCaseExecutor.java:264)
	at com.kms.katalon.core.main.TestCaseExecutor.accessMainPhase(TestCaseExecutor.java:256)
	at com.kms.katalon.core.main.TestCaseExecutor.execute(TestCaseExecutor.java:200)
	at com.kms.katalon.core.main.TestSuiteExecutor.accessTestCaseMainPhase(TestSuiteExecutor.java:129)
	at com.kms.katalon.core.main.TestSuiteExecutor.accessTestSuiteMainPhase(TestSuiteExecutor.java:112)
	at com.kms.katalon.core.main.TestSuiteExecutor.execute(TestSuiteExecutor.java:81)
	at com.kms.katalon.core.main.TestCaseMain.startTestSuite(TestCaseMain.java:142)
	at com.kms.katalon.core.main.TestCaseMain$startTestSuite$0.call(Unknown Source)
	at org.codehaus.groovy.runtime.callsite.CallSiteArray.defaultCall(CallSiteArray.java:48)
	at org.codehaus.groovy.runtime.callsite.AbstractCallSite.call(AbstractCallSite.java:113)
	at org.codehaus.groovy.runtime.callsite.AbstractCallSite.call(AbstractCallSite.java:141)
	at TempTestSuite1537003942876.run(TempTestSuite1537003942876.groovy:36)
	at groovy.lang.GroovyShell.runScriptOrMainOrTestOrRunnable(GroovyShell.java:263)
	at groovy.lang.GroovyShell.run(GroovyShell.java:518)
	at groovy.lang.GroovyShell.run(GroovyShell.java:507)
	at groovy.ui.GroovyMain.processOnce(GroovyMain.java:653)
	at groovy.ui.GroovyMain.run(GroovyMain.java:384)
	at groovy.ui.GroovyMain.process(GroovyMain.java:370)
	at groovy.ui.GroovyMain.processArgs(GroovyMain.java:129)
	at groovy.ui.GroovyMain.main(GroovyMain.java:109)
	at sun.reflect.NativeMethodAccessorImpl.invoke0(Native Method)
	at sun.reflect.NativeMethodAccessorImpl.invoke(NativeMethodAccessorImpl.java:62)
	at sun.reflect.DelegatingMethodAccessorImpl.invoke(DelegatingMethodAccessorImpl.java:43)
	at java.lang.reflect.Method.invoke(Method.java:498)
	at org.codehaus.groovy.tools.GroovyStarter.rootLoader(GroovyStarter.java:109)
	at org.codehaus.groovy.tools.GroovyStarter.main(GroovyStarter.java:131)
)]]></system-err>
      </testcase>
      <testcase name="Test Cases/completed/TestCase4_EditCustomerDetails/EnterEmailAndSaveCustDetails" classname="Test Cases/completed/TestCase4_EditCustomerDetails/EnterEmailAndSaveCustDetails" status="PASSED">
         <system-out><![CDATA[2018-09-15 10:48:55 - [TEST_CASE][PASSED] - Test Cases/completed/TestCase4_EditCustomerDetails/EnterEmailAndSaveCustDetails: Test Cases/completed/TestCase4_EditCustomerDetails/EnterEmailAndSaveCustDetails

2018-09-15 10:48:55 - [TEST_STEP][PASSED] - callTestCase: Call Test Case 'Test Cases/BVT/aSimple_Login' successfully

2018-09-15 10:48:55 - [TEST_CASE][PASSED] - Test Cases/BVT/aSimple_Login: Test Cases/BVT/aSimple_Login

2018-09-15 10:48:55 - [TEST_STEP][PASSED] - openBrowser: Browser is opened with url: ''

2018-09-15 10:48:55 - [MESSAGE][WARNING] - A browser is already opened. Closing browser and opening a new one

2018-09-15 10:48:58 - [MESSAGE][PASSED] - Browser is opened with url: ''

2018-09-15 10:48:58 - [TEST_STEP][PASSED] - maximizeWindow: Current window maximized

2018-09-15 10:48:59 - [MESSAGE][PASSED] - Current window maximized

2018-09-15 10:48:59 - [TEST_STEP][PASSED] - navigateToUrl: Navigate to 'https://dev.vcalling.in/enterprises/UAT/Dashboard/index.html' successfully

2018-09-15 10:49:03 - [MESSAGE][PASSED] - Navigate to 'https://dev.vcalling.in/enterprises/UAT/Dashboard/index.html' successfully

2018-09-15 10:49:03 - [TEST_STEP][PASSED] - setText: Text 'testing4dea@gmail.com' is set on object 'Object Repository/Login/UserId'

2018-09-15 10:49:03 - [MESSAGE][PASSED] - Text 'testing4dea@gmail.com' is set on object 'Object Repository/Login/UserId'

2018-09-15 10:49:03 - [TEST_STEP][PASSED] - click: Object: 'Object Repository/Login/div_GET OTP' is clicked on

2018-09-15 10:49:03 - [MESSAGE][PASSED] - Object: 'Object Repository/Login/div_GET OTP' is clicked on

2018-09-15 10:49:03 - [TEST_STEP][PASSED] - waitForElementPresent: Object 'Object Repository/Login/div_SUBMIT' is present

2018-09-15 10:49:05 - [MESSAGE][PASSED] - Object 'Object Repository/Login/div_SUBMIT' is present

2018-09-15 10:49:05 - [TEST_STEP][PASSED] - Statement - If (com.kms.katalon.core.webui.keyword.WebUiBuiltInKeywords.verifyElementNotPresent(com.kms.katalon.core.testobject.ObjectRepository.findTestObject(Login/div_SUBMIT), 5, OPTIONAL)): Web element with id: 'Object Repository/Login/div_SUBMIT' located by 'By.xpath: //div[(text() = ' SUBMIT ' or . = ' SUBMIT ')]' is present after '5' second(s)

2018-09-15 10:49:10 - [MESSAGE][WARNING] - Web element with id: 'Object Repository/Login/div_SUBMIT' located by 'By.xpath: //div[(text() = ' SUBMIT ' or . = ' SUBMIT ')]' is present after '5' second(s)
[[ATTACHMENT|C:\\Users\\Kaushal\\Desktop\\Katalon Studio\\vCallingDashboard\\Reports\\RegressionSuite\\20180915_103222\\1537004950529.png]]

2018-09-15 10:49:10 - [TEST_STEP][PASSED] - Statement - sleep(5000): null

2018-09-15 10:49:15 - [TEST_STEP][PASSED] - Statement - OTP = getOTP(): null

2018-09-15 10:49:15 - [TEST_STEP][PASSED] - Statement - host = "imap.gmail.com": null

2018-09-15 10:49:15 - [TEST_STEP][PASSED] - Statement - msg = <not implemented yet for class: org.codehaus.groovy.ast.expr.EmptyExpression>: null

2018-09-15 10:49:15 - [TEST_STEP][PASSED] - Statement - msgSub = <not implemented yet for class: org.codehaus.groovy.ast.expr.EmptyExpression>: null

2018-09-15 10:49:15 - [TEST_STEP][PASSED] - Statement - OTP = "unavailable": null

2018-09-15 10:49:15 - [TEST_STEP][PASSED] - Statement - props = new java.util.Properties(): null

2018-09-15 10:49:15 - [TEST_STEP][PASSED] - Statement - props.setProperty("mail.imap.ssl.enable", "true"): null

2018-09-15 10:49:15 - [TEST_STEP][PASSED] - Statement - session = javax.mail.Session.getInstance(props): null

2018-09-15 10:49:15 - [TEST_STEP][PASSED] - Statement - store = <not implemented yet for class: org.codehaus.groovy.ast.expr.EmptyExpression>: null

2018-09-15 10:49:15 - [TEST_STEP][PASSED] - Statement - Try: null

2018-09-15 10:49:15 - [TEST_STEP][PASSED] - Statement - store = session.getStore("imap"): null

2018-09-15 10:49:15 - [TEST_STEP][PASSED] - Statement - store.connect(host, Email, Password): null

2018-09-15 10:49:19 - [TEST_STEP][PASSED] - Statement - emailFolder = store.getFolder("INBOX"): null

2018-09-15 10:49:19 - [TEST_STEP][PASSED] - Statement - emailFolder.open(READ_WRITE): null

2018-09-15 10:49:20 - [TEST_STEP][PASSED] - Statement - messages = emailFolder.getMessages(): null

2018-09-15 10:49:20 - [TEST_STEP][PASSED] - Statement - n = length: null

2018-09-15 10:49:20 - [TEST_STEP][PASSED] - Statement - message = messages[n - 1]: null

2018-09-15 10:49:20 - [TEST_STEP][PASSED] - Statement - msgSub = message.getSubject(): null

2018-09-15 10:49:20 - [TEST_STEP][PASSED] - Statement - If (msgSub.equals("OTP to Sign In")): null

2018-09-15 10:49:20 - [TEST_STEP][PASSED] - Statement - msg = message.getContent().toString(): null

2018-09-15 10:49:22 - [TEST_STEP][PASSED] - Statement - OTP = msg.substring(msg.length() - 7): null

2018-09-15 10:49:22 - [TEST_STEP][PASSED] - Statement - message.setFlag(DELETED, true): null

2018-09-15 10:49:22 - [TEST_STEP][PASSED] - Statement - emailFolder.close(true): null

2018-09-15 10:49:23 - [TEST_STEP][PASSED] - Statement - store.close(): null

2018-09-15 10:49:23 - [TEST_STEP][PASSED] - Statement - return OTP: null

2018-09-15 10:49:23 - [TEST_STEP][PASSED] - Statement - If (OTP.equals("unavailable")): null

2018-09-15 10:49:23 - [TEST_STEP][PASSED] - Statement - Else: Text 'u8282
' is set on object 'Object Repository/Login/OtpInput'

2018-09-15 10:49:23 - [TEST_STEP][PASSED] - setText: Text 'u8282
' is set on object 'Object Repository/Login/OtpInput'

2018-09-15 10:49:23 - [MESSAGE][PASSED] - Text 'u8282
' is set on object 'Object Repository/Login/OtpInput'

2018-09-15 10:49:23 - [TEST_STEP][PASSED] - verifyElementPresent: Object 'Object Repository/Login/afterOpenDisplay' is present

2018-09-15 10:49:25 - [MESSAGE][PASSED] - Object 'Object Repository/Login/afterOpenDisplay' is present

2018-09-15 10:49:25 - [MESSAGE][PASSED] - Call Test Case 'Test Cases/BVT/aSimple_Login' successfully

2018-09-15 10:49:25 - [TEST_STEP][PASSED] - Statement - driver = com.kms.katalon.core.webui.driver.DriverFactory.getWebDriver(): null

2018-09-15 10:49:25 - [TEST_STEP][PASSED] - click: Object: 'Object Repository/Dashboard_Link Generator/linkgeneratorIcon' is clicked on

2018-09-15 10:49:25 - [MESSAGE][PASSED] - Object: 'Object Repository/Dashboard_Link Generator/linkgeneratorIcon' is clicked on

2018-09-15 10:49:25 - [TEST_STEP][PASSED] - Statement - x = CustomKeywords.newPackage.newKeyword.randomString(3).toLowerCase(): newPackage.newKeyword.randomString is PASSED

2018-09-15 10:49:25 - [MESSAGE][PASSED] - newPackage.newKeyword.randomString is PASSED

2018-09-15 10:49:25 - [TEST_STEP][PASSED] - Statement - teamMeberName = x: null

2018-09-15 10:49:25 - [TEST_STEP][PASSED] - setText: Text 'ceg' is set on object 'Object Repository/AddTeamMemberDashboard/name'

2018-09-15 10:49:25 - [MESSAGE][PASSED] - Text 'ceg' is set on object 'Object Repository/AddTeamMemberDashboard/name'

2018-09-15 10:49:25 - [TEST_STEP][PASSED] - setText: Text ' ' is set on object 'Object Repository/AddTeamMemberDashboard/email'

2018-09-15 10:49:25 - [MESSAGE][PASSED] - Text ' ' is set on object 'Object Repository/AddTeamMemberDashboard/email'

2018-09-15 10:49:25 - [TEST_STEP][PASSED] - Statement - number = CustomKeywords.phoneNumbers.contactNumbers.randomString(9): phoneNumbers.contactNumbers.randomString is PASSED

2018-09-15 10:49:25 - [MESSAGE][PASSED] - phoneNumbers.contactNumbers.randomString is PASSED

2018-09-15 10:49:25 - [TEST_STEP][PASSED] - Statement - Mobile_Number = number: null

2018-09-15 10:49:25 - [TEST_STEP][PASSED] - setText: Text '6943176591' is set on object 'Object Repository/Dashboard_Link Generator/contactNumber'

2018-09-15 10:49:26 - [MESSAGE][PASSED] - Text '6943176591' is set on object 'Object Repository/Dashboard_Link Generator/contactNumber'

2018-09-15 10:49:26 - [TEST_STEP][PASSED] - setText: Text 'property' is set on object 'Object Repository/Dashboard_Link Generator/tag'

2018-09-15 10:49:26 - [MESSAGE][PASSED] - Text 'property' is set on object 'Object Repository/Dashboard_Link Generator/tag'

2018-09-15 10:49:26 - [TEST_STEP][PASSED] - click: Object: 'Object Repository/Dashboard_Link Generator/div_GET LINK' is clicked on

2018-09-15 10:49:26 - [MESSAGE][PASSED] - Object: 'Object Repository/Dashboard_Link Generator/div_GET LINK' is clicked on

2018-09-15 10:49:26 - [TEST_STEP][PASSED] - Statement - getLink = com.kms.katalon.core.webui.keyword.WebUiBuiltInKeywords.getAttribute(com.kms.katalon.core.testobject.ObjectRepository.findTestObject(Dashboard_Link Generator/input_link-text), "value"): Attribute 'value' of object 'Object Repository/Dashboard_Link Generator/input_link-text' is: 'https://dev.vcalling.in/url/UAT/?id=UAT-1-647'

2018-09-15 10:49:27 - [MESSAGE][PASSED] - Attribute 'value' of object 'Object Repository/Dashboard_Link Generator/input_link-text' is: 'https://dev.vcalling.in/url/UAT/?id=UAT-1-647'

2018-09-15 10:49:27 - [TEST_STEP][PASSED] - Statement - println(getLink): null

2018-09-15 10:49:27 - [TEST_STEP][PASSED] - click: Object: 'Object Repository/Dashboard_Link Generator/copyLink' is clicked on

2018-09-15 10:49:27 - [MESSAGE][PASSED] - Object: 'Object Repository/Dashboard_Link Generator/copyLink' is clicked on

2018-09-15 10:49:27 - [TEST_STEP][PASSED] - Statement - If (com.kms.katalon.core.webui.keyword.WebUiBuiltInKeywords.verifyElementPresent(com.kms.katalon.core.testobject.ObjectRepository.findTestObject(Dashboard_Link Generator/validation), 5, OPTIONAL)): null

2018-09-15 10:49:27 - [MESSAGE][PASSED] - Object 'Object Repository/Dashboard_Link Generator/validation' is present

2018-09-15 10:49:27 - [TEST_STEP][PASSED] - Statement - validationMessage = com.kms.katalon.core.webui.keyword.WebUiBuiltInKeywords.getText(com.kms.katalon.core.testobject.ObjectRepository.findTestObject(Dashboard_Link Generator/validation)): Text of object 'Object Repository/Dashboard_Link Generator/validation' is: 'Link Copied.!'

2018-09-15 10:49:27 - [MESSAGE][PASSED] - Text of object 'Object Repository/Dashboard_Link Generator/validation' is: 'Link Copied.!'

2018-09-15 10:49:27 - [TEST_STEP][PASSED] - verifyMatch: Actual text 'Link Copied.!' and expected text 'Link Copied.!' are matched 

2018-09-15 10:49:27 - [MESSAGE][PASSED] - Actual text 'Link Copied.!' and expected text 'Link Copied.!' are matched 

2018-09-15 10:49:27 - [TEST_STEP][PASSED] - Statement - println("successful"): null

2018-09-15 10:49:27 - [TEST_STEP][PASSED] - Statement - linkUserName = driver.findElements(org.openqa.selenium.By.className("text-link-log")): null

2018-09-15 10:49:27 - [TEST_STEP][PASSED] - Statement - previousCountValue = 0: null

2018-09-15 10:49:27 - [TEST_STEP][PASSED] - Statement - For ([i = 0, i < linkUserName.size(), (i++)]): null

2018-09-15 10:49:27 - [TEST_STEP][PASSED] - Statement - out.println("Admin Console: " + linkUserName.get(i).getText()): null

2018-09-15 10:49:27 - [TEST_STEP][PASSED] - Statement - linkLogmembername = linkUserName.get(i).getText(): null

2018-09-15 10:49:27 - [TEST_STEP][PASSED] - Statement - out.println("new Admin :" + linkLogmembername): null

2018-09-15 10:49:27 - [TEST_STEP][PASSED] - Statement - If (linkLogmembername.equals(teamMeberName)): null

2018-09-15 10:49:27 - [TEST_STEP][PASSED] - Statement - out.println("Admin Console: " + linkUserName.get(i).getText()): null

2018-09-15 10:49:27 - [TEST_STEP][PASSED] - Statement - linkLogmembername = linkUserName.get(i).getText(): null

2018-09-15 10:49:27 - [TEST_STEP][PASSED] - Statement - out.println("new Admin :" + linkLogmembername): null

2018-09-15 10:49:27 - [TEST_STEP][PASSED] - Statement - If (linkLogmembername.equals(teamMeberName)): null

2018-09-15 10:49:27 - [TEST_STEP][PASSED] - Statement - out.println("Admin Console: " + linkUserName.get(i).getText()): null

2018-09-15 10:49:27 - [TEST_STEP][PASSED] - Statement - linkLogmembername = linkUserName.get(i).getText(): null

2018-09-15 10:49:27 - [TEST_STEP][PASSED] - Statement - out.println("new Admin :" + linkLogmembername): null

2018-09-15 10:49:27 - [TEST_STEP][PASSED] - Statement - If (linkLogmembername.equals(teamMeberName)): null

2018-09-15 10:49:27 - [TEST_STEP][PASSED] - Statement - out.println("Admin Console: " + linkUserName.get(i).getText()): null

2018-09-15 10:49:27 - [TEST_STEP][PASSED] - Statement - linkLogmembername = linkUserName.get(i).getText(): null

2018-09-15 10:49:27 - [TEST_STEP][PASSED] - Statement - out.println("new Admin :" + linkLogmembername): null

2018-09-15 10:49:27 - [TEST_STEP][PASSED] - Statement - If (linkLogmembername.equals(teamMeberName)): null

2018-09-15 10:49:27 - [TEST_STEP][PASSED] - Statement - out.println("Admin Console: " + linkUserName.get(i).getText()): null

2018-09-15 10:49:27 - [TEST_STEP][PASSED] - Statement - linkLogmembername = linkUserName.get(i).getText(): null

2018-09-15 10:49:27 - [TEST_STEP][PASSED] - Statement - out.println("new Admin :" + linkLogmembername): null

2018-09-15 10:49:27 - [TEST_STEP][PASSED] - Statement - If (linkLogmembername.equals(teamMeberName)): null

2018-09-15 10:49:27 - [TEST_STEP][PASSED] - Statement - out.println("Admin Console: " + linkUserName.get(i).getText()): null

2018-09-15 10:49:27 - [TEST_STEP][PASSED] - Statement - linkLogmembername = linkUserName.get(i).getText(): null

2018-09-15 10:49:27 - [TEST_STEP][PASSED] - Statement - out.println("new Admin :" + linkLogmembername): null

2018-09-15 10:49:27 - [TEST_STEP][PASSED] - Statement - If (linkLogmembername.equals(teamMeberName)): null

2018-09-15 10:49:27 - [TEST_STEP][PASSED] - Statement - out.println("Admin Console: " + linkUserName.get(i).getText()): null

2018-09-15 10:49:27 - [TEST_STEP][PASSED] - Statement - linkLogmembername = linkUserName.get(i).getText(): null

2018-09-15 10:49:27 - [TEST_STEP][PASSED] - Statement - out.println("new Admin :" + linkLogmembername): null

2018-09-15 10:49:27 - [TEST_STEP][PASSED] - Statement - If (linkLogmembername.equals(teamMeberName)): null

2018-09-15 10:49:27 - [TEST_STEP][PASSED] - Statement - out.println("Admin Console: " + linkUserName.get(i).getText()): null

2018-09-15 10:49:27 - [TEST_STEP][PASSED] - Statement - linkLogmembername = linkUserName.get(i).getText(): null

2018-09-15 10:49:27 - [TEST_STEP][PASSED] - Statement - out.println("new Admin :" + linkLogmembername): null

2018-09-15 10:49:27 - [TEST_STEP][PASSED] - Statement - If (linkLogmembername.equals(teamMeberName)): null

2018-09-15 10:49:27 - [TEST_STEP][PASSED] - Statement - out.println("Admin Console: " + linkLogmembername): null

2018-09-15 10:49:27 - [TEST_STEP][PASSED] - Statement - linkUserName.get(i).click(): null

2018-09-15 10:49:27 - [TEST_STEP][PASSED] - Statement - out.println("Admin Console: " + linkUserName.get(i).getText()): null

2018-09-15 10:49:27 - [TEST_STEP][PASSED] - Statement - linkLogmembername = linkUserName.get(i).getText(): null

2018-09-15 10:49:27 - [TEST_STEP][PASSED] - Statement - out.println("new Admin :" + linkLogmembername): null

2018-09-15 10:49:27 - [TEST_STEP][PASSED] - Statement - If (linkLogmembername.equals(teamMeberName)): null

2018-09-15 10:49:27 - [TEST_STEP][PASSED] - Statement - out.println("Admin Console: " + linkUserName.get(i).getText()): null

2018-09-15 10:49:27 - [TEST_STEP][PASSED] - Statement - linkLogmembername = linkUserName.get(i).getText(): null

2018-09-15 10:49:28 - [TEST_STEP][PASSED] - Statement - out.println("new Admin :" + linkLogmembername): null

2018-09-15 10:49:28 - [TEST_STEP][PASSED] - Statement - If (linkLogmembername.equals(teamMeberName)): null

2018-09-15 10:49:28 - [TEST_STEP][PASSED] - Statement - out.println("Admin Console: " + linkUserName.get(i).getText()): null

2018-09-15 10:49:28 - [TEST_STEP][PASSED] - Statement - linkLogmembername = linkUserName.get(i).getText(): null

2018-09-15 10:49:28 - [TEST_STEP][PASSED] - Statement - out.println("new Admin :" + linkLogmembername): null

2018-09-15 10:49:28 - [TEST_STEP][PASSED] - Statement - If (linkLogmembername.equals(teamMeberName)): null

2018-09-15 10:49:28 - [TEST_STEP][PASSED] - Statement - out.println("Admin Console: " + linkUserName.get(i).getText()): null

2018-09-15 10:49:28 - [TEST_STEP][PASSED] - Statement - linkLogmembername = linkUserName.get(i).getText(): null

2018-09-15 10:49:28 - [TEST_STEP][PASSED] - Statement - out.println("new Admin :" + linkLogmembername): null

2018-09-15 10:49:28 - [TEST_STEP][PASSED] - Statement - If (linkLogmembername.equals(teamMeberName)): null

2018-09-15 10:49:28 - [TEST_STEP][PASSED] - Statement - out.println("Admin Console: " + linkUserName.get(i).getText()): null

2018-09-15 10:49:28 - [TEST_STEP][PASSED] - Statement - linkLogmembername = linkUserName.get(i).getText(): null

2018-09-15 10:49:28 - [TEST_STEP][PASSED] - Statement - out.println("new Admin :" + linkLogmembername): null

2018-09-15 10:49:28 - [TEST_STEP][PASSED] - Statement - If (linkLogmembername.equals(teamMeberName)): null

2018-09-15 10:49:28 - [TEST_STEP][PASSED] - Statement - out.println("Admin Console: " + linkUserName.get(i).getText()): null

2018-09-15 10:49:28 - [TEST_STEP][PASSED] - Statement - linkLogmembername = linkUserName.get(i).getText(): null

2018-09-15 10:49:28 - [TEST_STEP][PASSED] - Statement - out.println("new Admin :" + linkLogmembername): null

2018-09-15 10:49:28 - [TEST_STEP][PASSED] - Statement - If (linkLogmembername.equals(teamMeberName)): null

2018-09-15 10:49:28 - [TEST_STEP][PASSED] - Statement - out.println("Admin Console: " + linkUserName.get(i).getText()): null

2018-09-15 10:49:28 - [TEST_STEP][PASSED] - Statement - linkLogmembername = linkUserName.get(i).getText(): null

2018-09-15 10:49:28 - [TEST_STEP][PASSED] - Statement - out.println("new Admin :" + linkLogmembername): null

2018-09-15 10:49:28 - [TEST_STEP][PASSED] - Statement - If (linkLogmembername.equals(teamMeberName)): null

2018-09-15 10:49:28 - [TEST_STEP][PASSED] - Statement - out.println("Admin Console: " + linkUserName.get(i).getText()): null

2018-09-15 10:49:28 - [TEST_STEP][PASSED] - Statement - linkLogmembername = linkUserName.get(i).getText(): null

2018-09-15 10:49:28 - [TEST_STEP][PASSED] - Statement - out.println("new Admin :" + linkLogmembername): null

2018-09-15 10:49:28 - [TEST_STEP][PASSED] - Statement - If (linkLogmembername.equals(teamMeberName)): null

2018-09-15 10:49:28 - [TEST_STEP][PASSED] - Statement - out.println("Admin Console: " + linkUserName.get(i).getText()): null

2018-09-15 10:49:28 - [TEST_STEP][PASSED] - Statement - linkLogmembername = linkUserName.get(i).getText(): null

2018-09-15 10:49:28 - [TEST_STEP][PASSED] - Statement - out.println("new Admin :" + linkLogmembername): null

2018-09-15 10:49:28 - [TEST_STEP][PASSED] - Statement - If (linkLogmembername.equals(teamMeberName)): null

2018-09-15 10:49:28 - [TEST_STEP][PASSED] - Statement - out.println("Admin Console: " + linkUserName.get(i).getText()): null

2018-09-15 10:49:28 - [TEST_STEP][PASSED] - Statement - linkLogmembername = linkUserName.get(i).getText(): null

2018-09-15 10:49:28 - [TEST_STEP][PASSED] - Statement - out.println("new Admin :" + linkLogmembername): null

2018-09-15 10:49:28 - [TEST_STEP][PASSED] - Statement - If (linkLogmembername.equals(teamMeberName)): null

2018-09-15 10:49:28 - [TEST_STEP][PASSED] - Statement - out.println("Admin Console: " + linkUserName.get(i).getText()): null

2018-09-15 10:49:28 - [TEST_STEP][PASSED] - Statement - linkLogmembername = linkUserName.get(i).getText(): null

2018-09-15 10:49:28 - [TEST_STEP][PASSED] - Statement - out.println("new Admin :" + linkLogmembername): null

2018-09-15 10:49:28 - [TEST_STEP][PASSED] - Statement - If (linkLogmembername.equals(teamMeberName)): null

2018-09-15 10:49:28 - [TEST_STEP][PASSED] - Statement - out.println("Admin Console: " + linkUserName.get(i).getText()): null

2018-09-15 10:49:28 - [TEST_STEP][PASSED] - Statement - linkLogmembername = linkUserName.get(i).getText(): null

2018-09-15 10:49:28 - [TEST_STEP][PASSED] - Statement - out.println("new Admin :" + linkLogmembername): null

2018-09-15 10:49:28 - [TEST_STEP][PASSED] - Statement - If (linkLogmembername.equals(teamMeberName)): null

2018-09-15 10:49:28 - [TEST_STEP][PASSED] - Statement - out.println("Admin Console: " + linkUserName.get(i).getText()): null

2018-09-15 10:49:28 - [TEST_STEP][PASSED] - Statement - linkLogmembername = linkUserName.get(i).getText(): null

2018-09-15 10:49:28 - [TEST_STEP][PASSED] - Statement - out.println("new Admin :" + linkLogmembername): null

2018-09-15 10:49:28 - [TEST_STEP][PASSED] - Statement - If (linkLogmembername.equals(teamMeberName)): null

2018-09-15 10:49:28 - [TEST_STEP][PASSED] - Statement - out.println("Admin Console: " + linkUserName.get(i).getText()): null

2018-09-15 10:49:28 - [TEST_STEP][PASSED] - Statement - linkLogmembername = linkUserName.get(i).getText(): null

2018-09-15 10:49:28 - [TEST_STEP][PASSED] - Statement - out.println("new Admin :" + linkLogmembername): null

2018-09-15 10:49:28 - [TEST_STEP][PASSED] - Statement - If (linkLogmembername.equals(teamMeberName)): null

2018-09-15 10:49:28 - [TEST_STEP][PASSED] - Statement - out.println("Admin Console: " + linkUserName.get(i).getText()): null

2018-09-15 10:49:28 - [TEST_STEP][PASSED] - Statement - linkLogmembername = linkUserName.get(i).getText(): null

2018-09-15 10:49:28 - [TEST_STEP][PASSED] - Statement - out.println("new Admin :" + linkLogmembername): null

2018-09-15 10:49:28 - [TEST_STEP][PASSED] - Statement - If (linkLogmembername.equals(teamMeberName)): null

2018-09-15 10:49:28 - [TEST_STEP][PASSED] - Statement - out.println("Admin Console: " + linkUserName.get(i).getText()): null

2018-09-15 10:49:28 - [TEST_STEP][PASSED] - Statement - linkLogmembername = linkUserName.get(i).getText(): null

2018-09-15 10:49:28 - [TEST_STEP][PASSED] - Statement - out.println("new Admin :" + linkLogmembername): null

2018-09-15 10:49:28 - [TEST_STEP][PASSED] - Statement - If (linkLogmembername.equals(teamMeberName)): null

2018-09-15 10:49:28 - [TEST_STEP][PASSED] - Statement - out.println("Admin Console: " + linkUserName.get(i).getText()): null

2018-09-15 10:49:28 - [TEST_STEP][PASSED] - Statement - linkLogmembername = linkUserName.get(i).getText(): null

2018-09-15 10:49:28 - [TEST_STEP][PASSED] - Statement - out.println("new Admin :" + linkLogmembername): null

2018-09-15 10:49:28 - [TEST_STEP][PASSED] - Statement - If (linkLogmembername.equals(teamMeberName)): null

2018-09-15 10:49:28 - [TEST_STEP][PASSED] - Statement - out.println("Admin Console: " + linkUserName.get(i).getText()): null

2018-09-15 10:49:28 - [TEST_STEP][PASSED] - Statement - linkLogmembername = linkUserName.get(i).getText(): null

2018-09-15 10:49:28 - [TEST_STEP][PASSED] - Statement - out.println("new Admin :" + linkLogmembername): null

2018-09-15 10:49:28 - [TEST_STEP][PASSED] - Statement - If (linkLogmembername.equals(teamMeberName)): null

2018-09-15 10:49:28 - [TEST_STEP][PASSED] - Statement - out.println("Admin Console: " + linkUserName.get(i).getText()): null

2018-09-15 10:49:28 - [TEST_STEP][PASSED] - Statement - linkLogmembername = linkUserName.get(i).getText(): null

2018-09-15 10:49:28 - [TEST_STEP][PASSED] - Statement - out.println("new Admin :" + linkLogmembername): null

2018-09-15 10:49:28 - [TEST_STEP][PASSED] - Statement - If (linkLogmembername.equals(teamMeberName)): null

2018-09-15 10:49:28 - [TEST_STEP][PASSED] - Statement - out.println("Admin Console: " + linkUserName.get(i).getText()): null

2018-09-15 10:49:28 - [TEST_STEP][PASSED] - Statement - linkLogmembername = linkUserName.get(i).getText(): null

2018-09-15 10:49:28 - [TEST_STEP][PASSED] - Statement - out.println("new Admin :" + linkLogmembername): null

2018-09-15 10:49:28 - [TEST_STEP][PASSED] - Statement - If (linkLogmembername.equals(teamMeberName)): null

2018-09-15 10:49:28 - [TEST_STEP][PASSED] - Statement - out.println("Admin Console: " + linkUserName.get(i).getText()): null

2018-09-15 10:49:28 - [TEST_STEP][PASSED] - Statement - linkLogmembername = linkUserName.get(i).getText(): null

2018-09-15 10:49:28 - [TEST_STEP][PASSED] - Statement - out.println("new Admin :" + linkLogmembername): null

2018-09-15 10:49:28 - [TEST_STEP][PASSED] - Statement - If (linkLogmembername.equals(teamMeberName)): null

2018-09-15 10:49:28 - [TEST_STEP][PASSED] - Statement - out.println("Admin Console: " + linkUserName.get(i).getText()): null

2018-09-15 10:49:28 - [TEST_STEP][PASSED] - Statement - linkLogmembername = linkUserName.get(i).getText(): null

2018-09-15 10:49:29 - [TEST_STEP][PASSED] - Statement - out.println("new Admin :" + linkLogmembername): null

2018-09-15 10:49:29 - [TEST_STEP][PASSED] - Statement - If (linkLogmembername.equals(teamMeberName)): null

2018-09-15 10:49:29 - [TEST_STEP][PASSED] - Statement - out.println("Admin Console: " + linkUserName.get(i).getText()): null

2018-09-15 10:49:29 - [TEST_STEP][PASSED] - Statement - linkLogmembername = linkUserName.get(i).getText(): null

2018-09-15 10:49:29 - [TEST_STEP][PASSED] - Statement - out.println("new Admin :" + linkLogmembername): null

2018-09-15 10:49:29 - [TEST_STEP][PASSED] - Statement - If (linkLogmembername.equals(teamMeberName)): null

2018-09-15 10:49:29 - [TEST_STEP][PASSED] - Statement - out.println("Admin Console: " + linkUserName.get(i).getText()): null

2018-09-15 10:49:29 - [TEST_STEP][PASSED] - Statement - linkLogmembername = linkUserName.get(i).getText(): null

2018-09-15 10:49:29 - [TEST_STEP][PASSED] - Statement - out.println("new Admin :" + linkLogmembername): null

2018-09-15 10:49:29 - [TEST_STEP][PASSED] - Statement - If (linkLogmembername.equals(teamMeberName)): null

2018-09-15 10:49:29 - [TEST_STEP][PASSED] - Statement - out.println("Admin Console: " + linkUserName.get(i).getText()): null

2018-09-15 10:49:29 - [TEST_STEP][PASSED] - Statement - linkLogmembername = linkUserName.get(i).getText(): null

2018-09-15 10:49:29 - [TEST_STEP][PASSED] - Statement - out.println("new Admin :" + linkLogmembername): null

2018-09-15 10:49:29 - [TEST_STEP][PASSED] - Statement - If (linkLogmembername.equals(teamMeberName)): null

2018-09-15 10:49:29 - [TEST_STEP][PASSED] - Statement - out.println("Admin Console: " + linkUserName.get(i).getText()): null

2018-09-15 10:49:29 - [TEST_STEP][PASSED] - Statement - linkLogmembername = linkUserName.get(i).getText(): null

2018-09-15 10:49:29 - [TEST_STEP][PASSED] - Statement - out.println("new Admin :" + linkLogmembername): null

2018-09-15 10:49:29 - [TEST_STEP][PASSED] - Statement - If (linkLogmembername.equals(teamMeberName)): null

2018-09-15 10:49:29 - [TEST_STEP][PASSED] - Statement - out.println("Admin Console: " + linkUserName.get(i).getText()): null

2018-09-15 10:49:29 - [TEST_STEP][PASSED] - Statement - linkLogmembername = linkUserName.get(i).getText(): null

2018-09-15 10:49:29 - [TEST_STEP][PASSED] - Statement - out.println("new Admin :" + linkLogmembername): null

2018-09-15 10:49:29 - [TEST_STEP][PASSED] - Statement - If (linkLogmembername.equals(teamMeberName)): null

2018-09-15 10:49:29 - [TEST_STEP][PASSED] - Statement - out.println("Admin Console: " + linkUserName.get(i).getText()): null

2018-09-15 10:49:29 - [TEST_STEP][PASSED] - Statement - linkLogmembername = linkUserName.get(i).getText(): null

2018-09-15 10:49:29 - [TEST_STEP][PASSED] - Statement - out.println("new Admin :" + linkLogmembername): null

2018-09-15 10:49:29 - [TEST_STEP][PASSED] - Statement - If (linkLogmembername.equals(teamMeberName)): null

2018-09-15 10:49:29 - [TEST_STEP][PASSED] - Statement - out.println("Admin Console: " + linkUserName.get(i).getText()): null

2018-09-15 10:49:29 - [TEST_STEP][PASSED] - Statement - linkLogmembername = linkUserName.get(i).getText(): null

2018-09-15 10:49:29 - [TEST_STEP][PASSED] - Statement - out.println("new Admin :" + linkLogmembername): null

2018-09-15 10:49:29 - [TEST_STEP][PASSED] - Statement - If (linkLogmembername.equals(teamMeberName)): null

2018-09-15 10:49:29 - [TEST_STEP][PASSED] - Statement - out.println("Admin Console: " + linkUserName.get(i).getText()): null

2018-09-15 10:49:29 - [TEST_STEP][PASSED] - Statement - linkLogmembername = linkUserName.get(i).getText(): null

2018-09-15 10:49:29 - [TEST_STEP][PASSED] - Statement - out.println("new Admin :" + linkLogmembername): null

2018-09-15 10:49:29 - [TEST_STEP][PASSED] - Statement - If (linkLogmembername.equals(teamMeberName)): null

2018-09-15 10:49:29 - [TEST_STEP][PASSED] - Statement - out.println("Admin Console: " + linkUserName.get(i).getText()): null

2018-09-15 10:49:29 - [TEST_STEP][PASSED] - Statement - linkLogmembername = linkUserName.get(i).getText(): null

2018-09-15 10:49:29 - [TEST_STEP][PASSED] - Statement - out.println("new Admin :" + linkLogmembername): null

2018-09-15 10:49:29 - [TEST_STEP][PASSED] - Statement - If (linkLogmembername.equals(teamMeberName)): null

2018-09-15 10:49:29 - [TEST_STEP][PASSED] - Statement - out.println("Admin Console: " + linkUserName.get(i).getText()): null

2018-09-15 10:49:29 - [TEST_STEP][PASSED] - Statement - linkLogmembername = linkUserName.get(i).getText(): null

2018-09-15 10:49:29 - [TEST_STEP][PASSED] - Statement - out.println("new Admin :" + linkLogmembername): null

2018-09-15 10:49:29 - [TEST_STEP][PASSED] - Statement - If (linkLogmembername.equals(teamMeberName)): null

2018-09-15 10:49:29 - [TEST_STEP][PASSED] - Statement - out.println("Admin Console: " + linkUserName.get(i).getText()): null

2018-09-15 10:49:29 - [TEST_STEP][PASSED] - Statement - linkLogmembername = linkUserName.get(i).getText(): null

2018-09-15 10:49:29 - [TEST_STEP][PASSED] - Statement - out.println("new Admin :" + linkLogmembername): null

2018-09-15 10:49:29 - [TEST_STEP][PASSED] - Statement - If (linkLogmembername.equals(teamMeberName)): null

2018-09-15 10:49:29 - [TEST_STEP][PASSED] - Statement - out.println("Admin Console: " + linkUserName.get(i).getText()): null

2018-09-15 10:49:29 - [TEST_STEP][PASSED] - Statement - linkLogmembername = linkUserName.get(i).getText(): null

2018-09-15 10:49:29 - [TEST_STEP][PASSED] - Statement - out.println("new Admin :" + linkLogmembername): null

2018-09-15 10:49:29 - [TEST_STEP][PASSED] - Statement - If (linkLogmembername.equals(teamMeberName)): null

2018-09-15 10:49:29 - [TEST_STEP][PASSED] - Statement - out.println("Admin Console: " + linkUserName.get(i).getText()): null

2018-09-15 10:49:29 - [TEST_STEP][PASSED] - Statement - linkLogmembername = linkUserName.get(i).getText(): null

2018-09-15 10:49:29 - [TEST_STEP][PASSED] - Statement - out.println("new Admin :" + linkLogmembername): null

2018-09-15 10:49:29 - [TEST_STEP][PASSED] - Statement - If (linkLogmembername.equals(teamMeberName)): null

2018-09-15 10:49:29 - [TEST_STEP][PASSED] - Statement - out.println("Admin Console: " + linkUserName.get(i).getText()): null

2018-09-15 10:49:29 - [TEST_STEP][PASSED] - Statement - linkLogmembername = linkUserName.get(i).getText(): null

2018-09-15 10:49:29 - [TEST_STEP][PASSED] - Statement - out.println("new Admin :" + linkLogmembername): null

2018-09-15 10:49:29 - [TEST_STEP][PASSED] - Statement - If (linkLogmembername.equals(teamMeberName)): null

2018-09-15 10:49:29 - [TEST_STEP][PASSED] - Statement - out.println("Admin Console: " + linkUserName.get(i).getText()): null

2018-09-15 10:49:29 - [TEST_STEP][PASSED] - Statement - linkLogmembername = linkUserName.get(i).getText(): null

2018-09-15 10:49:29 - [TEST_STEP][PASSED] - Statement - out.println("new Admin :" + linkLogmembername): null

2018-09-15 10:49:29 - [TEST_STEP][PASSED] - Statement - If (linkLogmembername.equals(teamMeberName)): null

2018-09-15 10:49:29 - [TEST_STEP][PASSED] - Statement - out.println("Admin Console: " + linkUserName.get(i).getText()): null

2018-09-15 10:49:29 - [TEST_STEP][PASSED] - Statement - linkLogmembername = linkUserName.get(i).getText(): null

2018-09-15 10:49:29 - [TEST_STEP][PASSED] - Statement - out.println("new Admin :" + linkLogmembername): null

2018-09-15 10:49:29 - [TEST_STEP][PASSED] - Statement - If (linkLogmembername.equals(teamMeberName)): null

2018-09-15 10:49:29 - [TEST_STEP][PASSED] - Statement - out.println("Admin Console: " + linkUserName.get(i).getText()): null

2018-09-15 10:49:29 - [TEST_STEP][PASSED] - Statement - linkLogmembername = linkUserName.get(i).getText(): null

2018-09-15 10:49:29 - [TEST_STEP][PASSED] - Statement - out.println("new Admin :" + linkLogmembername): null

2018-09-15 10:49:29 - [TEST_STEP][PASSED] - Statement - If (linkLogmembername.equals(teamMeberName)): null

2018-09-15 10:49:29 - [TEST_STEP][PASSED] - Statement - out.println("Admin Console: " + linkUserName.get(i).getText()): null

2018-09-15 10:49:29 - [TEST_STEP][PASSED] - Statement - linkLogmembername = linkUserName.get(i).getText(): null

2018-09-15 10:49:29 - [TEST_STEP][PASSED] - Statement - out.println("new Admin :" + linkLogmembername): null

2018-09-15 10:49:29 - [TEST_STEP][PASSED] - Statement - If (linkLogmembername.equals(teamMeberName)): null

2018-09-15 10:49:29 - [TEST_STEP][PASSED] - Statement - out.println("Admin Console: " + linkUserName.get(i).getText()): null

2018-09-15 10:49:29 - [TEST_STEP][PASSED] - Statement - linkLogmembername = linkUserName.get(i).getText(): null

2018-09-15 10:49:29 - [TEST_STEP][PASSED] - Statement - out.println("new Admin :" + linkLogmembername): null

2018-09-15 10:49:29 - [TEST_STEP][PASSED] - Statement - If (linkLogmembername.equals(teamMeberName)): null

2018-09-15 10:49:29 - [TEST_STEP][PASSED] - Statement - out.println("Admin Console: " + linkUserName.get(i).getText()): null

2018-09-15 10:49:30 - [TEST_STEP][PASSED] - Statement - linkLogmembername = linkUserName.get(i).getText(): null

2018-09-15 10:49:30 - [TEST_STEP][PASSED] - Statement - out.println("new Admin :" + linkLogmembername): null

2018-09-15 10:49:30 - [TEST_STEP][PASSED] - Statement - If (linkLogmembername.equals(teamMeberName)): null

2018-09-15 10:49:30 - [TEST_STEP][PASSED] - Statement - out.println("Admin Console: " + linkUserName.get(i).getText()): null

2018-09-15 10:49:30 - [TEST_STEP][PASSED] - Statement - linkLogmembername = linkUserName.get(i).getText(): null

2018-09-15 10:49:30 - [TEST_STEP][PASSED] - Statement - out.println("new Admin :" + linkLogmembername): null

2018-09-15 10:49:30 - [TEST_STEP][PASSED] - Statement - If (linkLogmembername.equals(teamMeberName)): null

2018-09-15 10:49:30 - [TEST_STEP][PASSED] - Statement - out.println("Admin Console: " + linkUserName.get(i).getText()): null

2018-09-15 10:49:30 - [TEST_STEP][PASSED] - Statement - linkLogmembername = linkUserName.get(i).getText(): null

2018-09-15 10:49:30 - [TEST_STEP][PASSED] - Statement - out.println("new Admin :" + linkLogmembername): null

2018-09-15 10:49:30 - [TEST_STEP][PASSED] - Statement - If (linkLogmembername.equals(teamMeberName)): null

2018-09-15 10:49:30 - [TEST_STEP][PASSED] - Statement - out.println("Admin Console: " + linkUserName.get(i).getText()): null

2018-09-15 10:49:30 - [TEST_STEP][PASSED] - Statement - linkLogmembername = linkUserName.get(i).getText(): null

2018-09-15 10:49:30 - [TEST_STEP][PASSED] - Statement - out.println("new Admin :" + linkLogmembername): null

2018-09-15 10:49:30 - [TEST_STEP][PASSED] - Statement - If (linkLogmembername.equals(teamMeberName)): null

2018-09-15 10:49:30 - [TEST_STEP][PASSED] - Statement - out.println("Admin Console: " + linkUserName.get(i).getText()): null

2018-09-15 10:49:30 - [TEST_STEP][PASSED] - Statement - linkLogmembername = linkUserName.get(i).getText(): null

2018-09-15 10:49:30 - [TEST_STEP][PASSED] - Statement - out.println("new Admin :" + linkLogmembername): null

2018-09-15 10:49:30 - [TEST_STEP][PASSED] - Statement - If (linkLogmembername.equals(teamMeberName)): null

2018-09-15 10:49:30 - [TEST_STEP][PASSED] - Statement - out.println("Admin Console: " + linkUserName.get(i).getText()): null

2018-09-15 10:49:30 - [TEST_STEP][PASSED] - Statement - linkLogmembername = linkUserName.get(i).getText(): null

2018-09-15 10:49:30 - [TEST_STEP][PASSED] - Statement - out.println("new Admin :" + linkLogmembername): null

2018-09-15 10:49:30 - [TEST_STEP][PASSED] - Statement - If (linkLogmembername.equals(teamMeberName)): null

2018-09-15 10:49:30 - [TEST_STEP][PASSED] - Statement - out.println("Admin Console: " + linkUserName.get(i).getText()): null

2018-09-15 10:49:30 - [TEST_STEP][PASSED] - Statement - linkLogmembername = linkUserName.get(i).getText(): null

2018-09-15 10:49:30 - [TEST_STEP][PASSED] - Statement - out.println("new Admin :" + linkLogmembername): null

2018-09-15 10:49:30 - [TEST_STEP][PASSED] - Statement - If (linkLogmembername.equals(teamMeberName)): null

2018-09-15 10:49:30 - [TEST_STEP][PASSED] - Statement - out.println("Admin Console: " + linkUserName.get(i).getText()): null

2018-09-15 10:49:30 - [TEST_STEP][PASSED] - Statement - linkLogmembername = linkUserName.get(i).getText(): null

2018-09-15 10:49:30 - [TEST_STEP][PASSED] - Statement - out.println("new Admin :" + linkLogmembername): null

2018-09-15 10:49:30 - [TEST_STEP][PASSED] - Statement - If (linkLogmembername.equals(teamMeberName)): null

2018-09-15 10:49:30 - [TEST_STEP][PASSED] - Statement - If (com.kms.katalon.core.webui.keyword.WebUiBuiltInKeywords.verifyElementPresent(com.kms.katalon.core.testobject.ObjectRepository.findTestObject(Object Repository/linkLog/customerProfileDetails), 5, OPTIONAL)): null

2018-09-15 10:49:30 - [MESSAGE][PASSED] - Object 'Object Repository/linkLog/customerProfileDetails' is present

2018-09-15 10:49:30 - [TEST_STEP][PASSED] - Statement - println("open link log successful"): null

2018-09-15 10:49:30 - [TEST_STEP][PASSED] - click: Object: 'Object Repository/linkLog/editButton' is clicked on

2018-09-15 10:49:30 - [MESSAGE][PASSED] - Object: 'Object Repository/linkLog/editButton' is clicked on

2018-09-15 10:49:30 - [TEST_STEP][PASSED] - setText: Text 'sibJBaZbEQ@gmail.com' is set on object 'Object Repository/customerDetailsEdit/emailInputBox'

2018-09-15 10:49:30 - [MESSAGE][PASSED] - newPackage.newKeyword.randomString is PASSED

2018-09-15 10:49:31 - [MESSAGE][PASSED] - Text 'sibJBaZbEQ@gmail.com' is set on object 'Object Repository/customerDetailsEdit/emailInputBox'

2018-09-15 10:49:31 - [TEST_STEP][PASSED] - click: Object: 'Object Repository/customerDetailsEdit/saveButtonObject' is clicked on

2018-09-15 10:49:31 - [MESSAGE][PASSED] - Object: 'Object Repository/customerDetailsEdit/saveButtonObject' is clicked on

2018-09-15 10:49:31 - [TEST_STEP][PASSED] - Statement - If (com.kms.katalon.core.webui.keyword.WebUiBuiltInKeywords.verifyElementPresent(com.kms.katalon.core.testobject.ObjectRepository.findTestObject(Dashboard_Link Generator/validation), 5)): null

2018-09-15 10:49:33 - [MESSAGE][PASSED] - Object 'Object Repository/Dashboard_Link Generator/validation' is present

2018-09-15 10:49:33 - [TEST_STEP][PASSED] - Statement - validationMessage = com.kms.katalon.core.webui.keyword.WebUiBuiltInKeywords.getText(com.kms.katalon.core.testobject.ObjectRepository.findTestObject(Dashboard_Link Generator/validation)): Text of object 'Object Repository/Dashboard_Link Generator/validation' is: 'Details Updated, Please refresh logs for updated details'

2018-09-15 10:49:33 - [MESSAGE][PASSED] - Text of object 'Object Repository/Dashboard_Link Generator/validation' is: 'Details Updated, Please refresh logs for updated details'

2018-09-15 10:49:33 - [TEST_STEP][PASSED] - verifyMatch: Actual text 'Details Updated, Please refresh logs for updated details' and expected text 'Details Updated, Please refresh logs for updated details' are matched 

2018-09-15 10:49:33 - [MESSAGE][PASSED] - Actual text 'Details Updated, Please refresh logs for updated details' and expected text 'Details Updated, Please refresh logs for updated details' are matched 

2018-09-15 10:49:33 - [TEST_STEP][PASSED] - Statement - println("successful"): null

2018-09-15 10:49:33 - [TEST_STEP][PASSED] - clickOffset: Object: 'Object Repository/customerDetailsEdit/customerDetailScreen' is clicked on using offset x=100 and y=200

2018-09-15 10:49:33 - [MESSAGE][PASSED] - Object: 'Object Repository/customerDetailsEdit/customerDetailScreen' is clicked on using offset x=100 and y=200

2018-09-15 10:49:33 - [TEST_STEP][PASSED] - click: Object: 'Object Repository/customerDetailsEdit/refreshButton' is clicked on

2018-09-15 10:49:33 - [MESSAGE][PASSED] - Object: 'Object Repository/customerDetailsEdit/refreshButton' is clicked on]]></system-out>
         <system-err><![CDATA[]]></system-err>
      </testcase>
      <testcase name="Test Cases/completed/TestCase4_EditCustomerDetails/EnterNameAndSaveCustDetails" classname="Test Cases/completed/TestCase4_EditCustomerDetails/EnterNameAndSaveCustDetails" status="PASSED">
         <system-out><![CDATA[2018-09-15 10:49:33 - [TEST_CASE][PASSED] - Test Cases/completed/TestCase4_EditCustomerDetails/EnterNameAndSaveCustDetails: Test Cases/completed/TestCase4_EditCustomerDetails/EnterNameAndSaveCustDetails

2018-09-15 10:49:33 - [TEST_STEP][PASSED] - callTestCase: Call Test Case 'Test Cases/BVT/aSimple_Login' successfully

2018-09-15 10:49:33 - [TEST_CASE][PASSED] - Test Cases/BVT/aSimple_Login: Test Cases/BVT/aSimple_Login

2018-09-15 10:49:33 - [TEST_STEP][PASSED] - openBrowser: Browser is opened with url: ''

2018-09-15 10:49:33 - [MESSAGE][WARNING] - A browser is already opened. Closing browser and opening a new one

2018-09-15 10:49:36 - [MESSAGE][PASSED] - Browser is opened with url: ''

2018-09-15 10:49:36 - [TEST_STEP][PASSED] - maximizeWindow: Current window maximized

2018-09-15 10:49:37 - [MESSAGE][PASSED] - Current window maximized

2018-09-15 10:49:37 - [TEST_STEP][PASSED] - navigateToUrl: Navigate to 'https://dev.vcalling.in/enterprises/UAT/Dashboard/index.html' successfully

2018-09-15 10:49:41 - [MESSAGE][PASSED] - Navigate to 'https://dev.vcalling.in/enterprises/UAT/Dashboard/index.html' successfully

2018-09-15 10:49:41 - [TEST_STEP][PASSED] - setText: Text 'testing4dea@gmail.com' is set on object 'Object Repository/Login/UserId'

2018-09-15 10:49:41 - [MESSAGE][PASSED] - Text 'testing4dea@gmail.com' is set on object 'Object Repository/Login/UserId'

2018-09-15 10:49:41 - [TEST_STEP][PASSED] - click: Object: 'Object Repository/Login/div_GET OTP' is clicked on

2018-09-15 10:49:41 - [MESSAGE][PASSED] - Object: 'Object Repository/Login/div_GET OTP' is clicked on

2018-09-15 10:49:41 - [TEST_STEP][PASSED] - waitForElementPresent: Object 'Object Repository/Login/div_SUBMIT' is present

2018-09-15 10:49:43 - [MESSAGE][PASSED] - Object 'Object Repository/Login/div_SUBMIT' is present

2018-09-15 10:49:43 - [TEST_STEP][PASSED] - Statement - If (com.kms.katalon.core.webui.keyword.WebUiBuiltInKeywords.verifyElementNotPresent(com.kms.katalon.core.testobject.ObjectRepository.findTestObject(Login/div_SUBMIT), 5, OPTIONAL)): Web element with id: 'Object Repository/Login/div_SUBMIT' located by 'By.xpath: //div[(text() = ' SUBMIT ' or . = ' SUBMIT ')]' is present after '5' second(s)

2018-09-15 10:49:48 - [MESSAGE][WARNING] - Web element with id: 'Object Repository/Login/div_SUBMIT' located by 'By.xpath: //div[(text() = ' SUBMIT ' or . = ' SUBMIT ')]' is present after '5' second(s)
[[ATTACHMENT|C:\\Users\\Kaushal\\Desktop\\Katalon Studio\\vCallingDashboard\\Reports\\RegressionSuite\\20180915_103222\\1537004988408.png]]

2018-09-15 10:49:48 - [TEST_STEP][PASSED] - Statement - sleep(5000): null

2018-09-15 10:49:53 - [TEST_STEP][PASSED] - Statement - OTP = getOTP(): null

2018-09-15 10:49:53 - [TEST_STEP][PASSED] - Statement - host = "imap.gmail.com": null

2018-09-15 10:49:53 - [TEST_STEP][PASSED] - Statement - msg = <not implemented yet for class: org.codehaus.groovy.ast.expr.EmptyExpression>: null

2018-09-15 10:49:53 - [TEST_STEP][PASSED] - Statement - msgSub = <not implemented yet for class: org.codehaus.groovy.ast.expr.EmptyExpression>: null

2018-09-15 10:49:53 - [TEST_STEP][PASSED] - Statement - OTP = "unavailable": null

2018-09-15 10:49:53 - [TEST_STEP][PASSED] - Statement - props = new java.util.Properties(): null

2018-09-15 10:49:53 - [TEST_STEP][PASSED] - Statement - props.setProperty("mail.imap.ssl.enable", "true"): null

2018-09-15 10:49:53 - [TEST_STEP][PASSED] - Statement - session = javax.mail.Session.getInstance(props): null

2018-09-15 10:49:53 - [TEST_STEP][PASSED] - Statement - store = <not implemented yet for class: org.codehaus.groovy.ast.expr.EmptyExpression>: null

2018-09-15 10:49:53 - [TEST_STEP][PASSED] - Statement - Try: null

2018-09-15 10:49:53 - [TEST_STEP][PASSED] - Statement - store = session.getStore("imap"): null

2018-09-15 10:49:53 - [TEST_STEP][PASSED] - Statement - store.connect(host, Email, Password): null

2018-09-15 10:49:57 - [TEST_STEP][PASSED] - Statement - emailFolder = store.getFolder("INBOX"): null

2018-09-15 10:49:57 - [TEST_STEP][PASSED] - Statement - emailFolder.open(READ_WRITE): null

2018-09-15 10:49:58 - [TEST_STEP][PASSED] - Statement - messages = emailFolder.getMessages(): null

2018-09-15 10:49:58 - [TEST_STEP][PASSED] - Statement - n = length: null

2018-09-15 10:49:58 - [TEST_STEP][PASSED] - Statement - message = messages[n - 1]: null

2018-09-15 10:49:58 - [TEST_STEP][PASSED] - Statement - msgSub = message.getSubject(): null

2018-09-15 10:49:58 - [TEST_STEP][PASSED] - Statement - If (msgSub.equals("OTP to Sign In")): null

2018-09-15 10:49:58 - [TEST_STEP][PASSED] - Statement - msg = message.getContent().toString(): null

2018-09-15 10:50:00 - [TEST_STEP][PASSED] - Statement - OTP = msg.substring(msg.length() - 7): null

2018-09-15 10:50:00 - [TEST_STEP][PASSED] - Statement - message.setFlag(DELETED, true): null

2018-09-15 10:50:00 - [TEST_STEP][PASSED] - Statement - emailFolder.close(true): null

2018-09-15 10:50:01 - [TEST_STEP][PASSED] - Statement - store.close(): null

2018-09-15 10:50:01 - [TEST_STEP][PASSED] - Statement - return OTP: null

2018-09-15 10:50:01 - [TEST_STEP][PASSED] - Statement - If (OTP.equals("unavailable")): null

2018-09-15 10:50:01 - [TEST_STEP][PASSED] - Statement - Else: Text 'p3542
' is set on object 'Object Repository/Login/OtpInput'

2018-09-15 10:50:01 - [TEST_STEP][PASSED] - setText: Text 'p3542
' is set on object 'Object Repository/Login/OtpInput'

2018-09-15 10:50:01 - [MESSAGE][PASSED] - Text 'p3542
' is set on object 'Object Repository/Login/OtpInput'

2018-09-15 10:50:01 - [TEST_STEP][PASSED] - verifyElementPresent: Object 'Object Repository/Login/afterOpenDisplay' is present

2018-09-15 10:50:02 - [MESSAGE][PASSED] - Object 'Object Repository/Login/afterOpenDisplay' is present

2018-09-15 10:50:02 - [MESSAGE][PASSED] - Call Test Case 'Test Cases/BVT/aSimple_Login' successfully

2018-09-15 10:50:02 - [TEST_STEP][PASSED] - Statement - driver = com.kms.katalon.core.webui.driver.DriverFactory.getWebDriver(): null

2018-09-15 10:50:02 - [TEST_STEP][PASSED] - click: Object: 'Object Repository/Dashboard_Link Generator/linkgeneratorIcon' is clicked on

2018-09-15 10:50:03 - [MESSAGE][PASSED] - Object: 'Object Repository/Dashboard_Link Generator/linkgeneratorIcon' is clicked on

2018-09-15 10:50:03 - [TEST_STEP][PASSED] - Statement - x = CustomKeywords.newPackage.newKeyword.randomString(3).toLowerCase(): newPackage.newKeyword.randomString is PASSED

2018-09-15 10:50:03 - [MESSAGE][PASSED] - newPackage.newKeyword.randomString is PASSED

2018-09-15 10:50:03 - [TEST_STEP][PASSED] - Statement - teamMeberName = x: null

2018-09-15 10:50:03 - [TEST_STEP][PASSED] - setText: Text 'far' is set on object 'Object Repository/AddTeamMemberDashboard/name'

2018-09-15 10:50:04 - [MESSAGE][PASSED] - Text 'far' is set on object 'Object Repository/AddTeamMemberDashboard/name'

2018-09-15 10:50:04 - [TEST_STEP][PASSED] - setText: Text 'hjksFlXmQ0@gmail.com' is set on object 'Object Repository/AddTeamMemberDashboard/email'

2018-09-15 10:50:04 - [MESSAGE][PASSED] - newPackage.newKeyword.randomString is PASSED

2018-09-15 10:50:04 - [MESSAGE][PASSED] - Text 'hjksFlXmQ0@gmail.com' is set on object 'Object Repository/AddTeamMemberDashboard/email'

2018-09-15 10:50:04 - [TEST_STEP][PASSED] - setText: Text 'property' is set on object 'Object Repository/Dashboard_Link Generator/tag'

2018-09-15 10:50:04 - [MESSAGE][PASSED] - Text 'property' is set on object 'Object Repository/Dashboard_Link Generator/tag'

2018-09-15 10:50:04 - [TEST_STEP][PASSED] - click: Object: 'Object Repository/Dashboard_Link Generator/div_GET LINK' is clicked on

2018-09-15 10:50:04 - [MESSAGE][PASSED] - Object: 'Object Repository/Dashboard_Link Generator/div_GET LINK' is clicked on

2018-09-15 10:50:04 - [TEST_STEP][PASSED] - Statement - getLink = com.kms.katalon.core.webui.keyword.WebUiBuiltInKeywords.getAttribute(com.kms.katalon.core.testobject.ObjectRepository.findTestObject(Dashboard_Link Generator/input_link-text), "value"): Attribute 'value' of object 'Object Repository/Dashboard_Link Generator/input_link-text' is: 'https://dev.vcalling.in/url/UAT/?id=UAT-1-648'

2018-09-15 10:50:05 - [MESSAGE][PASSED] - Attribute 'value' of object 'Object Repository/Dashboard_Link Generator/input_link-text' is: 'https://dev.vcalling.in/url/UAT/?id=UAT-1-648'

2018-09-15 10:50:05 - [TEST_STEP][PASSED] - Statement - println(getLink): null

2018-09-15 10:50:05 - [TEST_STEP][PASSED] - click: Object: 'Object Repository/Dashboard_Link Generator/copyLink' is clicked on

2018-09-15 10:50:05 - [MESSAGE][PASSED] - Object: 'Object Repository/Dashboard_Link Generator/copyLink' is clicked on

2018-09-15 10:50:05 - [TEST_STEP][PASSED] - Statement - If (com.kms.katalon.core.webui.keyword.WebUiBuiltInKeywords.verifyElementPresent(com.kms.katalon.core.testobject.ObjectRepository.findTestObject(Dashboard_Link Generator/validation), 5, OPTIONAL)): null

2018-09-15 10:50:05 - [MESSAGE][PASSED] - Object 'Object Repository/Dashboard_Link Generator/validation' is present

2018-09-15 10:50:05 - [TEST_STEP][PASSED] - Statement - validationMessage = com.kms.katalon.core.webui.keyword.WebUiBuiltInKeywords.getText(com.kms.katalon.core.testobject.ObjectRepository.findTestObject(Dashboard_Link Generator/validation)): Text of object 'Object Repository/Dashboard_Link Generator/validation' is: 'Link Copied.!'

2018-09-15 10:50:05 - [MESSAGE][PASSED] - Text of object 'Object Repository/Dashboard_Link Generator/validation' is: 'Link Copied.!'

2018-09-15 10:50:05 - [TEST_STEP][PASSED] - verifyMatch: Actual text 'Link Copied.!' and expected text 'Link Copied.!' are matched 

2018-09-15 10:50:05 - [MESSAGE][PASSED] - Actual text 'Link Copied.!' and expected text 'Link Copied.!' are matched 

2018-09-15 10:50:05 - [TEST_STEP][PASSED] - Statement - println("successful"): null

2018-09-15 10:50:05 - [TEST_STEP][PASSED] - Statement - linkUserName = driver.findElements(org.openqa.selenium.By.className("text-link-log")): null

2018-09-15 10:50:05 - [TEST_STEP][PASSED] - Statement - previousCountValue = 0: null

2018-09-15 10:50:05 - [TEST_STEP][PASSED] - Statement - For ([i = 0, i < linkUserName.size(), (i++)]): null

2018-09-15 10:50:05 - [TEST_STEP][PASSED] - Statement - out.println("Admin Console: " + linkUserName.get(i).getText()): null

2018-09-15 10:50:05 - [TEST_STEP][PASSED] - Statement - linkLogmembername = linkUserName.get(i).getText(): null

2018-09-15 10:50:05 - [TEST_STEP][PASSED] - Statement - out.println("new Admin :" + linkLogmembername): null

2018-09-15 10:50:05 - [TEST_STEP][PASSED] - Statement - If (linkLogmembername.equals(teamMeberName)): null

2018-09-15 10:50:05 - [TEST_STEP][PASSED] - Statement - out.println("Admin Console: " + linkUserName.get(i).getText()): null

2018-09-15 10:50:05 - [TEST_STEP][PASSED] - Statement - linkLogmembername = linkUserName.get(i).getText(): null

2018-09-15 10:50:05 - [TEST_STEP][PASSED] - Statement - out.println("new Admin :" + linkLogmembername): null

2018-09-15 10:50:05 - [TEST_STEP][PASSED] - Statement - If (linkLogmembername.equals(teamMeberName)): null

2018-09-15 10:50:05 - [TEST_STEP][PASSED] - Statement - out.println("Admin Console: " + linkUserName.get(i).getText()): null

2018-09-15 10:50:05 - [TEST_STEP][PASSED] - Statement - linkLogmembername = linkUserName.get(i).getText(): null

2018-09-15 10:50:05 - [TEST_STEP][PASSED] - Statement - out.println("new Admin :" + linkLogmembername): null

2018-09-15 10:50:05 - [TEST_STEP][PASSED] - Statement - If (linkLogmembername.equals(teamMeberName)): null

2018-09-15 10:50:05 - [TEST_STEP][PASSED] - Statement - out.println("Admin Console: " + linkUserName.get(i).getText()): null

2018-09-15 10:50:05 - [TEST_STEP][PASSED] - Statement - linkLogmembername = linkUserName.get(i).getText(): null

2018-09-15 10:50:06 - [TEST_STEP][PASSED] - Statement - out.println("new Admin :" + linkLogmembername): null

2018-09-15 10:50:06 - [TEST_STEP][PASSED] - Statement - If (linkLogmembername.equals(teamMeberName)): null

2018-09-15 10:50:06 - [TEST_STEP][PASSED] - Statement - out.println("Admin Console: " + linkUserName.get(i).getText()): null

2018-09-15 10:50:06 - [TEST_STEP][PASSED] - Statement - linkLogmembername = linkUserName.get(i).getText(): null

2018-09-15 10:50:06 - [TEST_STEP][PASSED] - Statement - out.println("new Admin :" + linkLogmembername): null

2018-09-15 10:50:06 - [TEST_STEP][PASSED] - Statement - If (linkLogmembername.equals(teamMeberName)): null

2018-09-15 10:50:06 - [TEST_STEP][PASSED] - Statement - out.println("Admin Console: " + linkUserName.get(i).getText()): null

2018-09-15 10:50:06 - [TEST_STEP][PASSED] - Statement - linkLogmembername = linkUserName.get(i).getText(): null

2018-09-15 10:50:06 - [TEST_STEP][PASSED] - Statement - out.println("new Admin :" + linkLogmembername): null

2018-09-15 10:50:06 - [TEST_STEP][PASSED] - Statement - If (linkLogmembername.equals(teamMeberName)): null

2018-09-15 10:50:06 - [TEST_STEP][PASSED] - Statement - out.println("Admin Console: " + linkUserName.get(i).getText()): null

2018-09-15 10:50:06 - [TEST_STEP][PASSED] - Statement - linkLogmembername = linkUserName.get(i).getText(): null

2018-09-15 10:50:06 - [TEST_STEP][PASSED] - Statement - out.println("new Admin :" + linkLogmembername): null

2018-09-15 10:50:06 - [TEST_STEP][PASSED] - Statement - If (linkLogmembername.equals(teamMeberName)): null

2018-09-15 10:50:06 - [TEST_STEP][PASSED] - Statement - out.println("Admin Console: " + linkUserName.get(i).getText()): null

2018-09-15 10:50:06 - [TEST_STEP][PASSED] - Statement - linkLogmembername = linkUserName.get(i).getText(): null

2018-09-15 10:50:06 - [TEST_STEP][PASSED] - Statement - out.println("new Admin :" + linkLogmembername): null

2018-09-15 10:50:06 - [TEST_STEP][PASSED] - Statement - If (linkLogmembername.equals(teamMeberName)): null

2018-09-15 10:50:06 - [TEST_STEP][PASSED] - Statement - out.println("Admin Console: " + linkLogmembername): null

2018-09-15 10:50:06 - [TEST_STEP][PASSED] - Statement - linkUserName.get(i).click(): null

2018-09-15 10:50:06 - [TEST_STEP][PASSED] - Statement - out.println("Admin Console: " + linkUserName.get(i).getText()): null

2018-09-15 10:50:06 - [TEST_STEP][PASSED] - Statement - linkLogmembername = linkUserName.get(i).getText(): null

2018-09-15 10:50:06 - [TEST_STEP][PASSED] - Statement - out.println("new Admin :" + linkLogmembername): null

2018-09-15 10:50:06 - [TEST_STEP][PASSED] - Statement - If (linkLogmembername.equals(teamMeberName)): null

2018-09-15 10:50:06 - [TEST_STEP][PASSED] - Statement - out.println("Admin Console: " + linkUserName.get(i).getText()): null

2018-09-15 10:50:06 - [TEST_STEP][PASSED] - Statement - linkLogmembername = linkUserName.get(i).getText(): null

2018-09-15 10:50:06 - [TEST_STEP][PASSED] - Statement - out.println("new Admin :" + linkLogmembername): null

2018-09-15 10:50:06 - [TEST_STEP][PASSED] - Statement - If (linkLogmembername.equals(teamMeberName)): null

2018-09-15 10:50:06 - [TEST_STEP][PASSED] - Statement - out.println("Admin Console: " + linkUserName.get(i).getText()): null

2018-09-15 10:50:06 - [TEST_STEP][PASSED] - Statement - linkLogmembername = linkUserName.get(i).getText(): null

2018-09-15 10:50:06 - [TEST_STEP][PASSED] - Statement - out.println("new Admin :" + linkLogmembername): null

2018-09-15 10:50:06 - [TEST_STEP][PASSED] - Statement - If (linkLogmembername.equals(teamMeberName)): null

2018-09-15 10:50:06 - [TEST_STEP][PASSED] - Statement - out.println("Admin Console: " + linkUserName.get(i).getText()): null

2018-09-15 10:50:06 - [TEST_STEP][PASSED] - Statement - linkLogmembername = linkUserName.get(i).getText(): null

2018-09-15 10:50:06 - [TEST_STEP][PASSED] - Statement - out.println("new Admin :" + linkLogmembername): null

2018-09-15 10:50:06 - [TEST_STEP][PASSED] - Statement - If (linkLogmembername.equals(teamMeberName)): null

2018-09-15 10:50:06 - [TEST_STEP][PASSED] - Statement - out.println("Admin Console: " + linkUserName.get(i).getText()): null

2018-09-15 10:50:06 - [TEST_STEP][PASSED] - Statement - linkLogmembername = linkUserName.get(i).getText(): null

2018-09-15 10:50:06 - [TEST_STEP][PASSED] - Statement - out.println("new Admin :" + linkLogmembername): null

2018-09-15 10:50:06 - [TEST_STEP][PASSED] - Statement - If (linkLogmembername.equals(teamMeberName)): null

2018-09-15 10:50:06 - [TEST_STEP][PASSED] - Statement - out.println("Admin Console: " + linkUserName.get(i).getText()): null

2018-09-15 10:50:06 - [TEST_STEP][PASSED] - Statement - linkLogmembername = linkUserName.get(i).getText(): null

2018-09-15 10:50:06 - [TEST_STEP][PASSED] - Statement - out.println("new Admin :" + linkLogmembername): null

2018-09-15 10:50:06 - [TEST_STEP][PASSED] - Statement - If (linkLogmembername.equals(teamMeberName)): null

2018-09-15 10:50:06 - [TEST_STEP][PASSED] - Statement - out.println("Admin Console: " + linkUserName.get(i).getText()): null

2018-09-15 10:50:06 - [TEST_STEP][PASSED] - Statement - linkLogmembername = linkUserName.get(i).getText(): null

2018-09-15 10:50:06 - [TEST_STEP][PASSED] - Statement - out.println("new Admin :" + linkLogmembername): null

2018-09-15 10:50:06 - [TEST_STEP][PASSED] - Statement - If (linkLogmembername.equals(teamMeberName)): null

2018-09-15 10:50:06 - [TEST_STEP][PASSED] - Statement - out.println("Admin Console: " + linkUserName.get(i).getText()): null

2018-09-15 10:50:06 - [TEST_STEP][PASSED] - Statement - linkLogmembername = linkUserName.get(i).getText(): null

2018-09-15 10:50:06 - [TEST_STEP][PASSED] - Statement - out.println("new Admin :" + linkLogmembername): null

2018-09-15 10:50:06 - [TEST_STEP][PASSED] - Statement - If (linkLogmembername.equals(teamMeberName)): null

2018-09-15 10:50:06 - [TEST_STEP][PASSED] - Statement - out.println("Admin Console: " + linkUserName.get(i).getText()): null

2018-09-15 10:50:06 - [TEST_STEP][PASSED] - Statement - linkLogmembername = linkUserName.get(i).getText(): null

2018-09-15 10:50:06 - [TEST_STEP][PASSED] - Statement - out.println("new Admin :" + linkLogmembername): null

2018-09-15 10:50:06 - [TEST_STEP][PASSED] - Statement - If (linkLogmembername.equals(teamMeberName)): null

2018-09-15 10:50:06 - [TEST_STEP][PASSED] - Statement - out.println("Admin Console: " + linkUserName.get(i).getText()): null

2018-09-15 10:50:07 - [TEST_STEP][PASSED] - Statement - linkLogmembername = linkUserName.get(i).getText(): null

2018-09-15 10:50:07 - [TEST_STEP][PASSED] - Statement - out.println("new Admin :" + linkLogmembername): null

2018-09-15 10:50:07 - [TEST_STEP][PASSED] - Statement - If (linkLogmembername.equals(teamMeberName)): null

2018-09-15 10:50:07 - [TEST_STEP][PASSED] - Statement - out.println("Admin Console: " + linkUserName.get(i).getText()): null

2018-09-15 10:50:07 - [TEST_STEP][PASSED] - Statement - linkLogmembername = linkUserName.get(i).getText(): null

2018-09-15 10:50:07 - [TEST_STEP][PASSED] - Statement - out.println("new Admin :" + linkLogmembername): null

2018-09-15 10:50:07 - [TEST_STEP][PASSED] - Statement - If (linkLogmembername.equals(teamMeberName)): null

2018-09-15 10:50:07 - [TEST_STEP][PASSED] - Statement - out.println("Admin Console: " + linkUserName.get(i).getText()): null

2018-09-15 10:50:07 - [TEST_STEP][PASSED] - Statement - linkLogmembername = linkUserName.get(i).getText(): null

2018-09-15 10:50:07 - [TEST_STEP][PASSED] - Statement - out.println("new Admin :" + linkLogmembername): null

2018-09-15 10:50:07 - [TEST_STEP][PASSED] - Statement - If (linkLogmembername.equals(teamMeberName)): null

2018-09-15 10:50:07 - [TEST_STEP][PASSED] - Statement - out.println("Admin Console: " + linkUserName.get(i).getText()): null

2018-09-15 10:50:07 - [TEST_STEP][PASSED] - Statement - linkLogmembername = linkUserName.get(i).getText(): null

2018-09-15 10:50:07 - [TEST_STEP][PASSED] - Statement - out.println("new Admin :" + linkLogmembername): null

2018-09-15 10:50:07 - [TEST_STEP][PASSED] - Statement - If (linkLogmembername.equals(teamMeberName)): null

2018-09-15 10:50:07 - [TEST_STEP][PASSED] - Statement - out.println("Admin Console: " + linkUserName.get(i).getText()): null

2018-09-15 10:50:07 - [TEST_STEP][PASSED] - Statement - linkLogmembername = linkUserName.get(i).getText(): null

2018-09-15 10:50:07 - [TEST_STEP][PASSED] - Statement - out.println("new Admin :" + linkLogmembername): null

2018-09-15 10:50:07 - [TEST_STEP][PASSED] - Statement - If (linkLogmembername.equals(teamMeberName)): null

2018-09-15 10:50:07 - [TEST_STEP][PASSED] - Statement - out.println("Admin Console: " + linkUserName.get(i).getText()): null

2018-09-15 10:50:07 - [TEST_STEP][PASSED] - Statement - linkLogmembername = linkUserName.get(i).getText(): null

2018-09-15 10:50:07 - [TEST_STEP][PASSED] - Statement - out.println("new Admin :" + linkLogmembername): null

2018-09-15 10:50:07 - [TEST_STEP][PASSED] - Statement - If (linkLogmembername.equals(teamMeberName)): null

2018-09-15 10:50:07 - [TEST_STEP][PASSED] - Statement - out.println("Admin Console: " + linkUserName.get(i).getText()): null

2018-09-15 10:50:07 - [TEST_STEP][PASSED] - Statement - linkLogmembername = linkUserName.get(i).getText(): null

2018-09-15 10:50:07 - [TEST_STEP][PASSED] - Statement - out.println("new Admin :" + linkLogmembername): null

2018-09-15 10:50:07 - [TEST_STEP][PASSED] - Statement - If (linkLogmembername.equals(teamMeberName)): null

2018-09-15 10:50:07 - [TEST_STEP][PASSED] - Statement - out.println("Admin Console: " + linkUserName.get(i).getText()): null

2018-09-15 10:50:07 - [TEST_STEP][PASSED] - Statement - linkLogmembername = linkUserName.get(i).getText(): null

2018-09-15 10:50:07 - [TEST_STEP][PASSED] - Statement - out.println("new Admin :" + linkLogmembername): null

2018-09-15 10:50:07 - [TEST_STEP][PASSED] - Statement - If (linkLogmembername.equals(teamMeberName)): null

2018-09-15 10:50:07 - [TEST_STEP][PASSED] - Statement - out.println("Admin Console: " + linkUserName.get(i).getText()): null

2018-09-15 10:50:07 - [TEST_STEP][PASSED] - Statement - linkLogmembername = linkUserName.get(i).getText(): null

2018-09-15 10:50:07 - [TEST_STEP][PASSED] - Statement - out.println("new Admin :" + linkLogmembername): null

2018-09-15 10:50:07 - [TEST_STEP][PASSED] - Statement - If (linkLogmembername.equals(teamMeberName)): null

2018-09-15 10:50:07 - [TEST_STEP][PASSED] - Statement - out.println("Admin Console: " + linkUserName.get(i).getText()): null

2018-09-15 10:50:07 - [TEST_STEP][PASSED] - Statement - linkLogmembername = linkUserName.get(i).getText(): null

2018-09-15 10:50:07 - [TEST_STEP][PASSED] - Statement - out.println("new Admin :" + linkLogmembername): null

2018-09-15 10:50:07 - [TEST_STEP][PASSED] - Statement - If (linkLogmembername.equals(teamMeberName)): null

2018-09-15 10:50:07 - [TEST_STEP][PASSED] - Statement - out.println("Admin Console: " + linkUserName.get(i).getText()): null

2018-09-15 10:50:07 - [TEST_STEP][PASSED] - Statement - linkLogmembername = linkUserName.get(i).getText(): null

2018-09-15 10:50:07 - [TEST_STEP][PASSED] - Statement - out.println("new Admin :" + linkLogmembername): null

2018-09-15 10:50:07 - [TEST_STEP][PASSED] - Statement - If (linkLogmembername.equals(teamMeberName)): null

2018-09-15 10:50:07 - [TEST_STEP][PASSED] - Statement - out.println("Admin Console: " + linkUserName.get(i).getText()): null

2018-09-15 10:50:07 - [TEST_STEP][PASSED] - Statement - linkLogmembername = linkUserName.get(i).getText(): null

2018-09-15 10:50:07 - [TEST_STEP][PASSED] - Statement - out.println("new Admin :" + linkLogmembername): null

2018-09-15 10:50:07 - [TEST_STEP][PASSED] - Statement - If (linkLogmembername.equals(teamMeberName)): null

2018-09-15 10:50:07 - [TEST_STEP][PASSED] - Statement - out.println("Admin Console: " + linkUserName.get(i).getText()): null

2018-09-15 10:50:07 - [TEST_STEP][PASSED] - Statement - linkLogmembername = linkUserName.get(i).getText(): null

2018-09-15 10:50:07 - [TEST_STEP][PASSED] - Statement - out.println("new Admin :" + linkLogmembername): null

2018-09-15 10:50:07 - [TEST_STEP][PASSED] - Statement - If (linkLogmembername.equals(teamMeberName)): null

2018-09-15 10:50:07 - [TEST_STEP][PASSED] - Statement - out.println("Admin Console: " + linkUserName.get(i).getText()): null

2018-09-15 10:50:07 - [TEST_STEP][PASSED] - Statement - linkLogmembername = linkUserName.get(i).getText(): null

2018-09-15 10:50:07 - [TEST_STEP][PASSED] - Statement - out.println("new Admin :" + linkLogmembername): null

2018-09-15 10:50:07 - [TEST_STEP][PASSED] - Statement - If (linkLogmembername.equals(teamMeberName)): null

2018-09-15 10:50:07 - [TEST_STEP][PASSED] - Statement - out.println("Admin Console: " + linkUserName.get(i).getText()): null

2018-09-15 10:50:07 - [TEST_STEP][PASSED] - Statement - linkLogmembername = linkUserName.get(i).getText(): null

2018-09-15 10:50:07 - [TEST_STEP][PASSED] - Statement - out.println("new Admin :" + linkLogmembername): null

2018-09-15 10:50:07 - [TEST_STEP][PASSED] - Statement - If (linkLogmembername.equals(teamMeberName)): null

2018-09-15 10:50:07 - [TEST_STEP][PASSED] - Statement - out.println("Admin Console: " + linkUserName.get(i).getText()): null

2018-09-15 10:50:07 - [TEST_STEP][PASSED] - Statement - linkLogmembername = linkUserName.get(i).getText(): null

2018-09-15 10:50:07 - [TEST_STEP][PASSED] - Statement - out.println("new Admin :" + linkLogmembername): null

2018-09-15 10:50:07 - [TEST_STEP][PASSED] - Statement - If (linkLogmembername.equals(teamMeberName)): null

2018-09-15 10:50:07 - [TEST_STEP][PASSED] - Statement - out.println("Admin Console: " + linkUserName.get(i).getText()): null

2018-09-15 10:50:07 - [TEST_STEP][PASSED] - Statement - linkLogmembername = linkUserName.get(i).getText(): null

2018-09-15 10:50:07 - [TEST_STEP][PASSED] - Statement - out.println("new Admin :" + linkLogmembername): null

2018-09-15 10:50:07 - [TEST_STEP][PASSED] - Statement - If (linkLogmembername.equals(teamMeberName)): null

2018-09-15 10:50:07 - [TEST_STEP][PASSED] - Statement - out.println("Admin Console: " + linkUserName.get(i).getText()): null

2018-09-15 10:50:07 - [TEST_STEP][PASSED] - Statement - linkLogmembername = linkUserName.get(i).getText(): null

2018-09-15 10:50:07 - [TEST_STEP][PASSED] - Statement - out.println("new Admin :" + linkLogmembername): null

2018-09-15 10:50:07 - [TEST_STEP][PASSED] - Statement - If (linkLogmembername.equals(teamMeberName)): null

2018-09-15 10:50:07 - [TEST_STEP][PASSED] - Statement - out.println("Admin Console: " + linkUserName.get(i).getText()): null

2018-09-15 10:50:07 - [TEST_STEP][PASSED] - Statement - linkLogmembername = linkUserName.get(i).getText(): null

2018-09-15 10:50:07 - [TEST_STEP][PASSED] - Statement - out.println("new Admin :" + linkLogmembername): null

2018-09-15 10:50:07 - [TEST_STEP][PASSED] - Statement - If (linkLogmembername.equals(teamMeberName)): null

2018-09-15 10:50:07 - [TEST_STEP][PASSED] - Statement - out.println("Admin Console: " + linkUserName.get(i).getText()): null

2018-09-15 10:50:07 - [TEST_STEP][PASSED] - Statement - linkLogmembername = linkUserName.get(i).getText(): null

2018-09-15 10:50:07 - [TEST_STEP][PASSED] - Statement - out.println("new Admin :" + linkLogmembername): null

2018-09-15 10:50:07 - [TEST_STEP][PASSED] - Statement - If (linkLogmembername.equals(teamMeberName)): null

2018-09-15 10:50:07 - [TEST_STEP][PASSED] - Statement - out.println("Admin Console: " + linkUserName.get(i).getText()): null

2018-09-15 10:50:07 - [TEST_STEP][PASSED] - Statement - linkLogmembername = linkUserName.get(i).getText(): null

2018-09-15 10:50:07 - [TEST_STEP][PASSED] - Statement - out.println("new Admin :" + linkLogmembername): null

2018-09-15 10:50:07 - [TEST_STEP][PASSED] - Statement - If (linkLogmembername.equals(teamMeberName)): null

2018-09-15 10:50:07 - [TEST_STEP][PASSED] - Statement - out.println("Admin Console: " + linkUserName.get(i).getText()): null

2018-09-15 10:50:08 - [TEST_STEP][PASSED] - Statement - linkLogmembername = linkUserName.get(i).getText(): null

2018-09-15 10:50:08 - [TEST_STEP][PASSED] - Statement - out.println("new Admin :" + linkLogmembername): null

2018-09-15 10:50:08 - [TEST_STEP][PASSED] - Statement - If (linkLogmembername.equals(teamMeberName)): null

2018-09-15 10:50:08 - [TEST_STEP][PASSED] - Statement - out.println("Admin Console: " + linkUserName.get(i).getText()): null

2018-09-15 10:50:08 - [TEST_STEP][PASSED] - Statement - linkLogmembername = linkUserName.get(i).getText(): null

2018-09-15 10:50:08 - [TEST_STEP][PASSED] - Statement - out.println("new Admin :" + linkLogmembername): null

2018-09-15 10:50:08 - [TEST_STEP][PASSED] - Statement - If (linkLogmembername.equals(teamMeberName)): null

2018-09-15 10:50:08 - [TEST_STEP][PASSED] - Statement - out.println("Admin Console: " + linkUserName.get(i).getText()): null

2018-09-15 10:50:08 - [TEST_STEP][PASSED] - Statement - linkLogmembername = linkUserName.get(i).getText(): null

2018-09-15 10:50:08 - [TEST_STEP][PASSED] - Statement - out.println("new Admin :" + linkLogmembername): null

2018-09-15 10:50:08 - [TEST_STEP][PASSED] - Statement - If (linkLogmembername.equals(teamMeberName)): null

2018-09-15 10:50:08 - [TEST_STEP][PASSED] - Statement - out.println("Admin Console: " + linkUserName.get(i).getText()): null

2018-09-15 10:50:08 - [TEST_STEP][PASSED] - Statement - linkLogmembername = linkUserName.get(i).getText(): null

2018-09-15 10:50:08 - [TEST_STEP][PASSED] - Statement - out.println("new Admin :" + linkLogmembername): null

2018-09-15 10:50:08 - [TEST_STEP][PASSED] - Statement - If (linkLogmembername.equals(teamMeberName)): null

2018-09-15 10:50:08 - [TEST_STEP][PASSED] - Statement - out.println("Admin Console: " + linkUserName.get(i).getText()): null

2018-09-15 10:50:08 - [TEST_STEP][PASSED] - Statement - linkLogmembername = linkUserName.get(i).getText(): null

2018-09-15 10:50:08 - [TEST_STEP][PASSED] - Statement - out.println("new Admin :" + linkLogmembername): null

2018-09-15 10:50:08 - [TEST_STEP][PASSED] - Statement - If (linkLogmembername.equals(teamMeberName)): null

2018-09-15 10:50:08 - [TEST_STEP][PASSED] - Statement - out.println("Admin Console: " + linkUserName.get(i).getText()): null

2018-09-15 10:50:08 - [TEST_STEP][PASSED] - Statement - linkLogmembername = linkUserName.get(i).getText(): null

2018-09-15 10:50:08 - [TEST_STEP][PASSED] - Statement - out.println("new Admin :" + linkLogmembername): null

2018-09-15 10:50:08 - [TEST_STEP][PASSED] - Statement - If (linkLogmembername.equals(teamMeberName)): null

2018-09-15 10:50:08 - [TEST_STEP][PASSED] - Statement - out.println("Admin Console: " + linkUserName.get(i).getText()): null

2018-09-15 10:50:08 - [TEST_STEP][PASSED] - Statement - linkLogmembername = linkUserName.get(i).getText(): null

2018-09-15 10:50:08 - [TEST_STEP][PASSED] - Statement - out.println("new Admin :" + linkLogmembername): null

2018-09-15 10:50:08 - [TEST_STEP][PASSED] - Statement - If (linkLogmembername.equals(teamMeberName)): null

2018-09-15 10:50:08 - [TEST_STEP][PASSED] - Statement - out.println("Admin Console: " + linkUserName.get(i).getText()): null

2018-09-15 10:50:08 - [TEST_STEP][PASSED] - Statement - linkLogmembername = linkUserName.get(i).getText(): null

2018-09-15 10:50:08 - [TEST_STEP][PASSED] - Statement - out.println("new Admin :" + linkLogmembername): null

2018-09-15 10:50:08 - [TEST_STEP][PASSED] - Statement - If (linkLogmembername.equals(teamMeberName)): null

2018-09-15 10:50:08 - [TEST_STEP][PASSED] - Statement - out.println("Admin Console: " + linkUserName.get(i).getText()): null

2018-09-15 10:50:08 - [TEST_STEP][PASSED] - Statement - linkLogmembername = linkUserName.get(i).getText(): null

2018-09-15 10:50:08 - [TEST_STEP][PASSED] - Statement - out.println("new Admin :" + linkLogmembername): null

2018-09-15 10:50:08 - [TEST_STEP][PASSED] - Statement - If (linkLogmembername.equals(teamMeberName)): null

2018-09-15 10:50:08 - [TEST_STEP][PASSED] - Statement - out.println("Admin Console: " + linkUserName.get(i).getText()): null

2018-09-15 10:50:08 - [TEST_STEP][PASSED] - Statement - linkLogmembername = linkUserName.get(i).getText(): null

2018-09-15 10:50:08 - [TEST_STEP][PASSED] - Statement - out.println("new Admin :" + linkLogmembername): null

2018-09-15 10:50:08 - [TEST_STEP][PASSED] - Statement - If (linkLogmembername.equals(teamMeberName)): null

2018-09-15 10:50:08 - [TEST_STEP][PASSED] - Statement - out.println("Admin Console: " + linkUserName.get(i).getText()): null

2018-09-15 10:50:08 - [TEST_STEP][PASSED] - Statement - linkLogmembername = linkUserName.get(i).getText(): null

2018-09-15 10:50:08 - [TEST_STEP][PASSED] - Statement - out.println("new Admin :" + linkLogmembername): null

2018-09-15 10:50:08 - [TEST_STEP][PASSED] - Statement - If (linkLogmembername.equals(teamMeberName)): null

2018-09-15 10:50:08 - [TEST_STEP][PASSED] - Statement - out.println("Admin Console: " + linkUserName.get(i).getText()): null

2018-09-15 10:50:08 - [TEST_STEP][PASSED] - Statement - linkLogmembername = linkUserName.get(i).getText(): null

2018-09-15 10:50:08 - [TEST_STEP][PASSED] - Statement - out.println("new Admin :" + linkLogmembername): null

2018-09-15 10:50:08 - [TEST_STEP][PASSED] - Statement - If (linkLogmembername.equals(teamMeberName)): null

2018-09-15 10:50:08 - [TEST_STEP][PASSED] - Statement - out.println("Admin Console: " + linkUserName.get(i).getText()): null

2018-09-15 10:50:08 - [TEST_STEP][PASSED] - Statement - linkLogmembername = linkUserName.get(i).getText(): null

2018-09-15 10:50:08 - [TEST_STEP][PASSED] - Statement - out.println("new Admin :" + linkLogmembername): null

2018-09-15 10:50:08 - [TEST_STEP][PASSED] - Statement - If (linkLogmembername.equals(teamMeberName)): null

2018-09-15 10:50:08 - [TEST_STEP][PASSED] - Statement - out.println("Admin Console: " + linkUserName.get(i).getText()): null

2018-09-15 10:50:08 - [TEST_STEP][PASSED] - Statement - linkLogmembername = linkUserName.get(i).getText(): null

2018-09-15 10:50:08 - [TEST_STEP][PASSED] - Statement - out.println("new Admin :" + linkLogmembername): null

2018-09-15 10:50:08 - [TEST_STEP][PASSED] - Statement - If (linkLogmembername.equals(teamMeberName)): null

2018-09-15 10:50:08 - [TEST_STEP][PASSED] - Statement - out.println("Admin Console: " + linkUserName.get(i).getText()): null

2018-09-15 10:50:08 - [TEST_STEP][PASSED] - Statement - linkLogmembername = linkUserName.get(i).getText(): null

2018-09-15 10:50:08 - [TEST_STEP][PASSED] - Statement - out.println("new Admin :" + linkLogmembername): null

2018-09-15 10:50:08 - [TEST_STEP][PASSED] - Statement - If (linkLogmembername.equals(teamMeberName)): null

2018-09-15 10:50:08 - [TEST_STEP][PASSED] - Statement - out.println("Admin Console: " + linkUserName.get(i).getText()): null

2018-09-15 10:50:08 - [TEST_STEP][PASSED] - Statement - linkLogmembername = linkUserName.get(i).getText(): null

2018-09-15 10:50:08 - [TEST_STEP][PASSED] - Statement - out.println("new Admin :" + linkLogmembername): null

2018-09-15 10:50:08 - [TEST_STEP][PASSED] - Statement - If (linkLogmembername.equals(teamMeberName)): null

2018-09-15 10:50:08 - [TEST_STEP][PASSED] - Statement - out.println("Admin Console: " + linkUserName.get(i).getText()): null

2018-09-15 10:50:08 - [TEST_STEP][PASSED] - Statement - linkLogmembername = linkUserName.get(i).getText(): null

2018-09-15 10:50:08 - [TEST_STEP][PASSED] - Statement - out.println("new Admin :" + linkLogmembername): null

2018-09-15 10:50:08 - [TEST_STEP][PASSED] - Statement - If (linkLogmembername.equals(teamMeberName)): null

2018-09-15 10:50:08 - [TEST_STEP][PASSED] - Statement - out.println("Admin Console: " + linkUserName.get(i).getText()): null

2018-09-15 10:50:08 - [TEST_STEP][PASSED] - Statement - linkLogmembername = linkUserName.get(i).getText(): null

2018-09-15 10:50:08 - [TEST_STEP][PASSED] - Statement - out.println("new Admin :" + linkLogmembername): null

2018-09-15 10:50:08 - [TEST_STEP][PASSED] - Statement - If (linkLogmembername.equals(teamMeberName)): null

2018-09-15 10:50:08 - [TEST_STEP][PASSED] - Statement - out.println("Admin Console: " + linkUserName.get(i).getText()): null

2018-09-15 10:50:08 - [TEST_STEP][PASSED] - Statement - linkLogmembername = linkUserName.get(i).getText(): null

2018-09-15 10:50:08 - [TEST_STEP][PASSED] - Statement - out.println("new Admin :" + linkLogmembername): null

2018-09-15 10:50:08 - [TEST_STEP][PASSED] - Statement - If (linkLogmembername.equals(teamMeberName)): null

2018-09-15 10:50:08 - [TEST_STEP][PASSED] - delay: Delayed 3 second(s)

2018-09-15 10:50:11 - [MESSAGE][PASSED] - Delayed 3 second(s)

2018-09-15 10:50:11 - [TEST_STEP][PASSED] - Statement - If (com.kms.katalon.core.webui.keyword.WebUiBuiltInKeywords.verifyElementPresent(com.kms.katalon.core.testobject.ObjectRepository.findTestObject(Object Repository/linkLog/customerProfileDetails), 5, OPTIONAL)): null

2018-09-15 10:50:12 - [MESSAGE][PASSED] - Object 'Object Repository/linkLog/customerProfileDetails' is present

2018-09-15 10:50:12 - [TEST_STEP][PASSED] - Statement - println("open link log successful"): null

2018-09-15 10:50:12 - [TEST_STEP][PASSED] - click: Object: 'Object Repository/linkLog/editButton' is clicked on

2018-09-15 10:50:12 - [MESSAGE][PASSED] - Object: 'Object Repository/linkLog/editButton' is clicked on

2018-09-15 10:50:12 - [TEST_STEP][PASSED] - sendKeys: Keys 'CONTROL + DELETE + a' sent to object: 'Object Repository/linkLog/nameEdit'

2018-09-15 10:50:12 - [MESSAGE][PASSED] - Keys 'CONTROL + DELETE + a' sent to object: 'Object Repository/linkLog/nameEdit'

2018-09-15 10:50:12 - [TEST_STEP][PASSED] - setText: Text 'fara' is set on object 'Object Repository/linkLog/nameEdit'

2018-09-15 10:50:12 - [MESSAGE][PASSED] - Text 'fara' is set on object 'Object Repository/linkLog/nameEdit'

2018-09-15 10:50:12 - [TEST_STEP][PASSED] - click: Object: 'Object Repository/customerDetailsEdit/saveButtonObject' is clicked on

2018-09-15 10:50:12 - [MESSAGE][PASSED] - Object: 'Object Repository/customerDetailsEdit/saveButtonObject' is clicked on

2018-09-15 10:50:12 - [TEST_STEP][PASSED] - Statement - If (com.kms.katalon.core.webui.keyword.WebUiBuiltInKeywords.verifyElementPresent(com.kms.katalon.core.testobject.ObjectRepository.findTestObject(Dashboard_Link Generator/validation), 5)): null

2018-09-15 10:50:13 - [MESSAGE][PASSED] - Object 'Object Repository/Dashboard_Link Generator/validation' is present

2018-09-15 10:50:13 - [TEST_STEP][PASSED] - Statement - validationMessage = com.kms.katalon.core.webui.keyword.WebUiBuiltInKeywords.getText(com.kms.katalon.core.testobject.ObjectRepository.findTestObject(Dashboard_Link Generator/validation)): Text of object 'Object Repository/Dashboard_Link Generator/validation' is: 'Details Updated, Please refresh logs for updated details'

2018-09-15 10:50:13 - [MESSAGE][PASSED] - Text of object 'Object Repository/Dashboard_Link Generator/validation' is: 'Details Updated, Please refresh logs for updated details'

2018-09-15 10:50:13 - [TEST_STEP][PASSED] - verifyMatch: Actual text 'Details Updated, Please refresh logs for updated details' and expected text 'Details Updated, Please refresh logs for updated details' are matched 

2018-09-15 10:50:13 - [MESSAGE][PASSED] - Actual text 'Details Updated, Please refresh logs for updated details' and expected text 'Details Updated, Please refresh logs for updated details' are matched 

2018-09-15 10:50:13 - [TEST_STEP][PASSED] - Statement - println("successful"): null

2018-09-15 10:50:13 - [TEST_STEP][PASSED] - clickOffset: Object: 'Object Repository/customerDetailsEdit/customerDetailScreen' is clicked on using offset x=100 and y=100

2018-09-15 10:50:13 - [MESSAGE][PASSED] - Object: 'Object Repository/customerDetailsEdit/customerDetailScreen' is clicked on using offset x=100 and y=100

2018-09-15 10:50:13 - [TEST_STEP][PASSED] - click: Object: 'Object Repository/customerDetailsEdit/refreshButton' is clicked on

2018-09-15 10:50:13 - [MESSAGE][PASSED] - Object: 'Object Repository/customerDetailsEdit/refreshButton' is clicked on]]></system-out>
         <system-err><![CDATA[]]></system-err>
      </testcase>
      <testcase name="Test Cases/completed/TestCase4_EditCustomerDetails/removeCustomerContactInTheDetails" classname="Test Cases/completed/TestCase4_EditCustomerDetails/removeCustomerContactInTheDetails" status="PASSED">
         <system-out><![CDATA[2018-09-15 10:50:13 - [TEST_CASE][PASSED] - Test Cases/completed/TestCase4_EditCustomerDetails/removeCustomerContactInTheDetails: Test Cases/completed/TestCase4_EditCustomerDetails/removeCustomerContactInTheDetails

2018-09-15 10:50:14 - [TEST_STEP][PASSED] - callTestCase: Call Test Case 'Test Cases/BVT/aSimple_Login' successfully

2018-09-15 10:50:14 - [TEST_CASE][PASSED] - Test Cases/BVT/aSimple_Login: Test Cases/BVT/aSimple_Login

2018-09-15 10:50:14 - [TEST_STEP][PASSED] - openBrowser: Browser is opened with url: ''

2018-09-15 10:50:14 - [MESSAGE][WARNING] - A browser is already opened. Closing browser and opening a new one

2018-09-15 10:50:17 - [MESSAGE][PASSED] - Browser is opened with url: ''

2018-09-15 10:50:17 - [TEST_STEP][PASSED] - maximizeWindow: Current window maximized

2018-09-15 10:50:18 - [MESSAGE][PASSED] - Current window maximized

2018-09-15 10:50:18 - [TEST_STEP][PASSED] - navigateToUrl: Navigate to 'https://dev.vcalling.in/enterprises/UAT/Dashboard/index.html' successfully

2018-09-15 10:50:22 - [MESSAGE][PASSED] - Navigate to 'https://dev.vcalling.in/enterprises/UAT/Dashboard/index.html' successfully

2018-09-15 10:50:22 - [TEST_STEP][PASSED] - setText: Text 'testing4dea@gmail.com' is set on object 'Object Repository/Login/UserId'

2018-09-15 10:50:22 - [MESSAGE][PASSED] - Text 'testing4dea@gmail.com' is set on object 'Object Repository/Login/UserId'

2018-09-15 10:50:22 - [TEST_STEP][PASSED] - click: Object: 'Object Repository/Login/div_GET OTP' is clicked on

2018-09-15 10:50:22 - [MESSAGE][PASSED] - Object: 'Object Repository/Login/div_GET OTP' is clicked on

2018-09-15 10:50:22 - [TEST_STEP][PASSED] - waitForElementPresent: Object 'Object Repository/Login/div_SUBMIT' is present

2018-09-15 10:50:24 - [MESSAGE][PASSED] - Object 'Object Repository/Login/div_SUBMIT' is present

2018-09-15 10:50:24 - [TEST_STEP][PASSED] - Statement - If (com.kms.katalon.core.webui.keyword.WebUiBuiltInKeywords.verifyElementNotPresent(com.kms.katalon.core.testobject.ObjectRepository.findTestObject(Login/div_SUBMIT), 5, OPTIONAL)): Web element with id: 'Object Repository/Login/div_SUBMIT' located by 'By.xpath: //div[(text() = ' SUBMIT ' or . = ' SUBMIT ')]' is present after '5' second(s)

2018-09-15 10:50:30 - [MESSAGE][WARNING] - Web element with id: 'Object Repository/Login/div_SUBMIT' located by 'By.xpath: //div[(text() = ' SUBMIT ' or . = ' SUBMIT ')]' is present after '5' second(s)
[[ATTACHMENT|C:\\Users\\Kaushal\\Desktop\\Katalon Studio\\vCallingDashboard\\Reports\\RegressionSuite\\20180915_103222\\1537005030031.png]]

2018-09-15 10:50:30 - [TEST_STEP][PASSED] - Statement - sleep(5000): null

2018-09-15 10:50:35 - [TEST_STEP][PASSED] - Statement - OTP = getOTP(): null

2018-09-15 10:50:35 - [TEST_STEP][PASSED] - Statement - host = "imap.gmail.com": null

2018-09-15 10:50:35 - [TEST_STEP][PASSED] - Statement - msg = <not implemented yet for class: org.codehaus.groovy.ast.expr.EmptyExpression>: null

2018-09-15 10:50:35 - [TEST_STEP][PASSED] - Statement - msgSub = <not implemented yet for class: org.codehaus.groovy.ast.expr.EmptyExpression>: null

2018-09-15 10:50:35 - [TEST_STEP][PASSED] - Statement - OTP = "unavailable": null

2018-09-15 10:50:35 - [TEST_STEP][PASSED] - Statement - props = new java.util.Properties(): null

2018-09-15 10:50:35 - [TEST_STEP][PASSED] - Statement - props.setProperty("mail.imap.ssl.enable", "true"): null

2018-09-15 10:50:35 - [TEST_STEP][PASSED] - Statement - session = javax.mail.Session.getInstance(props): null

2018-09-15 10:50:35 - [TEST_STEP][PASSED] - Statement - store = <not implemented yet for class: org.codehaus.groovy.ast.expr.EmptyExpression>: null

2018-09-15 10:50:35 - [TEST_STEP][PASSED] - Statement - Try: null

2018-09-15 10:50:35 - [TEST_STEP][PASSED] - Statement - store = session.getStore("imap"): null

2018-09-15 10:50:35 - [TEST_STEP][PASSED] - Statement - store.connect(host, Email, Password): null

2018-09-15 10:50:38 - [TEST_STEP][PASSED] - Statement - emailFolder = store.getFolder("INBOX"): null

2018-09-15 10:50:38 - [TEST_STEP][PASSED] - Statement - emailFolder.open(READ_WRITE): null

2018-09-15 10:50:39 - [TEST_STEP][PASSED] - Statement - messages = emailFolder.getMessages(): null

2018-09-15 10:50:39 - [TEST_STEP][PASSED] - Statement - n = length: null

2018-09-15 10:50:39 - [TEST_STEP][PASSED] - Statement - message = messages[n - 1]: null

2018-09-15 10:50:39 - [TEST_STEP][PASSED] - Statement - msgSub = message.getSubject(): null

2018-09-15 10:50:39 - [TEST_STEP][PASSED] - Statement - If (msgSub.equals("OTP to Sign In")): null

2018-09-15 10:50:39 - [TEST_STEP][PASSED] - Statement - msg = message.getContent().toString(): null

2018-09-15 10:50:41 - [TEST_STEP][PASSED] - Statement - OTP = msg.substring(msg.length() - 7): null

2018-09-15 10:50:41 - [TEST_STEP][PASSED] - Statement - message.setFlag(DELETED, true): null

2018-09-15 10:50:41 - [TEST_STEP][PASSED] - Statement - emailFolder.close(true): null

2018-09-15 10:50:42 - [TEST_STEP][PASSED] - Statement - store.close(): null

2018-09-15 10:50:42 - [TEST_STEP][PASSED] - Statement - return OTP: null

2018-09-15 10:50:42 - [TEST_STEP][PASSED] - Statement - If (OTP.equals("unavailable")): null

2018-09-15 10:50:42 - [TEST_STEP][PASSED] - Statement - Else: Text 'e1090
' is set on object 'Object Repository/Login/OtpInput'

2018-09-15 10:50:42 - [TEST_STEP][PASSED] - setText: Text 'e1090
' is set on object 'Object Repository/Login/OtpInput'

2018-09-15 10:50:42 - [MESSAGE][PASSED] - Text 'e1090
' is set on object 'Object Repository/Login/OtpInput'

2018-09-15 10:50:42 - [TEST_STEP][PASSED] - verifyElementPresent: Object 'Object Repository/Login/afterOpenDisplay' is present

2018-09-15 10:50:44 - [MESSAGE][PASSED] - Object 'Object Repository/Login/afterOpenDisplay' is present

2018-09-15 10:50:44 - [MESSAGE][PASSED] - Call Test Case 'Test Cases/BVT/aSimple_Login' successfully

2018-09-15 10:50:44 - [TEST_STEP][PASSED] - Statement - driver = com.kms.katalon.core.webui.driver.DriverFactory.getWebDriver(): null

2018-09-15 10:50:44 - [TEST_STEP][PASSED] - click: Object: 'Object Repository/Dashboard_Link Generator/linkgeneratorIcon' is clicked on

2018-09-15 10:50:44 - [MESSAGE][PASSED] - Object: 'Object Repository/Dashboard_Link Generator/linkgeneratorIcon' is clicked on

2018-09-15 10:50:44 - [TEST_STEP][PASSED] - Statement - x = CustomKeywords.newPackage.newKeyword.randomString(3).toLowerCase(): newPackage.newKeyword.randomString is PASSED

2018-09-15 10:50:44 - [MESSAGE][PASSED] - newPackage.newKeyword.randomString is PASSED

2018-09-15 10:50:44 - [TEST_STEP][PASSED] - Statement - teamMeberName = x: null

2018-09-15 10:50:44 - [TEST_STEP][PASSED] - setText: Text 'mpt' is set on object 'Object Repository/AddTeamMemberDashboard/name'

2018-09-15 10:50:44 - [MESSAGE][PASSED] - Text 'mpt' is set on object 'Object Repository/AddTeamMemberDashboard/name'

2018-09-15 10:50:44 - [TEST_STEP][PASSED] - setText: Text 'dbiD90h0m7@gmail.com' is set on object 'Object Repository/AddTeamMemberDashboard/email'

2018-09-15 10:50:44 - [MESSAGE][PASSED] - newPackage.newKeyword.randomString is PASSED

2018-09-15 10:50:45 - [MESSAGE][PASSED] - Text 'dbiD90h0m7@gmail.com' is set on object 'Object Repository/AddTeamMemberDashboard/email'

2018-09-15 10:50:45 - [TEST_STEP][PASSED] - Statement - number = CustomKeywords.phoneNumbers.contactNumbers.randomString(9): phoneNumbers.contactNumbers.randomString is PASSED

2018-09-15 10:50:45 - [MESSAGE][PASSED] - phoneNumbers.contactNumbers.randomString is PASSED

2018-09-15 10:50:45 - [TEST_STEP][PASSED] - Statement - Mobile_Number = number: null

2018-09-15 10:50:45 - [TEST_STEP][PASSED] - setText: Text '2009835141' is set on object 'Object Repository/Dashboard_Link Generator/contactNumber'

2018-09-15 10:50:45 - [MESSAGE][PASSED] - Text '2009835141' is set on object 'Object Repository/Dashboard_Link Generator/contactNumber'

2018-09-15 10:50:45 - [TEST_STEP][PASSED] - setText: Text 'property' is set on object 'Object Repository/Dashboard_Link Generator/tag'

2018-09-15 10:50:45 - [MESSAGE][PASSED] - Text 'property' is set on object 'Object Repository/Dashboard_Link Generator/tag'

2018-09-15 10:50:45 - [TEST_STEP][PASSED] - click: Object: 'Object Repository/Dashboard_Link Generator/div_GET LINK' is clicked on

2018-09-15 10:50:46 - [MESSAGE][PASSED] - Object: 'Object Repository/Dashboard_Link Generator/div_GET LINK' is clicked on

2018-09-15 10:50:46 - [TEST_STEP][PASSED] - Statement - getLink = com.kms.katalon.core.webui.keyword.WebUiBuiltInKeywords.getAttribute(com.kms.katalon.core.testobject.ObjectRepository.findTestObject(Dashboard_Link Generator/input_link-text), "value"): Attribute 'value' of object 'Object Repository/Dashboard_Link Generator/input_link-text' is: 'https://dev.vcalling.in/url/UAT/?id=UAT-1-649'

2018-09-15 10:50:46 - [MESSAGE][PASSED] - Attribute 'value' of object 'Object Repository/Dashboard_Link Generator/input_link-text' is: 'https://dev.vcalling.in/url/UAT/?id=UAT-1-649'

2018-09-15 10:50:46 - [TEST_STEP][PASSED] - Statement - println(getLink): null

2018-09-15 10:50:46 - [TEST_STEP][PASSED] - click: Object: 'Object Repository/Dashboard_Link Generator/copyLink' is clicked on

2018-09-15 10:50:46 - [MESSAGE][PASSED] - Object: 'Object Repository/Dashboard_Link Generator/copyLink' is clicked on

2018-09-15 10:50:46 - [TEST_STEP][PASSED] - Statement - If (com.kms.katalon.core.webui.keyword.WebUiBuiltInKeywords.verifyElementPresent(com.kms.katalon.core.testobject.ObjectRepository.findTestObject(Dashboard_Link Generator/validation), 5, OPTIONAL)): null

2018-09-15 10:50:46 - [MESSAGE][PASSED] - Object 'Object Repository/Dashboard_Link Generator/validation' is present

2018-09-15 10:50:46 - [TEST_STEP][PASSED] - Statement - validationMessage = com.kms.katalon.core.webui.keyword.WebUiBuiltInKeywords.getText(com.kms.katalon.core.testobject.ObjectRepository.findTestObject(Dashboard_Link Generator/validation)): Text of object 'Object Repository/Dashboard_Link Generator/validation' is: 'Link Copied.!'

2018-09-15 10:50:46 - [MESSAGE][PASSED] - Text of object 'Object Repository/Dashboard_Link Generator/validation' is: 'Link Copied.!'

2018-09-15 10:50:46 - [TEST_STEP][PASSED] - verifyMatch: Actual text 'Link Copied.!' and expected text 'Link Copied.!' are matched 

2018-09-15 10:50:46 - [MESSAGE][PASSED] - Actual text 'Link Copied.!' and expected text 'Link Copied.!' are matched 

2018-09-15 10:50:46 - [TEST_STEP][PASSED] - Statement - println("successful"): null

2018-09-15 10:50:46 - [TEST_STEP][PASSED] - Statement - linkUserName = driver.findElements(org.openqa.selenium.By.className("text-link-log")): null

2018-09-15 10:50:46 - [TEST_STEP][PASSED] - Statement - previousCountValue = 0: null

2018-09-15 10:50:46 - [TEST_STEP][PASSED] - Statement - For ([i = 0, i < linkUserName.size(), (i++)]): null

2018-09-15 10:50:46 - [TEST_STEP][PASSED] - Statement - out.println("Admin Console: " + linkUserName.get(i).getText()): null

2018-09-15 10:50:46 - [TEST_STEP][PASSED] - Statement - linkLogmembername = linkUserName.get(i).getText(): null

2018-09-15 10:50:46 - [TEST_STEP][PASSED] - Statement - out.println("new Admin :" + linkLogmembername): null

2018-09-15 10:50:46 - [TEST_STEP][PASSED] - Statement - If (linkLogmembername.equals(teamMeberName)): null

2018-09-15 10:50:46 - [TEST_STEP][PASSED] - Statement - out.println("Admin Console: " + linkUserName.get(i).getText()): null

2018-09-15 10:50:46 - [TEST_STEP][PASSED] - Statement - linkLogmembername = linkUserName.get(i).getText(): null

2018-09-15 10:50:46 - [TEST_STEP][PASSED] - Statement - out.println("new Admin :" + linkLogmembername): null

2018-09-15 10:50:46 - [TEST_STEP][PASSED] - Statement - If (linkLogmembername.equals(teamMeberName)): null

2018-09-15 10:50:46 - [TEST_STEP][PASSED] - Statement - out.println("Admin Console: " + linkUserName.get(i).getText()): null

2018-09-15 10:50:46 - [TEST_STEP][PASSED] - Statement - linkLogmembername = linkUserName.get(i).getText(): null

2018-09-15 10:50:46 - [TEST_STEP][PASSED] - Statement - out.println("new Admin :" + linkLogmembername): null

2018-09-15 10:50:46 - [TEST_STEP][PASSED] - Statement - If (linkLogmembername.equals(teamMeberName)): null

2018-09-15 10:50:46 - [TEST_STEP][PASSED] - Statement - out.println("Admin Console: " + linkUserName.get(i).getText()): null

2018-09-15 10:50:47 - [TEST_STEP][PASSED] - Statement - linkLogmembername = linkUserName.get(i).getText(): null

2018-09-15 10:50:47 - [TEST_STEP][PASSED] - Statement - out.println("new Admin :" + linkLogmembername): null

2018-09-15 10:50:47 - [TEST_STEP][PASSED] - Statement - If (linkLogmembername.equals(teamMeberName)): null

2018-09-15 10:50:47 - [TEST_STEP][PASSED] - Statement - out.println("Admin Console: " + linkUserName.get(i).getText()): null

2018-09-15 10:50:47 - [TEST_STEP][PASSED] - Statement - linkLogmembername = linkUserName.get(i).getText(): null

2018-09-15 10:50:47 - [TEST_STEP][PASSED] - Statement - out.println("new Admin :" + linkLogmembername): null

2018-09-15 10:50:47 - [TEST_STEP][PASSED] - Statement - If (linkLogmembername.equals(teamMeberName)): null

2018-09-15 10:50:47 - [TEST_STEP][PASSED] - Statement - out.println("Admin Console: " + linkUserName.get(i).getText()): null

2018-09-15 10:50:47 - [TEST_STEP][PASSED] - Statement - linkLogmembername = linkUserName.get(i).getText(): null

2018-09-15 10:50:47 - [TEST_STEP][PASSED] - Statement - out.println("new Admin :" + linkLogmembername): null

2018-09-15 10:50:47 - [TEST_STEP][PASSED] - Statement - If (linkLogmembername.equals(teamMeberName)): null

2018-09-15 10:50:47 - [TEST_STEP][PASSED] - Statement - out.println("Admin Console: " + linkUserName.get(i).getText()): null

2018-09-15 10:50:47 - [TEST_STEP][PASSED] - Statement - linkLogmembername = linkUserName.get(i).getText(): null

2018-09-15 10:50:47 - [TEST_STEP][PASSED] - Statement - out.println("new Admin :" + linkLogmembername): null

2018-09-15 10:50:47 - [TEST_STEP][PASSED] - Statement - If (linkLogmembername.equals(teamMeberName)): null

2018-09-15 10:50:47 - [TEST_STEP][PASSED] - Statement - out.println("Admin Console: " + linkUserName.get(i).getText()): null

2018-09-15 10:50:47 - [TEST_STEP][PASSED] - Statement - linkLogmembername = linkUserName.get(i).getText(): null

2018-09-15 10:50:47 - [TEST_STEP][PASSED] - Statement - out.println("new Admin :" + linkLogmembername): null

2018-09-15 10:50:47 - [TEST_STEP][PASSED] - Statement - If (linkLogmembername.equals(teamMeberName)): null

2018-09-15 10:50:47 - [TEST_STEP][PASSED] - Statement - out.println("Admin Console: " + linkLogmembername): null

2018-09-15 10:50:47 - [TEST_STEP][PASSED] - Statement - linkUserName.get(i).click(): null

2018-09-15 10:50:47 - [TEST_STEP][PASSED] - Statement - out.println("Admin Console: " + linkUserName.get(i).getText()): null

2018-09-15 10:50:47 - [TEST_STEP][PASSED] - Statement - linkLogmembername = linkUserName.get(i).getText(): null

2018-09-15 10:50:47 - [TEST_STEP][PASSED] - Statement - out.println("new Admin :" + linkLogmembername): null

2018-09-15 10:50:47 - [TEST_STEP][PASSED] - Statement - If (linkLogmembername.equals(teamMeberName)): null

2018-09-15 10:50:47 - [TEST_STEP][PASSED] - Statement - out.println("Admin Console: " + linkUserName.get(i).getText()): null

2018-09-15 10:50:47 - [TEST_STEP][PASSED] - Statement - linkLogmembername = linkUserName.get(i).getText(): null

2018-09-15 10:50:47 - [TEST_STEP][PASSED] - Statement - out.println("new Admin :" + linkLogmembername): null

2018-09-15 10:50:47 - [TEST_STEP][PASSED] - Statement - If (linkLogmembername.equals(teamMeberName)): null

2018-09-15 10:50:47 - [TEST_STEP][PASSED] - Statement - out.println("Admin Console: " + linkUserName.get(i).getText()): null

2018-09-15 10:50:47 - [TEST_STEP][PASSED] - Statement - linkLogmembername = linkUserName.get(i).getText(): null

2018-09-15 10:50:47 - [TEST_STEP][PASSED] - Statement - out.println("new Admin :" + linkLogmembername): null

2018-09-15 10:50:47 - [TEST_STEP][PASSED] - Statement - If (linkLogmembername.equals(teamMeberName)): null

2018-09-15 10:50:47 - [TEST_STEP][PASSED] - Statement - out.println("Admin Console: " + linkUserName.get(i).getText()): null

2018-09-15 10:50:47 - [TEST_STEP][PASSED] - Statement - linkLogmembername = linkUserName.get(i).getText(): null

2018-09-15 10:50:47 - [TEST_STEP][PASSED] - Statement - out.println("new Admin :" + linkLogmembername): null

2018-09-15 10:50:47 - [TEST_STEP][PASSED] - Statement - If (linkLogmembername.equals(teamMeberName)): null

2018-09-15 10:50:47 - [TEST_STEP][PASSED] - Statement - out.println("Admin Console: " + linkUserName.get(i).getText()): null

2018-09-15 10:50:47 - [TEST_STEP][PASSED] - Statement - linkLogmembername = linkUserName.get(i).getText(): null

2018-09-15 10:50:47 - [TEST_STEP][PASSED] - Statement - out.println("new Admin :" + linkLogmembername): null

2018-09-15 10:50:47 - [TEST_STEP][PASSED] - Statement - If (linkLogmembername.equals(teamMeberName)): null

2018-09-15 10:50:47 - [TEST_STEP][PASSED] - Statement - out.println("Admin Console: " + linkUserName.get(i).getText()): null

2018-09-15 10:50:47 - [TEST_STEP][PASSED] - Statement - linkLogmembername = linkUserName.get(i).getText(): null

2018-09-15 10:50:47 - [TEST_STEP][PASSED] - Statement - out.println("new Admin :" + linkLogmembername): null

2018-09-15 10:50:47 - [TEST_STEP][PASSED] - Statement - If (linkLogmembername.equals(teamMeberName)): null

2018-09-15 10:50:47 - [TEST_STEP][PASSED] - Statement - out.println("Admin Console: " + linkUserName.get(i).getText()): null

2018-09-15 10:50:47 - [TEST_STEP][PASSED] - Statement - linkLogmembername = linkUserName.get(i).getText(): null

2018-09-15 10:50:47 - [TEST_STEP][PASSED] - Statement - out.println("new Admin :" + linkLogmembername): null

2018-09-15 10:50:47 - [TEST_STEP][PASSED] - Statement - If (linkLogmembername.equals(teamMeberName)): null

2018-09-15 10:50:47 - [TEST_STEP][PASSED] - Statement - out.println("Admin Console: " + linkUserName.get(i).getText()): null

2018-09-15 10:50:47 - [TEST_STEP][PASSED] - Statement - linkLogmembername = linkUserName.get(i).getText(): null

2018-09-15 10:50:47 - [TEST_STEP][PASSED] - Statement - out.println("new Admin :" + linkLogmembername): null

2018-09-15 10:50:47 - [TEST_STEP][PASSED] - Statement - If (linkLogmembername.equals(teamMeberName)): null

2018-09-15 10:50:47 - [TEST_STEP][PASSED] - Statement - out.println("Admin Console: " + linkUserName.get(i).getText()): null

2018-09-15 10:50:47 - [TEST_STEP][PASSED] - Statement - linkLogmembername = linkUserName.get(i).getText(): null

2018-09-15 10:50:47 - [TEST_STEP][PASSED] - Statement - out.println("new Admin :" + linkLogmembername): null

2018-09-15 10:50:47 - [TEST_STEP][PASSED] - Statement - If (linkLogmembername.equals(teamMeberName)): null

2018-09-15 10:50:47 - [TEST_STEP][PASSED] - Statement - out.println("Admin Console: " + linkUserName.get(i).getText()): null

2018-09-15 10:50:47 - [TEST_STEP][PASSED] - Statement - linkLogmembername = linkUserName.get(i).getText(): null

2018-09-15 10:50:48 - [TEST_STEP][PASSED] - Statement - out.println("new Admin :" + linkLogmembername): null

2018-09-15 10:50:48 - [TEST_STEP][PASSED] - Statement - If (linkLogmembername.equals(teamMeberName)): null

2018-09-15 10:50:48 - [TEST_STEP][PASSED] - Statement - out.println("Admin Console: " + linkUserName.get(i).getText()): null

2018-09-15 10:50:48 - [TEST_STEP][PASSED] - Statement - linkLogmembername = linkUserName.get(i).getText(): null

2018-09-15 10:50:48 - [TEST_STEP][PASSED] - Statement - out.println("new Admin :" + linkLogmembername): null

2018-09-15 10:50:48 - [TEST_STEP][PASSED] - Statement - If (linkLogmembername.equals(teamMeberName)): null

2018-09-15 10:50:48 - [TEST_STEP][PASSED] - Statement - out.println("Admin Console: " + linkUserName.get(i).getText()): null

2018-09-15 10:50:48 - [TEST_STEP][PASSED] - Statement - linkLogmembername = linkUserName.get(i).getText(): null

2018-09-15 10:50:48 - [TEST_STEP][PASSED] - Statement - out.println("new Admin :" + linkLogmembername): null

2018-09-15 10:50:48 - [TEST_STEP][PASSED] - Statement - If (linkLogmembername.equals(teamMeberName)): null

2018-09-15 10:50:48 - [TEST_STEP][PASSED] - Statement - out.println("Admin Console: " + linkUserName.get(i).getText()): null

2018-09-15 10:50:48 - [TEST_STEP][PASSED] - Statement - linkLogmembername = linkUserName.get(i).getText(): null

2018-09-15 10:50:48 - [TEST_STEP][PASSED] - Statement - out.println("new Admin :" + linkLogmembername): null

2018-09-15 10:50:48 - [TEST_STEP][PASSED] - Statement - If (linkLogmembername.equals(teamMeberName)): null

2018-09-15 10:50:48 - [TEST_STEP][PASSED] - Statement - out.println("Admin Console: " + linkUserName.get(i).getText()): null

2018-09-15 10:50:48 - [TEST_STEP][PASSED] - Statement - linkLogmembername = linkUserName.get(i).getText(): null

2018-09-15 10:50:48 - [TEST_STEP][PASSED] - Statement - out.println("new Admin :" + linkLogmembername): null

2018-09-15 10:50:48 - [TEST_STEP][PASSED] - Statement - If (linkLogmembername.equals(teamMeberName)): null

2018-09-15 10:50:48 - [TEST_STEP][PASSED] - Statement - out.println("Admin Console: " + linkUserName.get(i).getText()): null

2018-09-15 10:50:48 - [TEST_STEP][PASSED] - Statement - linkLogmembername = linkUserName.get(i).getText(): null

2018-09-15 10:50:48 - [TEST_STEP][PASSED] - Statement - out.println("new Admin :" + linkLogmembername): null

2018-09-15 10:50:48 - [TEST_STEP][PASSED] - Statement - If (linkLogmembername.equals(teamMeberName)): null

2018-09-15 10:50:48 - [TEST_STEP][PASSED] - Statement - out.println("Admin Console: " + linkUserName.get(i).getText()): null

2018-09-15 10:50:48 - [TEST_STEP][PASSED] - Statement - linkLogmembername = linkUserName.get(i).getText(): null

2018-09-15 10:50:48 - [TEST_STEP][PASSED] - Statement - out.println("new Admin :" + linkLogmembername): null

2018-09-15 10:50:48 - [TEST_STEP][PASSED] - Statement - If (linkLogmembername.equals(teamMeberName)): null

2018-09-15 10:50:48 - [TEST_STEP][PASSED] - Statement - out.println("Admin Console: " + linkUserName.get(i).getText()): null

2018-09-15 10:50:48 - [TEST_STEP][PASSED] - Statement - linkLogmembername = linkUserName.get(i).getText(): null

2018-09-15 10:50:48 - [TEST_STEP][PASSED] - Statement - out.println("new Admin :" + linkLogmembername): null

2018-09-15 10:50:48 - [TEST_STEP][PASSED] - Statement - If (linkLogmembername.equals(teamMeberName)): null

2018-09-15 10:50:48 - [TEST_STEP][PASSED] - Statement - out.println("Admin Console: " + linkUserName.get(i).getText()): null

2018-09-15 10:50:48 - [TEST_STEP][PASSED] - Statement - linkLogmembername = linkUserName.get(i).getText(): null

2018-09-15 10:50:48 - [TEST_STEP][PASSED] - Statement - out.println("new Admin :" + linkLogmembername): null

2018-09-15 10:50:48 - [TEST_STEP][PASSED] - Statement - If (linkLogmembername.equals(teamMeberName)): null

2018-09-15 10:50:48 - [TEST_STEP][PASSED] - Statement - out.println("Admin Console: " + linkUserName.get(i).getText()): null

2018-09-15 10:50:48 - [TEST_STEP][PASSED] - Statement - linkLogmembername = linkUserName.get(i).getText(): null

2018-09-15 10:50:48 - [TEST_STEP][PASSED] - Statement - out.println("new Admin :" + linkLogmembername): null

2018-09-15 10:50:48 - [TEST_STEP][PASSED] - Statement - If (linkLogmembername.equals(teamMeberName)): null

2018-09-15 10:50:48 - [TEST_STEP][PASSED] - Statement - out.println("Admin Console: " + linkUserName.get(i).getText()): null

2018-09-15 10:50:48 - [TEST_STEP][PASSED] - Statement - linkLogmembername = linkUserName.get(i).getText(): null

2018-09-15 10:50:48 - [TEST_STEP][PASSED] - Statement - out.println("new Admin :" + linkLogmembername): null

2018-09-15 10:50:48 - [TEST_STEP][PASSED] - Statement - If (linkLogmembername.equals(teamMeberName)): null

2018-09-15 10:50:48 - [TEST_STEP][PASSED] - Statement - out.println("Admin Console: " + linkUserName.get(i).getText()): null

2018-09-15 10:50:48 - [TEST_STEP][PASSED] - Statement - linkLogmembername = linkUserName.get(i).getText(): null

2018-09-15 10:50:48 - [TEST_STEP][PASSED] - Statement - out.println("new Admin :" + linkLogmembername): null

2018-09-15 10:50:48 - [TEST_STEP][PASSED] - Statement - If (linkLogmembername.equals(teamMeberName)): null

2018-09-15 10:50:48 - [TEST_STEP][PASSED] - Statement - out.println("Admin Console: " + linkUserName.get(i).getText()): null

2018-09-15 10:50:48 - [TEST_STEP][PASSED] - Statement - linkLogmembername = linkUserName.get(i).getText(): null

2018-09-15 10:50:48 - [TEST_STEP][PASSED] - Statement - out.println("new Admin :" + linkLogmembername): null

2018-09-15 10:50:48 - [TEST_STEP][PASSED] - Statement - If (linkLogmembername.equals(teamMeberName)): null

2018-09-15 10:50:48 - [TEST_STEP][PASSED] - Statement - out.println("Admin Console: " + linkUserName.get(i).getText()): null

2018-09-15 10:50:48 - [TEST_STEP][PASSED] - Statement - linkLogmembername = linkUserName.get(i).getText(): null

2018-09-15 10:50:48 - [TEST_STEP][PASSED] - Statement - out.println("new Admin :" + linkLogmembername): null

2018-09-15 10:50:48 - [TEST_STEP][PASSED] - Statement - If (linkLogmembername.equals(teamMeberName)): null

2018-09-15 10:50:48 - [TEST_STEP][PASSED] - Statement - out.println("Admin Console: " + linkUserName.get(i).getText()): null

2018-09-15 10:50:48 - [TEST_STEP][PASSED] - Statement - linkLogmembername = linkUserName.get(i).getText(): null

2018-09-15 10:50:48 - [TEST_STEP][PASSED] - Statement - out.println("new Admin :" + linkLogmembername): null

2018-09-15 10:50:48 - [TEST_STEP][PASSED] - Statement - If (linkLogmembername.equals(teamMeberName)): null

2018-09-15 10:50:48 - [TEST_STEP][PASSED] - Statement - out.println("Admin Console: " + linkUserName.get(i).getText()): null

2018-09-15 10:50:48 - [TEST_STEP][PASSED] - Statement - linkLogmembername = linkUserName.get(i).getText(): null

2018-09-15 10:50:48 - [TEST_STEP][PASSED] - Statement - out.println("new Admin :" + linkLogmembername): null

2018-09-15 10:50:48 - [TEST_STEP][PASSED] - Statement - If (linkLogmembername.equals(teamMeberName)): null

2018-09-15 10:50:48 - [TEST_STEP][PASSED] - Statement - out.println("Admin Console: " + linkUserName.get(i).getText()): null

2018-09-15 10:50:49 - [TEST_STEP][PASSED] - Statement - linkLogmembername = linkUserName.get(i).getText(): null

2018-09-15 10:50:49 - [TEST_STEP][PASSED] - Statement - out.println("new Admin :" + linkLogmembername): null

2018-09-15 10:50:49 - [TEST_STEP][PASSED] - Statement - If (linkLogmembername.equals(teamMeberName)): null

2018-09-15 10:50:49 - [TEST_STEP][PASSED] - Statement - out.println("Admin Console: " + linkUserName.get(i).getText()): null

2018-09-15 10:50:49 - [TEST_STEP][PASSED] - Statement - linkLogmembername = linkUserName.get(i).getText(): null

2018-09-15 10:50:49 - [TEST_STEP][PASSED] - Statement - out.println("new Admin :" + linkLogmembername): null

2018-09-15 10:50:49 - [TEST_STEP][PASSED] - Statement - If (linkLogmembername.equals(teamMeberName)): null

2018-09-15 10:50:49 - [TEST_STEP][PASSED] - Statement - out.println("Admin Console: " + linkUserName.get(i).getText()): null

2018-09-15 10:50:49 - [TEST_STEP][PASSED] - Statement - linkLogmembername = linkUserName.get(i).getText(): null

2018-09-15 10:50:49 - [TEST_STEP][PASSED] - Statement - out.println("new Admin :" + linkLogmembername): null

2018-09-15 10:50:49 - [TEST_STEP][PASSED] - Statement - If (linkLogmembername.equals(teamMeberName)): null

2018-09-15 10:50:49 - [TEST_STEP][PASSED] - Statement - out.println("Admin Console: " + linkUserName.get(i).getText()): null

2018-09-15 10:50:49 - [TEST_STEP][PASSED] - Statement - linkLogmembername = linkUserName.get(i).getText(): null

2018-09-15 10:50:49 - [TEST_STEP][PASSED] - Statement - out.println("new Admin :" + linkLogmembername): null

2018-09-15 10:50:49 - [TEST_STEP][PASSED] - Statement - If (linkLogmembername.equals(teamMeberName)): null

2018-09-15 10:50:49 - [TEST_STEP][PASSED] - Statement - out.println("Admin Console: " + linkUserName.get(i).getText()): null

2018-09-15 10:50:49 - [TEST_STEP][PASSED] - Statement - linkLogmembername = linkUserName.get(i).getText(): null

2018-09-15 10:50:49 - [TEST_STEP][PASSED] - Statement - out.println("new Admin :" + linkLogmembername): null

2018-09-15 10:50:49 - [TEST_STEP][PASSED] - Statement - If (linkLogmembername.equals(teamMeberName)): null

2018-09-15 10:50:49 - [TEST_STEP][PASSED] - Statement - out.println("Admin Console: " + linkUserName.get(i).getText()): null

2018-09-15 10:50:49 - [TEST_STEP][PASSED] - Statement - linkLogmembername = linkUserName.get(i).getText(): null

2018-09-15 10:50:49 - [TEST_STEP][PASSED] - Statement - out.println("new Admin :" + linkLogmembername): null

2018-09-15 10:50:49 - [TEST_STEP][PASSED] - Statement - If (linkLogmembername.equals(teamMeberName)): null

2018-09-15 10:50:49 - [TEST_STEP][PASSED] - Statement - out.println("Admin Console: " + linkUserName.get(i).getText()): null

2018-09-15 10:50:49 - [TEST_STEP][PASSED] - Statement - linkLogmembername = linkUserName.get(i).getText(): null

2018-09-15 10:50:49 - [TEST_STEP][PASSED] - Statement - out.println("new Admin :" + linkLogmembername): null

2018-09-15 10:50:49 - [TEST_STEP][PASSED] - Statement - If (linkLogmembername.equals(teamMeberName)): null

2018-09-15 10:50:49 - [TEST_STEP][PASSED] - Statement - out.println("Admin Console: " + linkUserName.get(i).getText()): null

2018-09-15 10:50:49 - [TEST_STEP][PASSED] - Statement - linkLogmembername = linkUserName.get(i).getText(): null

2018-09-15 10:50:49 - [TEST_STEP][PASSED] - Statement - out.println("new Admin :" + linkLogmembername): null

2018-09-15 10:50:49 - [TEST_STEP][PASSED] - Statement - If (linkLogmembername.equals(teamMeberName)): null

2018-09-15 10:50:49 - [TEST_STEP][PASSED] - Statement - out.println("Admin Console: " + linkUserName.get(i).getText()): null

2018-09-15 10:50:49 - [TEST_STEP][PASSED] - Statement - linkLogmembername = linkUserName.get(i).getText(): null

2018-09-15 10:50:49 - [TEST_STEP][PASSED] - Statement - out.println("new Admin :" + linkLogmembername): null

2018-09-15 10:50:49 - [TEST_STEP][PASSED] - Statement - If (linkLogmembername.equals(teamMeberName)): null

2018-09-15 10:50:49 - [TEST_STEP][PASSED] - Statement - out.println("Admin Console: " + linkUserName.get(i).getText()): null

2018-09-15 10:50:49 - [TEST_STEP][PASSED] - Statement - linkLogmembername = linkUserName.get(i).getText(): null

2018-09-15 10:50:49 - [TEST_STEP][PASSED] - Statement - out.println("new Admin :" + linkLogmembername): null

2018-09-15 10:50:49 - [TEST_STEP][PASSED] - Statement - If (linkLogmembername.equals(teamMeberName)): null

2018-09-15 10:50:49 - [TEST_STEP][PASSED] - Statement - out.println("Admin Console: " + linkUserName.get(i).getText()): null

2018-09-15 10:50:49 - [TEST_STEP][PASSED] - Statement - linkLogmembername = linkUserName.get(i).getText(): null

2018-09-15 10:50:49 - [TEST_STEP][PASSED] - Statement - out.println("new Admin :" + linkLogmembername): null

2018-09-15 10:50:49 - [TEST_STEP][PASSED] - Statement - If (linkLogmembername.equals(teamMeberName)): null

2018-09-15 10:50:49 - [TEST_STEP][PASSED] - Statement - out.println("Admin Console: " + linkUserName.get(i).getText()): null

2018-09-15 10:50:49 - [TEST_STEP][PASSED] - Statement - linkLogmembername = linkUserName.get(i).getText(): null

2018-09-15 10:50:49 - [TEST_STEP][PASSED] - Statement - out.println("new Admin :" + linkLogmembername): null

2018-09-15 10:50:49 - [TEST_STEP][PASSED] - Statement - If (linkLogmembername.equals(teamMeberName)): null

2018-09-15 10:50:49 - [TEST_STEP][PASSED] - Statement - out.println("Admin Console: " + linkUserName.get(i).getText()): null

2018-09-15 10:50:49 - [TEST_STEP][PASSED] - Statement - linkLogmembername = linkUserName.get(i).getText(): null

2018-09-15 10:50:49 - [TEST_STEP][PASSED] - Statement - out.println("new Admin :" + linkLogmembername): null

2018-09-15 10:50:49 - [TEST_STEP][PASSED] - Statement - If (linkLogmembername.equals(teamMeberName)): null

2018-09-15 10:50:49 - [TEST_STEP][PASSED] - Statement - out.println("Admin Console: " + linkUserName.get(i).getText()): null

2018-09-15 10:50:49 - [TEST_STEP][PASSED] - Statement - linkLogmembername = linkUserName.get(i).getText(): null

2018-09-15 10:50:49 - [TEST_STEP][PASSED] - Statement - out.println("new Admin :" + linkLogmembername): null

2018-09-15 10:50:49 - [TEST_STEP][PASSED] - Statement - If (linkLogmembername.equals(teamMeberName)): null

2018-09-15 10:50:49 - [TEST_STEP][PASSED] - Statement - out.println("Admin Console: " + linkUserName.get(i).getText()): null

2018-09-15 10:50:49 - [TEST_STEP][PASSED] - Statement - linkLogmembername = linkUserName.get(i).getText(): null

2018-09-15 10:50:49 - [TEST_STEP][PASSED] - Statement - out.println("new Admin :" + linkLogmembername): null

2018-09-15 10:50:49 - [TEST_STEP][PASSED] - Statement - If (linkLogmembername.equals(teamMeberName)): null

2018-09-15 10:50:49 - [TEST_STEP][PASSED] - Statement - out.println("Admin Console: " + linkUserName.get(i).getText()): null

2018-09-15 10:50:49 - [TEST_STEP][PASSED] - Statement - linkLogmembername = linkUserName.get(i).getText(): null

2018-09-15 10:50:49 - [TEST_STEP][PASSED] - Statement - out.println("new Admin :" + linkLogmembername): null

2018-09-15 10:50:49 - [TEST_STEP][PASSED] - Statement - If (linkLogmembername.equals(teamMeberName)): null

2018-09-15 10:50:49 - [TEST_STEP][PASSED] - Statement - out.println("Admin Console: " + linkUserName.get(i).getText()): null

2018-09-15 10:50:49 - [TEST_STEP][PASSED] - Statement - linkLogmembername = linkUserName.get(i).getText(): null

2018-09-15 10:50:49 - [TEST_STEP][PASSED] - Statement - out.println("new Admin :" + linkLogmembername): null

2018-09-15 10:50:49 - [TEST_STEP][PASSED] - Statement - If (linkLogmembername.equals(teamMeberName)): null

2018-09-15 10:50:49 - [TEST_STEP][PASSED] - Statement - out.println("Admin Console: " + linkUserName.get(i).getText()): null

2018-09-15 10:50:49 - [TEST_STEP][PASSED] - Statement - linkLogmembername = linkUserName.get(i).getText(): null

2018-09-15 10:50:49 - [TEST_STEP][PASSED] - Statement - out.println("new Admin :" + linkLogmembername): null

2018-09-15 10:50:49 - [TEST_STEP][PASSED] - Statement - If (linkLogmembername.equals(teamMeberName)): null

2018-09-15 10:50:49 - [TEST_STEP][PASSED] - Statement - out.println("Admin Console: " + linkUserName.get(i).getText()): null

2018-09-15 10:50:49 - [TEST_STEP][PASSED] - Statement - linkLogmembername = linkUserName.get(i).getText(): null

2018-09-15 10:50:49 - [TEST_STEP][PASSED] - Statement - out.println("new Admin :" + linkLogmembername): null

2018-09-15 10:50:49 - [TEST_STEP][PASSED] - Statement - If (linkLogmembername.equals(teamMeberName)): null

2018-09-15 10:50:49 - [TEST_STEP][PASSED] - Statement - out.println("Admin Console: " + linkUserName.get(i).getText()): null

2018-09-15 10:50:49 - [TEST_STEP][PASSED] - Statement - linkLogmembername = linkUserName.get(i).getText(): null

2018-09-15 10:50:49 - [TEST_STEP][PASSED] - Statement - out.println("new Admin :" + linkLogmembername): null

2018-09-15 10:50:49 - [TEST_STEP][PASSED] - Statement - If (linkLogmembername.equals(teamMeberName)): null

2018-09-15 10:50:49 - [TEST_STEP][PASSED] - Statement - out.println("Admin Console: " + linkUserName.get(i).getText()): null

2018-09-15 10:50:50 - [TEST_STEP][PASSED] - Statement - linkLogmembername = linkUserName.get(i).getText(): null

2018-09-15 10:50:50 - [TEST_STEP][PASSED] - Statement - out.println("new Admin :" + linkLogmembername): null

2018-09-15 10:50:50 - [TEST_STEP][PASSED] - Statement - If (linkLogmembername.equals(teamMeberName)): null

2018-09-15 10:50:50 - [TEST_STEP][PASSED] - Statement - out.println("Admin Console: " + linkUserName.get(i).getText()): null

2018-09-15 10:50:50 - [TEST_STEP][PASSED] - Statement - linkLogmembername = linkUserName.get(i).getText(): null

2018-09-15 10:50:50 - [TEST_STEP][PASSED] - Statement - out.println("new Admin :" + linkLogmembername): null

2018-09-15 10:50:50 - [TEST_STEP][PASSED] - Statement - If (linkLogmembername.equals(teamMeberName)): null

2018-09-15 10:50:50 - [TEST_STEP][PASSED] - Statement - out.println("Admin Console: " + linkUserName.get(i).getText()): null

2018-09-15 10:50:50 - [TEST_STEP][PASSED] - Statement - linkLogmembername = linkUserName.get(i).getText(): null

2018-09-15 10:50:50 - [TEST_STEP][PASSED] - Statement - out.println("new Admin :" + linkLogmembername): null

2018-09-15 10:50:50 - [TEST_STEP][PASSED] - Statement - If (linkLogmembername.equals(teamMeberName)): null

2018-09-15 10:50:50 - [TEST_STEP][PASSED] - Statement - out.println("Admin Console: " + linkUserName.get(i).getText()): null

2018-09-15 10:50:50 - [TEST_STEP][PASSED] - Statement - linkLogmembername = linkUserName.get(i).getText(): null

2018-09-15 10:50:50 - [TEST_STEP][PASSED] - Statement - out.println("new Admin :" + linkLogmembername): null

2018-09-15 10:50:50 - [TEST_STEP][PASSED] - Statement - If (linkLogmembername.equals(teamMeberName)): null

2018-09-15 10:50:50 - [TEST_STEP][PASSED] - Statement - If (com.kms.katalon.core.webui.keyword.WebUiBuiltInKeywords.verifyElementPresent(com.kms.katalon.core.testobject.ObjectRepository.findTestObject(Object Repository/linkLog/customerProfileDetails), 5, OPTIONAL)): null

2018-09-15 10:50:50 - [MESSAGE][PASSED] - Object 'Object Repository/linkLog/customerProfileDetails' is present

2018-09-15 10:50:50 - [TEST_STEP][PASSED] - Statement - println("open link log successful"): null

2018-09-15 10:50:50 - [TEST_STEP][PASSED] - click: Object: 'Object Repository/linkLog/editButton' is clicked on

2018-09-15 10:50:50 - [MESSAGE][PASSED] - Object: 'Object Repository/linkLog/editButton' is clicked on

2018-09-15 10:50:50 - [TEST_STEP][PASSED] - sendKeys: Keys 'CONTROL + DELETE + a' sent to object: 'Object Repository/customerDetailsEdit/enterNumber'

2018-09-15 10:50:50 - [MESSAGE][PASSED] - Keys 'CONTROL + DELETE + a' sent to object: 'Object Repository/customerDetailsEdit/enterNumber'

2018-09-15 10:50:50 - [TEST_STEP][PASSED] - click: Object: 'Object Repository/customerDetailsEdit/saveButtonObject' is clicked on

2018-09-15 10:50:50 - [MESSAGE][PASSED] - Object: 'Object Repository/customerDetailsEdit/saveButtonObject' is clicked on

2018-09-15 10:50:50 - [TEST_STEP][PASSED] - Statement - If (com.kms.katalon.core.webui.keyword.WebUiBuiltInKeywords.verifyElementPresent(com.kms.katalon.core.testobject.ObjectRepository.findTestObject(Dashboard_Link Generator/validation), 5)): null

2018-09-15 10:50:52 - [MESSAGE][PASSED] - Object 'Object Repository/Dashboard_Link Generator/validation' is present

2018-09-15 10:50:52 - [TEST_STEP][PASSED] - Statement - validationMessage = com.kms.katalon.core.webui.keyword.WebUiBuiltInKeywords.getText(com.kms.katalon.core.testobject.ObjectRepository.findTestObject(Dashboard_Link Generator/validation)): Text of object 'Object Repository/Dashboard_Link Generator/validation' is: 'Details Updated, Please refresh logs for updated details'

2018-09-15 10:50:52 - [MESSAGE][PASSED] - Text of object 'Object Repository/Dashboard_Link Generator/validation' is: 'Details Updated, Please refresh logs for updated details'

2018-09-15 10:50:52 - [TEST_STEP][PASSED] - verifyMatch: Actual text 'Details Updated, Please refresh logs for updated details' and expected text 'Details Updated, Please refresh logs for updated details' are matched 

2018-09-15 10:50:52 - [MESSAGE][PASSED] - Actual text 'Details Updated, Please refresh logs for updated details' and expected text 'Details Updated, Please refresh logs for updated details' are matched 

2018-09-15 10:50:52 - [TEST_STEP][PASSED] - Statement - println("successful"): null]]></system-out>
         <system-err><![CDATA[]]></system-err>
      </testcase>
      <testcase name="Test Cases/completed/TestCase4_EditCustomerDetails/RemoveCustomerIDin theDetail" classname="Test Cases/completed/TestCase4_EditCustomerDetails/RemoveCustomerIDin theDetail" status="PASSED">
         <system-out><![CDATA[2018-09-15 10:50:52 - [TEST_CASE][PASSED] - Test Cases/completed/TestCase4_EditCustomerDetails/RemoveCustomerIDin theDetail: Test Cases/completed/TestCase4_EditCustomerDetails/RemoveCustomerIDin theDetail

2018-09-15 10:50:52 - [TEST_STEP][PASSED] - callTestCase: Call Test Case 'Test Cases/BVT/aSimple_Login' successfully

2018-09-15 10:50:52 - [TEST_CASE][PASSED] - Test Cases/BVT/aSimple_Login: Test Cases/BVT/aSimple_Login

2018-09-15 10:50:52 - [TEST_STEP][PASSED] - openBrowser: Browser is opened with url: ''

2018-09-15 10:50:52 - [MESSAGE][WARNING] - A browser is already opened. Closing browser and opening a new one

2018-09-15 10:50:55 - [MESSAGE][PASSED] - Browser is opened with url: ''

2018-09-15 10:50:55 - [TEST_STEP][PASSED] - maximizeWindow: Current window maximized

2018-09-15 10:50:56 - [MESSAGE][PASSED] - Current window maximized

2018-09-15 10:50:56 - [TEST_STEP][PASSED] - navigateToUrl: Navigate to 'https://dev.vcalling.in/enterprises/UAT/Dashboard/index.html' successfully

2018-09-15 10:51:00 - [MESSAGE][PASSED] - Navigate to 'https://dev.vcalling.in/enterprises/UAT/Dashboard/index.html' successfully

2018-09-15 10:51:00 - [TEST_STEP][PASSED] - setText: Text 'testing4dea@gmail.com' is set on object 'Object Repository/Login/UserId'

2018-09-15 10:51:00 - [MESSAGE][PASSED] - Text 'testing4dea@gmail.com' is set on object 'Object Repository/Login/UserId'

2018-09-15 10:51:00 - [TEST_STEP][PASSED] - click: Object: 'Object Repository/Login/div_GET OTP' is clicked on

2018-09-15 10:51:00 - [MESSAGE][PASSED] - Object: 'Object Repository/Login/div_GET OTP' is clicked on

2018-09-15 10:51:00 - [TEST_STEP][PASSED] - waitForElementPresent: Object 'Object Repository/Login/div_SUBMIT' is present

2018-09-15 10:51:02 - [MESSAGE][PASSED] - Object 'Object Repository/Login/div_SUBMIT' is present

2018-09-15 10:51:02 - [TEST_STEP][PASSED] - Statement - If (com.kms.katalon.core.webui.keyword.WebUiBuiltInKeywords.verifyElementNotPresent(com.kms.katalon.core.testobject.ObjectRepository.findTestObject(Login/div_SUBMIT), 5, OPTIONAL)): Web element with id: 'Object Repository/Login/div_SUBMIT' located by 'By.xpath: //div[(text() = ' SUBMIT ' or . = ' SUBMIT ')]' is present after '5' second(s)

2018-09-15 10:51:07 - [MESSAGE][WARNING] - Web element with id: 'Object Repository/Login/div_SUBMIT' located by 'By.xpath: //div[(text() = ' SUBMIT ' or . = ' SUBMIT ')]' is present after '5' second(s)
[[ATTACHMENT|C:\\Users\\Kaushal\\Desktop\\Katalon Studio\\vCallingDashboard\\Reports\\RegressionSuite\\20180915_103222\\1537005067517.png]]

2018-09-15 10:51:07 - [TEST_STEP][PASSED] - Statement - sleep(5000): null

2018-09-15 10:51:12 - [TEST_STEP][PASSED] - Statement - OTP = getOTP(): null

2018-09-15 10:51:12 - [TEST_STEP][PASSED] - Statement - host = "imap.gmail.com": null

2018-09-15 10:51:12 - [TEST_STEP][PASSED] - Statement - msg = <not implemented yet for class: org.codehaus.groovy.ast.expr.EmptyExpression>: null

2018-09-15 10:51:12 - [TEST_STEP][PASSED] - Statement - msgSub = <not implemented yet for class: org.codehaus.groovy.ast.expr.EmptyExpression>: null

2018-09-15 10:51:12 - [TEST_STEP][PASSED] - Statement - OTP = "unavailable": null

2018-09-15 10:51:12 - [TEST_STEP][PASSED] - Statement - props = new java.util.Properties(): null

2018-09-15 10:51:12 - [TEST_STEP][PASSED] - Statement - props.setProperty("mail.imap.ssl.enable", "true"): null

2018-09-15 10:51:12 - [TEST_STEP][PASSED] - Statement - session = javax.mail.Session.getInstance(props): null

2018-09-15 10:51:12 - [TEST_STEP][PASSED] - Statement - store = <not implemented yet for class: org.codehaus.groovy.ast.expr.EmptyExpression>: null

2018-09-15 10:51:12 - [TEST_STEP][PASSED] - Statement - Try: null

2018-09-15 10:51:12 - [TEST_STEP][PASSED] - Statement - store = session.getStore("imap"): null

2018-09-15 10:51:12 - [TEST_STEP][PASSED] - Statement - store.connect(host, Email, Password): null

2018-09-15 10:51:16 - [TEST_STEP][PASSED] - Statement - emailFolder = store.getFolder("INBOX"): null

2018-09-15 10:51:16 - [TEST_STEP][PASSED] - Statement - emailFolder.open(READ_WRITE): null

2018-09-15 10:51:17 - [TEST_STEP][PASSED] - Statement - messages = emailFolder.getMessages(): null

2018-09-15 10:51:17 - [TEST_STEP][PASSED] - Statement - n = length: null

2018-09-15 10:51:17 - [TEST_STEP][PASSED] - Statement - message = messages[n - 1]: null

2018-09-15 10:51:17 - [TEST_STEP][PASSED] - Statement - msgSub = message.getSubject(): null

2018-09-15 10:51:17 - [TEST_STEP][PASSED] - Statement - If (msgSub.equals("OTP to Sign In")): null

2018-09-15 10:51:17 - [TEST_STEP][PASSED] - Statement - msg = message.getContent().toString(): null

2018-09-15 10:51:18 - [TEST_STEP][PASSED] - Statement - OTP = msg.substring(msg.length() - 7): null

2018-09-15 10:51:18 - [TEST_STEP][PASSED] - Statement - message.setFlag(DELETED, true): null

2018-09-15 10:51:19 - [TEST_STEP][PASSED] - Statement - emailFolder.close(true): null

2018-09-15 10:51:19 - [TEST_STEP][PASSED] - Statement - store.close(): null

2018-09-15 10:51:20 - [TEST_STEP][PASSED] - Statement - return OTP: null

2018-09-15 10:51:20 - [TEST_STEP][PASSED] - Statement - If (OTP.equals("unavailable")): null

2018-09-15 10:51:20 - [TEST_STEP][PASSED] - Statement - Else: Text 'u3355
' is set on object 'Object Repository/Login/OtpInput'

2018-09-15 10:51:20 - [TEST_STEP][PASSED] - setText: Text 'u3355
' is set on object 'Object Repository/Login/OtpInput'

2018-09-15 10:51:20 - [MESSAGE][PASSED] - Text 'u3355
' is set on object 'Object Repository/Login/OtpInput'

2018-09-15 10:51:20 - [TEST_STEP][PASSED] - verifyElementPresent: Object 'Object Repository/Login/afterOpenDisplay' is present

2018-09-15 10:51:21 - [MESSAGE][PASSED] - Object 'Object Repository/Login/afterOpenDisplay' is present

2018-09-15 10:51:21 - [MESSAGE][PASSED] - Call Test Case 'Test Cases/BVT/aSimple_Login' successfully

2018-09-15 10:51:21 - [TEST_STEP][PASSED] - Statement - driver = com.kms.katalon.core.webui.driver.DriverFactory.getWebDriver(): null

2018-09-15 10:51:21 - [TEST_STEP][PASSED] - click: Object: 'Object Repository/Dashboard_Link Generator/linkgeneratorIcon' is clicked on

2018-09-15 10:51:22 - [MESSAGE][PASSED] - Object: 'Object Repository/Dashboard_Link Generator/linkgeneratorIcon' is clicked on

2018-09-15 10:51:22 - [TEST_STEP][PASSED] - Statement - x = CustomKeywords.newPackage.newKeyword.randomString(3).toLowerCase(): newPackage.newKeyword.randomString is PASSED

2018-09-15 10:51:22 - [MESSAGE][PASSED] - newPackage.newKeyword.randomString is PASSED

2018-09-15 10:51:22 - [TEST_STEP][PASSED] - Statement - teamMeberName = x: null

2018-09-15 10:51:22 - [TEST_STEP][PASSED] - setText: Text 'xsw' is set on object 'Object Repository/AddTeamMemberDashboard/name'

2018-09-15 10:51:22 - [MESSAGE][PASSED] - Text 'xsw' is set on object 'Object Repository/AddTeamMemberDashboard/name'

2018-09-15 10:51:22 - [TEST_STEP][PASSED] - setText: Text 'IW49b7pUTl@gmail.com' is set on object 'Object Repository/AddTeamMemberDashboard/email'

2018-09-15 10:51:22 - [MESSAGE][PASSED] - newPackage.newKeyword.randomString is PASSED

2018-09-15 10:51:23 - [MESSAGE][PASSED] - Text 'IW49b7pUTl@gmail.com' is set on object 'Object Repository/AddTeamMemberDashboard/email'

2018-09-15 10:51:23 - [TEST_STEP][PASSED] - Statement - number = CustomKeywords.phoneNumbers.contactNumbers.randomString(9): phoneNumbers.contactNumbers.randomString is PASSED

2018-09-15 10:51:23 - [MESSAGE][PASSED] - phoneNumbers.contactNumbers.randomString is PASSED

2018-09-15 10:51:23 - [TEST_STEP][PASSED] - Statement - Mobile_Number = number: null

2018-09-15 10:51:23 - [TEST_STEP][PASSED] - setText: Text '0765121781' is set on object 'Object Repository/Dashboard_Link Generator/contactNumber'

2018-09-15 10:51:23 - [MESSAGE][PASSED] - Text '0765121781' is set on object 'Object Repository/Dashboard_Link Generator/contactNumber'

2018-09-15 10:51:23 - [TEST_STEP][PASSED] - setText: Text 'property' is set on object 'Object Repository/Dashboard_Link Generator/tag'

2018-09-15 10:51:23 - [MESSAGE][PASSED] - Text 'property' is set on object 'Object Repository/Dashboard_Link Generator/tag'

2018-09-15 10:51:23 - [TEST_STEP][PASSED] - click: Object: 'Object Repository/Dashboard_Link Generator/div_GET LINK' is clicked on

2018-09-15 10:51:23 - [MESSAGE][PASSED] - Object: 'Object Repository/Dashboard_Link Generator/div_GET LINK' is clicked on

2018-09-15 10:51:23 - [TEST_STEP][PASSED] - Statement - getLink = com.kms.katalon.core.webui.keyword.WebUiBuiltInKeywords.getAttribute(com.kms.katalon.core.testobject.ObjectRepository.findTestObject(Dashboard_Link Generator/input_link-text), "value"): Attribute 'value' of object 'Object Repository/Dashboard_Link Generator/input_link-text' is: 'https://dev.vcalling.in/url/UAT/?id=UAT-1-650'

2018-09-15 10:51:24 - [MESSAGE][PASSED] - Attribute 'value' of object 'Object Repository/Dashboard_Link Generator/input_link-text' is: 'https://dev.vcalling.in/url/UAT/?id=UAT-1-650'

2018-09-15 10:51:24 - [TEST_STEP][PASSED] - Statement - println(getLink): null

2018-09-15 10:51:24 - [TEST_STEP][PASSED] - click: Object: 'Object Repository/Dashboard_Link Generator/copyLink' is clicked on

2018-09-15 10:51:24 - [MESSAGE][PASSED] - Object: 'Object Repository/Dashboard_Link Generator/copyLink' is clicked on

2018-09-15 10:51:24 - [TEST_STEP][PASSED] - Statement - If (com.kms.katalon.core.webui.keyword.WebUiBuiltInKeywords.verifyElementPresent(com.kms.katalon.core.testobject.ObjectRepository.findTestObject(Dashboard_Link Generator/validation), 5, OPTIONAL)): null

2018-09-15 10:51:24 - [MESSAGE][PASSED] - Object 'Object Repository/Dashboard_Link Generator/validation' is present

2018-09-15 10:51:24 - [TEST_STEP][PASSED] - Statement - validationMessage = com.kms.katalon.core.webui.keyword.WebUiBuiltInKeywords.getText(com.kms.katalon.core.testobject.ObjectRepository.findTestObject(Dashboard_Link Generator/validation)): Text of object 'Object Repository/Dashboard_Link Generator/validation' is: 'Link Copied.!'

2018-09-15 10:51:24 - [MESSAGE][PASSED] - Text of object 'Object Repository/Dashboard_Link Generator/validation' is: 'Link Copied.!'

2018-09-15 10:51:24 - [TEST_STEP][PASSED] - verifyMatch: Actual text 'Link Copied.!' and expected text 'Link Copied.!' are matched 

2018-09-15 10:51:24 - [MESSAGE][PASSED] - Actual text 'Link Copied.!' and expected text 'Link Copied.!' are matched 

2018-09-15 10:51:24 - [TEST_STEP][PASSED] - Statement - println("successful"): null

2018-09-15 10:51:24 - [TEST_STEP][PASSED] - Statement - linkUserName = driver.findElements(org.openqa.selenium.By.className("text-link-log")): null

2018-09-15 10:51:24 - [TEST_STEP][PASSED] - Statement - previousCountValue = 0: null

2018-09-15 10:51:24 - [TEST_STEP][PASSED] - Statement - For ([i = 0, i < linkUserName.size(), (i++)]): null

2018-09-15 10:51:24 - [TEST_STEP][PASSED] - Statement - out.println("Admin Console: " + linkUserName.get(i).getText()): null

2018-09-15 10:51:24 - [TEST_STEP][PASSED] - Statement - linkLogmembername = linkUserName.get(i).getText(): null

2018-09-15 10:51:24 - [TEST_STEP][PASSED] - Statement - out.println("new Admin :" + linkLogmembername): null

2018-09-15 10:51:24 - [TEST_STEP][PASSED] - Statement - If (linkLogmembername.equals(teamMeberName)): null

2018-09-15 10:51:24 - [TEST_STEP][PASSED] - Statement - out.println("Admin Console: " + linkUserName.get(i).getText()): null

2018-09-15 10:51:24 - [TEST_STEP][PASSED] - Statement - linkLogmembername = linkUserName.get(i).getText(): null

2018-09-15 10:51:24 - [TEST_STEP][PASSED] - Statement - out.println("new Admin :" + linkLogmembername): null

2018-09-15 10:51:24 - [TEST_STEP][PASSED] - Statement - If (linkLogmembername.equals(teamMeberName)): null

2018-09-15 10:51:24 - [TEST_STEP][PASSED] - Statement - out.println("Admin Console: " + linkUserName.get(i).getText()): null

2018-09-15 10:51:24 - [TEST_STEP][PASSED] - Statement - linkLogmembername = linkUserName.get(i).getText(): null

2018-09-15 10:51:24 - [TEST_STEP][PASSED] - Statement - out.println("new Admin :" + linkLogmembername): null

2018-09-15 10:51:24 - [TEST_STEP][PASSED] - Statement - If (linkLogmembername.equals(teamMeberName)): null

2018-09-15 10:51:24 - [TEST_STEP][PASSED] - Statement - out.println("Admin Console: " + linkUserName.get(i).getText()): null

2018-09-15 10:51:24 - [TEST_STEP][PASSED] - Statement - linkLogmembername = linkUserName.get(i).getText(): null

2018-09-15 10:51:24 - [TEST_STEP][PASSED] - Statement - out.println("new Admin :" + linkLogmembername): null

2018-09-15 10:51:24 - [TEST_STEP][PASSED] - Statement - If (linkLogmembername.equals(teamMeberName)): null

2018-09-15 10:51:24 - [TEST_STEP][PASSED] - Statement - out.println("Admin Console: " + linkUserName.get(i).getText()): null

2018-09-15 10:51:24 - [TEST_STEP][PASSED] - Statement - linkLogmembername = linkUserName.get(i).getText(): null

2018-09-15 10:51:24 - [TEST_STEP][PASSED] - Statement - out.println("new Admin :" + linkLogmembername): null

2018-09-15 10:51:24 - [TEST_STEP][PASSED] - Statement - If (linkLogmembername.equals(teamMeberName)): null

2018-09-15 10:51:24 - [TEST_STEP][PASSED] - Statement - out.println("Admin Console: " + linkUserName.get(i).getText()): null

2018-09-15 10:51:24 - [TEST_STEP][PASSED] - Statement - linkLogmembername = linkUserName.get(i).getText(): null

2018-09-15 10:51:24 - [TEST_STEP][PASSED] - Statement - out.println("new Admin :" + linkLogmembername): null

2018-09-15 10:51:24 - [TEST_STEP][PASSED] - Statement - If (linkLogmembername.equals(teamMeberName)): null

2018-09-15 10:51:24 - [TEST_STEP][PASSED] - Statement - out.println("Admin Console: " + linkUserName.get(i).getText()): null

2018-09-15 10:51:25 - [TEST_STEP][PASSED] - Statement - linkLogmembername = linkUserName.get(i).getText(): null

2018-09-15 10:51:25 - [TEST_STEP][PASSED] - Statement - out.println("new Admin :" + linkLogmembername): null

2018-09-15 10:51:25 - [TEST_STEP][PASSED] - Statement - If (linkLogmembername.equals(teamMeberName)): null

2018-09-15 10:51:25 - [TEST_STEP][PASSED] - Statement - out.println("Admin Console: " + linkUserName.get(i).getText()): null

2018-09-15 10:51:25 - [TEST_STEP][PASSED] - Statement - linkLogmembername = linkUserName.get(i).getText(): null

2018-09-15 10:51:25 - [TEST_STEP][PASSED] - Statement - out.println("new Admin :" + linkLogmembername): null

2018-09-15 10:51:25 - [TEST_STEP][PASSED] - Statement - If (linkLogmembername.equals(teamMeberName)): null

2018-09-15 10:51:25 - [TEST_STEP][PASSED] - Statement - out.println("Admin Console: " + linkLogmembername): null

2018-09-15 10:51:25 - [TEST_STEP][PASSED] - Statement - linkUserName.get(i).click(): null

2018-09-15 10:51:25 - [TEST_STEP][PASSED] - Statement - out.println("Admin Console: " + linkUserName.get(i).getText()): null

2018-09-15 10:51:25 - [TEST_STEP][PASSED] - Statement - linkLogmembername = linkUserName.get(i).getText(): null

2018-09-15 10:51:25 - [TEST_STEP][PASSED] - Statement - out.println("new Admin :" + linkLogmembername): null

2018-09-15 10:51:25 - [TEST_STEP][PASSED] - Statement - If (linkLogmembername.equals(teamMeberName)): null

2018-09-15 10:51:25 - [TEST_STEP][PASSED] - Statement - out.println("Admin Console: " + linkUserName.get(i).getText()): null

2018-09-15 10:51:25 - [TEST_STEP][PASSED] - Statement - linkLogmembername = linkUserName.get(i).getText(): null

2018-09-15 10:51:25 - [TEST_STEP][PASSED] - Statement - out.println("new Admin :" + linkLogmembername): null

2018-09-15 10:51:25 - [TEST_STEP][PASSED] - Statement - If (linkLogmembername.equals(teamMeberName)): null

2018-09-15 10:51:25 - [TEST_STEP][PASSED] - Statement - out.println("Admin Console: " + linkUserName.get(i).getText()): null

2018-09-15 10:51:25 - [TEST_STEP][PASSED] - Statement - linkLogmembername = linkUserName.get(i).getText(): null

2018-09-15 10:51:25 - [TEST_STEP][PASSED] - Statement - out.println("new Admin :" + linkLogmembername): null

2018-09-15 10:51:25 - [TEST_STEP][PASSED] - Statement - If (linkLogmembername.equals(teamMeberName)): null

2018-09-15 10:51:25 - [TEST_STEP][PASSED] - Statement - out.println("Admin Console: " + linkUserName.get(i).getText()): null

2018-09-15 10:51:25 - [TEST_STEP][PASSED] - Statement - linkLogmembername = linkUserName.get(i).getText(): null

2018-09-15 10:51:25 - [TEST_STEP][PASSED] - Statement - out.println("new Admin :" + linkLogmembername): null

2018-09-15 10:51:25 - [TEST_STEP][PASSED] - Statement - If (linkLogmembername.equals(teamMeberName)): null

2018-09-15 10:51:25 - [TEST_STEP][PASSED] - Statement - out.println("Admin Console: " + linkUserName.get(i).getText()): null

2018-09-15 10:51:25 - [TEST_STEP][PASSED] - Statement - linkLogmembername = linkUserName.get(i).getText(): null

2018-09-15 10:51:25 - [TEST_STEP][PASSED] - Statement - out.println("new Admin :" + linkLogmembername): null

2018-09-15 10:51:25 - [TEST_STEP][PASSED] - Statement - If (linkLogmembername.equals(teamMeberName)): null

2018-09-15 10:51:25 - [TEST_STEP][PASSED] - Statement - out.println("Admin Console: " + linkUserName.get(i).getText()): null

2018-09-15 10:51:25 - [TEST_STEP][PASSED] - Statement - linkLogmembername = linkUserName.get(i).getText(): null

2018-09-15 10:51:25 - [TEST_STEP][PASSED] - Statement - out.println("new Admin :" + linkLogmembername): null

2018-09-15 10:51:25 - [TEST_STEP][PASSED] - Statement - If (linkLogmembername.equals(teamMeberName)): null

2018-09-15 10:51:25 - [TEST_STEP][PASSED] - Statement - out.println("Admin Console: " + linkUserName.get(i).getText()): null

2018-09-15 10:51:25 - [TEST_STEP][PASSED] - Statement - linkLogmembername = linkUserName.get(i).getText(): null

2018-09-15 10:51:25 - [TEST_STEP][PASSED] - Statement - out.println("new Admin :" + linkLogmembername): null

2018-09-15 10:51:25 - [TEST_STEP][PASSED] - Statement - If (linkLogmembername.equals(teamMeberName)): null

2018-09-15 10:51:25 - [TEST_STEP][PASSED] - Statement - out.println("Admin Console: " + linkUserName.get(i).getText()): null

2018-09-15 10:51:25 - [TEST_STEP][PASSED] - Statement - linkLogmembername = linkUserName.get(i).getText(): null

2018-09-15 10:51:25 - [TEST_STEP][PASSED] - Statement - out.println("new Admin :" + linkLogmembername): null

2018-09-15 10:51:25 - [TEST_STEP][PASSED] - Statement - If (linkLogmembername.equals(teamMeberName)): null

2018-09-15 10:51:25 - [TEST_STEP][PASSED] - Statement - out.println("Admin Console: " + linkUserName.get(i).getText()): null

2018-09-15 10:51:25 - [TEST_STEP][PASSED] - Statement - linkLogmembername = linkUserName.get(i).getText(): null

2018-09-15 10:51:25 - [TEST_STEP][PASSED] - Statement - out.println("new Admin :" + linkLogmembername): null

2018-09-15 10:51:25 - [TEST_STEP][PASSED] - Statement - If (linkLogmembername.equals(teamMeberName)): null

2018-09-15 10:51:25 - [TEST_STEP][PASSED] - Statement - out.println("Admin Console: " + linkUserName.get(i).getText()): null

2018-09-15 10:51:25 - [TEST_STEP][PASSED] - Statement - linkLogmembername = linkUserName.get(i).getText(): null

2018-09-15 10:51:25 - [TEST_STEP][PASSED] - Statement - out.println("new Admin :" + linkLogmembername): null

2018-09-15 10:51:25 - [TEST_STEP][PASSED] - Statement - If (linkLogmembername.equals(teamMeberName)): null

2018-09-15 10:51:25 - [TEST_STEP][PASSED] - Statement - out.println("Admin Console: " + linkUserName.get(i).getText()): null

2018-09-15 10:51:25 - [TEST_STEP][PASSED] - Statement - linkLogmembername = linkUserName.get(i).getText(): null

2018-09-15 10:51:25 - [TEST_STEP][PASSED] - Statement - out.println("new Admin :" + linkLogmembername): null

2018-09-15 10:51:25 - [TEST_STEP][PASSED] - Statement - If (linkLogmembername.equals(teamMeberName)): null

2018-09-15 10:51:25 - [TEST_STEP][PASSED] - Statement - out.println("Admin Console: " + linkUserName.get(i).getText()): null

2018-09-15 10:51:25 - [TEST_STEP][PASSED] - Statement - linkLogmembername = linkUserName.get(i).getText(): null

2018-09-15 10:51:25 - [TEST_STEP][PASSED] - Statement - out.println("new Admin :" + linkLogmembername): null

2018-09-15 10:51:25 - [TEST_STEP][PASSED] - Statement - If (linkLogmembername.equals(teamMeberName)): null

2018-09-15 10:51:25 - [TEST_STEP][PASSED] - Statement - out.println("Admin Console: " + linkUserName.get(i).getText()): null

2018-09-15 10:51:25 - [TEST_STEP][PASSED] - Statement - linkLogmembername = linkUserName.get(i).getText(): null

2018-09-15 10:51:25 - [TEST_STEP][PASSED] - Statement - out.println("new Admin :" + linkLogmembername): null

2018-09-15 10:51:25 - [TEST_STEP][PASSED] - Statement - If (linkLogmembername.equals(teamMeberName)): null

2018-09-15 10:51:25 - [TEST_STEP][PASSED] - Statement - out.println("Admin Console: " + linkUserName.get(i).getText()): null

2018-09-15 10:51:25 - [TEST_STEP][PASSED] - Statement - linkLogmembername = linkUserName.get(i).getText(): null

2018-09-15 10:51:25 - [TEST_STEP][PASSED] - Statement - out.println("new Admin :" + linkLogmembername): null

2018-09-15 10:51:25 - [TEST_STEP][PASSED] - Statement - If (linkLogmembername.equals(teamMeberName)): null

2018-09-15 10:51:25 - [TEST_STEP][PASSED] - Statement - out.println("Admin Console: " + linkUserName.get(i).getText()): null

2018-09-15 10:51:25 - [TEST_STEP][PASSED] - Statement - linkLogmembername = linkUserName.get(i).getText(): null

2018-09-15 10:51:25 - [TEST_STEP][PASSED] - Statement - out.println("new Admin :" + linkLogmembername): null

2018-09-15 10:51:25 - [TEST_STEP][PASSED] - Statement - If (linkLogmembername.equals(teamMeberName)): null

2018-09-15 10:51:25 - [TEST_STEP][PASSED] - Statement - out.println("Admin Console: " + linkUserName.get(i).getText()): null

2018-09-15 10:51:25 - [TEST_STEP][PASSED] - Statement - linkLogmembername = linkUserName.get(i).getText(): null

2018-09-15 10:51:25 - [TEST_STEP][PASSED] - Statement - out.println("new Admin :" + linkLogmembername): null

2018-09-15 10:51:25 - [TEST_STEP][PASSED] - Statement - If (linkLogmembername.equals(teamMeberName)): null

2018-09-15 10:51:25 - [TEST_STEP][PASSED] - Statement - out.println("Admin Console: " + linkUserName.get(i).getText()): null

2018-09-15 10:51:26 - [TEST_STEP][PASSED] - Statement - linkLogmembername = linkUserName.get(i).getText(): null

2018-09-15 10:51:26 - [TEST_STEP][PASSED] - Statement - out.println("new Admin :" + linkLogmembername): null

2018-09-15 10:51:26 - [TEST_STEP][PASSED] - Statement - If (linkLogmembername.equals(teamMeberName)): null

2018-09-15 10:51:26 - [TEST_STEP][PASSED] - Statement - out.println("Admin Console: " + linkUserName.get(i).getText()): null

2018-09-15 10:51:26 - [TEST_STEP][PASSED] - Statement - linkLogmembername = linkUserName.get(i).getText(): null

2018-09-15 10:51:26 - [TEST_STEP][PASSED] - Statement - out.println("new Admin :" + linkLogmembername): null

2018-09-15 10:51:26 - [TEST_STEP][PASSED] - Statement - If (linkLogmembername.equals(teamMeberName)): null

2018-09-15 10:51:26 - [TEST_STEP][PASSED] - Statement - out.println("Admin Console: " + linkUserName.get(i).getText()): null

2018-09-15 10:51:26 - [TEST_STEP][PASSED] - Statement - linkLogmembername = linkUserName.get(i).getText(): null

2018-09-15 10:51:26 - [TEST_STEP][PASSED] - Statement - out.println("new Admin :" + linkLogmembername): null

2018-09-15 10:51:26 - [TEST_STEP][PASSED] - Statement - If (linkLogmembername.equals(teamMeberName)): null

2018-09-15 10:51:26 - [TEST_STEP][PASSED] - Statement - out.println("Admin Console: " + linkUserName.get(i).getText()): null

2018-09-15 10:51:26 - [TEST_STEP][PASSED] - Statement - linkLogmembername = linkUserName.get(i).getText(): null

2018-09-15 10:51:26 - [TEST_STEP][PASSED] - Statement - out.println("new Admin :" + linkLogmembername): null

2018-09-15 10:51:26 - [TEST_STEP][PASSED] - Statement - If (linkLogmembername.equals(teamMeberName)): null

2018-09-15 10:51:26 - [TEST_STEP][PASSED] - Statement - out.println("Admin Console: " + linkUserName.get(i).getText()): null

2018-09-15 10:51:26 - [TEST_STEP][PASSED] - Statement - linkLogmembername = linkUserName.get(i).getText(): null

2018-09-15 10:51:26 - [TEST_STEP][PASSED] - Statement - out.println("new Admin :" + linkLogmembername): null

2018-09-15 10:51:26 - [TEST_STEP][PASSED] - Statement - If (linkLogmembername.equals(teamMeberName)): null

2018-09-15 10:51:26 - [TEST_STEP][PASSED] - Statement - out.println("Admin Console: " + linkUserName.get(i).getText()): null

2018-09-15 10:51:26 - [TEST_STEP][PASSED] - Statement - linkLogmembername = linkUserName.get(i).getText(): null

2018-09-15 10:51:26 - [TEST_STEP][PASSED] - Statement - out.println("new Admin :" + linkLogmembername): null

2018-09-15 10:51:26 - [TEST_STEP][PASSED] - Statement - If (linkLogmembername.equals(teamMeberName)): null

2018-09-15 10:51:26 - [TEST_STEP][PASSED] - Statement - out.println("Admin Console: " + linkUserName.get(i).getText()): null

2018-09-15 10:51:26 - [TEST_STEP][PASSED] - Statement - linkLogmembername = linkUserName.get(i).getText(): null

2018-09-15 10:51:26 - [TEST_STEP][PASSED] - Statement - out.println("new Admin :" + linkLogmembername): null

2018-09-15 10:51:26 - [TEST_STEP][PASSED] - Statement - If (linkLogmembername.equals(teamMeberName)): null

2018-09-15 10:51:26 - [TEST_STEP][PASSED] - Statement - out.println("Admin Console: " + linkUserName.get(i).getText()): null

2018-09-15 10:51:26 - [TEST_STEP][PASSED] - Statement - linkLogmembername = linkUserName.get(i).getText(): null

2018-09-15 10:51:26 - [TEST_STEP][PASSED] - Statement - out.println("new Admin :" + linkLogmembername): null

2018-09-15 10:51:26 - [TEST_STEP][PASSED] - Statement - If (linkLogmembername.equals(teamMeberName)): null

2018-09-15 10:51:26 - [TEST_STEP][PASSED] - Statement - out.println("Admin Console: " + linkUserName.get(i).getText()): null

2018-09-15 10:51:26 - [TEST_STEP][PASSED] - Statement - linkLogmembername = linkUserName.get(i).getText(): null

2018-09-15 10:51:26 - [TEST_STEP][PASSED] - Statement - out.println("new Admin :" + linkLogmembername): null

2018-09-15 10:51:26 - [TEST_STEP][PASSED] - Statement - If (linkLogmembername.equals(teamMeberName)): null

2018-09-15 10:51:26 - [TEST_STEP][PASSED] - Statement - out.println("Admin Console: " + linkUserName.get(i).getText()): null

2018-09-15 10:51:26 - [TEST_STEP][PASSED] - Statement - linkLogmembername = linkUserName.get(i).getText(): null

2018-09-15 10:51:26 - [TEST_STEP][PASSED] - Statement - out.println("new Admin :" + linkLogmembername): null

2018-09-15 10:51:26 - [TEST_STEP][PASSED] - Statement - If (linkLogmembername.equals(teamMeberName)): null

2018-09-15 10:51:26 - [TEST_STEP][PASSED] - Statement - out.println("Admin Console: " + linkUserName.get(i).getText()): null

2018-09-15 10:51:26 - [TEST_STEP][PASSED] - Statement - linkLogmembername = linkUserName.get(i).getText(): null

2018-09-15 10:51:26 - [TEST_STEP][PASSED] - Statement - out.println("new Admin :" + linkLogmembername): null

2018-09-15 10:51:26 - [TEST_STEP][PASSED] - Statement - If (linkLogmembername.equals(teamMeberName)): null

2018-09-15 10:51:26 - [TEST_STEP][PASSED] - Statement - out.println("Admin Console: " + linkUserName.get(i).getText()): null

2018-09-15 10:51:26 - [TEST_STEP][PASSED] - Statement - linkLogmembername = linkUserName.get(i).getText(): null

2018-09-15 10:51:26 - [TEST_STEP][PASSED] - Statement - out.println("new Admin :" + linkLogmembername): null

2018-09-15 10:51:26 - [TEST_STEP][PASSED] - Statement - If (linkLogmembername.equals(teamMeberName)): null

2018-09-15 10:51:26 - [TEST_STEP][PASSED] - Statement - out.println("Admin Console: " + linkUserName.get(i).getText()): null

2018-09-15 10:51:26 - [TEST_STEP][PASSED] - Statement - linkLogmembername = linkUserName.get(i).getText(): null

2018-09-15 10:51:26 - [TEST_STEP][PASSED] - Statement - out.println("new Admin :" + linkLogmembername): null

2018-09-15 10:51:26 - [TEST_STEP][PASSED] - Statement - If (linkLogmembername.equals(teamMeberName)): null

2018-09-15 10:51:26 - [TEST_STEP][PASSED] - Statement - out.println("Admin Console: " + linkUserName.get(i).getText()): null

2018-09-15 10:51:26 - [TEST_STEP][PASSED] - Statement - linkLogmembername = linkUserName.get(i).getText(): null

2018-09-15 10:51:26 - [TEST_STEP][PASSED] - Statement - out.println("new Admin :" + linkLogmembername): null

2018-09-15 10:51:26 - [TEST_STEP][PASSED] - Statement - If (linkLogmembername.equals(teamMeberName)): null

2018-09-15 10:51:26 - [TEST_STEP][PASSED] - Statement - out.println("Admin Console: " + linkUserName.get(i).getText()): null

2018-09-15 10:51:26 - [TEST_STEP][PASSED] - Statement - linkLogmembername = linkUserName.get(i).getText(): null

2018-09-15 10:51:26 - [TEST_STEP][PASSED] - Statement - out.println("new Admin :" + linkLogmembername): null

2018-09-15 10:51:26 - [TEST_STEP][PASSED] - Statement - If (linkLogmembername.equals(teamMeberName)): null

2018-09-15 10:51:26 - [TEST_STEP][PASSED] - Statement - out.println("Admin Console: " + linkUserName.get(i).getText()): null

2018-09-15 10:51:26 - [TEST_STEP][PASSED] - Statement - linkLogmembername = linkUserName.get(i).getText(): null

2018-09-15 10:51:26 - [TEST_STEP][PASSED] - Statement - out.println("new Admin :" + linkLogmembername): null

2018-09-15 10:51:26 - [TEST_STEP][PASSED] - Statement - If (linkLogmembername.equals(teamMeberName)): null

2018-09-15 10:51:26 - [TEST_STEP][PASSED] - Statement - out.println("Admin Console: " + linkUserName.get(i).getText()): null

2018-09-15 10:51:26 - [TEST_STEP][PASSED] - Statement - linkLogmembername = linkUserName.get(i).getText(): null

2018-09-15 10:51:26 - [TEST_STEP][PASSED] - Statement - out.println("new Admin :" + linkLogmembername): null

2018-09-15 10:51:26 - [TEST_STEP][PASSED] - Statement - If (linkLogmembername.equals(teamMeberName)): null

2018-09-15 10:51:26 - [TEST_STEP][PASSED] - Statement - out.println("Admin Console: " + linkUserName.get(i).getText()): null

2018-09-15 10:51:26 - [TEST_STEP][PASSED] - Statement - linkLogmembername = linkUserName.get(i).getText(): null

2018-09-15 10:51:26 - [TEST_STEP][PASSED] - Statement - out.println("new Admin :" + linkLogmembername): null

2018-09-15 10:51:26 - [TEST_STEP][PASSED] - Statement - If (linkLogmembername.equals(teamMeberName)): null

2018-09-15 10:51:26 - [TEST_STEP][PASSED] - Statement - out.println("Admin Console: " + linkUserName.get(i).getText()): null

2018-09-15 10:51:26 - [TEST_STEP][PASSED] - Statement - linkLogmembername = linkUserName.get(i).getText(): null

2018-09-15 10:51:26 - [TEST_STEP][PASSED] - Statement - out.println("new Admin :" + linkLogmembername): null

2018-09-15 10:51:26 - [TEST_STEP][PASSED] - Statement - If (linkLogmembername.equals(teamMeberName)): null

2018-09-15 10:51:26 - [TEST_STEP][PASSED] - Statement - out.println("Admin Console: " + linkUserName.get(i).getText()): null

2018-09-15 10:51:27 - [TEST_STEP][PASSED] - Statement - linkLogmembername = linkUserName.get(i).getText(): null

2018-09-15 10:51:27 - [TEST_STEP][PASSED] - Statement - out.println("new Admin :" + linkLogmembername): null

2018-09-15 10:51:27 - [TEST_STEP][PASSED] - Statement - If (linkLogmembername.equals(teamMeberName)): null

2018-09-15 10:51:27 - [TEST_STEP][PASSED] - Statement - out.println("Admin Console: " + linkUserName.get(i).getText()): null

2018-09-15 10:51:27 - [TEST_STEP][PASSED] - Statement - linkLogmembername = linkUserName.get(i).getText(): null

2018-09-15 10:51:27 - [TEST_STEP][PASSED] - Statement - out.println("new Admin :" + linkLogmembername): null

2018-09-15 10:51:27 - [TEST_STEP][PASSED] - Statement - If (linkLogmembername.equals(teamMeberName)): null

2018-09-15 10:51:27 - [TEST_STEP][PASSED] - Statement - out.println("Admin Console: " + linkUserName.get(i).getText()): null

2018-09-15 10:51:27 - [TEST_STEP][PASSED] - Statement - linkLogmembername = linkUserName.get(i).getText(): null

2018-09-15 10:51:27 - [TEST_STEP][PASSED] - Statement - out.println("new Admin :" + linkLogmembername): null

2018-09-15 10:51:27 - [TEST_STEP][PASSED] - Statement - If (linkLogmembername.equals(teamMeberName)): null

2018-09-15 10:51:27 - [TEST_STEP][PASSED] - Statement - out.println("Admin Console: " + linkUserName.get(i).getText()): null

2018-09-15 10:51:27 - [TEST_STEP][PASSED] - Statement - linkLogmembername = linkUserName.get(i).getText(): null

2018-09-15 10:51:27 - [TEST_STEP][PASSED] - Statement - out.println("new Admin :" + linkLogmembername): null

2018-09-15 10:51:27 - [TEST_STEP][PASSED] - Statement - If (linkLogmembername.equals(teamMeberName)): null

2018-09-15 10:51:27 - [TEST_STEP][PASSED] - Statement - out.println("Admin Console: " + linkUserName.get(i).getText()): null

2018-09-15 10:51:27 - [TEST_STEP][PASSED] - Statement - linkLogmembername = linkUserName.get(i).getText(): null

2018-09-15 10:51:27 - [TEST_STEP][PASSED] - Statement - out.println("new Admin :" + linkLogmembername): null

2018-09-15 10:51:27 - [TEST_STEP][PASSED] - Statement - If (linkLogmembername.equals(teamMeberName)): null

2018-09-15 10:51:27 - [TEST_STEP][PASSED] - Statement - out.println("Admin Console: " + linkUserName.get(i).getText()): null

2018-09-15 10:51:27 - [TEST_STEP][PASSED] - Statement - linkLogmembername = linkUserName.get(i).getText(): null

2018-09-15 10:51:27 - [TEST_STEP][PASSED] - Statement - out.println("new Admin :" + linkLogmembername): null

2018-09-15 10:51:27 - [TEST_STEP][PASSED] - Statement - If (linkLogmembername.equals(teamMeberName)): null

2018-09-15 10:51:27 - [TEST_STEP][PASSED] - Statement - out.println("Admin Console: " + linkUserName.get(i).getText()): null

2018-09-15 10:51:27 - [TEST_STEP][PASSED] - Statement - linkLogmembername = linkUserName.get(i).getText(): null

2018-09-15 10:51:27 - [TEST_STEP][PASSED] - Statement - out.println("new Admin :" + linkLogmembername): null

2018-09-15 10:51:27 - [TEST_STEP][PASSED] - Statement - If (linkLogmembername.equals(teamMeberName)): null

2018-09-15 10:51:27 - [TEST_STEP][PASSED] - Statement - out.println("Admin Console: " + linkUserName.get(i).getText()): null

2018-09-15 10:51:27 - [TEST_STEP][PASSED] - Statement - linkLogmembername = linkUserName.get(i).getText(): null

2018-09-15 10:51:27 - [TEST_STEP][PASSED] - Statement - out.println("new Admin :" + linkLogmembername): null

2018-09-15 10:51:27 - [TEST_STEP][PASSED] - Statement - If (linkLogmembername.equals(teamMeberName)): null

2018-09-15 10:51:27 - [TEST_STEP][PASSED] - Statement - out.println("Admin Console: " + linkUserName.get(i).getText()): null

2018-09-15 10:51:27 - [TEST_STEP][PASSED] - Statement - linkLogmembername = linkUserName.get(i).getText(): null

2018-09-15 10:51:27 - [TEST_STEP][PASSED] - Statement - out.println("new Admin :" + linkLogmembername): null

2018-09-15 10:51:27 - [TEST_STEP][PASSED] - Statement - If (linkLogmembername.equals(teamMeberName)): null

2018-09-15 10:51:27 - [TEST_STEP][PASSED] - Statement - out.println("Admin Console: " + linkUserName.get(i).getText()): null

2018-09-15 10:51:27 - [TEST_STEP][PASSED] - Statement - linkLogmembername = linkUserName.get(i).getText(): null

2018-09-15 10:51:27 - [TEST_STEP][PASSED] - Statement - out.println("new Admin :" + linkLogmembername): null

2018-09-15 10:51:27 - [TEST_STEP][PASSED] - Statement - If (linkLogmembername.equals(teamMeberName)): null

2018-09-15 10:51:27 - [TEST_STEP][PASSED] - Statement - out.println("Admin Console: " + linkUserName.get(i).getText()): null

2018-09-15 10:51:27 - [TEST_STEP][PASSED] - Statement - linkLogmembername = linkUserName.get(i).getText(): null

2018-09-15 10:51:27 - [TEST_STEP][PASSED] - Statement - out.println("new Admin :" + linkLogmembername): null

2018-09-15 10:51:27 - [TEST_STEP][PASSED] - Statement - If (linkLogmembername.equals(teamMeberName)): null

2018-09-15 10:51:27 - [TEST_STEP][PASSED] - Statement - out.println("Admin Console: " + linkUserName.get(i).getText()): null

2018-09-15 10:51:27 - [TEST_STEP][PASSED] - Statement - linkLogmembername = linkUserName.get(i).getText(): null

2018-09-15 10:51:27 - [TEST_STEP][PASSED] - Statement - out.println("new Admin :" + linkLogmembername): null

2018-09-15 10:51:27 - [TEST_STEP][PASSED] - Statement - If (linkLogmembername.equals(teamMeberName)): null

2018-09-15 10:51:27 - [TEST_STEP][PASSED] - Statement - out.println("Admin Console: " + linkUserName.get(i).getText()): null

2018-09-15 10:51:27 - [TEST_STEP][PASSED] - Statement - linkLogmembername = linkUserName.get(i).getText(): null

2018-09-15 10:51:27 - [TEST_STEP][PASSED] - Statement - out.println("new Admin :" + linkLogmembername): null

2018-09-15 10:51:27 - [TEST_STEP][PASSED] - Statement - If (linkLogmembername.equals(teamMeberName)): null

2018-09-15 10:51:27 - [TEST_STEP][PASSED] - Statement - out.println("Admin Console: " + linkUserName.get(i).getText()): null

2018-09-15 10:51:27 - [TEST_STEP][PASSED] - Statement - linkLogmembername = linkUserName.get(i).getText(): null

2018-09-15 10:51:27 - [TEST_STEP][PASSED] - Statement - out.println("new Admin :" + linkLogmembername): null

2018-09-15 10:51:27 - [TEST_STEP][PASSED] - Statement - If (linkLogmembername.equals(teamMeberName)): null

2018-09-15 10:51:27 - [TEST_STEP][PASSED] - Statement - If (com.kms.katalon.core.webui.keyword.WebUiBuiltInKeywords.verifyElementPresent(com.kms.katalon.core.testobject.ObjectRepository.findTestObject(Object Repository/linkLog/customerProfileDetails), 5, OPTIONAL)): null

2018-09-15 10:51:27 - [MESSAGE][PASSED] - Object 'Object Repository/linkLog/customerProfileDetails' is present

2018-09-15 10:51:27 - [TEST_STEP][PASSED] - Statement - println("open link log successful"): null

2018-09-15 10:51:27 - [TEST_STEP][PASSED] - click: Object: 'Object Repository/linkLog/editButton' is clicked on

2018-09-15 10:51:27 - [MESSAGE][PASSED] - Object: 'Object Repository/linkLog/editButton' is clicked on

2018-09-15 10:51:27 - [TEST_STEP][PASSED] - sendKeys: Keys 'CONTROL + DELETE + a' sent to object: 'Object Repository/customerDetailsEdit/emailInputBox'

2018-09-15 10:51:27 - [MESSAGE][PASSED] - Keys 'CONTROL + DELETE + a' sent to object: 'Object Repository/customerDetailsEdit/emailInputBox'

2018-09-15 10:51:27 - [TEST_STEP][PASSED] - click: Object: 'Object Repository/customerDetailsEdit/saveButtonObject' is clicked on

2018-09-15 10:51:28 - [MESSAGE][PASSED] - Object: 'Object Repository/customerDetailsEdit/saveButtonObject' is clicked on

2018-09-15 10:51:28 - [TEST_STEP][PASSED] - Statement - If (com.kms.katalon.core.webui.keyword.WebUiBuiltInKeywords.verifyElementPresent(com.kms.katalon.core.testobject.ObjectRepository.findTestObject(Dashboard_Link Generator/validation), 5)): null

2018-09-15 10:51:29 - [MESSAGE][PASSED] - Object 'Object Repository/Dashboard_Link Generator/validation' is present

2018-09-15 10:51:29 - [TEST_STEP][PASSED] - Statement - validationMessage = com.kms.katalon.core.webui.keyword.WebUiBuiltInKeywords.getText(com.kms.katalon.core.testobject.ObjectRepository.findTestObject(Dashboard_Link Generator/validation)): Text of object 'Object Repository/Dashboard_Link Generator/validation' is: 'Details Updated, Please refresh logs for updated details'

2018-09-15 10:51:29 - [MESSAGE][PASSED] - Text of object 'Object Repository/Dashboard_Link Generator/validation' is: 'Details Updated, Please refresh logs for updated details'

2018-09-15 10:51:29 - [TEST_STEP][PASSED] - verifyMatch: Actual text 'Details Updated, Please refresh logs for updated details' and expected text 'Details Updated, Please refresh logs for updated details' are matched 

2018-09-15 10:51:29 - [MESSAGE][PASSED] - Actual text 'Details Updated, Please refresh logs for updated details' and expected text 'Details Updated, Please refresh logs for updated details' are matched 

2018-09-15 10:51:29 - [TEST_STEP][PASSED] - Statement - println("successful"): null]]></system-out>
         <system-err><![CDATA[]]></system-err>
      </testcase>
      <testcase name="Test Cases/completed/TestCase4_EditCustomerDetails/removeCustomerNameThroughDetails" classname="Test Cases/completed/TestCase4_EditCustomerDetails/removeCustomerNameThroughDetails" status="PASSED">
         <system-out><![CDATA[2018-09-15 10:51:29 - [TEST_CASE][PASSED] - Test Cases/completed/TestCase4_EditCustomerDetails/removeCustomerNameThroughDetails: Test Cases/completed/TestCase4_EditCustomerDetails/removeCustomerNameThroughDetails

2018-09-15 10:51:29 - [TEST_STEP][PASSED] - callTestCase: Call Test Case 'Test Cases/BVT/aSimple_Login' successfully

2018-09-15 10:51:29 - [TEST_CASE][PASSED] - Test Cases/BVT/aSimple_Login: Test Cases/BVT/aSimple_Login

2018-09-15 10:51:29 - [TEST_STEP][PASSED] - openBrowser: Browser is opened with url: ''

2018-09-15 10:51:29 - [MESSAGE][WARNING] - A browser is already opened. Closing browser and opening a new one

2018-09-15 10:51:32 - [MESSAGE][PASSED] - Browser is opened with url: ''

2018-09-15 10:51:32 - [TEST_STEP][PASSED] - maximizeWindow: Current window maximized

2018-09-15 10:51:33 - [MESSAGE][PASSED] - Current window maximized

2018-09-15 10:51:33 - [TEST_STEP][PASSED] - navigateToUrl: Navigate to 'https://dev.vcalling.in/enterprises/UAT/Dashboard/index.html' successfully

2018-09-15 10:51:37 - [MESSAGE][PASSED] - Navigate to 'https://dev.vcalling.in/enterprises/UAT/Dashboard/index.html' successfully

2018-09-15 10:51:37 - [TEST_STEP][PASSED] - setText: Text 'testing4dea@gmail.com' is set on object 'Object Repository/Login/UserId'

2018-09-15 10:51:37 - [MESSAGE][PASSED] - Text 'testing4dea@gmail.com' is set on object 'Object Repository/Login/UserId'

2018-09-15 10:51:37 - [TEST_STEP][PASSED] - click: Object: 'Object Repository/Login/div_GET OTP' is clicked on

2018-09-15 10:51:38 - [MESSAGE][PASSED] - Object: 'Object Repository/Login/div_GET OTP' is clicked on

2018-09-15 10:51:38 - [TEST_STEP][PASSED] - waitForElementPresent: Object 'Object Repository/Login/div_SUBMIT' is present

2018-09-15 10:51:39 - [MESSAGE][PASSED] - Object 'Object Repository/Login/div_SUBMIT' is present

2018-09-15 10:51:39 - [TEST_STEP][PASSED] - Statement - If (com.kms.katalon.core.webui.keyword.WebUiBuiltInKeywords.verifyElementNotPresent(com.kms.katalon.core.testobject.ObjectRepository.findTestObject(Login/div_SUBMIT), 5, OPTIONAL)): Web element with id: 'Object Repository/Login/div_SUBMIT' located by 'By.xpath: //div[(text() = ' SUBMIT ' or . = ' SUBMIT ')]' is present after '5' second(s)

2018-09-15 10:51:45 - [MESSAGE][WARNING] - Web element with id: 'Object Repository/Login/div_SUBMIT' located by 'By.xpath: //div[(text() = ' SUBMIT ' or . = ' SUBMIT ')]' is present after '5' second(s)
[[ATTACHMENT|C:\\Users\\Kaushal\\Desktop\\Katalon Studio\\vCallingDashboard\\Reports\\RegressionSuite\\20180915_103222\\1537005104823.png]]

2018-09-15 10:51:45 - [TEST_STEP][PASSED] - Statement - sleep(5000): null

2018-09-15 10:51:50 - [TEST_STEP][PASSED] - Statement - OTP = getOTP(): null

2018-09-15 10:51:50 - [TEST_STEP][PASSED] - Statement - host = "imap.gmail.com": null

2018-09-15 10:51:50 - [TEST_STEP][PASSED] - Statement - msg = <not implemented yet for class: org.codehaus.groovy.ast.expr.EmptyExpression>: null

2018-09-15 10:51:50 - [TEST_STEP][PASSED] - Statement - msgSub = <not implemented yet for class: org.codehaus.groovy.ast.expr.EmptyExpression>: null

2018-09-15 10:51:50 - [TEST_STEP][PASSED] - Statement - OTP = "unavailable": null

2018-09-15 10:51:50 - [TEST_STEP][PASSED] - Statement - props = new java.util.Properties(): null

2018-09-15 10:51:50 - [TEST_STEP][PASSED] - Statement - props.setProperty("mail.imap.ssl.enable", "true"): null

2018-09-15 10:51:50 - [TEST_STEP][PASSED] - Statement - session = javax.mail.Session.getInstance(props): null

2018-09-15 10:51:50 - [TEST_STEP][PASSED] - Statement - store = <not implemented yet for class: org.codehaus.groovy.ast.expr.EmptyExpression>: null

2018-09-15 10:51:50 - [TEST_STEP][PASSED] - Statement - Try: null

2018-09-15 10:51:50 - [TEST_STEP][PASSED] - Statement - store = session.getStore("imap"): null

2018-09-15 10:51:50 - [TEST_STEP][PASSED] - Statement - store.connect(host, Email, Password): null

2018-09-15 10:51:53 - [TEST_STEP][PASSED] - Statement - emailFolder = store.getFolder("INBOX"): null

2018-09-15 10:51:53 - [TEST_STEP][PASSED] - Statement - emailFolder.open(READ_WRITE): null

2018-09-15 10:51:54 - [TEST_STEP][PASSED] - Statement - messages = emailFolder.getMessages(): null

2018-09-15 10:51:54 - [TEST_STEP][PASSED] - Statement - n = length: null

2018-09-15 10:51:54 - [TEST_STEP][PASSED] - Statement - message = messages[n - 1]: null

2018-09-15 10:51:54 - [TEST_STEP][PASSED] - Statement - msgSub = message.getSubject(): null

2018-09-15 10:51:54 - [TEST_STEP][PASSED] - Statement - If (msgSub.equals("OTP to Sign In")): null

2018-09-15 10:51:54 - [TEST_STEP][PASSED] - Statement - msg = message.getContent().toString(): null

2018-09-15 10:51:55 - [TEST_STEP][PASSED] - Statement - OTP = msg.substring(msg.length() - 7): null

2018-09-15 10:51:55 - [TEST_STEP][PASSED] - Statement - message.setFlag(DELETED, true): null

2018-09-15 10:51:56 - [TEST_STEP][PASSED] - Statement - emailFolder.close(true): null

2018-09-15 10:51:57 - [TEST_STEP][PASSED] - Statement - store.close(): null

2018-09-15 10:51:57 - [TEST_STEP][PASSED] - Statement - return OTP: null

2018-09-15 10:51:57 - [TEST_STEP][PASSED] - Statement - If (OTP.equals("unavailable")): null

2018-09-15 10:51:57 - [TEST_STEP][PASSED] - Statement - Else: Text 'x4287
' is set on object 'Object Repository/Login/OtpInput'

2018-09-15 10:51:57 - [TEST_STEP][PASSED] - setText: Text 'x4287
' is set on object 'Object Repository/Login/OtpInput'

2018-09-15 10:51:57 - [MESSAGE][PASSED] - Text 'x4287
' is set on object 'Object Repository/Login/OtpInput'

2018-09-15 10:51:57 - [TEST_STEP][PASSED] - verifyElementPresent: Object 'Object Repository/Login/afterOpenDisplay' is present

2018-09-15 10:51:58 - [MESSAGE][PASSED] - Object 'Object Repository/Login/afterOpenDisplay' is present

2018-09-15 10:51:58 - [MESSAGE][PASSED] - Call Test Case 'Test Cases/BVT/aSimple_Login' successfully

2018-09-15 10:51:58 - [TEST_STEP][PASSED] - Statement - driver = com.kms.katalon.core.webui.driver.DriverFactory.getWebDriver(): null

2018-09-15 10:51:58 - [TEST_STEP][PASSED] - click: Object: 'Object Repository/Dashboard_Link Generator/linkgeneratorIcon' is clicked on

2018-09-15 10:51:58 - [MESSAGE][PASSED] - Object: 'Object Repository/Dashboard_Link Generator/linkgeneratorIcon' is clicked on

2018-09-15 10:51:58 - [TEST_STEP][PASSED] - Statement - x = CustomKeywords.newPackage.newKeyword.randomString(3).toLowerCase(): newPackage.newKeyword.randomString is PASSED

2018-09-15 10:51:58 - [MESSAGE][PASSED] - newPackage.newKeyword.randomString is PASSED

2018-09-15 10:51:58 - [TEST_STEP][PASSED] - Statement - teamMeberName = x: null

2018-09-15 10:51:58 - [TEST_STEP][PASSED] - setText: Text 'l5k' is set on object 'Object Repository/AddTeamMemberDashboard/name'

2018-09-15 10:51:59 - [MESSAGE][PASSED] - Text 'l5k' is set on object 'Object Repository/AddTeamMemberDashboard/name'

2018-09-15 10:51:59 - [TEST_STEP][PASSED] - setText: Text '43mSPoesc1@gmail.com' is set on object 'Object Repository/AddTeamMemberDashboard/email'

2018-09-15 10:51:59 - [MESSAGE][PASSED] - newPackage.newKeyword.randomString is PASSED

2018-09-15 10:52:00 - [MESSAGE][PASSED] - Text '43mSPoesc1@gmail.com' is set on object 'Object Repository/AddTeamMemberDashboard/email'

2018-09-15 10:52:00 - [TEST_STEP][PASSED] - Statement - number = CustomKeywords.phoneNumbers.contactNumbers.randomString(9): phoneNumbers.contactNumbers.randomString is PASSED

2018-09-15 10:52:00 - [MESSAGE][PASSED] - phoneNumbers.contactNumbers.randomString is PASSED

2018-09-15 10:52:00 - [TEST_STEP][PASSED] - Statement - Mobile_Number = number: null

2018-09-15 10:52:00 - [TEST_STEP][PASSED] - setText: Text '8090339491' is set on object 'Object Repository/Dashboard_Link Generator/contactNumber'

2018-09-15 10:52:00 - [MESSAGE][PASSED] - Text '8090339491' is set on object 'Object Repository/Dashboard_Link Generator/contactNumber'

2018-09-15 10:52:00 - [TEST_STEP][PASSED] - setText: Text 'property' is set on object 'Object Repository/Dashboard_Link Generator/tag'

2018-09-15 10:52:00 - [MESSAGE][PASSED] - Text 'property' is set on object 'Object Repository/Dashboard_Link Generator/tag'

2018-09-15 10:52:00 - [TEST_STEP][PASSED] - click: Object: 'Object Repository/Dashboard_Link Generator/div_GET LINK' is clicked on

2018-09-15 10:52:01 - [MESSAGE][PASSED] - Object: 'Object Repository/Dashboard_Link Generator/div_GET LINK' is clicked on

2018-09-15 10:52:01 - [TEST_STEP][PASSED] - Statement - getLink = com.kms.katalon.core.webui.keyword.WebUiBuiltInKeywords.getAttribute(com.kms.katalon.core.testobject.ObjectRepository.findTestObject(Dashboard_Link Generator/input_link-text), "value"): Attribute 'value' of object 'Object Repository/Dashboard_Link Generator/input_link-text' is: 'https://dev.vcalling.in/url/UAT/?id=UAT-1-651'

2018-09-15 10:52:02 - [MESSAGE][PASSED] - Attribute 'value' of object 'Object Repository/Dashboard_Link Generator/input_link-text' is: 'https://dev.vcalling.in/url/UAT/?id=UAT-1-651'

2018-09-15 10:52:02 - [TEST_STEP][PASSED] - Statement - println(getLink): null

2018-09-15 10:52:02 - [TEST_STEP][PASSED] - click: Object: 'Object Repository/Dashboard_Link Generator/copyLink' is clicked on

2018-09-15 10:52:02 - [MESSAGE][PASSED] - Object: 'Object Repository/Dashboard_Link Generator/copyLink' is clicked on

2018-09-15 10:52:02 - [TEST_STEP][PASSED] - Statement - If (com.kms.katalon.core.webui.keyword.WebUiBuiltInKeywords.verifyElementPresent(com.kms.katalon.core.testobject.ObjectRepository.findTestObject(Dashboard_Link Generator/validation), 5, OPTIONAL)): null

2018-09-15 10:52:02 - [MESSAGE][PASSED] - Object 'Object Repository/Dashboard_Link Generator/validation' is present

2018-09-15 10:52:02 - [TEST_STEP][PASSED] - Statement - validationMessage = com.kms.katalon.core.webui.keyword.WebUiBuiltInKeywords.getText(com.kms.katalon.core.testobject.ObjectRepository.findTestObject(Dashboard_Link Generator/validation)): Text of object 'Object Repository/Dashboard_Link Generator/validation' is: 'Link Copied.!'

2018-09-15 10:52:02 - [MESSAGE][PASSED] - Text of object 'Object Repository/Dashboard_Link Generator/validation' is: 'Link Copied.!'

2018-09-15 10:52:02 - [TEST_STEP][PASSED] - verifyMatch: Actual text 'Link Copied.!' and expected text 'Link Copied.!' are matched 

2018-09-15 10:52:02 - [MESSAGE][PASSED] - Actual text 'Link Copied.!' and expected text 'Link Copied.!' are matched 

2018-09-15 10:52:02 - [TEST_STEP][PASSED] - Statement - println("successful"): null

2018-09-15 10:52:02 - [TEST_STEP][PASSED] - Statement - linkUserName = driver.findElements(org.openqa.selenium.By.className("text-link-log")): null

2018-09-15 10:52:02 - [TEST_STEP][PASSED] - Statement - previousCountValue = 0: null

2018-09-15 10:52:02 - [TEST_STEP][PASSED] - Statement - For ([i = 0, i < linkUserName.size(), (i++)]): null

2018-09-15 10:52:02 - [TEST_STEP][PASSED] - Statement - out.println("Admin Console: " + linkUserName.get(i).getText()): null

2018-09-15 10:52:02 - [TEST_STEP][PASSED] - Statement - linkLogmembername = linkUserName.get(i).getText(): null

2018-09-15 10:52:02 - [TEST_STEP][PASSED] - Statement - out.println("new Admin :" + linkLogmembername): null

2018-09-15 10:52:02 - [TEST_STEP][PASSED] - Statement - If (linkLogmembername.equals(teamMeberName)): null

2018-09-15 10:52:02 - [TEST_STEP][PASSED] - Statement - out.println("Admin Console: " + linkUserName.get(i).getText()): null

2018-09-15 10:52:02 - [TEST_STEP][PASSED] - Statement - linkLogmembername = linkUserName.get(i).getText(): null

2018-09-15 10:52:02 - [TEST_STEP][PASSED] - Statement - out.println("new Admin :" + linkLogmembername): null

2018-09-15 10:52:02 - [TEST_STEP][PASSED] - Statement - If (linkLogmembername.equals(teamMeberName)): null

2018-09-15 10:52:02 - [TEST_STEP][PASSED] - Statement - out.println("Admin Console: " + linkUserName.get(i).getText()): null

2018-09-15 10:52:02 - [TEST_STEP][PASSED] - Statement - linkLogmembername = linkUserName.get(i).getText(): null

2018-09-15 10:52:02 - [TEST_STEP][PASSED] - Statement - out.println("new Admin :" + linkLogmembername): null

2018-09-15 10:52:02 - [TEST_STEP][PASSED] - Statement - If (linkLogmembername.equals(teamMeberName)): null

2018-09-15 10:52:02 - [TEST_STEP][PASSED] - Statement - out.println("Admin Console: " + linkUserName.get(i).getText()): null

2018-09-15 10:52:02 - [TEST_STEP][PASSED] - Statement - linkLogmembername = linkUserName.get(i).getText(): null

2018-09-15 10:52:02 - [TEST_STEP][PASSED] - Statement - out.println("new Admin :" + linkLogmembername): null

2018-09-15 10:52:02 - [TEST_STEP][PASSED] - Statement - If (linkLogmembername.equals(teamMeberName)): null

2018-09-15 10:52:02 - [TEST_STEP][PASSED] - Statement - out.println("Admin Console: " + linkUserName.get(i).getText()): null

2018-09-15 10:52:02 - [TEST_STEP][PASSED] - Statement - linkLogmembername = linkUserName.get(i).getText(): null

2018-09-15 10:52:02 - [TEST_STEP][PASSED] - Statement - out.println("new Admin :" + linkLogmembername): null

2018-09-15 10:52:02 - [TEST_STEP][PASSED] - Statement - If (linkLogmembername.equals(teamMeberName)): null

2018-09-15 10:52:02 - [TEST_STEP][PASSED] - Statement - out.println("Admin Console: " + linkUserName.get(i).getText()): null

2018-09-15 10:52:02 - [TEST_STEP][PASSED] - Statement - linkLogmembername = linkUserName.get(i).getText(): null

2018-09-15 10:52:02 - [TEST_STEP][PASSED] - Statement - out.println("new Admin :" + linkLogmembername): null

2018-09-15 10:52:02 - [TEST_STEP][PASSED] - Statement - If (linkLogmembername.equals(teamMeberName)): null

2018-09-15 10:52:02 - [TEST_STEP][PASSED] - Statement - out.println("Admin Console: " + linkUserName.get(i).getText()): null

2018-09-15 10:52:02 - [TEST_STEP][PASSED] - Statement - linkLogmembername = linkUserName.get(i).getText(): null

2018-09-15 10:52:02 - [TEST_STEP][PASSED] - Statement - out.println("new Admin :" + linkLogmembername): null

2018-09-15 10:52:02 - [TEST_STEP][PASSED] - Statement - If (linkLogmembername.equals(teamMeberName)): null

2018-09-15 10:52:02 - [TEST_STEP][PASSED] - Statement - out.println("Admin Console: " + linkUserName.get(i).getText()): null

2018-09-15 10:52:02 - [TEST_STEP][PASSED] - Statement - linkLogmembername = linkUserName.get(i).getText(): null

2018-09-15 10:52:02 - [TEST_STEP][PASSED] - Statement - out.println("new Admin :" + linkLogmembername): null

2018-09-15 10:52:02 - [TEST_STEP][PASSED] - Statement - If (linkLogmembername.equals(teamMeberName)): null

2018-09-15 10:52:02 - [TEST_STEP][PASSED] - Statement - out.println("Admin Console: " + linkLogmembername): null

2018-09-15 10:52:02 - [TEST_STEP][PASSED] - Statement - linkUserName.get(i).click(): null

2018-09-15 10:52:02 - [TEST_STEP][PASSED] - Statement - out.println("Admin Console: " + linkUserName.get(i).getText()): null

2018-09-15 10:52:02 - [TEST_STEP][PASSED] - Statement - linkLogmembername = linkUserName.get(i).getText(): null

2018-09-15 10:52:02 - [TEST_STEP][PASSED] - Statement - out.println("new Admin :" + linkLogmembername): null

2018-09-15 10:52:02 - [TEST_STEP][PASSED] - Statement - If (linkLogmembername.equals(teamMeberName)): null

2018-09-15 10:52:02 - [TEST_STEP][PASSED] - Statement - out.println("Admin Console: " + linkUserName.get(i).getText()): null

2018-09-15 10:52:03 - [TEST_STEP][PASSED] - Statement - linkLogmembername = linkUserName.get(i).getText(): null

2018-09-15 10:52:03 - [TEST_STEP][PASSED] - Statement - out.println("new Admin :" + linkLogmembername): null

2018-09-15 10:52:03 - [TEST_STEP][PASSED] - Statement - If (linkLogmembername.equals(teamMeberName)): null

2018-09-15 10:52:03 - [TEST_STEP][PASSED] - Statement - out.println("Admin Console: " + linkUserName.get(i).getText()): null

2018-09-15 10:52:03 - [TEST_STEP][PASSED] - Statement - linkLogmembername = linkUserName.get(i).getText(): null

2018-09-15 10:52:03 - [TEST_STEP][PASSED] - Statement - out.println("new Admin :" + linkLogmembername): null

2018-09-15 10:52:03 - [TEST_STEP][PASSED] - Statement - If (linkLogmembername.equals(teamMeberName)): null

2018-09-15 10:52:03 - [TEST_STEP][PASSED] - Statement - out.println("Admin Console: " + linkUserName.get(i).getText()): null

2018-09-15 10:52:03 - [TEST_STEP][PASSED] - Statement - linkLogmembername = linkUserName.get(i).getText(): null

2018-09-15 10:52:03 - [TEST_STEP][PASSED] - Statement - out.println("new Admin :" + linkLogmembername): null

2018-09-15 10:52:03 - [TEST_STEP][PASSED] - Statement - If (linkLogmembername.equals(teamMeberName)): null

2018-09-15 10:52:03 - [TEST_STEP][PASSED] - Statement - out.println("Admin Console: " + linkUserName.get(i).getText()): null

2018-09-15 10:52:03 - [TEST_STEP][PASSED] - Statement - linkLogmembername = linkUserName.get(i).getText(): null

2018-09-15 10:52:03 - [TEST_STEP][PASSED] - Statement - out.println("new Admin :" + linkLogmembername): null

2018-09-15 10:52:03 - [TEST_STEP][PASSED] - Statement - If (linkLogmembername.equals(teamMeberName)): null

2018-09-15 10:52:03 - [TEST_STEP][PASSED] - Statement - out.println("Admin Console: " + linkUserName.get(i).getText()): null

2018-09-15 10:52:03 - [TEST_STEP][PASSED] - Statement - linkLogmembername = linkUserName.get(i).getText(): null

2018-09-15 10:52:03 - [TEST_STEP][PASSED] - Statement - out.println("new Admin :" + linkLogmembername): null

2018-09-15 10:52:03 - [TEST_STEP][PASSED] - Statement - If (linkLogmembername.equals(teamMeberName)): null

2018-09-15 10:52:03 - [TEST_STEP][PASSED] - Statement - out.println("Admin Console: " + linkUserName.get(i).getText()): null

2018-09-15 10:52:03 - [TEST_STEP][PASSED] - Statement - linkLogmembername = linkUserName.get(i).getText(): null

2018-09-15 10:52:03 - [TEST_STEP][PASSED] - Statement - out.println("new Admin :" + linkLogmembername): null

2018-09-15 10:52:03 - [TEST_STEP][PASSED] - Statement - If (linkLogmembername.equals(teamMeberName)): null

2018-09-15 10:52:03 - [TEST_STEP][PASSED] - Statement - out.println("Admin Console: " + linkUserName.get(i).getText()): null

2018-09-15 10:52:03 - [TEST_STEP][PASSED] - Statement - linkLogmembername = linkUserName.get(i).getText(): null

2018-09-15 10:52:03 - [TEST_STEP][PASSED] - Statement - out.println("new Admin :" + linkLogmembername): null

2018-09-15 10:52:03 - [TEST_STEP][PASSED] - Statement - If (linkLogmembername.equals(teamMeberName)): null

2018-09-15 10:52:03 - [TEST_STEP][PASSED] - Statement - out.println("Admin Console: " + linkUserName.get(i).getText()): null

2018-09-15 10:52:03 - [TEST_STEP][PASSED] - Statement - linkLogmembername = linkUserName.get(i).getText(): null

2018-09-15 10:52:03 - [TEST_STEP][PASSED] - Statement - out.println("new Admin :" + linkLogmembername): null

2018-09-15 10:52:03 - [TEST_STEP][PASSED] - Statement - If (linkLogmembername.equals(teamMeberName)): null

2018-09-15 10:52:03 - [TEST_STEP][PASSED] - Statement - out.println("Admin Console: " + linkUserName.get(i).getText()): null

2018-09-15 10:52:03 - [TEST_STEP][PASSED] - Statement - linkLogmembername = linkUserName.get(i).getText(): null

2018-09-15 10:52:03 - [TEST_STEP][PASSED] - Statement - out.println("new Admin :" + linkLogmembername): null

2018-09-15 10:52:03 - [TEST_STEP][PASSED] - Statement - If (linkLogmembername.equals(teamMeberName)): null

2018-09-15 10:52:03 - [TEST_STEP][PASSED] - Statement - out.println("Admin Console: " + linkUserName.get(i).getText()): null

2018-09-15 10:52:03 - [TEST_STEP][PASSED] - Statement - linkLogmembername = linkUserName.get(i).getText(): null

2018-09-15 10:52:03 - [TEST_STEP][PASSED] - Statement - out.println("new Admin :" + linkLogmembername): null

2018-09-15 10:52:03 - [TEST_STEP][PASSED] - Statement - If (linkLogmembername.equals(teamMeberName)): null

2018-09-15 10:52:03 - [TEST_STEP][PASSED] - Statement - out.println("Admin Console: " + linkUserName.get(i).getText()): null

2018-09-15 10:52:03 - [TEST_STEP][PASSED] - Statement - linkLogmembername = linkUserName.get(i).getText(): null

2018-09-15 10:52:03 - [TEST_STEP][PASSED] - Statement - out.println("new Admin :" + linkLogmembername): null

2018-09-15 10:52:03 - [TEST_STEP][PASSED] - Statement - If (linkLogmembername.equals(teamMeberName)): null

2018-09-15 10:52:03 - [TEST_STEP][PASSED] - Statement - out.println("Admin Console: " + linkUserName.get(i).getText()): null

2018-09-15 10:52:03 - [TEST_STEP][PASSED] - Statement - linkLogmembername = linkUserName.get(i).getText(): null

2018-09-15 10:52:03 - [TEST_STEP][PASSED] - Statement - out.println("new Admin :" + linkLogmembername): null

2018-09-15 10:52:03 - [TEST_STEP][PASSED] - Statement - If (linkLogmembername.equals(teamMeberName)): null

2018-09-15 10:52:03 - [TEST_STEP][PASSED] - Statement - out.println("Admin Console: " + linkUserName.get(i).getText()): null

2018-09-15 10:52:03 - [TEST_STEP][PASSED] - Statement - linkLogmembername = linkUserName.get(i).getText(): null

2018-09-15 10:52:03 - [TEST_STEP][PASSED] - Statement - out.println("new Admin :" + linkLogmembername): null

2018-09-15 10:52:03 - [TEST_STEP][PASSED] - Statement - If (linkLogmembername.equals(teamMeberName)): null

2018-09-15 10:52:03 - [TEST_STEP][PASSED] - Statement - out.println("Admin Console: " + linkUserName.get(i).getText()): null

2018-09-15 10:52:03 - [TEST_STEP][PASSED] - Statement - linkLogmembername = linkUserName.get(i).getText(): null

2018-09-15 10:52:03 - [TEST_STEP][PASSED] - Statement - out.println("new Admin :" + linkLogmembername): null

2018-09-15 10:52:03 - [TEST_STEP][PASSED] - Statement - If (linkLogmembername.equals(teamMeberName)): null

2018-09-15 10:52:03 - [TEST_STEP][PASSED] - Statement - out.println("Admin Console: " + linkUserName.get(i).getText()): null

2018-09-15 10:52:03 - [TEST_STEP][PASSED] - Statement - linkLogmembername = linkUserName.get(i).getText(): null

2018-09-15 10:52:03 - [TEST_STEP][PASSED] - Statement - out.println("new Admin :" + linkLogmembername): null

2018-09-15 10:52:03 - [TEST_STEP][PASSED] - Statement - If (linkLogmembername.equals(teamMeberName)): null

2018-09-15 10:52:03 - [TEST_STEP][PASSED] - Statement - out.println("Admin Console: " + linkUserName.get(i).getText()): null

2018-09-15 10:52:03 - [TEST_STEP][PASSED] - Statement - linkLogmembername = linkUserName.get(i).getText(): null

2018-09-15 10:52:03 - [TEST_STEP][PASSED] - Statement - out.println("new Admin :" + linkLogmembername): null

2018-09-15 10:52:03 - [TEST_STEP][PASSED] - Statement - If (linkLogmembername.equals(teamMeberName)): null

2018-09-15 10:52:03 - [TEST_STEP][PASSED] - Statement - out.println("Admin Console: " + linkUserName.get(i).getText()): null

2018-09-15 10:52:03 - [TEST_STEP][PASSED] - Statement - linkLogmembername = linkUserName.get(i).getText(): null

2018-09-15 10:52:03 - [TEST_STEP][PASSED] - Statement - out.println("new Admin :" + linkLogmembername): null

2018-09-15 10:52:03 - [TEST_STEP][PASSED] - Statement - If (linkLogmembername.equals(teamMeberName)): null

2018-09-15 10:52:03 - [TEST_STEP][PASSED] - Statement - out.println("Admin Console: " + linkUserName.get(i).getText()): null

2018-09-15 10:52:03 - [TEST_STEP][PASSED] - Statement - linkLogmembername = linkUserName.get(i).getText(): null

2018-09-15 10:52:03 - [TEST_STEP][PASSED] - Statement - out.println("new Admin :" + linkLogmembername): null

2018-09-15 10:52:03 - [TEST_STEP][PASSED] - Statement - If (linkLogmembername.equals(teamMeberName)): null

2018-09-15 10:52:03 - [TEST_STEP][PASSED] - Statement - out.println("Admin Console: " + linkUserName.get(i).getText()): null

2018-09-15 10:52:03 - [TEST_STEP][PASSED] - Statement - linkLogmembername = linkUserName.get(i).getText(): null

2018-09-15 10:52:03 - [TEST_STEP][PASSED] - Statement - out.println("new Admin :" + linkLogmembername): null

2018-09-15 10:52:03 - [TEST_STEP][PASSED] - Statement - If (linkLogmembername.equals(teamMeberName)): null

2018-09-15 10:52:03 - [TEST_STEP][PASSED] - Statement - out.println("Admin Console: " + linkUserName.get(i).getText()): null

2018-09-15 10:52:03 - [TEST_STEP][PASSED] - Statement - linkLogmembername = linkUserName.get(i).getText(): null

2018-09-15 10:52:03 - [TEST_STEP][PASSED] - Statement - out.println("new Admin :" + linkLogmembername): null

2018-09-15 10:52:03 - [TEST_STEP][PASSED] - Statement - If (linkLogmembername.equals(teamMeberName)): null

2018-09-15 10:52:03 - [TEST_STEP][PASSED] - Statement - out.println("Admin Console: " + linkUserName.get(i).getText()): null

2018-09-15 10:52:03 - [TEST_STEP][PASSED] - Statement - linkLogmembername = linkUserName.get(i).getText(): null

2018-09-15 10:52:04 - [TEST_STEP][PASSED] - Statement - out.println("new Admin :" + linkLogmembername): null

2018-09-15 10:52:04 - [TEST_STEP][PASSED] - Statement - If (linkLogmembername.equals(teamMeberName)): null

2018-09-15 10:52:04 - [TEST_STEP][PASSED] - Statement - out.println("Admin Console: " + linkUserName.get(i).getText()): null

2018-09-15 10:52:04 - [TEST_STEP][PASSED] - Statement - linkLogmembername = linkUserName.get(i).getText(): null

2018-09-15 10:52:04 - [TEST_STEP][PASSED] - Statement - out.println("new Admin :" + linkLogmembername): null

2018-09-15 10:52:04 - [TEST_STEP][PASSED] - Statement - If (linkLogmembername.equals(teamMeberName)): null

2018-09-15 10:52:04 - [TEST_STEP][PASSED] - Statement - out.println("Admin Console: " + linkUserName.get(i).getText()): null

2018-09-15 10:52:04 - [TEST_STEP][PASSED] - Statement - linkLogmembername = linkUserName.get(i).getText(): null

2018-09-15 10:52:04 - [TEST_STEP][PASSED] - Statement - out.println("new Admin :" + linkLogmembername): null

2018-09-15 10:52:04 - [TEST_STEP][PASSED] - Statement - If (linkLogmembername.equals(teamMeberName)): null

2018-09-15 10:52:04 - [TEST_STEP][PASSED] - Statement - out.println("Admin Console: " + linkUserName.get(i).getText()): null

2018-09-15 10:52:04 - [TEST_STEP][PASSED] - Statement - linkLogmembername = linkUserName.get(i).getText(): null

2018-09-15 10:52:04 - [TEST_STEP][PASSED] - Statement - out.println("new Admin :" + linkLogmembername): null

2018-09-15 10:52:04 - [TEST_STEP][PASSED] - Statement - If (linkLogmembername.equals(teamMeberName)): null

2018-09-15 10:52:04 - [TEST_STEP][PASSED] - Statement - out.println("Admin Console: " + linkUserName.get(i).getText()): null

2018-09-15 10:52:04 - [TEST_STEP][PASSED] - Statement - linkLogmembername = linkUserName.get(i).getText(): null

2018-09-15 10:52:04 - [TEST_STEP][PASSED] - Statement - out.println("new Admin :" + linkLogmembername): null

2018-09-15 10:52:04 - [TEST_STEP][PASSED] - Statement - If (linkLogmembername.equals(teamMeberName)): null

2018-09-15 10:52:04 - [TEST_STEP][PASSED] - Statement - out.println("Admin Console: " + linkUserName.get(i).getText()): null

2018-09-15 10:52:04 - [TEST_STEP][PASSED] - Statement - linkLogmembername = linkUserName.get(i).getText(): null

2018-09-15 10:52:04 - [TEST_STEP][PASSED] - Statement - out.println("new Admin :" + linkLogmembername): null

2018-09-15 10:52:04 - [TEST_STEP][PASSED] - Statement - If (linkLogmembername.equals(teamMeberName)): null

2018-09-15 10:52:04 - [TEST_STEP][PASSED] - Statement - out.println("Admin Console: " + linkUserName.get(i).getText()): null

2018-09-15 10:52:04 - [TEST_STEP][PASSED] - Statement - linkLogmembername = linkUserName.get(i).getText(): null

2018-09-15 10:52:04 - [TEST_STEP][PASSED] - Statement - out.println("new Admin :" + linkLogmembername): null

2018-09-15 10:52:04 - [TEST_STEP][PASSED] - Statement - If (linkLogmembername.equals(teamMeberName)): null

2018-09-15 10:52:04 - [TEST_STEP][PASSED] - Statement - out.println("Admin Console: " + linkUserName.get(i).getText()): null

2018-09-15 10:52:04 - [TEST_STEP][PASSED] - Statement - linkLogmembername = linkUserName.get(i).getText(): null

2018-09-15 10:52:04 - [TEST_STEP][PASSED] - Statement - out.println("new Admin :" + linkLogmembername): null

2018-09-15 10:52:04 - [TEST_STEP][PASSED] - Statement - If (linkLogmembername.equals(teamMeberName)): null

2018-09-15 10:52:04 - [TEST_STEP][PASSED] - Statement - out.println("Admin Console: " + linkUserName.get(i).getText()): null

2018-09-15 10:52:04 - [TEST_STEP][PASSED] - Statement - linkLogmembername = linkUserName.get(i).getText(): null

2018-09-15 10:52:04 - [TEST_STEP][PASSED] - Statement - out.println("new Admin :" + linkLogmembername): null

2018-09-15 10:52:04 - [TEST_STEP][PASSED] - Statement - If (linkLogmembername.equals(teamMeberName)): null

2018-09-15 10:52:04 - [TEST_STEP][PASSED] - Statement - out.println("Admin Console: " + linkUserName.get(i).getText()): null

2018-09-15 10:52:04 - [TEST_STEP][PASSED] - Statement - linkLogmembername = linkUserName.get(i).getText(): null

2018-09-15 10:52:04 - [TEST_STEP][PASSED] - Statement - out.println("new Admin :" + linkLogmembername): null

2018-09-15 10:52:04 - [TEST_STEP][PASSED] - Statement - If (linkLogmembername.equals(teamMeberName)): null

2018-09-15 10:52:04 - [TEST_STEP][PASSED] - Statement - out.println("Admin Console: " + linkUserName.get(i).getText()): null

2018-09-15 10:52:04 - [TEST_STEP][PASSED] - Statement - linkLogmembername = linkUserName.get(i).getText(): null

2018-09-15 10:52:04 - [TEST_STEP][PASSED] - Statement - out.println("new Admin :" + linkLogmembername): null

2018-09-15 10:52:04 - [TEST_STEP][PASSED] - Statement - If (linkLogmembername.equals(teamMeberName)): null

2018-09-15 10:52:04 - [TEST_STEP][PASSED] - Statement - out.println("Admin Console: " + linkUserName.get(i).getText()): null

2018-09-15 10:52:04 - [TEST_STEP][PASSED] - Statement - linkLogmembername = linkUserName.get(i).getText(): null

2018-09-15 10:52:04 - [TEST_STEP][PASSED] - Statement - out.println("new Admin :" + linkLogmembername): null

2018-09-15 10:52:04 - [TEST_STEP][PASSED] - Statement - If (linkLogmembername.equals(teamMeberName)): null

2018-09-15 10:52:04 - [TEST_STEP][PASSED] - Statement - out.println("Admin Console: " + linkUserName.get(i).getText()): null

2018-09-15 10:52:04 - [TEST_STEP][PASSED] - Statement - linkLogmembername = linkUserName.get(i).getText(): null

2018-09-15 10:52:04 - [TEST_STEP][PASSED] - Statement - out.println("new Admin :" + linkLogmembername): null

2018-09-15 10:52:04 - [TEST_STEP][PASSED] - Statement - If (linkLogmembername.equals(teamMeberName)): null

2018-09-15 10:52:04 - [TEST_STEP][PASSED] - Statement - out.println("Admin Console: " + linkUserName.get(i).getText()): null

2018-09-15 10:52:04 - [TEST_STEP][PASSED] - Statement - linkLogmembername = linkUserName.get(i).getText(): null

2018-09-15 10:52:04 - [TEST_STEP][PASSED] - Statement - out.println("new Admin :" + linkLogmembername): null

2018-09-15 10:52:04 - [TEST_STEP][PASSED] - Statement - If (linkLogmembername.equals(teamMeberName)): null

2018-09-15 10:52:04 - [TEST_STEP][PASSED] - Statement - out.println("Admin Console: " + linkUserName.get(i).getText()): null

2018-09-15 10:52:04 - [TEST_STEP][PASSED] - Statement - linkLogmembername = linkUserName.get(i).getText(): null

2018-09-15 10:52:04 - [TEST_STEP][PASSED] - Statement - out.println("new Admin :" + linkLogmembername): null

2018-09-15 10:52:04 - [TEST_STEP][PASSED] - Statement - If (linkLogmembername.equals(teamMeberName)): null

2018-09-15 10:52:04 - [TEST_STEP][PASSED] - Statement - out.println("Admin Console: " + linkUserName.get(i).getText()): null

2018-09-15 10:52:04 - [TEST_STEP][PASSED] - Statement - linkLogmembername = linkUserName.get(i).getText(): null

2018-09-15 10:52:04 - [TEST_STEP][PASSED] - Statement - out.println("new Admin :" + linkLogmembername): null

2018-09-15 10:52:04 - [TEST_STEP][PASSED] - Statement - If (linkLogmembername.equals(teamMeberName)): null

2018-09-15 10:52:04 - [TEST_STEP][PASSED] - Statement - out.println("Admin Console: " + linkUserName.get(i).getText()): null

2018-09-15 10:52:04 - [TEST_STEP][PASSED] - Statement - linkLogmembername = linkUserName.get(i).getText(): null

2018-09-15 10:52:04 - [TEST_STEP][PASSED] - Statement - out.println("new Admin :" + linkLogmembername): null

2018-09-15 10:52:04 - [TEST_STEP][PASSED] - Statement - If (linkLogmembername.equals(teamMeberName)): null

2018-09-15 10:52:04 - [TEST_STEP][PASSED] - Statement - out.println("Admin Console: " + linkUserName.get(i).getText()): null

2018-09-15 10:52:04 - [TEST_STEP][PASSED] - Statement - linkLogmembername = linkUserName.get(i).getText(): null

2018-09-15 10:52:04 - [TEST_STEP][PASSED] - Statement - out.println("new Admin :" + linkLogmembername): null

2018-09-15 10:52:04 - [TEST_STEP][PASSED] - Statement - If (linkLogmembername.equals(teamMeberName)): null

2018-09-15 10:52:04 - [TEST_STEP][PASSED] - Statement - out.println("Admin Console: " + linkUserName.get(i).getText()): null

2018-09-15 10:52:04 - [TEST_STEP][PASSED] - Statement - linkLogmembername = linkUserName.get(i).getText(): null

2018-09-15 10:52:05 - [TEST_STEP][PASSED] - Statement - out.println("new Admin :" + linkLogmembername): null

2018-09-15 10:52:05 - [TEST_STEP][PASSED] - Statement - If (linkLogmembername.equals(teamMeberName)): null

2018-09-15 10:52:05 - [TEST_STEP][PASSED] - Statement - out.println("Admin Console: " + linkUserName.get(i).getText()): null

2018-09-15 10:52:05 - [TEST_STEP][PASSED] - Statement - linkLogmembername = linkUserName.get(i).getText(): null

2018-09-15 10:52:05 - [TEST_STEP][PASSED] - Statement - out.println("new Admin :" + linkLogmembername): null

2018-09-15 10:52:05 - [TEST_STEP][PASSED] - Statement - If (linkLogmembername.equals(teamMeberName)): null

2018-09-15 10:52:05 - [TEST_STEP][PASSED] - Statement - out.println("Admin Console: " + linkUserName.get(i).getText()): null

2018-09-15 10:52:05 - [TEST_STEP][PASSED] - Statement - linkLogmembername = linkUserName.get(i).getText(): null

2018-09-15 10:52:05 - [TEST_STEP][PASSED] - Statement - out.println("new Admin :" + linkLogmembername): null

2018-09-15 10:52:05 - [TEST_STEP][PASSED] - Statement - If (linkLogmembername.equals(teamMeberName)): null

2018-09-15 10:52:05 - [TEST_STEP][PASSED] - Statement - out.println("Admin Console: " + linkUserName.get(i).getText()): null

2018-09-15 10:52:05 - [TEST_STEP][PASSED] - Statement - linkLogmembername = linkUserName.get(i).getText(): null

2018-09-15 10:52:05 - [TEST_STEP][PASSED] - Statement - out.println("new Admin :" + linkLogmembername): null

2018-09-15 10:52:05 - [TEST_STEP][PASSED] - Statement - If (linkLogmembername.equals(teamMeberName)): null

2018-09-15 10:52:05 - [TEST_STEP][PASSED] - Statement - out.println("Admin Console: " + linkUserName.get(i).getText()): null

2018-09-15 10:52:05 - [TEST_STEP][PASSED] - Statement - linkLogmembername = linkUserName.get(i).getText(): null

2018-09-15 10:52:05 - [TEST_STEP][PASSED] - Statement - out.println("new Admin :" + linkLogmembername): null

2018-09-15 10:52:05 - [TEST_STEP][PASSED] - Statement - If (linkLogmembername.equals(teamMeberName)): null

2018-09-15 10:52:05 - [TEST_STEP][PASSED] - Statement - out.println("Admin Console: " + linkUserName.get(i).getText()): null

2018-09-15 10:52:05 - [TEST_STEP][PASSED] - Statement - linkLogmembername = linkUserName.get(i).getText(): null

2018-09-15 10:52:05 - [TEST_STEP][PASSED] - Statement - out.println("new Admin :" + linkLogmembername): null

2018-09-15 10:52:05 - [TEST_STEP][PASSED] - Statement - If (linkLogmembername.equals(teamMeberName)): null

2018-09-15 10:52:05 - [TEST_STEP][PASSED] - Statement - out.println("Admin Console: " + linkUserName.get(i).getText()): null

2018-09-15 10:52:05 - [TEST_STEP][PASSED] - Statement - linkLogmembername = linkUserName.get(i).getText(): null

2018-09-15 10:52:05 - [TEST_STEP][PASSED] - Statement - out.println("new Admin :" + linkLogmembername): null

2018-09-15 10:52:05 - [TEST_STEP][PASSED] - Statement - If (linkLogmembername.equals(teamMeberName)): null

2018-09-15 10:52:05 - [TEST_STEP][PASSED] - Statement - out.println("Admin Console: " + linkUserName.get(i).getText()): null

2018-09-15 10:52:05 - [TEST_STEP][PASSED] - Statement - linkLogmembername = linkUserName.get(i).getText(): null

2018-09-15 10:52:05 - [TEST_STEP][PASSED] - Statement - out.println("new Admin :" + linkLogmembername): null

2018-09-15 10:52:05 - [TEST_STEP][PASSED] - Statement - If (linkLogmembername.equals(teamMeberName)): null

2018-09-15 10:52:05 - [TEST_STEP][PASSED] - Statement - out.println("Admin Console: " + linkUserName.get(i).getText()): null

2018-09-15 10:52:05 - [TEST_STEP][PASSED] - Statement - linkLogmembername = linkUserName.get(i).getText(): null

2018-09-15 10:52:05 - [TEST_STEP][PASSED] - Statement - out.println("new Admin :" + linkLogmembername): null

2018-09-15 10:52:05 - [TEST_STEP][PASSED] - Statement - If (linkLogmembername.equals(teamMeberName)): null

2018-09-15 10:52:05 - [TEST_STEP][PASSED] - Statement - out.println("Admin Console: " + linkUserName.get(i).getText()): null

2018-09-15 10:52:05 - [TEST_STEP][PASSED] - Statement - linkLogmembername = linkUserName.get(i).getText(): null

2018-09-15 10:52:05 - [TEST_STEP][PASSED] - Statement - out.println("new Admin :" + linkLogmembername): null

2018-09-15 10:52:05 - [TEST_STEP][PASSED] - Statement - If (linkLogmembername.equals(teamMeberName)): null

2018-09-15 10:52:05 - [TEST_STEP][PASSED] - Statement - If (com.kms.katalon.core.webui.keyword.WebUiBuiltInKeywords.verifyElementPresent(com.kms.katalon.core.testobject.ObjectRepository.findTestObject(Object Repository/linkLog/customerProfileDetails), 5, OPTIONAL)): null

2018-09-15 10:52:05 - [MESSAGE][PASSED] - Object 'Object Repository/linkLog/customerProfileDetails' is present

2018-09-15 10:52:05 - [TEST_STEP][PASSED] - Statement - println("open link log successful"): null

2018-09-15 10:52:05 - [TEST_STEP][PASSED] - click: Object: 'Object Repository/linkLog/editButton' is clicked on

2018-09-15 10:52:05 - [MESSAGE][PASSED] - Object: 'Object Repository/linkLog/editButton' is clicked on

2018-09-15 10:52:05 - [TEST_STEP][PASSED] - sendKeys: Keys 'CONTROL + DELETE + a' sent to object: 'Object Repository/customerDetailsEdit/customerNameObject'

2018-09-15 10:52:05 - [MESSAGE][PASSED] - Keys 'CONTROL + DELETE + a' sent to object: 'Object Repository/customerDetailsEdit/customerNameObject'

2018-09-15 10:52:05 - [TEST_STEP][PASSED] - click: Object: 'Object Repository/customerDetailsEdit/saveButtonObject' is clicked on

2018-09-15 10:52:05 - [MESSAGE][PASSED] - Object: 'Object Repository/customerDetailsEdit/saveButtonObject' is clicked on

2018-09-15 10:52:05 - [TEST_STEP][PASSED] - Statement - If (com.kms.katalon.core.webui.keyword.WebUiBuiltInKeywords.verifyElementPresent(com.kms.katalon.core.testobject.ObjectRepository.findTestObject(Dashboard_Link Generator/validation), 5)): null

2018-09-15 10:52:07 - [MESSAGE][PASSED] - Object 'Object Repository/Dashboard_Link Generator/validation' is present

2018-09-15 10:52:07 - [TEST_STEP][PASSED] - Statement - validationMessage = com.kms.katalon.core.webui.keyword.WebUiBuiltInKeywords.getText(com.kms.katalon.core.testobject.ObjectRepository.findTestObject(Dashboard_Link Generator/validation)): Text of object 'Object Repository/Dashboard_Link Generator/validation' is: 'Details Updated, Please refresh logs for updated details'

2018-09-15 10:52:07 - [MESSAGE][PASSED] - Text of object 'Object Repository/Dashboard_Link Generator/validation' is: 'Details Updated, Please refresh logs for updated details'

2018-09-15 10:52:07 - [TEST_STEP][PASSED] - verifyMatch: Actual text 'Details Updated, Please refresh logs for updated details' and expected text 'Details Updated, Please refresh logs for updated details' are matched 

2018-09-15 10:52:07 - [MESSAGE][PASSED] - Actual text 'Details Updated, Please refresh logs for updated details' and expected text 'Details Updated, Please refresh logs for updated details' are matched 

2018-09-15 10:52:07 - [TEST_STEP][PASSED] - Statement - println("successful"): null]]></system-out>
         <system-err><![CDATA[]]></system-err>
      </testcase>
      <testcase name="Test Cases/completed/TestCase4_EditCustomerDetails/removeEmailAndContactCustomerDetails" classname="Test Cases/completed/TestCase4_EditCustomerDetails/removeEmailAndContactCustomerDetails" status="PASSED">
         <system-out><![CDATA[2018-09-15 10:52:07 - [TEST_CASE][PASSED] - Test Cases/completed/TestCase4_EditCustomerDetails/removeEmailAndContactCustomerDetails: Test Cases/completed/TestCase4_EditCustomerDetails/removeEmailAndContactCustomerDetails

2018-09-15 10:52:07 - [TEST_STEP][PASSED] - callTestCase: Call Test Case 'Test Cases/BVT/aSimple_Login' successfully

2018-09-15 10:52:07 - [TEST_CASE][PASSED] - Test Cases/BVT/aSimple_Login: Test Cases/BVT/aSimple_Login

2018-09-15 10:52:07 - [TEST_STEP][PASSED] - openBrowser: Browser is opened with url: ''

2018-09-15 10:52:07 - [MESSAGE][WARNING] - A browser is already opened. Closing browser and opening a new one

2018-09-15 10:52:10 - [MESSAGE][PASSED] - Browser is opened with url: ''

2018-09-15 10:52:10 - [TEST_STEP][PASSED] - maximizeWindow: Current window maximized

2018-09-15 10:52:12 - [MESSAGE][PASSED] - Current window maximized

2018-09-15 10:52:12 - [TEST_STEP][PASSED] - navigateToUrl: Navigate to 'https://dev.vcalling.in/enterprises/UAT/Dashboard/index.html' successfully

2018-09-15 10:52:15 - [MESSAGE][PASSED] - Navigate to 'https://dev.vcalling.in/enterprises/UAT/Dashboard/index.html' successfully

2018-09-15 10:52:15 - [TEST_STEP][PASSED] - setText: Text 'testing4dea@gmail.com' is set on object 'Object Repository/Login/UserId'

2018-09-15 10:52:15 - [MESSAGE][PASSED] - Text 'testing4dea@gmail.com' is set on object 'Object Repository/Login/UserId'

2018-09-15 10:52:15 - [TEST_STEP][PASSED] - click: Object: 'Object Repository/Login/div_GET OTP' is clicked on

2018-09-15 10:52:15 - [MESSAGE][PASSED] - Object: 'Object Repository/Login/div_GET OTP' is clicked on

2018-09-15 10:52:15 - [TEST_STEP][PASSED] - waitForElementPresent: Object 'Object Repository/Login/div_SUBMIT' is present

2018-09-15 10:52:17 - [MESSAGE][PASSED] - Object 'Object Repository/Login/div_SUBMIT' is present

2018-09-15 10:52:17 - [TEST_STEP][PASSED] - Statement - If (com.kms.katalon.core.webui.keyword.WebUiBuiltInKeywords.verifyElementNotPresent(com.kms.katalon.core.testobject.ObjectRepository.findTestObject(Login/div_SUBMIT), 5, OPTIONAL)): Web element with id: 'Object Repository/Login/div_SUBMIT' located by 'By.xpath: //div[(text() = ' SUBMIT ' or . = ' SUBMIT ')]' is present after '5' second(s)

2018-09-15 10:52:23 - [MESSAGE][WARNING] - Web element with id: 'Object Repository/Login/div_SUBMIT' located by 'By.xpath: //div[(text() = ' SUBMIT ' or . = ' SUBMIT ')]' is present after '5' second(s)
[[ATTACHMENT|C:\\Users\\Kaushal\\Desktop\\Katalon Studio\\vCallingDashboard\\Reports\\RegressionSuite\\20180915_103222\\1537005142757.png]]

2018-09-15 10:52:23 - [TEST_STEP][PASSED] - Statement - sleep(5000): null

2018-09-15 10:52:28 - [TEST_STEP][PASSED] - Statement - OTP = getOTP(): null

2018-09-15 10:52:28 - [TEST_STEP][PASSED] - Statement - host = "imap.gmail.com": null

2018-09-15 10:52:28 - [TEST_STEP][PASSED] - Statement - msg = <not implemented yet for class: org.codehaus.groovy.ast.expr.EmptyExpression>: null

2018-09-15 10:52:28 - [TEST_STEP][PASSED] - Statement - msgSub = <not implemented yet for class: org.codehaus.groovy.ast.expr.EmptyExpression>: null

2018-09-15 10:52:28 - [TEST_STEP][PASSED] - Statement - OTP = "unavailable": null

2018-09-15 10:52:28 - [TEST_STEP][PASSED] - Statement - props = new java.util.Properties(): null

2018-09-15 10:52:28 - [TEST_STEP][PASSED] - Statement - props.setProperty("mail.imap.ssl.enable", "true"): null

2018-09-15 10:52:28 - [TEST_STEP][PASSED] - Statement - session = javax.mail.Session.getInstance(props): null

2018-09-15 10:52:28 - [TEST_STEP][PASSED] - Statement - store = <not implemented yet for class: org.codehaus.groovy.ast.expr.EmptyExpression>: null

2018-09-15 10:52:28 - [TEST_STEP][PASSED] - Statement - Try: null

2018-09-15 10:52:28 - [TEST_STEP][PASSED] - Statement - store = session.getStore("imap"): null

2018-09-15 10:52:28 - [TEST_STEP][PASSED] - Statement - store.connect(host, Email, Password): null

2018-09-15 10:52:32 - [TEST_STEP][PASSED] - Statement - emailFolder = store.getFolder("INBOX"): null

2018-09-15 10:52:32 - [TEST_STEP][PASSED] - Statement - emailFolder.open(READ_WRITE): null

2018-09-15 10:52:32 - [TEST_STEP][PASSED] - Statement - messages = emailFolder.getMessages(): null

2018-09-15 10:52:32 - [TEST_STEP][PASSED] - Statement - n = length: null

2018-09-15 10:52:32 - [TEST_STEP][PASSED] - Statement - message = messages[n - 1]: null

2018-09-15 10:52:32 - [TEST_STEP][PASSED] - Statement - msgSub = message.getSubject(): null

2018-09-15 10:52:33 - [TEST_STEP][PASSED] - Statement - If (msgSub.equals("OTP to Sign In")): null

2018-09-15 10:52:33 - [TEST_STEP][PASSED] - Statement - msg = message.getContent().toString(): null

2018-09-15 10:52:34 - [TEST_STEP][PASSED] - Statement - OTP = msg.substring(msg.length() - 7): null

2018-09-15 10:52:34 - [TEST_STEP][PASSED] - Statement - message.setFlag(DELETED, true): null

2018-09-15 10:52:35 - [TEST_STEP][PASSED] - Statement - emailFolder.close(true): null

2018-09-15 10:52:35 - [TEST_STEP][PASSED] - Statement - store.close(): null

2018-09-15 10:52:36 - [TEST_STEP][PASSED] - Statement - return OTP: null

2018-09-15 10:52:36 - [TEST_STEP][PASSED] - Statement - If (OTP.equals("unavailable")): null

2018-09-15 10:52:36 - [TEST_STEP][PASSED] - Statement - Else: Text 'u8269
' is set on object 'Object Repository/Login/OtpInput'

2018-09-15 10:52:36 - [TEST_STEP][PASSED] - setText: Text 'u8269
' is set on object 'Object Repository/Login/OtpInput'

2018-09-15 10:52:36 - [MESSAGE][PASSED] - Text 'u8269
' is set on object 'Object Repository/Login/OtpInput'

2018-09-15 10:52:36 - [TEST_STEP][PASSED] - verifyElementPresent: Object 'Object Repository/Login/afterOpenDisplay' is present

2018-09-15 10:52:37 - [MESSAGE][PASSED] - Object 'Object Repository/Login/afterOpenDisplay' is present

2018-09-15 10:52:37 - [MESSAGE][PASSED] - Call Test Case 'Test Cases/BVT/aSimple_Login' successfully

2018-09-15 10:52:37 - [TEST_STEP][PASSED] - Statement - driver = com.kms.katalon.core.webui.driver.DriverFactory.getWebDriver(): null

2018-09-15 10:52:37 - [TEST_STEP][PASSED] - click: Object: 'Object Repository/Dashboard_Link Generator/linkgeneratorIcon' is clicked on

2018-09-15 10:52:37 - [MESSAGE][PASSED] - Object: 'Object Repository/Dashboard_Link Generator/linkgeneratorIcon' is clicked on

2018-09-15 10:52:37 - [TEST_STEP][PASSED] - Statement - x = CustomKeywords.newPackage.newKeyword.randomString(3).toLowerCase(): newPackage.newKeyword.randomString is PASSED

2018-09-15 10:52:37 - [MESSAGE][PASSED] - newPackage.newKeyword.randomString is PASSED

2018-09-15 10:52:37 - [TEST_STEP][PASSED] - Statement - teamMeberName = x: null

2018-09-15 10:52:37 - [TEST_STEP][PASSED] - setText: Text 'kbw' is set on object 'Object Repository/AddTeamMemberDashboard/name'

2018-09-15 10:52:38 - [MESSAGE][PASSED] - Text 'kbw' is set on object 'Object Repository/AddTeamMemberDashboard/name'

2018-09-15 10:52:38 - [TEST_STEP][PASSED] - setText: Text 'mikmVv31LN@gmail.com' is set on object 'Object Repository/AddTeamMemberDashboard/email'

2018-09-15 10:52:38 - [MESSAGE][PASSED] - newPackage.newKeyword.randomString is PASSED

2018-09-15 10:52:39 - [MESSAGE][PASSED] - Text 'mikmVv31LN@gmail.com' is set on object 'Object Repository/AddTeamMemberDashboard/email'

2018-09-15 10:52:39 - [TEST_STEP][PASSED] - Statement - number = CustomKeywords.phoneNumbers.contactNumbers.randomString(9): phoneNumbers.contactNumbers.randomString is PASSED

2018-09-15 10:52:39 - [MESSAGE][PASSED] - phoneNumbers.contactNumbers.randomString is PASSED

2018-09-15 10:52:39 - [TEST_STEP][PASSED] - Statement - Mobile_Number = number: null

2018-09-15 10:52:39 - [TEST_STEP][PASSED] - setText: Text '8119498781' is set on object 'Object Repository/Dashboard_Link Generator/contactNumber'

2018-09-15 10:52:39 - [MESSAGE][PASSED] - Text '8119498781' is set on object 'Object Repository/Dashboard_Link Generator/contactNumber'

2018-09-15 10:52:39 - [TEST_STEP][PASSED] - setText: Text 'property' is set on object 'Object Repository/Dashboard_Link Generator/tag'

2018-09-15 10:52:39 - [MESSAGE][PASSED] - Text 'property' is set on object 'Object Repository/Dashboard_Link Generator/tag'

2018-09-15 10:52:39 - [TEST_STEP][PASSED] - click: Object: 'Object Repository/Dashboard_Link Generator/div_GET LINK' is clicked on

2018-09-15 10:52:39 - [MESSAGE][PASSED] - Object: 'Object Repository/Dashboard_Link Generator/div_GET LINK' is clicked on

2018-09-15 10:52:39 - [TEST_STEP][PASSED] - Statement - getLink = com.kms.katalon.core.webui.keyword.WebUiBuiltInKeywords.getAttribute(com.kms.katalon.core.testobject.ObjectRepository.findTestObject(Dashboard_Link Generator/input_link-text), "value"): Attribute 'value' of object 'Object Repository/Dashboard_Link Generator/input_link-text' is: 'https://dev.vcalling.in/url/UAT/?id=UAT-1-652'

2018-09-15 10:52:41 - [MESSAGE][PASSED] - Attribute 'value' of object 'Object Repository/Dashboard_Link Generator/input_link-text' is: 'https://dev.vcalling.in/url/UAT/?id=UAT-1-652'

2018-09-15 10:52:41 - [TEST_STEP][PASSED] - Statement - println(getLink): null

2018-09-15 10:52:41 - [TEST_STEP][PASSED] - click: Object: 'Object Repository/Dashboard_Link Generator/copyLink' is clicked on

2018-09-15 10:52:41 - [MESSAGE][PASSED] - Object: 'Object Repository/Dashboard_Link Generator/copyLink' is clicked on

2018-09-15 10:52:41 - [TEST_STEP][PASSED] - Statement - If (com.kms.katalon.core.webui.keyword.WebUiBuiltInKeywords.verifyElementPresent(com.kms.katalon.core.testobject.ObjectRepository.findTestObject(Dashboard_Link Generator/validation), 5, OPTIONAL)): null

2018-09-15 10:52:41 - [MESSAGE][PASSED] - Object 'Object Repository/Dashboard_Link Generator/validation' is present

2018-09-15 10:52:41 - [TEST_STEP][PASSED] - Statement - validationMessage = com.kms.katalon.core.webui.keyword.WebUiBuiltInKeywords.getText(com.kms.katalon.core.testobject.ObjectRepository.findTestObject(Dashboard_Link Generator/validation)): Text of object 'Object Repository/Dashboard_Link Generator/validation' is: 'Link Copied.!'

2018-09-15 10:52:41 - [MESSAGE][PASSED] - Text of object 'Object Repository/Dashboard_Link Generator/validation' is: 'Link Copied.!'

2018-09-15 10:52:41 - [TEST_STEP][PASSED] - verifyMatch: Actual text 'Link Copied.!' and expected text 'Link Copied.!' are matched 

2018-09-15 10:52:41 - [MESSAGE][PASSED] - Actual text 'Link Copied.!' and expected text 'Link Copied.!' are matched 

2018-09-15 10:52:41 - [TEST_STEP][PASSED] - Statement - println("successful"): null

2018-09-15 10:52:41 - [TEST_STEP][PASSED] - Statement - linkUserName = driver.findElements(org.openqa.selenium.By.className("text-link-log")): null

2018-09-15 10:52:41 - [TEST_STEP][PASSED] - Statement - previousCountValue = 0: null

2018-09-15 10:52:41 - [TEST_STEP][PASSED] - Statement - For ([i = 0, i < linkUserName.size(), (i++)]): null

2018-09-15 10:52:41 - [TEST_STEP][PASSED] - Statement - out.println("Admin Console: " + linkUserName.get(i).getText()): null

2018-09-15 10:52:41 - [TEST_STEP][PASSED] - Statement - linkLogmembername = linkUserName.get(i).getText(): null

2018-09-15 10:52:41 - [TEST_STEP][PASSED] - Statement - out.println("new Admin :" + linkLogmembername): null

2018-09-15 10:52:41 - [TEST_STEP][PASSED] - Statement - If (linkLogmembername.equals(teamMeberName)): null

2018-09-15 10:52:41 - [TEST_STEP][PASSED] - Statement - out.println("Admin Console: " + linkUserName.get(i).getText()): null

2018-09-15 10:52:41 - [TEST_STEP][PASSED] - Statement - linkLogmembername = linkUserName.get(i).getText(): null

2018-09-15 10:52:41 - [TEST_STEP][PASSED] - Statement - out.println("new Admin :" + linkLogmembername): null

2018-09-15 10:52:41 - [TEST_STEP][PASSED] - Statement - If (linkLogmembername.equals(teamMeberName)): null

2018-09-15 10:52:41 - [TEST_STEP][PASSED] - Statement - out.println("Admin Console: " + linkUserName.get(i).getText()): null

2018-09-15 10:52:41 - [TEST_STEP][PASSED] - Statement - linkLogmembername = linkUserName.get(i).getText(): null

2018-09-15 10:52:41 - [TEST_STEP][PASSED] - Statement - out.println("new Admin :" + linkLogmembername): null

2018-09-15 10:52:41 - [TEST_STEP][PASSED] - Statement - If (linkLogmembername.equals(teamMeberName)): null

2018-09-15 10:52:41 - [TEST_STEP][PASSED] - Statement - out.println("Admin Console: " + linkUserName.get(i).getText()): null

2018-09-15 10:52:41 - [TEST_STEP][PASSED] - Statement - linkLogmembername = linkUserName.get(i).getText(): null

2018-09-15 10:52:41 - [TEST_STEP][PASSED] - Statement - out.println("new Admin :" + linkLogmembername): null

2018-09-15 10:52:41 - [TEST_STEP][PASSED] - Statement - If (linkLogmembername.equals(teamMeberName)): null

2018-09-15 10:52:41 - [TEST_STEP][PASSED] - Statement - out.println("Admin Console: " + linkUserName.get(i).getText()): null

2018-09-15 10:52:41 - [TEST_STEP][PASSED] - Statement - linkLogmembername = linkUserName.get(i).getText(): null

2018-09-15 10:52:41 - [TEST_STEP][PASSED] - Statement - out.println("new Admin :" + linkLogmembername): null

2018-09-15 10:52:41 - [TEST_STEP][PASSED] - Statement - If (linkLogmembername.equals(teamMeberName)): null

2018-09-15 10:52:41 - [TEST_STEP][PASSED] - Statement - out.println("Admin Console: " + linkUserName.get(i).getText()): null

2018-09-15 10:52:41 - [TEST_STEP][PASSED] - Statement - linkLogmembername = linkUserName.get(i).getText(): null

2018-09-15 10:52:41 - [TEST_STEP][PASSED] - Statement - out.println("new Admin :" + linkLogmembername): null

2018-09-15 10:52:41 - [TEST_STEP][PASSED] - Statement - If (linkLogmembername.equals(teamMeberName)): null

2018-09-15 10:52:41 - [TEST_STEP][PASSED] - Statement - out.println("Admin Console: " + linkUserName.get(i).getText()): null

2018-09-15 10:52:41 - [TEST_STEP][PASSED] - Statement - linkLogmembername = linkUserName.get(i).getText(): null

2018-09-15 10:52:41 - [TEST_STEP][PASSED] - Statement - out.println("new Admin :" + linkLogmembername): null

2018-09-15 10:52:41 - [TEST_STEP][PASSED] - Statement - If (linkLogmembername.equals(teamMeberName)): null

2018-09-15 10:52:41 - [TEST_STEP][PASSED] - Statement - out.println("Admin Console: " + linkUserName.get(i).getText()): null

2018-09-15 10:52:41 - [TEST_STEP][PASSED] - Statement - linkLogmembername = linkUserName.get(i).getText(): null

2018-09-15 10:52:41 - [TEST_STEP][PASSED] - Statement - out.println("new Admin :" + linkLogmembername): null

2018-09-15 10:52:41 - [TEST_STEP][PASSED] - Statement - If (linkLogmembername.equals(teamMeberName)): null

2018-09-15 10:52:41 - [TEST_STEP][PASSED] - Statement - out.println("Admin Console: " + linkLogmembername): null

2018-09-15 10:52:41 - [TEST_STEP][PASSED] - Statement - linkUserName.get(i).click(): null

2018-09-15 10:52:41 - [TEST_STEP][PASSED] - Statement - out.println("Admin Console: " + linkUserName.get(i).getText()): null

2018-09-15 10:52:41 - [TEST_STEP][PASSED] - Statement - linkLogmembername = linkUserName.get(i).getText(): null

2018-09-15 10:52:42 - [TEST_STEP][PASSED] - Statement - out.println("new Admin :" + linkLogmembername): null

2018-09-15 10:52:42 - [TEST_STEP][PASSED] - Statement - If (linkLogmembername.equals(teamMeberName)): null

2018-09-15 10:52:42 - [TEST_STEP][PASSED] - Statement - out.println("Admin Console: " + linkUserName.get(i).getText()): null

2018-09-15 10:52:42 - [TEST_STEP][PASSED] - Statement - linkLogmembername = linkUserName.get(i).getText(): null

2018-09-15 10:52:42 - [TEST_STEP][PASSED] - Statement - out.println("new Admin :" + linkLogmembername): null

2018-09-15 10:52:42 - [TEST_STEP][PASSED] - Statement - If (linkLogmembername.equals(teamMeberName)): null

2018-09-15 10:52:42 - [TEST_STEP][PASSED] - Statement - out.println("Admin Console: " + linkUserName.get(i).getText()): null

2018-09-15 10:52:42 - [TEST_STEP][PASSED] - Statement - linkLogmembername = linkUserName.get(i).getText(): null

2018-09-15 10:52:42 - [TEST_STEP][PASSED] - Statement - out.println("new Admin :" + linkLogmembername): null

2018-09-15 10:52:42 - [TEST_STEP][PASSED] - Statement - If (linkLogmembername.equals(teamMeberName)): null

2018-09-15 10:52:42 - [TEST_STEP][PASSED] - Statement - out.println("Admin Console: " + linkUserName.get(i).getText()): null

2018-09-15 10:52:42 - [TEST_STEP][PASSED] - Statement - linkLogmembername = linkUserName.get(i).getText(): null

2018-09-15 10:52:42 - [TEST_STEP][PASSED] - Statement - out.println("new Admin :" + linkLogmembername): null

2018-09-15 10:52:42 - [TEST_STEP][PASSED] - Statement - If (linkLogmembername.equals(teamMeberName)): null

2018-09-15 10:52:42 - [TEST_STEP][PASSED] - Statement - out.println("Admin Console: " + linkUserName.get(i).getText()): null

2018-09-15 10:52:42 - [TEST_STEP][PASSED] - Statement - linkLogmembername = linkUserName.get(i).getText(): null

2018-09-15 10:52:42 - [TEST_STEP][PASSED] - Statement - out.println("new Admin :" + linkLogmembername): null

2018-09-15 10:52:42 - [TEST_STEP][PASSED] - Statement - If (linkLogmembername.equals(teamMeberName)): null

2018-09-15 10:52:42 - [TEST_STEP][PASSED] - Statement - out.println("Admin Console: " + linkUserName.get(i).getText()): null

2018-09-15 10:52:42 - [TEST_STEP][PASSED] - Statement - linkLogmembername = linkUserName.get(i).getText(): null

2018-09-15 10:52:42 - [TEST_STEP][PASSED] - Statement - out.println("new Admin :" + linkLogmembername): null

2018-09-15 10:52:42 - [TEST_STEP][PASSED] - Statement - If (linkLogmembername.equals(teamMeberName)): null

2018-09-15 10:52:42 - [TEST_STEP][PASSED] - Statement - out.println("Admin Console: " + linkUserName.get(i).getText()): null

2018-09-15 10:52:42 - [TEST_STEP][PASSED] - Statement - linkLogmembername = linkUserName.get(i).getText(): null

2018-09-15 10:52:42 - [TEST_STEP][PASSED] - Statement - out.println("new Admin :" + linkLogmembername): null

2018-09-15 10:52:42 - [TEST_STEP][PASSED] - Statement - If (linkLogmembername.equals(teamMeberName)): null

2018-09-15 10:52:42 - [TEST_STEP][PASSED] - Statement - out.println("Admin Console: " + linkUserName.get(i).getText()): null

2018-09-15 10:52:42 - [TEST_STEP][PASSED] - Statement - linkLogmembername = linkUserName.get(i).getText(): null

2018-09-15 10:52:42 - [TEST_STEP][PASSED] - Statement - out.println("new Admin :" + linkLogmembername): null

2018-09-15 10:52:42 - [TEST_STEP][PASSED] - Statement - If (linkLogmembername.equals(teamMeberName)): null

2018-09-15 10:52:42 - [TEST_STEP][PASSED] - Statement - out.println("Admin Console: " + linkUserName.get(i).getText()): null

2018-09-15 10:52:42 - [TEST_STEP][PASSED] - Statement - linkLogmembername = linkUserName.get(i).getText(): null

2018-09-15 10:52:42 - [TEST_STEP][PASSED] - Statement - out.println("new Admin :" + linkLogmembername): null

2018-09-15 10:52:42 - [TEST_STEP][PASSED] - Statement - If (linkLogmembername.equals(teamMeberName)): null

2018-09-15 10:52:42 - [TEST_STEP][PASSED] - Statement - out.println("Admin Console: " + linkUserName.get(i).getText()): null

2018-09-15 10:52:42 - [TEST_STEP][PASSED] - Statement - linkLogmembername = linkUserName.get(i).getText(): null

2018-09-15 10:52:42 - [TEST_STEP][PASSED] - Statement - out.println("new Admin :" + linkLogmembername): null

2018-09-15 10:52:42 - [TEST_STEP][PASSED] - Statement - If (linkLogmembername.equals(teamMeberName)): null

2018-09-15 10:52:42 - [TEST_STEP][PASSED] - Statement - out.println("Admin Console: " + linkUserName.get(i).getText()): null

2018-09-15 10:52:42 - [TEST_STEP][PASSED] - Statement - linkLogmembername = linkUserName.get(i).getText(): null

2018-09-15 10:52:42 - [TEST_STEP][PASSED] - Statement - out.println("new Admin :" + linkLogmembername): null

2018-09-15 10:52:42 - [TEST_STEP][PASSED] - Statement - If (linkLogmembername.equals(teamMeberName)): null

2018-09-15 10:52:42 - [TEST_STEP][PASSED] - Statement - out.println("Admin Console: " + linkUserName.get(i).getText()): null

2018-09-15 10:52:42 - [TEST_STEP][PASSED] - Statement - linkLogmembername = linkUserName.get(i).getText(): null

2018-09-15 10:52:42 - [TEST_STEP][PASSED] - Statement - out.println("new Admin :" + linkLogmembername): null

2018-09-15 10:52:42 - [TEST_STEP][PASSED] - Statement - If (linkLogmembername.equals(teamMeberName)): null

2018-09-15 10:52:42 - [TEST_STEP][PASSED] - Statement - out.println("Admin Console: " + linkUserName.get(i).getText()): null

2018-09-15 10:52:42 - [TEST_STEP][PASSED] - Statement - linkLogmembername = linkUserName.get(i).getText(): null

2018-09-15 10:52:42 - [TEST_STEP][PASSED] - Statement - out.println("new Admin :" + linkLogmembername): null

2018-09-15 10:52:42 - [TEST_STEP][PASSED] - Statement - If (linkLogmembername.equals(teamMeberName)): null

2018-09-15 10:52:42 - [TEST_STEP][PASSED] - Statement - out.println("Admin Console: " + linkUserName.get(i).getText()): null

2018-09-15 10:52:42 - [TEST_STEP][PASSED] - Statement - linkLogmembername = linkUserName.get(i).getText(): null

2018-09-15 10:52:42 - [TEST_STEP][PASSED] - Statement - out.println("new Admin :" + linkLogmembername): null

2018-09-15 10:52:42 - [TEST_STEP][PASSED] - Statement - If (linkLogmembername.equals(teamMeberName)): null

2018-09-15 10:52:42 - [TEST_STEP][PASSED] - Statement - out.println("Admin Console: " + linkUserName.get(i).getText()): null

2018-09-15 10:52:42 - [TEST_STEP][PASSED] - Statement - linkLogmembername = linkUserName.get(i).getText(): null

2018-09-15 10:52:42 - [TEST_STEP][PASSED] - Statement - out.println("new Admin :" + linkLogmembername): null

2018-09-15 10:52:42 - [TEST_STEP][PASSED] - Statement - If (linkLogmembername.equals(teamMeberName)): null

2018-09-15 10:52:42 - [TEST_STEP][PASSED] - Statement - out.println("Admin Console: " + linkUserName.get(i).getText()): null

2018-09-15 10:52:42 - [TEST_STEP][PASSED] - Statement - linkLogmembername = linkUserName.get(i).getText(): null

2018-09-15 10:52:42 - [TEST_STEP][PASSED] - Statement - out.println("new Admin :" + linkLogmembername): null

2018-09-15 10:52:42 - [TEST_STEP][PASSED] - Statement - If (linkLogmembername.equals(teamMeberName)): null

2018-09-15 10:52:42 - [TEST_STEP][PASSED] - Statement - out.println("Admin Console: " + linkUserName.get(i).getText()): null

2018-09-15 10:52:42 - [TEST_STEP][PASSED] - Statement - linkLogmembername = linkUserName.get(i).getText(): null

2018-09-15 10:52:42 - [TEST_STEP][PASSED] - Statement - out.println("new Admin :" + linkLogmembername): null

2018-09-15 10:52:42 - [TEST_STEP][PASSED] - Statement - If (linkLogmembername.equals(teamMeberName)): null

2018-09-15 10:52:42 - [TEST_STEP][PASSED] - Statement - out.println("Admin Console: " + linkUserName.get(i).getText()): null

2018-09-15 10:52:42 - [TEST_STEP][PASSED] - Statement - linkLogmembername = linkUserName.get(i).getText(): null

2018-09-15 10:52:42 - [TEST_STEP][PASSED] - Statement - out.println("new Admin :" + linkLogmembername): null

2018-09-15 10:52:42 - [TEST_STEP][PASSED] - Statement - If (linkLogmembername.equals(teamMeberName)): null

2018-09-15 10:52:42 - [TEST_STEP][PASSED] - Statement - out.println("Admin Console: " + linkUserName.get(i).getText()): null

2018-09-15 10:52:42 - [TEST_STEP][PASSED] - Statement - linkLogmembername = linkUserName.get(i).getText(): null

2018-09-15 10:52:42 - [TEST_STEP][PASSED] - Statement - out.println("new Admin :" + linkLogmembername): null

2018-09-15 10:52:42 - [TEST_STEP][PASSED] - Statement - If (linkLogmembername.equals(teamMeberName)): null

2018-09-15 10:52:42 - [TEST_STEP][PASSED] - Statement - out.println("Admin Console: " + linkUserName.get(i).getText()): null

2018-09-15 10:52:42 - [TEST_STEP][PASSED] - Statement - linkLogmembername = linkUserName.get(i).getText(): null

2018-09-15 10:52:42 - [TEST_STEP][PASSED] - Statement - out.println("new Admin :" + linkLogmembername): null

2018-09-15 10:52:42 - [TEST_STEP][PASSED] - Statement - If (linkLogmembername.equals(teamMeberName)): null

2018-09-15 10:52:42 - [TEST_STEP][PASSED] - Statement - out.println("Admin Console: " + linkUserName.get(i).getText()): null

2018-09-15 10:52:43 - [TEST_STEP][PASSED] - Statement - linkLogmembername = linkUserName.get(i).getText(): null

2018-09-15 10:52:43 - [TEST_STEP][PASSED] - Statement - out.println("new Admin :" + linkLogmembername): null

2018-09-15 10:52:43 - [TEST_STEP][PASSED] - Statement - If (linkLogmembername.equals(teamMeberName)): null

2018-09-15 10:52:43 - [TEST_STEP][PASSED] - Statement - out.println("Admin Console: " + linkUserName.get(i).getText()): null

2018-09-15 10:52:43 - [TEST_STEP][PASSED] - Statement - linkLogmembername = linkUserName.get(i).getText(): null

2018-09-15 10:52:43 - [TEST_STEP][PASSED] - Statement - out.println("new Admin :" + linkLogmembername): null

2018-09-15 10:52:43 - [TEST_STEP][PASSED] - Statement - If (linkLogmembername.equals(teamMeberName)): null

2018-09-15 10:52:43 - [TEST_STEP][PASSED] - Statement - out.println("Admin Console: " + linkUserName.get(i).getText()): null

2018-09-15 10:52:43 - [TEST_STEP][PASSED] - Statement - linkLogmembername = linkUserName.get(i).getText(): null

2018-09-15 10:52:43 - [TEST_STEP][PASSED] - Statement - out.println("new Admin :" + linkLogmembername): null

2018-09-15 10:52:43 - [TEST_STEP][PASSED] - Statement - If (linkLogmembername.equals(teamMeberName)): null

2018-09-15 10:52:43 - [TEST_STEP][PASSED] - Statement - out.println("Admin Console: " + linkUserName.get(i).getText()): null

2018-09-15 10:52:43 - [TEST_STEP][PASSED] - Statement - linkLogmembername = linkUserName.get(i).getText(): null

2018-09-15 10:52:43 - [TEST_STEP][PASSED] - Statement - out.println("new Admin :" + linkLogmembername): null

2018-09-15 10:52:43 - [TEST_STEP][PASSED] - Statement - If (linkLogmembername.equals(teamMeberName)): null

2018-09-15 10:52:43 - [TEST_STEP][PASSED] - Statement - out.println("Admin Console: " + linkUserName.get(i).getText()): null

2018-09-15 10:52:43 - [TEST_STEP][PASSED] - Statement - linkLogmembername = linkUserName.get(i).getText(): null

2018-09-15 10:52:43 - [TEST_STEP][PASSED] - Statement - out.println("new Admin :" + linkLogmembername): null

2018-09-15 10:52:43 - [TEST_STEP][PASSED] - Statement - If (linkLogmembername.equals(teamMeberName)): null

2018-09-15 10:52:43 - [TEST_STEP][PASSED] - Statement - out.println("Admin Console: " + linkUserName.get(i).getText()): null

2018-09-15 10:52:43 - [TEST_STEP][PASSED] - Statement - linkLogmembername = linkUserName.get(i).getText(): null

2018-09-15 10:52:43 - [TEST_STEP][PASSED] - Statement - out.println("new Admin :" + linkLogmembername): null

2018-09-15 10:52:43 - [TEST_STEP][PASSED] - Statement - If (linkLogmembername.equals(teamMeberName)): null

2018-09-15 10:52:43 - [TEST_STEP][PASSED] - Statement - out.println("Admin Console: " + linkUserName.get(i).getText()): null

2018-09-15 10:52:43 - [TEST_STEP][PASSED] - Statement - linkLogmembername = linkUserName.get(i).getText(): null

2018-09-15 10:52:43 - [TEST_STEP][PASSED] - Statement - out.println("new Admin :" + linkLogmembername): null

2018-09-15 10:52:43 - [TEST_STEP][PASSED] - Statement - If (linkLogmembername.equals(teamMeberName)): null

2018-09-15 10:52:43 - [TEST_STEP][PASSED] - Statement - out.println("Admin Console: " + linkUserName.get(i).getText()): null

2018-09-15 10:52:43 - [TEST_STEP][PASSED] - Statement - linkLogmembername = linkUserName.get(i).getText(): null

2018-09-15 10:52:43 - [TEST_STEP][PASSED] - Statement - out.println("new Admin :" + linkLogmembername): null

2018-09-15 10:52:43 - [TEST_STEP][PASSED] - Statement - If (linkLogmembername.equals(teamMeberName)): null

2018-09-15 10:52:43 - [TEST_STEP][PASSED] - Statement - out.println("Admin Console: " + linkUserName.get(i).getText()): null

2018-09-15 10:52:43 - [TEST_STEP][PASSED] - Statement - linkLogmembername = linkUserName.get(i).getText(): null

2018-09-15 10:52:43 - [TEST_STEP][PASSED] - Statement - out.println("new Admin :" + linkLogmembername): null

2018-09-15 10:52:43 - [TEST_STEP][PASSED] - Statement - If (linkLogmembername.equals(teamMeberName)): null

2018-09-15 10:52:43 - [TEST_STEP][PASSED] - Statement - out.println("Admin Console: " + linkUserName.get(i).getText()): null

2018-09-15 10:52:43 - [TEST_STEP][PASSED] - Statement - linkLogmembername = linkUserName.get(i).getText(): null

2018-09-15 10:52:43 - [TEST_STEP][PASSED] - Statement - out.println("new Admin :" + linkLogmembername): null

2018-09-15 10:52:43 - [TEST_STEP][PASSED] - Statement - If (linkLogmembername.equals(teamMeberName)): null

2018-09-15 10:52:43 - [TEST_STEP][PASSED] - Statement - out.println("Admin Console: " + linkUserName.get(i).getText()): null

2018-09-15 10:52:43 - [TEST_STEP][PASSED] - Statement - linkLogmembername = linkUserName.get(i).getText(): null

2018-09-15 10:52:43 - [TEST_STEP][PASSED] - Statement - out.println("new Admin :" + linkLogmembername): null

2018-09-15 10:52:43 - [TEST_STEP][PASSED] - Statement - If (linkLogmembername.equals(teamMeberName)): null

2018-09-15 10:52:43 - [TEST_STEP][PASSED] - Statement - out.println("Admin Console: " + linkUserName.get(i).getText()): null

2018-09-15 10:52:43 - [TEST_STEP][PASSED] - Statement - linkLogmembername = linkUserName.get(i).getText(): null

2018-09-15 10:52:43 - [TEST_STEP][PASSED] - Statement - out.println("new Admin :" + linkLogmembername): null

2018-09-15 10:52:43 - [TEST_STEP][PASSED] - Statement - If (linkLogmembername.equals(teamMeberName)): null

2018-09-15 10:52:43 - [TEST_STEP][PASSED] - Statement - out.println("Admin Console: " + linkUserName.get(i).getText()): null

2018-09-15 10:52:43 - [TEST_STEP][PASSED] - Statement - linkLogmembername = linkUserName.get(i).getText(): null

2018-09-15 10:52:43 - [TEST_STEP][PASSED] - Statement - out.println("new Admin :" + linkLogmembername): null

2018-09-15 10:52:43 - [TEST_STEP][PASSED] - Statement - If (linkLogmembername.equals(teamMeberName)): null

2018-09-15 10:52:43 - [TEST_STEP][PASSED] - Statement - out.println("Admin Console: " + linkUserName.get(i).getText()): null

2018-09-15 10:52:43 - [TEST_STEP][PASSED] - Statement - linkLogmembername = linkUserName.get(i).getText(): null

2018-09-15 10:52:43 - [TEST_STEP][PASSED] - Statement - out.println("new Admin :" + linkLogmembername): null

2018-09-15 10:52:43 - [TEST_STEP][PASSED] - Statement - If (linkLogmembername.equals(teamMeberName)): null

2018-09-15 10:52:43 - [TEST_STEP][PASSED] - Statement - out.println("Admin Console: " + linkUserName.get(i).getText()): null

2018-09-15 10:52:43 - [TEST_STEP][PASSED] - Statement - linkLogmembername = linkUserName.get(i).getText(): null

2018-09-15 10:52:43 - [TEST_STEP][PASSED] - Statement - out.println("new Admin :" + linkLogmembername): null

2018-09-15 10:52:43 - [TEST_STEP][PASSED] - Statement - If (linkLogmembername.equals(teamMeberName)): null

2018-09-15 10:52:43 - [TEST_STEP][PASSED] - Statement - out.println("Admin Console: " + linkUserName.get(i).getText()): null

2018-09-15 10:52:43 - [TEST_STEP][PASSED] - Statement - linkLogmembername = linkUserName.get(i).getText(): null

2018-09-15 10:52:43 - [TEST_STEP][PASSED] - Statement - out.println("new Admin :" + linkLogmembername): null

2018-09-15 10:52:43 - [TEST_STEP][PASSED] - Statement - If (linkLogmembername.equals(teamMeberName)): null

2018-09-15 10:52:43 - [TEST_STEP][PASSED] - Statement - out.println("Admin Console: " + linkUserName.get(i).getText()): null

2018-09-15 10:52:43 - [TEST_STEP][PASSED] - Statement - linkLogmembername = linkUserName.get(i).getText(): null

2018-09-15 10:52:43 - [TEST_STEP][PASSED] - Statement - out.println("new Admin :" + linkLogmembername): null

2018-09-15 10:52:43 - [TEST_STEP][PASSED] - Statement - If (linkLogmembername.equals(teamMeberName)): null

2018-09-15 10:52:43 - [TEST_STEP][PASSED] - Statement - out.println("Admin Console: " + linkUserName.get(i).getText()): null

2018-09-15 10:52:43 - [TEST_STEP][PASSED] - Statement - linkLogmembername = linkUserName.get(i).getText(): null

2018-09-15 10:52:43 - [TEST_STEP][PASSED] - Statement - out.println("new Admin :" + linkLogmembername): null

2018-09-15 10:52:43 - [TEST_STEP][PASSED] - Statement - If (linkLogmembername.equals(teamMeberName)): null

2018-09-15 10:52:43 - [TEST_STEP][PASSED] - Statement - out.println("Admin Console: " + linkUserName.get(i).getText()): null

2018-09-15 10:52:43 - [TEST_STEP][PASSED] - Statement - linkLogmembername = linkUserName.get(i).getText(): null

2018-09-15 10:52:43 - [TEST_STEP][PASSED] - Statement - out.println("new Admin :" + linkLogmembername): null

2018-09-15 10:52:43 - [TEST_STEP][PASSED] - Statement - If (linkLogmembername.equals(teamMeberName)): null

2018-09-15 10:52:43 - [TEST_STEP][PASSED] - Statement - out.println("Admin Console: " + linkUserName.get(i).getText()): null

2018-09-15 10:52:43 - [TEST_STEP][PASSED] - Statement - linkLogmembername = linkUserName.get(i).getText(): null

2018-09-15 10:52:44 - [TEST_STEP][PASSED] - Statement - out.println("new Admin :" + linkLogmembername): null

2018-09-15 10:52:44 - [TEST_STEP][PASSED] - Statement - If (linkLogmembername.equals(teamMeberName)): null

2018-09-15 10:52:44 - [TEST_STEP][PASSED] - Statement - out.println("Admin Console: " + linkUserName.get(i).getText()): null

2018-09-15 10:52:44 - [TEST_STEP][PASSED] - Statement - linkLogmembername = linkUserName.get(i).getText(): null

2018-09-15 10:52:44 - [TEST_STEP][PASSED] - Statement - out.println("new Admin :" + linkLogmembername): null

2018-09-15 10:52:44 - [TEST_STEP][PASSED] - Statement - If (linkLogmembername.equals(teamMeberName)): null

2018-09-15 10:52:44 - [TEST_STEP][PASSED] - Statement - out.println("Admin Console: " + linkUserName.get(i).getText()): null

2018-09-15 10:52:44 - [TEST_STEP][PASSED] - Statement - linkLogmembername = linkUserName.get(i).getText(): null

2018-09-15 10:52:44 - [TEST_STEP][PASSED] - Statement - out.println("new Admin :" + linkLogmembername): null

2018-09-15 10:52:44 - [TEST_STEP][PASSED] - Statement - If (linkLogmembername.equals(teamMeberName)): null

2018-09-15 10:52:44 - [TEST_STEP][PASSED] - Statement - out.println("Admin Console: " + linkUserName.get(i).getText()): null

2018-09-15 10:52:44 - [TEST_STEP][PASSED] - Statement - linkLogmembername = linkUserName.get(i).getText(): null

2018-09-15 10:52:44 - [TEST_STEP][PASSED] - Statement - out.println("new Admin :" + linkLogmembername): null

2018-09-15 10:52:44 - [TEST_STEP][PASSED] - Statement - If (linkLogmembername.equals(teamMeberName)): null

2018-09-15 10:52:44 - [TEST_STEP][PASSED] - Statement - out.println("Admin Console: " + linkUserName.get(i).getText()): null

2018-09-15 10:52:44 - [TEST_STEP][PASSED] - Statement - linkLogmembername = linkUserName.get(i).getText(): null

2018-09-15 10:52:44 - [TEST_STEP][PASSED] - Statement - out.println("new Admin :" + linkLogmembername): null

2018-09-15 10:52:44 - [TEST_STEP][PASSED] - Statement - If (linkLogmembername.equals(teamMeberName)): null

2018-09-15 10:52:44 - [TEST_STEP][PASSED] - Statement - out.println("Admin Console: " + linkUserName.get(i).getText()): null

2018-09-15 10:52:44 - [TEST_STEP][PASSED] - Statement - linkLogmembername = linkUserName.get(i).getText(): null

2018-09-15 10:52:44 - [TEST_STEP][PASSED] - Statement - out.println("new Admin :" + linkLogmembername): null

2018-09-15 10:52:44 - [TEST_STEP][PASSED] - Statement - If (linkLogmembername.equals(teamMeberName)): null

2018-09-15 10:52:44 - [TEST_STEP][PASSED] - Statement - out.println("Admin Console: " + linkUserName.get(i).getText()): null

2018-09-15 10:52:44 - [TEST_STEP][PASSED] - Statement - linkLogmembername = linkUserName.get(i).getText(): null

2018-09-15 10:52:44 - [TEST_STEP][PASSED] - Statement - out.println("new Admin :" + linkLogmembername): null

2018-09-15 10:52:44 - [TEST_STEP][PASSED] - Statement - If (linkLogmembername.equals(teamMeberName)): null

2018-09-15 10:52:44 - [TEST_STEP][PASSED] - Statement - out.println("Admin Console: " + linkUserName.get(i).getText()): null

2018-09-15 10:52:44 - [TEST_STEP][PASSED] - Statement - linkLogmembername = linkUserName.get(i).getText(): null

2018-09-15 10:52:44 - [TEST_STEP][PASSED] - Statement - out.println("new Admin :" + linkLogmembername): null

2018-09-15 10:52:44 - [TEST_STEP][PASSED] - Statement - If (linkLogmembername.equals(teamMeberName)): null

2018-09-15 10:52:44 - [TEST_STEP][PASSED] - Statement - out.println("Admin Console: " + linkUserName.get(i).getText()): null

2018-09-15 10:52:44 - [TEST_STEP][PASSED] - Statement - linkLogmembername = linkUserName.get(i).getText(): null

2018-09-15 10:52:44 - [TEST_STEP][PASSED] - Statement - out.println("new Admin :" + linkLogmembername): null

2018-09-15 10:52:44 - [TEST_STEP][PASSED] - Statement - If (linkLogmembername.equals(teamMeberName)): null

2018-09-15 10:52:44 - [TEST_STEP][PASSED] - Statement - out.println("Admin Console: " + linkUserName.get(i).getText()): null

2018-09-15 10:52:44 - [TEST_STEP][PASSED] - Statement - linkLogmembername = linkUserName.get(i).getText(): null

2018-09-15 10:52:44 - [TEST_STEP][PASSED] - Statement - out.println("new Admin :" + linkLogmembername): null

2018-09-15 10:52:44 - [TEST_STEP][PASSED] - Statement - If (linkLogmembername.equals(teamMeberName)): null

2018-09-15 10:52:44 - [TEST_STEP][PASSED] - Statement - If (com.kms.katalon.core.webui.keyword.WebUiBuiltInKeywords.verifyElementPresent(com.kms.katalon.core.testobject.ObjectRepository.findTestObject(Object Repository/linkLog/customerProfileDetails), 5, OPTIONAL)): null

2018-09-15 10:52:44 - [MESSAGE][PASSED] - Object 'Object Repository/linkLog/customerProfileDetails' is present

2018-09-15 10:52:44 - [TEST_STEP][PASSED] - Statement - println("open link log successful"): null

2018-09-15 10:52:44 - [TEST_STEP][PASSED] - click: Object: 'Object Repository/linkLog/editButton' is clicked on

2018-09-15 10:52:44 - [MESSAGE][PASSED] - Object: 'Object Repository/linkLog/editButton' is clicked on

2018-09-15 10:52:44 - [TEST_STEP][PASSED] - sendKeys: Keys 'CONTROL + DELETE + a' sent to object: 'Object Repository/customerDetailsEdit/emailInputBox'

2018-09-15 10:52:44 - [MESSAGE][PASSED] - Keys 'CONTROL + DELETE + a' sent to object: 'Object Repository/customerDetailsEdit/emailInputBox'

2018-09-15 10:52:44 - [TEST_STEP][PASSED] - sendKeys: Keys 'CONTROL + DELETE + a' sent to object: 'Object Repository/customerDetailsEdit/enterNumber'

2018-09-15 10:52:44 - [MESSAGE][PASSED] - Keys 'CONTROL + DELETE + a' sent to object: 'Object Repository/customerDetailsEdit/enterNumber'

2018-09-15 10:52:44 - [TEST_STEP][PASSED] - click: Object: 'Object Repository/customerDetailsEdit/saveButtonObject' is clicked on

2018-09-15 10:52:44 - [MESSAGE][PASSED] - Object: 'Object Repository/customerDetailsEdit/saveButtonObject' is clicked on

2018-09-15 10:52:44 - [TEST_STEP][PASSED] - Statement - If (com.kms.katalon.core.webui.keyword.WebUiBuiltInKeywords.verifyElementPresent(com.kms.katalon.core.testobject.ObjectRepository.findTestObject(Dashboard_Link Generator/validation), 5)): null

2018-09-15 10:52:44 - [MESSAGE][PASSED] - Object 'Object Repository/Dashboard_Link Generator/validation' is present

2018-09-15 10:52:44 - [TEST_STEP][PASSED] - Statement - validationMessage = com.kms.katalon.core.webui.keyword.WebUiBuiltInKeywords.getText(com.kms.katalon.core.testobject.ObjectRepository.findTestObject(Dashboard_Link Generator/validation)): Text of object 'Object Repository/Dashboard_Link Generator/validation' is: 'Can't remove both email and phone number'

2018-09-15 10:52:44 - [MESSAGE][PASSED] - Text of object 'Object Repository/Dashboard_Link Generator/validation' is: 'Can't remove both email and phone number'

2018-09-15 10:52:44 - [TEST_STEP][PASSED] - verifyMatch: Actual text 'Can't remove both email and phone number' and expected text 'Can't remove both email and phone number' are matched 

2018-09-15 10:52:44 - [MESSAGE][PASSED] - Actual text 'Can't remove both email and phone number' and expected text 'Can't remove both email and phone number' are matched 

2018-09-15 10:52:44 - [TEST_STEP][PASSED] - Statement - println("successful"): null]]></system-out>
         <system-err><![CDATA[]]></system-err>
      </testcase>
      <testcase name="Test Cases/completed/TestCase5_NotesFunctionality/addNotes" classname="Test Cases/completed/TestCase5_NotesFunctionality/addNotes" status="PASSED">
         <system-out><![CDATA[2018-09-15 10:52:44 - [TEST_CASE][PASSED] - Test Cases/completed/TestCase5_NotesFunctionality/addNotes: Test Cases/completed/TestCase5_NotesFunctionality/addNotes

2018-09-15 10:52:45 - [TEST_STEP][PASSED] - callTestCase: Call Test Case 'Test Cases/BVT/aSimple_Login' successfully

2018-09-15 10:52:45 - [TEST_CASE][PASSED] - Test Cases/BVT/aSimple_Login: Test Cases/BVT/aSimple_Login

2018-09-15 10:52:45 - [TEST_STEP][PASSED] - openBrowser: Browser is opened with url: ''

2018-09-15 10:52:45 - [MESSAGE][WARNING] - A browser is already opened. Closing browser and opening a new one

2018-09-15 10:52:48 - [MESSAGE][PASSED] - Browser is opened with url: ''

2018-09-15 10:52:48 - [TEST_STEP][PASSED] - maximizeWindow: Current window maximized

2018-09-15 10:52:49 - [MESSAGE][PASSED] - Current window maximized

2018-09-15 10:52:49 - [TEST_STEP][PASSED] - navigateToUrl: Navigate to 'https://dev.vcalling.in/enterprises/UAT/Dashboard/index.html' successfully

2018-09-15 10:52:53 - [MESSAGE][PASSED] - Navigate to 'https://dev.vcalling.in/enterprises/UAT/Dashboard/index.html' successfully

2018-09-15 10:52:53 - [TEST_STEP][PASSED] - setText: Text 'testing4dea@gmail.com' is set on object 'Object Repository/Login/UserId'

2018-09-15 10:52:53 - [MESSAGE][PASSED] - Text 'testing4dea@gmail.com' is set on object 'Object Repository/Login/UserId'

2018-09-15 10:52:53 - [TEST_STEP][PASSED] - click: Object: 'Object Repository/Login/div_GET OTP' is clicked on

2018-09-15 10:52:53 - [MESSAGE][PASSED] - Object: 'Object Repository/Login/div_GET OTP' is clicked on

2018-09-15 10:52:53 - [TEST_STEP][PASSED] - waitForElementPresent: Object 'Object Repository/Login/div_SUBMIT' is present

2018-09-15 10:52:55 - [MESSAGE][PASSED] - Object 'Object Repository/Login/div_SUBMIT' is present

2018-09-15 10:52:55 - [TEST_STEP][PASSED] - Statement - If (com.kms.katalon.core.webui.keyword.WebUiBuiltInKeywords.verifyElementNotPresent(com.kms.katalon.core.testobject.ObjectRepository.findTestObject(Login/div_SUBMIT), 5, OPTIONAL)): Web element with id: 'Object Repository/Login/div_SUBMIT' located by 'By.xpath: //div[(text() = ' SUBMIT ' or . = ' SUBMIT ')]' is present after '5' second(s)

2018-09-15 10:53:00 - [MESSAGE][WARNING] - Web element with id: 'Object Repository/Login/div_SUBMIT' located by 'By.xpath: //div[(text() = ' SUBMIT ' or . = ' SUBMIT ')]' is present after '5' second(s)
[[ATTACHMENT|C:\\Users\\Kaushal\\Desktop\\Katalon Studio\\vCallingDashboard\\Reports\\RegressionSuite\\20180915_103222\\1537005180660.png]]

2018-09-15 10:53:00 - [TEST_STEP][PASSED] - Statement - sleep(5000): null

2018-09-15 10:53:05 - [TEST_STEP][PASSED] - Statement - OTP = getOTP(): null

2018-09-15 10:53:05 - [TEST_STEP][PASSED] - Statement - host = "imap.gmail.com": null

2018-09-15 10:53:05 - [TEST_STEP][PASSED] - Statement - msg = <not implemented yet for class: org.codehaus.groovy.ast.expr.EmptyExpression>: null

2018-09-15 10:53:05 - [TEST_STEP][PASSED] - Statement - msgSub = <not implemented yet for class: org.codehaus.groovy.ast.expr.EmptyExpression>: null

2018-09-15 10:53:05 - [TEST_STEP][PASSED] - Statement - OTP = "unavailable": null

2018-09-15 10:53:05 - [TEST_STEP][PASSED] - Statement - props = new java.util.Properties(): null

2018-09-15 10:53:05 - [TEST_STEP][PASSED] - Statement - props.setProperty("mail.imap.ssl.enable", "true"): null

2018-09-15 10:53:05 - [TEST_STEP][PASSED] - Statement - session = javax.mail.Session.getInstance(props): null

2018-09-15 10:53:05 - [TEST_STEP][PASSED] - Statement - store = <not implemented yet for class: org.codehaus.groovy.ast.expr.EmptyExpression>: null

2018-09-15 10:53:05 - [TEST_STEP][PASSED] - Statement - Try: null

2018-09-15 10:53:05 - [TEST_STEP][PASSED] - Statement - store = session.getStore("imap"): null

2018-09-15 10:53:05 - [TEST_STEP][PASSED] - Statement - store.connect(host, Email, Password): null

2018-09-15 10:53:09 - [TEST_STEP][PASSED] - Statement - emailFolder = store.getFolder("INBOX"): null

2018-09-15 10:53:09 - [TEST_STEP][PASSED] - Statement - emailFolder.open(READ_WRITE): null

2018-09-15 10:53:10 - [TEST_STEP][PASSED] - Statement - messages = emailFolder.getMessages(): null

2018-09-15 10:53:10 - [TEST_STEP][PASSED] - Statement - n = length: null

2018-09-15 10:53:10 - [TEST_STEP][PASSED] - Statement - message = messages[n - 1]: null

2018-09-15 10:53:10 - [TEST_STEP][PASSED] - Statement - msgSub = message.getSubject(): null

2018-09-15 10:53:10 - [TEST_STEP][PASSED] - Statement - If (msgSub.equals("OTP to Sign In")): null

2018-09-15 10:53:10 - [TEST_STEP][PASSED] - Statement - msg = message.getContent().toString(): null

2018-09-15 10:53:11 - [TEST_STEP][PASSED] - Statement - OTP = msg.substring(msg.length() - 7): null

2018-09-15 10:53:11 - [TEST_STEP][PASSED] - Statement - message.setFlag(DELETED, true): null

2018-09-15 10:53:12 - [TEST_STEP][PASSED] - Statement - emailFolder.close(true): null

2018-09-15 10:53:12 - [TEST_STEP][PASSED] - Statement - store.close(): null

2018-09-15 10:53:13 - [TEST_STEP][PASSED] - Statement - return OTP: null

2018-09-15 10:53:13 - [TEST_STEP][PASSED] - Statement - If (OTP.equals("unavailable")): null

2018-09-15 10:53:13 - [TEST_STEP][PASSED] - Statement - Else: Text 'q9207
' is set on object 'Object Repository/Login/OtpInput'

2018-09-15 10:53:13 - [TEST_STEP][PASSED] - setText: Text 'q9207
' is set on object 'Object Repository/Login/OtpInput'

2018-09-15 10:53:13 - [MESSAGE][PASSED] - Text 'q9207
' is set on object 'Object Repository/Login/OtpInput'

2018-09-15 10:53:13 - [TEST_STEP][PASSED] - verifyElementPresent: Object 'Object Repository/Login/afterOpenDisplay' is present

2018-09-15 10:53:14 - [MESSAGE][PASSED] - Object 'Object Repository/Login/afterOpenDisplay' is present

2018-09-15 10:53:14 - [MESSAGE][PASSED] - Call Test Case 'Test Cases/BVT/aSimple_Login' successfully

2018-09-15 10:53:14 - [TEST_STEP][PASSED] - Statement - driver = com.kms.katalon.core.webui.driver.DriverFactory.getWebDriver(): null

2018-09-15 10:53:14 - [TEST_STEP][PASSED] - click: Object: 'Object Repository/Dashboard_Link Generator/linkgeneratorIcon' is clicked on

2018-09-15 10:53:14 - [MESSAGE][PASSED] - Object: 'Object Repository/Dashboard_Link Generator/linkgeneratorIcon' is clicked on

2018-09-15 10:53:14 - [TEST_STEP][PASSED] - Statement - x = CustomKeywords.newPackage.newKeyword.randomString(3).toLowerCase(): newPackage.newKeyword.randomString is PASSED

2018-09-15 10:53:14 - [MESSAGE][PASSED] - newPackage.newKeyword.randomString is PASSED

2018-09-15 10:53:14 - [TEST_STEP][PASSED] - Statement - teamMeberName = x: null

2018-09-15 10:53:14 - [TEST_STEP][PASSED] - setText: Text 'fpb' is set on object 'Object Repository/AddTeamMemberDashboard/name'

2018-09-15 10:53:15 - [MESSAGE][PASSED] - Text 'fpb' is set on object 'Object Repository/AddTeamMemberDashboard/name'

2018-09-15 10:53:15 - [TEST_STEP][PASSED] - setText: Text 'TgRErpCypB@gmail.com' is set on object 'Object Repository/AddTeamMemberDashboard/email'

2018-09-15 10:53:15 - [MESSAGE][PASSED] - newPackage.newKeyword.randomString is PASSED

2018-09-15 10:53:15 - [MESSAGE][PASSED] - Text 'TgRErpCypB@gmail.com' is set on object 'Object Repository/AddTeamMemberDashboard/email'

2018-09-15 10:53:15 - [TEST_STEP][PASSED] - setText: Text 'property' is set on object 'Object Repository/Dashboard_Link Generator/tag'

2018-09-15 10:53:16 - [MESSAGE][PASSED] - Text 'property' is set on object 'Object Repository/Dashboard_Link Generator/tag'

2018-09-15 10:53:16 - [TEST_STEP][PASSED] - click: Object: 'Object Repository/Dashboard_Link Generator/div_GET LINK' is clicked on

2018-09-15 10:53:16 - [MESSAGE][PASSED] - Object: 'Object Repository/Dashboard_Link Generator/div_GET LINK' is clicked on

2018-09-15 10:53:16 - [TEST_STEP][PASSED] - Statement - getLink = com.kms.katalon.core.webui.keyword.WebUiBuiltInKeywords.getAttribute(com.kms.katalon.core.testobject.ObjectRepository.findTestObject(Dashboard_Link Generator/input_link-text), "value"): Attribute 'value' of object 'Object Repository/Dashboard_Link Generator/input_link-text' is: 'https://dev.vcalling.in/url/UAT/?id=UAT-1-653'

2018-09-15 10:53:16 - [MESSAGE][PASSED] - Attribute 'value' of object 'Object Repository/Dashboard_Link Generator/input_link-text' is: 'https://dev.vcalling.in/url/UAT/?id=UAT-1-653'

2018-09-15 10:53:16 - [TEST_STEP][PASSED] - Statement - println(getLink): null

2018-09-15 10:53:16 - [TEST_STEP][PASSED] - click: Object: 'Object Repository/Dashboard_Link Generator/copyLink' is clicked on

2018-09-15 10:53:16 - [MESSAGE][PASSED] - Object: 'Object Repository/Dashboard_Link Generator/copyLink' is clicked on

2018-09-15 10:53:16 - [TEST_STEP][PASSED] - Statement - If (com.kms.katalon.core.webui.keyword.WebUiBuiltInKeywords.verifyElementPresent(com.kms.katalon.core.testobject.ObjectRepository.findTestObject(Dashboard_Link Generator/validation), 5, OPTIONAL)): null

2018-09-15 10:53:16 - [MESSAGE][PASSED] - Object 'Object Repository/Dashboard_Link Generator/validation' is present

2018-09-15 10:53:16 - [TEST_STEP][PASSED] - Statement - validationMessage = com.kms.katalon.core.webui.keyword.WebUiBuiltInKeywords.getText(com.kms.katalon.core.testobject.ObjectRepository.findTestObject(Dashboard_Link Generator/validation)): Text of object 'Object Repository/Dashboard_Link Generator/validation' is: 'Link Copied.!'

2018-09-15 10:53:16 - [MESSAGE][PASSED] - Text of object 'Object Repository/Dashboard_Link Generator/validation' is: 'Link Copied.!'

2018-09-15 10:53:16 - [TEST_STEP][PASSED] - verifyMatch: Actual text 'Link Copied.!' and expected text 'Link Copied.!' are matched 

2018-09-15 10:53:16 - [MESSAGE][PASSED] - Actual text 'Link Copied.!' and expected text 'Link Copied.!' are matched 

2018-09-15 10:53:16 - [TEST_STEP][PASSED] - Statement - println("successful"): null

2018-09-15 10:53:16 - [TEST_STEP][PASSED] - Statement - linkUserName = driver.findElements(org.openqa.selenium.By.className("text-link-log")): null

2018-09-15 10:53:16 - [TEST_STEP][PASSED] - Statement - previousCountValue = 0: null

2018-09-15 10:53:16 - [TEST_STEP][PASSED] - Statement - For ([i = 0, i < linkUserName.size(), (i++)]): null

2018-09-15 10:53:16 - [TEST_STEP][PASSED] - Statement - out.println("Admin Console: " + linkUserName.get(i).getText()): null

2018-09-15 10:53:17 - [TEST_STEP][PASSED] - Statement - linkLogmembername = linkUserName.get(i).getText(): null

2018-09-15 10:53:17 - [TEST_STEP][PASSED] - Statement - out.println("new Admin :" + linkLogmembername): null

2018-09-15 10:53:17 - [TEST_STEP][PASSED] - Statement - If (linkLogmembername.equals(teamMeberName)): null

2018-09-15 10:53:17 - [TEST_STEP][PASSED] - Statement - out.println("Admin Console: " + linkUserName.get(i).getText()): null

2018-09-15 10:53:17 - [TEST_STEP][PASSED] - Statement - linkLogmembername = linkUserName.get(i).getText(): null

2018-09-15 10:53:17 - [TEST_STEP][PASSED] - Statement - out.println("new Admin :" + linkLogmembername): null

2018-09-15 10:53:17 - [TEST_STEP][PASSED] - Statement - If (linkLogmembername.equals(teamMeberName)): null

2018-09-15 10:53:17 - [TEST_STEP][PASSED] - Statement - out.println("Admin Console: " + linkUserName.get(i).getText()): null

2018-09-15 10:53:17 - [TEST_STEP][PASSED] - Statement - linkLogmembername = linkUserName.get(i).getText(): null

2018-09-15 10:53:17 - [TEST_STEP][PASSED] - Statement - out.println("new Admin :" + linkLogmembername): null

2018-09-15 10:53:17 - [TEST_STEP][PASSED] - Statement - If (linkLogmembername.equals(teamMeberName)): null

2018-09-15 10:53:17 - [TEST_STEP][PASSED] - Statement - out.println("Admin Console: " + linkUserName.get(i).getText()): null

2018-09-15 10:53:17 - [TEST_STEP][PASSED] - Statement - linkLogmembername = linkUserName.get(i).getText(): null

2018-09-15 10:53:17 - [TEST_STEP][PASSED] - Statement - out.println("new Admin :" + linkLogmembername): null

2018-09-15 10:53:17 - [TEST_STEP][PASSED] - Statement - If (linkLogmembername.equals(teamMeberName)): null

2018-09-15 10:53:17 - [TEST_STEP][PASSED] - Statement - out.println("Admin Console: " + linkUserName.get(i).getText()): null

2018-09-15 10:53:17 - [TEST_STEP][PASSED] - Statement - linkLogmembername = linkUserName.get(i).getText(): null

2018-09-15 10:53:17 - [TEST_STEP][PASSED] - Statement - out.println("new Admin :" + linkLogmembername): null

2018-09-15 10:53:17 - [TEST_STEP][PASSED] - Statement - If (linkLogmembername.equals(teamMeberName)): null

2018-09-15 10:53:17 - [TEST_STEP][PASSED] - Statement - out.println("Admin Console: " + linkUserName.get(i).getText()): null

2018-09-15 10:53:17 - [TEST_STEP][PASSED] - Statement - linkLogmembername = linkUserName.get(i).getText(): null

2018-09-15 10:53:17 - [TEST_STEP][PASSED] - Statement - out.println("new Admin :" + linkLogmembername): null

2018-09-15 10:53:17 - [TEST_STEP][PASSED] - Statement - If (linkLogmembername.equals(teamMeberName)): null

2018-09-15 10:53:17 - [TEST_STEP][PASSED] - Statement - out.println("Admin Console: " + linkUserName.get(i).getText()): null

2018-09-15 10:53:17 - [TEST_STEP][PASSED] - Statement - linkLogmembername = linkUserName.get(i).getText(): null

2018-09-15 10:53:17 - [TEST_STEP][PASSED] - Statement - out.println("new Admin :" + linkLogmembername): null

2018-09-15 10:53:17 - [TEST_STEP][PASSED] - Statement - If (linkLogmembername.equals(teamMeberName)): null

2018-09-15 10:53:17 - [TEST_STEP][PASSED] - Statement - out.println("Admin Console: " + linkUserName.get(i).getText()): null

2018-09-15 10:53:17 - [TEST_STEP][PASSED] - Statement - linkLogmembername = linkUserName.get(i).getText(): null

2018-09-15 10:53:17 - [TEST_STEP][PASSED] - Statement - out.println("new Admin :" + linkLogmembername): null

2018-09-15 10:53:17 - [TEST_STEP][PASSED] - Statement - If (linkLogmembername.equals(teamMeberName)): null

2018-09-15 10:53:17 - [TEST_STEP][PASSED] - Statement - out.println("Admin Console: " + linkLogmembername): null

2018-09-15 10:53:17 - [TEST_STEP][PASSED] - Statement - linkUserName.get(i).click(): null

2018-09-15 10:53:17 - [TEST_STEP][PASSED] - Statement - out.println("Admin Console: " + linkUserName.get(i).getText()): null

2018-09-15 10:53:17 - [TEST_STEP][PASSED] - Statement - linkLogmembername = linkUserName.get(i).getText(): null

2018-09-15 10:53:17 - [TEST_STEP][PASSED] - Statement - out.println("new Admin :" + linkLogmembername): null

2018-09-15 10:53:17 - [TEST_STEP][PASSED] - Statement - If (linkLogmembername.equals(teamMeberName)): null

2018-09-15 10:53:17 - [TEST_STEP][PASSED] - Statement - out.println("Admin Console: " + linkUserName.get(i).getText()): null

2018-09-15 10:53:17 - [TEST_STEP][PASSED] - Statement - linkLogmembername = linkUserName.get(i).getText(): null

2018-09-15 10:53:17 - [TEST_STEP][PASSED] - Statement - out.println("new Admin :" + linkLogmembername): null

2018-09-15 10:53:17 - [TEST_STEP][PASSED] - Statement - If (linkLogmembername.equals(teamMeberName)): null

2018-09-15 10:53:17 - [TEST_STEP][PASSED] - Statement - out.println("Admin Console: " + linkUserName.get(i).getText()): null

2018-09-15 10:53:17 - [TEST_STEP][PASSED] - Statement - linkLogmembername = linkUserName.get(i).getText(): null

2018-09-15 10:53:17 - [TEST_STEP][PASSED] - Statement - out.println("new Admin :" + linkLogmembername): null

2018-09-15 10:53:17 - [TEST_STEP][PASSED] - Statement - If (linkLogmembername.equals(teamMeberName)): null

2018-09-15 10:53:17 - [TEST_STEP][PASSED] - Statement - out.println("Admin Console: " + linkUserName.get(i).getText()): null

2018-09-15 10:53:17 - [TEST_STEP][PASSED] - Statement - linkLogmembername = linkUserName.get(i).getText(): null

2018-09-15 10:53:17 - [TEST_STEP][PASSED] - Statement - out.println("new Admin :" + linkLogmembername): null

2018-09-15 10:53:17 - [TEST_STEP][PASSED] - Statement - If (linkLogmembername.equals(teamMeberName)): null

2018-09-15 10:53:17 - [TEST_STEP][PASSED] - Statement - out.println("Admin Console: " + linkUserName.get(i).getText()): null

2018-09-15 10:53:17 - [TEST_STEP][PASSED] - Statement - linkLogmembername = linkUserName.get(i).getText(): null

2018-09-15 10:53:17 - [TEST_STEP][PASSED] - Statement - out.println("new Admin :" + linkLogmembername): null

2018-09-15 10:53:17 - [TEST_STEP][PASSED] - Statement - If (linkLogmembername.equals(teamMeberName)): null

2018-09-15 10:53:17 - [TEST_STEP][PASSED] - Statement - out.println("Admin Console: " + linkUserName.get(i).getText()): null

2018-09-15 10:53:17 - [TEST_STEP][PASSED] - Statement - linkLogmembername = linkUserName.get(i).getText(): null

2018-09-15 10:53:17 - [TEST_STEP][PASSED] - Statement - out.println("new Admin :" + linkLogmembername): null

2018-09-15 10:53:17 - [TEST_STEP][PASSED] - Statement - If (linkLogmembername.equals(teamMeberName)): null

2018-09-15 10:53:17 - [TEST_STEP][PASSED] - Statement - out.println("Admin Console: " + linkUserName.get(i).getText()): null

2018-09-15 10:53:17 - [TEST_STEP][PASSED] - Statement - linkLogmembername = linkUserName.get(i).getText(): null

2018-09-15 10:53:17 - [TEST_STEP][PASSED] - Statement - out.println("new Admin :" + linkLogmembername): null

2018-09-15 10:53:17 - [TEST_STEP][PASSED] - Statement - If (linkLogmembername.equals(teamMeberName)): null

2018-09-15 10:53:17 - [TEST_STEP][PASSED] - Statement - out.println("Admin Console: " + linkUserName.get(i).getText()): null

2018-09-15 10:53:18 - [TEST_STEP][PASSED] - Statement - linkLogmembername = linkUserName.get(i).getText(): null

2018-09-15 10:53:18 - [TEST_STEP][PASSED] - Statement - out.println("new Admin :" + linkLogmembername): null

2018-09-15 10:53:18 - [TEST_STEP][PASSED] - Statement - If (linkLogmembername.equals(teamMeberName)): null

2018-09-15 10:53:18 - [TEST_STEP][PASSED] - Statement - out.println("Admin Console: " + linkUserName.get(i).getText()): null

2018-09-15 10:53:18 - [TEST_STEP][PASSED] - Statement - linkLogmembername = linkUserName.get(i).getText(): null

2018-09-15 10:53:18 - [TEST_STEP][PASSED] - Statement - out.println("new Admin :" + linkLogmembername): null

2018-09-15 10:53:18 - [TEST_STEP][PASSED] - Statement - If (linkLogmembername.equals(teamMeberName)): null

2018-09-15 10:53:18 - [TEST_STEP][PASSED] - Statement - out.println("Admin Console: " + linkUserName.get(i).getText()): null

2018-09-15 10:53:18 - [TEST_STEP][PASSED] - Statement - linkLogmembername = linkUserName.get(i).getText(): null

2018-09-15 10:53:18 - [TEST_STEP][PASSED] - Statement - out.println("new Admin :" + linkLogmembername): null

2018-09-15 10:53:18 - [TEST_STEP][PASSED] - Statement - If (linkLogmembername.equals(teamMeberName)): null

2018-09-15 10:53:18 - [TEST_STEP][PASSED] - Statement - out.println("Admin Console: " + linkUserName.get(i).getText()): null

2018-09-15 10:53:18 - [TEST_STEP][PASSED] - Statement - linkLogmembername = linkUserName.get(i).getText(): null

2018-09-15 10:53:18 - [TEST_STEP][PASSED] - Statement - out.println("new Admin :" + linkLogmembername): null

2018-09-15 10:53:18 - [TEST_STEP][PASSED] - Statement - If (linkLogmembername.equals(teamMeberName)): null

2018-09-15 10:53:18 - [TEST_STEP][PASSED] - Statement - out.println("Admin Console: " + linkUserName.get(i).getText()): null

2018-09-15 10:53:18 - [TEST_STEP][PASSED] - Statement - linkLogmembername = linkUserName.get(i).getText(): null

2018-09-15 10:53:18 - [TEST_STEP][PASSED] - Statement - out.println("new Admin :" + linkLogmembername): null

2018-09-15 10:53:18 - [TEST_STEP][PASSED] - Statement - If (linkLogmembername.equals(teamMeberName)): null

2018-09-15 10:53:18 - [TEST_STEP][PASSED] - Statement - out.println("Admin Console: " + linkUserName.get(i).getText()): null

2018-09-15 10:53:18 - [TEST_STEP][PASSED] - Statement - linkLogmembername = linkUserName.get(i).getText(): null

2018-09-15 10:53:18 - [TEST_STEP][PASSED] - Statement - out.println("new Admin :" + linkLogmembername): null

2018-09-15 10:53:18 - [TEST_STEP][PASSED] - Statement - If (linkLogmembername.equals(teamMeberName)): null

2018-09-15 10:53:18 - [TEST_STEP][PASSED] - Statement - out.println("Admin Console: " + linkUserName.get(i).getText()): null

2018-09-15 10:53:18 - [TEST_STEP][PASSED] - Statement - linkLogmembername = linkUserName.get(i).getText(): null

2018-09-15 10:53:18 - [TEST_STEP][PASSED] - Statement - out.println("new Admin :" + linkLogmembername): null

2018-09-15 10:53:18 - [TEST_STEP][PASSED] - Statement - If (linkLogmembername.equals(teamMeberName)): null

2018-09-15 10:53:18 - [TEST_STEP][PASSED] - Statement - out.println("Admin Console: " + linkUserName.get(i).getText()): null

2018-09-15 10:53:18 - [TEST_STEP][PASSED] - Statement - linkLogmembername = linkUserName.get(i).getText(): null

2018-09-15 10:53:18 - [TEST_STEP][PASSED] - Statement - out.println("new Admin :" + linkLogmembername): null

2018-09-15 10:53:18 - [TEST_STEP][PASSED] - Statement - If (linkLogmembername.equals(teamMeberName)): null

2018-09-15 10:53:18 - [TEST_STEP][PASSED] - Statement - out.println("Admin Console: " + linkUserName.get(i).getText()): null

2018-09-15 10:53:18 - [TEST_STEP][PASSED] - Statement - linkLogmembername = linkUserName.get(i).getText(): null

2018-09-15 10:53:18 - [TEST_STEP][PASSED] - Statement - out.println("new Admin :" + linkLogmembername): null

2018-09-15 10:53:18 - [TEST_STEP][PASSED] - Statement - If (linkLogmembername.equals(teamMeberName)): null

2018-09-15 10:53:18 - [TEST_STEP][PASSED] - Statement - out.println("Admin Console: " + linkUserName.get(i).getText()): null

2018-09-15 10:53:18 - [TEST_STEP][PASSED] - Statement - linkLogmembername = linkUserName.get(i).getText(): null

2018-09-15 10:53:18 - [TEST_STEP][PASSED] - Statement - out.println("new Admin :" + linkLogmembername): null

2018-09-15 10:53:18 - [TEST_STEP][PASSED] - Statement - If (linkLogmembername.equals(teamMeberName)): null

2018-09-15 10:53:18 - [TEST_STEP][PASSED] - Statement - out.println("Admin Console: " + linkUserName.get(i).getText()): null

2018-09-15 10:53:18 - [TEST_STEP][PASSED] - Statement - linkLogmembername = linkUserName.get(i).getText(): null

2018-09-15 10:53:18 - [TEST_STEP][PASSED] - Statement - out.println("new Admin :" + linkLogmembername): null

2018-09-15 10:53:18 - [TEST_STEP][PASSED] - Statement - If (linkLogmembername.equals(teamMeberName)): null

2018-09-15 10:53:18 - [TEST_STEP][PASSED] - Statement - out.println("Admin Console: " + linkUserName.get(i).getText()): null

2018-09-15 10:53:18 - [TEST_STEP][PASSED] - Statement - linkLogmembername = linkUserName.get(i).getText(): null

2018-09-15 10:53:18 - [TEST_STEP][PASSED] - Statement - out.println("new Admin :" + linkLogmembername): null

2018-09-15 10:53:18 - [TEST_STEP][PASSED] - Statement - If (linkLogmembername.equals(teamMeberName)): null

2018-09-15 10:53:18 - [TEST_STEP][PASSED] - Statement - out.println("Admin Console: " + linkUserName.get(i).getText()): null

2018-09-15 10:53:18 - [TEST_STEP][PASSED] - Statement - linkLogmembername = linkUserName.get(i).getText(): null

2018-09-15 10:53:18 - [TEST_STEP][PASSED] - Statement - out.println("new Admin :" + linkLogmembername): null

2018-09-15 10:53:18 - [TEST_STEP][PASSED] - Statement - If (linkLogmembername.equals(teamMeberName)): null

2018-09-15 10:53:18 - [TEST_STEP][PASSED] - Statement - out.println("Admin Console: " + linkUserName.get(i).getText()): null

2018-09-15 10:53:18 - [TEST_STEP][PASSED] - Statement - linkLogmembername = linkUserName.get(i).getText(): null

2018-09-15 10:53:18 - [TEST_STEP][PASSED] - Statement - out.println("new Admin :" + linkLogmembername): null

2018-09-15 10:53:18 - [TEST_STEP][PASSED] - Statement - If (linkLogmembername.equals(teamMeberName)): null

2018-09-15 10:53:18 - [TEST_STEP][PASSED] - Statement - out.println("Admin Console: " + linkUserName.get(i).getText()): null

2018-09-15 10:53:18 - [TEST_STEP][PASSED] - Statement - linkLogmembername = linkUserName.get(i).getText(): null

2018-09-15 10:53:18 - [TEST_STEP][PASSED] - Statement - out.println("new Admin :" + linkLogmembername): null

2018-09-15 10:53:18 - [TEST_STEP][PASSED] - Statement - If (linkLogmembername.equals(teamMeberName)): null

2018-09-15 10:53:18 - [TEST_STEP][PASSED] - Statement - out.println("Admin Console: " + linkUserName.get(i).getText()): null

2018-09-15 10:53:18 - [TEST_STEP][PASSED] - Statement - linkLogmembername = linkUserName.get(i).getText(): null

2018-09-15 10:53:18 - [TEST_STEP][PASSED] - Statement - out.println("new Admin :" + linkLogmembername): null

2018-09-15 10:53:18 - [TEST_STEP][PASSED] - Statement - If (linkLogmembername.equals(teamMeberName)): null

2018-09-15 10:53:18 - [TEST_STEP][PASSED] - Statement - out.println("Admin Console: " + linkUserName.get(i).getText()): null

2018-09-15 10:53:18 - [TEST_STEP][PASSED] - Statement - linkLogmembername = linkUserName.get(i).getText(): null

2018-09-15 10:53:18 - [TEST_STEP][PASSED] - Statement - out.println("new Admin :" + linkLogmembername): null

2018-09-15 10:53:18 - [TEST_STEP][PASSED] - Statement - If (linkLogmembername.equals(teamMeberName)): null

2018-09-15 10:53:18 - [TEST_STEP][PASSED] - Statement - out.println("Admin Console: " + linkUserName.get(i).getText()): null

2018-09-15 10:53:18 - [TEST_STEP][PASSED] - Statement - linkLogmembername = linkUserName.get(i).getText(): null

2018-09-15 10:53:18 - [TEST_STEP][PASSED] - Statement - out.println("new Admin :" + linkLogmembername): null

2018-09-15 10:53:18 - [TEST_STEP][PASSED] - Statement - If (linkLogmembername.equals(teamMeberName)): null

2018-09-15 10:53:18 - [TEST_STEP][PASSED] - Statement - out.println("Admin Console: " + linkUserName.get(i).getText()): null

2018-09-15 10:53:18 - [TEST_STEP][PASSED] - Statement - linkLogmembername = linkUserName.get(i).getText(): null

2018-09-15 10:53:18 - [TEST_STEP][PASSED] - Statement - out.println("new Admin :" + linkLogmembername): null

2018-09-15 10:53:18 - [TEST_STEP][PASSED] - Statement - If (linkLogmembername.equals(teamMeberName)): null

2018-09-15 10:53:18 - [TEST_STEP][PASSED] - Statement - out.println("Admin Console: " + linkUserName.get(i).getText()): null

2018-09-15 10:53:18 - [TEST_STEP][PASSED] - Statement - linkLogmembername = linkUserName.get(i).getText(): null

2018-09-15 10:53:18 - [TEST_STEP][PASSED] - Statement - out.println("new Admin :" + linkLogmembername): null

2018-09-15 10:53:18 - [TEST_STEP][PASSED] - Statement - If (linkLogmembername.equals(teamMeberName)): null

2018-09-15 10:53:18 - [TEST_STEP][PASSED] - Statement - out.println("Admin Console: " + linkUserName.get(i).getText()): null

2018-09-15 10:53:18 - [TEST_STEP][PASSED] - Statement - linkLogmembername = linkUserName.get(i).getText(): null

2018-09-15 10:53:18 - [TEST_STEP][PASSED] - Statement - out.println("new Admin :" + linkLogmembername): null

2018-09-15 10:53:18 - [TEST_STEP][PASSED] - Statement - If (linkLogmembername.equals(teamMeberName)): null

2018-09-15 10:53:18 - [TEST_STEP][PASSED] - Statement - out.println("Admin Console: " + linkUserName.get(i).getText()): null

2018-09-15 10:53:19 - [TEST_STEP][PASSED] - Statement - linkLogmembername = linkUserName.get(i).getText(): null

2018-09-15 10:53:19 - [TEST_STEP][PASSED] - Statement - out.println("new Admin :" + linkLogmembername): null

2018-09-15 10:53:19 - [TEST_STEP][PASSED] - Statement - If (linkLogmembername.equals(teamMeberName)): null

2018-09-15 10:53:19 - [TEST_STEP][PASSED] - Statement - out.println("Admin Console: " + linkUserName.get(i).getText()): null

2018-09-15 10:53:19 - [TEST_STEP][PASSED] - Statement - linkLogmembername = linkUserName.get(i).getText(): null

2018-09-15 10:53:19 - [TEST_STEP][PASSED] - Statement - out.println("new Admin :" + linkLogmembername): null

2018-09-15 10:53:19 - [TEST_STEP][PASSED] - Statement - If (linkLogmembername.equals(teamMeberName)): null

2018-09-15 10:53:19 - [TEST_STEP][PASSED] - Statement - out.println("Admin Console: " + linkUserName.get(i).getText()): null

2018-09-15 10:53:19 - [TEST_STEP][PASSED] - Statement - linkLogmembername = linkUserName.get(i).getText(): null

2018-09-15 10:53:19 - [TEST_STEP][PASSED] - Statement - out.println("new Admin :" + linkLogmembername): null

2018-09-15 10:53:19 - [TEST_STEP][PASSED] - Statement - If (linkLogmembername.equals(teamMeberName)): null

2018-09-15 10:53:19 - [TEST_STEP][PASSED] - Statement - out.println("Admin Console: " + linkUserName.get(i).getText()): null

2018-09-15 10:53:19 - [TEST_STEP][PASSED] - Statement - linkLogmembername = linkUserName.get(i).getText(): null

2018-09-15 10:53:19 - [TEST_STEP][PASSED] - Statement - out.println("new Admin :" + linkLogmembername): null

2018-09-15 10:53:19 - [TEST_STEP][PASSED] - Statement - If (linkLogmembername.equals(teamMeberName)): null

2018-09-15 10:53:19 - [TEST_STEP][PASSED] - Statement - out.println("Admin Console: " + linkUserName.get(i).getText()): null

2018-09-15 10:53:19 - [TEST_STEP][PASSED] - Statement - linkLogmembername = linkUserName.get(i).getText(): null

2018-09-15 10:53:19 - [TEST_STEP][PASSED] - Statement - out.println("new Admin :" + linkLogmembername): null

2018-09-15 10:53:19 - [TEST_STEP][PASSED] - Statement - If (linkLogmembername.equals(teamMeberName)): null

2018-09-15 10:53:19 - [TEST_STEP][PASSED] - Statement - out.println("Admin Console: " + linkUserName.get(i).getText()): null

2018-09-15 10:53:19 - [TEST_STEP][PASSED] - Statement - linkLogmembername = linkUserName.get(i).getText(): null

2018-09-15 10:53:19 - [TEST_STEP][PASSED] - Statement - out.println("new Admin :" + linkLogmembername): null

2018-09-15 10:53:19 - [TEST_STEP][PASSED] - Statement - If (linkLogmembername.equals(teamMeberName)): null

2018-09-15 10:53:19 - [TEST_STEP][PASSED] - Statement - out.println("Admin Console: " + linkUserName.get(i).getText()): null

2018-09-15 10:53:19 - [TEST_STEP][PASSED] - Statement - linkLogmembername = linkUserName.get(i).getText(): null

2018-09-15 10:53:19 - [TEST_STEP][PASSED] - Statement - out.println("new Admin :" + linkLogmembername): null

2018-09-15 10:53:19 - [TEST_STEP][PASSED] - Statement - If (linkLogmembername.equals(teamMeberName)): null

2018-09-15 10:53:19 - [TEST_STEP][PASSED] - Statement - out.println("Admin Console: " + linkUserName.get(i).getText()): null

2018-09-15 10:53:19 - [TEST_STEP][PASSED] - Statement - linkLogmembername = linkUserName.get(i).getText(): null

2018-09-15 10:53:19 - [TEST_STEP][PASSED] - Statement - out.println("new Admin :" + linkLogmembername): null

2018-09-15 10:53:19 - [TEST_STEP][PASSED] - Statement - If (linkLogmembername.equals(teamMeberName)): null

2018-09-15 10:53:19 - [TEST_STEP][PASSED] - Statement - out.println("Admin Console: " + linkUserName.get(i).getText()): null

2018-09-15 10:53:19 - [TEST_STEP][PASSED] - Statement - linkLogmembername = linkUserName.get(i).getText(): null

2018-09-15 10:53:19 - [TEST_STEP][PASSED] - Statement - out.println("new Admin :" + linkLogmembername): null

2018-09-15 10:53:19 - [TEST_STEP][PASSED] - Statement - If (linkLogmembername.equals(teamMeberName)): null

2018-09-15 10:53:19 - [TEST_STEP][PASSED] - Statement - out.println("Admin Console: " + linkUserName.get(i).getText()): null

2018-09-15 10:53:19 - [TEST_STEP][PASSED] - Statement - linkLogmembername = linkUserName.get(i).getText(): null

2018-09-15 10:53:19 - [TEST_STEP][PASSED] - Statement - out.println("new Admin :" + linkLogmembername): null

2018-09-15 10:53:19 - [TEST_STEP][PASSED] - Statement - If (linkLogmembername.equals(teamMeberName)): null

2018-09-15 10:53:19 - [TEST_STEP][PASSED] - Statement - out.println("Admin Console: " + linkUserName.get(i).getText()): null

2018-09-15 10:53:19 - [TEST_STEP][PASSED] - Statement - linkLogmembername = linkUserName.get(i).getText(): null

2018-09-15 10:53:19 - [TEST_STEP][PASSED] - Statement - out.println("new Admin :" + linkLogmembername): null

2018-09-15 10:53:19 - [TEST_STEP][PASSED] - Statement - If (linkLogmembername.equals(teamMeberName)): null

2018-09-15 10:53:19 - [TEST_STEP][PASSED] - Statement - out.println("Admin Console: " + linkUserName.get(i).getText()): null

2018-09-15 10:53:19 - [TEST_STEP][PASSED] - Statement - linkLogmembername = linkUserName.get(i).getText(): null

2018-09-15 10:53:19 - [TEST_STEP][PASSED] - Statement - out.println("new Admin :" + linkLogmembername): null

2018-09-15 10:53:19 - [TEST_STEP][PASSED] - Statement - If (linkLogmembername.equals(teamMeberName)): null

2018-09-15 10:53:19 - [TEST_STEP][PASSED] - Statement - out.println("Admin Console: " + linkUserName.get(i).getText()): null

2018-09-15 10:53:19 - [TEST_STEP][PASSED] - Statement - linkLogmembername = linkUserName.get(i).getText(): null

2018-09-15 10:53:19 - [TEST_STEP][PASSED] - Statement - out.println("new Admin :" + linkLogmembername): null

2018-09-15 10:53:19 - [TEST_STEP][PASSED] - Statement - If (linkLogmembername.equals(teamMeberName)): null

2018-09-15 10:53:19 - [TEST_STEP][PASSED] - Statement - out.println("Admin Console: " + linkUserName.get(i).getText()): null

2018-09-15 10:53:19 - [TEST_STEP][PASSED] - Statement - linkLogmembername = linkUserName.get(i).getText(): null

2018-09-15 10:53:19 - [TEST_STEP][PASSED] - Statement - out.println("new Admin :" + linkLogmembername): null

2018-09-15 10:53:19 - [TEST_STEP][PASSED] - Statement - If (linkLogmembername.equals(teamMeberName)): null

2018-09-15 10:53:19 - [TEST_STEP][PASSED] - Statement - out.println("Admin Console: " + linkUserName.get(i).getText()): null

2018-09-15 10:53:19 - [TEST_STEP][PASSED] - Statement - linkLogmembername = linkUserName.get(i).getText(): null

2018-09-15 10:53:19 - [TEST_STEP][PASSED] - Statement - out.println("new Admin :" + linkLogmembername): null

2018-09-15 10:53:19 - [TEST_STEP][PASSED] - Statement - If (linkLogmembername.equals(teamMeberName)): null

2018-09-15 10:53:19 - [TEST_STEP][PASSED] - Statement - out.println("Admin Console: " + linkUserName.get(i).getText()): null

2018-09-15 10:53:19 - [TEST_STEP][PASSED] - Statement - linkLogmembername = linkUserName.get(i).getText(): null

2018-09-15 10:53:19 - [TEST_STEP][PASSED] - Statement - out.println("new Admin :" + linkLogmembername): null

2018-09-15 10:53:19 - [TEST_STEP][PASSED] - Statement - If (linkLogmembername.equals(teamMeberName)): null

2018-09-15 10:53:19 - [TEST_STEP][PASSED] - Statement - out.println("Admin Console: " + linkUserName.get(i).getText()): null

2018-09-15 10:53:19 - [TEST_STEP][PASSED] - Statement - linkLogmembername = linkUserName.get(i).getText(): null

2018-09-15 10:53:19 - [TEST_STEP][PASSED] - Statement - out.println("new Admin :" + linkLogmembername): null

2018-09-15 10:53:19 - [TEST_STEP][PASSED] - Statement - If (linkLogmembername.equals(teamMeberName)): null

2018-09-15 10:53:19 - [TEST_STEP][PASSED] - Statement - out.println("Admin Console: " + linkUserName.get(i).getText()): null

2018-09-15 10:53:19 - [TEST_STEP][PASSED] - Statement - linkLogmembername = linkUserName.get(i).getText(): null

2018-09-15 10:53:19 - [TEST_STEP][PASSED] - Statement - out.println("new Admin :" + linkLogmembername): null

2018-09-15 10:53:19 - [TEST_STEP][PASSED] - Statement - If (linkLogmembername.equals(teamMeberName)): null

2018-09-15 10:53:19 - [TEST_STEP][PASSED] - Statement - out.println("Admin Console: " + linkUserName.get(i).getText()): null

2018-09-15 10:53:19 - [TEST_STEP][PASSED] - Statement - linkLogmembername = linkUserName.get(i).getText(): null

2018-09-15 10:53:19 - [TEST_STEP][PASSED] - Statement - out.println("new Admin :" + linkLogmembername): null

2018-09-15 10:53:19 - [TEST_STEP][PASSED] - Statement - If (linkLogmembername.equals(teamMeberName)): null

2018-09-15 10:53:19 - [TEST_STEP][PASSED] - Statement - out.println("Admin Console: " + linkUserName.get(i).getText()): null

2018-09-15 10:53:19 - [TEST_STEP][PASSED] - Statement - linkLogmembername = linkUserName.get(i).getText(): null

2018-09-15 10:53:19 - [TEST_STEP][PASSED] - Statement - out.println("new Admin :" + linkLogmembername): null

2018-09-15 10:53:19 - [TEST_STEP][PASSED] - Statement - If (linkLogmembername.equals(teamMeberName)): null

2018-09-15 10:53:19 - [TEST_STEP][PASSED] - Statement - out.println("Admin Console: " + linkUserName.get(i).getText()): null

2018-09-15 10:53:20 - [TEST_STEP][PASSED] - Statement - linkLogmembername = linkUserName.get(i).getText(): null

2018-09-15 10:53:20 - [TEST_STEP][PASSED] - Statement - out.println("new Admin :" + linkLogmembername): null

2018-09-15 10:53:20 - [TEST_STEP][PASSED] - Statement - If (linkLogmembername.equals(teamMeberName)): null

2018-09-15 10:53:20 - [TEST_STEP][PASSED] - Statement - If (com.kms.katalon.core.webui.keyword.WebUiBuiltInKeywords.verifyElementPresent(com.kms.katalon.core.testobject.ObjectRepository.findTestObject(Object Repository/linkLog/customerProfileDetails), 5, OPTIONAL)): null

2018-09-15 10:53:20 - [MESSAGE][PASSED] - Object 'Object Repository/linkLog/customerProfileDetails' is present

2018-09-15 10:53:20 - [TEST_STEP][PASSED] - Statement - println("open link log successful"): null

2018-09-15 10:53:20 - [TEST_STEP][PASSED] - Statement - If (com.kms.katalon.core.webui.keyword.WebUiBuiltInKeywords.verifyElementPresent(com.kms.katalon.core.testobject.ObjectRepository.findTestObject(Object Repository/Notes/addNotesCustomerDetails), 2)): null

2018-09-15 10:53:20 - [MESSAGE][PASSED] - Object 'Object Repository/Notes/addNotesCustomerDetails' is present

2018-09-15 10:53:20 - [TEST_STEP][PASSED] - click: Object: 'Object Repository/Notes/addNotesCustomerDetails' is clicked on

2018-09-15 10:53:20 - [MESSAGE][PASSED] - Object: 'Object Repository/Notes/addNotesCustomerDetails' is clicked on

2018-09-15 10:53:20 - [TEST_STEP][PASSED] - Statement - println("successful"): null

2018-09-15 10:53:20 - [TEST_STEP][PASSED] - setText: Text 'Mass media campaigns are widely used to expose high proportions of large populations to messages through routine uses of existing media, such as television, radio, and newspapers.' is set on object 'Object Repository/Notes/notesInputBox'

2018-09-15 10:53:21 - [MESSAGE][PASSED] - Text 'Mass media campaigns are widely used to expose high proportions of large populations to messages through routine uses of existing media, such as television, radio, and newspapers.' is set on object 'Object Repository/Notes/notesInputBox'

2018-09-15 10:53:21 - [TEST_STEP][PASSED] - Statement - If (com.kms.katalon.core.webui.keyword.WebUiBuiltInKeywords.verifyElementPresent(com.kms.katalon.core.testobject.ObjectRepository.findTestObject(Object Repository/Notes/saveNotesButton), 2)): null

2018-09-15 10:53:21 - [MESSAGE][PASSED] - Object 'Object Repository/Notes/saveNotesButton' is present

2018-09-15 10:53:21 - [TEST_STEP][PASSED] - click: Object: 'Object Repository/Notes/saveNotesButton' is clicked on

2018-09-15 10:53:21 - [MESSAGE][PASSED] - Object: 'Object Repository/Notes/saveNotesButton' is clicked on

2018-09-15 10:53:21 - [TEST_STEP][PASSED] - Statement - println("successful"): null

2018-09-15 10:53:21 - [TEST_STEP][PASSED] - Statement - If (com.kms.katalon.core.webui.keyword.WebUiBuiltInKeywords.verifyElementPresent(com.kms.katalon.core.testobject.ObjectRepository.findTestObject(Dashboard_Link Generator/validation), 5)): null

2018-09-15 10:53:23 - [MESSAGE][PASSED] - Object 'Object Repository/Dashboard_Link Generator/validation' is present

2018-09-15 10:53:23 - [TEST_STEP][PASSED] - Statement - validationMessage = com.kms.katalon.core.webui.keyword.WebUiBuiltInKeywords.getText(com.kms.katalon.core.testobject.ObjectRepository.findTestObject(Dashboard_Link Generator/validation)): Text of object 'Object Repository/Dashboard_Link Generator/validation' is: 'Note Added.!'

2018-09-15 10:53:23 - [MESSAGE][PASSED] - Text of object 'Object Repository/Dashboard_Link Generator/validation' is: 'Note Added.!'

2018-09-15 10:53:23 - [TEST_STEP][PASSED] - verifyMatch: Actual text 'Note Added.!' and expected text 'Note Added.!' are matched 

2018-09-15 10:53:23 - [MESSAGE][PASSED] - Actual text 'Note Added.!' and expected text 'Note Added.!' are matched 

2018-09-15 10:53:23 - [TEST_STEP][PASSED] - Statement - println("successful"): null

2018-09-15 10:53:23 - [TEST_STEP][PASSED] - clickOffset: Object: 'Object Repository/customerDetailsEdit/customerDetailScreen' is clicked on using offset x=100 and y=200

2018-09-15 10:53:23 - [MESSAGE][PASSED] - Object: 'Object Repository/customerDetailsEdit/customerDetailScreen' is clicked on using offset x=100 and y=200

2018-09-15 10:53:23 - [TEST_STEP][PASSED] - click: Object: 'Object Repository/customerDetailsEdit/refreshButton' is clicked on

2018-09-15 10:53:23 - [MESSAGE][PASSED] - Object: 'Object Repository/customerDetailsEdit/refreshButton' is clicked on]]></system-out>
         <system-err><![CDATA[]]></system-err>
      </testcase>
      <testcase name="Test Cases/completed/TestCase5_NotesFunctionality/clearNotes" classname="Test Cases/completed/TestCase5_NotesFunctionality/clearNotes" status="PASSED">
         <system-out><![CDATA[2018-09-15 10:53:23 - [TEST_CASE][PASSED] - Test Cases/completed/TestCase5_NotesFunctionality/clearNotes: Test Cases/completed/TestCase5_NotesFunctionality/clearNotes

2018-09-15 10:53:24 - [TEST_STEP][PASSED] - callTestCase: Call Test Case 'Test Cases/BVT/aSimple_Login' successfully

2018-09-15 10:53:24 - [TEST_CASE][PASSED] - Test Cases/BVT/aSimple_Login: Test Cases/BVT/aSimple_Login

2018-09-15 10:53:24 - [TEST_STEP][PASSED] - openBrowser: Browser is opened with url: ''

2018-09-15 10:53:24 - [MESSAGE][WARNING] - A browser is already opened. Closing browser and opening a new one

2018-09-15 10:53:27 - [MESSAGE][PASSED] - Browser is opened with url: ''

2018-09-15 10:53:27 - [TEST_STEP][PASSED] - maximizeWindow: Current window maximized

2018-09-15 10:53:28 - [MESSAGE][PASSED] - Current window maximized

2018-09-15 10:53:28 - [TEST_STEP][PASSED] - navigateToUrl: Navigate to 'https://dev.vcalling.in/enterprises/UAT/Dashboard/index.html' successfully

2018-09-15 10:53:32 - [MESSAGE][PASSED] - Navigate to 'https://dev.vcalling.in/enterprises/UAT/Dashboard/index.html' successfully

2018-09-15 10:53:32 - [TEST_STEP][PASSED] - setText: Text 'testing4dea@gmail.com' is set on object 'Object Repository/Login/UserId'

2018-09-15 10:53:32 - [MESSAGE][PASSED] - Text 'testing4dea@gmail.com' is set on object 'Object Repository/Login/UserId'

2018-09-15 10:53:32 - [TEST_STEP][PASSED] - click: Object: 'Object Repository/Login/div_GET OTP' is clicked on

2018-09-15 10:53:32 - [MESSAGE][PASSED] - Object: 'Object Repository/Login/div_GET OTP' is clicked on

2018-09-15 10:53:32 - [TEST_STEP][PASSED] - waitForElementPresent: Object 'Object Repository/Login/div_SUBMIT' is present

2018-09-15 10:53:34 - [MESSAGE][PASSED] - Object 'Object Repository/Login/div_SUBMIT' is present

2018-09-15 10:53:34 - [TEST_STEP][PASSED] - Statement - If (com.kms.katalon.core.webui.keyword.WebUiBuiltInKeywords.verifyElementNotPresent(com.kms.katalon.core.testobject.ObjectRepository.findTestObject(Login/div_SUBMIT), 5, OPTIONAL)): Web element with id: 'Object Repository/Login/div_SUBMIT' located by 'By.xpath: //div[(text() = ' SUBMIT ' or . = ' SUBMIT ')]' is present after '5' second(s)

2018-09-15 10:53:40 - [MESSAGE][WARNING] - Web element with id: 'Object Repository/Login/div_SUBMIT' located by 'By.xpath: //div[(text() = ' SUBMIT ' or . = ' SUBMIT ')]' is present after '5' second(s)
[[ATTACHMENT|C:\\Users\\Kaushal\\Desktop\\Katalon Studio\\vCallingDashboard\\Reports\\RegressionSuite\\20180915_103222\\1537005219681.png]]

2018-09-15 10:53:40 - [TEST_STEP][PASSED] - Statement - sleep(5000): null

2018-09-15 10:53:45 - [TEST_STEP][PASSED] - Statement - OTP = getOTP(): null

2018-09-15 10:53:45 - [TEST_STEP][PASSED] - Statement - host = "imap.gmail.com": null

2018-09-15 10:53:45 - [TEST_STEP][PASSED] - Statement - msg = <not implemented yet for class: org.codehaus.groovy.ast.expr.EmptyExpression>: null

2018-09-15 10:53:45 - [TEST_STEP][PASSED] - Statement - msgSub = <not implemented yet for class: org.codehaus.groovy.ast.expr.EmptyExpression>: null

2018-09-15 10:53:45 - [TEST_STEP][PASSED] - Statement - OTP = "unavailable": null

2018-09-15 10:53:45 - [TEST_STEP][PASSED] - Statement - props = new java.util.Properties(): null

2018-09-15 10:53:45 - [TEST_STEP][PASSED] - Statement - props.setProperty("mail.imap.ssl.enable", "true"): null

2018-09-15 10:53:45 - [TEST_STEP][PASSED] - Statement - session = javax.mail.Session.getInstance(props): null

2018-09-15 10:53:45 - [TEST_STEP][PASSED] - Statement - store = <not implemented yet for class: org.codehaus.groovy.ast.expr.EmptyExpression>: null

2018-09-15 10:53:45 - [TEST_STEP][PASSED] - Statement - Try: null

2018-09-15 10:53:45 - [TEST_STEP][PASSED] - Statement - store = session.getStore("imap"): null

2018-09-15 10:53:45 - [TEST_STEP][PASSED] - Statement - store.connect(host, Email, Password): null

2018-09-15 10:53:48 - [TEST_STEP][PASSED] - Statement - emailFolder = store.getFolder("INBOX"): null

2018-09-15 10:53:48 - [TEST_STEP][PASSED] - Statement - emailFolder.open(READ_WRITE): null

2018-09-15 10:53:49 - [TEST_STEP][PASSED] - Statement - messages = emailFolder.getMessages(): null

2018-09-15 10:53:49 - [TEST_STEP][PASSED] - Statement - n = length: null

2018-09-15 10:53:49 - [TEST_STEP][PASSED] - Statement - message = messages[n - 1]: null

2018-09-15 10:53:49 - [TEST_STEP][PASSED] - Statement - msgSub = message.getSubject(): null

2018-09-15 10:53:49 - [TEST_STEP][PASSED] - Statement - If (msgSub.equals("OTP to Sign In")): null

2018-09-15 10:53:49 - [TEST_STEP][PASSED] - Statement - msg = message.getContent().toString(): null

2018-09-15 10:53:50 - [TEST_STEP][PASSED] - Statement - OTP = msg.substring(msg.length() - 7): null

2018-09-15 10:53:50 - [TEST_STEP][PASSED] - Statement - message.setFlag(DELETED, true): null

2018-09-15 10:53:51 - [TEST_STEP][PASSED] - Statement - emailFolder.close(true): null

2018-09-15 10:53:51 - [TEST_STEP][PASSED] - Statement - store.close(): null

2018-09-15 10:53:52 - [TEST_STEP][PASSED] - Statement - return OTP: null

2018-09-15 10:53:52 - [TEST_STEP][PASSED] - Statement - If (OTP.equals("unavailable")): null

2018-09-15 10:53:52 - [TEST_STEP][PASSED] - Statement - Else: Text 'u2294
' is set on object 'Object Repository/Login/OtpInput'

2018-09-15 10:53:52 - [TEST_STEP][PASSED] - setText: Text 'u2294
' is set on object 'Object Repository/Login/OtpInput'

2018-09-15 10:53:52 - [MESSAGE][PASSED] - Text 'u2294
' is set on object 'Object Repository/Login/OtpInput'

2018-09-15 10:53:52 - [TEST_STEP][PASSED] - verifyElementPresent: Object 'Object Repository/Login/afterOpenDisplay' is present

2018-09-15 10:53:53 - [MESSAGE][PASSED] - Object 'Object Repository/Login/afterOpenDisplay' is present

2018-09-15 10:53:53 - [MESSAGE][PASSED] - Call Test Case 'Test Cases/BVT/aSimple_Login' successfully

2018-09-15 10:53:53 - [TEST_STEP][PASSED] - Statement - driver = com.kms.katalon.core.webui.driver.DriverFactory.getWebDriver(): null

2018-09-15 10:53:53 - [TEST_STEP][PASSED] - click: Object: 'Object Repository/Dashboard_Link Generator/linkgeneratorIcon' is clicked on

2018-09-15 10:53:53 - [MESSAGE][PASSED] - Object: 'Object Repository/Dashboard_Link Generator/linkgeneratorIcon' is clicked on

2018-09-15 10:53:53 - [TEST_STEP][PASSED] - Statement - x = CustomKeywords.newPackage.newKeyword.randomString(3).toLowerCase(): newPackage.newKeyword.randomString is PASSED

2018-09-15 10:53:53 - [MESSAGE][PASSED] - newPackage.newKeyword.randomString is PASSED

2018-09-15 10:53:53 - [TEST_STEP][PASSED] - Statement - teamMeberName = x: null

2018-09-15 10:53:53 - [TEST_STEP][PASSED] - setText: Text 'mrj' is set on object 'Object Repository/AddTeamMemberDashboard/name'

2018-09-15 10:53:54 - [MESSAGE][PASSED] - Text 'mrj' is set on object 'Object Repository/AddTeamMemberDashboard/name'

2018-09-15 10:53:54 - [TEST_STEP][PASSED] - setText: Text 'NsTIELR0AO@gmail.com' is set on object 'Object Repository/AddTeamMemberDashboard/email'

2018-09-15 10:53:54 - [MESSAGE][PASSED] - newPackage.newKeyword.randomString is PASSED

2018-09-15 10:53:54 - [MESSAGE][PASSED] - Text 'NsTIELR0AO@gmail.com' is set on object 'Object Repository/AddTeamMemberDashboard/email'

2018-09-15 10:53:54 - [TEST_STEP][PASSED] - setText: Text 'property' is set on object 'Object Repository/Dashboard_Link Generator/tag'

2018-09-15 10:53:55 - [MESSAGE][PASSED] - Text 'property' is set on object 'Object Repository/Dashboard_Link Generator/tag'

2018-09-15 10:53:55 - [TEST_STEP][PASSED] - click: Object: 'Object Repository/Dashboard_Link Generator/div_GET LINK' is clicked on

2018-09-15 10:53:55 - [MESSAGE][PASSED] - Object: 'Object Repository/Dashboard_Link Generator/div_GET LINK' is clicked on

2018-09-15 10:53:55 - [TEST_STEP][PASSED] - Statement - getLink = com.kms.katalon.core.webui.keyword.WebUiBuiltInKeywords.getAttribute(com.kms.katalon.core.testobject.ObjectRepository.findTestObject(Dashboard_Link Generator/input_link-text), "value"): Attribute 'value' of object 'Object Repository/Dashboard_Link Generator/input_link-text' is: 'https://dev.vcalling.in/url/UAT/?id=UAT-1-654'

2018-09-15 10:53:55 - [MESSAGE][PASSED] - Attribute 'value' of object 'Object Repository/Dashboard_Link Generator/input_link-text' is: 'https://dev.vcalling.in/url/UAT/?id=UAT-1-654'

2018-09-15 10:53:55 - [TEST_STEP][PASSED] - Statement - println(getLink): null

2018-09-15 10:53:55 - [TEST_STEP][PASSED] - click: Object: 'Object Repository/Dashboard_Link Generator/copyLink' is clicked on

2018-09-15 10:53:56 - [MESSAGE][PASSED] - Object: 'Object Repository/Dashboard_Link Generator/copyLink' is clicked on

2018-09-15 10:53:56 - [TEST_STEP][PASSED] - Statement - If (com.kms.katalon.core.webui.keyword.WebUiBuiltInKeywords.verifyElementPresent(com.kms.katalon.core.testobject.ObjectRepository.findTestObject(Dashboard_Link Generator/validation), 5, OPTIONAL)): null

2018-09-15 10:53:56 - [MESSAGE][PASSED] - Object 'Object Repository/Dashboard_Link Generator/validation' is present

2018-09-15 10:53:56 - [TEST_STEP][PASSED] - Statement - validationMessage = com.kms.katalon.core.webui.keyword.WebUiBuiltInKeywords.getText(com.kms.katalon.core.testobject.ObjectRepository.findTestObject(Dashboard_Link Generator/validation)): Text of object 'Object Repository/Dashboard_Link Generator/validation' is: 'Link Copied.!'

2018-09-15 10:53:56 - [MESSAGE][PASSED] - Text of object 'Object Repository/Dashboard_Link Generator/validation' is: 'Link Copied.!'

2018-09-15 10:53:56 - [TEST_STEP][PASSED] - verifyMatch: Actual text 'Link Copied.!' and expected text 'Link Copied.!' are matched 

2018-09-15 10:53:56 - [MESSAGE][PASSED] - Actual text 'Link Copied.!' and expected text 'Link Copied.!' are matched 

2018-09-15 10:53:56 - [TEST_STEP][PASSED] - Statement - println("successful"): null

2018-09-15 10:53:56 - [TEST_STEP][PASSED] - Statement - linkUserName = driver.findElements(org.openqa.selenium.By.className("text-link-log")): null

2018-09-15 10:53:56 - [TEST_STEP][PASSED] - Statement - previousCountValue = 0: null

2018-09-15 10:53:56 - [TEST_STEP][PASSED] - Statement - For ([i = 0, i < linkUserName.size(), (i++)]): null

2018-09-15 10:53:56 - [TEST_STEP][PASSED] - Statement - out.println("Admin Console: " + linkUserName.get(i).getText()): null

2018-09-15 10:53:56 - [TEST_STEP][PASSED] - Statement - linkLogmembername = linkUserName.get(i).getText(): null

2018-09-15 10:53:56 - [TEST_STEP][PASSED] - Statement - out.println("new Admin :" + linkLogmembername): null

2018-09-15 10:53:56 - [TEST_STEP][PASSED] - Statement - If (linkLogmembername.equals(teamMeberName)): null

2018-09-15 10:53:56 - [TEST_STEP][PASSED] - Statement - out.println("Admin Console: " + linkUserName.get(i).getText()): null

2018-09-15 10:53:56 - [TEST_STEP][PASSED] - Statement - linkLogmembername = linkUserName.get(i).getText(): null

2018-09-15 10:53:56 - [TEST_STEP][PASSED] - Statement - out.println("new Admin :" + linkLogmembername): null

2018-09-15 10:53:56 - [TEST_STEP][PASSED] - Statement - If (linkLogmembername.equals(teamMeberName)): null

2018-09-15 10:53:56 - [TEST_STEP][PASSED] - Statement - out.println("Admin Console: " + linkUserName.get(i).getText()): null

2018-09-15 10:53:56 - [TEST_STEP][PASSED] - Statement - linkLogmembername = linkUserName.get(i).getText(): null

2018-09-15 10:53:56 - [TEST_STEP][PASSED] - Statement - out.println("new Admin :" + linkLogmembername): null

2018-09-15 10:53:56 - [TEST_STEP][PASSED] - Statement - If (linkLogmembername.equals(teamMeberName)): null

2018-09-15 10:53:56 - [TEST_STEP][PASSED] - Statement - out.println("Admin Console: " + linkUserName.get(i).getText()): null

2018-09-15 10:53:56 - [TEST_STEP][PASSED] - Statement - linkLogmembername = linkUserName.get(i).getText(): null

2018-09-15 10:53:56 - [TEST_STEP][PASSED] - Statement - out.println("new Admin :" + linkLogmembername): null

2018-09-15 10:53:56 - [TEST_STEP][PASSED] - Statement - If (linkLogmembername.equals(teamMeberName)): null

2018-09-15 10:53:56 - [TEST_STEP][PASSED] - Statement - out.println("Admin Console: " + linkUserName.get(i).getText()): null

2018-09-15 10:53:56 - [TEST_STEP][PASSED] - Statement - linkLogmembername = linkUserName.get(i).getText(): null

2018-09-15 10:53:56 - [TEST_STEP][PASSED] - Statement - out.println("new Admin :" + linkLogmembername): null

2018-09-15 10:53:56 - [TEST_STEP][PASSED] - Statement - If (linkLogmembername.equals(teamMeberName)): null

2018-09-15 10:53:56 - [TEST_STEP][PASSED] - Statement - out.println("Admin Console: " + linkUserName.get(i).getText()): null

2018-09-15 10:53:56 - [TEST_STEP][PASSED] - Statement - linkLogmembername = linkUserName.get(i).getText(): null

2018-09-15 10:53:56 - [TEST_STEP][PASSED] - Statement - out.println("new Admin :" + linkLogmembername): null

2018-09-15 10:53:56 - [TEST_STEP][PASSED] - Statement - If (linkLogmembername.equals(teamMeberName)): null

2018-09-15 10:53:56 - [TEST_STEP][PASSED] - Statement - out.println("Admin Console: " + linkUserName.get(i).getText()): null

2018-09-15 10:53:56 - [TEST_STEP][PASSED] - Statement - linkLogmembername = linkUserName.get(i).getText(): null

2018-09-15 10:53:56 - [TEST_STEP][PASSED] - Statement - out.println("new Admin :" + linkLogmembername): null

2018-09-15 10:53:56 - [TEST_STEP][PASSED] - Statement - If (linkLogmembername.equals(teamMeberName)): null

2018-09-15 10:53:56 - [TEST_STEP][PASSED] - Statement - out.println("Admin Console: " + linkUserName.get(i).getText()): null

2018-09-15 10:53:56 - [TEST_STEP][PASSED] - Statement - linkLogmembername = linkUserName.get(i).getText(): null

2018-09-15 10:53:56 - [TEST_STEP][PASSED] - Statement - out.println("new Admin :" + linkLogmembername): null

2018-09-15 10:53:56 - [TEST_STEP][PASSED] - Statement - If (linkLogmembername.equals(teamMeberName)): null

2018-09-15 10:53:56 - [TEST_STEP][PASSED] - Statement - out.println("Admin Console: " + linkLogmembername): null

2018-09-15 10:53:56 - [TEST_STEP][PASSED] - Statement - linkUserName.get(i).click(): null

2018-09-15 10:53:56 - [TEST_STEP][PASSED] - Statement - out.println("Admin Console: " + linkUserName.get(i).getText()): null

2018-09-15 10:53:56 - [TEST_STEP][PASSED] - Statement - linkLogmembername = linkUserName.get(i).getText(): null

2018-09-15 10:53:56 - [TEST_STEP][PASSED] - Statement - out.println("new Admin :" + linkLogmembername): null

2018-09-15 10:53:56 - [TEST_STEP][PASSED] - Statement - If (linkLogmembername.equals(teamMeberName)): null

2018-09-15 10:53:56 - [TEST_STEP][PASSED] - Statement - out.println("Admin Console: " + linkUserName.get(i).getText()): null

2018-09-15 10:53:56 - [TEST_STEP][PASSED] - Statement - linkLogmembername = linkUserName.get(i).getText(): null

2018-09-15 10:53:56 - [TEST_STEP][PASSED] - Statement - out.println("new Admin :" + linkLogmembername): null

2018-09-15 10:53:56 - [TEST_STEP][PASSED] - Statement - If (linkLogmembername.equals(teamMeberName)): null

2018-09-15 10:53:56 - [TEST_STEP][PASSED] - Statement - out.println("Admin Console: " + linkUserName.get(i).getText()): null

2018-09-15 10:53:56 - [TEST_STEP][PASSED] - Statement - linkLogmembername = linkUserName.get(i).getText(): null

2018-09-15 10:53:56 - [TEST_STEP][PASSED] - Statement - out.println("new Admin :" + linkLogmembername): null

2018-09-15 10:53:56 - [TEST_STEP][PASSED] - Statement - If (linkLogmembername.equals(teamMeberName)): null

2018-09-15 10:53:56 - [TEST_STEP][PASSED] - Statement - out.println("Admin Console: " + linkUserName.get(i).getText()): null

2018-09-15 10:53:56 - [TEST_STEP][PASSED] - Statement - linkLogmembername = linkUserName.get(i).getText(): null

2018-09-15 10:53:56 - [TEST_STEP][PASSED] - Statement - out.println("new Admin :" + linkLogmembername): null

2018-09-15 10:53:56 - [TEST_STEP][PASSED] - Statement - If (linkLogmembername.equals(teamMeberName)): null

2018-09-15 10:53:56 - [TEST_STEP][PASSED] - Statement - out.println("Admin Console: " + linkUserName.get(i).getText()): null

2018-09-15 10:53:56 - [TEST_STEP][PASSED] - Statement - linkLogmembername = linkUserName.get(i).getText(): null

2018-09-15 10:53:56 - [TEST_STEP][PASSED] - Statement - out.println("new Admin :" + linkLogmembername): null

2018-09-15 10:53:56 - [TEST_STEP][PASSED] - Statement - If (linkLogmembername.equals(teamMeberName)): null

2018-09-15 10:53:56 - [TEST_STEP][PASSED] - Statement - out.println("Admin Console: " + linkUserName.get(i).getText()): null

2018-09-15 10:53:56 - [TEST_STEP][PASSED] - Statement - linkLogmembername = linkUserName.get(i).getText(): null

2018-09-15 10:53:57 - [TEST_STEP][PASSED] - Statement - out.println("new Admin :" + linkLogmembername): null

2018-09-15 10:53:57 - [TEST_STEP][PASSED] - Statement - If (linkLogmembername.equals(teamMeberName)): null

2018-09-15 10:53:57 - [TEST_STEP][PASSED] - Statement - out.println("Admin Console: " + linkUserName.get(i).getText()): null

2018-09-15 10:53:57 - [TEST_STEP][PASSED] - Statement - linkLogmembername = linkUserName.get(i).getText(): null

2018-09-15 10:53:57 - [TEST_STEP][PASSED] - Statement - out.println("new Admin :" + linkLogmembername): null

2018-09-15 10:53:57 - [TEST_STEP][PASSED] - Statement - If (linkLogmembername.equals(teamMeberName)): null

2018-09-15 10:53:57 - [TEST_STEP][PASSED] - Statement - out.println("Admin Console: " + linkUserName.get(i).getText()): null

2018-09-15 10:53:57 - [TEST_STEP][PASSED] - Statement - linkLogmembername = linkUserName.get(i).getText(): null

2018-09-15 10:53:57 - [TEST_STEP][PASSED] - Statement - out.println("new Admin :" + linkLogmembername): null

2018-09-15 10:53:57 - [TEST_STEP][PASSED] - Statement - If (linkLogmembername.equals(teamMeberName)): null

2018-09-15 10:53:57 - [TEST_STEP][PASSED] - Statement - out.println("Admin Console: " + linkUserName.get(i).getText()): null

2018-09-15 10:53:57 - [TEST_STEP][PASSED] - Statement - linkLogmembername = linkUserName.get(i).getText(): null

2018-09-15 10:53:57 - [TEST_STEP][PASSED] - Statement - out.println("new Admin :" + linkLogmembername): null

2018-09-15 10:53:57 - [TEST_STEP][PASSED] - Statement - If (linkLogmembername.equals(teamMeberName)): null

2018-09-15 10:53:57 - [TEST_STEP][PASSED] - Statement - out.println("Admin Console: " + linkUserName.get(i).getText()): null

2018-09-15 10:53:57 - [TEST_STEP][PASSED] - Statement - linkLogmembername = linkUserName.get(i).getText(): null

2018-09-15 10:53:57 - [TEST_STEP][PASSED] - Statement - out.println("new Admin :" + linkLogmembername): null

2018-09-15 10:53:57 - [TEST_STEP][PASSED] - Statement - If (linkLogmembername.equals(teamMeberName)): null

2018-09-15 10:53:57 - [TEST_STEP][PASSED] - Statement - out.println("Admin Console: " + linkUserName.get(i).getText()): null

2018-09-15 10:53:57 - [TEST_STEP][PASSED] - Statement - linkLogmembername = linkUserName.get(i).getText(): null

2018-09-15 10:53:57 - [TEST_STEP][PASSED] - Statement - out.println("new Admin :" + linkLogmembername): null

2018-09-15 10:53:57 - [TEST_STEP][PASSED] - Statement - If (linkLogmembername.equals(teamMeberName)): null

2018-09-15 10:53:57 - [TEST_STEP][PASSED] - Statement - out.println("Admin Console: " + linkUserName.get(i).getText()): null

2018-09-15 10:53:57 - [TEST_STEP][PASSED] - Statement - linkLogmembername = linkUserName.get(i).getText(): null

2018-09-15 10:53:57 - [TEST_STEP][PASSED] - Statement - out.println("new Admin :" + linkLogmembername): null

2018-09-15 10:53:57 - [TEST_STEP][PASSED] - Statement - If (linkLogmembername.equals(teamMeberName)): null

2018-09-15 10:53:57 - [TEST_STEP][PASSED] - Statement - out.println("Admin Console: " + linkUserName.get(i).getText()): null

2018-09-15 10:53:57 - [TEST_STEP][PASSED] - Statement - linkLogmembername = linkUserName.get(i).getText(): null

2018-09-15 10:53:57 - [TEST_STEP][PASSED] - Statement - out.println("new Admin :" + linkLogmembername): null

2018-09-15 10:53:57 - [TEST_STEP][PASSED] - Statement - If (linkLogmembername.equals(teamMeberName)): null

2018-09-15 10:53:57 - [TEST_STEP][PASSED] - Statement - out.println("Admin Console: " + linkUserName.get(i).getText()): null

2018-09-15 10:53:57 - [TEST_STEP][PASSED] - Statement - linkLogmembername = linkUserName.get(i).getText(): null

2018-09-15 10:53:57 - [TEST_STEP][PASSED] - Statement - out.println("new Admin :" + linkLogmembername): null

2018-09-15 10:53:57 - [TEST_STEP][PASSED] - Statement - If (linkLogmembername.equals(teamMeberName)): null

2018-09-15 10:53:57 - [TEST_STEP][PASSED] - Statement - out.println("Admin Console: " + linkUserName.get(i).getText()): null

2018-09-15 10:53:57 - [TEST_STEP][PASSED] - Statement - linkLogmembername = linkUserName.get(i).getText(): null

2018-09-15 10:53:57 - [TEST_STEP][PASSED] - Statement - out.println("new Admin :" + linkLogmembername): null

2018-09-15 10:53:57 - [TEST_STEP][PASSED] - Statement - If (linkLogmembername.equals(teamMeberName)): null

2018-09-15 10:53:57 - [TEST_STEP][PASSED] - Statement - out.println("Admin Console: " + linkUserName.get(i).getText()): null

2018-09-15 10:53:57 - [TEST_STEP][PASSED] - Statement - linkLogmembername = linkUserName.get(i).getText(): null

2018-09-15 10:53:57 - [TEST_STEP][PASSED] - Statement - out.println("new Admin :" + linkLogmembername): null

2018-09-15 10:53:57 - [TEST_STEP][PASSED] - Statement - If (linkLogmembername.equals(teamMeberName)): null

2018-09-15 10:53:57 - [TEST_STEP][PASSED] - Statement - out.println("Admin Console: " + linkUserName.get(i).getText()): null

2018-09-15 10:53:57 - [TEST_STEP][PASSED] - Statement - linkLogmembername = linkUserName.get(i).getText(): null

2018-09-15 10:53:57 - [TEST_STEP][PASSED] - Statement - out.println("new Admin :" + linkLogmembername): null

2018-09-15 10:53:57 - [TEST_STEP][PASSED] - Statement - If (linkLogmembername.equals(teamMeberName)): null

2018-09-15 10:53:57 - [TEST_STEP][PASSED] - Statement - out.println("Admin Console: " + linkUserName.get(i).getText()): null

2018-09-15 10:53:57 - [TEST_STEP][PASSED] - Statement - linkLogmembername = linkUserName.get(i).getText(): null

2018-09-15 10:53:57 - [TEST_STEP][PASSED] - Statement - out.println("new Admin :" + linkLogmembername): null

2018-09-15 10:53:57 - [TEST_STEP][PASSED] - Statement - If (linkLogmembername.equals(teamMeberName)): null

2018-09-15 10:53:57 - [TEST_STEP][PASSED] - Statement - out.println("Admin Console: " + linkUserName.get(i).getText()): null

2018-09-15 10:53:57 - [TEST_STEP][PASSED] - Statement - linkLogmembername = linkUserName.get(i).getText(): null

2018-09-15 10:53:57 - [TEST_STEP][PASSED] - Statement - out.println("new Admin :" + linkLogmembername): null

2018-09-15 10:53:57 - [TEST_STEP][PASSED] - Statement - If (linkLogmembername.equals(teamMeberName)): null

2018-09-15 10:53:57 - [TEST_STEP][PASSED] - Statement - out.println("Admin Console: " + linkUserName.get(i).getText()): null

2018-09-15 10:53:57 - [TEST_STEP][PASSED] - Statement - linkLogmembername = linkUserName.get(i).getText(): null

2018-09-15 10:53:57 - [TEST_STEP][PASSED] - Statement - out.println("new Admin :" + linkLogmembername): null

2018-09-15 10:53:57 - [TEST_STEP][PASSED] - Statement - If (linkLogmembername.equals(teamMeberName)): null

2018-09-15 10:53:57 - [TEST_STEP][PASSED] - Statement - out.println("Admin Console: " + linkUserName.get(i).getText()): null

2018-09-15 10:53:57 - [TEST_STEP][PASSED] - Statement - linkLogmembername = linkUserName.get(i).getText(): null

2018-09-15 10:53:57 - [TEST_STEP][PASSED] - Statement - out.println("new Admin :" + linkLogmembername): null

2018-09-15 10:53:57 - [TEST_STEP][PASSED] - Statement - If (linkLogmembername.equals(teamMeberName)): null

2018-09-15 10:53:57 - [TEST_STEP][PASSED] - Statement - out.println("Admin Console: " + linkUserName.get(i).getText()): null

2018-09-15 10:53:57 - [TEST_STEP][PASSED] - Statement - linkLogmembername = linkUserName.get(i).getText(): null

2018-09-15 10:53:57 - [TEST_STEP][PASSED] - Statement - out.println("new Admin :" + linkLogmembername): null

2018-09-15 10:53:57 - [TEST_STEP][PASSED] - Statement - If (linkLogmembername.equals(teamMeberName)): null

2018-09-15 10:53:57 - [TEST_STEP][PASSED] - Statement - out.println("Admin Console: " + linkUserName.get(i).getText()): null

2018-09-15 10:53:57 - [TEST_STEP][PASSED] - Statement - linkLogmembername = linkUserName.get(i).getText(): null

2018-09-15 10:53:57 - [TEST_STEP][PASSED] - Statement - out.println("new Admin :" + linkLogmembername): null

2018-09-15 10:53:57 - [TEST_STEP][PASSED] - Statement - If (linkLogmembername.equals(teamMeberName)): null

2018-09-15 10:53:57 - [TEST_STEP][PASSED] - Statement - out.println("Admin Console: " + linkUserName.get(i).getText()): null

2018-09-15 10:53:57 - [TEST_STEP][PASSED] - Statement - linkLogmembername = linkUserName.get(i).getText(): null

2018-09-15 10:53:57 - [TEST_STEP][PASSED] - Statement - out.println("new Admin :" + linkLogmembername): null

2018-09-15 10:53:57 - [TEST_STEP][PASSED] - Statement - If (linkLogmembername.equals(teamMeberName)): null

2018-09-15 10:53:57 - [TEST_STEP][PASSED] - Statement - out.println("Admin Console: " + linkUserName.get(i).getText()): null

2018-09-15 10:53:57 - [TEST_STEP][PASSED] - Statement - linkLogmembername = linkUserName.get(i).getText(): null

2018-09-15 10:53:57 - [TEST_STEP][PASSED] - Statement - out.println("new Admin :" + linkLogmembername): null

2018-09-15 10:53:57 - [TEST_STEP][PASSED] - Statement - If (linkLogmembername.equals(teamMeberName)): null

2018-09-15 10:53:57 - [TEST_STEP][PASSED] - Statement - out.println("Admin Console: " + linkUserName.get(i).getText()): null

2018-09-15 10:53:57 - [TEST_STEP][PASSED] - Statement - linkLogmembername = linkUserName.get(i).getText(): null

2018-09-15 10:53:57 - [TEST_STEP][PASSED] - Statement - out.println("new Admin :" + linkLogmembername): null

2018-09-15 10:53:57 - [TEST_STEP][PASSED] - Statement - If (linkLogmembername.equals(teamMeberName)): null

2018-09-15 10:53:57 - [TEST_STEP][PASSED] - Statement - out.println("Admin Console: " + linkUserName.get(i).getText()): null

2018-09-15 10:53:58 - [TEST_STEP][PASSED] - Statement - linkLogmembername = linkUserName.get(i).getText(): null

2018-09-15 10:53:58 - [TEST_STEP][PASSED] - Statement - out.println("new Admin :" + linkLogmembername): null

2018-09-15 10:53:58 - [TEST_STEP][PASSED] - Statement - If (linkLogmembername.equals(teamMeberName)): null

2018-09-15 10:53:58 - [TEST_STEP][PASSED] - Statement - out.println("Admin Console: " + linkUserName.get(i).getText()): null

2018-09-15 10:53:58 - [TEST_STEP][PASSED] - Statement - linkLogmembername = linkUserName.get(i).getText(): null

2018-09-15 10:53:58 - [TEST_STEP][PASSED] - Statement - out.println("new Admin :" + linkLogmembername): null

2018-09-15 10:53:58 - [TEST_STEP][PASSED] - Statement - If (linkLogmembername.equals(teamMeberName)): null

2018-09-15 10:53:58 - [TEST_STEP][PASSED] - Statement - out.println("Admin Console: " + linkUserName.get(i).getText()): null

2018-09-15 10:53:58 - [TEST_STEP][PASSED] - Statement - linkLogmembername = linkUserName.get(i).getText(): null

2018-09-15 10:53:58 - [TEST_STEP][PASSED] - Statement - out.println("new Admin :" + linkLogmembername): null

2018-09-15 10:53:58 - [TEST_STEP][PASSED] - Statement - If (linkLogmembername.equals(teamMeberName)): null

2018-09-15 10:53:58 - [TEST_STEP][PASSED] - Statement - out.println("Admin Console: " + linkUserName.get(i).getText()): null

2018-09-15 10:53:58 - [TEST_STEP][PASSED] - Statement - linkLogmembername = linkUserName.get(i).getText(): null

2018-09-15 10:53:58 - [TEST_STEP][PASSED] - Statement - out.println("new Admin :" + linkLogmembername): null

2018-09-15 10:53:58 - [TEST_STEP][PASSED] - Statement - If (linkLogmembername.equals(teamMeberName)): null

2018-09-15 10:53:58 - [TEST_STEP][PASSED] - Statement - out.println("Admin Console: " + linkUserName.get(i).getText()): null

2018-09-15 10:53:58 - [TEST_STEP][PASSED] - Statement - linkLogmembername = linkUserName.get(i).getText(): null

2018-09-15 10:53:58 - [TEST_STEP][PASSED] - Statement - out.println("new Admin :" + linkLogmembername): null

2018-09-15 10:53:58 - [TEST_STEP][PASSED] - Statement - If (linkLogmembername.equals(teamMeberName)): null

2018-09-15 10:53:58 - [TEST_STEP][PASSED] - Statement - out.println("Admin Console: " + linkUserName.get(i).getText()): null

2018-09-15 10:53:58 - [TEST_STEP][PASSED] - Statement - linkLogmembername = linkUserName.get(i).getText(): null

2018-09-15 10:53:58 - [TEST_STEP][PASSED] - Statement - out.println("new Admin :" + linkLogmembername): null

2018-09-15 10:53:58 - [TEST_STEP][PASSED] - Statement - If (linkLogmembername.equals(teamMeberName)): null

2018-09-15 10:53:58 - [TEST_STEP][PASSED] - Statement - out.println("Admin Console: " + linkUserName.get(i).getText()): null

2018-09-15 10:53:58 - [TEST_STEP][PASSED] - Statement - linkLogmembername = linkUserName.get(i).getText(): null

2018-09-15 10:53:58 - [TEST_STEP][PASSED] - Statement - out.println("new Admin :" + linkLogmembername): null

2018-09-15 10:53:58 - [TEST_STEP][PASSED] - Statement - If (linkLogmembername.equals(teamMeberName)): null

2018-09-15 10:53:58 - [TEST_STEP][PASSED] - Statement - out.println("Admin Console: " + linkUserName.get(i).getText()): null

2018-09-15 10:53:58 - [TEST_STEP][PASSED] - Statement - linkLogmembername = linkUserName.get(i).getText(): null

2018-09-15 10:53:58 - [TEST_STEP][PASSED] - Statement - out.println("new Admin :" + linkLogmembername): null

2018-09-15 10:53:58 - [TEST_STEP][PASSED] - Statement - If (linkLogmembername.equals(teamMeberName)): null

2018-09-15 10:53:58 - [TEST_STEP][PASSED] - Statement - out.println("Admin Console: " + linkUserName.get(i).getText()): null

2018-09-15 10:53:58 - [TEST_STEP][PASSED] - Statement - linkLogmembername = linkUserName.get(i).getText(): null

2018-09-15 10:53:58 - [TEST_STEP][PASSED] - Statement - out.println("new Admin :" + linkLogmembername): null

2018-09-15 10:53:58 - [TEST_STEP][PASSED] - Statement - If (linkLogmembername.equals(teamMeberName)): null

2018-09-15 10:53:58 - [TEST_STEP][PASSED] - Statement - out.println("Admin Console: " + linkUserName.get(i).getText()): null

2018-09-15 10:53:58 - [TEST_STEP][PASSED] - Statement - linkLogmembername = linkUserName.get(i).getText(): null

2018-09-15 10:53:58 - [TEST_STEP][PASSED] - Statement - out.println("new Admin :" + linkLogmembername): null

2018-09-15 10:53:58 - [TEST_STEP][PASSED] - Statement - If (linkLogmembername.equals(teamMeberName)): null

2018-09-15 10:53:58 - [TEST_STEP][PASSED] - Statement - out.println("Admin Console: " + linkUserName.get(i).getText()): null

2018-09-15 10:53:58 - [TEST_STEP][PASSED] - Statement - linkLogmembername = linkUserName.get(i).getText(): null

2018-09-15 10:53:58 - [TEST_STEP][PASSED] - Statement - out.println("new Admin :" + linkLogmembername): null

2018-09-15 10:53:58 - [TEST_STEP][PASSED] - Statement - If (linkLogmembername.equals(teamMeberName)): null

2018-09-15 10:53:58 - [TEST_STEP][PASSED] - Statement - out.println("Admin Console: " + linkUserName.get(i).getText()): null

2018-09-15 10:53:58 - [TEST_STEP][PASSED] - Statement - linkLogmembername = linkUserName.get(i).getText(): null

2018-09-15 10:53:58 - [TEST_STEP][PASSED] - Statement - out.println("new Admin :" + linkLogmembername): null

2018-09-15 10:53:58 - [TEST_STEP][PASSED] - Statement - If (linkLogmembername.equals(teamMeberName)): null

2018-09-15 10:53:58 - [TEST_STEP][PASSED] - Statement - out.println("Admin Console: " + linkUserName.get(i).getText()): null

2018-09-15 10:53:58 - [TEST_STEP][PASSED] - Statement - linkLogmembername = linkUserName.get(i).getText(): null

2018-09-15 10:53:58 - [TEST_STEP][PASSED] - Statement - out.println("new Admin :" + linkLogmembername): null

2018-09-15 10:53:58 - [TEST_STEP][PASSED] - Statement - If (linkLogmembername.equals(teamMeberName)): null

2018-09-15 10:53:58 - [TEST_STEP][PASSED] - Statement - out.println("Admin Console: " + linkUserName.get(i).getText()): null

2018-09-15 10:53:58 - [TEST_STEP][PASSED] - Statement - linkLogmembername = linkUserName.get(i).getText(): null

2018-09-15 10:53:58 - [TEST_STEP][PASSED] - Statement - out.println("new Admin :" + linkLogmembername): null

2018-09-15 10:53:58 - [TEST_STEP][PASSED] - Statement - If (linkLogmembername.equals(teamMeberName)): null

2018-09-15 10:53:58 - [TEST_STEP][PASSED] - Statement - out.println("Admin Console: " + linkUserName.get(i).getText()): null

2018-09-15 10:53:58 - [TEST_STEP][PASSED] - Statement - linkLogmembername = linkUserName.get(i).getText(): null

2018-09-15 10:53:58 - [TEST_STEP][PASSED] - Statement - out.println("new Admin :" + linkLogmembername): null

2018-09-15 10:53:58 - [TEST_STEP][PASSED] - Statement - If (linkLogmembername.equals(teamMeberName)): null

2018-09-15 10:53:58 - [TEST_STEP][PASSED] - Statement - out.println("Admin Console: " + linkUserName.get(i).getText()): null

2018-09-15 10:53:58 - [TEST_STEP][PASSED] - Statement - linkLogmembername = linkUserName.get(i).getText(): null

2018-09-15 10:53:58 - [TEST_STEP][PASSED] - Statement - out.println("new Admin :" + linkLogmembername): null

2018-09-15 10:53:58 - [TEST_STEP][PASSED] - Statement - If (linkLogmembername.equals(teamMeberName)): null

2018-09-15 10:53:58 - [TEST_STEP][PASSED] - Statement - out.println("Admin Console: " + linkUserName.get(i).getText()): null

2018-09-15 10:53:58 - [TEST_STEP][PASSED] - Statement - linkLogmembername = linkUserName.get(i).getText(): null

2018-09-15 10:53:58 - [TEST_STEP][PASSED] - Statement - out.println("new Admin :" + linkLogmembername): null

2018-09-15 10:53:58 - [TEST_STEP][PASSED] - Statement - If (linkLogmembername.equals(teamMeberName)): null

2018-09-15 10:53:58 - [TEST_STEP][PASSED] - Statement - out.println("Admin Console: " + linkUserName.get(i).getText()): null

2018-09-15 10:53:58 - [TEST_STEP][PASSED] - Statement - linkLogmembername = linkUserName.get(i).getText(): null

2018-09-15 10:53:58 - [TEST_STEP][PASSED] - Statement - out.println("new Admin :" + linkLogmembername): null

2018-09-15 10:53:58 - [TEST_STEP][PASSED] - Statement - If (linkLogmembername.equals(teamMeberName)): null

2018-09-15 10:53:58 - [TEST_STEP][PASSED] - Statement - out.println("Admin Console: " + linkUserName.get(i).getText()): null

2018-09-15 10:53:58 - [TEST_STEP][PASSED] - Statement - linkLogmembername = linkUserName.get(i).getText(): null

2018-09-15 10:53:58 - [TEST_STEP][PASSED] - Statement - out.println("new Admin :" + linkLogmembername): null

2018-09-15 10:53:58 - [TEST_STEP][PASSED] - Statement - If (linkLogmembername.equals(teamMeberName)): null

2018-09-15 10:53:58 - [TEST_STEP][PASSED] - Statement - out.println("Admin Console: " + linkUserName.get(i).getText()): null

2018-09-15 10:53:58 - [TEST_STEP][PASSED] - Statement - linkLogmembername = linkUserName.get(i).getText(): null

2018-09-15 10:53:58 - [TEST_STEP][PASSED] - Statement - out.println("new Admin :" + linkLogmembername): null

2018-09-15 10:53:58 - [TEST_STEP][PASSED] - Statement - If (linkLogmembername.equals(teamMeberName)): null

2018-09-15 10:53:58 - [TEST_STEP][PASSED] - Statement - out.println("Admin Console: " + linkUserName.get(i).getText()): null

2018-09-15 10:53:59 - [TEST_STEP][PASSED] - Statement - linkLogmembername = linkUserName.get(i).getText(): null

2018-09-15 10:53:59 - [TEST_STEP][PASSED] - Statement - out.println("new Admin :" + linkLogmembername): null

2018-09-15 10:53:59 - [TEST_STEP][PASSED] - Statement - If (linkLogmembername.equals(teamMeberName)): null

2018-09-15 10:53:59 - [TEST_STEP][PASSED] - Statement - out.println("Admin Console: " + linkUserName.get(i).getText()): null

2018-09-15 10:53:59 - [TEST_STEP][PASSED] - Statement - linkLogmembername = linkUserName.get(i).getText(): null

2018-09-15 10:53:59 - [TEST_STEP][PASSED] - Statement - out.println("new Admin :" + linkLogmembername): null

2018-09-15 10:53:59 - [TEST_STEP][PASSED] - Statement - If (linkLogmembername.equals(teamMeberName)): null

2018-09-15 10:53:59 - [TEST_STEP][PASSED] - Statement - out.println("Admin Console: " + linkUserName.get(i).getText()): null

2018-09-15 10:53:59 - [TEST_STEP][PASSED] - Statement - linkLogmembername = linkUserName.get(i).getText(): null

2018-09-15 10:53:59 - [TEST_STEP][PASSED] - Statement - out.println("new Admin :" + linkLogmembername): null

2018-09-15 10:53:59 - [TEST_STEP][PASSED] - Statement - If (linkLogmembername.equals(teamMeberName)): null

2018-09-15 10:53:59 - [TEST_STEP][PASSED] - Statement - If (com.kms.katalon.core.webui.keyword.WebUiBuiltInKeywords.verifyElementPresent(com.kms.katalon.core.testobject.ObjectRepository.findTestObject(Object Repository/linkLog/customerProfileDetails), 5, OPTIONAL)): null

2018-09-15 10:53:59 - [MESSAGE][PASSED] - Object 'Object Repository/linkLog/customerProfileDetails' is present

2018-09-15 10:53:59 - [TEST_STEP][PASSED] - Statement - println("open link log successful"): null

2018-09-15 10:53:59 - [TEST_STEP][PASSED] - Statement - If (com.kms.katalon.core.webui.keyword.WebUiBuiltInKeywords.verifyElementPresent(com.kms.katalon.core.testobject.ObjectRepository.findTestObject(Object Repository/Notes/addNotesCustomerDetails), 2)): null

2018-09-15 10:53:59 - [MESSAGE][PASSED] - Object 'Object Repository/Notes/addNotesCustomerDetails' is present

2018-09-15 10:53:59 - [TEST_STEP][PASSED] - click: Object: 'Object Repository/Notes/addNotesCustomerDetails' is clicked on

2018-09-15 10:53:59 - [MESSAGE][PASSED] - Object: 'Object Repository/Notes/addNotesCustomerDetails' is clicked on

2018-09-15 10:53:59 - [TEST_STEP][PASSED] - Statement - println("successful"): null

2018-09-15 10:53:59 - [TEST_STEP][PASSED] - setText: Text 'Mass media campaigns are widely used to expose high proportions of large populations to messages through routine uses of existing media, such as television, radio, and newspapers.' is set on object 'Object Repository/Notes/notesInputBox'

2018-09-15 10:54:00 - [MESSAGE][PASSED] - Text 'Mass media campaigns are widely used to expose high proportions of large populations to messages through routine uses of existing media, such as television, radio, and newspapers.' is set on object 'Object Repository/Notes/notesInputBox'

2018-09-15 10:54:00 - [TEST_STEP][PASSED] - Statement - If (com.kms.katalon.core.webui.keyword.WebUiBuiltInKeywords.verifyElementPresent(com.kms.katalon.core.testobject.ObjectRepository.findTestObject(Object Repository/Notes/clearNotes), 2)): null

2018-09-15 10:54:00 - [MESSAGE][PASSED] - Object 'Object Repository/Notes/clearNotes' is present

2018-09-15 10:54:00 - [TEST_STEP][PASSED] - click: Object: 'Object Repository/Notes/clearNotes' is clicked on

2018-09-15 10:54:00 - [MESSAGE][PASSED] - Object: 'Object Repository/Notes/clearNotes' is clicked on

2018-09-15 10:54:00 - [TEST_STEP][PASSED] - Statement - println("successful"): null

2018-09-15 10:54:00 - [TEST_STEP][PASSED] - Statement - If (com.kms.katalon.core.webui.keyword.WebUiBuiltInKeywords.verifyElementPresent(com.kms.katalon.core.testobject.ObjectRepository.findTestObject(Object Repository/Notes/notesInputBox), 5)): null

2018-09-15 10:54:00 - [MESSAGE][PASSED] - Object 'Object Repository/Notes/notesInputBox' is present

2018-09-15 10:54:00 - [TEST_STEP][PASSED] - Statement - validationMessage = com.kms.katalon.core.webui.keyword.WebUiBuiltInKeywords.getText(com.kms.katalon.core.testobject.ObjectRepository.findTestObject(Object Repository/Notes/notesInputBox)): Text of object 'Object Repository/Notes/notesInputBox' is: ''

2018-09-15 10:54:00 - [MESSAGE][PASSED] - Text of object 'Object Repository/Notes/notesInputBox' is: ''

2018-09-15 10:54:00 - [TEST_STEP][PASSED] - verifyMatch: Actual text '' and expected text '' are matched 

2018-09-15 10:54:00 - [MESSAGE][PASSED] - Actual text '' and expected text '' are matched 

2018-09-15 10:54:00 - [TEST_STEP][PASSED] - Statement - println("successful"): null

2018-09-15 10:54:00 - [TEST_STEP][PASSED] - clickOffset: Object: 'Object Repository/customerDetailsEdit/customerDetailScreen' is clicked on using offset x=100 and y=200

2018-09-15 10:54:00 - [MESSAGE][PASSED] - Object: 'Object Repository/customerDetailsEdit/customerDetailScreen' is clicked on using offset x=100 and y=200

2018-09-15 10:54:00 - [TEST_STEP][PASSED] - click: Object: 'Object Repository/customerDetailsEdit/refreshButton' is clicked on

2018-09-15 10:54:00 - [MESSAGE][PASSED] - Object: 'Object Repository/customerDetailsEdit/refreshButton' is clicked on]]></system-out>
         <system-err><![CDATA[]]></system-err>
      </testcase>
      <testcase name="Test Cases/completed/TestCase5_NotesFunctionality/clearNotesAndClickOnActivitylog" classname="Test Cases/completed/TestCase5_NotesFunctionality/clearNotesAndClickOnActivitylog" status="PASSED">
         <system-out><![CDATA[2018-09-15 10:54:00 - [TEST_CASE][PASSED] - Test Cases/completed/TestCase5_NotesFunctionality/clearNotesAndClickOnActivitylog: Test Cases/completed/TestCase5_NotesFunctionality/clearNotesAndClickOnActivitylog

2018-09-15 10:54:01 - [TEST_STEP][PASSED] - callTestCase: Call Test Case 'Test Cases/BVT/aSimple_Login' successfully

2018-09-15 10:54:01 - [TEST_CASE][PASSED] - Test Cases/BVT/aSimple_Login: Test Cases/BVT/aSimple_Login

2018-09-15 10:54:01 - [TEST_STEP][PASSED] - openBrowser: Browser is opened with url: ''

2018-09-15 10:54:01 - [MESSAGE][WARNING] - A browser is already opened. Closing browser and opening a new one

2018-09-15 10:54:04 - [MESSAGE][PASSED] - Browser is opened with url: ''

2018-09-15 10:54:04 - [TEST_STEP][PASSED] - maximizeWindow: Current window maximized

2018-09-15 10:54:05 - [MESSAGE][PASSED] - Current window maximized

2018-09-15 10:54:05 - [TEST_STEP][PASSED] - navigateToUrl: Navigate to 'https://dev.vcalling.in/enterprises/UAT/Dashboard/index.html' successfully

2018-09-15 10:54:12 - [MESSAGE][PASSED] - Navigate to 'https://dev.vcalling.in/enterprises/UAT/Dashboard/index.html' successfully

2018-09-15 10:54:12 - [TEST_STEP][PASSED] - setText: Text 'testing4dea@gmail.com' is set on object 'Object Repository/Login/UserId'

2018-09-15 10:54:12 - [MESSAGE][PASSED] - Text 'testing4dea@gmail.com' is set on object 'Object Repository/Login/UserId'

2018-09-15 10:54:12 - [TEST_STEP][PASSED] - click: Object: 'Object Repository/Login/div_GET OTP' is clicked on

2018-09-15 10:54:12 - [MESSAGE][PASSED] - Object: 'Object Repository/Login/div_GET OTP' is clicked on

2018-09-15 10:54:12 - [TEST_STEP][PASSED] - waitForElementPresent: Object 'Object Repository/Login/div_SUBMIT' is present

2018-09-15 10:54:14 - [MESSAGE][PASSED] - Object 'Object Repository/Login/div_SUBMIT' is present

2018-09-15 10:54:14 - [TEST_STEP][PASSED] - Statement - If (com.kms.katalon.core.webui.keyword.WebUiBuiltInKeywords.verifyElementNotPresent(com.kms.katalon.core.testobject.ObjectRepository.findTestObject(Login/div_SUBMIT), 5, OPTIONAL)): Web element with id: 'Object Repository/Login/div_SUBMIT' located by 'By.xpath: //div[(text() = ' SUBMIT ' or . = ' SUBMIT ')]' is present after '5' second(s)

2018-09-15 10:54:19 - [MESSAGE][WARNING] - Web element with id: 'Object Repository/Login/div_SUBMIT' located by 'By.xpath: //div[(text() = ' SUBMIT ' or . = ' SUBMIT ')]' is present after '5' second(s)
[[ATTACHMENT|C:\\Users\\Kaushal\\Desktop\\Katalon Studio\\vCallingDashboard\\Reports\\RegressionSuite\\20180915_103222\\1537005259579.png]]

2018-09-15 10:54:19 - [TEST_STEP][PASSED] - Statement - sleep(5000): null

2018-09-15 10:54:24 - [TEST_STEP][PASSED] - Statement - OTP = getOTP(): null

2018-09-15 10:54:24 - [TEST_STEP][PASSED] - Statement - host = "imap.gmail.com": null

2018-09-15 10:54:24 - [TEST_STEP][PASSED] - Statement - msg = <not implemented yet for class: org.codehaus.groovy.ast.expr.EmptyExpression>: null

2018-09-15 10:54:24 - [TEST_STEP][PASSED] - Statement - msgSub = <not implemented yet for class: org.codehaus.groovy.ast.expr.EmptyExpression>: null

2018-09-15 10:54:24 - [TEST_STEP][PASSED] - Statement - OTP = "unavailable": null

2018-09-15 10:54:24 - [TEST_STEP][PASSED] - Statement - props = new java.util.Properties(): null

2018-09-15 10:54:24 - [TEST_STEP][PASSED] - Statement - props.setProperty("mail.imap.ssl.enable", "true"): null

2018-09-15 10:54:24 - [TEST_STEP][PASSED] - Statement - session = javax.mail.Session.getInstance(props): null

2018-09-15 10:54:24 - [TEST_STEP][PASSED] - Statement - store = <not implemented yet for class: org.codehaus.groovy.ast.expr.EmptyExpression>: null

2018-09-15 10:54:24 - [TEST_STEP][PASSED] - Statement - Try: null

2018-09-15 10:54:24 - [TEST_STEP][PASSED] - Statement - store = session.getStore("imap"): null

2018-09-15 10:54:24 - [TEST_STEP][PASSED] - Statement - store.connect(host, Email, Password): null

2018-09-15 10:54:28 - [TEST_STEP][PASSED] - Statement - emailFolder = store.getFolder("INBOX"): null

2018-09-15 10:54:28 - [TEST_STEP][PASSED] - Statement - emailFolder.open(READ_WRITE): null

2018-09-15 10:54:29 - [TEST_STEP][PASSED] - Statement - messages = emailFolder.getMessages(): null

2018-09-15 10:54:29 - [TEST_STEP][PASSED] - Statement - n = length: null

2018-09-15 10:54:29 - [TEST_STEP][PASSED] - Statement - message = messages[n - 1]: null

2018-09-15 10:54:29 - [TEST_STEP][PASSED] - Statement - msgSub = message.getSubject(): null

2018-09-15 10:54:29 - [TEST_STEP][PASSED] - Statement - If (msgSub.equals("OTP to Sign In")): null

2018-09-15 10:54:29 - [TEST_STEP][PASSED] - Statement - msg = message.getContent().toString(): null

2018-09-15 10:54:30 - [TEST_STEP][PASSED] - Statement - OTP = msg.substring(msg.length() - 7): null

2018-09-15 10:54:30 - [TEST_STEP][PASSED] - Statement - message.setFlag(DELETED, true): null

2018-09-15 10:54:31 - [TEST_STEP][PASSED] - Statement - emailFolder.close(true): null

2018-09-15 10:54:31 - [TEST_STEP][PASSED] - Statement - store.close(): null

2018-09-15 10:54:32 - [TEST_STEP][PASSED] - Statement - return OTP: null

2018-09-15 10:54:32 - [TEST_STEP][PASSED] - Statement - If (OTP.equals("unavailable")): null

2018-09-15 10:54:32 - [TEST_STEP][PASSED] - Statement - Else: Text 'v4010
' is set on object 'Object Repository/Login/OtpInput'

2018-09-15 10:54:32 - [TEST_STEP][PASSED] - setText: Text 'v4010
' is set on object 'Object Repository/Login/OtpInput'

2018-09-15 10:54:32 - [MESSAGE][PASSED] - Text 'v4010
' is set on object 'Object Repository/Login/OtpInput'

2018-09-15 10:54:32 - [TEST_STEP][PASSED] - verifyElementPresent: Object 'Object Repository/Login/afterOpenDisplay' is present

2018-09-15 10:54:33 - [MESSAGE][PASSED] - Object 'Object Repository/Login/afterOpenDisplay' is present

2018-09-15 10:54:33 - [MESSAGE][PASSED] - Call Test Case 'Test Cases/BVT/aSimple_Login' successfully

2018-09-15 10:54:33 - [TEST_STEP][PASSED] - Statement - driver = com.kms.katalon.core.webui.driver.DriverFactory.getWebDriver(): null

2018-09-15 10:54:33 - [TEST_STEP][PASSED] - click: Object: 'Object Repository/Dashboard_Link Generator/linkgeneratorIcon' is clicked on

2018-09-15 10:54:34 - [MESSAGE][PASSED] - Object: 'Object Repository/Dashboard_Link Generator/linkgeneratorIcon' is clicked on

2018-09-15 10:54:34 - [TEST_STEP][PASSED] - Statement - x = CustomKeywords.newPackage.newKeyword.randomString(3).toLowerCase(): newPackage.newKeyword.randomString is PASSED

2018-09-15 10:54:34 - [MESSAGE][PASSED] - newPackage.newKeyword.randomString is PASSED

2018-09-15 10:54:34 - [TEST_STEP][PASSED] - Statement - teamMeberName = x: null

2018-09-15 10:54:34 - [TEST_STEP][PASSED] - setText: Text '5mw' is set on object 'Object Repository/AddTeamMemberDashboard/name'

2018-09-15 10:54:34 - [MESSAGE][PASSED] - Text '5mw' is set on object 'Object Repository/AddTeamMemberDashboard/name'

2018-09-15 10:54:34 - [TEST_STEP][PASSED] - setText: Text 'PnuPx7sJlJ@gmail.com' is set on object 'Object Repository/AddTeamMemberDashboard/email'

2018-09-15 10:54:34 - [MESSAGE][PASSED] - newPackage.newKeyword.randomString is PASSED

2018-09-15 10:54:35 - [MESSAGE][PASSED] - Text 'PnuPx7sJlJ@gmail.com' is set on object 'Object Repository/AddTeamMemberDashboard/email'

2018-09-15 10:54:35 - [TEST_STEP][PASSED] - setText: Text 'property' is set on object 'Object Repository/Dashboard_Link Generator/tag'

2018-09-15 10:54:35 - [MESSAGE][PASSED] - Text 'property' is set on object 'Object Repository/Dashboard_Link Generator/tag'

2018-09-15 10:54:35 - [TEST_STEP][PASSED] - click: Object: 'Object Repository/Dashboard_Link Generator/div_GET LINK' is clicked on

2018-09-15 10:54:35 - [MESSAGE][PASSED] - Object: 'Object Repository/Dashboard_Link Generator/div_GET LINK' is clicked on

2018-09-15 10:54:35 - [TEST_STEP][PASSED] - Statement - getLink = com.kms.katalon.core.webui.keyword.WebUiBuiltInKeywords.getAttribute(com.kms.katalon.core.testobject.ObjectRepository.findTestObject(Dashboard_Link Generator/input_link-text), "value"): Attribute 'value' of object 'Object Repository/Dashboard_Link Generator/input_link-text' is: 'https://dev.vcalling.in/url/UAT/?id=UAT-1-655'

2018-09-15 10:54:36 - [MESSAGE][PASSED] - Attribute 'value' of object 'Object Repository/Dashboard_Link Generator/input_link-text' is: 'https://dev.vcalling.in/url/UAT/?id=UAT-1-655'

2018-09-15 10:54:36 - [TEST_STEP][PASSED] - Statement - println(getLink): null

2018-09-15 10:54:36 - [TEST_STEP][PASSED] - click: Object: 'Object Repository/Dashboard_Link Generator/copyLink' is clicked on

2018-09-15 10:54:36 - [MESSAGE][PASSED] - Object: 'Object Repository/Dashboard_Link Generator/copyLink' is clicked on

2018-09-15 10:54:36 - [TEST_STEP][PASSED] - Statement - If (com.kms.katalon.core.webui.keyword.WebUiBuiltInKeywords.verifyElementPresent(com.kms.katalon.core.testobject.ObjectRepository.findTestObject(Dashboard_Link Generator/validation), 5, OPTIONAL)): null

2018-09-15 10:54:36 - [MESSAGE][PASSED] - Object 'Object Repository/Dashboard_Link Generator/validation' is present

2018-09-15 10:54:36 - [TEST_STEP][PASSED] - Statement - validationMessage = com.kms.katalon.core.webui.keyword.WebUiBuiltInKeywords.getText(com.kms.katalon.core.testobject.ObjectRepository.findTestObject(Dashboard_Link Generator/validation)): Text of object 'Object Repository/Dashboard_Link Generator/validation' is: 'Link Copied.!'

2018-09-15 10:54:36 - [MESSAGE][PASSED] - Text of object 'Object Repository/Dashboard_Link Generator/validation' is: 'Link Copied.!'

2018-09-15 10:54:36 - [TEST_STEP][PASSED] - verifyMatch: Actual text 'Link Copied.!' and expected text 'Link Copied.!' are matched 

2018-09-15 10:54:36 - [MESSAGE][PASSED] - Actual text 'Link Copied.!' and expected text 'Link Copied.!' are matched 

2018-09-15 10:54:36 - [TEST_STEP][PASSED] - Statement - println("successful"): null

2018-09-15 10:54:36 - [TEST_STEP][PASSED] - Statement - linkUserName = driver.findElements(org.openqa.selenium.By.className("text-link-log")): null

2018-09-15 10:54:36 - [TEST_STEP][PASSED] - Statement - previousCountValue = 0: null

2018-09-15 10:54:36 - [TEST_STEP][PASSED] - Statement - For ([i = 0, i < linkUserName.size(), (i++)]): null

2018-09-15 10:54:36 - [TEST_STEP][PASSED] - Statement - out.println("Admin Console: " + linkUserName.get(i).getText()): null

2018-09-15 10:54:36 - [TEST_STEP][PASSED] - Statement - linkLogmembername = linkUserName.get(i).getText(): null

2018-09-15 10:54:36 - [TEST_STEP][PASSED] - Statement - out.println("new Admin :" + linkLogmembername): null

2018-09-15 10:54:36 - [TEST_STEP][PASSED] - Statement - If (linkLogmembername.equals(teamMeberName)): null

2018-09-15 10:54:36 - [TEST_STEP][PASSED] - Statement - out.println("Admin Console: " + linkUserName.get(i).getText()): null

2018-09-15 10:54:36 - [TEST_STEP][PASSED] - Statement - linkLogmembername = linkUserName.get(i).getText(): null

2018-09-15 10:54:36 - [TEST_STEP][PASSED] - Statement - out.println("new Admin :" + linkLogmembername): null

2018-09-15 10:54:36 - [TEST_STEP][PASSED] - Statement - If (linkLogmembername.equals(teamMeberName)): null

2018-09-15 10:54:36 - [TEST_STEP][PASSED] - Statement - out.println("Admin Console: " + linkUserName.get(i).getText()): null

2018-09-15 10:54:36 - [TEST_STEP][PASSED] - Statement - linkLogmembername = linkUserName.get(i).getText(): null

2018-09-15 10:54:36 - [TEST_STEP][PASSED] - Statement - out.println("new Admin :" + linkLogmembername): null

2018-09-15 10:54:36 - [TEST_STEP][PASSED] - Statement - If (linkLogmembername.equals(teamMeberName)): null

2018-09-15 10:54:36 - [TEST_STEP][PASSED] - Statement - out.println("Admin Console: " + linkUserName.get(i).getText()): null

2018-09-15 10:54:36 - [TEST_STEP][PASSED] - Statement - linkLogmembername = linkUserName.get(i).getText(): null

2018-09-15 10:54:36 - [TEST_STEP][PASSED] - Statement - out.println("new Admin :" + linkLogmembername): null

2018-09-15 10:54:36 - [TEST_STEP][PASSED] - Statement - If (linkLogmembername.equals(teamMeberName)): null

2018-09-15 10:54:36 - [TEST_STEP][PASSED] - Statement - out.println("Admin Console: " + linkUserName.get(i).getText()): null

2018-09-15 10:54:36 - [TEST_STEP][PASSED] - Statement - linkLogmembername = linkUserName.get(i).getText(): null

2018-09-15 10:54:36 - [TEST_STEP][PASSED] - Statement - out.println("new Admin :" + linkLogmembername): null

2018-09-15 10:54:36 - [TEST_STEP][PASSED] - Statement - If (linkLogmembername.equals(teamMeberName)): null

2018-09-15 10:54:36 - [TEST_STEP][PASSED] - Statement - out.println("Admin Console: " + linkUserName.get(i).getText()): null

2018-09-15 10:54:36 - [TEST_STEP][PASSED] - Statement - linkLogmembername = linkUserName.get(i).getText(): null

2018-09-15 10:54:36 - [TEST_STEP][PASSED] - Statement - out.println("new Admin :" + linkLogmembername): null

2018-09-15 10:54:36 - [TEST_STEP][PASSED] - Statement - If (linkLogmembername.equals(teamMeberName)): null

2018-09-15 10:54:36 - [TEST_STEP][PASSED] - Statement - out.println("Admin Console: " + linkUserName.get(i).getText()): null

2018-09-15 10:54:36 - [TEST_STEP][PASSED] - Statement - linkLogmembername = linkUserName.get(i).getText(): null

2018-09-15 10:54:36 - [TEST_STEP][PASSED] - Statement - out.println("new Admin :" + linkLogmembername): null

2018-09-15 10:54:36 - [TEST_STEP][PASSED] - Statement - If (linkLogmembername.equals(teamMeberName)): null

2018-09-15 10:54:36 - [TEST_STEP][PASSED] - Statement - out.println("Admin Console: " + linkUserName.get(i).getText()): null

2018-09-15 10:54:36 - [TEST_STEP][PASSED] - Statement - linkLogmembername = linkUserName.get(i).getText(): null

2018-09-15 10:54:36 - [TEST_STEP][PASSED] - Statement - out.println("new Admin :" + linkLogmembername): null

2018-09-15 10:54:36 - [TEST_STEP][PASSED] - Statement - If (linkLogmembername.equals(teamMeberName)): null

2018-09-15 10:54:36 - [TEST_STEP][PASSED] - Statement - out.println("Admin Console: " + linkLogmembername): null

2018-09-15 10:54:36 - [TEST_STEP][PASSED] - Statement - linkUserName.get(i).click(): null

2018-09-15 10:54:36 - [TEST_STEP][PASSED] - Statement - out.println("Admin Console: " + linkUserName.get(i).getText()): null

2018-09-15 10:54:36 - [TEST_STEP][PASSED] - Statement - linkLogmembername = linkUserName.get(i).getText(): null

2018-09-15 10:54:36 - [TEST_STEP][PASSED] - Statement - out.println("new Admin :" + linkLogmembername): null

2018-09-15 10:54:36 - [TEST_STEP][PASSED] - Statement - If (linkLogmembername.equals(teamMeberName)): null

2018-09-15 10:54:36 - [TEST_STEP][PASSED] - Statement - out.println("Admin Console: " + linkUserName.get(i).getText()): null

2018-09-15 10:54:36 - [TEST_STEP][PASSED] - Statement - linkLogmembername = linkUserName.get(i).getText(): null

2018-09-15 10:54:36 - [TEST_STEP][PASSED] - Statement - out.println("new Admin :" + linkLogmembername): null

2018-09-15 10:54:36 - [TEST_STEP][PASSED] - Statement - If (linkLogmembername.equals(teamMeberName)): null

2018-09-15 10:54:36 - [TEST_STEP][PASSED] - Statement - out.println("Admin Console: " + linkUserName.get(i).getText()): null

2018-09-15 10:54:36 - [TEST_STEP][PASSED] - Statement - linkLogmembername = linkUserName.get(i).getText(): null

2018-09-15 10:54:36 - [TEST_STEP][PASSED] - Statement - out.println("new Admin :" + linkLogmembername): null

2018-09-15 10:54:36 - [TEST_STEP][PASSED] - Statement - If (linkLogmembername.equals(teamMeberName)): null

2018-09-15 10:54:36 - [TEST_STEP][PASSED] - Statement - out.println("Admin Console: " + linkUserName.get(i).getText()): null

2018-09-15 10:54:36 - [TEST_STEP][PASSED] - Statement - linkLogmembername = linkUserName.get(i).getText(): null

2018-09-15 10:54:37 - [TEST_STEP][PASSED] - Statement - out.println("new Admin :" + linkLogmembername): null

2018-09-15 10:54:37 - [TEST_STEP][PASSED] - Statement - If (linkLogmembername.equals(teamMeberName)): null

2018-09-15 10:54:37 - [TEST_STEP][PASSED] - Statement - out.println("Admin Console: " + linkUserName.get(i).getText()): null

2018-09-15 10:54:37 - [TEST_STEP][PASSED] - Statement - linkLogmembername = linkUserName.get(i).getText(): null

2018-09-15 10:54:37 - [TEST_STEP][PASSED] - Statement - out.println("new Admin :" + linkLogmembername): null

2018-09-15 10:54:37 - [TEST_STEP][PASSED] - Statement - If (linkLogmembername.equals(teamMeberName)): null

2018-09-15 10:54:37 - [TEST_STEP][PASSED] - Statement - out.println("Admin Console: " + linkUserName.get(i).getText()): null

2018-09-15 10:54:37 - [TEST_STEP][PASSED] - Statement - linkLogmembername = linkUserName.get(i).getText(): null

2018-09-15 10:54:37 - [TEST_STEP][PASSED] - Statement - out.println("new Admin :" + linkLogmembername): null

2018-09-15 10:54:37 - [TEST_STEP][PASSED] - Statement - If (linkLogmembername.equals(teamMeberName)): null

2018-09-15 10:54:37 - [TEST_STEP][PASSED] - Statement - out.println("Admin Console: " + linkUserName.get(i).getText()): null

2018-09-15 10:54:37 - [TEST_STEP][PASSED] - Statement - linkLogmembername = linkUserName.get(i).getText(): null

2018-09-15 10:54:37 - [TEST_STEP][PASSED] - Statement - out.println("new Admin :" + linkLogmembername): null

2018-09-15 10:54:37 - [TEST_STEP][PASSED] - Statement - If (linkLogmembername.equals(teamMeberName)): null

2018-09-15 10:54:37 - [TEST_STEP][PASSED] - Statement - out.println("Admin Console: " + linkUserName.get(i).getText()): null

2018-09-15 10:54:37 - [TEST_STEP][PASSED] - Statement - linkLogmembername = linkUserName.get(i).getText(): null

2018-09-15 10:54:37 - [TEST_STEP][PASSED] - Statement - out.println("new Admin :" + linkLogmembername): null

2018-09-15 10:54:37 - [TEST_STEP][PASSED] - Statement - If (linkLogmembername.equals(teamMeberName)): null

2018-09-15 10:54:37 - [TEST_STEP][PASSED] - Statement - out.println("Admin Console: " + linkUserName.get(i).getText()): null

2018-09-15 10:54:37 - [TEST_STEP][PASSED] - Statement - linkLogmembername = linkUserName.get(i).getText(): null

2018-09-15 10:54:37 - [TEST_STEP][PASSED] - Statement - out.println("new Admin :" + linkLogmembername): null

2018-09-15 10:54:37 - [TEST_STEP][PASSED] - Statement - If (linkLogmembername.equals(teamMeberName)): null

2018-09-15 10:54:37 - [TEST_STEP][PASSED] - Statement - out.println("Admin Console: " + linkUserName.get(i).getText()): null

2018-09-15 10:54:37 - [TEST_STEP][PASSED] - Statement - linkLogmembername = linkUserName.get(i).getText(): null

2018-09-15 10:54:37 - [TEST_STEP][PASSED] - Statement - out.println("new Admin :" + linkLogmembername): null

2018-09-15 10:54:37 - [TEST_STEP][PASSED] - Statement - If (linkLogmembername.equals(teamMeberName)): null

2018-09-15 10:54:37 - [TEST_STEP][PASSED] - Statement - out.println("Admin Console: " + linkUserName.get(i).getText()): null

2018-09-15 10:54:37 - [TEST_STEP][PASSED] - Statement - linkLogmembername = linkUserName.get(i).getText(): null

2018-09-15 10:54:37 - [TEST_STEP][PASSED] - Statement - out.println("new Admin :" + linkLogmembername): null

2018-09-15 10:54:37 - [TEST_STEP][PASSED] - Statement - If (linkLogmembername.equals(teamMeberName)): null

2018-09-15 10:54:37 - [TEST_STEP][PASSED] - Statement - out.println("Admin Console: " + linkUserName.get(i).getText()): null

2018-09-15 10:54:37 - [TEST_STEP][PASSED] - Statement - linkLogmembername = linkUserName.get(i).getText(): null

2018-09-15 10:54:37 - [TEST_STEP][PASSED] - Statement - out.println("new Admin :" + linkLogmembername): null

2018-09-15 10:54:37 - [TEST_STEP][PASSED] - Statement - If (linkLogmembername.equals(teamMeberName)): null

2018-09-15 10:54:37 - [TEST_STEP][PASSED] - Statement - out.println("Admin Console: " + linkUserName.get(i).getText()): null

2018-09-15 10:54:37 - [TEST_STEP][PASSED] - Statement - linkLogmembername = linkUserName.get(i).getText(): null

2018-09-15 10:54:37 - [TEST_STEP][PASSED] - Statement - out.println("new Admin :" + linkLogmembername): null

2018-09-15 10:54:37 - [TEST_STEP][PASSED] - Statement - If (linkLogmembername.equals(teamMeberName)): null

2018-09-15 10:54:37 - [TEST_STEP][PASSED] - Statement - out.println("Admin Console: " + linkUserName.get(i).getText()): null

2018-09-15 10:54:37 - [TEST_STEP][PASSED] - Statement - linkLogmembername = linkUserName.get(i).getText(): null

2018-09-15 10:54:37 - [TEST_STEP][PASSED] - Statement - out.println("new Admin :" + linkLogmembername): null

2018-09-15 10:54:37 - [TEST_STEP][PASSED] - Statement - If (linkLogmembername.equals(teamMeberName)): null

2018-09-15 10:54:37 - [TEST_STEP][PASSED] - Statement - out.println("Admin Console: " + linkUserName.get(i).getText()): null

2018-09-15 10:54:37 - [TEST_STEP][PASSED] - Statement - linkLogmembername = linkUserName.get(i).getText(): null

2018-09-15 10:54:37 - [TEST_STEP][PASSED] - Statement - out.println("new Admin :" + linkLogmembername): null

2018-09-15 10:54:37 - [TEST_STEP][PASSED] - Statement - If (linkLogmembername.equals(teamMeberName)): null

2018-09-15 10:54:37 - [TEST_STEP][PASSED] - Statement - out.println("Admin Console: " + linkUserName.get(i).getText()): null

2018-09-15 10:54:37 - [TEST_STEP][PASSED] - Statement - linkLogmembername = linkUserName.get(i).getText(): null

2018-09-15 10:54:37 - [TEST_STEP][PASSED] - Statement - out.println("new Admin :" + linkLogmembername): null

2018-09-15 10:54:37 - [TEST_STEP][PASSED] - Statement - If (linkLogmembername.equals(teamMeberName)): null

2018-09-15 10:54:37 - [TEST_STEP][PASSED] - Statement - out.println("Admin Console: " + linkUserName.get(i).getText()): null

2018-09-15 10:54:37 - [TEST_STEP][PASSED] - Statement - linkLogmembername = linkUserName.get(i).getText(): null

2018-09-15 10:54:37 - [TEST_STEP][PASSED] - Statement - out.println("new Admin :" + linkLogmembername): null

2018-09-15 10:54:37 - [TEST_STEP][PASSED] - Statement - If (linkLogmembername.equals(teamMeberName)): null

2018-09-15 10:54:37 - [TEST_STEP][PASSED] - Statement - out.println("Admin Console: " + linkUserName.get(i).getText()): null

2018-09-15 10:54:37 - [TEST_STEP][PASSED] - Statement - linkLogmembername = linkUserName.get(i).getText(): null

2018-09-15 10:54:37 - [TEST_STEP][PASSED] - Statement - out.println("new Admin :" + linkLogmembername): null

2018-09-15 10:54:37 - [TEST_STEP][PASSED] - Statement - If (linkLogmembername.equals(teamMeberName)): null

2018-09-15 10:54:37 - [TEST_STEP][PASSED] - Statement - out.println("Admin Console: " + linkUserName.get(i).getText()): null

2018-09-15 10:54:37 - [TEST_STEP][PASSED] - Statement - linkLogmembername = linkUserName.get(i).getText(): null

2018-09-15 10:54:37 - [TEST_STEP][PASSED] - Statement - out.println("new Admin :" + linkLogmembername): null

2018-09-15 10:54:37 - [TEST_STEP][PASSED] - Statement - If (linkLogmembername.equals(teamMeberName)): null

2018-09-15 10:54:37 - [TEST_STEP][PASSED] - Statement - out.println("Admin Console: " + linkUserName.get(i).getText()): null

2018-09-15 10:54:37 - [TEST_STEP][PASSED] - Statement - linkLogmembername = linkUserName.get(i).getText(): null

2018-09-15 10:54:37 - [TEST_STEP][PASSED] - Statement - out.println("new Admin :" + linkLogmembername): null

2018-09-15 10:54:37 - [TEST_STEP][PASSED] - Statement - If (linkLogmembername.equals(teamMeberName)): null

2018-09-15 10:54:37 - [TEST_STEP][PASSED] - Statement - out.println("Admin Console: " + linkUserName.get(i).getText()): null

2018-09-15 10:54:37 - [TEST_STEP][PASSED] - Statement - linkLogmembername = linkUserName.get(i).getText(): null

2018-09-15 10:54:37 - [TEST_STEP][PASSED] - Statement - out.println("new Admin :" + linkLogmembername): null

2018-09-15 10:54:37 - [TEST_STEP][PASSED] - Statement - If (linkLogmembername.equals(teamMeberName)): null

2018-09-15 10:54:37 - [TEST_STEP][PASSED] - Statement - out.println("Admin Console: " + linkUserName.get(i).getText()): null

2018-09-15 10:54:37 - [TEST_STEP][PASSED] - Statement - linkLogmembername = linkUserName.get(i).getText(): null

2018-09-15 10:54:37 - [TEST_STEP][PASSED] - Statement - out.println("new Admin :" + linkLogmembername): null

2018-09-15 10:54:37 - [TEST_STEP][PASSED] - Statement - If (linkLogmembername.equals(teamMeberName)): null

2018-09-15 10:54:37 - [TEST_STEP][PASSED] - Statement - out.println("Admin Console: " + linkUserName.get(i).getText()): null

2018-09-15 10:54:37 - [TEST_STEP][PASSED] - Statement - linkLogmembername = linkUserName.get(i).getText(): null

2018-09-15 10:54:37 - [TEST_STEP][PASSED] - Statement - out.println("new Admin :" + linkLogmembername): null

2018-09-15 10:54:37 - [TEST_STEP][PASSED] - Statement - If (linkLogmembername.equals(teamMeberName)): null

2018-09-15 10:54:37 - [TEST_STEP][PASSED] - Statement - out.println("Admin Console: " + linkUserName.get(i).getText()): null

2018-09-15 10:54:37 - [TEST_STEP][PASSED] - Statement - linkLogmembername = linkUserName.get(i).getText(): null

2018-09-15 10:54:37 - [TEST_STEP][PASSED] - Statement - out.println("new Admin :" + linkLogmembername): null

2018-09-15 10:54:37 - [TEST_STEP][PASSED] - Statement - If (linkLogmembername.equals(teamMeberName)): null

2018-09-15 10:54:37 - [TEST_STEP][PASSED] - Statement - out.println("Admin Console: " + linkUserName.get(i).getText()): null

2018-09-15 10:54:38 - [TEST_STEP][PASSED] - Statement - linkLogmembername = linkUserName.get(i).getText(): null

2018-09-15 10:54:38 - [TEST_STEP][PASSED] - Statement - out.println("new Admin :" + linkLogmembername): null

2018-09-15 10:54:38 - [TEST_STEP][PASSED] - Statement - If (linkLogmembername.equals(teamMeberName)): null

2018-09-15 10:54:38 - [TEST_STEP][PASSED] - Statement - out.println("Admin Console: " + linkUserName.get(i).getText()): null

2018-09-15 10:54:38 - [TEST_STEP][PASSED] - Statement - linkLogmembername = linkUserName.get(i).getText(): null

2018-09-15 10:54:38 - [TEST_STEP][PASSED] - Statement - out.println("new Admin :" + linkLogmembername): null

2018-09-15 10:54:38 - [TEST_STEP][PASSED] - Statement - If (linkLogmembername.equals(teamMeberName)): null

2018-09-15 10:54:38 - [TEST_STEP][PASSED] - Statement - out.println("Admin Console: " + linkUserName.get(i).getText()): null

2018-09-15 10:54:38 - [TEST_STEP][PASSED] - Statement - linkLogmembername = linkUserName.get(i).getText(): null

2018-09-15 10:54:38 - [TEST_STEP][PASSED] - Statement - out.println("new Admin :" + linkLogmembername): null

2018-09-15 10:54:38 - [TEST_STEP][PASSED] - Statement - If (linkLogmembername.equals(teamMeberName)): null

2018-09-15 10:54:38 - [TEST_STEP][PASSED] - Statement - out.println("Admin Console: " + linkUserName.get(i).getText()): null

2018-09-15 10:54:38 - [TEST_STEP][PASSED] - Statement - linkLogmembername = linkUserName.get(i).getText(): null

2018-09-15 10:54:38 - [TEST_STEP][PASSED] - Statement - out.println("new Admin :" + linkLogmembername): null

2018-09-15 10:54:38 - [TEST_STEP][PASSED] - Statement - If (linkLogmembername.equals(teamMeberName)): null

2018-09-15 10:54:38 - [TEST_STEP][PASSED] - Statement - out.println("Admin Console: " + linkUserName.get(i).getText()): null

2018-09-15 10:54:38 - [TEST_STEP][PASSED] - Statement - linkLogmembername = linkUserName.get(i).getText(): null

2018-09-15 10:54:38 - [TEST_STEP][PASSED] - Statement - out.println("new Admin :" + linkLogmembername): null

2018-09-15 10:54:38 - [TEST_STEP][PASSED] - Statement - If (linkLogmembername.equals(teamMeberName)): null

2018-09-15 10:54:38 - [TEST_STEP][PASSED] - Statement - out.println("Admin Console: " + linkUserName.get(i).getText()): null

2018-09-15 10:54:38 - [TEST_STEP][PASSED] - Statement - linkLogmembername = linkUserName.get(i).getText(): null

2018-09-15 10:54:38 - [TEST_STEP][PASSED] - Statement - out.println("new Admin :" + linkLogmembername): null

2018-09-15 10:54:38 - [TEST_STEP][PASSED] - Statement - If (linkLogmembername.equals(teamMeberName)): null

2018-09-15 10:54:38 - [TEST_STEP][PASSED] - Statement - out.println("Admin Console: " + linkUserName.get(i).getText()): null

2018-09-15 10:54:38 - [TEST_STEP][PASSED] - Statement - linkLogmembername = linkUserName.get(i).getText(): null

2018-09-15 10:54:38 - [TEST_STEP][PASSED] - Statement - out.println("new Admin :" + linkLogmembername): null

2018-09-15 10:54:38 - [TEST_STEP][PASSED] - Statement - If (linkLogmembername.equals(teamMeberName)): null

2018-09-15 10:54:38 - [TEST_STEP][PASSED] - Statement - out.println("Admin Console: " + linkUserName.get(i).getText()): null

2018-09-15 10:54:38 - [TEST_STEP][PASSED] - Statement - linkLogmembername = linkUserName.get(i).getText(): null

2018-09-15 10:54:38 - [TEST_STEP][PASSED] - Statement - out.println("new Admin :" + linkLogmembername): null

2018-09-15 10:54:38 - [TEST_STEP][PASSED] - Statement - If (linkLogmembername.equals(teamMeberName)): null

2018-09-15 10:54:38 - [TEST_STEP][PASSED] - Statement - out.println("Admin Console: " + linkUserName.get(i).getText()): null

2018-09-15 10:54:38 - [TEST_STEP][PASSED] - Statement - linkLogmembername = linkUserName.get(i).getText(): null

2018-09-15 10:54:38 - [TEST_STEP][PASSED] - Statement - out.println("new Admin :" + linkLogmembername): null

2018-09-15 10:54:38 - [TEST_STEP][PASSED] - Statement - If (linkLogmembername.equals(teamMeberName)): null

2018-09-15 10:54:38 - [TEST_STEP][PASSED] - Statement - out.println("Admin Console: " + linkUserName.get(i).getText()): null

2018-09-15 10:54:38 - [TEST_STEP][PASSED] - Statement - linkLogmembername = linkUserName.get(i).getText(): null

2018-09-15 10:54:38 - [TEST_STEP][PASSED] - Statement - out.println("new Admin :" + linkLogmembername): null

2018-09-15 10:54:38 - [TEST_STEP][PASSED] - Statement - If (linkLogmembername.equals(teamMeberName)): null

2018-09-15 10:54:38 - [TEST_STEP][PASSED] - Statement - out.println("Admin Console: " + linkUserName.get(i).getText()): null

2018-09-15 10:54:38 - [TEST_STEP][PASSED] - Statement - linkLogmembername = linkUserName.get(i).getText(): null

2018-09-15 10:54:38 - [TEST_STEP][PASSED] - Statement - out.println("new Admin :" + linkLogmembername): null

2018-09-15 10:54:38 - [TEST_STEP][PASSED] - Statement - If (linkLogmembername.equals(teamMeberName)): null

2018-09-15 10:54:38 - [TEST_STEP][PASSED] - Statement - out.println("Admin Console: " + linkUserName.get(i).getText()): null

2018-09-15 10:54:38 - [TEST_STEP][PASSED] - Statement - linkLogmembername = linkUserName.get(i).getText(): null

2018-09-15 10:54:38 - [TEST_STEP][PASSED] - Statement - out.println("new Admin :" + linkLogmembername): null

2018-09-15 10:54:38 - [TEST_STEP][PASSED] - Statement - If (linkLogmembername.equals(teamMeberName)): null

2018-09-15 10:54:38 - [TEST_STEP][PASSED] - Statement - out.println("Admin Console: " + linkUserName.get(i).getText()): null

2018-09-15 10:54:38 - [TEST_STEP][PASSED] - Statement - linkLogmembername = linkUserName.get(i).getText(): null

2018-09-15 10:54:38 - [TEST_STEP][PASSED] - Statement - out.println("new Admin :" + linkLogmembername): null

2018-09-15 10:54:38 - [TEST_STEP][PASSED] - Statement - If (linkLogmembername.equals(teamMeberName)): null

2018-09-15 10:54:38 - [TEST_STEP][PASSED] - Statement - out.println("Admin Console: " + linkUserName.get(i).getText()): null

2018-09-15 10:54:38 - [TEST_STEP][PASSED] - Statement - linkLogmembername = linkUserName.get(i).getText(): null

2018-09-15 10:54:38 - [TEST_STEP][PASSED] - Statement - out.println("new Admin :" + linkLogmembername): null

2018-09-15 10:54:38 - [TEST_STEP][PASSED] - Statement - If (linkLogmembername.equals(teamMeberName)): null

2018-09-15 10:54:38 - [TEST_STEP][PASSED] - Statement - out.println("Admin Console: " + linkUserName.get(i).getText()): null

2018-09-15 10:54:38 - [TEST_STEP][PASSED] - Statement - linkLogmembername = linkUserName.get(i).getText(): null

2018-09-15 10:54:38 - [TEST_STEP][PASSED] - Statement - out.println("new Admin :" + linkLogmembername): null

2018-09-15 10:54:38 - [TEST_STEP][PASSED] - Statement - If (linkLogmembername.equals(teamMeberName)): null

2018-09-15 10:54:38 - [TEST_STEP][PASSED] - Statement - out.println("Admin Console: " + linkUserName.get(i).getText()): null

2018-09-15 10:54:38 - [TEST_STEP][PASSED] - Statement - linkLogmembername = linkUserName.get(i).getText(): null

2018-09-15 10:54:38 - [TEST_STEP][PASSED] - Statement - out.println("new Admin :" + linkLogmembername): null

2018-09-15 10:54:38 - [TEST_STEP][PASSED] - Statement - If (linkLogmembername.equals(teamMeberName)): null

2018-09-15 10:54:38 - [TEST_STEP][PASSED] - Statement - out.println("Admin Console: " + linkUserName.get(i).getText()): null

2018-09-15 10:54:38 - [TEST_STEP][PASSED] - Statement - linkLogmembername = linkUserName.get(i).getText(): null

2018-09-15 10:54:38 - [TEST_STEP][PASSED] - Statement - out.println("new Admin :" + linkLogmembername): null

2018-09-15 10:54:38 - [TEST_STEP][PASSED] - Statement - If (linkLogmembername.equals(teamMeberName)): null

2018-09-15 10:54:38 - [TEST_STEP][PASSED] - Statement - out.println("Admin Console: " + linkUserName.get(i).getText()): null

2018-09-15 10:54:38 - [TEST_STEP][PASSED] - Statement - linkLogmembername = linkUserName.get(i).getText(): null

2018-09-15 10:54:38 - [TEST_STEP][PASSED] - Statement - out.println("new Admin :" + linkLogmembername): null

2018-09-15 10:54:38 - [TEST_STEP][PASSED] - Statement - If (linkLogmembername.equals(teamMeberName)): null

2018-09-15 10:54:38 - [TEST_STEP][PASSED] - Statement - out.println("Admin Console: " + linkUserName.get(i).getText()): null

2018-09-15 10:54:38 - [TEST_STEP][PASSED] - Statement - linkLogmembername = linkUserName.get(i).getText(): null

2018-09-15 10:54:38 - [TEST_STEP][PASSED] - Statement - out.println("new Admin :" + linkLogmembername): null

2018-09-15 10:54:38 - [TEST_STEP][PASSED] - Statement - If (linkLogmembername.equals(teamMeberName)): null

2018-09-15 10:54:38 - [TEST_STEP][PASSED] - Statement - out.println("Admin Console: " + linkUserName.get(i).getText()): null

2018-09-15 10:54:38 - [TEST_STEP][PASSED] - Statement - linkLogmembername = linkUserName.get(i).getText(): null

2018-09-15 10:54:38 - [TEST_STEP][PASSED] - Statement - out.println("new Admin :" + linkLogmembername): null

2018-09-15 10:54:39 - [TEST_STEP][PASSED] - Statement - If (linkLogmembername.equals(teamMeberName)): null

2018-09-15 10:54:39 - [TEST_STEP][PASSED] - Statement - out.println("Admin Console: " + linkUserName.get(i).getText()): null

2018-09-15 10:54:39 - [TEST_STEP][PASSED] - Statement - linkLogmembername = linkUserName.get(i).getText(): null

2018-09-15 10:54:39 - [TEST_STEP][PASSED] - Statement - out.println("new Admin :" + linkLogmembername): null

2018-09-15 10:54:39 - [TEST_STEP][PASSED] - Statement - If (linkLogmembername.equals(teamMeberName)): null

2018-09-15 10:54:39 - [TEST_STEP][PASSED] - Statement - out.println("Admin Console: " + linkUserName.get(i).getText()): null

2018-09-15 10:54:39 - [TEST_STEP][PASSED] - Statement - linkLogmembername = linkUserName.get(i).getText(): null

2018-09-15 10:54:39 - [TEST_STEP][PASSED] - Statement - out.println("new Admin :" + linkLogmembername): null

2018-09-15 10:54:39 - [TEST_STEP][PASSED] - Statement - If (linkLogmembername.equals(teamMeberName)): null

2018-09-15 10:54:39 - [TEST_STEP][PASSED] - Statement - out.println("Admin Console: " + linkUserName.get(i).getText()): null

2018-09-15 10:54:39 - [TEST_STEP][PASSED] - Statement - linkLogmembername = linkUserName.get(i).getText(): null

2018-09-15 10:54:39 - [TEST_STEP][PASSED] - Statement - out.println("new Admin :" + linkLogmembername): null

2018-09-15 10:54:39 - [TEST_STEP][PASSED] - Statement - If (linkLogmembername.equals(teamMeberName)): null

2018-09-15 10:54:39 - [TEST_STEP][PASSED] - Statement - out.println("Admin Console: " + linkUserName.get(i).getText()): null

2018-09-15 10:54:39 - [TEST_STEP][PASSED] - Statement - linkLogmembername = linkUserName.get(i).getText(): null

2018-09-15 10:54:39 - [TEST_STEP][PASSED] - Statement - out.println("new Admin :" + linkLogmembername): null

2018-09-15 10:54:39 - [TEST_STEP][PASSED] - Statement - If (linkLogmembername.equals(teamMeberName)): null

2018-09-15 10:54:39 - [TEST_STEP][PASSED] - Statement - out.println("Admin Console: " + linkUserName.get(i).getText()): null

2018-09-15 10:54:39 - [TEST_STEP][PASSED] - Statement - linkLogmembername = linkUserName.get(i).getText(): null

2018-09-15 10:54:39 - [TEST_STEP][PASSED] - Statement - out.println("new Admin :" + linkLogmembername): null

2018-09-15 10:54:39 - [TEST_STEP][PASSED] - Statement - If (linkLogmembername.equals(teamMeberName)): null

2018-09-15 10:54:39 - [TEST_STEP][PASSED] - Statement - If (com.kms.katalon.core.webui.keyword.WebUiBuiltInKeywords.verifyElementPresent(com.kms.katalon.core.testobject.ObjectRepository.findTestObject(Object Repository/linkLog/customerProfileDetails), 5, OPTIONAL)): null

2018-09-15 10:54:39 - [MESSAGE][PASSED] - Object 'Object Repository/linkLog/customerProfileDetails' is present

2018-09-15 10:54:39 - [TEST_STEP][PASSED] - Statement - println("open link log successful"): null

2018-09-15 10:54:39 - [TEST_STEP][PASSED] - Statement - If (com.kms.katalon.core.webui.keyword.WebUiBuiltInKeywords.verifyElementPresent(com.kms.katalon.core.testobject.ObjectRepository.findTestObject(Object Repository/Notes/addNotesCustomerDetails), 2)): null

2018-09-15 10:54:39 - [MESSAGE][PASSED] - Object 'Object Repository/Notes/addNotesCustomerDetails' is present

2018-09-15 10:54:39 - [TEST_STEP][PASSED] - click: Object: 'Object Repository/Notes/addNotesCustomerDetails' is clicked on

2018-09-15 10:54:39 - [MESSAGE][PASSED] - Object: 'Object Repository/Notes/addNotesCustomerDetails' is clicked on

2018-09-15 10:54:39 - [TEST_STEP][PASSED] - Statement - println("successful"): null

2018-09-15 10:54:39 - [TEST_STEP][PASSED] - setText: Text 'Mass media campaigns are widely used to expose high proportions of large populations to messages through routine uses of existing media, such as television, radio, and newspapers.' is set on object 'Object Repository/Notes/notesInputBox'

2018-09-15 10:54:40 - [MESSAGE][PASSED] - Text 'Mass media campaigns are widely used to expose high proportions of large populations to messages through routine uses of existing media, such as television, radio, and newspapers.' is set on object 'Object Repository/Notes/notesInputBox'

2018-09-15 10:54:40 - [TEST_STEP][PASSED] - Statement - If (com.kms.katalon.core.webui.keyword.WebUiBuiltInKeywords.verifyElementPresent(com.kms.katalon.core.testobject.ObjectRepository.findTestObject(Object Repository/Notes/clearNotes), 2)): null

2018-09-15 10:54:40 - [MESSAGE][PASSED] - Object 'Object Repository/Notes/clearNotes' is present

2018-09-15 10:54:40 - [TEST_STEP][PASSED] - click: Object: 'Object Repository/Notes/clearNotes' is clicked on

2018-09-15 10:54:40 - [MESSAGE][PASSED] - Object: 'Object Repository/Notes/clearNotes' is clicked on

2018-09-15 10:54:40 - [TEST_STEP][PASSED] - Statement - println("successful"): null

2018-09-15 10:54:40 - [TEST_STEP][PASSED] - Statement - If (com.kms.katalon.core.webui.keyword.WebUiBuiltInKeywords.verifyElementPresent(com.kms.katalon.core.testobject.ObjectRepository.findTestObject(Object Repository/Notes/notesInputBox), 5)): null

2018-09-15 10:54:40 - [MESSAGE][PASSED] - Object 'Object Repository/Notes/notesInputBox' is present

2018-09-15 10:54:40 - [TEST_STEP][PASSED] - Statement - validationMessage = com.kms.katalon.core.webui.keyword.WebUiBuiltInKeywords.getText(com.kms.katalon.core.testobject.ObjectRepository.findTestObject(Object Repository/Notes/notesInputBox)): Text of object 'Object Repository/Notes/notesInputBox' is: ''

2018-09-15 10:54:40 - [MESSAGE][PASSED] - Text of object 'Object Repository/Notes/notesInputBox' is: ''

2018-09-15 10:54:40 - [TEST_STEP][PASSED] - verifyMatch: Actual text '' and expected text '' are matched 

2018-09-15 10:54:40 - [MESSAGE][PASSED] - Actual text '' and expected text '' are matched 

2018-09-15 10:54:40 - [TEST_STEP][PASSED] - Statement - println("successful"): null

2018-09-15 10:54:40 - [TEST_STEP][PASSED] - Statement - If (com.kms.katalon.core.webui.keyword.WebUiBuiltInKeywords.verifyElementPresent(com.kms.katalon.core.testobject.ObjectRepository.findTestObject(Object Repository/Notes/activityLog), 5)): null

2018-09-15 10:54:40 - [MESSAGE][PASSED] - Object 'Object Repository/Notes/activityLog' is present

2018-09-15 10:54:40 - [TEST_STEP][PASSED] - click: Object: 'Object Repository/Notes/activityLog' is clicked on

2018-09-15 10:54:40 - [MESSAGE][PASSED] - Object: 'Object Repository/Notes/activityLog' is clicked on

2018-09-15 10:54:40 - [TEST_STEP][PASSED] - Statement - println("successful"): null

2018-09-15 10:54:40 - [TEST_STEP][PASSED] - clickOffset: Object: 'Object Repository/customerDetailsEdit/customerDetailScreen' is clicked on using offset x=100 and y=200

2018-09-15 10:54:40 - [MESSAGE][PASSED] - Object: 'Object Repository/customerDetailsEdit/customerDetailScreen' is clicked on using offset x=100 and y=200

2018-09-15 10:54:40 - [TEST_STEP][PASSED] - click: Object: 'Object Repository/customerDetailsEdit/refreshButton' is clicked on

2018-09-15 10:54:41 - [MESSAGE][PASSED] - Object: 'Object Repository/customerDetailsEdit/refreshButton' is clicked on]]></system-out>
         <system-err><![CDATA[]]></system-err>
      </testcase>
      <testcase name="Test Cases/completed/TestCase5_NotesFunctionality/saveNotesAndBackThroughActivityLog" classname="Test Cases/completed/TestCase5_NotesFunctionality/saveNotesAndBackThroughActivityLog" status="FAILED">
         <failure type="FAILED" message="(Stack trace: com.kms.katalon.core.exception.StepFailedException: Unable to click on object 'Object Repository/Notes/activityLog' (Root cause: org.openqa.selenium.WebDriverException: unknown error: Element &lt;div class=&quot;activity-log-btn&quot;>...&lt;/div> is not clickable at point (1155, 278). Other element would receive the click: &lt;div class=&quot;loader-screen&quot;>...&lt;/div>
  (Session info: chrome=69.0.3497.92)
  (Driver info: chromedriver=2.35.528161 (5b82f2d2aae0ca24b877009200ced9065a772e73),platform=Windows NT 10.0.17134 x86_64) (WARNING: The server did not provide any stacktrace information)
Command duration or timeout: 0 milliseconds
Build info: version: '3.7.1', revision: '8a0099a', time: '2017-11-06T21:07:36.161Z'
System info: host: 'DESKTOP-D4528LJ', ip: '10.6.8.31', os.name: 'Windows 10', os.arch: 'amd64', os.version: '10.0', java.version: '1.8.0_181'
Driver info: com.kms.katalon.selenium.driver.CChromeDriver
Capabilities {acceptInsecureCerts: false, acceptSslCerts: false, applicationCacheEnabled: false, browserConnectionEnabled: false, browserName: chrome, chrome: {chromedriverVersion: 2.35.528161 (5b82f2d2aae0ca..., userDataDir: C:\Users\Kaushal\AppData\Lo...}, cssSelectorsEnabled: true, databaseEnabled: false, handlesAlerts: true, hasTouchScreen: false, javascriptEnabled: true, locationContextEnabled: true, mobileEmulationEnabled: false, nativeEvents: true, networkConnectionEnabled: false, pageLoadStrategy: normal, platform: XP, platformName: XP, rotatable: false, setWindowRect: true, takesHeapSnapshot: true, takesScreenshot: true, unexpectedAlertBehaviour: , unhandledPromptBehavior: , version: 69.0.3497.92, webStorageEnabled: true}
Session ID: d3d78603d0d1c69a8bbcb00d5b3af053)
	at com.kms.katalon.core.keyword.internal.KeywordMain.stepFailed(KeywordMain.groovy:36)
	at com.kms.katalon.core.webui.keyword.internal.WebUIKeywordMain.stepFailed(WebUIKeywordMain.groovy:65)
	at com.kms.katalon.core.webui.keyword.internal.WebUIKeywordMain.runKeyword(WebUIKeywordMain.groovy:27)
	at com.kms.katalon.core.webui.keyword.builtin.ClickKeyword.click(ClickKeyword.groovy:86)
	at com.kms.katalon.core.webui.keyword.builtin.ClickKeyword.execute(ClickKeyword.groovy:67)
	at com.kms.katalon.core.keyword.internal.KeywordExecutor.executeKeywordForPlatform(KeywordExecutor.groovy:53)
	at com.kms.katalon.core.webui.keyword.WebUiBuiltInKeywords.click(WebUiBuiltInKeywords.groovy:616)
	at com.kms.katalon.core.webui.keyword.WebUiBuiltInKeywords$click$2.call(Unknown Source)
	at org.codehaus.groovy.runtime.callsite.CallSiteArray.defaultCall(CallSiteArray.java:48)
	at org.codehaus.groovy.runtime.callsite.AbstractCallSite.call(AbstractCallSite.java:113)
	at org.codehaus.groovy.runtime.callsite.AbstractCallSite.call(AbstractCallSite.java:125)
	at Script1536050728964.run(Script1536050728964.groovy:127)
	at com.kms.katalon.core.main.ScriptEngine.run(ScriptEngine.java:183)
	at com.kms.katalon.core.main.ScriptEngine.runScriptAsRawText(ScriptEngine.java:108)
	at com.kms.katalon.core.main.TestCaseExecutor.runScript(TestCaseExecutor.java:294)
	at com.kms.katalon.core.main.TestCaseExecutor.doExecute(TestCaseExecutor.java:285)
	at com.kms.katalon.core.main.TestCaseExecutor.processExecutionPhase(TestCaseExecutor.java:264)
	at com.kms.katalon.core.main.TestCaseExecutor.accessMainPhase(TestCaseExecutor.java:256)
	at com.kms.katalon.core.main.TestCaseExecutor.execute(TestCaseExecutor.java:200)
	at com.kms.katalon.core.main.TestSuiteExecutor.accessTestCaseMainPhase(TestSuiteExecutor.java:129)
	at com.kms.katalon.core.main.TestSuiteExecutor.accessTestSuiteMainPhase(TestSuiteExecutor.java:112)
	at com.kms.katalon.core.main.TestSuiteExecutor.execute(TestSuiteExecutor.java:81)
	at com.kms.katalon.core.main.TestCaseMain.startTestSuite(TestCaseMain.java:142)
	at com.kms.katalon.core.main.TestCaseMain$startTestSuite$0.call(Unknown Source)
	at org.codehaus.groovy.runtime.callsite.CallSiteArray.defaultCall(CallSiteArray.java:48)
	at org.codehaus.groovy.runtime.callsite.AbstractCallSite.call(AbstractCallSite.java:113)
	at org.codehaus.groovy.runtime.callsite.AbstractCallSite.call(AbstractCallSite.java:141)
	at TempTestSuite1537003942876.run(TempTestSuite1537003942876.groovy:36)
	at groovy.lang.GroovyShell.runScriptOrMainOrTestOrRunnable(GroovyShell.java:263)
	at groovy.lang.GroovyShell.run(GroovyShell.java:518)
	at groovy.lang.GroovyShell.run(GroovyShell.java:507)
	at groovy.ui.GroovyMain.processOnce(GroovyMain.java:653)
	at groovy.ui.GroovyMain.run(GroovyMain.java:384)
	at groovy.ui.GroovyMain.process(GroovyMain.java:370)
	at groovy.ui.GroovyMain.processArgs(GroovyMain.java:129)
	at groovy.ui.GroovyMain.main(GroovyMain.java:109)
	at sun.reflect.NativeMethodAccessorImpl.invoke0(Native Method)
	at sun.reflect.NativeMethodAccessorImpl.invoke(NativeMethodAccessorImpl.java:62)
	at sun.reflect.DelegatingMethodAccessorImpl.invoke(DelegatingMethodAccessorImpl.java:43)
	at java.lang.reflect.Method.invoke(Method.java:498)
	at org.codehaus.groovy.tools.GroovyStarter.rootLoader(GroovyStarter.java:109)
	at org.codehaus.groovy.tools.GroovyStarter.main(GroovyStarter.java:131)
)"/>
         <system-out><![CDATA[2018-09-15 10:54:41 - [TEST_CASE][FAILED] - Test Cases/completed/TestCase5_NotesFunctionality/saveNotesAndBackThroughActivityLog: Test Cases/completed/TestCase5_NotesFunctionality/saveNotesAndBackThroughActivityLog FAILED because (of) (Stack trace: com.kms.katalon.core.exception.StepFailedException: Unable to click on object 'Object Repository/Notes/activityLog' (Root cause: org.openqa.selenium.WebDriverException: unknown error: Element <div class="activity-log-btn">...</div> is not clickable at point (1155, 278). Other element would receive the click: <div class="loader-screen">...</div>
  (Session info: chrome=69.0.3497.92)
  (Driver info: chromedriver=2.35.528161 (5b82f2d2aae0ca24b877009200ced9065a772e73),platform=Windows NT 10.0.17134 x86_64) (WARNING: The server did not provide any stacktrace information)
Command duration or timeout: 0 milliseconds
Build info: version: '3.7.1', revision: '8a0099a', time: '2017-11-06T21:07:36.161Z'
System info: host: 'DESKTOP-D4528LJ', ip: '10.6.8.31', os.name: 'Windows 10', os.arch: 'amd64', os.version: '10.0', java.version: '1.8.0_181'
Driver info: com.kms.katalon.selenium.driver.CChromeDriver
Capabilities {acceptInsecureCerts: false, acceptSslCerts: false, applicationCacheEnabled: false, browserConnectionEnabled: false, browserName: chrome, chrome: {chromedriverVersion: 2.35.528161 (5b82f2d2aae0ca..., userDataDir: C:\Users\Kaushal\AppData\Lo...}, cssSelectorsEnabled: true, databaseEnabled: false, handlesAlerts: true, hasTouchScreen: false, javascriptEnabled: true, locationContextEnabled: true, mobileEmulationEnabled: false, nativeEvents: true, networkConnectionEnabled: false, pageLoadStrategy: normal, platform: XP, platformName: XP, rotatable: false, setWindowRect: true, takesHeapSnapshot: true, takesScreenshot: true, unexpectedAlertBehaviour: , unhandledPromptBehavior: , version: 69.0.3497.92, webStorageEnabled: true}
Session ID: d3d78603d0d1c69a8bbcb00d5b3af053)
	at com.kms.katalon.core.keyword.internal.KeywordMain.stepFailed(KeywordMain.groovy:36)
	at com.kms.katalon.core.webui.keyword.internal.WebUIKeywordMain.stepFailed(WebUIKeywordMain.groovy:65)
	at com.kms.katalon.core.webui.keyword.internal.WebUIKeywordMain.runKeyword(WebUIKeywordMain.groovy:27)
	at com.kms.katalon.core.webui.keyword.builtin.ClickKeyword.click(ClickKeyword.groovy:86)
	at com.kms.katalon.core.webui.keyword.builtin.ClickKeyword.execute(ClickKeyword.groovy:67)
	at com.kms.katalon.core.keyword.internal.KeywordExecutor.executeKeywordForPlatform(KeywordExecutor.groovy:53)
	at com.kms.katalon.core.webui.keyword.WebUiBuiltInKeywords.click(WebUiBuiltInKeywords.groovy:616)
	at com.kms.katalon.core.webui.keyword.WebUiBuiltInKeywords$click$2.call(Unknown Source)
	at org.codehaus.groovy.runtime.callsite.CallSiteArray.defaultCall(CallSiteArray.java:48)
	at org.codehaus.groovy.runtime.callsite.AbstractCallSite.call(AbstractCallSite.java:113)
	at org.codehaus.groovy.runtime.callsite.AbstractCallSite.call(AbstractCallSite.java:125)
	at Script1536050728964.run(Script1536050728964.groovy:127)
	at com.kms.katalon.core.main.ScriptEngine.run(ScriptEngine.java:183)
	at com.kms.katalon.core.main.ScriptEngine.runScriptAsRawText(ScriptEngine.java:108)
	at com.kms.katalon.core.main.TestCaseExecutor.runScript(TestCaseExecutor.java:294)
	at com.kms.katalon.core.main.TestCaseExecutor.doExecute(TestCaseExecutor.java:285)
	at com.kms.katalon.core.main.TestCaseExecutor.processExecutionPhase(TestCaseExecutor.java:264)
	at com.kms.katalon.core.main.TestCaseExecutor.accessMainPhase(TestCaseExecutor.java:256)
	at com.kms.katalon.core.main.TestCaseExecutor.execute(TestCaseExecutor.java:200)
	at com.kms.katalon.core.main.TestSuiteExecutor.accessTestCaseMainPhase(TestSuiteExecutor.java:129)
	at com.kms.katalon.core.main.TestSuiteExecutor.accessTestSuiteMainPhase(TestSuiteExecutor.java:112)
	at com.kms.katalon.core.main.TestSuiteExecutor.execute(TestSuiteExecutor.java:81)
	at com.kms.katalon.core.main.TestCaseMain.startTestSuite(TestCaseMain.java:142)
	at com.kms.katalon.core.main.TestCaseMain$startTestSuite$0.call(Unknown Source)
	at org.codehaus.groovy.runtime.callsite.CallSiteArray.defaultCall(CallSiteArray.java:48)
	at org.codehaus.groovy.runtime.callsite.AbstractCallSite.call(AbstractCallSite.java:113)
	at org.codehaus.groovy.runtime.callsite.AbstractCallSite.call(AbstractCallSite.java:141)
	at TempTestSuite1537003942876.run(TempTestSuite1537003942876.groovy:36)
	at groovy.lang.GroovyShell.runScriptOrMainOrTestOrRunnable(GroovyShell.java:263)
	at groovy.lang.GroovyShell.run(GroovyShell.java:518)
	at groovy.lang.GroovyShell.run(GroovyShell.java:507)
	at groovy.ui.GroovyMain.processOnce(GroovyMain.java:653)
	at groovy.ui.GroovyMain.run(GroovyMain.java:384)
	at groovy.ui.GroovyMain.process(GroovyMain.java:370)
	at groovy.ui.GroovyMain.processArgs(GroovyMain.java:129)
	at groovy.ui.GroovyMain.main(GroovyMain.java:109)
	at sun.reflect.NativeMethodAccessorImpl.invoke0(Native Method)
	at sun.reflect.NativeMethodAccessorImpl.invoke(NativeMethodAccessorImpl.java:62)
	at sun.reflect.DelegatingMethodAccessorImpl.invoke(DelegatingMethodAccessorImpl.java:43)
	at java.lang.reflect.Method.invoke(Method.java:498)
	at org.codehaus.groovy.tools.GroovyStarter.rootLoader(GroovyStarter.java:109)
	at org.codehaus.groovy.tools.GroovyStarter.main(GroovyStarter.java:131)
)

2018-09-15 10:54:41 - [TEST_STEP][PASSED] - callTestCase: Call Test Case 'Test Cases/BVT/aSimple_Login' successfully

2018-09-15 10:54:41 - [TEST_CASE][PASSED] - Test Cases/BVT/aSimple_Login: Test Cases/BVT/aSimple_Login

2018-09-15 10:54:41 - [TEST_STEP][PASSED] - openBrowser: Browser is opened with url: ''

2018-09-15 10:54:41 - [MESSAGE][WARNING] - A browser is already opened. Closing browser and opening a new one

2018-09-15 10:54:44 - [MESSAGE][PASSED] - Browser is opened with url: ''

2018-09-15 10:54:44 - [TEST_STEP][PASSED] - maximizeWindow: Current window maximized

2018-09-15 10:54:45 - [MESSAGE][PASSED] - Current window maximized

2018-09-15 10:54:45 - [TEST_STEP][PASSED] - navigateToUrl: Navigate to 'https://dev.vcalling.in/enterprises/UAT/Dashboard/index.html' successfully

2018-09-15 10:54:50 - [MESSAGE][PASSED] - Navigate to 'https://dev.vcalling.in/enterprises/UAT/Dashboard/index.html' successfully

2018-09-15 10:54:50 - [TEST_STEP][PASSED] - setText: Text 'testing4dea@gmail.com' is set on object 'Object Repository/Login/UserId'

2018-09-15 10:54:50 - [MESSAGE][PASSED] - Text 'testing4dea@gmail.com' is set on object 'Object Repository/Login/UserId'

2018-09-15 10:54:50 - [TEST_STEP][PASSED] - click: Object: 'Object Repository/Login/div_GET OTP' is clicked on

2018-09-15 10:54:50 - [MESSAGE][PASSED] - Object: 'Object Repository/Login/div_GET OTP' is clicked on

2018-09-15 10:54:50 - [TEST_STEP][PASSED] - waitForElementPresent: Object 'Object Repository/Login/div_SUBMIT' is present

2018-09-15 10:54:52 - [MESSAGE][PASSED] - Object 'Object Repository/Login/div_SUBMIT' is present

2018-09-15 10:54:52 - [TEST_STEP][PASSED] - Statement - If (com.kms.katalon.core.webui.keyword.WebUiBuiltInKeywords.verifyElementNotPresent(com.kms.katalon.core.testobject.ObjectRepository.findTestObject(Login/div_SUBMIT), 5, OPTIONAL)): Web element with id: 'Object Repository/Login/div_SUBMIT' located by 'By.xpath: //div[(text() = ' SUBMIT ' or . = ' SUBMIT ')]' is present after '5' second(s)

2018-09-15 10:54:58 - [MESSAGE][WARNING] - Web element with id: 'Object Repository/Login/div_SUBMIT' located by 'By.xpath: //div[(text() = ' SUBMIT ' or . = ' SUBMIT ')]' is present after '5' second(s)
[[ATTACHMENT|C:\\Users\\Kaushal\\Desktop\\Katalon Studio\\vCallingDashboard\\Reports\\RegressionSuite\\20180915_103222\\1537005297745.png]]

2018-09-15 10:54:58 - [TEST_STEP][PASSED] - Statement - sleep(5000): null

2018-09-15 10:55:03 - [TEST_STEP][PASSED] - Statement - OTP = getOTP(): null

2018-09-15 10:55:03 - [TEST_STEP][PASSED] - Statement - host = "imap.gmail.com": null

2018-09-15 10:55:03 - [TEST_STEP][PASSED] - Statement - msg = <not implemented yet for class: org.codehaus.groovy.ast.expr.EmptyExpression>: null

2018-09-15 10:55:03 - [TEST_STEP][PASSED] - Statement - msgSub = <not implemented yet for class: org.codehaus.groovy.ast.expr.EmptyExpression>: null

2018-09-15 10:55:03 - [TEST_STEP][PASSED] - Statement - OTP = "unavailable": null

2018-09-15 10:55:03 - [TEST_STEP][PASSED] - Statement - props = new java.util.Properties(): null

2018-09-15 10:55:03 - [TEST_STEP][PASSED] - Statement - props.setProperty("mail.imap.ssl.enable", "true"): null

2018-09-15 10:55:03 - [TEST_STEP][PASSED] - Statement - session = javax.mail.Session.getInstance(props): null

2018-09-15 10:55:03 - [TEST_STEP][PASSED] - Statement - store = <not implemented yet for class: org.codehaus.groovy.ast.expr.EmptyExpression>: null

2018-09-15 10:55:03 - [TEST_STEP][PASSED] - Statement - Try: null

2018-09-15 10:55:03 - [TEST_STEP][PASSED] - Statement - store = session.getStore("imap"): null

2018-09-15 10:55:03 - [TEST_STEP][PASSED] - Statement - store.connect(host, Email, Password): null

2018-09-15 10:55:07 - [TEST_STEP][PASSED] - Statement - emailFolder = store.getFolder("INBOX"): null

2018-09-15 10:55:07 - [TEST_STEP][PASSED] - Statement - emailFolder.open(READ_WRITE): null

2018-09-15 10:55:07 - [TEST_STEP][PASSED] - Statement - messages = emailFolder.getMessages(): null

2018-09-15 10:55:07 - [TEST_STEP][PASSED] - Statement - n = length: null

2018-09-15 10:55:07 - [TEST_STEP][PASSED] - Statement - message = messages[n - 1]: null

2018-09-15 10:55:07 - [TEST_STEP][PASSED] - Statement - msgSub = message.getSubject(): null

2018-09-15 10:55:08 - [TEST_STEP][PASSED] - Statement - If (msgSub.equals("OTP to Sign In")): null

2018-09-15 10:55:08 - [TEST_STEP][PASSED] - Statement - msg = message.getContent().toString(): null

2018-09-15 10:55:09 - [TEST_STEP][PASSED] - Statement - OTP = msg.substring(msg.length() - 7): null

2018-09-15 10:55:09 - [TEST_STEP][PASSED] - Statement - message.setFlag(DELETED, true): null

2018-09-15 10:55:10 - [TEST_STEP][PASSED] - Statement - emailFolder.close(true): null

2018-09-15 10:55:10 - [TEST_STEP][PASSED] - Statement - store.close(): null

2018-09-15 10:55:11 - [TEST_STEP][PASSED] - Statement - return OTP: null

2018-09-15 10:55:11 - [TEST_STEP][PASSED] - Statement - If (OTP.equals("unavailable")): null

2018-09-15 10:55:11 - [TEST_STEP][PASSED] - Statement - Else: Text 'y9405
' is set on object 'Object Repository/Login/OtpInput'

2018-09-15 10:55:11 - [TEST_STEP][PASSED] - setText: Text 'y9405
' is set on object 'Object Repository/Login/OtpInput'

2018-09-15 10:55:11 - [MESSAGE][PASSED] - Text 'y9405
' is set on object 'Object Repository/Login/OtpInput'

2018-09-15 10:55:11 - [TEST_STEP][PASSED] - verifyElementPresent: Object 'Object Repository/Login/afterOpenDisplay' is present

2018-09-15 10:55:12 - [MESSAGE][PASSED] - Object 'Object Repository/Login/afterOpenDisplay' is present

2018-09-15 10:55:12 - [MESSAGE][PASSED] - Call Test Case 'Test Cases/BVT/aSimple_Login' successfully

2018-09-15 10:55:12 - [TEST_STEP][PASSED] - Statement - driver = com.kms.katalon.core.webui.driver.DriverFactory.getWebDriver(): null

2018-09-15 10:55:12 - [TEST_STEP][PASSED] - click: Object: 'Object Repository/Dashboard_Link Generator/linkgeneratorIcon' is clicked on

2018-09-15 10:55:12 - [MESSAGE][PASSED] - Object: 'Object Repository/Dashboard_Link Generator/linkgeneratorIcon' is clicked on

2018-09-15 10:55:12 - [TEST_STEP][PASSED] - Statement - x = CustomKeywords.newPackage.newKeyword.randomString(3).toLowerCase(): newPackage.newKeyword.randomString is PASSED

2018-09-15 10:55:12 - [MESSAGE][PASSED] - newPackage.newKeyword.randomString is PASSED

2018-09-15 10:55:12 - [TEST_STEP][PASSED] - Statement - teamMeberName = x: null

2018-09-15 10:55:12 - [TEST_STEP][PASSED] - setText: Text 'vjp' is set on object 'Object Repository/AddTeamMemberDashboard/name'

2018-09-15 10:55:13 - [MESSAGE][PASSED] - Text 'vjp' is set on object 'Object Repository/AddTeamMemberDashboard/name'

2018-09-15 10:55:13 - [TEST_STEP][PASSED] - setText: Text 'k2PHp2P6tr@gmail.com' is set on object 'Object Repository/AddTeamMemberDashboard/email'

2018-09-15 10:55:13 - [MESSAGE][PASSED] - newPackage.newKeyword.randomString is PASSED

2018-09-15 10:55:13 - [MESSAGE][PASSED] - Text 'k2PHp2P6tr@gmail.com' is set on object 'Object Repository/AddTeamMemberDashboard/email'

2018-09-15 10:55:13 - [TEST_STEP][PASSED] - setText: Text 'property' is set on object 'Object Repository/Dashboard_Link Generator/tag'

2018-09-15 10:55:13 - [MESSAGE][PASSED] - Text 'property' is set on object 'Object Repository/Dashboard_Link Generator/tag'

2018-09-15 10:55:13 - [TEST_STEP][PASSED] - click: Object: 'Object Repository/Dashboard_Link Generator/div_GET LINK' is clicked on

2018-09-15 10:55:13 - [MESSAGE][PASSED] - Object: 'Object Repository/Dashboard_Link Generator/div_GET LINK' is clicked on

2018-09-15 10:55:13 - [TEST_STEP][PASSED] - Statement - getLink = com.kms.katalon.core.webui.keyword.WebUiBuiltInKeywords.getAttribute(com.kms.katalon.core.testobject.ObjectRepository.findTestObject(Dashboard_Link Generator/input_link-text), "value"): Attribute 'value' of object 'Object Repository/Dashboard_Link Generator/input_link-text' is: 'https://dev.vcalling.in/url/UAT/?id=UAT-1-656'

2018-09-15 10:55:14 - [MESSAGE][PASSED] - Attribute 'value' of object 'Object Repository/Dashboard_Link Generator/input_link-text' is: 'https://dev.vcalling.in/url/UAT/?id=UAT-1-656'

2018-09-15 10:55:14 - [TEST_STEP][PASSED] - Statement - println(getLink): null

2018-09-15 10:55:14 - [TEST_STEP][PASSED] - click: Object: 'Object Repository/Dashboard_Link Generator/copyLink' is clicked on

2018-09-15 10:55:15 - [MESSAGE][PASSED] - Object: 'Object Repository/Dashboard_Link Generator/copyLink' is clicked on

2018-09-15 10:55:15 - [TEST_STEP][PASSED] - Statement - If (com.kms.katalon.core.webui.keyword.WebUiBuiltInKeywords.verifyElementPresent(com.kms.katalon.core.testobject.ObjectRepository.findTestObject(Dashboard_Link Generator/validation), 5, OPTIONAL)): null

2018-09-15 10:55:15 - [MESSAGE][PASSED] - Object 'Object Repository/Dashboard_Link Generator/validation' is present

2018-09-15 10:55:15 - [TEST_STEP][PASSED] - Statement - validationMessage = com.kms.katalon.core.webui.keyword.WebUiBuiltInKeywords.getText(com.kms.katalon.core.testobject.ObjectRepository.findTestObject(Dashboard_Link Generator/validation)): Text of object 'Object Repository/Dashboard_Link Generator/validation' is: 'Link Copied.!'

2018-09-15 10:55:15 - [MESSAGE][PASSED] - Text of object 'Object Repository/Dashboard_Link Generator/validation' is: 'Link Copied.!'

2018-09-15 10:55:15 - [TEST_STEP][PASSED] - verifyMatch: Actual text 'Link Copied.!' and expected text 'Link Copied.!' are matched 

2018-09-15 10:55:15 - [MESSAGE][PASSED] - Actual text 'Link Copied.!' and expected text 'Link Copied.!' are matched 

2018-09-15 10:55:15 - [TEST_STEP][PASSED] - Statement - println("successful"): null

2018-09-15 10:55:15 - [TEST_STEP][PASSED] - Statement - linkUserName = driver.findElements(org.openqa.selenium.By.className("text-link-log")): null

2018-09-15 10:55:15 - [TEST_STEP][PASSED] - Statement - previousCountValue = 0: null

2018-09-15 10:55:15 - [TEST_STEP][PASSED] - Statement - For ([i = 0, i < linkUserName.size(), (i++)]): null

2018-09-15 10:55:15 - [TEST_STEP][PASSED] - Statement - out.println("Admin Console: " + linkUserName.get(i).getText()): null

2018-09-15 10:55:15 - [TEST_STEP][PASSED] - Statement - linkLogmembername = linkUserName.get(i).getText(): null

2018-09-15 10:55:15 - [TEST_STEP][PASSED] - Statement - out.println("new Admin :" + linkLogmembername): null

2018-09-15 10:55:15 - [TEST_STEP][PASSED] - Statement - If (linkLogmembername.equals(teamMeberName)): null

2018-09-15 10:55:15 - [TEST_STEP][PASSED] - Statement - out.println("Admin Console: " + linkUserName.get(i).getText()): null

2018-09-15 10:55:15 - [TEST_STEP][PASSED] - Statement - linkLogmembername = linkUserName.get(i).getText(): null

2018-09-15 10:55:15 - [TEST_STEP][PASSED] - Statement - out.println("new Admin :" + linkLogmembername): null

2018-09-15 10:55:15 - [TEST_STEP][PASSED] - Statement - If (linkLogmembername.equals(teamMeberName)): null

2018-09-15 10:55:15 - [TEST_STEP][PASSED] - Statement - out.println("Admin Console: " + linkUserName.get(i).getText()): null

2018-09-15 10:55:15 - [TEST_STEP][PASSED] - Statement - linkLogmembername = linkUserName.get(i).getText(): null

2018-09-15 10:55:15 - [TEST_STEP][PASSED] - Statement - out.println("new Admin :" + linkLogmembername): null

2018-09-15 10:55:15 - [TEST_STEP][PASSED] - Statement - If (linkLogmembername.equals(teamMeberName)): null

2018-09-15 10:55:15 - [TEST_STEP][PASSED] - Statement - out.println("Admin Console: " + linkUserName.get(i).getText()): null

2018-09-15 10:55:15 - [TEST_STEP][PASSED] - Statement - linkLogmembername = linkUserName.get(i).getText(): null

2018-09-15 10:55:15 - [TEST_STEP][PASSED] - Statement - out.println("new Admin :" + linkLogmembername): null

2018-09-15 10:55:15 - [TEST_STEP][PASSED] - Statement - If (linkLogmembername.equals(teamMeberName)): null

2018-09-15 10:55:15 - [TEST_STEP][PASSED] - Statement - out.println("Admin Console: " + linkUserName.get(i).getText()): null

2018-09-15 10:55:15 - [TEST_STEP][PASSED] - Statement - linkLogmembername = linkUserName.get(i).getText(): null

2018-09-15 10:55:15 - [TEST_STEP][PASSED] - Statement - out.println("new Admin :" + linkLogmembername): null

2018-09-15 10:55:15 - [TEST_STEP][PASSED] - Statement - If (linkLogmembername.equals(teamMeberName)): null

2018-09-15 10:55:15 - [TEST_STEP][PASSED] - Statement - out.println("Admin Console: " + linkUserName.get(i).getText()): null

2018-09-15 10:55:15 - [TEST_STEP][PASSED] - Statement - linkLogmembername = linkUserName.get(i).getText(): null

2018-09-15 10:55:15 - [TEST_STEP][PASSED] - Statement - out.println("new Admin :" + linkLogmembername): null

2018-09-15 10:55:15 - [TEST_STEP][PASSED] - Statement - If (linkLogmembername.equals(teamMeberName)): null

2018-09-15 10:55:15 - [TEST_STEP][PASSED] - Statement - out.println("Admin Console: " + linkUserName.get(i).getText()): null

2018-09-15 10:55:15 - [TEST_STEP][PASSED] - Statement - linkLogmembername = linkUserName.get(i).getText(): null

2018-09-15 10:55:15 - [TEST_STEP][PASSED] - Statement - out.println("new Admin :" + linkLogmembername): null

2018-09-15 10:55:15 - [TEST_STEP][PASSED] - Statement - If (linkLogmembername.equals(teamMeberName)): null

2018-09-15 10:55:15 - [TEST_STEP][PASSED] - Statement - out.println("Admin Console: " + linkUserName.get(i).getText()): null

2018-09-15 10:55:15 - [TEST_STEP][PASSED] - Statement - linkLogmembername = linkUserName.get(i).getText(): null

2018-09-15 10:55:15 - [TEST_STEP][PASSED] - Statement - out.println("new Admin :" + linkLogmembername): null

2018-09-15 10:55:15 - [TEST_STEP][PASSED] - Statement - If (linkLogmembername.equals(teamMeberName)): null

2018-09-15 10:55:15 - [TEST_STEP][PASSED] - Statement - out.println("Admin Console: " + linkLogmembername): null

2018-09-15 10:55:15 - [TEST_STEP][PASSED] - Statement - linkUserName.get(i).click(): null

2018-09-15 10:55:15 - [TEST_STEP][PASSED] - Statement - out.println("Admin Console: " + linkUserName.get(i).getText()): null

2018-09-15 10:55:15 - [TEST_STEP][PASSED] - Statement - linkLogmembername = linkUserName.get(i).getText(): null

2018-09-15 10:55:15 - [TEST_STEP][PASSED] - Statement - out.println("new Admin :" + linkLogmembername): null

2018-09-15 10:55:15 - [TEST_STEP][PASSED] - Statement - If (linkLogmembername.equals(teamMeberName)): null

2018-09-15 10:55:15 - [TEST_STEP][PASSED] - Statement - out.println("Admin Console: " + linkUserName.get(i).getText()): null

2018-09-15 10:55:15 - [TEST_STEP][PASSED] - Statement - linkLogmembername = linkUserName.get(i).getText(): null

2018-09-15 10:55:15 - [TEST_STEP][PASSED] - Statement - out.println("new Admin :" + linkLogmembername): null

2018-09-15 10:55:15 - [TEST_STEP][PASSED] - Statement - If (linkLogmembername.equals(teamMeberName)): null

2018-09-15 10:55:15 - [TEST_STEP][PASSED] - Statement - out.println("Admin Console: " + linkUserName.get(i).getText()): null

2018-09-15 10:55:15 - [TEST_STEP][PASSED] - Statement - linkLogmembername = linkUserName.get(i).getText(): null

2018-09-15 10:55:15 - [TEST_STEP][PASSED] - Statement - out.println("new Admin :" + linkLogmembername): null

2018-09-15 10:55:15 - [TEST_STEP][PASSED] - Statement - If (linkLogmembername.equals(teamMeberName)): null

2018-09-15 10:55:15 - [TEST_STEP][PASSED] - Statement - out.println("Admin Console: " + linkUserName.get(i).getText()): null

2018-09-15 10:55:15 - [TEST_STEP][PASSED] - Statement - linkLogmembername = linkUserName.get(i).getText(): null

2018-09-15 10:55:15 - [TEST_STEP][PASSED] - Statement - out.println("new Admin :" + linkLogmembername): null

2018-09-15 10:55:15 - [TEST_STEP][PASSED] - Statement - If (linkLogmembername.equals(teamMeberName)): null

2018-09-15 10:55:15 - [TEST_STEP][PASSED] - Statement - out.println("Admin Console: " + linkUserName.get(i).getText()): null

2018-09-15 10:55:15 - [TEST_STEP][PASSED] - Statement - linkLogmembername = linkUserName.get(i).getText(): null

2018-09-15 10:55:15 - [TEST_STEP][PASSED] - Statement - out.println("new Admin :" + linkLogmembername): null

2018-09-15 10:55:15 - [TEST_STEP][PASSED] - Statement - If (linkLogmembername.equals(teamMeberName)): null

2018-09-15 10:55:15 - [TEST_STEP][PASSED] - Statement - out.println("Admin Console: " + linkUserName.get(i).getText()): null

2018-09-15 10:55:16 - [TEST_STEP][PASSED] - Statement - linkLogmembername = linkUserName.get(i).getText(): null

2018-09-15 10:55:16 - [TEST_STEP][PASSED] - Statement - out.println("new Admin :" + linkLogmembername): null

2018-09-15 10:55:16 - [TEST_STEP][PASSED] - Statement - If (linkLogmembername.equals(teamMeberName)): null

2018-09-15 10:55:16 - [TEST_STEP][PASSED] - Statement - out.println("Admin Console: " + linkUserName.get(i).getText()): null

2018-09-15 10:55:16 - [TEST_STEP][PASSED] - Statement - linkLogmembername = linkUserName.get(i).getText(): null

2018-09-15 10:55:16 - [TEST_STEP][PASSED] - Statement - out.println("new Admin :" + linkLogmembername): null

2018-09-15 10:55:16 - [TEST_STEP][PASSED] - Statement - If (linkLogmembername.equals(teamMeberName)): null

2018-09-15 10:55:16 - [TEST_STEP][PASSED] - Statement - out.println("Admin Console: " + linkUserName.get(i).getText()): null

2018-09-15 10:55:16 - [TEST_STEP][PASSED] - Statement - linkLogmembername = linkUserName.get(i).getText(): null

2018-09-15 10:55:16 - [TEST_STEP][PASSED] - Statement - out.println("new Admin :" + linkLogmembername): null

2018-09-15 10:55:16 - [TEST_STEP][PASSED] - Statement - If (linkLogmembername.equals(teamMeberName)): null

2018-09-15 10:55:16 - [TEST_STEP][PASSED] - Statement - out.println("Admin Console: " + linkUserName.get(i).getText()): null

2018-09-15 10:55:16 - [TEST_STEP][PASSED] - Statement - linkLogmembername = linkUserName.get(i).getText(): null

2018-09-15 10:55:16 - [TEST_STEP][PASSED] - Statement - out.println("new Admin :" + linkLogmembername): null

2018-09-15 10:55:16 - [TEST_STEP][PASSED] - Statement - If (linkLogmembername.equals(teamMeberName)): null

2018-09-15 10:55:16 - [TEST_STEP][PASSED] - Statement - out.println("Admin Console: " + linkUserName.get(i).getText()): null

2018-09-15 10:55:16 - [TEST_STEP][PASSED] - Statement - linkLogmembername = linkUserName.get(i).getText(): null

2018-09-15 10:55:16 - [TEST_STEP][PASSED] - Statement - out.println("new Admin :" + linkLogmembername): null

2018-09-15 10:55:16 - [TEST_STEP][PASSED] - Statement - If (linkLogmembername.equals(teamMeberName)): null

2018-09-15 10:55:16 - [TEST_STEP][PASSED] - Statement - out.println("Admin Console: " + linkUserName.get(i).getText()): null

2018-09-15 10:55:16 - [TEST_STEP][PASSED] - Statement - linkLogmembername = linkUserName.get(i).getText(): null

2018-09-15 10:55:16 - [TEST_STEP][PASSED] - Statement - out.println("new Admin :" + linkLogmembername): null

2018-09-15 10:55:16 - [TEST_STEP][PASSED] - Statement - If (linkLogmembername.equals(teamMeberName)): null

2018-09-15 10:55:16 - [TEST_STEP][PASSED] - Statement - out.println("Admin Console: " + linkUserName.get(i).getText()): null

2018-09-15 10:55:16 - [TEST_STEP][PASSED] - Statement - linkLogmembername = linkUserName.get(i).getText(): null

2018-09-15 10:55:16 - [TEST_STEP][PASSED] - Statement - out.println("new Admin :" + linkLogmembername): null

2018-09-15 10:55:16 - [TEST_STEP][PASSED] - Statement - If (linkLogmembername.equals(teamMeberName)): null

2018-09-15 10:55:16 - [TEST_STEP][PASSED] - Statement - out.println("Admin Console: " + linkUserName.get(i).getText()): null

2018-09-15 10:55:16 - [TEST_STEP][PASSED] - Statement - linkLogmembername = linkUserName.get(i).getText(): null

2018-09-15 10:55:16 - [TEST_STEP][PASSED] - Statement - out.println("new Admin :" + linkLogmembername): null

2018-09-15 10:55:16 - [TEST_STEP][PASSED] - Statement - If (linkLogmembername.equals(teamMeberName)): null

2018-09-15 10:55:16 - [TEST_STEP][PASSED] - Statement - out.println("Admin Console: " + linkUserName.get(i).getText()): null

2018-09-15 10:55:16 - [TEST_STEP][PASSED] - Statement - linkLogmembername = linkUserName.get(i).getText(): null

2018-09-15 10:55:16 - [TEST_STEP][PASSED] - Statement - out.println("new Admin :" + linkLogmembername): null

2018-09-15 10:55:16 - [TEST_STEP][PASSED] - Statement - If (linkLogmembername.equals(teamMeberName)): null

2018-09-15 10:55:16 - [TEST_STEP][PASSED] - Statement - out.println("Admin Console: " + linkUserName.get(i).getText()): null

2018-09-15 10:55:16 - [TEST_STEP][PASSED] - Statement - linkLogmembername = linkUserName.get(i).getText(): null

2018-09-15 10:55:16 - [TEST_STEP][PASSED] - Statement - out.println("new Admin :" + linkLogmembername): null

2018-09-15 10:55:16 - [TEST_STEP][PASSED] - Statement - If (linkLogmembername.equals(teamMeberName)): null

2018-09-15 10:55:16 - [TEST_STEP][PASSED] - Statement - out.println("Admin Console: " + linkUserName.get(i).getText()): null

2018-09-15 10:55:16 - [TEST_STEP][PASSED] - Statement - linkLogmembername = linkUserName.get(i).getText(): null

2018-09-15 10:55:16 - [TEST_STEP][PASSED] - Statement - out.println("new Admin :" + linkLogmembername): null

2018-09-15 10:55:16 - [TEST_STEP][PASSED] - Statement - If (linkLogmembername.equals(teamMeberName)): null

2018-09-15 10:55:16 - [TEST_STEP][PASSED] - Statement - out.println("Admin Console: " + linkUserName.get(i).getText()): null

2018-09-15 10:55:16 - [TEST_STEP][PASSED] - Statement - linkLogmembername = linkUserName.get(i).getText(): null

2018-09-15 10:55:16 - [TEST_STEP][PASSED] - Statement - out.println("new Admin :" + linkLogmembername): null

2018-09-15 10:55:16 - [TEST_STEP][PASSED] - Statement - If (linkLogmembername.equals(teamMeberName)): null

2018-09-15 10:55:16 - [TEST_STEP][PASSED] - Statement - out.println("Admin Console: " + linkUserName.get(i).getText()): null

2018-09-15 10:55:16 - [TEST_STEP][PASSED] - Statement - linkLogmembername = linkUserName.get(i).getText(): null

2018-09-15 10:55:16 - [TEST_STEP][PASSED] - Statement - out.println("new Admin :" + linkLogmembername): null

2018-09-15 10:55:16 - [TEST_STEP][PASSED] - Statement - If (linkLogmembername.equals(teamMeberName)): null

2018-09-15 10:55:16 - [TEST_STEP][PASSED] - Statement - out.println("Admin Console: " + linkUserName.get(i).getText()): null

2018-09-15 10:55:16 - [TEST_STEP][PASSED] - Statement - linkLogmembername = linkUserName.get(i).getText(): null

2018-09-15 10:55:16 - [TEST_STEP][PASSED] - Statement - out.println("new Admin :" + linkLogmembername): null

2018-09-15 10:55:16 - [TEST_STEP][PASSED] - Statement - If (linkLogmembername.equals(teamMeberName)): null

2018-09-15 10:55:16 - [TEST_STEP][PASSED] - Statement - out.println("Admin Console: " + linkUserName.get(i).getText()): null

2018-09-15 10:55:16 - [TEST_STEP][PASSED] - Statement - linkLogmembername = linkUserName.get(i).getText(): null

2018-09-15 10:55:16 - [TEST_STEP][PASSED] - Statement - out.println("new Admin :" + linkLogmembername): null

2018-09-15 10:55:16 - [TEST_STEP][PASSED] - Statement - If (linkLogmembername.equals(teamMeberName)): null

2018-09-15 10:55:16 - [TEST_STEP][PASSED] - Statement - out.println("Admin Console: " + linkUserName.get(i).getText()): null

2018-09-15 10:55:16 - [TEST_STEP][PASSED] - Statement - linkLogmembername = linkUserName.get(i).getText(): null

2018-09-15 10:55:16 - [TEST_STEP][PASSED] - Statement - out.println("new Admin :" + linkLogmembername): null

2018-09-15 10:55:16 - [TEST_STEP][PASSED] - Statement - If (linkLogmembername.equals(teamMeberName)): null

2018-09-15 10:55:16 - [TEST_STEP][PASSED] - Statement - out.println("Admin Console: " + linkUserName.get(i).getText()): null

2018-09-15 10:55:16 - [TEST_STEP][PASSED] - Statement - linkLogmembername = linkUserName.get(i).getText(): null

2018-09-15 10:55:16 - [TEST_STEP][PASSED] - Statement - out.println("new Admin :" + linkLogmembername): null

2018-09-15 10:55:16 - [TEST_STEP][PASSED] - Statement - If (linkLogmembername.equals(teamMeberName)): null

2018-09-15 10:55:16 - [TEST_STEP][PASSED] - Statement - out.println("Admin Console: " + linkUserName.get(i).getText()): null

2018-09-15 10:55:16 - [TEST_STEP][PASSED] - Statement - linkLogmembername = linkUserName.get(i).getText(): null

2018-09-15 10:55:16 - [TEST_STEP][PASSED] - Statement - out.println("new Admin :" + linkLogmembername): null

2018-09-15 10:55:16 - [TEST_STEP][PASSED] - Statement - If (linkLogmembername.equals(teamMeberName)): null

2018-09-15 10:55:16 - [TEST_STEP][PASSED] - Statement - out.println("Admin Console: " + linkUserName.get(i).getText()): null

2018-09-15 10:55:16 - [TEST_STEP][PASSED] - Statement - linkLogmembername = linkUserName.get(i).getText(): null

2018-09-15 10:55:16 - [TEST_STEP][PASSED] - Statement - out.println("new Admin :" + linkLogmembername): null

2018-09-15 10:55:16 - [TEST_STEP][PASSED] - Statement - If (linkLogmembername.equals(teamMeberName)): null

2018-09-15 10:55:16 - [TEST_STEP][PASSED] - Statement - out.println("Admin Console: " + linkUserName.get(i).getText()): null

2018-09-15 10:55:16 - [TEST_STEP][PASSED] - Statement - linkLogmembername = linkUserName.get(i).getText(): null

2018-09-15 10:55:16 - [TEST_STEP][PASSED] - Statement - out.println("new Admin :" + linkLogmembername): null

2018-09-15 10:55:16 - [TEST_STEP][PASSED] - Statement - If (linkLogmembername.equals(teamMeberName)): null

2018-09-15 10:55:16 - [TEST_STEP][PASSED] - Statement - out.println("Admin Console: " + linkUserName.get(i).getText()): null

2018-09-15 10:55:16 - [TEST_STEP][PASSED] - Statement - linkLogmembername = linkUserName.get(i).getText(): null

2018-09-15 10:55:16 - [TEST_STEP][PASSED] - Statement - out.println("new Admin :" + linkLogmembername): null

2018-09-15 10:55:16 - [TEST_STEP][PASSED] - Statement - If (linkLogmembername.equals(teamMeberName)): null

2018-09-15 10:55:16 - [TEST_STEP][PASSED] - Statement - out.println("Admin Console: " + linkUserName.get(i).getText()): null

2018-09-15 10:55:16 - [TEST_STEP][PASSED] - Statement - linkLogmembername = linkUserName.get(i).getText(): null

2018-09-15 10:55:16 - [TEST_STEP][PASSED] - Statement - out.println("new Admin :" + linkLogmembername): null

2018-09-15 10:55:16 - [TEST_STEP][PASSED] - Statement - If (linkLogmembername.equals(teamMeberName)): null

2018-09-15 10:55:16 - [TEST_STEP][PASSED] - Statement - out.println("Admin Console: " + linkUserName.get(i).getText()): null

2018-09-15 10:55:17 - [TEST_STEP][PASSED] - Statement - linkLogmembername = linkUserName.get(i).getText(): null

2018-09-15 10:55:17 - [TEST_STEP][PASSED] - Statement - out.println("new Admin :" + linkLogmembername): null

2018-09-15 10:55:17 - [TEST_STEP][PASSED] - Statement - If (linkLogmembername.equals(teamMeberName)): null

2018-09-15 10:55:17 - [TEST_STEP][PASSED] - Statement - out.println("Admin Console: " + linkUserName.get(i).getText()): null

2018-09-15 10:55:17 - [TEST_STEP][PASSED] - Statement - linkLogmembername = linkUserName.get(i).getText(): null

2018-09-15 10:55:17 - [TEST_STEP][PASSED] - Statement - out.println("new Admin :" + linkLogmembername): null

2018-09-15 10:55:17 - [TEST_STEP][PASSED] - Statement - If (linkLogmembername.equals(teamMeberName)): null

2018-09-15 10:55:17 - [TEST_STEP][PASSED] - Statement - out.println("Admin Console: " + linkUserName.get(i).getText()): null

2018-09-15 10:55:17 - [TEST_STEP][PASSED] - Statement - linkLogmembername = linkUserName.get(i).getText(): null

2018-09-15 10:55:17 - [TEST_STEP][PASSED] - Statement - out.println("new Admin :" + linkLogmembername): null

2018-09-15 10:55:17 - [TEST_STEP][PASSED] - Statement - If (linkLogmembername.equals(teamMeberName)): null

2018-09-15 10:55:17 - [TEST_STEP][PASSED] - Statement - out.println("Admin Console: " + linkUserName.get(i).getText()): null

2018-09-15 10:55:17 - [TEST_STEP][PASSED] - Statement - linkLogmembername = linkUserName.get(i).getText(): null

2018-09-15 10:55:17 - [TEST_STEP][PASSED] - Statement - out.println("new Admin :" + linkLogmembername): null

2018-09-15 10:55:17 - [TEST_STEP][PASSED] - Statement - If (linkLogmembername.equals(teamMeberName)): null

2018-09-15 10:55:17 - [TEST_STEP][PASSED] - Statement - out.println("Admin Console: " + linkUserName.get(i).getText()): null

2018-09-15 10:55:17 - [TEST_STEP][PASSED] - Statement - linkLogmembername = linkUserName.get(i).getText(): null

2018-09-15 10:55:17 - [TEST_STEP][PASSED] - Statement - out.println("new Admin :" + linkLogmembername): null

2018-09-15 10:55:17 - [TEST_STEP][PASSED] - Statement - If (linkLogmembername.equals(teamMeberName)): null

2018-09-15 10:55:17 - [TEST_STEP][PASSED] - Statement - out.println("Admin Console: " + linkUserName.get(i).getText()): null

2018-09-15 10:55:17 - [TEST_STEP][PASSED] - Statement - linkLogmembername = linkUserName.get(i).getText(): null

2018-09-15 10:55:17 - [TEST_STEP][PASSED] - Statement - out.println("new Admin :" + linkLogmembername): null

2018-09-15 10:55:17 - [TEST_STEP][PASSED] - Statement - If (linkLogmembername.equals(teamMeberName)): null

2018-09-15 10:55:17 - [TEST_STEP][PASSED] - Statement - out.println("Admin Console: " + linkUserName.get(i).getText()): null

2018-09-15 10:55:17 - [TEST_STEP][PASSED] - Statement - linkLogmembername = linkUserName.get(i).getText(): null

2018-09-15 10:55:17 - [TEST_STEP][PASSED] - Statement - out.println("new Admin :" + linkLogmembername): null

2018-09-15 10:55:17 - [TEST_STEP][PASSED] - Statement - If (linkLogmembername.equals(teamMeberName)): null

2018-09-15 10:55:17 - [TEST_STEP][PASSED] - Statement - out.println("Admin Console: " + linkUserName.get(i).getText()): null

2018-09-15 10:55:17 - [TEST_STEP][PASSED] - Statement - linkLogmembername = linkUserName.get(i).getText(): null

2018-09-15 10:55:17 - [TEST_STEP][PASSED] - Statement - out.println("new Admin :" + linkLogmembername): null

2018-09-15 10:55:17 - [TEST_STEP][PASSED] - Statement - If (linkLogmembername.equals(teamMeberName)): null

2018-09-15 10:55:17 - [TEST_STEP][PASSED] - Statement - out.println("Admin Console: " + linkUserName.get(i).getText()): null

2018-09-15 10:55:17 - [TEST_STEP][PASSED] - Statement - linkLogmembername = linkUserName.get(i).getText(): null

2018-09-15 10:55:17 - [TEST_STEP][PASSED] - Statement - out.println("new Admin :" + linkLogmembername): null

2018-09-15 10:55:17 - [TEST_STEP][PASSED] - Statement - If (linkLogmembername.equals(teamMeberName)): null

2018-09-15 10:55:17 - [TEST_STEP][PASSED] - Statement - out.println("Admin Console: " + linkUserName.get(i).getText()): null

2018-09-15 10:55:17 - [TEST_STEP][PASSED] - Statement - linkLogmembername = linkUserName.get(i).getText(): null

2018-09-15 10:55:17 - [TEST_STEP][PASSED] - Statement - out.println("new Admin :" + linkLogmembername): null

2018-09-15 10:55:17 - [TEST_STEP][PASSED] - Statement - If (linkLogmembername.equals(teamMeberName)): null

2018-09-15 10:55:17 - [TEST_STEP][PASSED] - Statement - out.println("Admin Console: " + linkUserName.get(i).getText()): null

2018-09-15 10:55:17 - [TEST_STEP][PASSED] - Statement - linkLogmembername = linkUserName.get(i).getText(): null

2018-09-15 10:55:17 - [TEST_STEP][PASSED] - Statement - out.println("new Admin :" + linkLogmembername): null

2018-09-15 10:55:17 - [TEST_STEP][PASSED] - Statement - If (linkLogmembername.equals(teamMeberName)): null

2018-09-15 10:55:17 - [TEST_STEP][PASSED] - Statement - out.println("Admin Console: " + linkUserName.get(i).getText()): null

2018-09-15 10:55:17 - [TEST_STEP][PASSED] - Statement - linkLogmembername = linkUserName.get(i).getText(): null

2018-09-15 10:55:17 - [TEST_STEP][PASSED] - Statement - out.println("new Admin :" + linkLogmembername): null

2018-09-15 10:55:17 - [TEST_STEP][PASSED] - Statement - If (linkLogmembername.equals(teamMeberName)): null

2018-09-15 10:55:17 - [TEST_STEP][PASSED] - Statement - out.println("Admin Console: " + linkUserName.get(i).getText()): null

2018-09-15 10:55:17 - [TEST_STEP][PASSED] - Statement - linkLogmembername = linkUserName.get(i).getText(): null

2018-09-15 10:55:17 - [TEST_STEP][PASSED] - Statement - out.println("new Admin :" + linkLogmembername): null

2018-09-15 10:55:17 - [TEST_STEP][PASSED] - Statement - If (linkLogmembername.equals(teamMeberName)): null

2018-09-15 10:55:17 - [TEST_STEP][PASSED] - Statement - out.println("Admin Console: " + linkUserName.get(i).getText()): null

2018-09-15 10:55:17 - [TEST_STEP][PASSED] - Statement - linkLogmembername = linkUserName.get(i).getText(): null

2018-09-15 10:55:17 - [TEST_STEP][PASSED] - Statement - out.println("new Admin :" + linkLogmembername): null

2018-09-15 10:55:17 - [TEST_STEP][PASSED] - Statement - If (linkLogmembername.equals(teamMeberName)): null

2018-09-15 10:55:17 - [TEST_STEP][PASSED] - Statement - out.println("Admin Console: " + linkUserName.get(i).getText()): null

2018-09-15 10:55:17 - [TEST_STEP][PASSED] - Statement - linkLogmembername = linkUserName.get(i).getText(): null

2018-09-15 10:55:17 - [TEST_STEP][PASSED] - Statement - out.println("new Admin :" + linkLogmembername): null

2018-09-15 10:55:17 - [TEST_STEP][PASSED] - Statement - If (linkLogmembername.equals(teamMeberName)): null

2018-09-15 10:55:17 - [TEST_STEP][PASSED] - Statement - out.println("Admin Console: " + linkUserName.get(i).getText()): null

2018-09-15 10:55:17 - [TEST_STEP][PASSED] - Statement - linkLogmembername = linkUserName.get(i).getText(): null

2018-09-15 10:55:17 - [TEST_STEP][PASSED] - Statement - out.println("new Admin :" + linkLogmembername): null

2018-09-15 10:55:17 - [TEST_STEP][PASSED] - Statement - If (linkLogmembername.equals(teamMeberName)): null

2018-09-15 10:55:17 - [TEST_STEP][PASSED] - Statement - out.println("Admin Console: " + linkUserName.get(i).getText()): null

2018-09-15 10:55:17 - [TEST_STEP][PASSED] - Statement - linkLogmembername = linkUserName.get(i).getText(): null

2018-09-15 10:55:17 - [TEST_STEP][PASSED] - Statement - out.println("new Admin :" + linkLogmembername): null

2018-09-15 10:55:17 - [TEST_STEP][PASSED] - Statement - If (linkLogmembername.equals(teamMeberName)): null

2018-09-15 10:55:17 - [TEST_STEP][PASSED] - Statement - out.println("Admin Console: " + linkUserName.get(i).getText()): null

2018-09-15 10:55:17 - [TEST_STEP][PASSED] - Statement - linkLogmembername = linkUserName.get(i).getText(): null

2018-09-15 10:55:17 - [TEST_STEP][PASSED] - Statement - out.println("new Admin :" + linkLogmembername): null

2018-09-15 10:55:17 - [TEST_STEP][PASSED] - Statement - If (linkLogmembername.equals(teamMeberName)): null

2018-09-15 10:55:17 - [TEST_STEP][PASSED] - Statement - out.println("Admin Console: " + linkUserName.get(i).getText()): null

2018-09-15 10:55:18 - [TEST_STEP][PASSED] - Statement - linkLogmembername = linkUserName.get(i).getText(): null

2018-09-15 10:55:18 - [TEST_STEP][PASSED] - Statement - out.println("new Admin :" + linkLogmembername): null

2018-09-15 10:55:18 - [TEST_STEP][PASSED] - Statement - If (linkLogmembername.equals(teamMeberName)): null

2018-09-15 10:55:18 - [TEST_STEP][PASSED] - Statement - out.println("Admin Console: " + linkUserName.get(i).getText()): null

2018-09-15 10:55:18 - [TEST_STEP][PASSED] - Statement - linkLogmembername = linkUserName.get(i).getText(): null

2018-09-15 10:55:18 - [TEST_STEP][PASSED] - Statement - out.println("new Admin :" + linkLogmembername): null

2018-09-15 10:55:18 - [TEST_STEP][PASSED] - Statement - If (linkLogmembername.equals(teamMeberName)): null

2018-09-15 10:55:18 - [TEST_STEP][PASSED] - Statement - out.println("Admin Console: " + linkUserName.get(i).getText()): null

2018-09-15 10:55:18 - [TEST_STEP][PASSED] - Statement - linkLogmembername = linkUserName.get(i).getText(): null

2018-09-15 10:55:18 - [TEST_STEP][PASSED] - Statement - out.println("new Admin :" + linkLogmembername): null

2018-09-15 10:55:18 - [TEST_STEP][PASSED] - Statement - If (linkLogmembername.equals(teamMeberName)): null

2018-09-15 10:55:18 - [TEST_STEP][PASSED] - Statement - out.println("Admin Console: " + linkUserName.get(i).getText()): null

2018-09-15 10:55:18 - [TEST_STEP][PASSED] - Statement - linkLogmembername = linkUserName.get(i).getText(): null

2018-09-15 10:55:18 - [TEST_STEP][PASSED] - Statement - out.println("new Admin :" + linkLogmembername): null

2018-09-15 10:55:18 - [TEST_STEP][PASSED] - Statement - If (linkLogmembername.equals(teamMeberName)): null

2018-09-15 10:55:18 - [TEST_STEP][PASSED] - Statement - If (com.kms.katalon.core.webui.keyword.WebUiBuiltInKeywords.verifyElementPresent(com.kms.katalon.core.testobject.ObjectRepository.findTestObject(Object Repository/linkLog/customerProfileDetails), 5, OPTIONAL)): null

2018-09-15 10:55:18 - [MESSAGE][PASSED] - Object 'Object Repository/linkLog/customerProfileDetails' is present

2018-09-15 10:55:18 - [TEST_STEP][PASSED] - Statement - println("open link log successful"): null

2018-09-15 10:55:18 - [TEST_STEP][PASSED] - Statement - If (com.kms.katalon.core.webui.keyword.WebUiBuiltInKeywords.verifyElementPresent(com.kms.katalon.core.testobject.ObjectRepository.findTestObject(Object Repository/Notes/addNotesCustomerDetails), 2)): null

2018-09-15 10:55:18 - [MESSAGE][PASSED] - Object 'Object Repository/Notes/addNotesCustomerDetails' is present

2018-09-15 10:55:18 - [TEST_STEP][PASSED] - click: Object: 'Object Repository/Notes/addNotesCustomerDetails' is clicked on

2018-09-15 10:55:18 - [MESSAGE][PASSED] - Object: 'Object Repository/Notes/addNotesCustomerDetails' is clicked on

2018-09-15 10:55:18 - [TEST_STEP][PASSED] - Statement - println("successful"): null

2018-09-15 10:55:18 - [TEST_STEP][PASSED] - setText: Text 'Mass media campaigns are widely used to expose high proportions of large populations to messages through routine uses of existing media, such as television, radio, and newspapers.' is set on object 'Object Repository/Notes/notesInputBox'

2018-09-15 10:55:19 - [MESSAGE][PASSED] - Text 'Mass media campaigns are widely used to expose high proportions of large populations to messages through routine uses of existing media, such as television, radio, and newspapers.' is set on object 'Object Repository/Notes/notesInputBox'

2018-09-15 10:55:19 - [TEST_STEP][PASSED] - Statement - If (com.kms.katalon.core.webui.keyword.WebUiBuiltInKeywords.verifyElementPresent(com.kms.katalon.core.testobject.ObjectRepository.findTestObject(Object Repository/Notes/saveNotesButton), 2)): null

2018-09-15 10:55:19 - [MESSAGE][PASSED] - Object 'Object Repository/Notes/saveNotesButton' is present

2018-09-15 10:55:19 - [TEST_STEP][PASSED] - click: Object: 'Object Repository/Notes/saveNotesButton' is clicked on

2018-09-15 10:55:19 - [MESSAGE][PASSED] - Object: 'Object Repository/Notes/saveNotesButton' is clicked on

2018-09-15 10:55:19 - [TEST_STEP][PASSED] - Statement - println("successful"): null

2018-09-15 10:55:19 - [TEST_STEP][PASSED] - Statement - If (com.kms.katalon.core.webui.keyword.WebUiBuiltInKeywords.verifyElementPresent(com.kms.katalon.core.testobject.ObjectRepository.findTestObject(Dashboard_Link Generator/validation), 5)): null

2018-09-15 10:55:20 - [MESSAGE][PASSED] - Object 'Object Repository/Dashboard_Link Generator/validation' is present

2018-09-15 10:55:20 - [TEST_STEP][PASSED] - Statement - validationMessage = com.kms.katalon.core.webui.keyword.WebUiBuiltInKeywords.getText(com.kms.katalon.core.testobject.ObjectRepository.findTestObject(Dashboard_Link Generator/validation)): Text of object 'Object Repository/Dashboard_Link Generator/validation' is: 'Note Added.!'

2018-09-15 10:55:20 - [MESSAGE][PASSED] - Text of object 'Object Repository/Dashboard_Link Generator/validation' is: 'Note Added.!'

2018-09-15 10:55:20 - [TEST_STEP][PASSED] - verifyMatch: Actual text 'Note Added.!' and expected text 'Note Added.!' are matched 

2018-09-15 10:55:20 - [MESSAGE][PASSED] - Actual text 'Note Added.!' and expected text 'Note Added.!' are matched 

2018-09-15 10:55:20 - [TEST_STEP][PASSED] - Statement - println("successful"): null

2018-09-15 10:55:20 - [TEST_STEP][PASSED] - Statement - If (com.kms.katalon.core.webui.keyword.WebUiBuiltInKeywords.verifyElementPresent(com.kms.katalon.core.testobject.ObjectRepository.findTestObject(Object Repository/Notes/activityLog), 5)): Unable to click on object 'Object Repository/Notes/activityLog' (Root cause: org.openqa.selenium.WebDriverException: unknown error: Element <div class="activity-log-btn">...</div> is not clickable at point (1155, 278). Other element would receive the click: <div class="loader-screen">...</div>
  (Session info: chrome=69.0.3497.92)
  (Driver info: chromedriver=2.35.528161 (5b82f2d2aae0ca24b877009200ced9065a772e73),platform=Windows NT 10.0.17134 x86_64) (WARNING: The server did not provide any stacktrace information)
Command duration or timeout: 0 milliseconds
Build info: version: '3.7.1', revision: '8a0099a', time: '2017-11-06T21:07:36.161Z'
System info: host: 'DESKTOP-D4528LJ', ip: '10.6.8.31', os.name: 'Windows 10', os.arch: 'amd64', os.version: '10.0', java.version: '1.8.0_181'
Driver info: com.kms.katalon.selenium.driver.CChromeDriver
Capabilities {acceptInsecureCerts: false, acceptSslCerts: false, applicationCacheEnabled: false, browserConnectionEnabled: false, browserName: chrome, chrome: {chromedriverVersion: 2.35.528161 (5b82f2d2aae0ca..., userDataDir: C:\Users\Kaushal\AppData\Lo...}, cssSelectorsEnabled: true, databaseEnabled: false, handlesAlerts: true, hasTouchScreen: false, javascriptEnabled: true, locationContextEnabled: true, mobileEmulationEnabled: false, nativeEvents: true, networkConnectionEnabled: false, pageLoadStrategy: normal, platform: XP, platformName: XP, rotatable: false, setWindowRect: true, takesHeapSnapshot: true, takesScreenshot: true, unexpectedAlertBehaviour: , unhandledPromptBehavior: , version: 69.0.3497.92, webStorageEnabled: true}
Session ID: d3d78603d0d1c69a8bbcb00d5b3af053)

2018-09-15 10:55:20 - [MESSAGE][PASSED] - Object 'Object Repository/Notes/activityLog' is present

2018-09-15 10:55:20 - [TEST_STEP][FAILED] - click: Unable to click on object 'Object Repository/Notes/activityLog' (Root cause: org.openqa.selenium.WebDriverException: unknown error: Element <div class="activity-log-btn">...</div> is not clickable at point (1155, 278). Other element would receive the click: <div class="loader-screen">...</div>
  (Session info: chrome=69.0.3497.92)
  (Driver info: chromedriver=2.35.528161 (5b82f2d2aae0ca24b877009200ced9065a772e73),platform=Windows NT 10.0.17134 x86_64) (WARNING: The server did not provide any stacktrace information)
Command duration or timeout: 0 milliseconds
Build info: version: '3.7.1', revision: '8a0099a', time: '2017-11-06T21:07:36.161Z'
System info: host: 'DESKTOP-D4528LJ', ip: '10.6.8.31', os.name: 'Windows 10', os.arch: 'amd64', os.version: '10.0', java.version: '1.8.0_181'
Driver info: com.kms.katalon.selenium.driver.CChromeDriver
Capabilities {acceptInsecureCerts: false, acceptSslCerts: false, applicationCacheEnabled: false, browserConnectionEnabled: false, browserName: chrome, chrome: {chromedriverVersion: 2.35.528161 (5b82f2d2aae0ca..., userDataDir: C:\Users\Kaushal\AppData\Lo...}, cssSelectorsEnabled: true, databaseEnabled: false, handlesAlerts: true, hasTouchScreen: false, javascriptEnabled: true, locationContextEnabled: true, mobileEmulationEnabled: false, nativeEvents: true, networkConnectionEnabled: false, pageLoadStrategy: normal, platform: XP, platformName: XP, rotatable: false, setWindowRect: true, takesHeapSnapshot: true, takesScreenshot: true, unexpectedAlertBehaviour: , unhandledPromptBehavior: , version: 69.0.3497.92, webStorageEnabled: true}
Session ID: d3d78603d0d1c69a8bbcb00d5b3af053)

2018-09-15 10:55:20 - [MESSAGE][FAILED] - Unable to click on object 'Object Repository/Notes/activityLog' (Root cause: org.openqa.selenium.WebDriverException: unknown error: Element <div class="activity-log-btn">...</div> is not clickable at point (1155, 278). Other element would receive the click: <div class="loader-screen">...</div>
  (Session info: chrome=69.0.3497.92)
  (Driver info: chromedriver=2.35.528161 (5b82f2d2aae0ca24b877009200ced9065a772e73),platform=Windows NT 10.0.17134 x86_64) (WARNING: The server did not provide any stacktrace information)
Command duration or timeout: 0 milliseconds
Build info: version: '3.7.1', revision: '8a0099a', time: '2017-11-06T21:07:36.161Z'
System info: host: 'DESKTOP-D4528LJ', ip: '10.6.8.31', os.name: 'Windows 10', os.arch: 'amd64', os.version: '10.0', java.version: '1.8.0_181'
Driver info: com.kms.katalon.selenium.driver.CChromeDriver
Capabilities {acceptInsecureCerts: false, acceptSslCerts: false, applicationCacheEnabled: false, browserConnectionEnabled: false, browserName: chrome, chrome: {chromedriverVersion: 2.35.528161 (5b82f2d2aae0ca..., userDataDir: C:\Users\Kaushal\AppData\Lo...}, cssSelectorsEnabled: true, databaseEnabled: false, handlesAlerts: true, hasTouchScreen: false, javascriptEnabled: true, locationContextEnabled: true, mobileEmulationEnabled: false, nativeEvents: true, networkConnectionEnabled: false, pageLoadStrategy: normal, platform: XP, platformName: XP, rotatable: false, setWindowRect: true, takesHeapSnapshot: true, takesScreenshot: true, unexpectedAlertBehaviour: , unhandledPromptBehavior: , version: 69.0.3497.92, webStorageEnabled: true}
Session ID: d3d78603d0d1c69a8bbcb00d5b3af053)
[[ATTACHMENT|C:\\Users\\Kaushal\\Desktop\\Katalon Studio\\vCallingDashboard\\Reports\\RegressionSuite\\20180915_103222\\1537005320236.png]]]]></system-out>
         <system-err><![CDATA[2018-09-15 10:54:41 - [TEST_CASE][FAILED] - Test Cases/completed/TestCase5_NotesFunctionality/saveNotesAndBackThroughActivityLog: Test Cases/completed/TestCase5_NotesFunctionality/saveNotesAndBackThroughActivityLog FAILED because (of) (Stack trace: com.kms.katalon.core.exception.StepFailedException: Unable to click on object 'Object Repository/Notes/activityLog' (Root cause: org.openqa.selenium.WebDriverException: unknown error: Element <div class="activity-log-btn">...</div> is not clickable at point (1155, 278). Other element would receive the click: <div class="loader-screen">...</div>
  (Session info: chrome=69.0.3497.92)
  (Driver info: chromedriver=2.35.528161 (5b82f2d2aae0ca24b877009200ced9065a772e73),platform=Windows NT 10.0.17134 x86_64) (WARNING: The server did not provide any stacktrace information)
Command duration or timeout: 0 milliseconds
Build info: version: '3.7.1', revision: '8a0099a', time: '2017-11-06T21:07:36.161Z'
System info: host: 'DESKTOP-D4528LJ', ip: '10.6.8.31', os.name: 'Windows 10', os.arch: 'amd64', os.version: '10.0', java.version: '1.8.0_181'
Driver info: com.kms.katalon.selenium.driver.CChromeDriver
Capabilities {acceptInsecureCerts: false, acceptSslCerts: false, applicationCacheEnabled: false, browserConnectionEnabled: false, browserName: chrome, chrome: {chromedriverVersion: 2.35.528161 (5b82f2d2aae0ca..., userDataDir: C:\Users\Kaushal\AppData\Lo...}, cssSelectorsEnabled: true, databaseEnabled: false, handlesAlerts: true, hasTouchScreen: false, javascriptEnabled: true, locationContextEnabled: true, mobileEmulationEnabled: false, nativeEvents: true, networkConnectionEnabled: false, pageLoadStrategy: normal, platform: XP, platformName: XP, rotatable: false, setWindowRect: true, takesHeapSnapshot: true, takesScreenshot: true, unexpectedAlertBehaviour: , unhandledPromptBehavior: , version: 69.0.3497.92, webStorageEnabled: true}
Session ID: d3d78603d0d1c69a8bbcb00d5b3af053)
	at com.kms.katalon.core.keyword.internal.KeywordMain.stepFailed(KeywordMain.groovy:36)
	at com.kms.katalon.core.webui.keyword.internal.WebUIKeywordMain.stepFailed(WebUIKeywordMain.groovy:65)
	at com.kms.katalon.core.webui.keyword.internal.WebUIKeywordMain.runKeyword(WebUIKeywordMain.groovy:27)
	at com.kms.katalon.core.webui.keyword.builtin.ClickKeyword.click(ClickKeyword.groovy:86)
	at com.kms.katalon.core.webui.keyword.builtin.ClickKeyword.execute(ClickKeyword.groovy:67)
	at com.kms.katalon.core.keyword.internal.KeywordExecutor.executeKeywordForPlatform(KeywordExecutor.groovy:53)
	at com.kms.katalon.core.webui.keyword.WebUiBuiltInKeywords.click(WebUiBuiltInKeywords.groovy:616)
	at com.kms.katalon.core.webui.keyword.WebUiBuiltInKeywords$click$2.call(Unknown Source)
	at org.codehaus.groovy.runtime.callsite.CallSiteArray.defaultCall(CallSiteArray.java:48)
	at org.codehaus.groovy.runtime.callsite.AbstractCallSite.call(AbstractCallSite.java:113)
	at org.codehaus.groovy.runtime.callsite.AbstractCallSite.call(AbstractCallSite.java:125)
	at Script1536050728964.run(Script1536050728964.groovy:127)
	at com.kms.katalon.core.main.ScriptEngine.run(ScriptEngine.java:183)
	at com.kms.katalon.core.main.ScriptEngine.runScriptAsRawText(ScriptEngine.java:108)
	at com.kms.katalon.core.main.TestCaseExecutor.runScript(TestCaseExecutor.java:294)
	at com.kms.katalon.core.main.TestCaseExecutor.doExecute(TestCaseExecutor.java:285)
	at com.kms.katalon.core.main.TestCaseExecutor.processExecutionPhase(TestCaseExecutor.java:264)
	at com.kms.katalon.core.main.TestCaseExecutor.accessMainPhase(TestCaseExecutor.java:256)
	at com.kms.katalon.core.main.TestCaseExecutor.execute(TestCaseExecutor.java:200)
	at com.kms.katalon.core.main.TestSuiteExecutor.accessTestCaseMainPhase(TestSuiteExecutor.java:129)
	at com.kms.katalon.core.main.TestSuiteExecutor.accessTestSuiteMainPhase(TestSuiteExecutor.java:112)
	at com.kms.katalon.core.main.TestSuiteExecutor.execute(TestSuiteExecutor.java:81)
	at com.kms.katalon.core.main.TestCaseMain.startTestSuite(TestCaseMain.java:142)
	at com.kms.katalon.core.main.TestCaseMain$startTestSuite$0.call(Unknown Source)
	at org.codehaus.groovy.runtime.callsite.CallSiteArray.defaultCall(CallSiteArray.java:48)
	at org.codehaus.groovy.runtime.callsite.AbstractCallSite.call(AbstractCallSite.java:113)
	at org.codehaus.groovy.runtime.callsite.AbstractCallSite.call(AbstractCallSite.java:141)
	at TempTestSuite1537003942876.run(TempTestSuite1537003942876.groovy:36)
	at groovy.lang.GroovyShell.runScriptOrMainOrTestOrRunnable(GroovyShell.java:263)
	at groovy.lang.GroovyShell.run(GroovyShell.java:518)
	at groovy.lang.GroovyShell.run(GroovyShell.java:507)
	at groovy.ui.GroovyMain.processOnce(GroovyMain.java:653)
	at groovy.ui.GroovyMain.run(GroovyMain.java:384)
	at groovy.ui.GroovyMain.process(GroovyMain.java:370)
	at groovy.ui.GroovyMain.processArgs(GroovyMain.java:129)
	at groovy.ui.GroovyMain.main(GroovyMain.java:109)
	at sun.reflect.NativeMethodAccessorImpl.invoke0(Native Method)
	at sun.reflect.NativeMethodAccessorImpl.invoke(NativeMethodAccessorImpl.java:62)
	at sun.reflect.DelegatingMethodAccessorImpl.invoke(DelegatingMethodAccessorImpl.java:43)
	at java.lang.reflect.Method.invoke(Method.java:498)
	at org.codehaus.groovy.tools.GroovyStarter.rootLoader(GroovyStarter.java:109)
	at org.codehaus.groovy.tools.GroovyStarter.main(GroovyStarter.java:131)
)]]></system-err>
      </testcase>
      <testcase name="Test Cases/completed/TestCase5_paginationNavigate/pagination" classname="Test Cases/completed/TestCase5_paginationNavigate/pagination" status="PASSED">
         <system-out><![CDATA[2018-09-15 10:55:20 - [TEST_CASE][PASSED] - Test Cases/completed/TestCase5_paginationNavigate/pagination: Test Cases/completed/TestCase5_paginationNavigate/pagination

2018-09-15 10:55:20 - [TEST_STEP][PASSED] - callTestCase: Call Test Case 'Test Cases/BVT/aSimple_Login' successfully

2018-09-15 10:55:20 - [TEST_CASE][PASSED] - Test Cases/BVT/aSimple_Login: Test Cases/BVT/aSimple_Login

2018-09-15 10:55:21 - [TEST_STEP][PASSED] - openBrowser: Browser is opened with url: ''

2018-09-15 10:55:21 - [MESSAGE][WARNING] - A browser is already opened. Closing browser and opening a new one

2018-09-15 10:55:24 - [MESSAGE][PASSED] - Browser is opened with url: ''

2018-09-15 10:55:24 - [TEST_STEP][PASSED] - maximizeWindow: Current window maximized

2018-09-15 10:55:25 - [MESSAGE][PASSED] - Current window maximized

2018-09-15 10:55:25 - [TEST_STEP][PASSED] - navigateToUrl: Navigate to 'https://dev.vcalling.in/enterprises/UAT/Dashboard/index.html' successfully

2018-09-15 10:55:29 - [MESSAGE][PASSED] - Navigate to 'https://dev.vcalling.in/enterprises/UAT/Dashboard/index.html' successfully

2018-09-15 10:55:29 - [TEST_STEP][PASSED] - setText: Text 'testing4dea@gmail.com' is set on object 'Object Repository/Login/UserId'

2018-09-15 10:55:29 - [MESSAGE][PASSED] - Text 'testing4dea@gmail.com' is set on object 'Object Repository/Login/UserId'

2018-09-15 10:55:29 - [TEST_STEP][PASSED] - click: Object: 'Object Repository/Login/div_GET OTP' is clicked on

2018-09-15 10:55:29 - [MESSAGE][PASSED] - Object: 'Object Repository/Login/div_GET OTP' is clicked on

2018-09-15 10:55:29 - [TEST_STEP][PASSED] - waitForElementPresent: Object 'Object Repository/Login/div_SUBMIT' is present

2018-09-15 10:55:31 - [MESSAGE][PASSED] - Object 'Object Repository/Login/div_SUBMIT' is present

2018-09-15 10:55:31 - [TEST_STEP][PASSED] - Statement - If (com.kms.katalon.core.webui.keyword.WebUiBuiltInKeywords.verifyElementNotPresent(com.kms.katalon.core.testobject.ObjectRepository.findTestObject(Login/div_SUBMIT), 5, OPTIONAL)): Web element with id: 'Object Repository/Login/div_SUBMIT' located by 'By.xpath: //div[(text() = ' SUBMIT ' or . = ' SUBMIT ')]' is present after '5' second(s)

2018-09-15 10:55:37 - [MESSAGE][WARNING] - Web element with id: 'Object Repository/Login/div_SUBMIT' located by 'By.xpath: //div[(text() = ' SUBMIT ' or . = ' SUBMIT ')]' is present after '5' second(s)
[[ATTACHMENT|C:\\Users\\Kaushal\\Desktop\\Katalon Studio\\vCallingDashboard\\Reports\\RegressionSuite\\20180915_103222\\1537005336678.png]]

2018-09-15 10:55:37 - [TEST_STEP][PASSED] - Statement - sleep(5000): null

2018-09-15 10:55:42 - [TEST_STEP][PASSED] - Statement - OTP = getOTP(): null

2018-09-15 10:55:42 - [TEST_STEP][PASSED] - Statement - host = "imap.gmail.com": null

2018-09-15 10:55:42 - [TEST_STEP][PASSED] - Statement - msg = <not implemented yet for class: org.codehaus.groovy.ast.expr.EmptyExpression>: null

2018-09-15 10:55:42 - [TEST_STEP][PASSED] - Statement - msgSub = <not implemented yet for class: org.codehaus.groovy.ast.expr.EmptyExpression>: null

2018-09-15 10:55:42 - [TEST_STEP][PASSED] - Statement - OTP = "unavailable": null

2018-09-15 10:55:42 - [TEST_STEP][PASSED] - Statement - props = new java.util.Properties(): null

2018-09-15 10:55:42 - [TEST_STEP][PASSED] - Statement - props.setProperty("mail.imap.ssl.enable", "true"): null

2018-09-15 10:55:42 - [TEST_STEP][PASSED] - Statement - session = javax.mail.Session.getInstance(props): null

2018-09-15 10:55:42 - [TEST_STEP][PASSED] - Statement - store = <not implemented yet for class: org.codehaus.groovy.ast.expr.EmptyExpression>: null

2018-09-15 10:55:42 - [TEST_STEP][PASSED] - Statement - Try: null

2018-09-15 10:55:42 - [TEST_STEP][PASSED] - Statement - store = session.getStore("imap"): null

2018-09-15 10:55:42 - [TEST_STEP][PASSED] - Statement - store.connect(host, Email, Password): null

2018-09-15 10:55:44 - [TEST_STEP][PASSED] - Statement - emailFolder = store.getFolder("INBOX"): null

2018-09-15 10:55:44 - [TEST_STEP][PASSED] - Statement - emailFolder.open(READ_WRITE): null

2018-09-15 10:55:44 - [TEST_STEP][PASSED] - Statement - messages = emailFolder.getMessages(): null

2018-09-15 10:55:44 - [TEST_STEP][PASSED] - Statement - n = length: null

2018-09-15 10:55:44 - [TEST_STEP][PASSED] - Statement - message = messages[n - 1]: null

2018-09-15 10:55:44 - [TEST_STEP][PASSED] - Statement - msgSub = message.getSubject(): null

2018-09-15 10:55:44 - [TEST_STEP][PASSED] - Statement - If (msgSub.equals("OTP to Sign In")): null

2018-09-15 10:55:44 - [TEST_STEP][PASSED] - Statement - msg = message.getContent().toString(): null

2018-09-15 10:55:45 - [TEST_STEP][PASSED] - Statement - OTP = msg.substring(msg.length() - 7): null

2018-09-15 10:55:45 - [TEST_STEP][PASSED] - Statement - message.setFlag(DELETED, true): null

2018-09-15 10:55:45 - [TEST_STEP][PASSED] - Statement - emailFolder.close(true): null

2018-09-15 10:55:46 - [TEST_STEP][PASSED] - Statement - store.close(): null

2018-09-15 10:55:46 - [TEST_STEP][PASSED] - Statement - return OTP: null

2018-09-15 10:55:46 - [TEST_STEP][PASSED] - Statement - If (OTP.equals("unavailable")): null

2018-09-15 10:55:46 - [TEST_STEP][PASSED] - Statement - Else: Text 'a9453
' is set on object 'Object Repository/Login/OtpInput'

2018-09-15 10:55:46 - [TEST_STEP][PASSED] - setText: Text 'a9453
' is set on object 'Object Repository/Login/OtpInput'

2018-09-15 10:55:46 - [MESSAGE][PASSED] - Text 'a9453
' is set on object 'Object Repository/Login/OtpInput'

2018-09-15 10:55:46 - [TEST_STEP][PASSED] - verifyElementPresent: Object 'Object Repository/Login/afterOpenDisplay' is present

2018-09-15 10:55:47 - [MESSAGE][PASSED] - Object 'Object Repository/Login/afterOpenDisplay' is present

2018-09-15 10:55:47 - [MESSAGE][PASSED] - Call Test Case 'Test Cases/BVT/aSimple_Login' successfully

2018-09-15 10:55:47 - [TEST_STEP][PASSED] - delay: Delayed 2 second(s)

2018-09-15 10:55:49 - [MESSAGE][PASSED] - Delayed 2 second(s)

2018-09-15 10:55:49 - [TEST_STEP][PASSED] - Statement - driver = com.kms.katalon.core.webui.driver.DriverFactory.getWebDriver(): null

2018-09-15 10:55:49 - [TEST_STEP][PASSED] - Statement - linkLog = driver.findElements(org.openqa.selenium.By.xpath("/html/body/div[2]/div/div/div[2]/div[2]/div[1]/div[2]/div")): null

2018-09-15 10:55:49 - [TEST_STEP][PASSED] - Statement - println("linklogCount :" + linkLog.size()): null

2018-09-15 10:55:49 - [TEST_STEP][PASSED] - Statement - sizeStore = linkLog.size(): null

2018-09-15 10:55:49 - [TEST_STEP][PASSED] - Statement - linkGeneratorCount = driver.findElement(org.openqa.selenium.By.xpath("/html/body/div[2]/div/div/div[2]/div[2]/div[1]/div[1]/div[5]/div[1]/div[1]")).getText(): null

2018-09-15 10:55:49 - [TEST_STEP][PASSED] - Statement - println(linkGeneratorCount): null

2018-09-15 10:55:49 - [TEST_STEP][PASSED] - Statement - linkGeneratorCount = java.lang.Integer.parseInt(linkGeneratorCount.split(" ")[0]): null

2018-09-15 10:55:49 - [TEST_STEP][PASSED] - Statement - println(linkGeneratorCount): null

2018-09-15 10:55:49 - [TEST_STEP][PASSED] - Statement - If (com.kms.katalon.core.webui.keyword.WebUiBuiltInKeywords.verifyElementPresent(com.kms.katalon.core.testobject.ObjectRepository.findTestObject(Object Repository/pagi/paginationFooter), 2)): Object 'Object Repository/pagi/div_pagination-icon' is present

2018-09-15 10:55:49 - [MESSAGE][PASSED] - Object 'Object Repository/pagi/paginationFooter' is present

2018-09-15 10:55:49 - [TEST_STEP][PASSED] - Statement - cssValue = com.kms.katalon.core.webui.keyword.WebUiBuiltInKeywords.getCSSValue(com.kms.katalon.core.testobject.ObjectRepository.findTestObject(pagi/div_pagination-icon next-icn), "background"): Get CSS 'background' value on 'Object Repository/pagi/div_pagination-icon next-icn' successfully: 'rgba(0, 0, 0, 0) url("blob:https://dev.vcalling.in/b288a0aa-9280-4f5f-8e52-92426723f005") repeat scroll 0% 0% / 100% 100% padding-box border-box'.

2018-09-15 10:55:49 - [MESSAGE][PASSED] - Get CSS 'background' value on 'Object Repository/pagi/div_pagination-icon next-icn' successfully: 'rgba(0, 0, 0, 0) url("blob:https://dev.vcalling.in/b288a0aa-9280-4f5f-8e52-92426723f005") repeat scroll 0% 0% / 100% 100% padding-box border-box'.

2018-09-15 10:55:49 - [TEST_STEP][PASSED] - Statement - println(cssValue): null

2018-09-15 10:55:49 - [TEST_STEP][PASSED] - Statement - words = cssValue.split(""")[1]: null

2018-09-15 10:55:49 - [TEST_STEP][PASSED] - Statement - out.println(words): null

2018-09-15 10:55:49 - [TEST_STEP][PASSED] - Statement - word2 = words.split("/")[3]: null

2018-09-15 10:55:49 - [TEST_STEP][PASSED] - Statement - out.println(word2): null

2018-09-15 10:55:49 - [TEST_STEP][PASSED] - Statement - inActiveCssValue = com.kms.katalon.core.webui.keyword.WebUiBuiltInKeywords.getCSSValue(com.kms.katalon.core.testobject.ObjectRepository.findTestObject(pagi/div_pagination-icon), "background"): Get CSS 'background' value on 'Object Repository/pagi/div_pagination-icon' successfully: 'rgba(0, 0, 0, 0) url("blob:https://dev.vcalling.in/07293b8c-f628-4b5e-b77a-7b81d72f7857") repeat scroll 0% 0% / 100% 100% padding-box border-box'.

2018-09-15 10:55:49 - [MESSAGE][PASSED] - Get CSS 'background' value on 'Object Repository/pagi/div_pagination-icon' successfully: 'rgba(0, 0, 0, 0) url("blob:https://dev.vcalling.in/07293b8c-f628-4b5e-b77a-7b81d72f7857") repeat scroll 0% 0% / 100% 100% padding-box border-box'.

2018-09-15 10:55:49 - [TEST_STEP][PASSED] - Statement - println(inActiveCssValue): null

2018-09-15 10:55:49 - [TEST_STEP][PASSED] - Statement - notActivatedCss = inActiveCssValue.split(""")[1]: null

2018-09-15 10:55:49 - [TEST_STEP][PASSED] - Statement - out.println(notActivatedCss): null

2018-09-15 10:55:49 - [TEST_STEP][PASSED] - Statement - cssNotActive = notActivatedCss.split("/")[3]: null

2018-09-15 10:55:49 - [TEST_STEP][PASSED] - Statement - out.println(cssNotActive): null

2018-09-15 10:55:49 - [TEST_STEP][PASSED] - Statement - If (linkGeneratorCount > sizeStore - 2): Object 'Object Repository/pagi/div_pagination-icon' is present

2018-09-15 10:55:49 - [TEST_STEP][PASSED] - Statement - compare = true: null

2018-09-15 10:55:49 - [TEST_STEP][PASSED] - Statement - While (compare): Object 'Object Repository/pagi/div_pagination-icon' is present

2018-09-15 10:55:49 - [TEST_STEP][PASSED] - Statement - (linkGeneratorCount++): null

2018-09-15 10:55:49 - [TEST_STEP][PASSED] - click: Object: 'Object Repository/pagi/div_pagination-icon next-icn' is clicked on

2018-09-15 10:55:49 - [MESSAGE][PASSED] - Object: 'Object Repository/pagi/div_pagination-icon next-icn' is clicked on

2018-09-15 10:55:49 - [TEST_STEP][PASSED] - Statement - cssValue = com.kms.katalon.core.webui.keyword.WebUiBuiltInKeywords.getCSSValue(com.kms.katalon.core.testobject.ObjectRepository.findTestObject(pagi/div_pagination-icon next-icn), "background"): Get CSS 'background' value on 'Object Repository/pagi/div_pagination-icon next-icn' successfully: 'rgba(0, 0, 0, 0) url("blob:https://dev.vcalling.in/b288a0aa-9280-4f5f-8e52-92426723f005") repeat scroll 0% 0% / 100% 100% padding-box border-box'.

2018-09-15 10:55:49 - [MESSAGE][PASSED] - Get CSS 'background' value on 'Object Repository/pagi/div_pagination-icon next-icn' successfully: 'rgba(0, 0, 0, 0) url("blob:https://dev.vcalling.in/b288a0aa-9280-4f5f-8e52-92426723f005") repeat scroll 0% 0% / 100% 100% padding-box border-box'.

2018-09-15 10:55:49 - [TEST_STEP][PASSED] - Statement - println(cssValue): null

2018-09-15 10:55:49 - [TEST_STEP][PASSED] - delay: Delayed 5 second(s)

2018-09-15 10:55:54 - [MESSAGE][PASSED] - Delayed 5 second(s)

2018-09-15 10:55:54 - [TEST_STEP][PASSED] - Statement - words = cssValue.split(""")[1]: null

2018-09-15 10:55:54 - [TEST_STEP][PASSED] - Statement - out.println(words): null

2018-09-15 10:55:54 - [TEST_STEP][PASSED] - Statement - word2 = words.split("/")[3]: null

2018-09-15 10:55:54 - [TEST_STEP][PASSED] - Statement - out.println(word2): null

2018-09-15 10:55:54 - [TEST_STEP][PASSED] - Statement - compare = cssNotActive != word2: null

2018-09-15 10:55:54 - [TEST_STEP][PASSED] - Statement - println(compare): null

2018-09-15 10:55:54 - [TEST_STEP][PASSED] - verifyElementPresent: Object 'Object Repository/pagi/div_pagination-icon' is present

2018-09-15 10:55:54 - [MESSAGE][PASSED] - Object 'Object Repository/pagi/div_pagination-icon' is present

2018-09-15 10:55:54 - [TEST_STEP][PASSED] - Statement - (linkGeneratorCount++): null

2018-09-15 10:55:54 - [TEST_STEP][PASSED] - click: Object: 'Object Repository/pagi/div_pagination-icon next-icn' is clicked on

2018-09-15 10:55:54 - [MESSAGE][PASSED] - Object: 'Object Repository/pagi/div_pagination-icon next-icn' is clicked on

2018-09-15 10:55:54 - [TEST_STEP][PASSED] - Statement - cssValue = com.kms.katalon.core.webui.keyword.WebUiBuiltInKeywords.getCSSValue(com.kms.katalon.core.testobject.ObjectRepository.findTestObject(pagi/div_pagination-icon next-icn), "background"): Get CSS 'background' value on 'Object Repository/pagi/div_pagination-icon next-icn' successfully: 'rgba(0, 0, 0, 0) url("blob:https://dev.vcalling.in/b288a0aa-9280-4f5f-8e52-92426723f005") repeat scroll 0% 0% / 100% 100% padding-box border-box'.

2018-09-15 10:55:54 - [MESSAGE][PASSED] - Get CSS 'background' value on 'Object Repository/pagi/div_pagination-icon next-icn' successfully: 'rgba(0, 0, 0, 0) url("blob:https://dev.vcalling.in/b288a0aa-9280-4f5f-8e52-92426723f005") repeat scroll 0% 0% / 100% 100% padding-box border-box'.

2018-09-15 10:55:54 - [TEST_STEP][PASSED] - Statement - println(cssValue): null

2018-09-15 10:55:54 - [TEST_STEP][PASSED] - delay: Delayed 5 second(s)

2018-09-15 10:55:59 - [MESSAGE][PASSED] - Delayed 5 second(s)

2018-09-15 10:55:59 - [TEST_STEP][PASSED] - Statement - words = cssValue.split(""")[1]: null

2018-09-15 10:55:59 - [TEST_STEP][PASSED] - Statement - out.println(words): null

2018-09-15 10:55:59 - [TEST_STEP][PASSED] - Statement - word2 = words.split("/")[3]: null

2018-09-15 10:55:59 - [TEST_STEP][PASSED] - Statement - out.println(word2): null

2018-09-15 10:55:59 - [TEST_STEP][PASSED] - Statement - compare = cssNotActive != word2: null

2018-09-15 10:55:59 - [TEST_STEP][PASSED] - Statement - println(compare): null

2018-09-15 10:55:59 - [TEST_STEP][PASSED] - verifyElementPresent: Object 'Object Repository/pagi/div_pagination-icon' is present

2018-09-15 10:55:59 - [MESSAGE][PASSED] - Object 'Object Repository/pagi/div_pagination-icon' is present

2018-09-15 10:55:59 - [TEST_STEP][PASSED] - Statement - (linkGeneratorCount++): null

2018-09-15 10:55:59 - [TEST_STEP][PASSED] - click: Object: 'Object Repository/pagi/div_pagination-icon next-icn' is clicked on

2018-09-15 10:55:59 - [MESSAGE][PASSED] - Object: 'Object Repository/pagi/div_pagination-icon next-icn' is clicked on

2018-09-15 10:55:59 - [TEST_STEP][PASSED] - Statement - cssValue = com.kms.katalon.core.webui.keyword.WebUiBuiltInKeywords.getCSSValue(com.kms.katalon.core.testobject.ObjectRepository.findTestObject(pagi/div_pagination-icon next-icn), "background"): Get CSS 'background' value on 'Object Repository/pagi/div_pagination-icon next-icn' successfully: 'rgba(0, 0, 0, 0) url("blob:https://dev.vcalling.in/b288a0aa-9280-4f5f-8e52-92426723f005") repeat scroll 0% 0% / 100% 100% padding-box border-box'.

2018-09-15 10:55:59 - [MESSAGE][PASSED] - Get CSS 'background' value on 'Object Repository/pagi/div_pagination-icon next-icn' successfully: 'rgba(0, 0, 0, 0) url("blob:https://dev.vcalling.in/b288a0aa-9280-4f5f-8e52-92426723f005") repeat scroll 0% 0% / 100% 100% padding-box border-box'.

2018-09-15 10:55:59 - [TEST_STEP][PASSED] - Statement - println(cssValue): null

2018-09-15 10:55:59 - [TEST_STEP][PASSED] - delay: Delayed 5 second(s)

2018-09-15 10:56:04 - [MESSAGE][PASSED] - Delayed 5 second(s)

2018-09-15 10:56:04 - [TEST_STEP][PASSED] - Statement - words = cssValue.split(""")[1]: null

2018-09-15 10:56:04 - [TEST_STEP][PASSED] - Statement - out.println(words): null

2018-09-15 10:56:04 - [TEST_STEP][PASSED] - Statement - word2 = words.split("/")[3]: null

2018-09-15 10:56:04 - [TEST_STEP][PASSED] - Statement - out.println(word2): null

2018-09-15 10:56:04 - [TEST_STEP][PASSED] - Statement - compare = cssNotActive != word2: null

2018-09-15 10:56:04 - [TEST_STEP][PASSED] - Statement - println(compare): null

2018-09-15 10:56:04 - [TEST_STEP][PASSED] - verifyElementPresent: Object 'Object Repository/pagi/div_pagination-icon' is present

2018-09-15 10:56:04 - [MESSAGE][PASSED] - Object 'Object Repository/pagi/div_pagination-icon' is present

2018-09-15 10:56:04 - [TEST_STEP][PASSED] - Statement - (linkGeneratorCount++): null

2018-09-15 10:56:04 - [TEST_STEP][PASSED] - click: Object: 'Object Repository/pagi/div_pagination-icon next-icn' is clicked on

2018-09-15 10:56:04 - [MESSAGE][PASSED] - Object: 'Object Repository/pagi/div_pagination-icon next-icn' is clicked on

2018-09-15 10:56:04 - [TEST_STEP][PASSED] - Statement - cssValue = com.kms.katalon.core.webui.keyword.WebUiBuiltInKeywords.getCSSValue(com.kms.katalon.core.testobject.ObjectRepository.findTestObject(pagi/div_pagination-icon next-icn), "background"): Get CSS 'background' value on 'Object Repository/pagi/div_pagination-icon next-icn' successfully: 'rgba(0, 0, 0, 0) url("blob:https://dev.vcalling.in/b288a0aa-9280-4f5f-8e52-92426723f005") repeat scroll 0% 0% / 100% 100% padding-box border-box'.

2018-09-15 10:56:05 - [MESSAGE][PASSED] - Get CSS 'background' value on 'Object Repository/pagi/div_pagination-icon next-icn' successfully: 'rgba(0, 0, 0, 0) url("blob:https://dev.vcalling.in/b288a0aa-9280-4f5f-8e52-92426723f005") repeat scroll 0% 0% / 100% 100% padding-box border-box'.

2018-09-15 10:56:05 - [TEST_STEP][PASSED] - Statement - println(cssValue): null

2018-09-15 10:56:05 - [TEST_STEP][PASSED] - delay: Delayed 5 second(s)

2018-09-15 10:56:10 - [MESSAGE][PASSED] - Delayed 5 second(s)

2018-09-15 10:56:10 - [TEST_STEP][PASSED] - Statement - words = cssValue.split(""")[1]: null

2018-09-15 10:56:10 - [TEST_STEP][PASSED] - Statement - out.println(words): null

2018-09-15 10:56:10 - [TEST_STEP][PASSED] - Statement - word2 = words.split("/")[3]: null

2018-09-15 10:56:10 - [TEST_STEP][PASSED] - Statement - out.println(word2): null

2018-09-15 10:56:10 - [TEST_STEP][PASSED] - Statement - compare = cssNotActive != word2: null

2018-09-15 10:56:10 - [TEST_STEP][PASSED] - Statement - println(compare): null

2018-09-15 10:56:10 - [TEST_STEP][PASSED] - verifyElementPresent: Object 'Object Repository/pagi/div_pagination-icon' is present

2018-09-15 10:56:10 - [MESSAGE][PASSED] - Object 'Object Repository/pagi/div_pagination-icon' is present

2018-09-15 10:56:10 - [TEST_STEP][PASSED] - Statement - (linkGeneratorCount++): null

2018-09-15 10:56:10 - [TEST_STEP][PASSED] - click: Object: 'Object Repository/pagi/div_pagination-icon next-icn' is clicked on

2018-09-15 10:56:10 - [MESSAGE][PASSED] - Object: 'Object Repository/pagi/div_pagination-icon next-icn' is clicked on

2018-09-15 10:56:10 - [TEST_STEP][PASSED] - Statement - cssValue = com.kms.katalon.core.webui.keyword.WebUiBuiltInKeywords.getCSSValue(com.kms.katalon.core.testobject.ObjectRepository.findTestObject(pagi/div_pagination-icon next-icn), "background"): Get CSS 'background' value on 'Object Repository/pagi/div_pagination-icon next-icn' successfully: 'rgba(0, 0, 0, 0) url("blob:https://dev.vcalling.in/b288a0aa-9280-4f5f-8e52-92426723f005") repeat scroll 0% 0% / 100% 100% padding-box border-box'.

2018-09-15 10:56:10 - [MESSAGE][PASSED] - Get CSS 'background' value on 'Object Repository/pagi/div_pagination-icon next-icn' successfully: 'rgba(0, 0, 0, 0) url("blob:https://dev.vcalling.in/b288a0aa-9280-4f5f-8e52-92426723f005") repeat scroll 0% 0% / 100% 100% padding-box border-box'.

2018-09-15 10:56:10 - [TEST_STEP][PASSED] - Statement - println(cssValue): null

2018-09-15 10:56:10 - [TEST_STEP][PASSED] - delay: Delayed 5 second(s)

2018-09-15 10:56:15 - [MESSAGE][PASSED] - Delayed 5 second(s)

2018-09-15 10:56:15 - [TEST_STEP][PASSED] - Statement - words = cssValue.split(""")[1]: null

2018-09-15 10:56:15 - [TEST_STEP][PASSED] - Statement - out.println(words): null

2018-09-15 10:56:15 - [TEST_STEP][PASSED] - Statement - word2 = words.split("/")[3]: null

2018-09-15 10:56:15 - [TEST_STEP][PASSED] - Statement - out.println(word2): null

2018-09-15 10:56:15 - [TEST_STEP][PASSED] - Statement - compare = cssNotActive != word2: null

2018-09-15 10:56:15 - [TEST_STEP][PASSED] - Statement - println(compare): null

2018-09-15 10:56:15 - [TEST_STEP][PASSED] - verifyElementPresent: Object 'Object Repository/pagi/div_pagination-icon' is present

2018-09-15 10:56:15 - [MESSAGE][PASSED] - Object 'Object Repository/pagi/div_pagination-icon' is present

2018-09-15 10:56:15 - [TEST_STEP][PASSED] - Statement - (linkGeneratorCount++): null

2018-09-15 10:56:15 - [TEST_STEP][PASSED] - click: Object: 'Object Repository/pagi/div_pagination-icon next-icn' is clicked on

2018-09-15 10:56:15 - [MESSAGE][PASSED] - Object: 'Object Repository/pagi/div_pagination-icon next-icn' is clicked on

2018-09-15 10:56:15 - [TEST_STEP][PASSED] - Statement - cssValue = com.kms.katalon.core.webui.keyword.WebUiBuiltInKeywords.getCSSValue(com.kms.katalon.core.testobject.ObjectRepository.findTestObject(pagi/div_pagination-icon next-icn), "background"): Get CSS 'background' value on 'Object Repository/pagi/div_pagination-icon next-icn' successfully: 'rgba(0, 0, 0, 0) url("blob:https://dev.vcalling.in/b288a0aa-9280-4f5f-8e52-92426723f005") repeat scroll 0% 0% / 100% 100% padding-box border-box'.

2018-09-15 10:56:15 - [MESSAGE][PASSED] - Get CSS 'background' value on 'Object Repository/pagi/div_pagination-icon next-icn' successfully: 'rgba(0, 0, 0, 0) url("blob:https://dev.vcalling.in/b288a0aa-9280-4f5f-8e52-92426723f005") repeat scroll 0% 0% / 100% 100% padding-box border-box'.

2018-09-15 10:56:15 - [TEST_STEP][PASSED] - Statement - println(cssValue): null

2018-09-15 10:56:15 - [TEST_STEP][PASSED] - delay: Delayed 5 second(s)

2018-09-15 10:56:20 - [MESSAGE][PASSED] - Delayed 5 second(s)

2018-09-15 10:56:20 - [TEST_STEP][PASSED] - Statement - words = cssValue.split(""")[1]: null

2018-09-15 10:56:20 - [TEST_STEP][PASSED] - Statement - out.println(words): null

2018-09-15 10:56:20 - [TEST_STEP][PASSED] - Statement - word2 = words.split("/")[3]: null

2018-09-15 10:56:20 - [TEST_STEP][PASSED] - Statement - out.println(word2): null

2018-09-15 10:56:20 - [TEST_STEP][PASSED] - Statement - compare = cssNotActive != word2: null

2018-09-15 10:56:20 - [TEST_STEP][PASSED] - Statement - println(compare): null

2018-09-15 10:56:20 - [TEST_STEP][PASSED] - verifyElementPresent: Object 'Object Repository/pagi/div_pagination-icon' is present

2018-09-15 10:56:20 - [MESSAGE][PASSED] - Object 'Object Repository/pagi/div_pagination-icon' is present

2018-09-15 10:56:20 - [TEST_STEP][PASSED] - Statement - (linkGeneratorCount++): null

2018-09-15 10:56:20 - [TEST_STEP][PASSED] - click: Object: 'Object Repository/pagi/div_pagination-icon next-icn' is clicked on

2018-09-15 10:56:20 - [MESSAGE][PASSED] - Object: 'Object Repository/pagi/div_pagination-icon next-icn' is clicked on

2018-09-15 10:56:20 - [TEST_STEP][PASSED] - Statement - cssValue = com.kms.katalon.core.webui.keyword.WebUiBuiltInKeywords.getCSSValue(com.kms.katalon.core.testobject.ObjectRepository.findTestObject(pagi/div_pagination-icon next-icn), "background"): Get CSS 'background' value on 'Object Repository/pagi/div_pagination-icon next-icn' successfully: 'rgba(0, 0, 0, 0) url("blob:https://dev.vcalling.in/b288a0aa-9280-4f5f-8e52-92426723f005") repeat scroll 0% 0% / 100% 100% padding-box border-box'.

2018-09-15 10:56:20 - [MESSAGE][PASSED] - Get CSS 'background' value on 'Object Repository/pagi/div_pagination-icon next-icn' successfully: 'rgba(0, 0, 0, 0) url("blob:https://dev.vcalling.in/b288a0aa-9280-4f5f-8e52-92426723f005") repeat scroll 0% 0% / 100% 100% padding-box border-box'.

2018-09-15 10:56:20 - [TEST_STEP][PASSED] - Statement - println(cssValue): null

2018-09-15 10:56:20 - [TEST_STEP][PASSED] - delay: Delayed 5 second(s)

2018-09-15 10:56:25 - [MESSAGE][PASSED] - Delayed 5 second(s)

2018-09-15 10:56:25 - [TEST_STEP][PASSED] - Statement - words = cssValue.split(""")[1]: null

2018-09-15 10:56:25 - [TEST_STEP][PASSED] - Statement - out.println(words): null

2018-09-15 10:56:25 - [TEST_STEP][PASSED] - Statement - word2 = words.split("/")[3]: null

2018-09-15 10:56:25 - [TEST_STEP][PASSED] - Statement - out.println(word2): null

2018-09-15 10:56:25 - [TEST_STEP][PASSED] - Statement - compare = cssNotActive != word2: null

2018-09-15 10:56:25 - [TEST_STEP][PASSED] - Statement - println(compare): null

2018-09-15 10:56:25 - [TEST_STEP][PASSED] - verifyElementPresent: Object 'Object Repository/pagi/div_pagination-icon' is present

2018-09-15 10:56:25 - [MESSAGE][PASSED] - Object 'Object Repository/pagi/div_pagination-icon' is present

2018-09-15 10:56:25 - [TEST_STEP][PASSED] - Statement - (linkGeneratorCount++): null

2018-09-15 10:56:25 - [TEST_STEP][PASSED] - click: Object: 'Object Repository/pagi/div_pagination-icon next-icn' is clicked on

2018-09-15 10:56:25 - [MESSAGE][PASSED] - Object: 'Object Repository/pagi/div_pagination-icon next-icn' is clicked on

2018-09-15 10:56:25 - [TEST_STEP][PASSED] - Statement - cssValue = com.kms.katalon.core.webui.keyword.WebUiBuiltInKeywords.getCSSValue(com.kms.katalon.core.testobject.ObjectRepository.findTestObject(pagi/div_pagination-icon next-icn), "background"): Get CSS 'background' value on 'Object Repository/pagi/div_pagination-icon next-icn' successfully: 'rgba(0, 0, 0, 0) url("blob:https://dev.vcalling.in/b288a0aa-9280-4f5f-8e52-92426723f005") repeat scroll 0% 0% / 100% 100% padding-box border-box'.

2018-09-15 10:56:25 - [MESSAGE][PASSED] - Get CSS 'background' value on 'Object Repository/pagi/div_pagination-icon next-icn' successfully: 'rgba(0, 0, 0, 0) url("blob:https://dev.vcalling.in/b288a0aa-9280-4f5f-8e52-92426723f005") repeat scroll 0% 0% / 100% 100% padding-box border-box'.

2018-09-15 10:56:25 - [TEST_STEP][PASSED] - Statement - println(cssValue): null

2018-09-15 10:56:25 - [TEST_STEP][PASSED] - delay: Delayed 5 second(s)

2018-09-15 10:56:30 - [MESSAGE][PASSED] - Delayed 5 second(s)

2018-09-15 10:56:30 - [TEST_STEP][PASSED] - Statement - words = cssValue.split(""")[1]: null

2018-09-15 10:56:30 - [TEST_STEP][PASSED] - Statement - out.println(words): null

2018-09-15 10:56:30 - [TEST_STEP][PASSED] - Statement - word2 = words.split("/")[3]: null

2018-09-15 10:56:30 - [TEST_STEP][PASSED] - Statement - out.println(word2): null

2018-09-15 10:56:30 - [TEST_STEP][PASSED] - Statement - compare = cssNotActive != word2: null

2018-09-15 10:56:30 - [TEST_STEP][PASSED] - Statement - println(compare): null

2018-09-15 10:56:30 - [TEST_STEP][PASSED] - verifyElementPresent: Object 'Object Repository/pagi/div_pagination-icon' is present

2018-09-15 10:56:30 - [MESSAGE][PASSED] - Object 'Object Repository/pagi/div_pagination-icon' is present

2018-09-15 10:56:30 - [TEST_STEP][PASSED] - Statement - (linkGeneratorCount++): null

2018-09-15 10:56:30 - [TEST_STEP][PASSED] - click: Object: 'Object Repository/pagi/div_pagination-icon next-icn' is clicked on

2018-09-15 10:56:30 - [MESSAGE][PASSED] - Object: 'Object Repository/pagi/div_pagination-icon next-icn' is clicked on

2018-09-15 10:56:30 - [TEST_STEP][PASSED] - Statement - cssValue = com.kms.katalon.core.webui.keyword.WebUiBuiltInKeywords.getCSSValue(com.kms.katalon.core.testobject.ObjectRepository.findTestObject(pagi/div_pagination-icon next-icn), "background"): Get CSS 'background' value on 'Object Repository/pagi/div_pagination-icon next-icn' successfully: 'rgba(0, 0, 0, 0) url("blob:https://dev.vcalling.in/b288a0aa-9280-4f5f-8e52-92426723f005") repeat scroll 0% 0% / 100% 100% padding-box border-box'.

2018-09-15 10:56:30 - [MESSAGE][PASSED] - Get CSS 'background' value on 'Object Repository/pagi/div_pagination-icon next-icn' successfully: 'rgba(0, 0, 0, 0) url("blob:https://dev.vcalling.in/b288a0aa-9280-4f5f-8e52-92426723f005") repeat scroll 0% 0% / 100% 100% padding-box border-box'.

2018-09-15 10:56:30 - [TEST_STEP][PASSED] - Statement - println(cssValue): null

2018-09-15 10:56:30 - [TEST_STEP][PASSED] - delay: Delayed 5 second(s)

2018-09-15 10:56:35 - [MESSAGE][PASSED] - Delayed 5 second(s)

2018-09-15 10:56:35 - [TEST_STEP][PASSED] - Statement - words = cssValue.split(""")[1]: null

2018-09-15 10:56:35 - [TEST_STEP][PASSED] - Statement - out.println(words): null

2018-09-15 10:56:35 - [TEST_STEP][PASSED] - Statement - word2 = words.split("/")[3]: null

2018-09-15 10:56:35 - [TEST_STEP][PASSED] - Statement - out.println(word2): null

2018-09-15 10:56:35 - [TEST_STEP][PASSED] - Statement - compare = cssNotActive != word2: null

2018-09-15 10:56:35 - [TEST_STEP][PASSED] - Statement - println(compare): null

2018-09-15 10:56:35 - [TEST_STEP][PASSED] - verifyElementPresent: Object 'Object Repository/pagi/div_pagination-icon' is present

2018-09-15 10:56:35 - [MESSAGE][PASSED] - Object 'Object Repository/pagi/div_pagination-icon' is present

2018-09-15 10:56:35 - [TEST_STEP][PASSED] - Statement - (linkGeneratorCount++): null

2018-09-15 10:56:35 - [TEST_STEP][PASSED] - click: Object: 'Object Repository/pagi/div_pagination-icon next-icn' is clicked on

2018-09-15 10:56:35 - [MESSAGE][PASSED] - Object: 'Object Repository/pagi/div_pagination-icon next-icn' is clicked on

2018-09-15 10:56:35 - [TEST_STEP][PASSED] - Statement - cssValue = com.kms.katalon.core.webui.keyword.WebUiBuiltInKeywords.getCSSValue(com.kms.katalon.core.testobject.ObjectRepository.findTestObject(pagi/div_pagination-icon next-icn), "background"): Get CSS 'background' value on 'Object Repository/pagi/div_pagination-icon next-icn' successfully: 'rgba(0, 0, 0, 0) url("blob:https://dev.vcalling.in/b288a0aa-9280-4f5f-8e52-92426723f005") repeat scroll 0% 0% / 100% 100% padding-box border-box'.

2018-09-15 10:56:35 - [MESSAGE][PASSED] - Get CSS 'background' value on 'Object Repository/pagi/div_pagination-icon next-icn' successfully: 'rgba(0, 0, 0, 0) url("blob:https://dev.vcalling.in/b288a0aa-9280-4f5f-8e52-92426723f005") repeat scroll 0% 0% / 100% 100% padding-box border-box'.

2018-09-15 10:56:35 - [TEST_STEP][PASSED] - Statement - println(cssValue): null

2018-09-15 10:56:35 - [TEST_STEP][PASSED] - delay: Delayed 5 second(s)

2018-09-15 10:56:40 - [MESSAGE][PASSED] - Delayed 5 second(s)

2018-09-15 10:56:40 - [TEST_STEP][PASSED] - Statement - words = cssValue.split(""")[1]: null

2018-09-15 10:56:40 - [TEST_STEP][PASSED] - Statement - out.println(words): null

2018-09-15 10:56:40 - [TEST_STEP][PASSED] - Statement - word2 = words.split("/")[3]: null

2018-09-15 10:56:40 - [TEST_STEP][PASSED] - Statement - out.println(word2): null

2018-09-15 10:56:40 - [TEST_STEP][PASSED] - Statement - compare = cssNotActive != word2: null

2018-09-15 10:56:40 - [TEST_STEP][PASSED] - Statement - println(compare): null

2018-09-15 10:56:40 - [TEST_STEP][PASSED] - verifyElementPresent: Object 'Object Repository/pagi/div_pagination-icon' is present

2018-09-15 10:56:40 - [MESSAGE][PASSED] - Object 'Object Repository/pagi/div_pagination-icon' is present

2018-09-15 10:56:40 - [TEST_STEP][PASSED] - Statement - (linkGeneratorCount++): null

2018-09-15 10:56:40 - [TEST_STEP][PASSED] - click: Object: 'Object Repository/pagi/div_pagination-icon next-icn' is clicked on

2018-09-15 10:56:40 - [MESSAGE][PASSED] - Object: 'Object Repository/pagi/div_pagination-icon next-icn' is clicked on

2018-09-15 10:56:40 - [TEST_STEP][PASSED] - Statement - cssValue = com.kms.katalon.core.webui.keyword.WebUiBuiltInKeywords.getCSSValue(com.kms.katalon.core.testobject.ObjectRepository.findTestObject(pagi/div_pagination-icon next-icn), "background"): Get CSS 'background' value on 'Object Repository/pagi/div_pagination-icon next-icn' successfully: 'rgba(0, 0, 0, 0) url("blob:https://dev.vcalling.in/b288a0aa-9280-4f5f-8e52-92426723f005") repeat scroll 0% 0% / 100% 100% padding-box border-box'.

2018-09-15 10:56:40 - [MESSAGE][PASSED] - Get CSS 'background' value on 'Object Repository/pagi/div_pagination-icon next-icn' successfully: 'rgba(0, 0, 0, 0) url("blob:https://dev.vcalling.in/b288a0aa-9280-4f5f-8e52-92426723f005") repeat scroll 0% 0% / 100% 100% padding-box border-box'.

2018-09-15 10:56:40 - [TEST_STEP][PASSED] - Statement - println(cssValue): null

2018-09-15 10:56:40 - [TEST_STEP][PASSED] - delay: Delayed 5 second(s)

2018-09-15 10:56:45 - [MESSAGE][PASSED] - Delayed 5 second(s)

2018-09-15 10:56:45 - [TEST_STEP][PASSED] - Statement - words = cssValue.split(""")[1]: null

2018-09-15 10:56:45 - [TEST_STEP][PASSED] - Statement - out.println(words): null

2018-09-15 10:56:45 - [TEST_STEP][PASSED] - Statement - word2 = words.split("/")[3]: null

2018-09-15 10:56:45 - [TEST_STEP][PASSED] - Statement - out.println(word2): null

2018-09-15 10:56:45 - [TEST_STEP][PASSED] - Statement - compare = cssNotActive != word2: null

2018-09-15 10:56:45 - [TEST_STEP][PASSED] - Statement - println(compare): null

2018-09-15 10:56:45 - [TEST_STEP][PASSED] - verifyElementPresent: Object 'Object Repository/pagi/div_pagination-icon' is present

2018-09-15 10:56:45 - [MESSAGE][PASSED] - Object 'Object Repository/pagi/div_pagination-icon' is present

2018-09-15 10:56:45 - [TEST_STEP][PASSED] - Statement - (linkGeneratorCount++): null

2018-09-15 10:56:45 - [TEST_STEP][PASSED] - click: Object: 'Object Repository/pagi/div_pagination-icon next-icn' is clicked on

2018-09-15 10:56:45 - [MESSAGE][PASSED] - Object: 'Object Repository/pagi/div_pagination-icon next-icn' is clicked on

2018-09-15 10:56:45 - [TEST_STEP][PASSED] - Statement - cssValue = com.kms.katalon.core.webui.keyword.WebUiBuiltInKeywords.getCSSValue(com.kms.katalon.core.testobject.ObjectRepository.findTestObject(pagi/div_pagination-icon next-icn), "background"): Get CSS 'background' value on 'Object Repository/pagi/div_pagination-icon next-icn' successfully: 'rgba(0, 0, 0, 0) url("blob:https://dev.vcalling.in/b288a0aa-9280-4f5f-8e52-92426723f005") repeat scroll 0% 0% / 100% 100% padding-box border-box'.

2018-09-15 10:56:45 - [MESSAGE][PASSED] - Get CSS 'background' value on 'Object Repository/pagi/div_pagination-icon next-icn' successfully: 'rgba(0, 0, 0, 0) url("blob:https://dev.vcalling.in/b288a0aa-9280-4f5f-8e52-92426723f005") repeat scroll 0% 0% / 100% 100% padding-box border-box'.

2018-09-15 10:56:45 - [TEST_STEP][PASSED] - Statement - println(cssValue): null

2018-09-15 10:56:45 - [TEST_STEP][PASSED] - delay: Delayed 5 second(s)

2018-09-15 10:56:50 - [MESSAGE][PASSED] - Delayed 5 second(s)

2018-09-15 10:56:50 - [TEST_STEP][PASSED] - Statement - words = cssValue.split(""")[1]: null

2018-09-15 10:56:50 - [TEST_STEP][PASSED] - Statement - out.println(words): null

2018-09-15 10:56:50 - [TEST_STEP][PASSED] - Statement - word2 = words.split("/")[3]: null

2018-09-15 10:56:50 - [TEST_STEP][PASSED] - Statement - out.println(word2): null

2018-09-15 10:56:50 - [TEST_STEP][PASSED] - Statement - compare = cssNotActive != word2: null

2018-09-15 10:56:50 - [TEST_STEP][PASSED] - Statement - println(compare): null

2018-09-15 10:56:50 - [TEST_STEP][PASSED] - verifyElementPresent: Object 'Object Repository/pagi/div_pagination-icon' is present

2018-09-15 10:56:50 - [MESSAGE][PASSED] - Object 'Object Repository/pagi/div_pagination-icon' is present

2018-09-15 10:56:50 - [TEST_STEP][PASSED] - Statement - (linkGeneratorCount++): null

2018-09-15 10:56:50 - [TEST_STEP][PASSED] - click: Object: 'Object Repository/pagi/div_pagination-icon next-icn' is clicked on

2018-09-15 10:56:50 - [MESSAGE][PASSED] - Object: 'Object Repository/pagi/div_pagination-icon next-icn' is clicked on

2018-09-15 10:56:50 - [TEST_STEP][PASSED] - Statement - cssValue = com.kms.katalon.core.webui.keyword.WebUiBuiltInKeywords.getCSSValue(com.kms.katalon.core.testobject.ObjectRepository.findTestObject(pagi/div_pagination-icon next-icn), "background"): Get CSS 'background' value on 'Object Repository/pagi/div_pagination-icon next-icn' successfully: 'rgba(0, 0, 0, 0) url("blob:https://dev.vcalling.in/b288a0aa-9280-4f5f-8e52-92426723f005") repeat scroll 0% 0% / 100% 100% padding-box border-box'.

2018-09-15 10:56:50 - [MESSAGE][PASSED] - Get CSS 'background' value on 'Object Repository/pagi/div_pagination-icon next-icn' successfully: 'rgba(0, 0, 0, 0) url("blob:https://dev.vcalling.in/b288a0aa-9280-4f5f-8e52-92426723f005") repeat scroll 0% 0% / 100% 100% padding-box border-box'.

2018-09-15 10:56:50 - [TEST_STEP][PASSED] - Statement - println(cssValue): null

2018-09-15 10:56:50 - [TEST_STEP][PASSED] - delay: Delayed 5 second(s)

2018-09-15 10:56:55 - [MESSAGE][PASSED] - Delayed 5 second(s)

2018-09-15 10:56:55 - [TEST_STEP][PASSED] - Statement - words = cssValue.split(""")[1]: null

2018-09-15 10:56:55 - [TEST_STEP][PASSED] - Statement - out.println(words): null

2018-09-15 10:56:55 - [TEST_STEP][PASSED] - Statement - word2 = words.split("/")[3]: null

2018-09-15 10:56:55 - [TEST_STEP][PASSED] - Statement - out.println(word2): null

2018-09-15 10:56:55 - [TEST_STEP][PASSED] - Statement - compare = cssNotActive != word2: null

2018-09-15 10:56:55 - [TEST_STEP][PASSED] - Statement - println(compare): null

2018-09-15 10:56:55 - [TEST_STEP][PASSED] - verifyElementPresent: Object 'Object Repository/pagi/div_pagination-icon' is present

2018-09-15 10:56:56 - [MESSAGE][PASSED] - Object 'Object Repository/pagi/div_pagination-icon' is present

2018-09-15 10:56:56 - [TEST_STEP][PASSED] - Statement - (linkGeneratorCount++): null

2018-09-15 10:56:56 - [TEST_STEP][PASSED] - click: Object: 'Object Repository/pagi/div_pagination-icon next-icn' is clicked on

2018-09-15 10:56:56 - [MESSAGE][PASSED] - Object: 'Object Repository/pagi/div_pagination-icon next-icn' is clicked on

2018-09-15 10:56:56 - [TEST_STEP][PASSED] - Statement - cssValue = com.kms.katalon.core.webui.keyword.WebUiBuiltInKeywords.getCSSValue(com.kms.katalon.core.testobject.ObjectRepository.findTestObject(pagi/div_pagination-icon next-icn), "background"): Get CSS 'background' value on 'Object Repository/pagi/div_pagination-icon next-icn' successfully: 'rgba(0, 0, 0, 0) url("blob:https://dev.vcalling.in/b288a0aa-9280-4f5f-8e52-92426723f005") repeat scroll 0% 0% / 100% 100% padding-box border-box'.

2018-09-15 10:56:56 - [MESSAGE][PASSED] - Get CSS 'background' value on 'Object Repository/pagi/div_pagination-icon next-icn' successfully: 'rgba(0, 0, 0, 0) url("blob:https://dev.vcalling.in/b288a0aa-9280-4f5f-8e52-92426723f005") repeat scroll 0% 0% / 100% 100% padding-box border-box'.

2018-09-15 10:56:56 - [TEST_STEP][PASSED] - Statement - println(cssValue): null

2018-09-15 10:56:56 - [TEST_STEP][PASSED] - delay: Delayed 5 second(s)

2018-09-15 10:57:01 - [MESSAGE][PASSED] - Delayed 5 second(s)

2018-09-15 10:57:01 - [TEST_STEP][PASSED] - Statement - words = cssValue.split(""")[1]: null

2018-09-15 10:57:01 - [TEST_STEP][PASSED] - Statement - out.println(words): null

2018-09-15 10:57:01 - [TEST_STEP][PASSED] - Statement - word2 = words.split("/")[3]: null

2018-09-15 10:57:01 - [TEST_STEP][PASSED] - Statement - out.println(word2): null

2018-09-15 10:57:01 - [TEST_STEP][PASSED] - Statement - compare = cssNotActive != word2: null

2018-09-15 10:57:01 - [TEST_STEP][PASSED] - Statement - println(compare): null

2018-09-15 10:57:01 - [TEST_STEP][PASSED] - verifyElementPresent: Object 'Object Repository/pagi/div_pagination-icon' is present

2018-09-15 10:57:01 - [MESSAGE][PASSED] - Object 'Object Repository/pagi/div_pagination-icon' is present

2018-09-15 10:57:01 - [TEST_STEP][PASSED] - Statement - (linkGeneratorCount++): null

2018-09-15 10:57:01 - [TEST_STEP][PASSED] - click: Object: 'Object Repository/pagi/div_pagination-icon next-icn' is clicked on

2018-09-15 10:57:01 - [MESSAGE][PASSED] - Object: 'Object Repository/pagi/div_pagination-icon next-icn' is clicked on

2018-09-15 10:57:01 - [TEST_STEP][PASSED] - Statement - cssValue = com.kms.katalon.core.webui.keyword.WebUiBuiltInKeywords.getCSSValue(com.kms.katalon.core.testobject.ObjectRepository.findTestObject(pagi/div_pagination-icon next-icn), "background"): Get CSS 'background' value on 'Object Repository/pagi/div_pagination-icon next-icn' successfully: 'rgba(0, 0, 0, 0) url("blob:https://dev.vcalling.in/b288a0aa-9280-4f5f-8e52-92426723f005") repeat scroll 0% 0% / 100% 100% padding-box border-box'.

2018-09-15 10:57:01 - [MESSAGE][PASSED] - Get CSS 'background' value on 'Object Repository/pagi/div_pagination-icon next-icn' successfully: 'rgba(0, 0, 0, 0) url("blob:https://dev.vcalling.in/b288a0aa-9280-4f5f-8e52-92426723f005") repeat scroll 0% 0% / 100% 100% padding-box border-box'.

2018-09-15 10:57:01 - [TEST_STEP][PASSED] - Statement - println(cssValue): null

2018-09-15 10:57:01 - [TEST_STEP][PASSED] - delay: Delayed 5 second(s)

2018-09-15 10:57:06 - [MESSAGE][PASSED] - Delayed 5 second(s)

2018-09-15 10:57:06 - [TEST_STEP][PASSED] - Statement - words = cssValue.split(""")[1]: null

2018-09-15 10:57:06 - [TEST_STEP][PASSED] - Statement - out.println(words): null

2018-09-15 10:57:06 - [TEST_STEP][PASSED] - Statement - word2 = words.split("/")[3]: null

2018-09-15 10:57:06 - [TEST_STEP][PASSED] - Statement - out.println(word2): null

2018-09-15 10:57:06 - [TEST_STEP][PASSED] - Statement - compare = cssNotActive != word2: null

2018-09-15 10:57:06 - [TEST_STEP][PASSED] - Statement - println(compare): null

2018-09-15 10:57:06 - [TEST_STEP][PASSED] - verifyElementPresent: Object 'Object Repository/pagi/div_pagination-icon' is present

2018-09-15 10:57:06 - [MESSAGE][PASSED] - Object 'Object Repository/pagi/div_pagination-icon' is present

2018-09-15 10:57:06 - [TEST_STEP][PASSED] - Statement - (linkGeneratorCount++): null

2018-09-15 10:57:06 - [TEST_STEP][PASSED] - click: Object: 'Object Repository/pagi/div_pagination-icon next-icn' is clicked on

2018-09-15 10:57:06 - [MESSAGE][PASSED] - Object: 'Object Repository/pagi/div_pagination-icon next-icn' is clicked on

2018-09-15 10:57:06 - [TEST_STEP][PASSED] - Statement - cssValue = com.kms.katalon.core.webui.keyword.WebUiBuiltInKeywords.getCSSValue(com.kms.katalon.core.testobject.ObjectRepository.findTestObject(pagi/div_pagination-icon next-icn), "background"): Get CSS 'background' value on 'Object Repository/pagi/div_pagination-icon next-icn' successfully: 'rgba(0, 0, 0, 0) url("blob:https://dev.vcalling.in/b288a0aa-9280-4f5f-8e52-92426723f005") repeat scroll 0% 0% / 100% 100% padding-box border-box'.

2018-09-15 10:57:06 - [MESSAGE][PASSED] - Get CSS 'background' value on 'Object Repository/pagi/div_pagination-icon next-icn' successfully: 'rgba(0, 0, 0, 0) url("blob:https://dev.vcalling.in/b288a0aa-9280-4f5f-8e52-92426723f005") repeat scroll 0% 0% / 100% 100% padding-box border-box'.

2018-09-15 10:57:06 - [TEST_STEP][PASSED] - Statement - println(cssValue): null

2018-09-15 10:57:06 - [TEST_STEP][PASSED] - delay: Delayed 5 second(s)

2018-09-15 10:57:11 - [MESSAGE][PASSED] - Delayed 5 second(s)

2018-09-15 10:57:11 - [TEST_STEP][PASSED] - Statement - words = cssValue.split(""")[1]: null

2018-09-15 10:57:11 - [TEST_STEP][PASSED] - Statement - out.println(words): null

2018-09-15 10:57:11 - [TEST_STEP][PASSED] - Statement - word2 = words.split("/")[3]: null

2018-09-15 10:57:11 - [TEST_STEP][PASSED] - Statement - out.println(word2): null

2018-09-15 10:57:11 - [TEST_STEP][PASSED] - Statement - compare = cssNotActive != word2: null

2018-09-15 10:57:11 - [TEST_STEP][PASSED] - Statement - println(compare): null

2018-09-15 10:57:11 - [TEST_STEP][PASSED] - verifyElementPresent: Object 'Object Repository/pagi/div_pagination-icon' is present

2018-09-15 10:57:11 - [MESSAGE][PASSED] - Object 'Object Repository/pagi/div_pagination-icon' is present

2018-09-15 10:57:11 - [TEST_STEP][PASSED] - Statement - (linkGeneratorCount++): null

2018-09-15 10:57:11 - [TEST_STEP][PASSED] - click: Object: 'Object Repository/pagi/div_pagination-icon next-icn' is clicked on

2018-09-15 10:57:11 - [MESSAGE][PASSED] - Object: 'Object Repository/pagi/div_pagination-icon next-icn' is clicked on

2018-09-15 10:57:11 - [TEST_STEP][PASSED] - Statement - cssValue = com.kms.katalon.core.webui.keyword.WebUiBuiltInKeywords.getCSSValue(com.kms.katalon.core.testobject.ObjectRepository.findTestObject(pagi/div_pagination-icon next-icn), "background"): Get CSS 'background' value on 'Object Repository/pagi/div_pagination-icon next-icn' successfully: 'rgba(0, 0, 0, 0) url("blob:https://dev.vcalling.in/b288a0aa-9280-4f5f-8e52-92426723f005") repeat scroll 0% 0% / 100% 100% padding-box border-box'.

2018-09-15 10:57:11 - [MESSAGE][PASSED] - Get CSS 'background' value on 'Object Repository/pagi/div_pagination-icon next-icn' successfully: 'rgba(0, 0, 0, 0) url("blob:https://dev.vcalling.in/b288a0aa-9280-4f5f-8e52-92426723f005") repeat scroll 0% 0% / 100% 100% padding-box border-box'.

2018-09-15 10:57:11 - [TEST_STEP][PASSED] - Statement - println(cssValue): null

2018-09-15 10:57:11 - [TEST_STEP][PASSED] - delay: Delayed 5 second(s)

2018-09-15 10:57:16 - [MESSAGE][PASSED] - Delayed 5 second(s)

2018-09-15 10:57:16 - [TEST_STEP][PASSED] - Statement - words = cssValue.split(""")[1]: null

2018-09-15 10:57:16 - [TEST_STEP][PASSED] - Statement - out.println(words): null

2018-09-15 10:57:16 - [TEST_STEP][PASSED] - Statement - word2 = words.split("/")[3]: null

2018-09-15 10:57:16 - [TEST_STEP][PASSED] - Statement - out.println(word2): null

2018-09-15 10:57:16 - [TEST_STEP][PASSED] - Statement - compare = cssNotActive != word2: null

2018-09-15 10:57:16 - [TEST_STEP][PASSED] - Statement - println(compare): null

2018-09-15 10:57:16 - [TEST_STEP][PASSED] - verifyElementPresent: Object 'Object Repository/pagi/div_pagination-icon' is present

2018-09-15 10:57:16 - [MESSAGE][PASSED] - Object 'Object Repository/pagi/div_pagination-icon' is present

2018-09-15 10:57:16 - [TEST_STEP][PASSED] - Statement - (linkGeneratorCount++): null

2018-09-15 10:57:16 - [TEST_STEP][PASSED] - click: Object: 'Object Repository/pagi/div_pagination-icon next-icn' is clicked on

2018-09-15 10:57:16 - [MESSAGE][PASSED] - Object: 'Object Repository/pagi/div_pagination-icon next-icn' is clicked on

2018-09-15 10:57:16 - [TEST_STEP][PASSED] - Statement - cssValue = com.kms.katalon.core.webui.keyword.WebUiBuiltInKeywords.getCSSValue(com.kms.katalon.core.testobject.ObjectRepository.findTestObject(pagi/div_pagination-icon next-icn), "background"): Get CSS 'background' value on 'Object Repository/pagi/div_pagination-icon next-icn' successfully: 'rgba(0, 0, 0, 0) url("blob:https://dev.vcalling.in/b288a0aa-9280-4f5f-8e52-92426723f005") repeat scroll 0% 0% / 100% 100% padding-box border-box'.

2018-09-15 10:57:16 - [MESSAGE][PASSED] - Get CSS 'background' value on 'Object Repository/pagi/div_pagination-icon next-icn' successfully: 'rgba(0, 0, 0, 0) url("blob:https://dev.vcalling.in/b288a0aa-9280-4f5f-8e52-92426723f005") repeat scroll 0% 0% / 100% 100% padding-box border-box'.

2018-09-15 10:57:16 - [TEST_STEP][PASSED] - Statement - println(cssValue): null

2018-09-15 10:57:16 - [TEST_STEP][PASSED] - delay: Delayed 5 second(s)

2018-09-15 10:57:21 - [MESSAGE][PASSED] - Delayed 5 second(s)

2018-09-15 10:57:21 - [TEST_STEP][PASSED] - Statement - words = cssValue.split(""")[1]: null

2018-09-15 10:57:21 - [TEST_STEP][PASSED] - Statement - out.println(words): null

2018-09-15 10:57:21 - [TEST_STEP][PASSED] - Statement - word2 = words.split("/")[3]: null

2018-09-15 10:57:21 - [TEST_STEP][PASSED] - Statement - out.println(word2): null

2018-09-15 10:57:21 - [TEST_STEP][PASSED] - Statement - compare = cssNotActive != word2: null

2018-09-15 10:57:21 - [TEST_STEP][PASSED] - Statement - println(compare): null

2018-09-15 10:57:21 - [TEST_STEP][PASSED] - verifyElementPresent: Object 'Object Repository/pagi/div_pagination-icon' is present

2018-09-15 10:57:21 - [MESSAGE][PASSED] - Object 'Object Repository/pagi/div_pagination-icon' is present

2018-09-15 10:57:21 - [TEST_STEP][PASSED] - Statement - (linkGeneratorCount++): null

2018-09-15 10:57:21 - [TEST_STEP][PASSED] - click: Object: 'Object Repository/pagi/div_pagination-icon next-icn' is clicked on

2018-09-15 10:57:21 - [MESSAGE][PASSED] - Object: 'Object Repository/pagi/div_pagination-icon next-icn' is clicked on

2018-09-15 10:57:21 - [TEST_STEP][PASSED] - Statement - cssValue = com.kms.katalon.core.webui.keyword.WebUiBuiltInKeywords.getCSSValue(com.kms.katalon.core.testobject.ObjectRepository.findTestObject(pagi/div_pagination-icon next-icn), "background"): Get CSS 'background' value on 'Object Repository/pagi/div_pagination-icon next-icn' successfully: 'rgba(0, 0, 0, 0) url("blob:https://dev.vcalling.in/b288a0aa-9280-4f5f-8e52-92426723f005") repeat scroll 0% 0% / 100% 100% padding-box border-box'.

2018-09-15 10:57:21 - [MESSAGE][PASSED] - Get CSS 'background' value on 'Object Repository/pagi/div_pagination-icon next-icn' successfully: 'rgba(0, 0, 0, 0) url("blob:https://dev.vcalling.in/b288a0aa-9280-4f5f-8e52-92426723f005") repeat scroll 0% 0% / 100% 100% padding-box border-box'.

2018-09-15 10:57:21 - [TEST_STEP][PASSED] - Statement - println(cssValue): null

2018-09-15 10:57:21 - [TEST_STEP][PASSED] - delay: Delayed 5 second(s)

2018-09-15 10:57:26 - [MESSAGE][PASSED] - Delayed 5 second(s)

2018-09-15 10:57:26 - [TEST_STEP][PASSED] - Statement - words = cssValue.split(""")[1]: null

2018-09-15 10:57:26 - [TEST_STEP][PASSED] - Statement - out.println(words): null

2018-09-15 10:57:26 - [TEST_STEP][PASSED] - Statement - word2 = words.split("/")[3]: null

2018-09-15 10:57:26 - [TEST_STEP][PASSED] - Statement - out.println(word2): null

2018-09-15 10:57:26 - [TEST_STEP][PASSED] - Statement - compare = cssNotActive != word2: null

2018-09-15 10:57:26 - [TEST_STEP][PASSED] - Statement - println(compare): null

2018-09-15 10:57:26 - [TEST_STEP][PASSED] - verifyElementPresent: Object 'Object Repository/pagi/div_pagination-icon' is present

2018-09-15 10:57:26 - [MESSAGE][PASSED] - Object 'Object Repository/pagi/div_pagination-icon' is present

2018-09-15 10:57:26 - [TEST_STEP][PASSED] - Statement - (linkGeneratorCount++): null

2018-09-15 10:57:26 - [TEST_STEP][PASSED] - click: Object: 'Object Repository/pagi/div_pagination-icon next-icn' is clicked on

2018-09-15 10:57:26 - [MESSAGE][PASSED] - Object: 'Object Repository/pagi/div_pagination-icon next-icn' is clicked on

2018-09-15 10:57:26 - [TEST_STEP][PASSED] - Statement - cssValue = com.kms.katalon.core.webui.keyword.WebUiBuiltInKeywords.getCSSValue(com.kms.katalon.core.testobject.ObjectRepository.findTestObject(pagi/div_pagination-icon next-icn), "background"): Get CSS 'background' value on 'Object Repository/pagi/div_pagination-icon next-icn' successfully: 'rgba(0, 0, 0, 0) url("blob:https://dev.vcalling.in/b288a0aa-9280-4f5f-8e52-92426723f005") repeat scroll 0% 0% / 100% 100% padding-box border-box'.

2018-09-15 10:57:26 - [MESSAGE][PASSED] - Get CSS 'background' value on 'Object Repository/pagi/div_pagination-icon next-icn' successfully: 'rgba(0, 0, 0, 0) url("blob:https://dev.vcalling.in/b288a0aa-9280-4f5f-8e52-92426723f005") repeat scroll 0% 0% / 100% 100% padding-box border-box'.

2018-09-15 10:57:26 - [TEST_STEP][PASSED] - Statement - println(cssValue): null

2018-09-15 10:57:26 - [TEST_STEP][PASSED] - delay: Delayed 5 second(s)

2018-09-15 10:57:31 - [MESSAGE][PASSED] - Delayed 5 second(s)

2018-09-15 10:57:31 - [TEST_STEP][PASSED] - Statement - words = cssValue.split(""")[1]: null

2018-09-15 10:57:31 - [TEST_STEP][PASSED] - Statement - out.println(words): null

2018-09-15 10:57:31 - [TEST_STEP][PASSED] - Statement - word2 = words.split("/")[3]: null

2018-09-15 10:57:31 - [TEST_STEP][PASSED] - Statement - out.println(word2): null

2018-09-15 10:57:31 - [TEST_STEP][PASSED] - Statement - compare = cssNotActive != word2: null

2018-09-15 10:57:31 - [TEST_STEP][PASSED] - Statement - println(compare): null

2018-09-15 10:57:31 - [TEST_STEP][PASSED] - verifyElementPresent: Object 'Object Repository/pagi/div_pagination-icon' is present

2018-09-15 10:57:31 - [MESSAGE][PASSED] - Object 'Object Repository/pagi/div_pagination-icon' is present

2018-09-15 10:57:31 - [TEST_STEP][PASSED] - Statement - (linkGeneratorCount++): null

2018-09-15 10:57:31 - [TEST_STEP][PASSED] - click: Object: 'Object Repository/pagi/div_pagination-icon next-icn' is clicked on

2018-09-15 10:57:31 - [MESSAGE][PASSED] - Object: 'Object Repository/pagi/div_pagination-icon next-icn' is clicked on

2018-09-15 10:57:31 - [TEST_STEP][PASSED] - Statement - cssValue = com.kms.katalon.core.webui.keyword.WebUiBuiltInKeywords.getCSSValue(com.kms.katalon.core.testobject.ObjectRepository.findTestObject(pagi/div_pagination-icon next-icn), "background"): Get CSS 'background' value on 'Object Repository/pagi/div_pagination-icon next-icn' successfully: 'rgba(0, 0, 0, 0) url("blob:https://dev.vcalling.in/b288a0aa-9280-4f5f-8e52-92426723f005") repeat scroll 0% 0% / 100% 100% padding-box border-box'.

2018-09-15 10:57:31 - [MESSAGE][PASSED] - Get CSS 'background' value on 'Object Repository/pagi/div_pagination-icon next-icn' successfully: 'rgba(0, 0, 0, 0) url("blob:https://dev.vcalling.in/b288a0aa-9280-4f5f-8e52-92426723f005") repeat scroll 0% 0% / 100% 100% padding-box border-box'.

2018-09-15 10:57:31 - [TEST_STEP][PASSED] - Statement - println(cssValue): null

2018-09-15 10:57:31 - [TEST_STEP][PASSED] - delay: Delayed 5 second(s)

2018-09-15 10:57:36 - [MESSAGE][PASSED] - Delayed 5 second(s)

2018-09-15 10:57:36 - [TEST_STEP][PASSED] - Statement - words = cssValue.split(""")[1]: null

2018-09-15 10:57:36 - [TEST_STEP][PASSED] - Statement - out.println(words): null

2018-09-15 10:57:36 - [TEST_STEP][PASSED] - Statement - word2 = words.split("/")[3]: null

2018-09-15 10:57:36 - [TEST_STEP][PASSED] - Statement - out.println(word2): null

2018-09-15 10:57:36 - [TEST_STEP][PASSED] - Statement - compare = cssNotActive != word2: null

2018-09-15 10:57:36 - [TEST_STEP][PASSED] - Statement - println(compare): null

2018-09-15 10:57:36 - [TEST_STEP][PASSED] - verifyElementPresent: Object 'Object Repository/pagi/div_pagination-icon' is present

2018-09-15 10:57:36 - [MESSAGE][PASSED] - Object 'Object Repository/pagi/div_pagination-icon' is present

2018-09-15 10:57:36 - [TEST_STEP][PASSED] - Statement - (linkGeneratorCount++): null

2018-09-15 10:57:36 - [TEST_STEP][PASSED] - click: Object: 'Object Repository/pagi/div_pagination-icon next-icn' is clicked on

2018-09-15 10:57:36 - [MESSAGE][PASSED] - Object: 'Object Repository/pagi/div_pagination-icon next-icn' is clicked on

2018-09-15 10:57:36 - [TEST_STEP][PASSED] - Statement - cssValue = com.kms.katalon.core.webui.keyword.WebUiBuiltInKeywords.getCSSValue(com.kms.katalon.core.testobject.ObjectRepository.findTestObject(pagi/div_pagination-icon next-icn), "background"): Get CSS 'background' value on 'Object Repository/pagi/div_pagination-icon next-icn' successfully: 'rgba(0, 0, 0, 0) url("blob:https://dev.vcalling.in/b288a0aa-9280-4f5f-8e52-92426723f005") repeat scroll 0% 0% / 100% 100% padding-box border-box'.

2018-09-15 10:57:36 - [MESSAGE][PASSED] - Get CSS 'background' value on 'Object Repository/pagi/div_pagination-icon next-icn' successfully: 'rgba(0, 0, 0, 0) url("blob:https://dev.vcalling.in/b288a0aa-9280-4f5f-8e52-92426723f005") repeat scroll 0% 0% / 100% 100% padding-box border-box'.

2018-09-15 10:57:36 - [TEST_STEP][PASSED] - Statement - println(cssValue): null

2018-09-15 10:57:36 - [TEST_STEP][PASSED] - delay: Delayed 5 second(s)

2018-09-15 10:57:41 - [MESSAGE][PASSED] - Delayed 5 second(s)

2018-09-15 10:57:41 - [TEST_STEP][PASSED] - Statement - words = cssValue.split(""")[1]: null

2018-09-15 10:57:41 - [TEST_STEP][PASSED] - Statement - out.println(words): null

2018-09-15 10:57:41 - [TEST_STEP][PASSED] - Statement - word2 = words.split("/")[3]: null

2018-09-15 10:57:41 - [TEST_STEP][PASSED] - Statement - out.println(word2): null

2018-09-15 10:57:41 - [TEST_STEP][PASSED] - Statement - compare = cssNotActive != word2: null

2018-09-15 10:57:41 - [TEST_STEP][PASSED] - Statement - println(compare): null

2018-09-15 10:57:41 - [TEST_STEP][PASSED] - verifyElementPresent: Object 'Object Repository/pagi/div_pagination-icon' is present

2018-09-15 10:57:41 - [MESSAGE][PASSED] - Object 'Object Repository/pagi/div_pagination-icon' is present

2018-09-15 10:57:41 - [TEST_STEP][PASSED] - Statement - (linkGeneratorCount++): null

2018-09-15 10:57:41 - [TEST_STEP][PASSED] - click: Object: 'Object Repository/pagi/div_pagination-icon next-icn' is clicked on

2018-09-15 10:57:41 - [MESSAGE][PASSED] - Object: 'Object Repository/pagi/div_pagination-icon next-icn' is clicked on

2018-09-15 10:57:41 - [TEST_STEP][PASSED] - Statement - cssValue = com.kms.katalon.core.webui.keyword.WebUiBuiltInKeywords.getCSSValue(com.kms.katalon.core.testobject.ObjectRepository.findTestObject(pagi/div_pagination-icon next-icn), "background"): Get CSS 'background' value on 'Object Repository/pagi/div_pagination-icon next-icn' successfully: 'rgba(0, 0, 0, 0) url("blob:https://dev.vcalling.in/b288a0aa-9280-4f5f-8e52-92426723f005") repeat scroll 0% 0% / 100% 100% padding-box border-box'.

2018-09-15 10:57:42 - [MESSAGE][PASSED] - Get CSS 'background' value on 'Object Repository/pagi/div_pagination-icon next-icn' successfully: 'rgba(0, 0, 0, 0) url("blob:https://dev.vcalling.in/b288a0aa-9280-4f5f-8e52-92426723f005") repeat scroll 0% 0% / 100% 100% padding-box border-box'.

2018-09-15 10:57:42 - [TEST_STEP][PASSED] - Statement - println(cssValue): null

2018-09-15 10:57:42 - [TEST_STEP][PASSED] - delay: Delayed 5 second(s)

2018-09-15 10:57:47 - [MESSAGE][PASSED] - Delayed 5 second(s)

2018-09-15 10:57:47 - [TEST_STEP][PASSED] - Statement - words = cssValue.split(""")[1]: null

2018-09-15 10:57:47 - [TEST_STEP][PASSED] - Statement - out.println(words): null

2018-09-15 10:57:47 - [TEST_STEP][PASSED] - Statement - word2 = words.split("/")[3]: null

2018-09-15 10:57:47 - [TEST_STEP][PASSED] - Statement - out.println(word2): null

2018-09-15 10:57:47 - [TEST_STEP][PASSED] - Statement - compare = cssNotActive != word2: null

2018-09-15 10:57:47 - [TEST_STEP][PASSED] - Statement - println(compare): null

2018-09-15 10:57:47 - [TEST_STEP][PASSED] - verifyElementPresent: Object 'Object Repository/pagi/div_pagination-icon' is present

2018-09-15 10:57:47 - [MESSAGE][PASSED] - Object 'Object Repository/pagi/div_pagination-icon' is present

2018-09-15 10:57:47 - [TEST_STEP][PASSED] - Statement - (linkGeneratorCount++): null

2018-09-15 10:57:47 - [TEST_STEP][PASSED] - click: Object: 'Object Repository/pagi/div_pagination-icon next-icn' is clicked on

2018-09-15 10:57:47 - [MESSAGE][PASSED] - Object: 'Object Repository/pagi/div_pagination-icon next-icn' is clicked on

2018-09-15 10:57:47 - [TEST_STEP][PASSED] - Statement - cssValue = com.kms.katalon.core.webui.keyword.WebUiBuiltInKeywords.getCSSValue(com.kms.katalon.core.testobject.ObjectRepository.findTestObject(pagi/div_pagination-icon next-icn), "background"): Get CSS 'background' value on 'Object Repository/pagi/div_pagination-icon next-icn' successfully: 'rgba(0, 0, 0, 0) url("blob:https://dev.vcalling.in/b288a0aa-9280-4f5f-8e52-92426723f005") repeat scroll 0% 0% / 100% 100% padding-box border-box'.

2018-09-15 10:57:47 - [MESSAGE][PASSED] - Get CSS 'background' value on 'Object Repository/pagi/div_pagination-icon next-icn' successfully: 'rgba(0, 0, 0, 0) url("blob:https://dev.vcalling.in/b288a0aa-9280-4f5f-8e52-92426723f005") repeat scroll 0% 0% / 100% 100% padding-box border-box'.

2018-09-15 10:57:47 - [TEST_STEP][PASSED] - Statement - println(cssValue): null

2018-09-15 10:57:47 - [TEST_STEP][PASSED] - delay: Delayed 5 second(s)

2018-09-15 10:57:52 - [MESSAGE][PASSED] - Delayed 5 second(s)

2018-09-15 10:57:52 - [TEST_STEP][PASSED] - Statement - words = cssValue.split(""")[1]: null

2018-09-15 10:57:52 - [TEST_STEP][PASSED] - Statement - out.println(words): null

2018-09-15 10:57:52 - [TEST_STEP][PASSED] - Statement - word2 = words.split("/")[3]: null

2018-09-15 10:57:52 - [TEST_STEP][PASSED] - Statement - out.println(word2): null

2018-09-15 10:57:52 - [TEST_STEP][PASSED] - Statement - compare = cssNotActive != word2: null

2018-09-15 10:57:52 - [TEST_STEP][PASSED] - Statement - println(compare): null

2018-09-15 10:57:52 - [TEST_STEP][PASSED] - verifyElementPresent: Object 'Object Repository/pagi/div_pagination-icon' is present

2018-09-15 10:57:52 - [MESSAGE][PASSED] - Object 'Object Repository/pagi/div_pagination-icon' is present

2018-09-15 10:57:52 - [TEST_STEP][PASSED] - Statement - (linkGeneratorCount++): null

2018-09-15 10:57:52 - [TEST_STEP][PASSED] - click: Object: 'Object Repository/pagi/div_pagination-icon next-icn' is clicked on

2018-09-15 10:57:52 - [MESSAGE][PASSED] - Object: 'Object Repository/pagi/div_pagination-icon next-icn' is clicked on

2018-09-15 10:57:52 - [TEST_STEP][PASSED] - Statement - cssValue = com.kms.katalon.core.webui.keyword.WebUiBuiltInKeywords.getCSSValue(com.kms.katalon.core.testobject.ObjectRepository.findTestObject(pagi/div_pagination-icon next-icn), "background"): Get CSS 'background' value on 'Object Repository/pagi/div_pagination-icon next-icn' successfully: 'rgba(0, 0, 0, 0) url("blob:https://dev.vcalling.in/b288a0aa-9280-4f5f-8e52-92426723f005") repeat scroll 0% 0% / 100% 100% padding-box border-box'.

2018-09-15 10:57:52 - [MESSAGE][PASSED] - Get CSS 'background' value on 'Object Repository/pagi/div_pagination-icon next-icn' successfully: 'rgba(0, 0, 0, 0) url("blob:https://dev.vcalling.in/b288a0aa-9280-4f5f-8e52-92426723f005") repeat scroll 0% 0% / 100% 100% padding-box border-box'.

2018-09-15 10:57:52 - [TEST_STEP][PASSED] - Statement - println(cssValue): null

2018-09-15 10:57:52 - [TEST_STEP][PASSED] - delay: Delayed 5 second(s)

2018-09-15 10:57:57 - [MESSAGE][PASSED] - Delayed 5 second(s)

2018-09-15 10:57:57 - [TEST_STEP][PASSED] - Statement - words = cssValue.split(""")[1]: null

2018-09-15 10:57:57 - [TEST_STEP][PASSED] - Statement - out.println(words): null

2018-09-15 10:57:57 - [TEST_STEP][PASSED] - Statement - word2 = words.split("/")[3]: null

2018-09-15 10:57:57 - [TEST_STEP][PASSED] - Statement - out.println(word2): null

2018-09-15 10:57:57 - [TEST_STEP][PASSED] - Statement - compare = cssNotActive != word2: null

2018-09-15 10:57:57 - [TEST_STEP][PASSED] - Statement - println(compare): null

2018-09-15 10:57:57 - [TEST_STEP][PASSED] - verifyElementPresent: Object 'Object Repository/pagi/div_pagination-icon' is present

2018-09-15 10:57:57 - [MESSAGE][PASSED] - Object 'Object Repository/pagi/div_pagination-icon' is present

2018-09-15 10:57:57 - [TEST_STEP][PASSED] - Statement - (linkGeneratorCount++): null

2018-09-15 10:57:57 - [TEST_STEP][PASSED] - click: Object: 'Object Repository/pagi/div_pagination-icon next-icn' is clicked on

2018-09-15 10:57:57 - [MESSAGE][PASSED] - Object: 'Object Repository/pagi/div_pagination-icon next-icn' is clicked on

2018-09-15 10:57:57 - [TEST_STEP][PASSED] - Statement - cssValue = com.kms.katalon.core.webui.keyword.WebUiBuiltInKeywords.getCSSValue(com.kms.katalon.core.testobject.ObjectRepository.findTestObject(pagi/div_pagination-icon next-icn), "background"): Get CSS 'background' value on 'Object Repository/pagi/div_pagination-icon next-icn' successfully: 'rgba(0, 0, 0, 0) url("blob:https://dev.vcalling.in/b288a0aa-9280-4f5f-8e52-92426723f005") repeat scroll 0% 0% / 100% 100% padding-box border-box'.

2018-09-15 10:57:57 - [MESSAGE][PASSED] - Get CSS 'background' value on 'Object Repository/pagi/div_pagination-icon next-icn' successfully: 'rgba(0, 0, 0, 0) url("blob:https://dev.vcalling.in/b288a0aa-9280-4f5f-8e52-92426723f005") repeat scroll 0% 0% / 100% 100% padding-box border-box'.

2018-09-15 10:57:57 - [TEST_STEP][PASSED] - Statement - println(cssValue): null

2018-09-15 10:57:57 - [TEST_STEP][PASSED] - delay: Delayed 5 second(s)

2018-09-15 10:58:02 - [MESSAGE][PASSED] - Delayed 5 second(s)

2018-09-15 10:58:02 - [TEST_STEP][PASSED] - Statement - words = cssValue.split(""")[1]: null

2018-09-15 10:58:02 - [TEST_STEP][PASSED] - Statement - out.println(words): null

2018-09-15 10:58:02 - [TEST_STEP][PASSED] - Statement - word2 = words.split("/")[3]: null

2018-09-15 10:58:02 - [TEST_STEP][PASSED] - Statement - out.println(word2): null

2018-09-15 10:58:02 - [TEST_STEP][PASSED] - Statement - compare = cssNotActive != word2: null

2018-09-15 10:58:02 - [TEST_STEP][PASSED] - Statement - println(compare): null

2018-09-15 10:58:02 - [TEST_STEP][PASSED] - verifyElementPresent: Object 'Object Repository/pagi/div_pagination-icon' is present

2018-09-15 10:58:02 - [MESSAGE][PASSED] - Object 'Object Repository/pagi/div_pagination-icon' is present

2018-09-15 10:58:02 - [TEST_STEP][PASSED] - Statement - (linkGeneratorCount++): null

2018-09-15 10:58:02 - [TEST_STEP][PASSED] - click: Object: 'Object Repository/pagi/div_pagination-icon next-icn' is clicked on

2018-09-15 10:58:02 - [MESSAGE][PASSED] - Object: 'Object Repository/pagi/div_pagination-icon next-icn' is clicked on

2018-09-15 10:58:02 - [TEST_STEP][PASSED] - Statement - cssValue = com.kms.katalon.core.webui.keyword.WebUiBuiltInKeywords.getCSSValue(com.kms.katalon.core.testobject.ObjectRepository.findTestObject(pagi/div_pagination-icon next-icn), "background"): Get CSS 'background' value on 'Object Repository/pagi/div_pagination-icon next-icn' successfully: 'rgba(0, 0, 0, 0) url("blob:https://dev.vcalling.in/b288a0aa-9280-4f5f-8e52-92426723f005") repeat scroll 0% 0% / 100% 100% padding-box border-box'.

2018-09-15 10:58:02 - [MESSAGE][PASSED] - Get CSS 'background' value on 'Object Repository/pagi/div_pagination-icon next-icn' successfully: 'rgba(0, 0, 0, 0) url("blob:https://dev.vcalling.in/b288a0aa-9280-4f5f-8e52-92426723f005") repeat scroll 0% 0% / 100% 100% padding-box border-box'.

2018-09-15 10:58:02 - [TEST_STEP][PASSED] - Statement - println(cssValue): null

2018-09-15 10:58:02 - [TEST_STEP][PASSED] - delay: Delayed 5 second(s)

2018-09-15 11:13:46 - [MESSAGE][PASSED] - Delayed 5 second(s)

2018-09-15 11:13:46 - [TEST_STEP][PASSED] - Statement - words = cssValue.split(""")[1]: null

2018-09-15 11:13:46 - [TEST_STEP][PASSED] - Statement - out.println(words): null

2018-09-15 11:13:46 - [TEST_STEP][PASSED] - Statement - word2 = words.split("/")[3]: null

2018-09-15 11:13:46 - [TEST_STEP][PASSED] - Statement - out.println(word2): null

2018-09-15 11:13:46 - [TEST_STEP][PASSED] - Statement - compare = cssNotActive != word2: null

2018-09-15 11:13:46 - [TEST_STEP][PASSED] - Statement - println(compare): null

2018-09-15 11:13:46 - [TEST_STEP][PASSED] - verifyElementPresent: Object 'Object Repository/pagi/div_pagination-icon' is present

2018-09-15 11:13:47 - [MESSAGE][PASSED] - Object 'Object Repository/pagi/div_pagination-icon' is present

2018-09-15 11:13:47 - [TEST_STEP][PASSED] - Statement - (linkGeneratorCount++): null

2018-09-15 11:13:47 - [TEST_STEP][PASSED] - click: Object: 'Object Repository/pagi/div_pagination-icon next-icn' is clicked on

2018-09-15 11:13:47 - [MESSAGE][PASSED] - Object: 'Object Repository/pagi/div_pagination-icon next-icn' is clicked on

2018-09-15 11:13:47 - [TEST_STEP][PASSED] - Statement - cssValue = com.kms.katalon.core.webui.keyword.WebUiBuiltInKeywords.getCSSValue(com.kms.katalon.core.testobject.ObjectRepository.findTestObject(pagi/div_pagination-icon next-icn), "background"): Get CSS 'background' value on 'Object Repository/pagi/div_pagination-icon next-icn' successfully: 'rgba(0, 0, 0, 0) url("blob:https://dev.vcalling.in/b288a0aa-9280-4f5f-8e52-92426723f005") repeat scroll 0% 0% / 100% 100% padding-box border-box'.

2018-09-15 11:13:47 - [MESSAGE][PASSED] - Get CSS 'background' value on 'Object Repository/pagi/div_pagination-icon next-icn' successfully: 'rgba(0, 0, 0, 0) url("blob:https://dev.vcalling.in/b288a0aa-9280-4f5f-8e52-92426723f005") repeat scroll 0% 0% / 100% 100% padding-box border-box'.

2018-09-15 11:13:47 - [TEST_STEP][PASSED] - Statement - println(cssValue): null

2018-09-15 11:13:47 - [TEST_STEP][PASSED] - delay: Delayed 5 second(s)

2018-09-15 11:13:52 - [MESSAGE][PASSED] - Delayed 5 second(s)

2018-09-15 11:13:52 - [TEST_STEP][PASSED] - Statement - words = cssValue.split(""")[1]: null

2018-09-15 11:13:52 - [TEST_STEP][PASSED] - Statement - out.println(words): null

2018-09-15 11:13:52 - [TEST_STEP][PASSED] - Statement - word2 = words.split("/")[3]: null

2018-09-15 11:13:52 - [TEST_STEP][PASSED] - Statement - out.println(word2): null

2018-09-15 11:13:52 - [TEST_STEP][PASSED] - Statement - compare = cssNotActive != word2: null

2018-09-15 11:13:52 - [TEST_STEP][PASSED] - Statement - println(compare): null

2018-09-15 11:13:52 - [TEST_STEP][PASSED] - verifyElementPresent: Object 'Object Repository/pagi/div_pagination-icon' is present

2018-09-15 11:13:52 - [MESSAGE][PASSED] - Object 'Object Repository/pagi/div_pagination-icon' is present

2018-09-15 11:13:52 - [TEST_STEP][PASSED] - Statement - (linkGeneratorCount++): null

2018-09-15 11:13:52 - [TEST_STEP][PASSED] - click: Object: 'Object Repository/pagi/div_pagination-icon next-icn' is clicked on

2018-09-15 11:13:52 - [MESSAGE][PASSED] - Object: 'Object Repository/pagi/div_pagination-icon next-icn' is clicked on

2018-09-15 11:13:52 - [TEST_STEP][PASSED] - Statement - cssValue = com.kms.katalon.core.webui.keyword.WebUiBuiltInKeywords.getCSSValue(com.kms.katalon.core.testobject.ObjectRepository.findTestObject(pagi/div_pagination-icon next-icn), "background"): Get CSS 'background' value on 'Object Repository/pagi/div_pagination-icon next-icn' successfully: 'rgba(0, 0, 0, 0) url("blob:https://dev.vcalling.in/b288a0aa-9280-4f5f-8e52-92426723f005") repeat scroll 0% 0% / 100% 100% padding-box border-box'.

2018-09-15 11:13:52 - [MESSAGE][PASSED] - Get CSS 'background' value on 'Object Repository/pagi/div_pagination-icon next-icn' successfully: 'rgba(0, 0, 0, 0) url("blob:https://dev.vcalling.in/b288a0aa-9280-4f5f-8e52-92426723f005") repeat scroll 0% 0% / 100% 100% padding-box border-box'.

2018-09-15 11:13:52 - [TEST_STEP][PASSED] - Statement - println(cssValue): null

2018-09-15 11:13:52 - [TEST_STEP][PASSED] - delay: Delayed 5 second(s)

2018-09-15 11:13:57 - [MESSAGE][PASSED] - Delayed 5 second(s)

2018-09-15 11:13:57 - [TEST_STEP][PASSED] - Statement - words = cssValue.split(""")[1]: null

2018-09-15 11:13:57 - [TEST_STEP][PASSED] - Statement - out.println(words): null

2018-09-15 11:13:57 - [TEST_STEP][PASSED] - Statement - word2 = words.split("/")[3]: null

2018-09-15 11:13:57 - [TEST_STEP][PASSED] - Statement - out.println(word2): null

2018-09-15 11:13:57 - [TEST_STEP][PASSED] - Statement - compare = cssNotActive != word2: null

2018-09-15 11:13:57 - [TEST_STEP][PASSED] - Statement - println(compare): null

2018-09-15 11:13:57 - [TEST_STEP][PASSED] - verifyElementPresent: Object 'Object Repository/pagi/div_pagination-icon' is present

2018-09-15 11:13:57 - [MESSAGE][PASSED] - Object 'Object Repository/pagi/div_pagination-icon' is present

2018-09-15 11:13:57 - [TEST_STEP][PASSED] - Statement - (linkGeneratorCount++): null

2018-09-15 11:13:57 - [TEST_STEP][PASSED] - click: Object: 'Object Repository/pagi/div_pagination-icon next-icn' is clicked on

2018-09-15 11:13:57 - [MESSAGE][PASSED] - Object: 'Object Repository/pagi/div_pagination-icon next-icn' is clicked on

2018-09-15 11:13:57 - [TEST_STEP][PASSED] - Statement - cssValue = com.kms.katalon.core.webui.keyword.WebUiBuiltInKeywords.getCSSValue(com.kms.katalon.core.testobject.ObjectRepository.findTestObject(pagi/div_pagination-icon next-icn), "background"): Get CSS 'background' value on 'Object Repository/pagi/div_pagination-icon next-icn' successfully: 'rgba(0, 0, 0, 0) url("blob:https://dev.vcalling.in/b288a0aa-9280-4f5f-8e52-92426723f005") repeat scroll 0% 0% / 100% 100% padding-box border-box'.

2018-09-15 11:13:57 - [MESSAGE][PASSED] - Get CSS 'background' value on 'Object Repository/pagi/div_pagination-icon next-icn' successfully: 'rgba(0, 0, 0, 0) url("blob:https://dev.vcalling.in/b288a0aa-9280-4f5f-8e52-92426723f005") repeat scroll 0% 0% / 100% 100% padding-box border-box'.

2018-09-15 11:13:57 - [TEST_STEP][PASSED] - Statement - println(cssValue): null

2018-09-15 11:13:57 - [TEST_STEP][PASSED] - delay: Delayed 5 second(s)

2018-09-15 11:14:02 - [MESSAGE][PASSED] - Delayed 5 second(s)

2018-09-15 11:14:02 - [TEST_STEP][PASSED] - Statement - words = cssValue.split(""")[1]: null

2018-09-15 11:14:02 - [TEST_STEP][PASSED] - Statement - out.println(words): null

2018-09-15 11:14:02 - [TEST_STEP][PASSED] - Statement - word2 = words.split("/")[3]: null

2018-09-15 11:14:02 - [TEST_STEP][PASSED] - Statement - out.println(word2): null

2018-09-15 11:14:02 - [TEST_STEP][PASSED] - Statement - compare = cssNotActive != word2: null

2018-09-15 11:14:02 - [TEST_STEP][PASSED] - Statement - println(compare): null

2018-09-15 11:14:02 - [TEST_STEP][PASSED] - verifyElementPresent: Object 'Object Repository/pagi/div_pagination-icon' is present

2018-09-15 11:14:02 - [MESSAGE][PASSED] - Object 'Object Repository/pagi/div_pagination-icon' is present

2018-09-15 11:14:02 - [TEST_STEP][PASSED] - Statement - (linkGeneratorCount++): null

2018-09-15 11:14:02 - [TEST_STEP][PASSED] - click: Object: 'Object Repository/pagi/div_pagination-icon next-icn' is clicked on

2018-09-15 11:14:02 - [MESSAGE][PASSED] - Object: 'Object Repository/pagi/div_pagination-icon next-icn' is clicked on

2018-09-15 11:14:02 - [TEST_STEP][PASSED] - Statement - cssValue = com.kms.katalon.core.webui.keyword.WebUiBuiltInKeywords.getCSSValue(com.kms.katalon.core.testobject.ObjectRepository.findTestObject(pagi/div_pagination-icon next-icn), "background"): Get CSS 'background' value on 'Object Repository/pagi/div_pagination-icon next-icn' successfully: 'rgba(0, 0, 0, 0) url("blob:https://dev.vcalling.in/b288a0aa-9280-4f5f-8e52-92426723f005") repeat scroll 0% 0% / 100% 100% padding-box border-box'.

2018-09-15 11:14:02 - [MESSAGE][PASSED] - Get CSS 'background' value on 'Object Repository/pagi/div_pagination-icon next-icn' successfully: 'rgba(0, 0, 0, 0) url("blob:https://dev.vcalling.in/b288a0aa-9280-4f5f-8e52-92426723f005") repeat scroll 0% 0% / 100% 100% padding-box border-box'.

2018-09-15 11:14:02 - [TEST_STEP][PASSED] - Statement - println(cssValue): null

2018-09-15 11:14:02 - [TEST_STEP][PASSED] - delay: Delayed 5 second(s)

2018-09-15 11:14:07 - [MESSAGE][PASSED] - Delayed 5 second(s)

2018-09-15 11:14:07 - [TEST_STEP][PASSED] - Statement - words = cssValue.split(""")[1]: null

2018-09-15 11:14:07 - [TEST_STEP][PASSED] - Statement - out.println(words): null

2018-09-15 11:14:07 - [TEST_STEP][PASSED] - Statement - word2 = words.split("/")[3]: null

2018-09-15 11:14:07 - [TEST_STEP][PASSED] - Statement - out.println(word2): null

2018-09-15 11:14:07 - [TEST_STEP][PASSED] - Statement - compare = cssNotActive != word2: null

2018-09-15 11:14:07 - [TEST_STEP][PASSED] - Statement - println(compare): null

2018-09-15 11:14:07 - [TEST_STEP][PASSED] - verifyElementPresent: Object 'Object Repository/pagi/div_pagination-icon' is present

2018-09-15 11:14:07 - [MESSAGE][PASSED] - Object 'Object Repository/pagi/div_pagination-icon' is present

2018-09-15 11:14:07 - [TEST_STEP][PASSED] - Statement - (linkGeneratorCount++): null

2018-09-15 11:14:07 - [TEST_STEP][PASSED] - click: Object: 'Object Repository/pagi/div_pagination-icon next-icn' is clicked on

2018-09-15 11:14:07 - [MESSAGE][PASSED] - Object: 'Object Repository/pagi/div_pagination-icon next-icn' is clicked on

2018-09-15 11:14:07 - [TEST_STEP][PASSED] - Statement - cssValue = com.kms.katalon.core.webui.keyword.WebUiBuiltInKeywords.getCSSValue(com.kms.katalon.core.testobject.ObjectRepository.findTestObject(pagi/div_pagination-icon next-icn), "background"): Get CSS 'background' value on 'Object Repository/pagi/div_pagination-icon next-icn' successfully: 'rgba(0, 0, 0, 0) url("blob:https://dev.vcalling.in/b288a0aa-9280-4f5f-8e52-92426723f005") repeat scroll 0% 0% / 100% 100% padding-box border-box'.

2018-09-15 11:14:07 - [MESSAGE][PASSED] - Get CSS 'background' value on 'Object Repository/pagi/div_pagination-icon next-icn' successfully: 'rgba(0, 0, 0, 0) url("blob:https://dev.vcalling.in/b288a0aa-9280-4f5f-8e52-92426723f005") repeat scroll 0% 0% / 100% 100% padding-box border-box'.

2018-09-15 11:14:07 - [TEST_STEP][PASSED] - Statement - println(cssValue): null

2018-09-15 11:14:07 - [TEST_STEP][PASSED] - delay: Delayed 5 second(s)

2018-09-15 11:14:12 - [MESSAGE][PASSED] - Delayed 5 second(s)

2018-09-15 11:14:12 - [TEST_STEP][PASSED] - Statement - words = cssValue.split(""")[1]: null

2018-09-15 11:14:12 - [TEST_STEP][PASSED] - Statement - out.println(words): null

2018-09-15 11:14:12 - [TEST_STEP][PASSED] - Statement - word2 = words.split("/")[3]: null

2018-09-15 11:14:12 - [TEST_STEP][PASSED] - Statement - out.println(word2): null

2018-09-15 11:14:12 - [TEST_STEP][PASSED] - Statement - compare = cssNotActive != word2: null

2018-09-15 11:14:12 - [TEST_STEP][PASSED] - Statement - println(compare): null

2018-09-15 11:14:12 - [TEST_STEP][PASSED] - verifyElementPresent: Object 'Object Repository/pagi/div_pagination-icon' is present

2018-09-15 11:14:12 - [MESSAGE][PASSED] - Object 'Object Repository/pagi/div_pagination-icon' is present

2018-09-15 11:14:12 - [TEST_STEP][PASSED] - Statement - (linkGeneratorCount++): null

2018-09-15 11:14:12 - [TEST_STEP][PASSED] - click: Object: 'Object Repository/pagi/div_pagination-icon next-icn' is clicked on

2018-09-15 11:14:12 - [MESSAGE][PASSED] - Object: 'Object Repository/pagi/div_pagination-icon next-icn' is clicked on

2018-09-15 11:14:12 - [TEST_STEP][PASSED] - Statement - cssValue = com.kms.katalon.core.webui.keyword.WebUiBuiltInKeywords.getCSSValue(com.kms.katalon.core.testobject.ObjectRepository.findTestObject(pagi/div_pagination-icon next-icn), "background"): Get CSS 'background' value on 'Object Repository/pagi/div_pagination-icon next-icn' successfully: 'rgba(0, 0, 0, 0) url("blob:https://dev.vcalling.in/b288a0aa-9280-4f5f-8e52-92426723f005") repeat scroll 0% 0% / 100% 100% padding-box border-box'.

2018-09-15 11:14:12 - [MESSAGE][PASSED] - Get CSS 'background' value on 'Object Repository/pagi/div_pagination-icon next-icn' successfully: 'rgba(0, 0, 0, 0) url("blob:https://dev.vcalling.in/b288a0aa-9280-4f5f-8e52-92426723f005") repeat scroll 0% 0% / 100% 100% padding-box border-box'.

2018-09-15 11:14:12 - [TEST_STEP][PASSED] - Statement - println(cssValue): null

2018-09-15 11:14:12 - [TEST_STEP][PASSED] - delay: Delayed 5 second(s)

2018-09-15 11:14:17 - [MESSAGE][PASSED] - Delayed 5 second(s)

2018-09-15 11:14:17 - [TEST_STEP][PASSED] - Statement - words = cssValue.split(""")[1]: null

2018-09-15 11:14:17 - [TEST_STEP][PASSED] - Statement - out.println(words): null

2018-09-15 11:14:17 - [TEST_STEP][PASSED] - Statement - word2 = words.split("/")[3]: null

2018-09-15 11:14:17 - [TEST_STEP][PASSED] - Statement - out.println(word2): null

2018-09-15 11:14:17 - [TEST_STEP][PASSED] - Statement - compare = cssNotActive != word2: null

2018-09-15 11:14:17 - [TEST_STEP][PASSED] - Statement - println(compare): null

2018-09-15 11:14:17 - [TEST_STEP][PASSED] - verifyElementPresent: Object 'Object Repository/pagi/div_pagination-icon' is present

2018-09-15 11:14:17 - [MESSAGE][PASSED] - Object 'Object Repository/pagi/div_pagination-icon' is present

2018-09-15 11:14:17 - [TEST_STEP][PASSED] - Statement - (linkGeneratorCount++): null

2018-09-15 11:14:17 - [TEST_STEP][PASSED] - click: Object: 'Object Repository/pagi/div_pagination-icon next-icn' is clicked on

2018-09-15 11:14:17 - [MESSAGE][PASSED] - Object: 'Object Repository/pagi/div_pagination-icon next-icn' is clicked on

2018-09-15 11:14:18 - [TEST_STEP][PASSED] - Statement - cssValue = com.kms.katalon.core.webui.keyword.WebUiBuiltInKeywords.getCSSValue(com.kms.katalon.core.testobject.ObjectRepository.findTestObject(pagi/div_pagination-icon next-icn), "background"): Get CSS 'background' value on 'Object Repository/pagi/div_pagination-icon next-icn' successfully: 'rgba(0, 0, 0, 0) url("blob:https://dev.vcalling.in/b288a0aa-9280-4f5f-8e52-92426723f005") repeat scroll 0% 0% / 100% 100% padding-box border-box'.

2018-09-15 11:14:18 - [MESSAGE][PASSED] - Get CSS 'background' value on 'Object Repository/pagi/div_pagination-icon next-icn' successfully: 'rgba(0, 0, 0, 0) url("blob:https://dev.vcalling.in/b288a0aa-9280-4f5f-8e52-92426723f005") repeat scroll 0% 0% / 100% 100% padding-box border-box'.

2018-09-15 11:14:18 - [TEST_STEP][PASSED] - Statement - println(cssValue): null

2018-09-15 11:14:18 - [TEST_STEP][PASSED] - delay: Delayed 5 second(s)

2018-09-15 11:14:23 - [MESSAGE][PASSED] - Delayed 5 second(s)

2018-09-15 11:14:23 - [TEST_STEP][PASSED] - Statement - words = cssValue.split(""")[1]: null

2018-09-15 11:14:23 - [TEST_STEP][PASSED] - Statement - out.println(words): null

2018-09-15 11:14:23 - [TEST_STEP][PASSED] - Statement - word2 = words.split("/")[3]: null

2018-09-15 11:14:23 - [TEST_STEP][PASSED] - Statement - out.println(word2): null

2018-09-15 11:14:23 - [TEST_STEP][PASSED] - Statement - compare = cssNotActive != word2: null

2018-09-15 11:14:23 - [TEST_STEP][PASSED] - Statement - println(compare): null

2018-09-15 11:14:23 - [TEST_STEP][PASSED] - verifyElementPresent: Object 'Object Repository/pagi/div_pagination-icon' is present

2018-09-15 11:14:23 - [MESSAGE][PASSED] - Object 'Object Repository/pagi/div_pagination-icon' is present

2018-09-15 11:14:23 - [TEST_STEP][PASSED] - Statement - (linkGeneratorCount++): null

2018-09-15 11:14:23 - [TEST_STEP][PASSED] - click: Object: 'Object Repository/pagi/div_pagination-icon next-icn' is clicked on

2018-09-15 11:14:23 - [MESSAGE][PASSED] - Object: 'Object Repository/pagi/div_pagination-icon next-icn' is clicked on

2018-09-15 11:14:23 - [TEST_STEP][PASSED] - Statement - cssValue = com.kms.katalon.core.webui.keyword.WebUiBuiltInKeywords.getCSSValue(com.kms.katalon.core.testobject.ObjectRepository.findTestObject(pagi/div_pagination-icon next-icn), "background"): Get CSS 'background' value on 'Object Repository/pagi/div_pagination-icon next-icn' successfully: 'rgba(0, 0, 0, 0) url("blob:https://dev.vcalling.in/b288a0aa-9280-4f5f-8e52-92426723f005") repeat scroll 0% 0% / 100% 100% padding-box border-box'.

2018-09-15 11:14:23 - [MESSAGE][PASSED] - Get CSS 'background' value on 'Object Repository/pagi/div_pagination-icon next-icn' successfully: 'rgba(0, 0, 0, 0) url("blob:https://dev.vcalling.in/b288a0aa-9280-4f5f-8e52-92426723f005") repeat scroll 0% 0% / 100% 100% padding-box border-box'.

2018-09-15 11:14:23 - [TEST_STEP][PASSED] - Statement - println(cssValue): null

2018-09-15 11:14:23 - [TEST_STEP][PASSED] - delay: Delayed 5 second(s)

2018-09-15 11:14:28 - [MESSAGE][PASSED] - Delayed 5 second(s)

2018-09-15 11:14:28 - [TEST_STEP][PASSED] - Statement - words = cssValue.split(""")[1]: null

2018-09-15 11:14:28 - [TEST_STEP][PASSED] - Statement - out.println(words): null

2018-09-15 11:14:28 - [TEST_STEP][PASSED] - Statement - word2 = words.split("/")[3]: null

2018-09-15 11:14:28 - [TEST_STEP][PASSED] - Statement - out.println(word2): null

2018-09-15 11:14:28 - [TEST_STEP][PASSED] - Statement - compare = cssNotActive != word2: null

2018-09-15 11:14:28 - [TEST_STEP][PASSED] - Statement - println(compare): null

2018-09-15 11:14:28 - [TEST_STEP][PASSED] - verifyElementPresent: Object 'Object Repository/pagi/div_pagination-icon' is present

2018-09-15 11:14:28 - [MESSAGE][PASSED] - Object 'Object Repository/pagi/div_pagination-icon' is present

2018-09-15 11:14:28 - [TEST_STEP][PASSED] - Statement - (linkGeneratorCount++): null

2018-09-15 11:14:28 - [TEST_STEP][PASSED] - click: Object: 'Object Repository/pagi/div_pagination-icon next-icn' is clicked on

2018-09-15 11:14:28 - [MESSAGE][PASSED] - Object: 'Object Repository/pagi/div_pagination-icon next-icn' is clicked on

2018-09-15 11:14:28 - [TEST_STEP][PASSED] - Statement - cssValue = com.kms.katalon.core.webui.keyword.WebUiBuiltInKeywords.getCSSValue(com.kms.katalon.core.testobject.ObjectRepository.findTestObject(pagi/div_pagination-icon next-icn), "background"): Get CSS 'background' value on 'Object Repository/pagi/div_pagination-icon next-icn' successfully: 'rgba(0, 0, 0, 0) url("blob:https://dev.vcalling.in/b288a0aa-9280-4f5f-8e52-92426723f005") repeat scroll 0% 0% / 100% 100% padding-box border-box'.

2018-09-15 11:14:28 - [MESSAGE][PASSED] - Get CSS 'background' value on 'Object Repository/pagi/div_pagination-icon next-icn' successfully: 'rgba(0, 0, 0, 0) url("blob:https://dev.vcalling.in/b288a0aa-9280-4f5f-8e52-92426723f005") repeat scroll 0% 0% / 100% 100% padding-box border-box'.

2018-09-15 11:14:28 - [TEST_STEP][PASSED] - Statement - println(cssValue): null

2018-09-15 11:14:28 - [TEST_STEP][PASSED] - delay: Delayed 5 second(s)

2018-09-15 11:14:33 - [MESSAGE][PASSED] - Delayed 5 second(s)

2018-09-15 11:14:33 - [TEST_STEP][PASSED] - Statement - words = cssValue.split(""")[1]: null

2018-09-15 11:14:33 - [TEST_STEP][PASSED] - Statement - out.println(words): null

2018-09-15 11:14:33 - [TEST_STEP][PASSED] - Statement - word2 = words.split("/")[3]: null

2018-09-15 11:14:33 - [TEST_STEP][PASSED] - Statement - out.println(word2): null

2018-09-15 11:14:33 - [TEST_STEP][PASSED] - Statement - compare = cssNotActive != word2: null

2018-09-15 11:14:33 - [TEST_STEP][PASSED] - Statement - println(compare): null

2018-09-15 11:14:33 - [TEST_STEP][PASSED] - verifyElementPresent: Object 'Object Repository/pagi/div_pagination-icon' is present

2018-09-15 11:14:33 - [MESSAGE][PASSED] - Object 'Object Repository/pagi/div_pagination-icon' is present

2018-09-15 11:14:33 - [TEST_STEP][PASSED] - Statement - (linkGeneratorCount++): null

2018-09-15 11:14:33 - [TEST_STEP][PASSED] - click: Object: 'Object Repository/pagi/div_pagination-icon next-icn' is clicked on

2018-09-15 11:14:33 - [MESSAGE][PASSED] - Object: 'Object Repository/pagi/div_pagination-icon next-icn' is clicked on

2018-09-15 11:14:33 - [TEST_STEP][PASSED] - Statement - cssValue = com.kms.katalon.core.webui.keyword.WebUiBuiltInKeywords.getCSSValue(com.kms.katalon.core.testobject.ObjectRepository.findTestObject(pagi/div_pagination-icon next-icn), "background"): Get CSS 'background' value on 'Object Repository/pagi/div_pagination-icon next-icn' successfully: 'rgba(0, 0, 0, 0) url("blob:https://dev.vcalling.in/b288a0aa-9280-4f5f-8e52-92426723f005") repeat scroll 0% 0% / 100% 100% padding-box border-box'.

2018-09-15 11:14:33 - [MESSAGE][PASSED] - Get CSS 'background' value on 'Object Repository/pagi/div_pagination-icon next-icn' successfully: 'rgba(0, 0, 0, 0) url("blob:https://dev.vcalling.in/b288a0aa-9280-4f5f-8e52-92426723f005") repeat scroll 0% 0% / 100% 100% padding-box border-box'.

2018-09-15 11:14:33 - [TEST_STEP][PASSED] - Statement - println(cssValue): null

2018-09-15 11:14:33 - [TEST_STEP][PASSED] - delay: Delayed 5 second(s)

2018-09-15 11:14:38 - [MESSAGE][PASSED] - Delayed 5 second(s)

2018-09-15 11:14:38 - [TEST_STEP][PASSED] - Statement - words = cssValue.split(""")[1]: null

2018-09-15 11:14:38 - [TEST_STEP][PASSED] - Statement - out.println(words): null

2018-09-15 11:14:38 - [TEST_STEP][PASSED] - Statement - word2 = words.split("/")[3]: null

2018-09-15 11:14:38 - [TEST_STEP][PASSED] - Statement - out.println(word2): null

2018-09-15 11:14:38 - [TEST_STEP][PASSED] - Statement - compare = cssNotActive != word2: null

2018-09-15 11:14:38 - [TEST_STEP][PASSED] - Statement - println(compare): null

2018-09-15 11:14:38 - [TEST_STEP][PASSED] - verifyElementPresent: Object 'Object Repository/pagi/div_pagination-icon' is present

2018-09-15 11:14:38 - [MESSAGE][PASSED] - Object 'Object Repository/pagi/div_pagination-icon' is present

2018-09-15 11:14:38 - [TEST_STEP][PASSED] - Statement - (linkGeneratorCount++): null

2018-09-15 11:14:38 - [TEST_STEP][PASSED] - click: Object: 'Object Repository/pagi/div_pagination-icon next-icn' is clicked on

2018-09-15 11:14:38 - [MESSAGE][PASSED] - Object: 'Object Repository/pagi/div_pagination-icon next-icn' is clicked on

2018-09-15 11:14:38 - [TEST_STEP][PASSED] - Statement - cssValue = com.kms.katalon.core.webui.keyword.WebUiBuiltInKeywords.getCSSValue(com.kms.katalon.core.testobject.ObjectRepository.findTestObject(pagi/div_pagination-icon next-icn), "background"): Get CSS 'background' value on 'Object Repository/pagi/div_pagination-icon next-icn' successfully: 'rgba(0, 0, 0, 0) url("blob:https://dev.vcalling.in/b288a0aa-9280-4f5f-8e52-92426723f005") repeat scroll 0% 0% / 100% 100% padding-box border-box'.

2018-09-15 11:14:38 - [MESSAGE][PASSED] - Get CSS 'background' value on 'Object Repository/pagi/div_pagination-icon next-icn' successfully: 'rgba(0, 0, 0, 0) url("blob:https://dev.vcalling.in/b288a0aa-9280-4f5f-8e52-92426723f005") repeat scroll 0% 0% / 100% 100% padding-box border-box'.

2018-09-15 11:14:38 - [TEST_STEP][PASSED] - Statement - println(cssValue): null

2018-09-15 11:14:38 - [TEST_STEP][PASSED] - delay: Delayed 5 second(s)

2018-09-15 11:14:43 - [MESSAGE][PASSED] - Delayed 5 second(s)

2018-09-15 11:14:43 - [TEST_STEP][PASSED] - Statement - words = cssValue.split(""")[1]: null

2018-09-15 11:14:43 - [TEST_STEP][PASSED] - Statement - out.println(words): null

2018-09-15 11:14:43 - [TEST_STEP][PASSED] - Statement - word2 = words.split("/")[3]: null

2018-09-15 11:14:43 - [TEST_STEP][PASSED] - Statement - out.println(word2): null

2018-09-15 11:14:43 - [TEST_STEP][PASSED] - Statement - compare = cssNotActive != word2: null

2018-09-15 11:14:43 - [TEST_STEP][PASSED] - Statement - println(compare): null

2018-09-15 11:14:43 - [TEST_STEP][PASSED] - verifyElementPresent: Object 'Object Repository/pagi/div_pagination-icon' is present

2018-09-15 11:14:43 - [MESSAGE][PASSED] - Object 'Object Repository/pagi/div_pagination-icon' is present

2018-09-15 11:14:43 - [TEST_STEP][PASSED] - Statement - (linkGeneratorCount++): null

2018-09-15 11:14:43 - [TEST_STEP][PASSED] - click: Object: 'Object Repository/pagi/div_pagination-icon next-icn' is clicked on

2018-09-15 11:14:43 - [MESSAGE][PASSED] - Object: 'Object Repository/pagi/div_pagination-icon next-icn' is clicked on

2018-09-15 11:14:43 - [TEST_STEP][PASSED] - Statement - cssValue = com.kms.katalon.core.webui.keyword.WebUiBuiltInKeywords.getCSSValue(com.kms.katalon.core.testobject.ObjectRepository.findTestObject(pagi/div_pagination-icon next-icn), "background"): Get CSS 'background' value on 'Object Repository/pagi/div_pagination-icon next-icn' successfully: 'rgba(0, 0, 0, 0) url("blob:https://dev.vcalling.in/b288a0aa-9280-4f5f-8e52-92426723f005") repeat scroll 0% 0% / 100% 100% padding-box border-box'.

2018-09-15 11:14:43 - [MESSAGE][PASSED] - Get CSS 'background' value on 'Object Repository/pagi/div_pagination-icon next-icn' successfully: 'rgba(0, 0, 0, 0) url("blob:https://dev.vcalling.in/b288a0aa-9280-4f5f-8e52-92426723f005") repeat scroll 0% 0% / 100% 100% padding-box border-box'.

2018-09-15 11:14:43 - [TEST_STEP][PASSED] - Statement - println(cssValue): null

2018-09-15 11:14:43 - [TEST_STEP][PASSED] - delay: Delayed 5 second(s)

2018-09-15 11:14:48 - [MESSAGE][PASSED] - Delayed 5 second(s)

2018-09-15 11:14:48 - [TEST_STEP][PASSED] - Statement - words = cssValue.split(""")[1]: null

2018-09-15 11:14:48 - [TEST_STEP][PASSED] - Statement - out.println(words): null

2018-09-15 11:14:48 - [TEST_STEP][PASSED] - Statement - word2 = words.split("/")[3]: null

2018-09-15 11:14:48 - [TEST_STEP][PASSED] - Statement - out.println(word2): null

2018-09-15 11:14:48 - [TEST_STEP][PASSED] - Statement - compare = cssNotActive != word2: null

2018-09-15 11:14:48 - [TEST_STEP][PASSED] - Statement - println(compare): null

2018-09-15 11:14:48 - [TEST_STEP][PASSED] - verifyElementPresent: Object 'Object Repository/pagi/div_pagination-icon' is present

2018-09-15 11:14:48 - [MESSAGE][PASSED] - Object 'Object Repository/pagi/div_pagination-icon' is present

2018-09-15 11:14:48 - [TEST_STEP][PASSED] - Statement - (linkGeneratorCount++): null

2018-09-15 11:14:48 - [TEST_STEP][PASSED] - click: Object: 'Object Repository/pagi/div_pagination-icon next-icn' is clicked on

2018-09-15 11:14:48 - [MESSAGE][PASSED] - Object: 'Object Repository/pagi/div_pagination-icon next-icn' is clicked on

2018-09-15 11:14:48 - [TEST_STEP][PASSED] - Statement - cssValue = com.kms.katalon.core.webui.keyword.WebUiBuiltInKeywords.getCSSValue(com.kms.katalon.core.testobject.ObjectRepository.findTestObject(pagi/div_pagination-icon next-icn), "background"): Get CSS 'background' value on 'Object Repository/pagi/div_pagination-icon next-icn' successfully: 'rgba(0, 0, 0, 0) url("blob:https://dev.vcalling.in/b288a0aa-9280-4f5f-8e52-92426723f005") repeat scroll 0% 0% / 100% 100% padding-box border-box'.

2018-09-15 11:14:48 - [MESSAGE][PASSED] - Get CSS 'background' value on 'Object Repository/pagi/div_pagination-icon next-icn' successfully: 'rgba(0, 0, 0, 0) url("blob:https://dev.vcalling.in/b288a0aa-9280-4f5f-8e52-92426723f005") repeat scroll 0% 0% / 100% 100% padding-box border-box'.

2018-09-15 11:14:48 - [TEST_STEP][PASSED] - Statement - println(cssValue): null

2018-09-15 11:14:48 - [TEST_STEP][PASSED] - delay: Delayed 5 second(s)

2018-09-15 11:14:53 - [MESSAGE][PASSED] - Delayed 5 second(s)

2018-09-15 11:14:53 - [TEST_STEP][PASSED] - Statement - words = cssValue.split(""")[1]: null

2018-09-15 11:14:53 - [TEST_STEP][PASSED] - Statement - out.println(words): null

2018-09-15 11:14:53 - [TEST_STEP][PASSED] - Statement - word2 = words.split("/")[3]: null

2018-09-15 11:14:53 - [TEST_STEP][PASSED] - Statement - out.println(word2): null

2018-09-15 11:14:53 - [TEST_STEP][PASSED] - Statement - compare = cssNotActive != word2: null

2018-09-15 11:14:53 - [TEST_STEP][PASSED] - Statement - println(compare): null

2018-09-15 11:14:53 - [TEST_STEP][PASSED] - verifyElementPresent: Object 'Object Repository/pagi/div_pagination-icon' is present

2018-09-15 11:14:53 - [MESSAGE][PASSED] - Object 'Object Repository/pagi/div_pagination-icon' is present

2018-09-15 11:14:53 - [TEST_STEP][PASSED] - Statement - (linkGeneratorCount++): null

2018-09-15 11:14:53 - [TEST_STEP][PASSED] - click: Object: 'Object Repository/pagi/div_pagination-icon next-icn' is clicked on

2018-09-15 11:14:53 - [MESSAGE][PASSED] - Object: 'Object Repository/pagi/div_pagination-icon next-icn' is clicked on

2018-09-15 11:14:53 - [TEST_STEP][PASSED] - Statement - cssValue = com.kms.katalon.core.webui.keyword.WebUiBuiltInKeywords.getCSSValue(com.kms.katalon.core.testobject.ObjectRepository.findTestObject(pagi/div_pagination-icon next-icn), "background"): Get CSS 'background' value on 'Object Repository/pagi/div_pagination-icon next-icn' successfully: 'rgba(0, 0, 0, 0) url("blob:https://dev.vcalling.in/b288a0aa-9280-4f5f-8e52-92426723f005") repeat scroll 0% 0% / 100% 100% padding-box border-box'.

2018-09-15 11:14:53 - [MESSAGE][PASSED] - Get CSS 'background' value on 'Object Repository/pagi/div_pagination-icon next-icn' successfully: 'rgba(0, 0, 0, 0) url("blob:https://dev.vcalling.in/b288a0aa-9280-4f5f-8e52-92426723f005") repeat scroll 0% 0% / 100% 100% padding-box border-box'.

2018-09-15 11:14:53 - [TEST_STEP][PASSED] - Statement - println(cssValue): null

2018-09-15 11:14:53 - [TEST_STEP][PASSED] - delay: Delayed 5 second(s)

2018-09-15 11:14:58 - [MESSAGE][PASSED] - Delayed 5 second(s)

2018-09-15 11:14:58 - [TEST_STEP][PASSED] - Statement - words = cssValue.split(""")[1]: null

2018-09-15 11:14:58 - [TEST_STEP][PASSED] - Statement - out.println(words): null

2018-09-15 11:14:58 - [TEST_STEP][PASSED] - Statement - word2 = words.split("/")[3]: null

2018-09-15 11:14:58 - [TEST_STEP][PASSED] - Statement - out.println(word2): null

2018-09-15 11:14:58 - [TEST_STEP][PASSED] - Statement - compare = cssNotActive != word2: null

2018-09-15 11:14:58 - [TEST_STEP][PASSED] - Statement - println(compare): null

2018-09-15 11:14:58 - [TEST_STEP][PASSED] - verifyElementPresent: Object 'Object Repository/pagi/div_pagination-icon' is present

2018-09-15 11:14:58 - [MESSAGE][PASSED] - Object 'Object Repository/pagi/div_pagination-icon' is present

2018-09-15 11:14:58 - [TEST_STEP][PASSED] - Statement - (linkGeneratorCount++): null

2018-09-15 11:14:58 - [TEST_STEP][PASSED] - click: Object: 'Object Repository/pagi/div_pagination-icon next-icn' is clicked on

2018-09-15 11:14:58 - [MESSAGE][PASSED] - Object: 'Object Repository/pagi/div_pagination-icon next-icn' is clicked on

2018-09-15 11:14:58 - [TEST_STEP][PASSED] - Statement - cssValue = com.kms.katalon.core.webui.keyword.WebUiBuiltInKeywords.getCSSValue(com.kms.katalon.core.testobject.ObjectRepository.findTestObject(pagi/div_pagination-icon next-icn), "background"): Get CSS 'background' value on 'Object Repository/pagi/div_pagination-icon next-icn' successfully: 'rgba(0, 0, 0, 0) url("blob:https://dev.vcalling.in/b288a0aa-9280-4f5f-8e52-92426723f005") repeat scroll 0% 0% / 100% 100% padding-box border-box'.

2018-09-15 11:14:58 - [MESSAGE][PASSED] - Get CSS 'background' value on 'Object Repository/pagi/div_pagination-icon next-icn' successfully: 'rgba(0, 0, 0, 0) url("blob:https://dev.vcalling.in/b288a0aa-9280-4f5f-8e52-92426723f005") repeat scroll 0% 0% / 100% 100% padding-box border-box'.

2018-09-15 11:14:58 - [TEST_STEP][PASSED] - Statement - println(cssValue): null

2018-09-15 11:14:58 - [TEST_STEP][PASSED] - delay: Delayed 5 second(s)

2018-09-15 11:15:03 - [MESSAGE][PASSED] - Delayed 5 second(s)

2018-09-15 11:15:03 - [TEST_STEP][PASSED] - Statement - words = cssValue.split(""")[1]: null

2018-09-15 11:15:03 - [TEST_STEP][PASSED] - Statement - out.println(words): null

2018-09-15 11:15:03 - [TEST_STEP][PASSED] - Statement - word2 = words.split("/")[3]: null

2018-09-15 11:15:03 - [TEST_STEP][PASSED] - Statement - out.println(word2): null

2018-09-15 11:15:03 - [TEST_STEP][PASSED] - Statement - compare = cssNotActive != word2: null

2018-09-15 11:15:03 - [TEST_STEP][PASSED] - Statement - println(compare): null

2018-09-15 11:15:03 - [TEST_STEP][PASSED] - verifyElementPresent: Object 'Object Repository/pagi/div_pagination-icon' is present

2018-09-15 11:15:03 - [MESSAGE][PASSED] - Object 'Object Repository/pagi/div_pagination-icon' is present

2018-09-15 11:15:03 - [TEST_STEP][PASSED] - Statement - (linkGeneratorCount++): null

2018-09-15 11:15:03 - [TEST_STEP][PASSED] - click: Object: 'Object Repository/pagi/div_pagination-icon next-icn' is clicked on

2018-09-15 11:15:03 - [MESSAGE][PASSED] - Object: 'Object Repository/pagi/div_pagination-icon next-icn' is clicked on

2018-09-15 11:15:03 - [TEST_STEP][PASSED] - Statement - cssValue = com.kms.katalon.core.webui.keyword.WebUiBuiltInKeywords.getCSSValue(com.kms.katalon.core.testobject.ObjectRepository.findTestObject(pagi/div_pagination-icon next-icn), "background"): Get CSS 'background' value on 'Object Repository/pagi/div_pagination-icon next-icn' successfully: 'rgba(0, 0, 0, 0) url("blob:https://dev.vcalling.in/b288a0aa-9280-4f5f-8e52-92426723f005") repeat scroll 0% 0% / 100% 100% padding-box border-box'.

2018-09-15 11:15:04 - [MESSAGE][PASSED] - Get CSS 'background' value on 'Object Repository/pagi/div_pagination-icon next-icn' successfully: 'rgba(0, 0, 0, 0) url("blob:https://dev.vcalling.in/b288a0aa-9280-4f5f-8e52-92426723f005") repeat scroll 0% 0% / 100% 100% padding-box border-box'.

2018-09-15 11:15:04 - [TEST_STEP][PASSED] - Statement - println(cssValue): null

2018-09-15 11:15:04 - [TEST_STEP][PASSED] - delay: Delayed 5 second(s)

2018-09-15 11:15:09 - [MESSAGE][PASSED] - Delayed 5 second(s)

2018-09-15 11:15:09 - [TEST_STEP][PASSED] - Statement - words = cssValue.split(""")[1]: null

2018-09-15 11:15:09 - [TEST_STEP][PASSED] - Statement - out.println(words): null

2018-09-15 11:15:09 - [TEST_STEP][PASSED] - Statement - word2 = words.split("/")[3]: null

2018-09-15 11:15:09 - [TEST_STEP][PASSED] - Statement - out.println(word2): null

2018-09-15 11:15:09 - [TEST_STEP][PASSED] - Statement - compare = cssNotActive != word2: null

2018-09-15 11:15:09 - [TEST_STEP][PASSED] - Statement - println(compare): null

2018-09-15 11:15:09 - [TEST_STEP][PASSED] - verifyElementPresent: Object 'Object Repository/pagi/div_pagination-icon' is present

2018-09-15 11:15:09 - [MESSAGE][PASSED] - Object 'Object Repository/pagi/div_pagination-icon' is present

2018-09-15 11:15:09 - [TEST_STEP][PASSED] - Statement - (linkGeneratorCount++): null

2018-09-15 11:15:09 - [TEST_STEP][PASSED] - click: Object: 'Object Repository/pagi/div_pagination-icon next-icn' is clicked on

2018-09-15 11:15:09 - [MESSAGE][PASSED] - Object: 'Object Repository/pagi/div_pagination-icon next-icn' is clicked on

2018-09-15 11:15:09 - [TEST_STEP][PASSED] - Statement - cssValue = com.kms.katalon.core.webui.keyword.WebUiBuiltInKeywords.getCSSValue(com.kms.katalon.core.testobject.ObjectRepository.findTestObject(pagi/div_pagination-icon next-icn), "background"): Get CSS 'background' value on 'Object Repository/pagi/div_pagination-icon next-icn' successfully: 'rgba(0, 0, 0, 0) url("blob:https://dev.vcalling.in/b288a0aa-9280-4f5f-8e52-92426723f005") repeat scroll 0% 0% / 100% 100% padding-box border-box'.

2018-09-15 11:15:09 - [MESSAGE][PASSED] - Get CSS 'background' value on 'Object Repository/pagi/div_pagination-icon next-icn' successfully: 'rgba(0, 0, 0, 0) url("blob:https://dev.vcalling.in/b288a0aa-9280-4f5f-8e52-92426723f005") repeat scroll 0% 0% / 100% 100% padding-box border-box'.

2018-09-15 11:15:09 - [TEST_STEP][PASSED] - Statement - println(cssValue): null

2018-09-15 11:15:09 - [TEST_STEP][PASSED] - delay: Delayed 5 second(s)

2018-09-15 11:15:14 - [MESSAGE][PASSED] - Delayed 5 second(s)

2018-09-15 11:15:14 - [TEST_STEP][PASSED] - Statement - words = cssValue.split(""")[1]: null

2018-09-15 11:15:14 - [TEST_STEP][PASSED] - Statement - out.println(words): null

2018-09-15 11:15:14 - [TEST_STEP][PASSED] - Statement - word2 = words.split("/")[3]: null

2018-09-15 11:15:14 - [TEST_STEP][PASSED] - Statement - out.println(word2): null

2018-09-15 11:15:14 - [TEST_STEP][PASSED] - Statement - compare = cssNotActive != word2: null

2018-09-15 11:15:14 - [TEST_STEP][PASSED] - Statement - println(compare): null

2018-09-15 11:15:14 - [TEST_STEP][PASSED] - verifyElementPresent: Object 'Object Repository/pagi/div_pagination-icon' is present

2018-09-15 11:15:14 - [MESSAGE][PASSED] - Object 'Object Repository/pagi/div_pagination-icon' is present

2018-09-15 11:15:14 - [TEST_STEP][PASSED] - Statement - (linkGeneratorCount++): null

2018-09-15 11:15:14 - [TEST_STEP][PASSED] - click: Object: 'Object Repository/pagi/div_pagination-icon next-icn' is clicked on

2018-09-15 11:15:14 - [MESSAGE][PASSED] - Object: 'Object Repository/pagi/div_pagination-icon next-icn' is clicked on

2018-09-15 11:15:14 - [TEST_STEP][PASSED] - Statement - cssValue = com.kms.katalon.core.webui.keyword.WebUiBuiltInKeywords.getCSSValue(com.kms.katalon.core.testobject.ObjectRepository.findTestObject(pagi/div_pagination-icon next-icn), "background"): Get CSS 'background' value on 'Object Repository/pagi/div_pagination-icon next-icn' successfully: 'rgba(0, 0, 0, 0) url("blob:https://dev.vcalling.in/b288a0aa-9280-4f5f-8e52-92426723f005") repeat scroll 0% 0% / 100% 100% padding-box border-box'.

2018-09-15 11:15:14 - [MESSAGE][PASSED] - Get CSS 'background' value on 'Object Repository/pagi/div_pagination-icon next-icn' successfully: 'rgba(0, 0, 0, 0) url("blob:https://dev.vcalling.in/b288a0aa-9280-4f5f-8e52-92426723f005") repeat scroll 0% 0% / 100% 100% padding-box border-box'.

2018-09-15 11:15:14 - [TEST_STEP][PASSED] - Statement - println(cssValue): null

2018-09-15 11:15:14 - [TEST_STEP][PASSED] - delay: Delayed 5 second(s)

2018-09-15 11:15:19 - [MESSAGE][PASSED] - Delayed 5 second(s)

2018-09-15 11:15:19 - [TEST_STEP][PASSED] - Statement - words = cssValue.split(""")[1]: null

2018-09-15 11:15:19 - [TEST_STEP][PASSED] - Statement - out.println(words): null

2018-09-15 11:15:19 - [TEST_STEP][PASSED] - Statement - word2 = words.split("/")[3]: null

2018-09-15 11:15:19 - [TEST_STEP][PASSED] - Statement - out.println(word2): null

2018-09-15 11:15:19 - [TEST_STEP][PASSED] - Statement - compare = cssNotActive != word2: null

2018-09-15 11:15:19 - [TEST_STEP][PASSED] - Statement - println(compare): null

2018-09-15 11:15:19 - [TEST_STEP][PASSED] - verifyElementPresent: Object 'Object Repository/pagi/div_pagination-icon' is present

2018-09-15 11:15:19 - [MESSAGE][PASSED] - Object 'Object Repository/pagi/div_pagination-icon' is present

2018-09-15 11:15:19 - [TEST_STEP][PASSED] - Statement - (linkGeneratorCount++): null

2018-09-15 11:15:19 - [TEST_STEP][PASSED] - click: Object: 'Object Repository/pagi/div_pagination-icon next-icn' is clicked on

2018-09-15 11:15:19 - [MESSAGE][PASSED] - Object: 'Object Repository/pagi/div_pagination-icon next-icn' is clicked on

2018-09-15 11:15:19 - [TEST_STEP][PASSED] - Statement - cssValue = com.kms.katalon.core.webui.keyword.WebUiBuiltInKeywords.getCSSValue(com.kms.katalon.core.testobject.ObjectRepository.findTestObject(pagi/div_pagination-icon next-icn), "background"): Get CSS 'background' value on 'Object Repository/pagi/div_pagination-icon next-icn' successfully: 'rgba(0, 0, 0, 0) url("blob:https://dev.vcalling.in/b288a0aa-9280-4f5f-8e52-92426723f005") repeat scroll 0% 0% / 100% 100% padding-box border-box'.

2018-09-15 11:15:19 - [MESSAGE][PASSED] - Get CSS 'background' value on 'Object Repository/pagi/div_pagination-icon next-icn' successfully: 'rgba(0, 0, 0, 0) url("blob:https://dev.vcalling.in/b288a0aa-9280-4f5f-8e52-92426723f005") repeat scroll 0% 0% / 100% 100% padding-box border-box'.

2018-09-15 11:15:19 - [TEST_STEP][PASSED] - Statement - println(cssValue): null

2018-09-15 11:15:19 - [TEST_STEP][PASSED] - delay: Delayed 5 second(s)

2018-09-15 11:15:24 - [MESSAGE][PASSED] - Delayed 5 second(s)

2018-09-15 11:15:24 - [TEST_STEP][PASSED] - Statement - words = cssValue.split(""")[1]: null

2018-09-15 11:15:24 - [TEST_STEP][PASSED] - Statement - out.println(words): null

2018-09-15 11:15:24 - [TEST_STEP][PASSED] - Statement - word2 = words.split("/")[3]: null

2018-09-15 11:15:24 - [TEST_STEP][PASSED] - Statement - out.println(word2): null

2018-09-15 11:15:24 - [TEST_STEP][PASSED] - Statement - compare = cssNotActive != word2: null

2018-09-15 11:15:24 - [TEST_STEP][PASSED] - Statement - println(compare): null

2018-09-15 11:15:24 - [TEST_STEP][PASSED] - verifyElementPresent: Object 'Object Repository/pagi/div_pagination-icon' is present

2018-09-15 11:15:24 - [MESSAGE][PASSED] - Object 'Object Repository/pagi/div_pagination-icon' is present

2018-09-15 11:15:24 - [TEST_STEP][PASSED] - Statement - (linkGeneratorCount++): null

2018-09-15 11:15:24 - [TEST_STEP][PASSED] - click: Object: 'Object Repository/pagi/div_pagination-icon next-icn' is clicked on

2018-09-15 11:15:24 - [MESSAGE][PASSED] - Object: 'Object Repository/pagi/div_pagination-icon next-icn' is clicked on

2018-09-15 11:15:24 - [TEST_STEP][PASSED] - Statement - cssValue = com.kms.katalon.core.webui.keyword.WebUiBuiltInKeywords.getCSSValue(com.kms.katalon.core.testobject.ObjectRepository.findTestObject(pagi/div_pagination-icon next-icn), "background"): Get CSS 'background' value on 'Object Repository/pagi/div_pagination-icon next-icn' successfully: 'rgba(0, 0, 0, 0) url("blob:https://dev.vcalling.in/b288a0aa-9280-4f5f-8e52-92426723f005") repeat scroll 0% 0% / 100% 100% padding-box border-box'.

2018-09-15 11:15:24 - [MESSAGE][PASSED] - Get CSS 'background' value on 'Object Repository/pagi/div_pagination-icon next-icn' successfully: 'rgba(0, 0, 0, 0) url("blob:https://dev.vcalling.in/b288a0aa-9280-4f5f-8e52-92426723f005") repeat scroll 0% 0% / 100% 100% padding-box border-box'.

2018-09-15 11:15:24 - [TEST_STEP][PASSED] - Statement - println(cssValue): null

2018-09-15 11:15:24 - [TEST_STEP][PASSED] - delay: Delayed 5 second(s)

2018-09-15 11:15:29 - [MESSAGE][PASSED] - Delayed 5 second(s)

2018-09-15 11:15:29 - [TEST_STEP][PASSED] - Statement - words = cssValue.split(""")[1]: null

2018-09-15 11:15:29 - [TEST_STEP][PASSED] - Statement - out.println(words): null

2018-09-15 11:15:29 - [TEST_STEP][PASSED] - Statement - word2 = words.split("/")[3]: null

2018-09-15 11:15:29 - [TEST_STEP][PASSED] - Statement - out.println(word2): null

2018-09-15 11:15:29 - [TEST_STEP][PASSED] - Statement - compare = cssNotActive != word2: null

2018-09-15 11:15:29 - [TEST_STEP][PASSED] - Statement - println(compare): null

2018-09-15 11:15:29 - [TEST_STEP][PASSED] - verifyElementPresent: Object 'Object Repository/pagi/div_pagination-icon' is present

2018-09-15 11:15:29 - [MESSAGE][PASSED] - Object 'Object Repository/pagi/div_pagination-icon' is present

2018-09-15 11:15:29 - [TEST_STEP][PASSED] - Statement - (linkGeneratorCount++): null

2018-09-15 11:15:29 - [TEST_STEP][PASSED] - click: Object: 'Object Repository/pagi/div_pagination-icon next-icn' is clicked on

2018-09-15 11:15:29 - [MESSAGE][PASSED] - Object: 'Object Repository/pagi/div_pagination-icon next-icn' is clicked on

2018-09-15 11:15:29 - [TEST_STEP][PASSED] - Statement - cssValue = com.kms.katalon.core.webui.keyword.WebUiBuiltInKeywords.getCSSValue(com.kms.katalon.core.testobject.ObjectRepository.findTestObject(pagi/div_pagination-icon next-icn), "background"): Get CSS 'background' value on 'Object Repository/pagi/div_pagination-icon next-icn' successfully: 'rgba(0, 0, 0, 0) url("blob:https://dev.vcalling.in/b288a0aa-9280-4f5f-8e52-92426723f005") repeat scroll 0% 0% / 100% 100% padding-box border-box'.

2018-09-15 11:15:29 - [MESSAGE][PASSED] - Get CSS 'background' value on 'Object Repository/pagi/div_pagination-icon next-icn' successfully: 'rgba(0, 0, 0, 0) url("blob:https://dev.vcalling.in/b288a0aa-9280-4f5f-8e52-92426723f005") repeat scroll 0% 0% / 100% 100% padding-box border-box'.

2018-09-15 11:15:29 - [TEST_STEP][PASSED] - Statement - println(cssValue): null

2018-09-15 11:15:29 - [TEST_STEP][PASSED] - delay: Delayed 5 second(s)

2018-09-15 11:15:34 - [MESSAGE][PASSED] - Delayed 5 second(s)

2018-09-15 11:15:34 - [TEST_STEP][PASSED] - Statement - words = cssValue.split(""")[1]: null

2018-09-15 11:15:34 - [TEST_STEP][PASSED] - Statement - out.println(words): null

2018-09-15 11:15:34 - [TEST_STEP][PASSED] - Statement - word2 = words.split("/")[3]: null

2018-09-15 11:15:34 - [TEST_STEP][PASSED] - Statement - out.println(word2): null

2018-09-15 11:15:34 - [TEST_STEP][PASSED] - Statement - compare = cssNotActive != word2: null

2018-09-15 11:15:34 - [TEST_STEP][PASSED] - Statement - println(compare): null

2018-09-15 11:15:34 - [TEST_STEP][PASSED] - verifyElementPresent: Object 'Object Repository/pagi/div_pagination-icon' is present

2018-09-15 11:15:34 - [MESSAGE][PASSED] - Object 'Object Repository/pagi/div_pagination-icon' is present

2018-09-15 11:15:34 - [TEST_STEP][PASSED] - Statement - (linkGeneratorCount++): null

2018-09-15 11:15:34 - [TEST_STEP][PASSED] - click: Object: 'Object Repository/pagi/div_pagination-icon next-icn' is clicked on

2018-09-15 11:15:34 - [MESSAGE][PASSED] - Object: 'Object Repository/pagi/div_pagination-icon next-icn' is clicked on

2018-09-15 11:15:34 - [TEST_STEP][PASSED] - Statement - cssValue = com.kms.katalon.core.webui.keyword.WebUiBuiltInKeywords.getCSSValue(com.kms.katalon.core.testobject.ObjectRepository.findTestObject(pagi/div_pagination-icon next-icn), "background"): Get CSS 'background' value on 'Object Repository/pagi/div_pagination-icon next-icn' successfully: 'rgba(0, 0, 0, 0) url("blob:https://dev.vcalling.in/b288a0aa-9280-4f5f-8e52-92426723f005") repeat scroll 0% 0% / 100% 100% padding-box border-box'.

2018-09-15 11:15:34 - [MESSAGE][PASSED] - Get CSS 'background' value on 'Object Repository/pagi/div_pagination-icon next-icn' successfully: 'rgba(0, 0, 0, 0) url("blob:https://dev.vcalling.in/b288a0aa-9280-4f5f-8e52-92426723f005") repeat scroll 0% 0% / 100% 100% padding-box border-box'.

2018-09-15 11:15:34 - [TEST_STEP][PASSED] - Statement - println(cssValue): null

2018-09-15 11:15:34 - [TEST_STEP][PASSED] - delay: Delayed 5 second(s)

2018-09-15 11:15:39 - [MESSAGE][PASSED] - Delayed 5 second(s)

2018-09-15 11:15:39 - [TEST_STEP][PASSED] - Statement - words = cssValue.split(""")[1]: null

2018-09-15 11:15:39 - [TEST_STEP][PASSED] - Statement - out.println(words): null

2018-09-15 11:15:39 - [TEST_STEP][PASSED] - Statement - word2 = words.split("/")[3]: null

2018-09-15 11:15:39 - [TEST_STEP][PASSED] - Statement - out.println(word2): null

2018-09-15 11:15:39 - [TEST_STEP][PASSED] - Statement - compare = cssNotActive != word2: null

2018-09-15 11:15:39 - [TEST_STEP][PASSED] - Statement - println(compare): null

2018-09-15 11:15:39 - [TEST_STEP][PASSED] - verifyElementPresent: Object 'Object Repository/pagi/div_pagination-icon' is present

2018-09-15 11:15:39 - [MESSAGE][PASSED] - Object 'Object Repository/pagi/div_pagination-icon' is present

2018-09-15 11:15:39 - [TEST_STEP][PASSED] - Statement - (linkGeneratorCount++): null

2018-09-15 11:15:39 - [TEST_STEP][PASSED] - click: Object: 'Object Repository/pagi/div_pagination-icon next-icn' is clicked on

2018-09-15 11:15:39 - [MESSAGE][PASSED] - Object: 'Object Repository/pagi/div_pagination-icon next-icn' is clicked on

2018-09-15 11:15:39 - [TEST_STEP][PASSED] - Statement - cssValue = com.kms.katalon.core.webui.keyword.WebUiBuiltInKeywords.getCSSValue(com.kms.katalon.core.testobject.ObjectRepository.findTestObject(pagi/div_pagination-icon next-icn), "background"): Get CSS 'background' value on 'Object Repository/pagi/div_pagination-icon next-icn' successfully: 'rgba(0, 0, 0, 0) url("blob:https://dev.vcalling.in/b288a0aa-9280-4f5f-8e52-92426723f005") repeat scroll 0% 0% / 100% 100% padding-box border-box'.

2018-09-15 11:15:39 - [MESSAGE][PASSED] - Get CSS 'background' value on 'Object Repository/pagi/div_pagination-icon next-icn' successfully: 'rgba(0, 0, 0, 0) url("blob:https://dev.vcalling.in/b288a0aa-9280-4f5f-8e52-92426723f005") repeat scroll 0% 0% / 100% 100% padding-box border-box'.

2018-09-15 11:15:39 - [TEST_STEP][PASSED] - Statement - println(cssValue): null

2018-09-15 11:15:39 - [TEST_STEP][PASSED] - delay: Delayed 5 second(s)

2018-09-15 11:15:44 - [MESSAGE][PASSED] - Delayed 5 second(s)

2018-09-15 11:15:44 - [TEST_STEP][PASSED] - Statement - words = cssValue.split(""")[1]: null

2018-09-15 11:15:44 - [TEST_STEP][PASSED] - Statement - out.println(words): null

2018-09-15 11:15:44 - [TEST_STEP][PASSED] - Statement - word2 = words.split("/")[3]: null

2018-09-15 11:15:44 - [TEST_STEP][PASSED] - Statement - out.println(word2): null

2018-09-15 11:15:44 - [TEST_STEP][PASSED] - Statement - compare = cssNotActive != word2: null

2018-09-15 11:15:44 - [TEST_STEP][PASSED] - Statement - println(compare): null

2018-09-15 11:15:44 - [TEST_STEP][PASSED] - verifyElementPresent: Object 'Object Repository/pagi/div_pagination-icon' is present

2018-09-15 11:15:45 - [MESSAGE][PASSED] - Object 'Object Repository/pagi/div_pagination-icon' is present

2018-09-15 11:15:45 - [TEST_STEP][PASSED] - Statement - (linkGeneratorCount++): null

2018-09-15 11:15:45 - [TEST_STEP][PASSED] - click: Object: 'Object Repository/pagi/div_pagination-icon next-icn' is clicked on

2018-09-15 11:15:45 - [MESSAGE][PASSED] - Object: 'Object Repository/pagi/div_pagination-icon next-icn' is clicked on

2018-09-15 11:15:45 - [TEST_STEP][PASSED] - Statement - cssValue = com.kms.katalon.core.webui.keyword.WebUiBuiltInKeywords.getCSSValue(com.kms.katalon.core.testobject.ObjectRepository.findTestObject(pagi/div_pagination-icon next-icn), "background"): Get CSS 'background' value on 'Object Repository/pagi/div_pagination-icon next-icn' successfully: 'rgba(0, 0, 0, 0) url("blob:https://dev.vcalling.in/b288a0aa-9280-4f5f-8e52-92426723f005") repeat scroll 0% 0% / 100% 100% padding-box border-box'.

2018-09-15 11:15:45 - [MESSAGE][PASSED] - Get CSS 'background' value on 'Object Repository/pagi/div_pagination-icon next-icn' successfully: 'rgba(0, 0, 0, 0) url("blob:https://dev.vcalling.in/b288a0aa-9280-4f5f-8e52-92426723f005") repeat scroll 0% 0% / 100% 100% padding-box border-box'.

2018-09-15 11:15:45 - [TEST_STEP][PASSED] - Statement - println(cssValue): null

2018-09-15 11:15:45 - [TEST_STEP][PASSED] - delay: Delayed 5 second(s)

2018-09-15 11:15:50 - [MESSAGE][PASSED] - Delayed 5 second(s)

2018-09-15 11:15:50 - [TEST_STEP][PASSED] - Statement - words = cssValue.split(""")[1]: null

2018-09-15 11:15:50 - [TEST_STEP][PASSED] - Statement - out.println(words): null

2018-09-15 11:15:50 - [TEST_STEP][PASSED] - Statement - word2 = words.split("/")[3]: null

2018-09-15 11:15:50 - [TEST_STEP][PASSED] - Statement - out.println(word2): null

2018-09-15 11:15:50 - [TEST_STEP][PASSED] - Statement - compare = cssNotActive != word2: null

2018-09-15 11:15:50 - [TEST_STEP][PASSED] - Statement - println(compare): null

2018-09-15 11:15:50 - [TEST_STEP][PASSED] - verifyElementPresent: Object 'Object Repository/pagi/div_pagination-icon' is present

2018-09-15 11:15:50 - [MESSAGE][PASSED] - Object 'Object Repository/pagi/div_pagination-icon' is present

2018-09-15 11:15:50 - [TEST_STEP][PASSED] - Statement - (linkGeneratorCount++): null

2018-09-15 11:15:50 - [TEST_STEP][PASSED] - click: Object: 'Object Repository/pagi/div_pagination-icon next-icn' is clicked on

2018-09-15 11:15:50 - [MESSAGE][PASSED] - Object: 'Object Repository/pagi/div_pagination-icon next-icn' is clicked on

2018-09-15 11:15:50 - [TEST_STEP][PASSED] - Statement - cssValue = com.kms.katalon.core.webui.keyword.WebUiBuiltInKeywords.getCSSValue(com.kms.katalon.core.testobject.ObjectRepository.findTestObject(pagi/div_pagination-icon next-icn), "background"): Get CSS 'background' value on 'Object Repository/pagi/div_pagination-icon next-icn' successfully: 'rgba(0, 0, 0, 0) url("blob:https://dev.vcalling.in/b288a0aa-9280-4f5f-8e52-92426723f005") repeat scroll 0% 0% / 100% 100% padding-box border-box'.

2018-09-15 11:15:50 - [MESSAGE][PASSED] - Get CSS 'background' value on 'Object Repository/pagi/div_pagination-icon next-icn' successfully: 'rgba(0, 0, 0, 0) url("blob:https://dev.vcalling.in/b288a0aa-9280-4f5f-8e52-92426723f005") repeat scroll 0% 0% / 100% 100% padding-box border-box'.

2018-09-15 11:15:50 - [TEST_STEP][PASSED] - Statement - println(cssValue): null

2018-09-15 11:15:50 - [TEST_STEP][PASSED] - delay: Delayed 5 second(s)

2018-09-15 11:15:55 - [MESSAGE][PASSED] - Delayed 5 second(s)

2018-09-15 11:15:55 - [TEST_STEP][PASSED] - Statement - words = cssValue.split(""")[1]: null

2018-09-15 11:15:55 - [TEST_STEP][PASSED] - Statement - out.println(words): null

2018-09-15 11:15:55 - [TEST_STEP][PASSED] - Statement - word2 = words.split("/")[3]: null

2018-09-15 11:15:55 - [TEST_STEP][PASSED] - Statement - out.println(word2): null

2018-09-15 11:15:55 - [TEST_STEP][PASSED] - Statement - compare = cssNotActive != word2: null

2018-09-15 11:15:55 - [TEST_STEP][PASSED] - Statement - println(compare): null

2018-09-15 11:15:55 - [TEST_STEP][PASSED] - verifyElementPresent: Object 'Object Repository/pagi/div_pagination-icon' is present

2018-09-15 11:15:55 - [MESSAGE][PASSED] - Object 'Object Repository/pagi/div_pagination-icon' is present

2018-09-15 11:15:55 - [TEST_STEP][PASSED] - Statement - (linkGeneratorCount++): null

2018-09-15 11:15:55 - [TEST_STEP][PASSED] - click: Object: 'Object Repository/pagi/div_pagination-icon next-icn' is clicked on

2018-09-15 11:15:55 - [MESSAGE][PASSED] - Object: 'Object Repository/pagi/div_pagination-icon next-icn' is clicked on

2018-09-15 11:15:55 - [TEST_STEP][PASSED] - Statement - cssValue = com.kms.katalon.core.webui.keyword.WebUiBuiltInKeywords.getCSSValue(com.kms.katalon.core.testobject.ObjectRepository.findTestObject(pagi/div_pagination-icon next-icn), "background"): Get CSS 'background' value on 'Object Repository/pagi/div_pagination-icon next-icn' successfully: 'rgba(0, 0, 0, 0) url("blob:https://dev.vcalling.in/b288a0aa-9280-4f5f-8e52-92426723f005") repeat scroll 0% 0% / 100% 100% padding-box border-box'.

2018-09-15 11:15:55 - [MESSAGE][PASSED] - Get CSS 'background' value on 'Object Repository/pagi/div_pagination-icon next-icn' successfully: 'rgba(0, 0, 0, 0) url("blob:https://dev.vcalling.in/b288a0aa-9280-4f5f-8e52-92426723f005") repeat scroll 0% 0% / 100% 100% padding-box border-box'.

2018-09-15 11:15:55 - [TEST_STEP][PASSED] - Statement - println(cssValue): null

2018-09-15 11:15:55 - [TEST_STEP][PASSED] - delay: Delayed 5 second(s)

2018-09-15 11:16:00 - [MESSAGE][PASSED] - Delayed 5 second(s)

2018-09-15 11:16:00 - [TEST_STEP][PASSED] - Statement - words = cssValue.split(""")[1]: null

2018-09-15 11:16:00 - [TEST_STEP][PASSED] - Statement - out.println(words): null

2018-09-15 11:16:00 - [TEST_STEP][PASSED] - Statement - word2 = words.split("/")[3]: null

2018-09-15 11:16:00 - [TEST_STEP][PASSED] - Statement - out.println(word2): null

2018-09-15 11:16:00 - [TEST_STEP][PASSED] - Statement - compare = cssNotActive != word2: null

2018-09-15 11:16:00 - [TEST_STEP][PASSED] - Statement - println(compare): null

2018-09-15 11:16:00 - [TEST_STEP][PASSED] - verifyElementPresent: Object 'Object Repository/pagi/div_pagination-icon' is present

2018-09-15 11:16:00 - [MESSAGE][PASSED] - Object 'Object Repository/pagi/div_pagination-icon' is present

2018-09-15 11:16:00 - [TEST_STEP][PASSED] - Statement - (linkGeneratorCount++): null

2018-09-15 11:16:00 - [TEST_STEP][PASSED] - click: Object: 'Object Repository/pagi/div_pagination-icon next-icn' is clicked on

2018-09-15 11:16:00 - [MESSAGE][PASSED] - Object: 'Object Repository/pagi/div_pagination-icon next-icn' is clicked on

2018-09-15 11:16:00 - [TEST_STEP][PASSED] - Statement - cssValue = com.kms.katalon.core.webui.keyword.WebUiBuiltInKeywords.getCSSValue(com.kms.katalon.core.testobject.ObjectRepository.findTestObject(pagi/div_pagination-icon next-icn), "background"): Get CSS 'background' value on 'Object Repository/pagi/div_pagination-icon next-icn' successfully: 'rgba(0, 0, 0, 0) url("blob:https://dev.vcalling.in/b288a0aa-9280-4f5f-8e52-92426723f005") repeat scroll 0% 0% / 100% 100% padding-box border-box'.

2018-09-15 11:16:00 - [MESSAGE][PASSED] - Get CSS 'background' value on 'Object Repository/pagi/div_pagination-icon next-icn' successfully: 'rgba(0, 0, 0, 0) url("blob:https://dev.vcalling.in/b288a0aa-9280-4f5f-8e52-92426723f005") repeat scroll 0% 0% / 100% 100% padding-box border-box'.

2018-09-15 11:16:00 - [TEST_STEP][PASSED] - Statement - println(cssValue): null

2018-09-15 11:16:00 - [TEST_STEP][PASSED] - delay: Delayed 5 second(s)

2018-09-15 11:16:05 - [MESSAGE][PASSED] - Delayed 5 second(s)

2018-09-15 11:16:05 - [TEST_STEP][PASSED] - Statement - words = cssValue.split(""")[1]: null

2018-09-15 11:16:05 - [TEST_STEP][PASSED] - Statement - out.println(words): null

2018-09-15 11:16:05 - [TEST_STEP][PASSED] - Statement - word2 = words.split("/")[3]: null

2018-09-15 11:16:05 - [TEST_STEP][PASSED] - Statement - out.println(word2): null

2018-09-15 11:16:05 - [TEST_STEP][PASSED] - Statement - compare = cssNotActive != word2: null

2018-09-15 11:16:05 - [TEST_STEP][PASSED] - Statement - println(compare): null

2018-09-15 11:16:05 - [TEST_STEP][PASSED] - verifyElementPresent: Object 'Object Repository/pagi/div_pagination-icon' is present

2018-09-15 11:16:05 - [MESSAGE][PASSED] - Object 'Object Repository/pagi/div_pagination-icon' is present

2018-09-15 11:16:05 - [TEST_STEP][PASSED] - Statement - (linkGeneratorCount++): null

2018-09-15 11:16:05 - [TEST_STEP][PASSED] - click: Object: 'Object Repository/pagi/div_pagination-icon next-icn' is clicked on

2018-09-15 11:16:05 - [MESSAGE][PASSED] - Object: 'Object Repository/pagi/div_pagination-icon next-icn' is clicked on

2018-09-15 11:16:05 - [TEST_STEP][PASSED] - Statement - cssValue = com.kms.katalon.core.webui.keyword.WebUiBuiltInKeywords.getCSSValue(com.kms.katalon.core.testobject.ObjectRepository.findTestObject(pagi/div_pagination-icon next-icn), "background"): Get CSS 'background' value on 'Object Repository/pagi/div_pagination-icon next-icn' successfully: 'rgba(0, 0, 0, 0) url("blob:https://dev.vcalling.in/b288a0aa-9280-4f5f-8e52-92426723f005") repeat scroll 0% 0% / 100% 100% padding-box border-box'.

2018-09-15 11:16:05 - [MESSAGE][PASSED] - Get CSS 'background' value on 'Object Repository/pagi/div_pagination-icon next-icn' successfully: 'rgba(0, 0, 0, 0) url("blob:https://dev.vcalling.in/b288a0aa-9280-4f5f-8e52-92426723f005") repeat scroll 0% 0% / 100% 100% padding-box border-box'.

2018-09-15 11:16:05 - [TEST_STEP][PASSED] - Statement - println(cssValue): null

2018-09-15 11:16:05 - [TEST_STEP][PASSED] - delay: Delayed 5 second(s)

2018-09-15 11:16:10 - [MESSAGE][PASSED] - Delayed 5 second(s)

2018-09-15 11:16:10 - [TEST_STEP][PASSED] - Statement - words = cssValue.split(""")[1]: null

2018-09-15 11:16:10 - [TEST_STEP][PASSED] - Statement - out.println(words): null

2018-09-15 11:16:10 - [TEST_STEP][PASSED] - Statement - word2 = words.split("/")[3]: null

2018-09-15 11:16:10 - [TEST_STEP][PASSED] - Statement - out.println(word2): null

2018-09-15 11:16:10 - [TEST_STEP][PASSED] - Statement - compare = cssNotActive != word2: null

2018-09-15 11:16:10 - [TEST_STEP][PASSED] - Statement - println(compare): null

2018-09-15 11:16:10 - [TEST_STEP][PASSED] - verifyElementPresent: Object 'Object Repository/pagi/div_pagination-icon' is present

2018-09-15 11:16:10 - [MESSAGE][PASSED] - Object 'Object Repository/pagi/div_pagination-icon' is present

2018-09-15 11:16:10 - [TEST_STEP][PASSED] - Statement - (linkGeneratorCount++): null

2018-09-15 11:16:10 - [TEST_STEP][PASSED] - click: Object: 'Object Repository/pagi/div_pagination-icon next-icn' is clicked on

2018-09-15 11:16:10 - [MESSAGE][PASSED] - Object: 'Object Repository/pagi/div_pagination-icon next-icn' is clicked on

2018-09-15 11:16:10 - [TEST_STEP][PASSED] - Statement - cssValue = com.kms.katalon.core.webui.keyword.WebUiBuiltInKeywords.getCSSValue(com.kms.katalon.core.testobject.ObjectRepository.findTestObject(pagi/div_pagination-icon next-icn), "background"): Get CSS 'background' value on 'Object Repository/pagi/div_pagination-icon next-icn' successfully: 'rgba(0, 0, 0, 0) url("blob:https://dev.vcalling.in/b288a0aa-9280-4f5f-8e52-92426723f005") repeat scroll 0% 0% / 100% 100% padding-box border-box'.

2018-09-15 11:16:10 - [MESSAGE][PASSED] - Get CSS 'background' value on 'Object Repository/pagi/div_pagination-icon next-icn' successfully: 'rgba(0, 0, 0, 0) url("blob:https://dev.vcalling.in/b288a0aa-9280-4f5f-8e52-92426723f005") repeat scroll 0% 0% / 100% 100% padding-box border-box'.

2018-09-15 11:16:10 - [TEST_STEP][PASSED] - Statement - println(cssValue): null

2018-09-15 11:16:10 - [TEST_STEP][PASSED] - delay: Delayed 5 second(s)

2018-09-15 11:16:15 - [MESSAGE][PASSED] - Delayed 5 second(s)

2018-09-15 11:16:15 - [TEST_STEP][PASSED] - Statement - words = cssValue.split(""")[1]: null

2018-09-15 11:16:15 - [TEST_STEP][PASSED] - Statement - out.println(words): null

2018-09-15 11:16:15 - [TEST_STEP][PASSED] - Statement - word2 = words.split("/")[3]: null

2018-09-15 11:16:15 - [TEST_STEP][PASSED] - Statement - out.println(word2): null

2018-09-15 11:16:15 - [TEST_STEP][PASSED] - Statement - compare = cssNotActive != word2: null

2018-09-15 11:16:15 - [TEST_STEP][PASSED] - Statement - println(compare): null

2018-09-15 11:16:15 - [TEST_STEP][PASSED] - verifyElementPresent: Object 'Object Repository/pagi/div_pagination-icon' is present

2018-09-15 11:16:15 - [MESSAGE][PASSED] - Object 'Object Repository/pagi/div_pagination-icon' is present

2018-09-15 11:16:15 - [TEST_STEP][PASSED] - Statement - (linkGeneratorCount++): null

2018-09-15 11:16:15 - [TEST_STEP][PASSED] - click: Object: 'Object Repository/pagi/div_pagination-icon next-icn' is clicked on

2018-09-15 11:16:15 - [MESSAGE][PASSED] - Object: 'Object Repository/pagi/div_pagination-icon next-icn' is clicked on

2018-09-15 11:16:15 - [TEST_STEP][PASSED] - Statement - cssValue = com.kms.katalon.core.webui.keyword.WebUiBuiltInKeywords.getCSSValue(com.kms.katalon.core.testobject.ObjectRepository.findTestObject(pagi/div_pagination-icon next-icn), "background"): Get CSS 'background' value on 'Object Repository/pagi/div_pagination-icon next-icn' successfully: 'rgba(0, 0, 0, 0) url("blob:https://dev.vcalling.in/b288a0aa-9280-4f5f-8e52-92426723f005") repeat scroll 0% 0% / 100% 100% padding-box border-box'.

2018-09-15 11:16:15 - [MESSAGE][PASSED] - Get CSS 'background' value on 'Object Repository/pagi/div_pagination-icon next-icn' successfully: 'rgba(0, 0, 0, 0) url("blob:https://dev.vcalling.in/b288a0aa-9280-4f5f-8e52-92426723f005") repeat scroll 0% 0% / 100% 100% padding-box border-box'.

2018-09-15 11:16:15 - [TEST_STEP][PASSED] - Statement - println(cssValue): null

2018-09-15 11:16:15 - [TEST_STEP][PASSED] - delay: Delayed 5 second(s)

2018-09-15 11:16:20 - [MESSAGE][PASSED] - Delayed 5 second(s)

2018-09-15 11:16:20 - [TEST_STEP][PASSED] - Statement - words = cssValue.split(""")[1]: null

2018-09-15 11:16:20 - [TEST_STEP][PASSED] - Statement - out.println(words): null

2018-09-15 11:16:20 - [TEST_STEP][PASSED] - Statement - word2 = words.split("/")[3]: null

2018-09-15 11:16:20 - [TEST_STEP][PASSED] - Statement - out.println(word2): null

2018-09-15 11:16:20 - [TEST_STEP][PASSED] - Statement - compare = cssNotActive != word2: null

2018-09-15 11:16:20 - [TEST_STEP][PASSED] - Statement - println(compare): null

2018-09-15 11:16:20 - [TEST_STEP][PASSED] - verifyElementPresent: Object 'Object Repository/pagi/div_pagination-icon' is present

2018-09-15 11:16:20 - [MESSAGE][PASSED] - Object 'Object Repository/pagi/div_pagination-icon' is present

2018-09-15 11:16:20 - [TEST_STEP][PASSED] - Statement - (linkGeneratorCount++): null

2018-09-15 11:16:20 - [TEST_STEP][PASSED] - click: Object: 'Object Repository/pagi/div_pagination-icon next-icn' is clicked on

2018-09-15 11:16:20 - [MESSAGE][PASSED] - Object: 'Object Repository/pagi/div_pagination-icon next-icn' is clicked on

2018-09-15 11:16:20 - [TEST_STEP][PASSED] - Statement - cssValue = com.kms.katalon.core.webui.keyword.WebUiBuiltInKeywords.getCSSValue(com.kms.katalon.core.testobject.ObjectRepository.findTestObject(pagi/div_pagination-icon next-icn), "background"): Get CSS 'background' value on 'Object Repository/pagi/div_pagination-icon next-icn' successfully: 'rgba(0, 0, 0, 0) url("blob:https://dev.vcalling.in/b288a0aa-9280-4f5f-8e52-92426723f005") repeat scroll 0% 0% / 100% 100% padding-box border-box'.

2018-09-15 11:16:20 - [MESSAGE][PASSED] - Get CSS 'background' value on 'Object Repository/pagi/div_pagination-icon next-icn' successfully: 'rgba(0, 0, 0, 0) url("blob:https://dev.vcalling.in/b288a0aa-9280-4f5f-8e52-92426723f005") repeat scroll 0% 0% / 100% 100% padding-box border-box'.

2018-09-15 11:16:20 - [TEST_STEP][PASSED] - Statement - println(cssValue): null

2018-09-15 11:16:20 - [TEST_STEP][PASSED] - delay: Delayed 5 second(s)

2018-09-15 11:16:25 - [MESSAGE][PASSED] - Delayed 5 second(s)

2018-09-15 11:16:25 - [TEST_STEP][PASSED] - Statement - words = cssValue.split(""")[1]: null

2018-09-15 11:16:25 - [TEST_STEP][PASSED] - Statement - out.println(words): null

2018-09-15 11:16:25 - [TEST_STEP][PASSED] - Statement - word2 = words.split("/")[3]: null

2018-09-15 11:16:25 - [TEST_STEP][PASSED] - Statement - out.println(word2): null

2018-09-15 11:16:25 - [TEST_STEP][PASSED] - Statement - compare = cssNotActive != word2: null

2018-09-15 11:16:25 - [TEST_STEP][PASSED] - Statement - println(compare): null

2018-09-15 11:16:25 - [TEST_STEP][PASSED] - verifyElementPresent: Object 'Object Repository/pagi/div_pagination-icon' is present

2018-09-15 11:16:25 - [MESSAGE][PASSED] - Object 'Object Repository/pagi/div_pagination-icon' is present

2018-09-15 11:16:25 - [TEST_STEP][PASSED] - Statement - (linkGeneratorCount++): null

2018-09-15 11:16:25 - [TEST_STEP][PASSED] - click: Object: 'Object Repository/pagi/div_pagination-icon next-icn' is clicked on

2018-09-15 11:16:25 - [MESSAGE][PASSED] - Object: 'Object Repository/pagi/div_pagination-icon next-icn' is clicked on

2018-09-15 11:16:25 - [TEST_STEP][PASSED] - Statement - cssValue = com.kms.katalon.core.webui.keyword.WebUiBuiltInKeywords.getCSSValue(com.kms.katalon.core.testobject.ObjectRepository.findTestObject(pagi/div_pagination-icon next-icn), "background"): Get CSS 'background' value on 'Object Repository/pagi/div_pagination-icon next-icn' successfully: 'rgba(0, 0, 0, 0) url("blob:https://dev.vcalling.in/b288a0aa-9280-4f5f-8e52-92426723f005") repeat scroll 0% 0% / 100% 100% padding-box border-box'.

2018-09-15 11:16:26 - [MESSAGE][PASSED] - Get CSS 'background' value on 'Object Repository/pagi/div_pagination-icon next-icn' successfully: 'rgba(0, 0, 0, 0) url("blob:https://dev.vcalling.in/b288a0aa-9280-4f5f-8e52-92426723f005") repeat scroll 0% 0% / 100% 100% padding-box border-box'.

2018-09-15 11:16:26 - [TEST_STEP][PASSED] - Statement - println(cssValue): null

2018-09-15 11:16:26 - [TEST_STEP][PASSED] - delay: Delayed 5 second(s)

2018-09-15 11:16:31 - [MESSAGE][PASSED] - Delayed 5 second(s)

2018-09-15 11:16:31 - [TEST_STEP][PASSED] - Statement - words = cssValue.split(""")[1]: null

2018-09-15 11:16:31 - [TEST_STEP][PASSED] - Statement - out.println(words): null

2018-09-15 11:16:31 - [TEST_STEP][PASSED] - Statement - word2 = words.split("/")[3]: null

2018-09-15 11:16:31 - [TEST_STEP][PASSED] - Statement - out.println(word2): null

2018-09-15 11:16:31 - [TEST_STEP][PASSED] - Statement - compare = cssNotActive != word2: null

2018-09-15 11:16:31 - [TEST_STEP][PASSED] - Statement - println(compare): null

2018-09-15 11:16:31 - [TEST_STEP][PASSED] - verifyElementPresent: Object 'Object Repository/pagi/div_pagination-icon' is present

2018-09-15 11:16:31 - [MESSAGE][PASSED] - Object 'Object Repository/pagi/div_pagination-icon' is present

2018-09-15 11:16:31 - [TEST_STEP][PASSED] - Statement - (linkGeneratorCount++): null

2018-09-15 11:16:31 - [TEST_STEP][PASSED] - click: Object: 'Object Repository/pagi/div_pagination-icon next-icn' is clicked on

2018-09-15 11:16:31 - [MESSAGE][PASSED] - Object: 'Object Repository/pagi/div_pagination-icon next-icn' is clicked on

2018-09-15 11:16:31 - [TEST_STEP][PASSED] - Statement - cssValue = com.kms.katalon.core.webui.keyword.WebUiBuiltInKeywords.getCSSValue(com.kms.katalon.core.testobject.ObjectRepository.findTestObject(pagi/div_pagination-icon next-icn), "background"): Get CSS 'background' value on 'Object Repository/pagi/div_pagination-icon next-icn' successfully: 'rgba(0, 0, 0, 0) url("blob:https://dev.vcalling.in/b288a0aa-9280-4f5f-8e52-92426723f005") repeat scroll 0% 0% / 100% 100% padding-box border-box'.

2018-09-15 11:16:31 - [MESSAGE][PASSED] - Get CSS 'background' value on 'Object Repository/pagi/div_pagination-icon next-icn' successfully: 'rgba(0, 0, 0, 0) url("blob:https://dev.vcalling.in/b288a0aa-9280-4f5f-8e52-92426723f005") repeat scroll 0% 0% / 100% 100% padding-box border-box'.

2018-09-15 11:16:31 - [TEST_STEP][PASSED] - Statement - println(cssValue): null

2018-09-15 11:16:31 - [TEST_STEP][PASSED] - delay: Delayed 5 second(s)

2018-09-15 11:16:36 - [MESSAGE][PASSED] - Delayed 5 second(s)

2018-09-15 11:16:36 - [TEST_STEP][PASSED] - Statement - words = cssValue.split(""")[1]: null

2018-09-15 11:16:36 - [TEST_STEP][PASSED] - Statement - out.println(words): null

2018-09-15 11:16:36 - [TEST_STEP][PASSED] - Statement - word2 = words.split("/")[3]: null

2018-09-15 11:16:36 - [TEST_STEP][PASSED] - Statement - out.println(word2): null

2018-09-15 11:16:36 - [TEST_STEP][PASSED] - Statement - compare = cssNotActive != word2: null

2018-09-15 11:16:36 - [TEST_STEP][PASSED] - Statement - println(compare): null

2018-09-15 11:16:36 - [TEST_STEP][PASSED] - verifyElementPresent: Object 'Object Repository/pagi/div_pagination-icon' is present

2018-09-15 11:16:36 - [MESSAGE][PASSED] - Object 'Object Repository/pagi/div_pagination-icon' is present

2018-09-15 11:16:36 - [TEST_STEP][PASSED] - Statement - (linkGeneratorCount++): null

2018-09-15 11:16:36 - [TEST_STEP][PASSED] - click: Object: 'Object Repository/pagi/div_pagination-icon next-icn' is clicked on

2018-09-15 11:16:36 - [MESSAGE][PASSED] - Object: 'Object Repository/pagi/div_pagination-icon next-icn' is clicked on

2018-09-15 11:16:36 - [TEST_STEP][PASSED] - Statement - cssValue = com.kms.katalon.core.webui.keyword.WebUiBuiltInKeywords.getCSSValue(com.kms.katalon.core.testobject.ObjectRepository.findTestObject(pagi/div_pagination-icon next-icn), "background"): Get CSS 'background' value on 'Object Repository/pagi/div_pagination-icon next-icn' successfully: 'rgba(0, 0, 0, 0) url("blob:https://dev.vcalling.in/b288a0aa-9280-4f5f-8e52-92426723f005") repeat scroll 0% 0% / 100% 100% padding-box border-box'.

2018-09-15 11:16:36 - [MESSAGE][PASSED] - Get CSS 'background' value on 'Object Repository/pagi/div_pagination-icon next-icn' successfully: 'rgba(0, 0, 0, 0) url("blob:https://dev.vcalling.in/b288a0aa-9280-4f5f-8e52-92426723f005") repeat scroll 0% 0% / 100% 100% padding-box border-box'.

2018-09-15 11:16:36 - [TEST_STEP][PASSED] - Statement - println(cssValue): null

2018-09-15 11:16:36 - [TEST_STEP][PASSED] - delay: Delayed 5 second(s)

2018-09-15 11:16:41 - [MESSAGE][PASSED] - Delayed 5 second(s)

2018-09-15 11:16:41 - [TEST_STEP][PASSED] - Statement - words = cssValue.split(""")[1]: null

2018-09-15 11:16:41 - [TEST_STEP][PASSED] - Statement - out.println(words): null

2018-09-15 11:16:41 - [TEST_STEP][PASSED] - Statement - word2 = words.split("/")[3]: null

2018-09-15 11:16:41 - [TEST_STEP][PASSED] - Statement - out.println(word2): null

2018-09-15 11:16:41 - [TEST_STEP][PASSED] - Statement - compare = cssNotActive != word2: null

2018-09-15 11:16:41 - [TEST_STEP][PASSED] - Statement - println(compare): null

2018-09-15 11:16:41 - [TEST_STEP][PASSED] - verifyElementPresent: Object 'Object Repository/pagi/div_pagination-icon' is present

2018-09-15 11:16:41 - [MESSAGE][PASSED] - Object 'Object Repository/pagi/div_pagination-icon' is present

2018-09-15 11:16:41 - [TEST_STEP][PASSED] - Statement - (linkGeneratorCount++): null

2018-09-15 11:16:41 - [TEST_STEP][PASSED] - click: Object: 'Object Repository/pagi/div_pagination-icon next-icn' is clicked on

2018-09-15 11:16:41 - [MESSAGE][PASSED] - Object: 'Object Repository/pagi/div_pagination-icon next-icn' is clicked on

2018-09-15 11:16:41 - [TEST_STEP][PASSED] - Statement - cssValue = com.kms.katalon.core.webui.keyword.WebUiBuiltInKeywords.getCSSValue(com.kms.katalon.core.testobject.ObjectRepository.findTestObject(pagi/div_pagination-icon next-icn), "background"): Get CSS 'background' value on 'Object Repository/pagi/div_pagination-icon next-icn' successfully: 'rgba(0, 0, 0, 0) url("blob:https://dev.vcalling.in/b288a0aa-9280-4f5f-8e52-92426723f005") repeat scroll 0% 0% / 100% 100% padding-box border-box'.

2018-09-15 11:16:41 - [MESSAGE][PASSED] - Get CSS 'background' value on 'Object Repository/pagi/div_pagination-icon next-icn' successfully: 'rgba(0, 0, 0, 0) url("blob:https://dev.vcalling.in/b288a0aa-9280-4f5f-8e52-92426723f005") repeat scroll 0% 0% / 100% 100% padding-box border-box'.

2018-09-15 11:16:41 - [TEST_STEP][PASSED] - Statement - println(cssValue): null

2018-09-15 11:16:41 - [TEST_STEP][PASSED] - delay: Delayed 5 second(s)

2018-09-15 11:16:46 - [MESSAGE][PASSED] - Delayed 5 second(s)

2018-09-15 11:16:46 - [TEST_STEP][PASSED] - Statement - words = cssValue.split(""")[1]: null

2018-09-15 11:16:46 - [TEST_STEP][PASSED] - Statement - out.println(words): null

2018-09-15 11:16:46 - [TEST_STEP][PASSED] - Statement - word2 = words.split("/")[3]: null

2018-09-15 11:16:46 - [TEST_STEP][PASSED] - Statement - out.println(word2): null

2018-09-15 11:16:46 - [TEST_STEP][PASSED] - Statement - compare = cssNotActive != word2: null

2018-09-15 11:16:46 - [TEST_STEP][PASSED] - Statement - println(compare): null

2018-09-15 11:16:46 - [TEST_STEP][PASSED] - verifyElementPresent: Object 'Object Repository/pagi/div_pagination-icon' is present

2018-09-15 11:16:46 - [MESSAGE][PASSED] - Object 'Object Repository/pagi/div_pagination-icon' is present

2018-09-15 11:16:46 - [TEST_STEP][PASSED] - Statement - (linkGeneratorCount++): null

2018-09-15 11:16:46 - [TEST_STEP][PASSED] - click: Object: 'Object Repository/pagi/div_pagination-icon next-icn' is clicked on

2018-09-15 11:16:46 - [MESSAGE][PASSED] - Object: 'Object Repository/pagi/div_pagination-icon next-icn' is clicked on

2018-09-15 11:16:46 - [TEST_STEP][PASSED] - Statement - cssValue = com.kms.katalon.core.webui.keyword.WebUiBuiltInKeywords.getCSSValue(com.kms.katalon.core.testobject.ObjectRepository.findTestObject(pagi/div_pagination-icon next-icn), "background"): Get CSS 'background' value on 'Object Repository/pagi/div_pagination-icon next-icn' successfully: 'rgba(0, 0, 0, 0) url("blob:https://dev.vcalling.in/b288a0aa-9280-4f5f-8e52-92426723f005") repeat scroll 0% 0% / 100% 100% padding-box border-box'.

2018-09-15 11:16:46 - [MESSAGE][PASSED] - Get CSS 'background' value on 'Object Repository/pagi/div_pagination-icon next-icn' successfully: 'rgba(0, 0, 0, 0) url("blob:https://dev.vcalling.in/b288a0aa-9280-4f5f-8e52-92426723f005") repeat scroll 0% 0% / 100% 100% padding-box border-box'.

2018-09-15 11:16:46 - [TEST_STEP][PASSED] - Statement - println(cssValue): null

2018-09-15 11:16:46 - [TEST_STEP][PASSED] - delay: Delayed 5 second(s)

2018-09-15 11:16:51 - [MESSAGE][PASSED] - Delayed 5 second(s)

2018-09-15 11:16:51 - [TEST_STEP][PASSED] - Statement - words = cssValue.split(""")[1]: null

2018-09-15 11:16:51 - [TEST_STEP][PASSED] - Statement - out.println(words): null

2018-09-15 11:16:51 - [TEST_STEP][PASSED] - Statement - word2 = words.split("/")[3]: null

2018-09-15 11:16:51 - [TEST_STEP][PASSED] - Statement - out.println(word2): null

2018-09-15 11:16:51 - [TEST_STEP][PASSED] - Statement - compare = cssNotActive != word2: null

2018-09-15 11:16:51 - [TEST_STEP][PASSED] - Statement - println(compare): null

2018-09-15 11:16:51 - [TEST_STEP][PASSED] - verifyElementPresent: Object 'Object Repository/pagi/div_pagination-icon' is present

2018-09-15 11:16:51 - [MESSAGE][PASSED] - Object 'Object Repository/pagi/div_pagination-icon' is present

2018-09-15 11:16:51 - [TEST_STEP][PASSED] - Statement - (linkGeneratorCount++): null

2018-09-15 11:16:51 - [TEST_STEP][PASSED] - click: Object: 'Object Repository/pagi/div_pagination-icon next-icn' is clicked on

2018-09-15 11:16:51 - [MESSAGE][PASSED] - Object: 'Object Repository/pagi/div_pagination-icon next-icn' is clicked on

2018-09-15 11:16:51 - [TEST_STEP][PASSED] - Statement - cssValue = com.kms.katalon.core.webui.keyword.WebUiBuiltInKeywords.getCSSValue(com.kms.katalon.core.testobject.ObjectRepository.findTestObject(pagi/div_pagination-icon next-icn), "background"): Get CSS 'background' value on 'Object Repository/pagi/div_pagination-icon next-icn' successfully: 'rgba(0, 0, 0, 0) url("blob:https://dev.vcalling.in/b288a0aa-9280-4f5f-8e52-92426723f005") repeat scroll 0% 0% / 100% 100% padding-box border-box'.

2018-09-15 11:16:51 - [MESSAGE][PASSED] - Get CSS 'background' value on 'Object Repository/pagi/div_pagination-icon next-icn' successfully: 'rgba(0, 0, 0, 0) url("blob:https://dev.vcalling.in/b288a0aa-9280-4f5f-8e52-92426723f005") repeat scroll 0% 0% / 100% 100% padding-box border-box'.

2018-09-15 11:16:51 - [TEST_STEP][PASSED] - Statement - println(cssValue): null

2018-09-15 11:16:51 - [TEST_STEP][PASSED] - delay: Delayed 5 second(s)

2018-09-15 11:16:56 - [MESSAGE][PASSED] - Delayed 5 second(s)

2018-09-15 11:16:56 - [TEST_STEP][PASSED] - Statement - words = cssValue.split(""")[1]: null

2018-09-15 11:16:56 - [TEST_STEP][PASSED] - Statement - out.println(words): null

2018-09-15 11:16:56 - [TEST_STEP][PASSED] - Statement - word2 = words.split("/")[3]: null

2018-09-15 11:16:56 - [TEST_STEP][PASSED] - Statement - out.println(word2): null

2018-09-15 11:16:56 - [TEST_STEP][PASSED] - Statement - compare = cssNotActive != word2: null

2018-09-15 11:16:56 - [TEST_STEP][PASSED] - Statement - println(compare): null

2018-09-15 11:16:56 - [TEST_STEP][PASSED] - verifyElementPresent: Object 'Object Repository/pagi/div_pagination-icon' is present

2018-09-15 11:16:56 - [MESSAGE][PASSED] - Object 'Object Repository/pagi/div_pagination-icon' is present

2018-09-15 11:16:56 - [TEST_STEP][PASSED] - Statement - (linkGeneratorCount++): null

2018-09-15 11:16:56 - [TEST_STEP][PASSED] - click: Object: 'Object Repository/pagi/div_pagination-icon next-icn' is clicked on

2018-09-15 11:16:56 - [MESSAGE][PASSED] - Object: 'Object Repository/pagi/div_pagination-icon next-icn' is clicked on

2018-09-15 11:16:56 - [TEST_STEP][PASSED] - Statement - cssValue = com.kms.katalon.core.webui.keyword.WebUiBuiltInKeywords.getCSSValue(com.kms.katalon.core.testobject.ObjectRepository.findTestObject(pagi/div_pagination-icon next-icn), "background"): Get CSS 'background' value on 'Object Repository/pagi/div_pagination-icon next-icn' successfully: 'rgba(0, 0, 0, 0) url("blob:https://dev.vcalling.in/07293b8c-f628-4b5e-b77a-7b81d72f7857") repeat scroll 0% 0% / 100% 100% padding-box border-box'.

2018-09-15 11:16:56 - [MESSAGE][PASSED] - Get CSS 'background' value on 'Object Repository/pagi/div_pagination-icon next-icn' successfully: 'rgba(0, 0, 0, 0) url("blob:https://dev.vcalling.in/07293b8c-f628-4b5e-b77a-7b81d72f7857") repeat scroll 0% 0% / 100% 100% padding-box border-box'.

2018-09-15 11:16:56 - [TEST_STEP][PASSED] - Statement - println(cssValue): null

2018-09-15 11:16:56 - [TEST_STEP][PASSED] - delay: Delayed 5 second(s)

2018-09-15 11:17:01 - [MESSAGE][PASSED] - Delayed 5 second(s)

2018-09-15 11:17:01 - [TEST_STEP][PASSED] - Statement - words = cssValue.split(""")[1]: null

2018-09-15 11:17:01 - [TEST_STEP][PASSED] - Statement - out.println(words): null

2018-09-15 11:17:01 - [TEST_STEP][PASSED] - Statement - word2 = words.split("/")[3]: null

2018-09-15 11:17:01 - [TEST_STEP][PASSED] - Statement - out.println(word2): null

2018-09-15 11:17:01 - [TEST_STEP][PASSED] - Statement - compare = cssNotActive != word2: null

2018-09-15 11:17:01 - [TEST_STEP][PASSED] - Statement - println(compare): null

2018-09-15 11:17:01 - [TEST_STEP][PASSED] - verifyElementPresent: Object 'Object Repository/pagi/div_pagination-icon' is present

2018-09-15 11:17:01 - [MESSAGE][PASSED] - Object 'Object Repository/pagi/div_pagination-icon' is present

2018-09-15 11:17:01 - [TEST_STEP][PASSED] - Statement - If (com.kms.katalon.core.webui.keyword.WebUiBuiltInKeywords.verifyElementPresent(com.kms.katalon.core.testobject.ObjectRepository.findTestObject(Object Repository/pagi/div_pagination-icon), 5, OPTIONAL)): null

2018-09-15 11:17:01 - [MESSAGE][PASSED] - Object 'Object Repository/pagi/div_pagination-icon' is present

2018-09-15 11:17:01 - [TEST_STEP][PASSED] - Statement - println("successful"): null]]></system-out>
         <system-err><![CDATA[]]></system-err>
      </testcase>
      <testcase name="Test Cases/completed/TestCase6_public link generate/callOnlyPublicLink" classname="Test Cases/completed/TestCase6_public link generate/callOnlyPublicLink" status="PASSED">
         <system-out><![CDATA[2018-09-15 11:17:01 - [TEST_CASE][PASSED] - Test Cases/completed/TestCase6_public link generate/callOnlyPublicLink: Test Cases/completed/TestCase6_public link generate/callOnlyPublicLink

2018-09-15 11:17:01 - [TEST_STEP][PASSED] - callTestCase: Call Test Case 'Test Cases/BVT/aSimple_Login' successfully

2018-09-15 11:17:01 - [TEST_CASE][PASSED] - Test Cases/BVT/aSimple_Login: Test Cases/BVT/aSimple_Login

2018-09-15 11:17:02 - [TEST_STEP][PASSED] - openBrowser: Browser is opened with url: ''

2018-09-15 11:17:02 - [MESSAGE][WARNING] - A browser is already opened. Closing browser and opening a new one

2018-09-15 11:17:05 - [MESSAGE][PASSED] - Browser is opened with url: ''

2018-09-15 11:17:05 - [TEST_STEP][PASSED] - maximizeWindow: Current window maximized

2018-09-15 11:17:06 - [MESSAGE][PASSED] - Current window maximized

2018-09-15 11:17:06 - [TEST_STEP][PASSED] - navigateToUrl: Navigate to 'https://dev.vcalling.in/enterprises/UAT/Dashboard/index.html' successfully

2018-09-15 11:17:09 - [MESSAGE][PASSED] - Navigate to 'https://dev.vcalling.in/enterprises/UAT/Dashboard/index.html' successfully

2018-09-15 11:17:09 - [TEST_STEP][PASSED] - setText: Text 'testing4dea@gmail.com' is set on object 'Object Repository/Login/UserId'

2018-09-15 11:17:11 - [MESSAGE][PASSED] - Text 'testing4dea@gmail.com' is set on object 'Object Repository/Login/UserId'

2018-09-15 11:17:11 - [TEST_STEP][PASSED] - click: Object: 'Object Repository/Login/div_GET OTP' is clicked on

2018-09-15 11:17:11 - [MESSAGE][PASSED] - Object: 'Object Repository/Login/div_GET OTP' is clicked on

2018-09-15 11:17:11 - [TEST_STEP][PASSED] - waitForElementPresent: Object 'Object Repository/Login/div_SUBMIT' is present

2018-09-15 11:17:13 - [MESSAGE][PASSED] - Object 'Object Repository/Login/div_SUBMIT' is present

2018-09-15 11:17:13 - [TEST_STEP][PASSED] - Statement - If (com.kms.katalon.core.webui.keyword.WebUiBuiltInKeywords.verifyElementNotPresent(com.kms.katalon.core.testobject.ObjectRepository.findTestObject(Login/div_SUBMIT), 5, OPTIONAL)): Web element with id: 'Object Repository/Login/div_SUBMIT' located by 'By.xpath: //div[(text() = ' SUBMIT ' or . = ' SUBMIT ')]' is present after '5' second(s)

2018-09-15 11:17:18 - [MESSAGE][WARNING] - Web element with id: 'Object Repository/Login/div_SUBMIT' located by 'By.xpath: //div[(text() = ' SUBMIT ' or . = ' SUBMIT ')]' is present after '5' second(s)
[[ATTACHMENT|C:\\Users\\Kaushal\\Desktop\\Katalon Studio\\vCallingDashboard\\Reports\\RegressionSuite\\20180915_103222\\1537006638468.png]]

2018-09-15 11:17:18 - [TEST_STEP][PASSED] - Statement - sleep(5000): null

2018-09-15 11:17:23 - [TEST_STEP][PASSED] - Statement - OTP = getOTP(): null

2018-09-15 11:17:23 - [TEST_STEP][PASSED] - Statement - host = "imap.gmail.com": null

2018-09-15 11:17:23 - [TEST_STEP][PASSED] - Statement - msg = <not implemented yet for class: org.codehaus.groovy.ast.expr.EmptyExpression>: null

2018-09-15 11:17:23 - [TEST_STEP][PASSED] - Statement - msgSub = <not implemented yet for class: org.codehaus.groovy.ast.expr.EmptyExpression>: null

2018-09-15 11:17:23 - [TEST_STEP][PASSED] - Statement - OTP = "unavailable": null

2018-09-15 11:17:23 - [TEST_STEP][PASSED] - Statement - props = new java.util.Properties(): null

2018-09-15 11:17:23 - [TEST_STEP][PASSED] - Statement - props.setProperty("mail.imap.ssl.enable", "true"): null

2018-09-15 11:17:23 - [TEST_STEP][PASSED] - Statement - session = javax.mail.Session.getInstance(props): null

2018-09-15 11:17:23 - [TEST_STEP][PASSED] - Statement - store = <not implemented yet for class: org.codehaus.groovy.ast.expr.EmptyExpression>: null

2018-09-15 11:17:23 - [TEST_STEP][PASSED] - Statement - Try: null

2018-09-15 11:17:23 - [TEST_STEP][PASSED] - Statement - store = session.getStore("imap"): null

2018-09-15 11:17:23 - [TEST_STEP][PASSED] - Statement - store.connect(host, Email, Password): null

2018-09-15 11:17:25 - [TEST_STEP][PASSED] - Statement - emailFolder = store.getFolder("INBOX"): null

2018-09-15 11:17:25 - [TEST_STEP][PASSED] - Statement - emailFolder.open(READ_WRITE): null

2018-09-15 11:17:26 - [TEST_STEP][PASSED] - Statement - messages = emailFolder.getMessages(): null

2018-09-15 11:17:26 - [TEST_STEP][PASSED] - Statement - n = length: null

2018-09-15 11:17:26 - [TEST_STEP][PASSED] - Statement - message = messages[n - 1]: null

2018-09-15 11:17:26 - [TEST_STEP][PASSED] - Statement - msgSub = message.getSubject(): null

2018-09-15 11:17:26 - [TEST_STEP][PASSED] - Statement - If (msgSub.equals("OTP to Sign In")): null

2018-09-15 11:17:26 - [TEST_STEP][PASSED] - Statement - msg = message.getContent().toString(): null

2018-09-15 11:17:27 - [TEST_STEP][PASSED] - Statement - OTP = msg.substring(msg.length() - 7): null

2018-09-15 11:17:27 - [TEST_STEP][PASSED] - Statement - message.setFlag(DELETED, true): null

2018-09-15 11:17:27 - [TEST_STEP][PASSED] - Statement - emailFolder.close(true): null

2018-09-15 11:17:27 - [TEST_STEP][PASSED] - Statement - store.close(): null

2018-09-15 11:17:28 - [TEST_STEP][PASSED] - Statement - return OTP: null

2018-09-15 11:17:28 - [TEST_STEP][PASSED] - Statement - If (OTP.equals("unavailable")): null

2018-09-15 11:17:28 - [TEST_STEP][PASSED] - Statement - Else: Text 'f6074
' is set on object 'Object Repository/Login/OtpInput'

2018-09-15 11:17:28 - [TEST_STEP][PASSED] - setText: Text 'f6074
' is set on object 'Object Repository/Login/OtpInput'

2018-09-15 11:17:28 - [MESSAGE][PASSED] - Text 'f6074
' is set on object 'Object Repository/Login/OtpInput'

2018-09-15 11:17:28 - [TEST_STEP][PASSED] - verifyElementPresent: Object 'Object Repository/Login/afterOpenDisplay' is present

2018-09-15 11:17:29 - [MESSAGE][PASSED] - Object 'Object Repository/Login/afterOpenDisplay' is present

2018-09-15 11:17:29 - [MESSAGE][PASSED] - Call Test Case 'Test Cases/BVT/aSimple_Login' successfully

2018-09-15 11:17:29 - [TEST_STEP][PASSED] - Statement - driver = com.kms.katalon.core.webui.driver.DriverFactory.getWebDriver(): null

2018-09-15 11:17:29 - [TEST_STEP][PASSED] - click: Object: 'Object Repository/Dashboard_Link Generator/linkgeneratorIcon' is clicked on

2018-09-15 11:17:29 - [MESSAGE][PASSED] - Object: 'Object Repository/Dashboard_Link Generator/linkgeneratorIcon' is clicked on

2018-09-15 11:17:29 - [TEST_STEP][PASSED] - click: Object: 'Object Repository/Public Links/publicLinkTab' is clicked on

2018-09-15 11:17:30 - [MESSAGE][PASSED] - Object: 'Object Repository/Public Links/publicLinkTab' is clicked on

2018-09-15 11:17:30 - [TEST_STEP][PASSED] - delay: Delayed 2 second(s)

2018-09-15 11:17:32 - [MESSAGE][PASSED] - Delayed 2 second(s)

2018-09-15 11:17:32 - [TEST_STEP][PASSED] - click: Object: 'Object Repository/Public Links/checkBoxPubLink' is clicked on

2018-09-15 11:17:32 - [MESSAGE][PASSED] - Object: 'Object Repository/Public Links/checkBoxPubLink' is clicked on

2018-09-15 11:17:32 - [TEST_STEP][PASSED] - click: Object: 'Object Repository/Public Links/GetLink' is clicked on

2018-09-15 11:17:32 - [MESSAGE][PASSED] - Object: 'Object Repository/Public Links/GetLink' is clicked on

2018-09-15 11:17:32 - [TEST_STEP][PASSED] - Statement - getLink = com.kms.katalon.core.webui.keyword.WebUiBuiltInKeywords.getAttribute(com.kms.katalon.core.testobject.ObjectRepository.findTestObject(Dashboard_Link Generator/input_link-text), "value"): Attribute 'value' of object 'Object Repository/Dashboard_Link Generator/input_link-text' is: 'https://dev.vcalling.in/url/UAT/?id=UAT_publicLink-137&p=t&c=t'

2018-09-15 11:17:33 - [MESSAGE][PASSED] - Attribute 'value' of object 'Object Repository/Dashboard_Link Generator/input_link-text' is: 'https://dev.vcalling.in/url/UAT/?id=UAT_publicLink-137&p=t&c=t'

2018-09-15 11:17:33 - [TEST_STEP][PASSED] - Statement - println(getLink): null

2018-09-15 11:17:33 - [TEST_STEP][PASSED] - click: Object: 'Object Repository/Dashboard_Link Generator/copyLink' is clicked on

2018-09-15 11:17:33 - [MESSAGE][PASSED] - Object: 'Object Repository/Dashboard_Link Generator/copyLink' is clicked on

2018-09-15 11:17:33 - [TEST_STEP][PASSED] - delay: Delayed 2 second(s)

2018-09-15 11:17:35 - [MESSAGE][PASSED] - Delayed 2 second(s)

2018-09-15 11:17:35 - [TEST_STEP][PASSED] - Statement - js = driver: null

2018-09-15 11:17:35 - [TEST_STEP][PASSED] - Statement - js.executeScript("window.open();"): null

2018-09-15 11:17:35 - [TEST_STEP][PASSED] - Statement - currentWindow = com.kms.katalon.core.webui.keyword.WebUiBuiltInKeywords.getWindowIndex(): Current window's index is: 0

2018-09-15 11:17:35 - [MESSAGE][PASSED] - Current window's index is: 0

2018-09-15 11:17:35 - [TEST_STEP][PASSED] - switchToWindowIndex: Switched to window with index: '1'

2018-09-15 11:17:35 - [MESSAGE][PASSED] - Switched to window with index: '1'

2018-09-15 11:17:35 - [TEST_STEP][PASSED] - navigateToUrl: Navigate to 'https://dev.vcalling.in/url/UAT/?id=UAT_publicLink-137&p=t&c=t' successfully

2018-09-15 11:17:37 - [MESSAGE][PASSED] - Navigate to 'https://dev.vcalling.in/url/UAT/?id=UAT_publicLink-137&p=t&c=t' successfully

2018-09-15 11:17:37 - [TEST_STEP][PASSED] - Statement - currentTab = com.kms.katalon.core.webui.keyword.WebUiBuiltInKeywords.getWindowIndex(): Current window's index is: 1

2018-09-15 11:17:37 - [MESSAGE][PASSED] - Current window's index is: 1

2018-09-15 11:17:37 - [TEST_STEP][PASSED] - delay: Delayed 10 second(s)

2018-09-15 11:17:47 - [MESSAGE][PASSED] - Delayed 10 second(s)

2018-09-15 11:17:47 - [TEST_STEP][PASSED] - switchToWindowIndex: Switched to window with index: '0'

2018-09-15 11:17:47 - [MESSAGE][PASSED] - Switched to window with index: '0'

2018-09-15 11:17:47 - [TEST_STEP][PASSED] - refresh: Refresh successfully

2018-09-15 11:17:47 - [MESSAGE][PASSED] - Refresh successfully

2018-09-15 11:17:47 - [TEST_STEP][PASSED] - acceptAlert: Alert accepted

2018-09-15 11:17:47 - [MESSAGE][PASSED] - Alert accepted]]></system-out>
         <system-err><![CDATA[]]></system-err>
      </testcase>
      <testcase name="Test Cases/completed/TestCase6_public link generate/CallOnlyPubLinkWithTag" classname="Test Cases/completed/TestCase6_public link generate/CallOnlyPubLinkWithTag" status="PASSED">
         <system-out><![CDATA[2018-09-15 11:17:47 - [TEST_CASE][PASSED] - Test Cases/completed/TestCase6_public link generate/CallOnlyPubLinkWithTag: Test Cases/completed/TestCase6_public link generate/CallOnlyPubLinkWithTag

2018-09-15 11:17:48 - [TEST_STEP][PASSED] - callTestCase: Call Test Case 'Test Cases/BVT/aSimple_Login' successfully

2018-09-15 11:17:48 - [TEST_CASE][PASSED] - Test Cases/BVT/aSimple_Login: Test Cases/BVT/aSimple_Login

2018-09-15 11:17:48 - [TEST_STEP][PASSED] - openBrowser: Browser is opened with url: ''

2018-09-15 11:17:48 - [MESSAGE][WARNING] - A browser is already opened. Closing browser and opening a new one

2018-09-15 11:17:52 - [MESSAGE][PASSED] - Browser is opened with url: ''

2018-09-15 11:17:52 - [TEST_STEP][PASSED] - maximizeWindow: Current window maximized

2018-09-15 11:17:53 - [MESSAGE][PASSED] - Current window maximized

2018-09-15 11:17:53 - [TEST_STEP][PASSED] - navigateToUrl: Navigate to 'https://dev.vcalling.in/enterprises/UAT/Dashboard/index.html' successfully

2018-09-15 11:17:58 - [MESSAGE][PASSED] - Navigate to 'https://dev.vcalling.in/enterprises/UAT/Dashboard/index.html' successfully

2018-09-15 11:17:58 - [TEST_STEP][PASSED] - setText: Text 'testing4dea@gmail.com' is set on object 'Object Repository/Login/UserId'

2018-09-15 11:17:59 - [MESSAGE][PASSED] - Text 'testing4dea@gmail.com' is set on object 'Object Repository/Login/UserId'

2018-09-15 11:17:59 - [TEST_STEP][PASSED] - click: Object: 'Object Repository/Login/div_GET OTP' is clicked on

2018-09-15 11:17:59 - [MESSAGE][PASSED] - Object: 'Object Repository/Login/div_GET OTP' is clicked on

2018-09-15 11:17:59 - [TEST_STEP][PASSED] - waitForElementPresent: Object 'Object Repository/Login/div_SUBMIT' is present

2018-09-15 11:18:00 - [MESSAGE][PASSED] - Object 'Object Repository/Login/div_SUBMIT' is present

2018-09-15 11:18:00 - [TEST_STEP][PASSED] - Statement - If (com.kms.katalon.core.webui.keyword.WebUiBuiltInKeywords.verifyElementNotPresent(com.kms.katalon.core.testobject.ObjectRepository.findTestObject(Login/div_SUBMIT), 5, OPTIONAL)): Web element with id: 'Object Repository/Login/div_SUBMIT' located by 'By.xpath: //div[(text() = ' SUBMIT ' or . = ' SUBMIT ')]' is present after '5' second(s)

2018-09-15 11:18:06 - [MESSAGE][WARNING] - Web element with id: 'Object Repository/Login/div_SUBMIT' located by 'By.xpath: //div[(text() = ' SUBMIT ' or . = ' SUBMIT ')]' is present after '5' second(s)
[[ATTACHMENT|C:\\Users\\Kaushal\\Desktop\\Katalon Studio\\vCallingDashboard\\Reports\\RegressionSuite\\20180915_103222\\1537006685974.png]]

2018-09-15 11:18:06 - [TEST_STEP][PASSED] - Statement - sleep(5000): null

2018-09-15 11:18:11 - [TEST_STEP][PASSED] - Statement - OTP = getOTP(): null

2018-09-15 11:18:11 - [TEST_STEP][PASSED] - Statement - host = "imap.gmail.com": null

2018-09-15 11:18:11 - [TEST_STEP][PASSED] - Statement - msg = <not implemented yet for class: org.codehaus.groovy.ast.expr.EmptyExpression>: null

2018-09-15 11:18:11 - [TEST_STEP][PASSED] - Statement - msgSub = <not implemented yet for class: org.codehaus.groovy.ast.expr.EmptyExpression>: null

2018-09-15 11:18:11 - [TEST_STEP][PASSED] - Statement - OTP = "unavailable": null

2018-09-15 11:18:11 - [TEST_STEP][PASSED] - Statement - props = new java.util.Properties(): null

2018-09-15 11:18:11 - [TEST_STEP][PASSED] - Statement - props.setProperty("mail.imap.ssl.enable", "true"): null

2018-09-15 11:18:11 - [TEST_STEP][PASSED] - Statement - session = javax.mail.Session.getInstance(props): null

2018-09-15 11:18:11 - [TEST_STEP][PASSED] - Statement - store = <not implemented yet for class: org.codehaus.groovy.ast.expr.EmptyExpression>: null

2018-09-15 11:18:11 - [TEST_STEP][PASSED] - Statement - Try: null

2018-09-15 11:18:11 - [TEST_STEP][PASSED] - Statement - store = session.getStore("imap"): null

2018-09-15 11:18:11 - [TEST_STEP][PASSED] - Statement - store.connect(host, Email, Password): null

2018-09-15 11:18:13 - [TEST_STEP][PASSED] - Statement - emailFolder = store.getFolder("INBOX"): null

2018-09-15 11:18:13 - [TEST_STEP][PASSED] - Statement - emailFolder.open(READ_WRITE): null

2018-09-15 11:18:13 - [TEST_STEP][PASSED] - Statement - messages = emailFolder.getMessages(): null

2018-09-15 11:18:13 - [TEST_STEP][PASSED] - Statement - n = length: null

2018-09-15 11:18:13 - [TEST_STEP][PASSED] - Statement - message = messages[n - 1]: null

2018-09-15 11:18:13 - [TEST_STEP][PASSED] - Statement - msgSub = message.getSubject(): null

2018-09-15 11:18:13 - [TEST_STEP][PASSED] - Statement - If (msgSub.equals("OTP to Sign In")): null

2018-09-15 11:18:13 - [TEST_STEP][PASSED] - Statement - msg = message.getContent().toString(): null

2018-09-15 11:18:14 - [TEST_STEP][PASSED] - Statement - OTP = msg.substring(msg.length() - 7): null

2018-09-15 11:18:14 - [TEST_STEP][PASSED] - Statement - message.setFlag(DELETED, true): null

2018-09-15 11:18:15 - [TEST_STEP][PASSED] - Statement - emailFolder.close(true): null

2018-09-15 11:18:15 - [TEST_STEP][PASSED] - Statement - store.close(): null

2018-09-15 11:18:15 - [TEST_STEP][PASSED] - Statement - return OTP: null

2018-09-15 11:18:15 - [TEST_STEP][PASSED] - Statement - If (OTP.equals("unavailable")): null

2018-09-15 11:18:15 - [TEST_STEP][PASSED] - Statement - Else: Text 'k4950
' is set on object 'Object Repository/Login/OtpInput'

2018-09-15 11:18:15 - [TEST_STEP][PASSED] - setText: Text 'k4950
' is set on object 'Object Repository/Login/OtpInput'

2018-09-15 11:18:15 - [MESSAGE][PASSED] - Text 'k4950
' is set on object 'Object Repository/Login/OtpInput'

2018-09-15 11:18:15 - [TEST_STEP][PASSED] - verifyElementPresent: Object 'Object Repository/Login/afterOpenDisplay' is present

2018-09-15 11:18:16 - [MESSAGE][PASSED] - Object 'Object Repository/Login/afterOpenDisplay' is present

2018-09-15 11:18:16 - [MESSAGE][PASSED] - Call Test Case 'Test Cases/BVT/aSimple_Login' successfully

2018-09-15 11:18:16 - [TEST_STEP][PASSED] - Statement - driver = com.kms.katalon.core.webui.driver.DriverFactory.getWebDriver(): null

2018-09-15 11:18:16 - [TEST_STEP][PASSED] - click: Object: 'Object Repository/Dashboard_Link Generator/linkgeneratorIcon' is clicked on

2018-09-15 11:18:17 - [MESSAGE][PASSED] - Object: 'Object Repository/Dashboard_Link Generator/linkgeneratorIcon' is clicked on

2018-09-15 11:18:17 - [TEST_STEP][PASSED] - click: Object: 'Object Repository/Public Links/publicLinkTab' is clicked on

2018-09-15 11:18:17 - [MESSAGE][PASSED] - Object: 'Object Repository/Public Links/publicLinkTab' is clicked on

2018-09-15 11:18:17 - [TEST_STEP][PASSED] - delay: Delayed 2 second(s)

2018-09-15 11:18:19 - [MESSAGE][PASSED] - Delayed 2 second(s)

2018-09-15 11:18:19 - [TEST_STEP][PASSED] - click: Object: 'Object Repository/Public Links/checkBoxPubLink' is clicked on

2018-09-15 11:18:19 - [MESSAGE][PASSED] - Object: 'Object Repository/Public Links/checkBoxPubLink' is clicked on

2018-09-15 11:18:19 - [TEST_STEP][PASSED] - setText: Text 'tag' is set on object 'Object Repository/Public Links/PubLinkWithTag'

2018-09-15 11:18:20 - [MESSAGE][PASSED] - Text 'tag' is set on object 'Object Repository/Public Links/PubLinkWithTag'

2018-09-15 11:18:20 - [TEST_STEP][PASSED] - click: Object: 'Object Repository/Public Links/GetLink' is clicked on

2018-09-15 11:18:20 - [MESSAGE][PASSED] - Object: 'Object Repository/Public Links/GetLink' is clicked on

2018-09-15 11:18:20 - [TEST_STEP][PASSED] - Statement - getLink = com.kms.katalon.core.webui.keyword.WebUiBuiltInKeywords.getAttribute(com.kms.katalon.core.testobject.ObjectRepository.findTestObject(Dashboard_Link Generator/input_link-text), "value"): Attribute 'value' of object 'Object Repository/Dashboard_Link Generator/input_link-text' is: 'https://dev.vcalling.in/url/UAT/?id=UAT_publicLink-156&p=t&c=t'

2018-09-15 11:18:20 - [MESSAGE][PASSED] - Attribute 'value' of object 'Object Repository/Dashboard_Link Generator/input_link-text' is: 'https://dev.vcalling.in/url/UAT/?id=UAT_publicLink-156&p=t&c=t'

2018-09-15 11:18:20 - [TEST_STEP][PASSED] - Statement - println(getLink): null

2018-09-15 11:18:20 - [TEST_STEP][PASSED] - click: Object: 'Object Repository/Dashboard_Link Generator/copyLink' is clicked on

2018-09-15 11:18:20 - [MESSAGE][PASSED] - Object: 'Object Repository/Dashboard_Link Generator/copyLink' is clicked on

2018-09-15 11:18:20 - [TEST_STEP][PASSED] - delay: Delayed 2 second(s)

2018-09-15 11:18:22 - [MESSAGE][PASSED] - Delayed 2 second(s)

2018-09-15 11:18:22 - [TEST_STEP][PASSED] - Statement - js = driver: null

2018-09-15 11:18:22 - [TEST_STEP][PASSED] - Statement - js.executeScript("window.open();"): null

2018-09-15 11:18:22 - [TEST_STEP][PASSED] - Statement - currentWindow = com.kms.katalon.core.webui.keyword.WebUiBuiltInKeywords.getWindowIndex(): Current window's index is: 0

2018-09-15 11:18:22 - [MESSAGE][PASSED] - Current window's index is: 0

2018-09-15 11:18:22 - [TEST_STEP][PASSED] - switchToWindowIndex: Switched to window with index: '1'

2018-09-15 11:18:22 - [MESSAGE][PASSED] - Switched to window with index: '1'

2018-09-15 11:18:22 - [TEST_STEP][PASSED] - navigateToUrl: Navigate to 'https://dev.vcalling.in/url/UAT/?id=UAT_publicLink-156&p=t&c=t' successfully

2018-09-15 11:18:25 - [MESSAGE][PASSED] - Navigate to 'https://dev.vcalling.in/url/UAT/?id=UAT_publicLink-156&p=t&c=t' successfully

2018-09-15 11:18:25 - [TEST_STEP][PASSED] - Statement - currentTab = com.kms.katalon.core.webui.keyword.WebUiBuiltInKeywords.getWindowIndex(): Current window's index is: 1

2018-09-15 11:18:25 - [MESSAGE][PASSED] - Current window's index is: 1

2018-09-15 11:18:25 - [TEST_STEP][PASSED] - delay: Delayed 10 second(s)

2018-09-15 11:18:35 - [MESSAGE][PASSED] - Delayed 10 second(s)

2018-09-15 11:18:35 - [TEST_STEP][PASSED] - switchToWindowIndex: Switched to window with index: '0'

2018-09-15 11:18:35 - [MESSAGE][PASSED] - Switched to window with index: '0'

2018-09-15 11:18:35 - [TEST_STEP][PASSED] - refresh: Refresh successfully

2018-09-15 11:18:35 - [MESSAGE][PASSED] - Refresh successfully

2018-09-15 11:18:35 - [TEST_STEP][PASSED] - acceptAlert: Alert accepted

2018-09-15 11:18:35 - [MESSAGE][PASSED] - Alert accepted]]></system-out>
         <system-err><![CDATA[]]></system-err>
      </testcase>
      <testcase name="Test Cases/completed/TestCase6_public link generate/publicLinkGenerate" classname="Test Cases/completed/TestCase6_public link generate/publicLinkGenerate" status="PASSED">
         <system-out><![CDATA[2018-09-15 11:18:35 - [TEST_CASE][PASSED] - Test Cases/completed/TestCase6_public link generate/publicLinkGenerate: Test Cases/completed/TestCase6_public link generate/publicLinkGenerate

2018-09-15 11:18:35 - [TEST_STEP][PASSED] - callTestCase: Call Test Case 'Test Cases/BVT/aSimple_Login' successfully

2018-09-15 11:18:35 - [TEST_CASE][PASSED] - Test Cases/BVT/aSimple_Login: Test Cases/BVT/aSimple_Login

2018-09-15 11:18:35 - [TEST_STEP][PASSED] - openBrowser: Browser is opened with url: ''

2018-09-15 11:18:35 - [MESSAGE][WARNING] - A browser is already opened. Closing browser and opening a new one

2018-09-15 11:18:38 - [MESSAGE][PASSED] - Browser is opened with url: ''

2018-09-15 11:18:38 - [TEST_STEP][PASSED] - maximizeWindow: Current window maximized

2018-09-15 11:18:39 - [MESSAGE][PASSED] - Current window maximized

2018-09-15 11:18:39 - [TEST_STEP][PASSED] - navigateToUrl: Navigate to 'https://dev.vcalling.in/enterprises/UAT/Dashboard/index.html' successfully

2018-09-15 11:18:48 - [MESSAGE][PASSED] - Navigate to 'https://dev.vcalling.in/enterprises/UAT/Dashboard/index.html' successfully

2018-09-15 11:18:48 - [TEST_STEP][PASSED] - setText: Text 'testing4dea@gmail.com' is set on object 'Object Repository/Login/UserId'

2018-09-15 11:18:49 - [MESSAGE][PASSED] - Text 'testing4dea@gmail.com' is set on object 'Object Repository/Login/UserId'

2018-09-15 11:18:49 - [TEST_STEP][PASSED] - click: Object: 'Object Repository/Login/div_GET OTP' is clicked on

2018-09-15 11:18:49 - [MESSAGE][PASSED] - Object: 'Object Repository/Login/div_GET OTP' is clicked on

2018-09-15 11:18:49 - [TEST_STEP][PASSED] - waitForElementPresent: Object 'Object Repository/Login/div_SUBMIT' is present

2018-09-15 11:18:50 - [MESSAGE][PASSED] - Object 'Object Repository/Login/div_SUBMIT' is present

2018-09-15 11:18:50 - [TEST_STEP][PASSED] - Statement - If (com.kms.katalon.core.webui.keyword.WebUiBuiltInKeywords.verifyElementNotPresent(com.kms.katalon.core.testobject.ObjectRepository.findTestObject(Login/div_SUBMIT), 5, OPTIONAL)): Web element with id: 'Object Repository/Login/div_SUBMIT' located by 'By.xpath: //div[(text() = ' SUBMIT ' or . = ' SUBMIT ')]' is present after '5' second(s)

2018-09-15 11:18:56 - [MESSAGE][WARNING] - Web element with id: 'Object Repository/Login/div_SUBMIT' located by 'By.xpath: //div[(text() = ' SUBMIT ' or . = ' SUBMIT ')]' is present after '5' second(s)
[[ATTACHMENT|C:\\Users\\Kaushal\\Desktop\\Katalon Studio\\vCallingDashboard\\Reports\\RegressionSuite\\20180915_103222\\1537006736129.png]]

2018-09-15 11:18:56 - [TEST_STEP][PASSED] - Statement - sleep(5000): null

2018-09-15 11:19:01 - [TEST_STEP][PASSED] - Statement - OTP = getOTP(): null

2018-09-15 11:19:01 - [TEST_STEP][PASSED] - Statement - host = "imap.gmail.com": null

2018-09-15 11:19:01 - [TEST_STEP][PASSED] - Statement - msg = <not implemented yet for class: org.codehaus.groovy.ast.expr.EmptyExpression>: null

2018-09-15 11:19:01 - [TEST_STEP][PASSED] - Statement - msgSub = <not implemented yet for class: org.codehaus.groovy.ast.expr.EmptyExpression>: null

2018-09-15 11:19:01 - [TEST_STEP][PASSED] - Statement - OTP = "unavailable": null

2018-09-15 11:19:01 - [TEST_STEP][PASSED] - Statement - props = new java.util.Properties(): null

2018-09-15 11:19:01 - [TEST_STEP][PASSED] - Statement - props.setProperty("mail.imap.ssl.enable", "true"): null

2018-09-15 11:19:01 - [TEST_STEP][PASSED] - Statement - session = javax.mail.Session.getInstance(props): null

2018-09-15 11:19:01 - [TEST_STEP][PASSED] - Statement - store = <not implemented yet for class: org.codehaus.groovy.ast.expr.EmptyExpression>: null

2018-09-15 11:19:01 - [TEST_STEP][PASSED] - Statement - Try: null

2018-09-15 11:19:01 - [TEST_STEP][PASSED] - Statement - store = session.getStore("imap"): null

2018-09-15 11:19:01 - [TEST_STEP][PASSED] - Statement - store.connect(host, Email, Password): null

2018-09-15 11:19:03 - [TEST_STEP][PASSED] - Statement - emailFolder = store.getFolder("INBOX"): null

2018-09-15 11:19:03 - [TEST_STEP][PASSED] - Statement - emailFolder.open(READ_WRITE): null

2018-09-15 11:19:03 - [TEST_STEP][PASSED] - Statement - messages = emailFolder.getMessages(): null

2018-09-15 11:19:03 - [TEST_STEP][PASSED] - Statement - n = length: null

2018-09-15 11:19:03 - [TEST_STEP][PASSED] - Statement - message = messages[n - 1]: null

2018-09-15 11:19:03 - [TEST_STEP][PASSED] - Statement - msgSub = message.getSubject(): null

2018-09-15 11:19:04 - [TEST_STEP][PASSED] - Statement - If (msgSub.equals("OTP to Sign In")): null

2018-09-15 11:19:04 - [TEST_STEP][PASSED] - Statement - msg = message.getContent().toString(): null

2018-09-15 11:19:04 - [TEST_STEP][PASSED] - Statement - OTP = msg.substring(msg.length() - 7): null

2018-09-15 11:19:04 - [TEST_STEP][PASSED] - Statement - message.setFlag(DELETED, true): null

2018-09-15 11:19:05 - [TEST_STEP][PASSED] - Statement - emailFolder.close(true): null

2018-09-15 11:19:05 - [TEST_STEP][PASSED] - Statement - store.close(): null

2018-09-15 11:19:05 - [TEST_STEP][PASSED] - Statement - return OTP: null

2018-09-15 11:19:05 - [TEST_STEP][PASSED] - Statement - If (OTP.equals("unavailable")): null

2018-09-15 11:19:05 - [TEST_STEP][PASSED] - Statement - Else: Text 'x3742
' is set on object 'Object Repository/Login/OtpInput'

2018-09-15 11:19:05 - [TEST_STEP][PASSED] - setText: Text 'x3742
' is set on object 'Object Repository/Login/OtpInput'

2018-09-15 11:19:05 - [MESSAGE][PASSED] - Text 'x3742
' is set on object 'Object Repository/Login/OtpInput'

2018-09-15 11:19:05 - [TEST_STEP][PASSED] - verifyElementPresent: Object 'Object Repository/Login/afterOpenDisplay' is present

2018-09-15 11:19:06 - [MESSAGE][PASSED] - Object 'Object Repository/Login/afterOpenDisplay' is present

2018-09-15 11:19:06 - [MESSAGE][PASSED] - Call Test Case 'Test Cases/BVT/aSimple_Login' successfully

2018-09-15 11:19:06 - [TEST_STEP][PASSED] - Statement - driver = com.kms.katalon.core.webui.driver.DriverFactory.getWebDriver(): null

2018-09-15 11:19:06 - [TEST_STEP][PASSED] - click: Object: 'Object Repository/Dashboard_Link Generator/linkgeneratorIcon' is clicked on

2018-09-15 11:19:07 - [MESSAGE][PASSED] - Object: 'Object Repository/Dashboard_Link Generator/linkgeneratorIcon' is clicked on

2018-09-15 11:19:07 - [TEST_STEP][PASSED] - click: Object: 'Object Repository/Public Links/publicLinkTab' is clicked on

2018-09-15 11:19:07 - [MESSAGE][PASSED] - Object: 'Object Repository/Public Links/publicLinkTab' is clicked on

2018-09-15 11:19:07 - [TEST_STEP][PASSED] - delay: Delayed 2 second(s)

2018-09-15 11:19:09 - [MESSAGE][PASSED] - Delayed 2 second(s)

2018-09-15 11:19:09 - [TEST_STEP][PASSED] - setText: Text 'tag1' is set on object 'Object Repository/Public Links/PubLinkWithTag'

2018-09-15 11:19:10 - [MESSAGE][PASSED] - Text 'tag1' is set on object 'Object Repository/Public Links/PubLinkWithTag'

2018-09-15 11:19:10 - [TEST_STEP][PASSED] - click: Object: 'Object Repository/Public Links/GetLink' is clicked on

2018-09-15 11:19:10 - [MESSAGE][PASSED] - Object: 'Object Repository/Public Links/GetLink' is clicked on

2018-09-15 11:19:10 - [TEST_STEP][PASSED] - Statement - getLink = com.kms.katalon.core.webui.keyword.WebUiBuiltInKeywords.getAttribute(com.kms.katalon.core.testobject.ObjectRepository.findTestObject(Dashboard_Link Generator/input_link-text), "value"): Attribute 'value' of object 'Object Repository/Dashboard_Link Generator/input_link-text' is: 'https://dev.vcalling.in/url/UAT/?id=UAT_publicLink-138&p=t'

2018-09-15 11:19:10 - [MESSAGE][PASSED] - Attribute 'value' of object 'Object Repository/Dashboard_Link Generator/input_link-text' is: 'https://dev.vcalling.in/url/UAT/?id=UAT_publicLink-138&p=t'

2018-09-15 11:19:10 - [TEST_STEP][PASSED] - Statement - println(getLink): null

2018-09-15 11:19:10 - [TEST_STEP][PASSED] - click: Object: 'Object Repository/Dashboard_Link Generator/copyLink' is clicked on

2018-09-15 11:19:10 - [MESSAGE][PASSED] - Object: 'Object Repository/Dashboard_Link Generator/copyLink' is clicked on

2018-09-15 11:19:10 - [TEST_STEP][PASSED] - delay: Delayed 2 second(s)

2018-09-15 11:19:12 - [MESSAGE][PASSED] - Delayed 2 second(s)

2018-09-15 11:19:12 - [TEST_STEP][PASSED] - Statement - js = driver: null

2018-09-15 11:19:12 - [TEST_STEP][PASSED] - Statement - js.executeScript("window.open();"): null

2018-09-15 11:19:12 - [TEST_STEP][PASSED] - Statement - currentWindow = com.kms.katalon.core.webui.keyword.WebUiBuiltInKeywords.getWindowIndex(): Current window's index is: 0

2018-09-15 11:19:12 - [MESSAGE][PASSED] - Current window's index is: 0

2018-09-15 11:19:12 - [TEST_STEP][PASSED] - switchToWindowIndex: Switched to window with index: '1'

2018-09-15 11:19:12 - [MESSAGE][PASSED] - Switched to window with index: '1'

2018-09-15 11:19:12 - [TEST_STEP][PASSED] - navigateToUrl: Navigate to 'https://dev.vcalling.in/url/UAT/?id=UAT_publicLink-138&p=t' successfully

2018-09-15 11:19:15 - [MESSAGE][PASSED] - Navigate to 'https://dev.vcalling.in/url/UAT/?id=UAT_publicLink-138&p=t' successfully

2018-09-15 11:19:15 - [TEST_STEP][PASSED] - Statement - currentTab = com.kms.katalon.core.webui.keyword.WebUiBuiltInKeywords.getWindowIndex(): Current window's index is: 1

2018-09-15 11:19:15 - [MESSAGE][PASSED] - Current window's index is: 1

2018-09-15 11:19:15 - [TEST_STEP][PASSED] - delay: Delayed 10 second(s)

2018-09-15 11:19:25 - [MESSAGE][PASSED] - Delayed 10 second(s)

2018-09-15 11:19:25 - [TEST_STEP][PASSED] - switchToWindowIndex: Switched to window with index: '0'

2018-09-15 11:19:25 - [MESSAGE][PASSED] - Switched to window with index: '0'

2018-09-15 11:19:25 - [TEST_STEP][PASSED] - refresh: Refresh successfully

2018-09-15 11:19:25 - [MESSAGE][PASSED] - Refresh successfully

2018-09-15 11:19:25 - [TEST_STEP][PASSED] - acceptAlert: Alert accepted

2018-09-15 11:19:25 - [MESSAGE][PASSED] - Alert accepted]]></system-out>
         <system-err><![CDATA[]]></system-err>
      </testcase>
      <testcase name="Test Cases/completed/TestCase6_public link generate/pubLinkWIthTag" classname="Test Cases/completed/TestCase6_public link generate/pubLinkWIthTag" status="PASSED">
         <system-out><![CDATA[2018-09-15 11:19:25 - [TEST_CASE][PASSED] - Test Cases/completed/TestCase6_public link generate/pubLinkWIthTag: Test Cases/completed/TestCase6_public link generate/pubLinkWIthTag

2018-09-15 11:19:25 - [TEST_STEP][PASSED] - callTestCase: Call Test Case 'Test Cases/BVT/aSimple_Login' successfully

2018-09-15 11:19:25 - [TEST_CASE][PASSED] - Test Cases/BVT/aSimple_Login: Test Cases/BVT/aSimple_Login

2018-09-15 11:19:25 - [TEST_STEP][PASSED] - openBrowser: Browser is opened with url: ''

2018-09-15 11:19:25 - [MESSAGE][WARNING] - A browser is already opened. Closing browser and opening a new one

2018-09-15 11:19:28 - [MESSAGE][PASSED] - Browser is opened with url: ''

2018-09-15 11:19:28 - [TEST_STEP][PASSED] - maximizeWindow: Current window maximized

2018-09-15 11:19:29 - [MESSAGE][PASSED] - Current window maximized

2018-09-15 11:19:29 - [TEST_STEP][PASSED] - navigateToUrl: Navigate to 'https://dev.vcalling.in/enterprises/UAT/Dashboard/index.html' successfully

2018-09-15 11:19:37 - [MESSAGE][PASSED] - Navigate to 'https://dev.vcalling.in/enterprises/UAT/Dashboard/index.html' successfully

2018-09-15 11:19:37 - [TEST_STEP][PASSED] - setText: Text 'testing4dea@gmail.com' is set on object 'Object Repository/Login/UserId'

2018-09-15 11:19:38 - [MESSAGE][PASSED] - Text 'testing4dea@gmail.com' is set on object 'Object Repository/Login/UserId'

2018-09-15 11:19:38 - [TEST_STEP][PASSED] - click: Object: 'Object Repository/Login/div_GET OTP' is clicked on

2018-09-15 11:19:38 - [MESSAGE][PASSED] - Object: 'Object Repository/Login/div_GET OTP' is clicked on

2018-09-15 11:19:38 - [TEST_STEP][PASSED] - waitForElementPresent: Object 'Object Repository/Login/div_SUBMIT' is present

2018-09-15 11:19:40 - [MESSAGE][PASSED] - Object 'Object Repository/Login/div_SUBMIT' is present

2018-09-15 11:19:40 - [TEST_STEP][PASSED] - Statement - If (com.kms.katalon.core.webui.keyword.WebUiBuiltInKeywords.verifyElementNotPresent(com.kms.katalon.core.testobject.ObjectRepository.findTestObject(Login/div_SUBMIT), 5, OPTIONAL)): Web element with id: 'Object Repository/Login/div_SUBMIT' located by 'By.xpath: //div[(text() = ' SUBMIT ' or . = ' SUBMIT ')]' is present after '5' second(s)

2018-09-15 11:19:45 - [MESSAGE][WARNING] - Web element with id: 'Object Repository/Login/div_SUBMIT' located by 'By.xpath: //div[(text() = ' SUBMIT ' or . = ' SUBMIT ')]' is present after '5' second(s)
[[ATTACHMENT|C:\\Users\\Kaushal\\Desktop\\Katalon Studio\\vCallingDashboard\\Reports\\RegressionSuite\\20180915_103222\\1537006785494.png]]

2018-09-15 11:19:45 - [TEST_STEP][PASSED] - Statement - sleep(5000): null

2018-09-15 11:19:50 - [TEST_STEP][PASSED] - Statement - OTP = getOTP(): null

2018-09-15 11:19:50 - [TEST_STEP][PASSED] - Statement - host = "imap.gmail.com": null

2018-09-15 11:19:50 - [TEST_STEP][PASSED] - Statement - msg = <not implemented yet for class: org.codehaus.groovy.ast.expr.EmptyExpression>: null

2018-09-15 11:19:50 - [TEST_STEP][PASSED] - Statement - msgSub = <not implemented yet for class: org.codehaus.groovy.ast.expr.EmptyExpression>: null

2018-09-15 11:19:50 - [TEST_STEP][PASSED] - Statement - OTP = "unavailable": null

2018-09-15 11:19:50 - [TEST_STEP][PASSED] - Statement - props = new java.util.Properties(): null

2018-09-15 11:19:50 - [TEST_STEP][PASSED] - Statement - props.setProperty("mail.imap.ssl.enable", "true"): null

2018-09-15 11:19:50 - [TEST_STEP][PASSED] - Statement - session = javax.mail.Session.getInstance(props): null

2018-09-15 11:19:50 - [TEST_STEP][PASSED] - Statement - store = <not implemented yet for class: org.codehaus.groovy.ast.expr.EmptyExpression>: null

2018-09-15 11:19:50 - [TEST_STEP][PASSED] - Statement - Try: null

2018-09-15 11:19:50 - [TEST_STEP][PASSED] - Statement - store = session.getStore("imap"): null

2018-09-15 11:19:50 - [TEST_STEP][PASSED] - Statement - store.connect(host, Email, Password): null

2018-09-15 11:19:52 - [TEST_STEP][PASSED] - Statement - emailFolder = store.getFolder("INBOX"): null

2018-09-15 11:19:52 - [TEST_STEP][PASSED] - Statement - emailFolder.open(READ_WRITE): null

2018-09-15 11:19:53 - [TEST_STEP][PASSED] - Statement - messages = emailFolder.getMessages(): null

2018-09-15 11:19:53 - [TEST_STEP][PASSED] - Statement - n = length: null

2018-09-15 11:19:53 - [TEST_STEP][PASSED] - Statement - message = messages[n - 1]: null

2018-09-15 11:19:53 - [TEST_STEP][PASSED] - Statement - msgSub = message.getSubject(): null

2018-09-15 11:19:53 - [TEST_STEP][PASSED] - Statement - If (msgSub.equals("OTP to Sign In")): null

2018-09-15 11:19:53 - [TEST_STEP][PASSED] - Statement - msg = message.getContent().toString(): null

2018-09-15 11:19:54 - [TEST_STEP][PASSED] - Statement - OTP = msg.substring(msg.length() - 7): null

2018-09-15 11:19:54 - [TEST_STEP][PASSED] - Statement - message.setFlag(DELETED, true): null

2018-09-15 11:19:54 - [TEST_STEP][PASSED] - Statement - emailFolder.close(true): null

2018-09-15 11:19:54 - [TEST_STEP][PASSED] - Statement - store.close(): null

2018-09-15 11:19:55 - [TEST_STEP][PASSED] - Statement - return OTP: null

2018-09-15 11:19:55 - [TEST_STEP][PASSED] - Statement - If (OTP.equals("unavailable")): null

2018-09-15 11:19:55 - [TEST_STEP][PASSED] - Statement - Else: Text 'j9227
' is set on object 'Object Repository/Login/OtpInput'

2018-09-15 11:19:55 - [TEST_STEP][PASSED] - setText: Text 'j9227
' is set on object 'Object Repository/Login/OtpInput'

2018-09-15 11:19:55 - [MESSAGE][PASSED] - Text 'j9227
' is set on object 'Object Repository/Login/OtpInput'

2018-09-15 11:19:55 - [TEST_STEP][PASSED] - verifyElementPresent: Object 'Object Repository/Login/afterOpenDisplay' is present

2018-09-15 11:19:56 - [MESSAGE][PASSED] - Object 'Object Repository/Login/afterOpenDisplay' is present

2018-09-15 11:19:56 - [MESSAGE][PASSED] - Call Test Case 'Test Cases/BVT/aSimple_Login' successfully

2018-09-15 11:19:56 - [TEST_STEP][PASSED] - Statement - driver = com.kms.katalon.core.webui.driver.DriverFactory.getWebDriver(): null

2018-09-15 11:19:56 - [TEST_STEP][PASSED] - click: Object: 'Object Repository/Dashboard_Link Generator/linkgeneratorIcon' is clicked on

2018-09-15 11:19:56 - [MESSAGE][PASSED] - Object: 'Object Repository/Dashboard_Link Generator/linkgeneratorIcon' is clicked on

2018-09-15 11:19:56 - [TEST_STEP][PASSED] - click: Object: 'Object Repository/Public Links/publicLinkTab' is clicked on

2018-09-15 11:19:57 - [MESSAGE][PASSED] - Object: 'Object Repository/Public Links/publicLinkTab' is clicked on

2018-09-15 11:19:57 - [TEST_STEP][PASSED] - delay: Delayed 2 second(s)

2018-09-15 11:19:59 - [MESSAGE][PASSED] - Delayed 2 second(s)

2018-09-15 11:19:59 - [TEST_STEP][PASSED] - setText: Text 'tag1' is set on object 'Object Repository/Public Links/PubLinkWithTag'

2018-09-15 11:19:59 - [MESSAGE][PASSED] - Text 'tag1' is set on object 'Object Repository/Public Links/PubLinkWithTag'

2018-09-15 11:19:59 - [TEST_STEP][PASSED] - click: Object: 'Object Repository/Public Links/GetLink' is clicked on

2018-09-15 11:19:59 - [MESSAGE][PASSED] - Object: 'Object Repository/Public Links/GetLink' is clicked on

2018-09-15 11:19:59 - [TEST_STEP][PASSED] - Statement - getLink = com.kms.katalon.core.webui.keyword.WebUiBuiltInKeywords.getAttribute(com.kms.katalon.core.testobject.ObjectRepository.findTestObject(Dashboard_Link Generator/input_link-text), "value"): Attribute 'value' of object 'Object Repository/Dashboard_Link Generator/input_link-text' is: 'https://dev.vcalling.in/url/UAT/?id=UAT_publicLink-138&p=t'

2018-09-15 11:19:59 - [MESSAGE][PASSED] - Attribute 'value' of object 'Object Repository/Dashboard_Link Generator/input_link-text' is: 'https://dev.vcalling.in/url/UAT/?id=UAT_publicLink-138&p=t'

2018-09-15 11:19:59 - [TEST_STEP][PASSED] - Statement - println(getLink): null

2018-09-15 11:19:59 - [TEST_STEP][PASSED] - click: Object: 'Object Repository/Dashboard_Link Generator/copyLink' is clicked on

2018-09-15 11:19:59 - [MESSAGE][PASSED] - Object: 'Object Repository/Dashboard_Link Generator/copyLink' is clicked on

2018-09-15 11:19:59 - [TEST_STEP][PASSED] - delay: Delayed 2 second(s)

2018-09-15 11:20:01 - [MESSAGE][PASSED] - Delayed 2 second(s)

2018-09-15 11:20:01 - [TEST_STEP][PASSED] - Statement - js = driver: null

2018-09-15 11:20:01 - [TEST_STEP][PASSED] - Statement - js.executeScript("window.open();"): null

2018-09-15 11:20:02 - [TEST_STEP][PASSED] - Statement - currentWindow = com.kms.katalon.core.webui.keyword.WebUiBuiltInKeywords.getWindowIndex(): Current window's index is: 0

2018-09-15 11:20:02 - [MESSAGE][PASSED] - Current window's index is: 0

2018-09-15 11:20:02 - [TEST_STEP][PASSED] - switchToWindowIndex: Switched to window with index: '1'

2018-09-15 11:20:02 - [MESSAGE][PASSED] - Switched to window with index: '1'

2018-09-15 11:20:02 - [TEST_STEP][PASSED] - navigateToUrl: Navigate to 'https://dev.vcalling.in/url/UAT/?id=UAT_publicLink-138&p=t' successfully

2018-09-15 11:20:04 - [MESSAGE][PASSED] - Navigate to 'https://dev.vcalling.in/url/UAT/?id=UAT_publicLink-138&p=t' successfully

2018-09-15 11:20:04 - [TEST_STEP][PASSED] - Statement - currentTab = com.kms.katalon.core.webui.keyword.WebUiBuiltInKeywords.getWindowIndex(): Current window's index is: 1

2018-09-15 11:20:04 - [MESSAGE][PASSED] - Current window's index is: 1

2018-09-15 11:20:04 - [TEST_STEP][PASSED] - delay: Delayed 10 second(s)

2018-09-15 11:20:14 - [MESSAGE][PASSED] - Delayed 10 second(s)

2018-09-15 11:20:14 - [TEST_STEP][PASSED] - switchToWindowIndex: Switched to window with index: '0'

2018-09-15 11:20:14 - [MESSAGE][PASSED] - Switched to window with index: '0'

2018-09-15 11:20:14 - [TEST_STEP][PASSED] - refresh: Refresh successfully

2018-09-15 11:20:14 - [MESSAGE][PASSED] - Refresh successfully

2018-09-15 11:20:14 - [TEST_STEP][PASSED] - acceptAlert: Alert accepted

2018-09-15 11:20:14 - [MESSAGE][PASSED] - Alert accepted]]></system-out>
         <system-err><![CDATA[]]></system-err>
      </testcase>
      <testcase name="Test Cases/completed/TestCase9_Stats/outboundStats" classname="Test Cases/completed/TestCase9_Stats/outboundStats" status="ERROR">
         <error type="ERROR" message="Test Cases/completed/TestCase9_Stats/outboundStats FAILED because (of) (Stack trace: org.openqa.selenium.NoSuchElementException: no such element: Unable to locate element: {&quot;method&quot;:&quot;xpath&quot;,&quot;selector&quot;:&quot;/html/body/div[2]/div/div/div[2]/div[2]/div[1]/div[2]/div[1]/div[6]/div[1]/div[1]&quot;}
  (Session info: chrome=69.0.3497.92)
  (Driver info: chromedriver=2.35.528161 (5b82f2d2aae0ca24b877009200ced9065a772e73),platform=Windows NT 10.0.17134 x86_64) (WARNING: The server did not provide any stacktrace information)
Command duration or timeout: 0 milliseconds
For documentation on this error, please visit: http://seleniumhq.org/exceptions/no_such_element.html
Build info: version: '3.7.1', revision: '8a0099a', time: '2017-11-06T21:07:36.161Z'
System info: host: 'DESKTOP-D4528LJ', ip: '10.6.8.31', os.name: 'Windows 10', os.arch: 'amd64', os.version: '10.0', java.version: '1.8.0_181'
Driver info: com.kms.katalon.selenium.driver.CChromeDriver
Capabilities {acceptInsecureCerts: false, acceptSslCerts: false, applicationCacheEnabled: false, browserConnectionEnabled: false, browserName: chrome, chrome: {chromedriverVersion: 2.35.528161 (5b82f2d2aae0ca..., userDataDir: C:\Users\Kaushal\AppData\Lo...}, cssSelectorsEnabled: true, databaseEnabled: false, handlesAlerts: true, hasTouchScreen: false, javascriptEnabled: true, locationContextEnabled: true, mobileEmulationEnabled: false, nativeEvents: true, networkConnectionEnabled: false, pageLoadStrategy: normal, platform: XP, platformName: XP, rotatable: false, setWindowRect: true, takesHeapSnapshot: true, takesScreenshot: true, unexpectedAlertBehaviour: , unhandledPromptBehavior: , version: 69.0.3497.92, webStorageEnabled: true}
Session ID: 0fb37ab974c2bacf997430f291f6e8ab
*** Element info: {Using=xpath, value=/html/body/div[2]/div/div/div[2]/div[2]/div[1]/div[2]/div[1]/div[6]/div[1]/div[1]}
	at sun.reflect.NativeConstructorAccessorImpl.newInstance0(Native Method)
	at sun.reflect.NativeConstructorAccessorImpl.newInstance(NativeConstructorAccessorImpl.java:62)
	at sun.reflect.DelegatingConstructorAccessorImpl.newInstance(DelegatingConstructorAccessorImpl.java:45)
	at java.lang.reflect.Constructor.newInstance(Constructor.java:423)
	at org.openqa.selenium.remote.ErrorHandler.createThrowable(ErrorHandler.java:214)
	at org.openqa.selenium.remote.ErrorHandler.throwIfResponseFailed(ErrorHandler.java:166)
	at org.openqa.selenium.remote.http.JsonHttpResponseCodec.reconstructValue(JsonHttpResponseCodec.java:40)
	at org.openqa.selenium.remote.http.AbstractHttpResponseCodec.decode(AbstractHttpResponseCodec.java:80)
	at org.openqa.selenium.remote.http.AbstractHttpResponseCodec.decode(AbstractHttpResponseCodec.java:44)
	at org.openqa.selenium.remote.HttpCommandExecutor.execute(HttpCommandExecutor.java:164)
	at org.openqa.selenium.remote.service.DriverCommandExecutor.execute(DriverCommandExecutor.java:83)
	at org.openqa.selenium.remote.RemoteWebDriver.execute(RemoteWebDriver.java:600)
	at com.kms.katalon.selenium.driver.CChromeDriver.execute(CChromeDriver.java:20)
	at org.openqa.selenium.remote.RemoteWebDriver.findElement(RemoteWebDriver.java:370)
	at org.openqa.selenium.remote.RemoteWebDriver.findElementByXPath(RemoteWebDriver.java:472)
	at org.openqa.selenium.By$ByXPath.findElement(By.java:361)
	at org.openqa.selenium.remote.RemoteWebDriver.findElement(RemoteWebDriver.java:362)
	at org.openqa.selenium.WebDriver$findElement.call(Unknown Source)
	at org.codehaus.groovy.runtime.callsite.CallSiteArray.defaultCall(CallSiteArray.java:48)
	at org.codehaus.groovy.runtime.callsite.AbstractCallSite.call(AbstractCallSite.java:113)
	at org.codehaus.groovy.runtime.callsite.AbstractCallSite.call(AbstractCallSite.java:125)
	at Script1536238830714.run(Script1536238830714.groovy:40)
	at com.kms.katalon.core.main.ScriptEngine.run(ScriptEngine.java:183)
	at com.kms.katalon.core.main.ScriptEngine.runScriptAsRawText(ScriptEngine.java:108)
	at com.kms.katalon.core.main.TestCaseExecutor.runScript(TestCaseExecutor.java:294)
	at com.kms.katalon.core.main.TestCaseExecutor.doExecute(TestCaseExecutor.java:285)
	at com.kms.katalon.core.main.TestCaseExecutor.processExecutionPhase(TestCaseExecutor.java:264)
	at com.kms.katalon.core.main.TestCaseExecutor.accessMainPhase(TestCaseExecutor.java:256)
	at com.kms.katalon.core.main.TestCaseExecutor.execute(TestCaseExecutor.java:200)
	at com.kms.katalon.core.main.TestSuiteExecutor.accessTestCaseMainPhase(TestSuiteExecutor.java:129)
	at com.kms.katalon.core.main.TestSuiteExecutor.accessTestSuiteMainPhase(TestSuiteExecutor.java:112)
	at com.kms.katalon.core.main.TestSuiteExecutor.execute(TestSuiteExecutor.java:81)
	at com.kms.katalon.core.main.TestCaseMain.startTestSuite(TestCaseMain.java:142)
	at com.kms.katalon.core.main.TestCaseMain$startTestSuite$0.call(Unknown Source)
	at org.codehaus.groovy.runtime.callsite.CallSiteArray.defaultCall(CallSiteArray.java:48)
	at org.codehaus.groovy.runtime.callsite.AbstractCallSite.call(AbstractCallSite.java:113)
	at org.codehaus.groovy.runtime.callsite.AbstractCallSite.call(AbstractCallSite.java:141)
	at TempTestSuite1537003942876.run(TempTestSuite1537003942876.groovy:36)
	at groovy.lang.GroovyShell.runScriptOrMainOrTestOrRunnable(GroovyShell.java:263)
	at groovy.lang.GroovyShell.run(GroovyShell.java:518)
	at groovy.lang.GroovyShell.run(GroovyShell.java:507)
	at groovy.ui.GroovyMain.processOnce(GroovyMain.java:653)
	at groovy.ui.GroovyMain.run(GroovyMain.java:384)
	at groovy.ui.GroovyMain.process(GroovyMain.java:370)
	at groovy.ui.GroovyMain.processArgs(GroovyMain.java:129)
	at groovy.ui.GroovyMain.main(GroovyMain.java:109)
	at sun.reflect.NativeMethodAccessorImpl.invoke0(Native Method)
	at sun.reflect.NativeMethodAccessorImpl.invoke(NativeMethodAccessorImpl.java:62)
	at sun.reflect.DelegatingMethodAccessorImpl.invoke(DelegatingMethodAccessorImpl.java:43)
	at java.lang.reflect.Method.invoke(Method.java:498)
	at org.codehaus.groovy.tools.GroovyStarter.rootLoader(GroovyStarter.java:109)
	at org.codehaus.groovy.tools.GroovyStarter.main(GroovyStarter.java:131)
)"/>
         <system-out><![CDATA[2018-09-15 11:20:14 - [TEST_CASE][ERROR] - Test Cases/completed/TestCase9_Stats/outboundStats: Test Cases/completed/TestCase9_Stats/outboundStats FAILED because (of) (Stack trace: org.openqa.selenium.NoSuchElementException: no such element: Unable to locate element: {"method":"xpath","selector":"/html/body/div[2]/div/div/div[2]/div[2]/div[1]/div[2]/div[1]/div[6]/div[1]/div[1]"}
  (Session info: chrome=69.0.3497.92)
  (Driver info: chromedriver=2.35.528161 (5b82f2d2aae0ca24b877009200ced9065a772e73),platform=Windows NT 10.0.17134 x86_64) (WARNING: The server did not provide any stacktrace information)
Command duration or timeout: 0 milliseconds
For documentation on this error, please visit: http://seleniumhq.org/exceptions/no_such_element.html
Build info: version: '3.7.1', revision: '8a0099a', time: '2017-11-06T21:07:36.161Z'
System info: host: 'DESKTOP-D4528LJ', ip: '10.6.8.31', os.name: 'Windows 10', os.arch: 'amd64', os.version: '10.0', java.version: '1.8.0_181'
Driver info: com.kms.katalon.selenium.driver.CChromeDriver
Capabilities {acceptInsecureCerts: false, acceptSslCerts: false, applicationCacheEnabled: false, browserConnectionEnabled: false, browserName: chrome, chrome: {chromedriverVersion: 2.35.528161 (5b82f2d2aae0ca..., userDataDir: C:\Users\Kaushal\AppData\Lo...}, cssSelectorsEnabled: true, databaseEnabled: false, handlesAlerts: true, hasTouchScreen: false, javascriptEnabled: true, locationContextEnabled: true, mobileEmulationEnabled: false, nativeEvents: true, networkConnectionEnabled: false, pageLoadStrategy: normal, platform: XP, platformName: XP, rotatable: false, setWindowRect: true, takesHeapSnapshot: true, takesScreenshot: true, unexpectedAlertBehaviour: , unhandledPromptBehavior: , version: 69.0.3497.92, webStorageEnabled: true}
Session ID: 0fb37ab974c2bacf997430f291f6e8ab
*** Element info: {Using=xpath, value=/html/body/div[2]/div/div/div[2]/div[2]/div[1]/div[2]/div[1]/div[6]/div[1]/div[1]}
	at sun.reflect.NativeConstructorAccessorImpl.newInstance0(Native Method)
	at sun.reflect.NativeConstructorAccessorImpl.newInstance(NativeConstructorAccessorImpl.java:62)
	at sun.reflect.DelegatingConstructorAccessorImpl.newInstance(DelegatingConstructorAccessorImpl.java:45)
	at java.lang.reflect.Constructor.newInstance(Constructor.java:423)
	at org.openqa.selenium.remote.ErrorHandler.createThrowable(ErrorHandler.java:214)
	at org.openqa.selenium.remote.ErrorHandler.throwIfResponseFailed(ErrorHandler.java:166)
	at org.openqa.selenium.remote.http.JsonHttpResponseCodec.reconstructValue(JsonHttpResponseCodec.java:40)
	at org.openqa.selenium.remote.http.AbstractHttpResponseCodec.decode(AbstractHttpResponseCodec.java:80)
	at org.openqa.selenium.remote.http.AbstractHttpResponseCodec.decode(AbstractHttpResponseCodec.java:44)
	at org.openqa.selenium.remote.HttpCommandExecutor.execute(HttpCommandExecutor.java:164)
	at org.openqa.selenium.remote.service.DriverCommandExecutor.execute(DriverCommandExecutor.java:83)
	at org.openqa.selenium.remote.RemoteWebDriver.execute(RemoteWebDriver.java:600)
	at com.kms.katalon.selenium.driver.CChromeDriver.execute(CChromeDriver.java:20)
	at org.openqa.selenium.remote.RemoteWebDriver.findElement(RemoteWebDriver.java:370)
	at org.openqa.selenium.remote.RemoteWebDriver.findElementByXPath(RemoteWebDriver.java:472)
	at org.openqa.selenium.By$ByXPath.findElement(By.java:361)
	at org.openqa.selenium.remote.RemoteWebDriver.findElement(RemoteWebDriver.java:362)
	at org.openqa.selenium.WebDriver$findElement.call(Unknown Source)
	at org.codehaus.groovy.runtime.callsite.CallSiteArray.defaultCall(CallSiteArray.java:48)
	at org.codehaus.groovy.runtime.callsite.AbstractCallSite.call(AbstractCallSite.java:113)
	at org.codehaus.groovy.runtime.callsite.AbstractCallSite.call(AbstractCallSite.java:125)
	at Script1536238830714.run(Script1536238830714.groovy:40)
	at com.kms.katalon.core.main.ScriptEngine.run(ScriptEngine.java:183)
	at com.kms.katalon.core.main.ScriptEngine.runScriptAsRawText(ScriptEngine.java:108)
	at com.kms.katalon.core.main.TestCaseExecutor.runScript(TestCaseExecutor.java:294)
	at com.kms.katalon.core.main.TestCaseExecutor.doExecute(TestCaseExecutor.java:285)
	at com.kms.katalon.core.main.TestCaseExecutor.processExecutionPhase(TestCaseExecutor.java:264)
	at com.kms.katalon.core.main.TestCaseExecutor.accessMainPhase(TestCaseExecutor.java:256)
	at com.kms.katalon.core.main.TestCaseExecutor.execute(TestCaseExecutor.java:200)
	at com.kms.katalon.core.main.TestSuiteExecutor.accessTestCaseMainPhase(TestSuiteExecutor.java:129)
	at com.kms.katalon.core.main.TestSuiteExecutor.accessTestSuiteMainPhase(TestSuiteExecutor.java:112)
	at com.kms.katalon.core.main.TestSuiteExecutor.execute(TestSuiteExecutor.java:81)
	at com.kms.katalon.core.main.TestCaseMain.startTestSuite(TestCaseMain.java:142)
	at com.kms.katalon.core.main.TestCaseMain$startTestSuite$0.call(Unknown Source)
	at org.codehaus.groovy.runtime.callsite.CallSiteArray.defaultCall(CallSiteArray.java:48)
	at org.codehaus.groovy.runtime.callsite.AbstractCallSite.call(AbstractCallSite.java:113)
	at org.codehaus.groovy.runtime.callsite.AbstractCallSite.call(AbstractCallSite.java:141)
	at TempTestSuite1537003942876.run(TempTestSuite1537003942876.groovy:36)
	at groovy.lang.GroovyShell.runScriptOrMainOrTestOrRunnable(GroovyShell.java:263)
	at groovy.lang.GroovyShell.run(GroovyShell.java:518)
	at groovy.lang.GroovyShell.run(GroovyShell.java:507)
	at groovy.ui.GroovyMain.processOnce(GroovyMain.java:653)
	at groovy.ui.GroovyMain.run(GroovyMain.java:384)
	at groovy.ui.GroovyMain.process(GroovyMain.java:370)
	at groovy.ui.GroovyMain.processArgs(GroovyMain.java:129)
	at groovy.ui.GroovyMain.main(GroovyMain.java:109)
	at sun.reflect.NativeMethodAccessorImpl.invoke0(Native Method)
	at sun.reflect.NativeMethodAccessorImpl.invoke(NativeMethodAccessorImpl.java:62)
	at sun.reflect.DelegatingMethodAccessorImpl.invoke(DelegatingMethodAccessorImpl.java:43)
	at java.lang.reflect.Method.invoke(Method.java:498)
	at org.codehaus.groovy.tools.GroovyStarter.rootLoader(GroovyStarter.java:109)
	at org.codehaus.groovy.tools.GroovyStarter.main(GroovyStarter.java:131)
)

2018-09-15 11:20:14 - [TEST_STEP][PASSED] - callTestCase: Call Test Case 'Test Cases/BVT/aSimple_Login' successfully

2018-09-15 11:20:14 - [TEST_CASE][PASSED] - Test Cases/BVT/aSimple_Login: Test Cases/BVT/aSimple_Login

2018-09-15 11:20:14 - [TEST_STEP][PASSED] - openBrowser: Browser is opened with url: ''

2018-09-15 11:20:14 - [MESSAGE][WARNING] - A browser is already opened. Closing browser and opening a new one

2018-09-15 11:20:17 - [MESSAGE][PASSED] - Browser is opened with url: ''

2018-09-15 11:20:17 - [TEST_STEP][PASSED] - maximizeWindow: Current window maximized

2018-09-15 11:20:18 - [MESSAGE][PASSED] - Current window maximized

2018-09-15 11:20:18 - [TEST_STEP][PASSED] - navigateToUrl: Navigate to 'https://dev.vcalling.in/enterprises/UAT/Dashboard/index.html' successfully

2018-09-15 11:20:22 - [MESSAGE][PASSED] - Navigate to 'https://dev.vcalling.in/enterprises/UAT/Dashboard/index.html' successfully

2018-09-15 11:20:22 - [TEST_STEP][PASSED] - setText: Text 'testing4dea@gmail.com' is set on object 'Object Repository/Login/UserId'

2018-09-15 11:20:22 - [MESSAGE][PASSED] - Text 'testing4dea@gmail.com' is set on object 'Object Repository/Login/UserId'

2018-09-15 11:20:22 - [TEST_STEP][PASSED] - click: Object: 'Object Repository/Login/div_GET OTP' is clicked on

2018-09-15 11:20:22 - [MESSAGE][PASSED] - Object: 'Object Repository/Login/div_GET OTP' is clicked on

2018-09-15 11:20:22 - [TEST_STEP][PASSED] - waitForElementPresent: Object 'Object Repository/Login/div_SUBMIT' is present

2018-09-15 11:20:24 - [MESSAGE][PASSED] - Object 'Object Repository/Login/div_SUBMIT' is present

2018-09-15 11:20:24 - [TEST_STEP][PASSED] - Statement - If (com.kms.katalon.core.webui.keyword.WebUiBuiltInKeywords.verifyElementNotPresent(com.kms.katalon.core.testobject.ObjectRepository.findTestObject(Login/div_SUBMIT), 5, OPTIONAL)): Web element with id: 'Object Repository/Login/div_SUBMIT' located by 'By.xpath: //div[(text() = ' SUBMIT ' or . = ' SUBMIT ')]' is present after '5' second(s)

2018-09-15 11:20:29 - [MESSAGE][WARNING] - Web element with id: 'Object Repository/Login/div_SUBMIT' located by 'By.xpath: //div[(text() = ' SUBMIT ' or . = ' SUBMIT ')]' is present after '5' second(s)
[[ATTACHMENT|C:\\Users\\Kaushal\\Desktop\\Katalon Studio\\vCallingDashboard\\Reports\\RegressionSuite\\20180915_103222\\1537006829672.png]]

2018-09-15 11:20:29 - [TEST_STEP][PASSED] - Statement - sleep(5000): null

2018-09-15 11:20:34 - [TEST_STEP][PASSED] - Statement - OTP = getOTP(): null

2018-09-15 11:20:34 - [TEST_STEP][PASSED] - Statement - host = "imap.gmail.com": null

2018-09-15 11:20:34 - [TEST_STEP][PASSED] - Statement - msg = <not implemented yet for class: org.codehaus.groovy.ast.expr.EmptyExpression>: null

2018-09-15 11:20:34 - [TEST_STEP][PASSED] - Statement - msgSub = <not implemented yet for class: org.codehaus.groovy.ast.expr.EmptyExpression>: null

2018-09-15 11:20:34 - [TEST_STEP][PASSED] - Statement - OTP = "unavailable": null

2018-09-15 11:20:34 - [TEST_STEP][PASSED] - Statement - props = new java.util.Properties(): null

2018-09-15 11:20:34 - [TEST_STEP][PASSED] - Statement - props.setProperty("mail.imap.ssl.enable", "true"): null

2018-09-15 11:20:34 - [TEST_STEP][PASSED] - Statement - session = javax.mail.Session.getInstance(props): null

2018-09-15 11:20:34 - [TEST_STEP][PASSED] - Statement - store = <not implemented yet for class: org.codehaus.groovy.ast.expr.EmptyExpression>: null

2018-09-15 11:20:34 - [TEST_STEP][PASSED] - Statement - Try: null

2018-09-15 11:20:34 - [TEST_STEP][PASSED] - Statement - store = session.getStore("imap"): null

2018-09-15 11:20:34 - [TEST_STEP][PASSED] - Statement - store.connect(host, Email, Password): null

2018-09-15 11:20:36 - [TEST_STEP][PASSED] - Statement - emailFolder = store.getFolder("INBOX"): null

2018-09-15 11:20:36 - [TEST_STEP][PASSED] - Statement - emailFolder.open(READ_WRITE): null

2018-09-15 11:20:37 - [TEST_STEP][PASSED] - Statement - messages = emailFolder.getMessages(): null

2018-09-15 11:20:37 - [TEST_STEP][PASSED] - Statement - n = length: null

2018-09-15 11:20:37 - [TEST_STEP][PASSED] - Statement - message = messages[n - 1]: null

2018-09-15 11:20:37 - [TEST_STEP][PASSED] - Statement - msgSub = message.getSubject(): null

2018-09-15 11:20:37 - [TEST_STEP][PASSED] - Statement - If (msgSub.equals("OTP to Sign In")): null

2018-09-15 11:20:37 - [TEST_STEP][PASSED] - Statement - msg = message.getContent().toString(): null

2018-09-15 11:20:38 - [TEST_STEP][PASSED] - Statement - OTP = msg.substring(msg.length() - 7): null

2018-09-15 11:20:38 - [TEST_STEP][PASSED] - Statement - message.setFlag(DELETED, true): null

2018-09-15 11:20:38 - [TEST_STEP][PASSED] - Statement - emailFolder.close(true): null

2018-09-15 11:20:39 - [TEST_STEP][PASSED] - Statement - store.close(): null

2018-09-15 11:20:39 - [TEST_STEP][PASSED] - Statement - return OTP: null

2018-09-15 11:20:39 - [TEST_STEP][PASSED] - Statement - If (OTP.equals("unavailable")): null

2018-09-15 11:20:39 - [TEST_STEP][PASSED] - Statement - Else: Text 'd1227
' is set on object 'Object Repository/Login/OtpInput'

2018-09-15 11:20:39 - [TEST_STEP][PASSED] - setText: Text 'd1227
' is set on object 'Object Repository/Login/OtpInput'

2018-09-15 11:20:39 - [MESSAGE][PASSED] - Text 'd1227
' is set on object 'Object Repository/Login/OtpInput'

2018-09-15 11:20:39 - [TEST_STEP][PASSED] - verifyElementPresent: Object 'Object Repository/Login/afterOpenDisplay' is present

2018-09-15 11:20:40 - [MESSAGE][PASSED] - Object 'Object Repository/Login/afterOpenDisplay' is present

2018-09-15 11:20:40 - [MESSAGE][PASSED] - Call Test Case 'Test Cases/BVT/aSimple_Login' successfully

2018-09-15 11:20:40 - [TEST_STEP][PASSED] - Statement - driver = com.kms.katalon.core.webui.driver.DriverFactory.getWebDriver(): null

2018-09-15 11:20:40 - [TEST_STEP][PASSED] - click: Object: 'Object Repository/Stats/statsTab' is clicked on

2018-09-15 11:20:40 - [MESSAGE][PASSED] - Object: 'Object Repository/Stats/statsTab' is clicked on

2018-09-15 11:20:40 - [TEST_STEP][PASSED] - Statement - actualCount = driver.findElement(org.openqa.selenium.By.xpath("/html/body/div[2]/div/div/div[2]/div[2]/div[1]/div[2]/div[1]/div[6]/div[1]/div[1]")).getText(): null]]></system-out>
         <system-err><![CDATA[2018-09-15 11:20:14 - [TEST_CASE][ERROR] - Test Cases/completed/TestCase9_Stats/outboundStats: Test Cases/completed/TestCase9_Stats/outboundStats FAILED because (of) (Stack trace: org.openqa.selenium.NoSuchElementException: no such element: Unable to locate element: {"method":"xpath","selector":"/html/body/div[2]/div/div/div[2]/div[2]/div[1]/div[2]/div[1]/div[6]/div[1]/div[1]"}
  (Session info: chrome=69.0.3497.92)
  (Driver info: chromedriver=2.35.528161 (5b82f2d2aae0ca24b877009200ced9065a772e73),platform=Windows NT 10.0.17134 x86_64) (WARNING: The server did not provide any stacktrace information)
Command duration or timeout: 0 milliseconds
For documentation on this error, please visit: http://seleniumhq.org/exceptions/no_such_element.html
Build info: version: '3.7.1', revision: '8a0099a', time: '2017-11-06T21:07:36.161Z'
System info: host: 'DESKTOP-D4528LJ', ip: '10.6.8.31', os.name: 'Windows 10', os.arch: 'amd64', os.version: '10.0', java.version: '1.8.0_181'
Driver info: com.kms.katalon.selenium.driver.CChromeDriver
Capabilities {acceptInsecureCerts: false, acceptSslCerts: false, applicationCacheEnabled: false, browserConnectionEnabled: false, browserName: chrome, chrome: {chromedriverVersion: 2.35.528161 (5b82f2d2aae0ca..., userDataDir: C:\Users\Kaushal\AppData\Lo...}, cssSelectorsEnabled: true, databaseEnabled: false, handlesAlerts: true, hasTouchScreen: false, javascriptEnabled: true, locationContextEnabled: true, mobileEmulationEnabled: false, nativeEvents: true, networkConnectionEnabled: false, pageLoadStrategy: normal, platform: XP, platformName: XP, rotatable: false, setWindowRect: true, takesHeapSnapshot: true, takesScreenshot: true, unexpectedAlertBehaviour: , unhandledPromptBehavior: , version: 69.0.3497.92, webStorageEnabled: true}
Session ID: 0fb37ab974c2bacf997430f291f6e8ab
*** Element info: {Using=xpath, value=/html/body/div[2]/div/div/div[2]/div[2]/div[1]/div[2]/div[1]/div[6]/div[1]/div[1]}
	at sun.reflect.NativeConstructorAccessorImpl.newInstance0(Native Method)
	at sun.reflect.NativeConstructorAccessorImpl.newInstance(NativeConstructorAccessorImpl.java:62)
	at sun.reflect.DelegatingConstructorAccessorImpl.newInstance(DelegatingConstructorAccessorImpl.java:45)
	at java.lang.reflect.Constructor.newInstance(Constructor.java:423)
	at org.openqa.selenium.remote.ErrorHandler.createThrowable(ErrorHandler.java:214)
	at org.openqa.selenium.remote.ErrorHandler.throwIfResponseFailed(ErrorHandler.java:166)
	at org.openqa.selenium.remote.http.JsonHttpResponseCodec.reconstructValue(JsonHttpResponseCodec.java:40)
	at org.openqa.selenium.remote.http.AbstractHttpResponseCodec.decode(AbstractHttpResponseCodec.java:80)
	at org.openqa.selenium.remote.http.AbstractHttpResponseCodec.decode(AbstractHttpResponseCodec.java:44)
	at org.openqa.selenium.remote.HttpCommandExecutor.execute(HttpCommandExecutor.java:164)
	at org.openqa.selenium.remote.service.DriverCommandExecutor.execute(DriverCommandExecutor.java:83)
	at org.openqa.selenium.remote.RemoteWebDriver.execute(RemoteWebDriver.java:600)
	at com.kms.katalon.selenium.driver.CChromeDriver.execute(CChromeDriver.java:20)
	at org.openqa.selenium.remote.RemoteWebDriver.findElement(RemoteWebDriver.java:370)
	at org.openqa.selenium.remote.RemoteWebDriver.findElementByXPath(RemoteWebDriver.java:472)
	at org.openqa.selenium.By$ByXPath.findElement(By.java:361)
	at org.openqa.selenium.remote.RemoteWebDriver.findElement(RemoteWebDriver.java:362)
	at org.openqa.selenium.WebDriver$findElement.call(Unknown Source)
	at org.codehaus.groovy.runtime.callsite.CallSiteArray.defaultCall(CallSiteArray.java:48)
	at org.codehaus.groovy.runtime.callsite.AbstractCallSite.call(AbstractCallSite.java:113)
	at org.codehaus.groovy.runtime.callsite.AbstractCallSite.call(AbstractCallSite.java:125)
	at Script1536238830714.run(Script1536238830714.groovy:40)
	at com.kms.katalon.core.main.ScriptEngine.run(ScriptEngine.java:183)
	at com.kms.katalon.core.main.ScriptEngine.runScriptAsRawText(ScriptEngine.java:108)
	at com.kms.katalon.core.main.TestCaseExecutor.runScript(TestCaseExecutor.java:294)
	at com.kms.katalon.core.main.TestCaseExecutor.doExecute(TestCaseExecutor.java:285)
	at com.kms.katalon.core.main.TestCaseExecutor.processExecutionPhase(TestCaseExecutor.java:264)
	at com.kms.katalon.core.main.TestCaseExecutor.accessMainPhase(TestCaseExecutor.java:256)
	at com.kms.katalon.core.main.TestCaseExecutor.execute(TestCaseExecutor.java:200)
	at com.kms.katalon.core.main.TestSuiteExecutor.accessTestCaseMainPhase(TestSuiteExecutor.java:129)
	at com.kms.katalon.core.main.TestSuiteExecutor.accessTestSuiteMainPhase(TestSuiteExecutor.java:112)
	at com.kms.katalon.core.main.TestSuiteExecutor.execute(TestSuiteExecutor.java:81)
	at com.kms.katalon.core.main.TestCaseMain.startTestSuite(TestCaseMain.java:142)
	at com.kms.katalon.core.main.TestCaseMain$startTestSuite$0.call(Unknown Source)
	at org.codehaus.groovy.runtime.callsite.CallSiteArray.defaultCall(CallSiteArray.java:48)
	at org.codehaus.groovy.runtime.callsite.AbstractCallSite.call(AbstractCallSite.java:113)
	at org.codehaus.groovy.runtime.callsite.AbstractCallSite.call(AbstractCallSite.java:141)
	at TempTestSuite1537003942876.run(TempTestSuite1537003942876.groovy:36)
	at groovy.lang.GroovyShell.runScriptOrMainOrTestOrRunnable(GroovyShell.java:263)
	at groovy.lang.GroovyShell.run(GroovyShell.java:518)
	at groovy.lang.GroovyShell.run(GroovyShell.java:507)
	at groovy.ui.GroovyMain.processOnce(GroovyMain.java:653)
	at groovy.ui.GroovyMain.run(GroovyMain.java:384)
	at groovy.ui.GroovyMain.process(GroovyMain.java:370)
	at groovy.ui.GroovyMain.processArgs(GroovyMain.java:129)
	at groovy.ui.GroovyMain.main(GroovyMain.java:109)
	at sun.reflect.NativeMethodAccessorImpl.invoke0(Native Method)
	at sun.reflect.NativeMethodAccessorImpl.invoke(NativeMethodAccessorImpl.java:62)
	at sun.reflect.DelegatingMethodAccessorImpl.invoke(DelegatingMethodAccessorImpl.java:43)
	at java.lang.reflect.Method.invoke(Method.java:498)
	at org.codehaus.groovy.tools.GroovyStarter.rootLoader(GroovyStarter.java:109)
	at org.codehaus.groovy.tools.GroovyStarter.main(GroovyStarter.java:131)
)]]></system-err>
      </testcase>
      <testcase name="Test Cases/completed/TestCase9_Stats/publicFomfilled" classname="Test Cases/completed/TestCase9_Stats/publicFomfilled" status="ERROR">
         <error type="ERROR" message="Test Cases/completed/TestCase9_Stats/publicFomfilled FAILED because (of) (Stack trace: org.openqa.selenium.NoSuchElementException: no such element: Unable to locate element: {&quot;method&quot;:&quot;xpath&quot;,&quot;selector&quot;:&quot;/html/body/div[2]/div/div/div[2]/div[2]/div[1]/div[2]/div[1]/div[2]/div[1]/div[1]&quot;}
  (Session info: chrome=69.0.3497.92)
  (Driver info: chromedriver=2.35.528161 (5b82f2d2aae0ca24b877009200ced9065a772e73),platform=Windows NT 10.0.17134 x86_64) (WARNING: The server did not provide any stacktrace information)
Command duration or timeout: 0 milliseconds
For documentation on this error, please visit: http://seleniumhq.org/exceptions/no_such_element.html
Build info: version: '3.7.1', revision: '8a0099a', time: '2017-11-06T21:07:36.161Z'
System info: host: 'DESKTOP-D4528LJ', ip: '10.6.8.31', os.name: 'Windows 10', os.arch: 'amd64', os.version: '10.0', java.version: '1.8.0_181'
Driver info: com.kms.katalon.selenium.driver.CChromeDriver
Capabilities {acceptInsecureCerts: false, acceptSslCerts: false, applicationCacheEnabled: false, browserConnectionEnabled: false, browserName: chrome, chrome: {chromedriverVersion: 2.35.528161 (5b82f2d2aae0ca..., userDataDir: C:\Users\Kaushal\AppData\Lo...}, cssSelectorsEnabled: true, databaseEnabled: false, handlesAlerts: true, hasTouchScreen: false, javascriptEnabled: true, locationContextEnabled: true, mobileEmulationEnabled: false, nativeEvents: true, networkConnectionEnabled: false, pageLoadStrategy: normal, platform: XP, platformName: XP, rotatable: false, setWindowRect: true, takesHeapSnapshot: true, takesScreenshot: true, unexpectedAlertBehaviour: , unhandledPromptBehavior: , version: 69.0.3497.92, webStorageEnabled: true}
Session ID: 4e5de4639faf8e7b7358cc4b1c84d289
*** Element info: {Using=xpath, value=/html/body/div[2]/div/div/div[2]/div[2]/div[1]/div[2]/div[1]/div[2]/div[1]/div[1]}
	at sun.reflect.NativeConstructorAccessorImpl.newInstance0(Native Method)
	at sun.reflect.NativeConstructorAccessorImpl.newInstance(NativeConstructorAccessorImpl.java:62)
	at sun.reflect.DelegatingConstructorAccessorImpl.newInstance(DelegatingConstructorAccessorImpl.java:45)
	at java.lang.reflect.Constructor.newInstance(Constructor.java:423)
	at org.openqa.selenium.remote.ErrorHandler.createThrowable(ErrorHandler.java:214)
	at org.openqa.selenium.remote.ErrorHandler.throwIfResponseFailed(ErrorHandler.java:166)
	at org.openqa.selenium.remote.http.JsonHttpResponseCodec.reconstructValue(JsonHttpResponseCodec.java:40)
	at org.openqa.selenium.remote.http.AbstractHttpResponseCodec.decode(AbstractHttpResponseCodec.java:80)
	at org.openqa.selenium.remote.http.AbstractHttpResponseCodec.decode(AbstractHttpResponseCodec.java:44)
	at org.openqa.selenium.remote.HttpCommandExecutor.execute(HttpCommandExecutor.java:164)
	at org.openqa.selenium.remote.service.DriverCommandExecutor.execute(DriverCommandExecutor.java:83)
	at org.openqa.selenium.remote.RemoteWebDriver.execute(RemoteWebDriver.java:600)
	at com.kms.katalon.selenium.driver.CChromeDriver.execute(CChromeDriver.java:20)
	at org.openqa.selenium.remote.RemoteWebDriver.findElement(RemoteWebDriver.java:370)
	at org.openqa.selenium.remote.RemoteWebDriver.findElementByXPath(RemoteWebDriver.java:472)
	at org.openqa.selenium.By$ByXPath.findElement(By.java:361)
	at org.openqa.selenium.remote.RemoteWebDriver.findElement(RemoteWebDriver.java:362)
	at org.openqa.selenium.WebDriver$findElement.call(Unknown Source)
	at org.codehaus.groovy.runtime.callsite.CallSiteArray.defaultCall(CallSiteArray.java:48)
	at org.codehaus.groovy.runtime.callsite.AbstractCallSite.call(AbstractCallSite.java:113)
	at org.codehaus.groovy.runtime.callsite.AbstractCallSite.call(AbstractCallSite.java:125)
	at Script1536238830730.run(Script1536238830730.groovy:41)
	at com.kms.katalon.core.main.ScriptEngine.run(ScriptEngine.java:183)
	at com.kms.katalon.core.main.ScriptEngine.runScriptAsRawText(ScriptEngine.java:108)
	at com.kms.katalon.core.main.TestCaseExecutor.runScript(TestCaseExecutor.java:294)
	at com.kms.katalon.core.main.TestCaseExecutor.doExecute(TestCaseExecutor.java:285)
	at com.kms.katalon.core.main.TestCaseExecutor.processExecutionPhase(TestCaseExecutor.java:264)
	at com.kms.katalon.core.main.TestCaseExecutor.accessMainPhase(TestCaseExecutor.java:256)
	at com.kms.katalon.core.main.TestCaseExecutor.execute(TestCaseExecutor.java:200)
	at com.kms.katalon.core.main.TestSuiteExecutor.accessTestCaseMainPhase(TestSuiteExecutor.java:129)
	at com.kms.katalon.core.main.TestSuiteExecutor.accessTestSuiteMainPhase(TestSuiteExecutor.java:112)
	at com.kms.katalon.core.main.TestSuiteExecutor.execute(TestSuiteExecutor.java:81)
	at com.kms.katalon.core.main.TestCaseMain.startTestSuite(TestCaseMain.java:142)
	at com.kms.katalon.core.main.TestCaseMain$startTestSuite$0.call(Unknown Source)
	at org.codehaus.groovy.runtime.callsite.CallSiteArray.defaultCall(CallSiteArray.java:48)
	at org.codehaus.groovy.runtime.callsite.AbstractCallSite.call(AbstractCallSite.java:113)
	at org.codehaus.groovy.runtime.callsite.AbstractCallSite.call(AbstractCallSite.java:141)
	at TempTestSuite1537003942876.run(TempTestSuite1537003942876.groovy:36)
	at groovy.lang.GroovyShell.runScriptOrMainOrTestOrRunnable(GroovyShell.java:263)
	at groovy.lang.GroovyShell.run(GroovyShell.java:518)
	at groovy.lang.GroovyShell.run(GroovyShell.java:507)
	at groovy.ui.GroovyMain.processOnce(GroovyMain.java:653)
	at groovy.ui.GroovyMain.run(GroovyMain.java:384)
	at groovy.ui.GroovyMain.process(GroovyMain.java:370)
	at groovy.ui.GroovyMain.processArgs(GroovyMain.java:129)
	at groovy.ui.GroovyMain.main(GroovyMain.java:109)
	at sun.reflect.NativeMethodAccessorImpl.invoke0(Native Method)
	at sun.reflect.NativeMethodAccessorImpl.invoke(NativeMethodAccessorImpl.java:62)
	at sun.reflect.DelegatingMethodAccessorImpl.invoke(DelegatingMethodAccessorImpl.java:43)
	at java.lang.reflect.Method.invoke(Method.java:498)
	at org.codehaus.groovy.tools.GroovyStarter.rootLoader(GroovyStarter.java:109)
	at org.codehaus.groovy.tools.GroovyStarter.main(GroovyStarter.java:131)
)"/>
         <system-out><![CDATA[2018-09-15 11:20:41 - [TEST_CASE][ERROR] - Test Cases/completed/TestCase9_Stats/publicFomfilled: Test Cases/completed/TestCase9_Stats/publicFomfilled FAILED because (of) (Stack trace: org.openqa.selenium.NoSuchElementException: no such element: Unable to locate element: {"method":"xpath","selector":"/html/body/div[2]/div/div/div[2]/div[2]/div[1]/div[2]/div[1]/div[2]/div[1]/div[1]"}
  (Session info: chrome=69.0.3497.92)
  (Driver info: chromedriver=2.35.528161 (5b82f2d2aae0ca24b877009200ced9065a772e73),platform=Windows NT 10.0.17134 x86_64) (WARNING: The server did not provide any stacktrace information)
Command duration or timeout: 0 milliseconds
For documentation on this error, please visit: http://seleniumhq.org/exceptions/no_such_element.html
Build info: version: '3.7.1', revision: '8a0099a', time: '2017-11-06T21:07:36.161Z'
System info: host: 'DESKTOP-D4528LJ', ip: '10.6.8.31', os.name: 'Windows 10', os.arch: 'amd64', os.version: '10.0', java.version: '1.8.0_181'
Driver info: com.kms.katalon.selenium.driver.CChromeDriver
Capabilities {acceptInsecureCerts: false, acceptSslCerts: false, applicationCacheEnabled: false, browserConnectionEnabled: false, browserName: chrome, chrome: {chromedriverVersion: 2.35.528161 (5b82f2d2aae0ca..., userDataDir: C:\Users\Kaushal\AppData\Lo...}, cssSelectorsEnabled: true, databaseEnabled: false, handlesAlerts: true, hasTouchScreen: false, javascriptEnabled: true, locationContextEnabled: true, mobileEmulationEnabled: false, nativeEvents: true, networkConnectionEnabled: false, pageLoadStrategy: normal, platform: XP, platformName: XP, rotatable: false, setWindowRect: true, takesHeapSnapshot: true, takesScreenshot: true, unexpectedAlertBehaviour: , unhandledPromptBehavior: , version: 69.0.3497.92, webStorageEnabled: true}
Session ID: 4e5de4639faf8e7b7358cc4b1c84d289
*** Element info: {Using=xpath, value=/html/body/div[2]/div/div/div[2]/div[2]/div[1]/div[2]/div[1]/div[2]/div[1]/div[1]}
	at sun.reflect.NativeConstructorAccessorImpl.newInstance0(Native Method)
	at sun.reflect.NativeConstructorAccessorImpl.newInstance(NativeConstructorAccessorImpl.java:62)
	at sun.reflect.DelegatingConstructorAccessorImpl.newInstance(DelegatingConstructorAccessorImpl.java:45)
	at java.lang.reflect.Constructor.newInstance(Constructor.java:423)
	at org.openqa.selenium.remote.ErrorHandler.createThrowable(ErrorHandler.java:214)
	at org.openqa.selenium.remote.ErrorHandler.throwIfResponseFailed(ErrorHandler.java:166)
	at org.openqa.selenium.remote.http.JsonHttpResponseCodec.reconstructValue(JsonHttpResponseCodec.java:40)
	at org.openqa.selenium.remote.http.AbstractHttpResponseCodec.decode(AbstractHttpResponseCodec.java:80)
	at org.openqa.selenium.remote.http.AbstractHttpResponseCodec.decode(AbstractHttpResponseCodec.java:44)
	at org.openqa.selenium.remote.HttpCommandExecutor.execute(HttpCommandExecutor.java:164)
	at org.openqa.selenium.remote.service.DriverCommandExecutor.execute(DriverCommandExecutor.java:83)
	at org.openqa.selenium.remote.RemoteWebDriver.execute(RemoteWebDriver.java:600)
	at com.kms.katalon.selenium.driver.CChromeDriver.execute(CChromeDriver.java:20)
	at org.openqa.selenium.remote.RemoteWebDriver.findElement(RemoteWebDriver.java:370)
	at org.openqa.selenium.remote.RemoteWebDriver.findElementByXPath(RemoteWebDriver.java:472)
	at org.openqa.selenium.By$ByXPath.findElement(By.java:361)
	at org.openqa.selenium.remote.RemoteWebDriver.findElement(RemoteWebDriver.java:362)
	at org.openqa.selenium.WebDriver$findElement.call(Unknown Source)
	at org.codehaus.groovy.runtime.callsite.CallSiteArray.defaultCall(CallSiteArray.java:48)
	at org.codehaus.groovy.runtime.callsite.AbstractCallSite.call(AbstractCallSite.java:113)
	at org.codehaus.groovy.runtime.callsite.AbstractCallSite.call(AbstractCallSite.java:125)
	at Script1536238830730.run(Script1536238830730.groovy:41)
	at com.kms.katalon.core.main.ScriptEngine.run(ScriptEngine.java:183)
	at com.kms.katalon.core.main.ScriptEngine.runScriptAsRawText(ScriptEngine.java:108)
	at com.kms.katalon.core.main.TestCaseExecutor.runScript(TestCaseExecutor.java:294)
	at com.kms.katalon.core.main.TestCaseExecutor.doExecute(TestCaseExecutor.java:285)
	at com.kms.katalon.core.main.TestCaseExecutor.processExecutionPhase(TestCaseExecutor.java:264)
	at com.kms.katalon.core.main.TestCaseExecutor.accessMainPhase(TestCaseExecutor.java:256)
	at com.kms.katalon.core.main.TestCaseExecutor.execute(TestCaseExecutor.java:200)
	at com.kms.katalon.core.main.TestSuiteExecutor.accessTestCaseMainPhase(TestSuiteExecutor.java:129)
	at com.kms.katalon.core.main.TestSuiteExecutor.accessTestSuiteMainPhase(TestSuiteExecutor.java:112)
	at com.kms.katalon.core.main.TestSuiteExecutor.execute(TestSuiteExecutor.java:81)
	at com.kms.katalon.core.main.TestCaseMain.startTestSuite(TestCaseMain.java:142)
	at com.kms.katalon.core.main.TestCaseMain$startTestSuite$0.call(Unknown Source)
	at org.codehaus.groovy.runtime.callsite.CallSiteArray.defaultCall(CallSiteArray.java:48)
	at org.codehaus.groovy.runtime.callsite.AbstractCallSite.call(AbstractCallSite.java:113)
	at org.codehaus.groovy.runtime.callsite.AbstractCallSite.call(AbstractCallSite.java:141)
	at TempTestSuite1537003942876.run(TempTestSuite1537003942876.groovy:36)
	at groovy.lang.GroovyShell.runScriptOrMainOrTestOrRunnable(GroovyShell.java:263)
	at groovy.lang.GroovyShell.run(GroovyShell.java:518)
	at groovy.lang.GroovyShell.run(GroovyShell.java:507)
	at groovy.ui.GroovyMain.processOnce(GroovyMain.java:653)
	at groovy.ui.GroovyMain.run(GroovyMain.java:384)
	at groovy.ui.GroovyMain.process(GroovyMain.java:370)
	at groovy.ui.GroovyMain.processArgs(GroovyMain.java:129)
	at groovy.ui.GroovyMain.main(GroovyMain.java:109)
	at sun.reflect.NativeMethodAccessorImpl.invoke0(Native Method)
	at sun.reflect.NativeMethodAccessorImpl.invoke(NativeMethodAccessorImpl.java:62)
	at sun.reflect.DelegatingMethodAccessorImpl.invoke(DelegatingMethodAccessorImpl.java:43)
	at java.lang.reflect.Method.invoke(Method.java:498)
	at org.codehaus.groovy.tools.GroovyStarter.rootLoader(GroovyStarter.java:109)
	at org.codehaus.groovy.tools.GroovyStarter.main(GroovyStarter.java:131)
)

2018-09-15 11:20:41 - [TEST_STEP][PASSED] - callTestCase: Call Test Case 'Test Cases/BVT/aSimple_Login' successfully

2018-09-15 11:20:41 - [TEST_CASE][PASSED] - Test Cases/BVT/aSimple_Login: Test Cases/BVT/aSimple_Login

2018-09-15 11:20:41 - [TEST_STEP][PASSED] - openBrowser: Browser is opened with url: ''

2018-09-15 11:20:41 - [MESSAGE][WARNING] - A browser is already opened. Closing browser and opening a new one

2018-09-15 11:20:44 - [MESSAGE][PASSED] - Browser is opened with url: ''

2018-09-15 11:20:44 - [TEST_STEP][PASSED] - maximizeWindow: Current window maximized

2018-09-15 11:20:45 - [MESSAGE][PASSED] - Current window maximized

2018-09-15 11:20:45 - [TEST_STEP][PASSED] - navigateToUrl: Navigate to 'https://dev.vcalling.in/enterprises/UAT/Dashboard/index.html' successfully

2018-09-15 11:20:49 - [MESSAGE][PASSED] - Navigate to 'https://dev.vcalling.in/enterprises/UAT/Dashboard/index.html' successfully

2018-09-15 11:20:49 - [TEST_STEP][PASSED] - setText: Text 'testing4dea@gmail.com' is set on object 'Object Repository/Login/UserId'

2018-09-15 11:20:50 - [MESSAGE][PASSED] - Text 'testing4dea@gmail.com' is set on object 'Object Repository/Login/UserId'

2018-09-15 11:20:50 - [TEST_STEP][PASSED] - click: Object: 'Object Repository/Login/div_GET OTP' is clicked on

2018-09-15 11:20:50 - [MESSAGE][PASSED] - Object: 'Object Repository/Login/div_GET OTP' is clicked on

2018-09-15 11:20:50 - [TEST_STEP][PASSED] - waitForElementPresent: Object 'Object Repository/Login/div_SUBMIT' is present

2018-09-15 11:20:52 - [MESSAGE][PASSED] - Object 'Object Repository/Login/div_SUBMIT' is present

2018-09-15 11:20:52 - [TEST_STEP][PASSED] - Statement - If (com.kms.katalon.core.webui.keyword.WebUiBuiltInKeywords.verifyElementNotPresent(com.kms.katalon.core.testobject.ObjectRepository.findTestObject(Login/div_SUBMIT), 5, OPTIONAL)): Web element with id: 'Object Repository/Login/div_SUBMIT' located by 'By.xpath: //div[(text() = ' SUBMIT ' or . = ' SUBMIT ')]' is present after '5' second(s)

2018-09-15 11:20:57 - [MESSAGE][WARNING] - Web element with id: 'Object Repository/Login/div_SUBMIT' located by 'By.xpath: //div[(text() = ' SUBMIT ' or . = ' SUBMIT ')]' is present after '5' second(s)
[[ATTACHMENT|C:\\Users\\Kaushal\\Desktop\\Katalon Studio\\vCallingDashboard\\Reports\\RegressionSuite\\20180915_103222\\1537006857590.png]]

2018-09-15 11:20:57 - [TEST_STEP][PASSED] - Statement - sleep(5000): null

2018-09-15 11:21:02 - [TEST_STEP][PASSED] - Statement - OTP = getOTP(): null

2018-09-15 11:21:02 - [TEST_STEP][PASSED] - Statement - host = "imap.gmail.com": null

2018-09-15 11:21:02 - [TEST_STEP][PASSED] - Statement - msg = <not implemented yet for class: org.codehaus.groovy.ast.expr.EmptyExpression>: null

2018-09-15 11:21:02 - [TEST_STEP][PASSED] - Statement - msgSub = <not implemented yet for class: org.codehaus.groovy.ast.expr.EmptyExpression>: null

2018-09-15 11:21:02 - [TEST_STEP][PASSED] - Statement - OTP = "unavailable": null

2018-09-15 11:21:02 - [TEST_STEP][PASSED] - Statement - props = new java.util.Properties(): null

2018-09-15 11:21:02 - [TEST_STEP][PASSED] - Statement - props.setProperty("mail.imap.ssl.enable", "true"): null

2018-09-15 11:21:02 - [TEST_STEP][PASSED] - Statement - session = javax.mail.Session.getInstance(props): null

2018-09-15 11:21:02 - [TEST_STEP][PASSED] - Statement - store = <not implemented yet for class: org.codehaus.groovy.ast.expr.EmptyExpression>: null

2018-09-15 11:21:02 - [TEST_STEP][PASSED] - Statement - Try: null

2018-09-15 11:21:02 - [TEST_STEP][PASSED] - Statement - store = session.getStore("imap"): null

2018-09-15 11:21:02 - [TEST_STEP][PASSED] - Statement - store.connect(host, Email, Password): null

2018-09-15 11:21:04 - [TEST_STEP][PASSED] - Statement - emailFolder = store.getFolder("INBOX"): null

2018-09-15 11:21:04 - [TEST_STEP][PASSED] - Statement - emailFolder.open(READ_WRITE): null

2018-09-15 11:21:05 - [TEST_STEP][PASSED] - Statement - messages = emailFolder.getMessages(): null

2018-09-15 11:21:05 - [TEST_STEP][PASSED] - Statement - n = length: null

2018-09-15 11:21:05 - [TEST_STEP][PASSED] - Statement - message = messages[n - 1]: null

2018-09-15 11:21:05 - [TEST_STEP][PASSED] - Statement - msgSub = message.getSubject(): null

2018-09-15 11:21:05 - [TEST_STEP][PASSED] - Statement - If (msgSub.equals("OTP to Sign In")): null

2018-09-15 11:21:05 - [TEST_STEP][PASSED] - Statement - msg = message.getContent().toString(): null

2018-09-15 11:21:06 - [TEST_STEP][PASSED] - Statement - OTP = msg.substring(msg.length() - 7): null

2018-09-15 11:21:06 - [TEST_STEP][PASSED] - Statement - message.setFlag(DELETED, true): null

2018-09-15 11:21:06 - [TEST_STEP][PASSED] - Statement - emailFolder.close(true): null

2018-09-15 11:21:06 - [TEST_STEP][PASSED] - Statement - store.close(): null

2018-09-15 11:21:07 - [TEST_STEP][PASSED] - Statement - return OTP: null

2018-09-15 11:21:07 - [TEST_STEP][PASSED] - Statement - If (OTP.equals("unavailable")): null

2018-09-15 11:21:07 - [TEST_STEP][PASSED] - Statement - Else: Text 'x4513
' is set on object 'Object Repository/Login/OtpInput'

2018-09-15 11:21:07 - [TEST_STEP][PASSED] - setText: Text 'x4513
' is set on object 'Object Repository/Login/OtpInput'

2018-09-15 11:21:07 - [MESSAGE][PASSED] - Text 'x4513
' is set on object 'Object Repository/Login/OtpInput'

2018-09-15 11:21:07 - [TEST_STEP][PASSED] - verifyElementPresent: Object 'Object Repository/Login/afterOpenDisplay' is present

2018-09-15 11:21:08 - [MESSAGE][PASSED] - Object 'Object Repository/Login/afterOpenDisplay' is present

2018-09-15 11:21:08 - [MESSAGE][PASSED] - Call Test Case 'Test Cases/BVT/aSimple_Login' successfully

2018-09-15 11:21:08 - [TEST_STEP][PASSED] - Statement - driver = com.kms.katalon.core.webui.driver.DriverFactory.getWebDriver(): null

2018-09-15 11:21:08 - [TEST_STEP][PASSED] - click: Object: 'Object Repository/Stats/statsTab' is clicked on

2018-09-15 11:21:08 - [MESSAGE][PASSED] - Object: 'Object Repository/Stats/statsTab' is clicked on

2018-09-15 11:21:08 - [TEST_STEP][PASSED] - Statement - actualCount = driver.findElement(org.openqa.selenium.By.xpath("/html/body/div[2]/div/div/div[2]/div[2]/div[1]/div[2]/div[1]/div[2]/div[1]/div[1]")).getText(): null]]></system-out>
         <system-err><![CDATA[2018-09-15 11:20:41 - [TEST_CASE][ERROR] - Test Cases/completed/TestCase9_Stats/publicFomfilled: Test Cases/completed/TestCase9_Stats/publicFomfilled FAILED because (of) (Stack trace: org.openqa.selenium.NoSuchElementException: no such element: Unable to locate element: {"method":"xpath","selector":"/html/body/div[2]/div/div/div[2]/div[2]/div[1]/div[2]/div[1]/div[2]/div[1]/div[1]"}
  (Session info: chrome=69.0.3497.92)
  (Driver info: chromedriver=2.35.528161 (5b82f2d2aae0ca24b877009200ced9065a772e73),platform=Windows NT 10.0.17134 x86_64) (WARNING: The server did not provide any stacktrace information)
Command duration or timeout: 0 milliseconds
For documentation on this error, please visit: http://seleniumhq.org/exceptions/no_such_element.html
Build info: version: '3.7.1', revision: '8a0099a', time: '2017-11-06T21:07:36.161Z'
System info: host: 'DESKTOP-D4528LJ', ip: '10.6.8.31', os.name: 'Windows 10', os.arch: 'amd64', os.version: '10.0', java.version: '1.8.0_181'
Driver info: com.kms.katalon.selenium.driver.CChromeDriver
Capabilities {acceptInsecureCerts: false, acceptSslCerts: false, applicationCacheEnabled: false, browserConnectionEnabled: false, browserName: chrome, chrome: {chromedriverVersion: 2.35.528161 (5b82f2d2aae0ca..., userDataDir: C:\Users\Kaushal\AppData\Lo...}, cssSelectorsEnabled: true, databaseEnabled: false, handlesAlerts: true, hasTouchScreen: false, javascriptEnabled: true, locationContextEnabled: true, mobileEmulationEnabled: false, nativeEvents: true, networkConnectionEnabled: false, pageLoadStrategy: normal, platform: XP, platformName: XP, rotatable: false, setWindowRect: true, takesHeapSnapshot: true, takesScreenshot: true, unexpectedAlertBehaviour: , unhandledPromptBehavior: , version: 69.0.3497.92, webStorageEnabled: true}
Session ID: 4e5de4639faf8e7b7358cc4b1c84d289
*** Element info: {Using=xpath, value=/html/body/div[2]/div/div/div[2]/div[2]/div[1]/div[2]/div[1]/div[2]/div[1]/div[1]}
	at sun.reflect.NativeConstructorAccessorImpl.newInstance0(Native Method)
	at sun.reflect.NativeConstructorAccessorImpl.newInstance(NativeConstructorAccessorImpl.java:62)
	at sun.reflect.DelegatingConstructorAccessorImpl.newInstance(DelegatingConstructorAccessorImpl.java:45)
	at java.lang.reflect.Constructor.newInstance(Constructor.java:423)
	at org.openqa.selenium.remote.ErrorHandler.createThrowable(ErrorHandler.java:214)
	at org.openqa.selenium.remote.ErrorHandler.throwIfResponseFailed(ErrorHandler.java:166)
	at org.openqa.selenium.remote.http.JsonHttpResponseCodec.reconstructValue(JsonHttpResponseCodec.java:40)
	at org.openqa.selenium.remote.http.AbstractHttpResponseCodec.decode(AbstractHttpResponseCodec.java:80)
	at org.openqa.selenium.remote.http.AbstractHttpResponseCodec.decode(AbstractHttpResponseCodec.java:44)
	at org.openqa.selenium.remote.HttpCommandExecutor.execute(HttpCommandExecutor.java:164)
	at org.openqa.selenium.remote.service.DriverCommandExecutor.execute(DriverCommandExecutor.java:83)
	at org.openqa.selenium.remote.RemoteWebDriver.execute(RemoteWebDriver.java:600)
	at com.kms.katalon.selenium.driver.CChromeDriver.execute(CChromeDriver.java:20)
	at org.openqa.selenium.remote.RemoteWebDriver.findElement(RemoteWebDriver.java:370)
	at org.openqa.selenium.remote.RemoteWebDriver.findElementByXPath(RemoteWebDriver.java:472)
	at org.openqa.selenium.By$ByXPath.findElement(By.java:361)
	at org.openqa.selenium.remote.RemoteWebDriver.findElement(RemoteWebDriver.java:362)
	at org.openqa.selenium.WebDriver$findElement.call(Unknown Source)
	at org.codehaus.groovy.runtime.callsite.CallSiteArray.defaultCall(CallSiteArray.java:48)
	at org.codehaus.groovy.runtime.callsite.AbstractCallSite.call(AbstractCallSite.java:113)
	at org.codehaus.groovy.runtime.callsite.AbstractCallSite.call(AbstractCallSite.java:125)
	at Script1536238830730.run(Script1536238830730.groovy:41)
	at com.kms.katalon.core.main.ScriptEngine.run(ScriptEngine.java:183)
	at com.kms.katalon.core.main.ScriptEngine.runScriptAsRawText(ScriptEngine.java:108)
	at com.kms.katalon.core.main.TestCaseExecutor.runScript(TestCaseExecutor.java:294)
	at com.kms.katalon.core.main.TestCaseExecutor.doExecute(TestCaseExecutor.java:285)
	at com.kms.katalon.core.main.TestCaseExecutor.processExecutionPhase(TestCaseExecutor.java:264)
	at com.kms.katalon.core.main.TestCaseExecutor.accessMainPhase(TestCaseExecutor.java:256)
	at com.kms.katalon.core.main.TestCaseExecutor.execute(TestCaseExecutor.java:200)
	at com.kms.katalon.core.main.TestSuiteExecutor.accessTestCaseMainPhase(TestSuiteExecutor.java:129)
	at com.kms.katalon.core.main.TestSuiteExecutor.accessTestSuiteMainPhase(TestSuiteExecutor.java:112)
	at com.kms.katalon.core.main.TestSuiteExecutor.execute(TestSuiteExecutor.java:81)
	at com.kms.katalon.core.main.TestCaseMain.startTestSuite(TestCaseMain.java:142)
	at com.kms.katalon.core.main.TestCaseMain$startTestSuite$0.call(Unknown Source)
	at org.codehaus.groovy.runtime.callsite.CallSiteArray.defaultCall(CallSiteArray.java:48)
	at org.codehaus.groovy.runtime.callsite.AbstractCallSite.call(AbstractCallSite.java:113)
	at org.codehaus.groovy.runtime.callsite.AbstractCallSite.call(AbstractCallSite.java:141)
	at TempTestSuite1537003942876.run(TempTestSuite1537003942876.groovy:36)
	at groovy.lang.GroovyShell.runScriptOrMainOrTestOrRunnable(GroovyShell.java:263)
	at groovy.lang.GroovyShell.run(GroovyShell.java:518)
	at groovy.lang.GroovyShell.run(GroovyShell.java:507)
	at groovy.ui.GroovyMain.processOnce(GroovyMain.java:653)
	at groovy.ui.GroovyMain.run(GroovyMain.java:384)
	at groovy.ui.GroovyMain.process(GroovyMain.java:370)
	at groovy.ui.GroovyMain.processArgs(GroovyMain.java:129)
	at groovy.ui.GroovyMain.main(GroovyMain.java:109)
	at sun.reflect.NativeMethodAccessorImpl.invoke0(Native Method)
	at sun.reflect.NativeMethodAccessorImpl.invoke(NativeMethodAccessorImpl.java:62)
	at sun.reflect.DelegatingMethodAccessorImpl.invoke(DelegatingMethodAccessorImpl.java:43)
	at java.lang.reflect.Method.invoke(Method.java:498)
	at org.codehaus.groovy.tools.GroovyStarter.rootLoader(GroovyStarter.java:109)
	at org.codehaus.groovy.tools.GroovyStarter.main(GroovyStarter.java:131)
)]]></system-err>
      </testcase>
      <testcase name="Test Cases/completed/TestCase9_Stats/publicLinkOpened" classname="Test Cases/completed/TestCase9_Stats/publicLinkOpened" status="ERROR">
         <error type="ERROR" message="Test Cases/completed/TestCase9_Stats/publicLinkOpened FAILED because (of) (Stack trace: org.openqa.selenium.NoSuchElementException: no such element: Unable to locate element: {&quot;method&quot;:&quot;xpath&quot;,&quot;selector&quot;:&quot;/html/body/div[2]/div/div/div[2]/div[2]/div[1]/div[2]/div[1]/div[4]/div[1]/div[1]&quot;}
  (Session info: chrome=69.0.3497.92)
  (Driver info: chromedriver=2.35.528161 (5b82f2d2aae0ca24b877009200ced9065a772e73),platform=Windows NT 10.0.17134 x86_64) (WARNING: The server did not provide any stacktrace information)
Command duration or timeout: 0 milliseconds
For documentation on this error, please visit: http://seleniumhq.org/exceptions/no_such_element.html
Build info: version: '3.7.1', revision: '8a0099a', time: '2017-11-06T21:07:36.161Z'
System info: host: 'DESKTOP-D4528LJ', ip: '10.6.8.31', os.name: 'Windows 10', os.arch: 'amd64', os.version: '10.0', java.version: '1.8.0_181'
Driver info: com.kms.katalon.selenium.driver.CChromeDriver
Capabilities {acceptInsecureCerts: false, acceptSslCerts: false, applicationCacheEnabled: false, browserConnectionEnabled: false, browserName: chrome, chrome: {chromedriverVersion: 2.35.528161 (5b82f2d2aae0ca..., userDataDir: C:\Users\Kaushal\AppData\Lo...}, cssSelectorsEnabled: true, databaseEnabled: false, handlesAlerts: true, hasTouchScreen: false, javascriptEnabled: true, locationContextEnabled: true, mobileEmulationEnabled: false, nativeEvents: true, networkConnectionEnabled: false, pageLoadStrategy: normal, platform: XP, platformName: XP, rotatable: false, setWindowRect: true, takesHeapSnapshot: true, takesScreenshot: true, unexpectedAlertBehaviour: , unhandledPromptBehavior: , version: 69.0.3497.92, webStorageEnabled: true}
Session ID: d128a80dbf737f5098b4d5e00696fcb0
*** Element info: {Using=xpath, value=/html/body/div[2]/div/div/div[2]/div[2]/div[1]/div[2]/div[1]/div[4]/div[1]/div[1]}
	at sun.reflect.NativeConstructorAccessorImpl.newInstance0(Native Method)
	at sun.reflect.NativeConstructorAccessorImpl.newInstance(NativeConstructorAccessorImpl.java:62)
	at sun.reflect.DelegatingConstructorAccessorImpl.newInstance(DelegatingConstructorAccessorImpl.java:45)
	at java.lang.reflect.Constructor.newInstance(Constructor.java:423)
	at org.openqa.selenium.remote.ErrorHandler.createThrowable(ErrorHandler.java:214)
	at org.openqa.selenium.remote.ErrorHandler.throwIfResponseFailed(ErrorHandler.java:166)
	at org.openqa.selenium.remote.http.JsonHttpResponseCodec.reconstructValue(JsonHttpResponseCodec.java:40)
	at org.openqa.selenium.remote.http.AbstractHttpResponseCodec.decode(AbstractHttpResponseCodec.java:80)
	at org.openqa.selenium.remote.http.AbstractHttpResponseCodec.decode(AbstractHttpResponseCodec.java:44)
	at org.openqa.selenium.remote.HttpCommandExecutor.execute(HttpCommandExecutor.java:164)
	at org.openqa.selenium.remote.service.DriverCommandExecutor.execute(DriverCommandExecutor.java:83)
	at org.openqa.selenium.remote.RemoteWebDriver.execute(RemoteWebDriver.java:600)
	at com.kms.katalon.selenium.driver.CChromeDriver.execute(CChromeDriver.java:20)
	at org.openqa.selenium.remote.RemoteWebDriver.findElement(RemoteWebDriver.java:370)
	at org.openqa.selenium.remote.RemoteWebDriver.findElementByXPath(RemoteWebDriver.java:472)
	at org.openqa.selenium.By$ByXPath.findElement(By.java:361)
	at org.openqa.selenium.remote.RemoteWebDriver.findElement(RemoteWebDriver.java:362)
	at org.openqa.selenium.WebDriver$findElement.call(Unknown Source)
	at org.codehaus.groovy.runtime.callsite.CallSiteArray.defaultCall(CallSiteArray.java:48)
	at org.codehaus.groovy.runtime.callsite.AbstractCallSite.call(AbstractCallSite.java:113)
	at org.codehaus.groovy.runtime.callsite.AbstractCallSite.call(AbstractCallSite.java:125)
	at Script1536238830761.run(Script1536238830761.groovy:41)
	at com.kms.katalon.core.main.ScriptEngine.run(ScriptEngine.java:183)
	at com.kms.katalon.core.main.ScriptEngine.runScriptAsRawText(ScriptEngine.java:108)
	at com.kms.katalon.core.main.TestCaseExecutor.runScript(TestCaseExecutor.java:294)
	at com.kms.katalon.core.main.TestCaseExecutor.doExecute(TestCaseExecutor.java:285)
	at com.kms.katalon.core.main.TestCaseExecutor.processExecutionPhase(TestCaseExecutor.java:264)
	at com.kms.katalon.core.main.TestCaseExecutor.accessMainPhase(TestCaseExecutor.java:256)
	at com.kms.katalon.core.main.TestCaseExecutor.execute(TestCaseExecutor.java:200)
	at com.kms.katalon.core.main.TestSuiteExecutor.accessTestCaseMainPhase(TestSuiteExecutor.java:129)
	at com.kms.katalon.core.main.TestSuiteExecutor.accessTestSuiteMainPhase(TestSuiteExecutor.java:112)
	at com.kms.katalon.core.main.TestSuiteExecutor.execute(TestSuiteExecutor.java:81)
	at com.kms.katalon.core.main.TestCaseMain.startTestSuite(TestCaseMain.java:142)
	at com.kms.katalon.core.main.TestCaseMain$startTestSuite$0.call(Unknown Source)
	at org.codehaus.groovy.runtime.callsite.CallSiteArray.defaultCall(CallSiteArray.java:48)
	at org.codehaus.groovy.runtime.callsite.AbstractCallSite.call(AbstractCallSite.java:113)
	at org.codehaus.groovy.runtime.callsite.AbstractCallSite.call(AbstractCallSite.java:141)
	at TempTestSuite1537003942876.run(TempTestSuite1537003942876.groovy:36)
	at groovy.lang.GroovyShell.runScriptOrMainOrTestOrRunnable(GroovyShell.java:263)
	at groovy.lang.GroovyShell.run(GroovyShell.java:518)
	at groovy.lang.GroovyShell.run(GroovyShell.java:507)
	at groovy.ui.GroovyMain.processOnce(GroovyMain.java:653)
	at groovy.ui.GroovyMain.run(GroovyMain.java:384)
	at groovy.ui.GroovyMain.process(GroovyMain.java:370)
	at groovy.ui.GroovyMain.processArgs(GroovyMain.java:129)
	at groovy.ui.GroovyMain.main(GroovyMain.java:109)
	at sun.reflect.NativeMethodAccessorImpl.invoke0(Native Method)
	at sun.reflect.NativeMethodAccessorImpl.invoke(NativeMethodAccessorImpl.java:62)
	at sun.reflect.DelegatingMethodAccessorImpl.invoke(DelegatingMethodAccessorImpl.java:43)
	at java.lang.reflect.Method.invoke(Method.java:498)
	at org.codehaus.groovy.tools.GroovyStarter.rootLoader(GroovyStarter.java:109)
	at org.codehaus.groovy.tools.GroovyStarter.main(GroovyStarter.java:131)
)"/>
         <system-out><![CDATA[2018-09-15 11:21:08 - [TEST_CASE][ERROR] - Test Cases/completed/TestCase9_Stats/publicLinkOpened: Test Cases/completed/TestCase9_Stats/publicLinkOpened FAILED because (of) (Stack trace: org.openqa.selenium.NoSuchElementException: no such element: Unable to locate element: {"method":"xpath","selector":"/html/body/div[2]/div/div/div[2]/div[2]/div[1]/div[2]/div[1]/div[4]/div[1]/div[1]"}
  (Session info: chrome=69.0.3497.92)
  (Driver info: chromedriver=2.35.528161 (5b82f2d2aae0ca24b877009200ced9065a772e73),platform=Windows NT 10.0.17134 x86_64) (WARNING: The server did not provide any stacktrace information)
Command duration or timeout: 0 milliseconds
For documentation on this error, please visit: http://seleniumhq.org/exceptions/no_such_element.html
Build info: version: '3.7.1', revision: '8a0099a', time: '2017-11-06T21:07:36.161Z'
System info: host: 'DESKTOP-D4528LJ', ip: '10.6.8.31', os.name: 'Windows 10', os.arch: 'amd64', os.version: '10.0', java.version: '1.8.0_181'
Driver info: com.kms.katalon.selenium.driver.CChromeDriver
Capabilities {acceptInsecureCerts: false, acceptSslCerts: false, applicationCacheEnabled: false, browserConnectionEnabled: false, browserName: chrome, chrome: {chromedriverVersion: 2.35.528161 (5b82f2d2aae0ca..., userDataDir: C:\Users\Kaushal\AppData\Lo...}, cssSelectorsEnabled: true, databaseEnabled: false, handlesAlerts: true, hasTouchScreen: false, javascriptEnabled: true, locationContextEnabled: true, mobileEmulationEnabled: false, nativeEvents: true, networkConnectionEnabled: false, pageLoadStrategy: normal, platform: XP, platformName: XP, rotatable: false, setWindowRect: true, takesHeapSnapshot: true, takesScreenshot: true, unexpectedAlertBehaviour: , unhandledPromptBehavior: , version: 69.0.3497.92, webStorageEnabled: true}
Session ID: d128a80dbf737f5098b4d5e00696fcb0
*** Element info: {Using=xpath, value=/html/body/div[2]/div/div/div[2]/div[2]/div[1]/div[2]/div[1]/div[4]/div[1]/div[1]}
	at sun.reflect.NativeConstructorAccessorImpl.newInstance0(Native Method)
	at sun.reflect.NativeConstructorAccessorImpl.newInstance(NativeConstructorAccessorImpl.java:62)
	at sun.reflect.DelegatingConstructorAccessorImpl.newInstance(DelegatingConstructorAccessorImpl.java:45)
	at java.lang.reflect.Constructor.newInstance(Constructor.java:423)
	at org.openqa.selenium.remote.ErrorHandler.createThrowable(ErrorHandler.java:214)
	at org.openqa.selenium.remote.ErrorHandler.throwIfResponseFailed(ErrorHandler.java:166)
	at org.openqa.selenium.remote.http.JsonHttpResponseCodec.reconstructValue(JsonHttpResponseCodec.java:40)
	at org.openqa.selenium.remote.http.AbstractHttpResponseCodec.decode(AbstractHttpResponseCodec.java:80)
	at org.openqa.selenium.remote.http.AbstractHttpResponseCodec.decode(AbstractHttpResponseCodec.java:44)
	at org.openqa.selenium.remote.HttpCommandExecutor.execute(HttpCommandExecutor.java:164)
	at org.openqa.selenium.remote.service.DriverCommandExecutor.execute(DriverCommandExecutor.java:83)
	at org.openqa.selenium.remote.RemoteWebDriver.execute(RemoteWebDriver.java:600)
	at com.kms.katalon.selenium.driver.CChromeDriver.execute(CChromeDriver.java:20)
	at org.openqa.selenium.remote.RemoteWebDriver.findElement(RemoteWebDriver.java:370)
	at org.openqa.selenium.remote.RemoteWebDriver.findElementByXPath(RemoteWebDriver.java:472)
	at org.openqa.selenium.By$ByXPath.findElement(By.java:361)
	at org.openqa.selenium.remote.RemoteWebDriver.findElement(RemoteWebDriver.java:362)
	at org.openqa.selenium.WebDriver$findElement.call(Unknown Source)
	at org.codehaus.groovy.runtime.callsite.CallSiteArray.defaultCall(CallSiteArray.java:48)
	at org.codehaus.groovy.runtime.callsite.AbstractCallSite.call(AbstractCallSite.java:113)
	at org.codehaus.groovy.runtime.callsite.AbstractCallSite.call(AbstractCallSite.java:125)
	at Script1536238830761.run(Script1536238830761.groovy:41)
	at com.kms.katalon.core.main.ScriptEngine.run(ScriptEngine.java:183)
	at com.kms.katalon.core.main.ScriptEngine.runScriptAsRawText(ScriptEngine.java:108)
	at com.kms.katalon.core.main.TestCaseExecutor.runScript(TestCaseExecutor.java:294)
	at com.kms.katalon.core.main.TestCaseExecutor.doExecute(TestCaseExecutor.java:285)
	at com.kms.katalon.core.main.TestCaseExecutor.processExecutionPhase(TestCaseExecutor.java:264)
	at com.kms.katalon.core.main.TestCaseExecutor.accessMainPhase(TestCaseExecutor.java:256)
	at com.kms.katalon.core.main.TestCaseExecutor.execute(TestCaseExecutor.java:200)
	at com.kms.katalon.core.main.TestSuiteExecutor.accessTestCaseMainPhase(TestSuiteExecutor.java:129)
	at com.kms.katalon.core.main.TestSuiteExecutor.accessTestSuiteMainPhase(TestSuiteExecutor.java:112)
	at com.kms.katalon.core.main.TestSuiteExecutor.execute(TestSuiteExecutor.java:81)
	at com.kms.katalon.core.main.TestCaseMain.startTestSuite(TestCaseMain.java:142)
	at com.kms.katalon.core.main.TestCaseMain$startTestSuite$0.call(Unknown Source)
	at org.codehaus.groovy.runtime.callsite.CallSiteArray.defaultCall(CallSiteArray.java:48)
	at org.codehaus.groovy.runtime.callsite.AbstractCallSite.call(AbstractCallSite.java:113)
	at org.codehaus.groovy.runtime.callsite.AbstractCallSite.call(AbstractCallSite.java:141)
	at TempTestSuite1537003942876.run(TempTestSuite1537003942876.groovy:36)
	at groovy.lang.GroovyShell.runScriptOrMainOrTestOrRunnable(GroovyShell.java:263)
	at groovy.lang.GroovyShell.run(GroovyShell.java:518)
	at groovy.lang.GroovyShell.run(GroovyShell.java:507)
	at groovy.ui.GroovyMain.processOnce(GroovyMain.java:653)
	at groovy.ui.GroovyMain.run(GroovyMain.java:384)
	at groovy.ui.GroovyMain.process(GroovyMain.java:370)
	at groovy.ui.GroovyMain.processArgs(GroovyMain.java:129)
	at groovy.ui.GroovyMain.main(GroovyMain.java:109)
	at sun.reflect.NativeMethodAccessorImpl.invoke0(Native Method)
	at sun.reflect.NativeMethodAccessorImpl.invoke(NativeMethodAccessorImpl.java:62)
	at sun.reflect.DelegatingMethodAccessorImpl.invoke(DelegatingMethodAccessorImpl.java:43)
	at java.lang.reflect.Method.invoke(Method.java:498)
	at org.codehaus.groovy.tools.GroovyStarter.rootLoader(GroovyStarter.java:109)
	at org.codehaus.groovy.tools.GroovyStarter.main(GroovyStarter.java:131)
)

2018-09-15 11:21:09 - [TEST_STEP][PASSED] - callTestCase: Call Test Case 'Test Cases/BVT/aSimple_Login' successfully

2018-09-15 11:21:09 - [TEST_CASE][PASSED] - Test Cases/BVT/aSimple_Login: Test Cases/BVT/aSimple_Login

2018-09-15 11:21:09 - [TEST_STEP][PASSED] - openBrowser: Browser is opened with url: ''

2018-09-15 11:21:09 - [MESSAGE][WARNING] - A browser is already opened. Closing browser and opening a new one

2018-09-15 11:21:12 - [MESSAGE][PASSED] - Browser is opened with url: ''

2018-09-15 11:21:12 - [TEST_STEP][PASSED] - maximizeWindow: Current window maximized

2018-09-15 11:21:13 - [MESSAGE][PASSED] - Current window maximized

2018-09-15 11:21:13 - [TEST_STEP][PASSED] - navigateToUrl: Navigate to 'https://dev.vcalling.in/enterprises/UAT/Dashboard/index.html' successfully

2018-09-15 11:21:18 - [MESSAGE][PASSED] - Navigate to 'https://dev.vcalling.in/enterprises/UAT/Dashboard/index.html' successfully

2018-09-15 11:21:18 - [TEST_STEP][PASSED] - setText: Text 'testing4dea@gmail.com' is set on object 'Object Repository/Login/UserId'

2018-09-15 11:21:19 - [MESSAGE][PASSED] - Text 'testing4dea@gmail.com' is set on object 'Object Repository/Login/UserId'

2018-09-15 11:21:19 - [TEST_STEP][PASSED] - click: Object: 'Object Repository/Login/div_GET OTP' is clicked on

2018-09-15 11:21:19 - [MESSAGE][PASSED] - Object: 'Object Repository/Login/div_GET OTP' is clicked on

2018-09-15 11:21:19 - [TEST_STEP][PASSED] - waitForElementPresent: Object 'Object Repository/Login/div_SUBMIT' is present

2018-09-15 11:21:20 - [MESSAGE][PASSED] - Object 'Object Repository/Login/div_SUBMIT' is present

2018-09-15 11:21:20 - [TEST_STEP][PASSED] - Statement - If (com.kms.katalon.core.webui.keyword.WebUiBuiltInKeywords.verifyElementNotPresent(com.kms.katalon.core.testobject.ObjectRepository.findTestObject(Login/div_SUBMIT), 5, OPTIONAL)): Web element with id: 'Object Repository/Login/div_SUBMIT' located by 'By.xpath: //div[(text() = ' SUBMIT ' or . = ' SUBMIT ')]' is present after '5' second(s)

2018-09-15 11:21:26 - [MESSAGE][WARNING] - Web element with id: 'Object Repository/Login/div_SUBMIT' located by 'By.xpath: //div[(text() = ' SUBMIT ' or . = ' SUBMIT ')]' is present after '5' second(s)
[[ATTACHMENT|C:\\Users\\Kaushal\\Desktop\\Katalon Studio\\vCallingDashboard\\Reports\\RegressionSuite\\20180915_103222\\1537006886044.png]]

2018-09-15 11:21:26 - [TEST_STEP][PASSED] - Statement - sleep(5000): null

2018-09-15 11:21:31 - [TEST_STEP][PASSED] - Statement - OTP = getOTP(): null

2018-09-15 11:21:31 - [TEST_STEP][PASSED] - Statement - host = "imap.gmail.com": null

2018-09-15 11:21:31 - [TEST_STEP][PASSED] - Statement - msg = <not implemented yet for class: org.codehaus.groovy.ast.expr.EmptyExpression>: null

2018-09-15 11:21:31 - [TEST_STEP][PASSED] - Statement - msgSub = <not implemented yet for class: org.codehaus.groovy.ast.expr.EmptyExpression>: null

2018-09-15 11:21:31 - [TEST_STEP][PASSED] - Statement - OTP = "unavailable": null

2018-09-15 11:21:31 - [TEST_STEP][PASSED] - Statement - props = new java.util.Properties(): null

2018-09-15 11:21:31 - [TEST_STEP][PASSED] - Statement - props.setProperty("mail.imap.ssl.enable", "true"): null

2018-09-15 11:21:31 - [TEST_STEP][PASSED] - Statement - session = javax.mail.Session.getInstance(props): null

2018-09-15 11:21:31 - [TEST_STEP][PASSED] - Statement - store = <not implemented yet for class: org.codehaus.groovy.ast.expr.EmptyExpression>: null

2018-09-15 11:21:31 - [TEST_STEP][PASSED] - Statement - Try: null

2018-09-15 11:21:31 - [TEST_STEP][PASSED] - Statement - store = session.getStore("imap"): null

2018-09-15 11:21:31 - [TEST_STEP][PASSED] - Statement - store.connect(host, Email, Password): null

2018-09-15 11:21:33 - [TEST_STEP][PASSED] - Statement - emailFolder = store.getFolder("INBOX"): null

2018-09-15 11:21:33 - [TEST_STEP][PASSED] - Statement - emailFolder.open(READ_WRITE): null

2018-09-15 11:21:33 - [TEST_STEP][PASSED] - Statement - messages = emailFolder.getMessages(): null

2018-09-15 11:21:33 - [TEST_STEP][PASSED] - Statement - n = length: null

2018-09-15 11:21:33 - [TEST_STEP][PASSED] - Statement - message = messages[n - 1]: null

2018-09-15 11:21:33 - [TEST_STEP][PASSED] - Statement - msgSub = message.getSubject(): null

2018-09-15 11:21:33 - [TEST_STEP][PASSED] - Statement - If (msgSub.equals("OTP to Sign In")): null

2018-09-15 11:21:33 - [TEST_STEP][PASSED] - Statement - msg = message.getContent().toString(): null

2018-09-15 11:21:34 - [TEST_STEP][PASSED] - Statement - OTP = msg.substring(msg.length() - 7): null

2018-09-15 11:21:34 - [TEST_STEP][PASSED] - Statement - message.setFlag(DELETED, true): null

2018-09-15 11:21:35 - [TEST_STEP][PASSED] - Statement - emailFolder.close(true): null

2018-09-15 11:21:35 - [TEST_STEP][PASSED] - Statement - store.close(): null

2018-09-15 11:21:35 - [TEST_STEP][PASSED] - Statement - return OTP: null

2018-09-15 11:21:35 - [TEST_STEP][PASSED] - Statement - If (OTP.equals("unavailable")): null

2018-09-15 11:21:35 - [TEST_STEP][PASSED] - Statement - Else: Text 'z7106
' is set on object 'Object Repository/Login/OtpInput'

2018-09-15 11:21:35 - [TEST_STEP][PASSED] - setText: Text 'z7106
' is set on object 'Object Repository/Login/OtpInput'

2018-09-15 11:21:35 - [MESSAGE][PASSED] - Text 'z7106
' is set on object 'Object Repository/Login/OtpInput'

2018-09-15 11:21:35 - [TEST_STEP][PASSED] - verifyElementPresent: Object 'Object Repository/Login/afterOpenDisplay' is present

2018-09-15 11:21:36 - [MESSAGE][PASSED] - Object 'Object Repository/Login/afterOpenDisplay' is present

2018-09-15 11:21:36 - [MESSAGE][PASSED] - Call Test Case 'Test Cases/BVT/aSimple_Login' successfully

2018-09-15 11:21:36 - [TEST_STEP][PASSED] - Statement - driver = com.kms.katalon.core.webui.driver.DriverFactory.getWebDriver(): null

2018-09-15 11:21:36 - [TEST_STEP][PASSED] - click: Object: 'Object Repository/Stats/statsTab' is clicked on

2018-09-15 11:21:37 - [MESSAGE][PASSED] - Object: 'Object Repository/Stats/statsTab' is clicked on

2018-09-15 11:21:37 - [TEST_STEP][PASSED] - Statement - preCustomerLinkCount = driver.findElement(org.openqa.selenium.By.xpath("/html/body/div[2]/div/div/div[2]/div[2]/div[1]/div[2]/div[1]/div[4]/div[1]/div[1]")).getText(): null]]></system-out>
         <system-err><![CDATA[2018-09-15 11:21:08 - [TEST_CASE][ERROR] - Test Cases/completed/TestCase9_Stats/publicLinkOpened: Test Cases/completed/TestCase9_Stats/publicLinkOpened FAILED because (of) (Stack trace: org.openqa.selenium.NoSuchElementException: no such element: Unable to locate element: {"method":"xpath","selector":"/html/body/div[2]/div/div/div[2]/div[2]/div[1]/div[2]/div[1]/div[4]/div[1]/div[1]"}
  (Session info: chrome=69.0.3497.92)
  (Driver info: chromedriver=2.35.528161 (5b82f2d2aae0ca24b877009200ced9065a772e73),platform=Windows NT 10.0.17134 x86_64) (WARNING: The server did not provide any stacktrace information)
Command duration or timeout: 0 milliseconds
For documentation on this error, please visit: http://seleniumhq.org/exceptions/no_such_element.html
Build info: version: '3.7.1', revision: '8a0099a', time: '2017-11-06T21:07:36.161Z'
System info: host: 'DESKTOP-D4528LJ', ip: '10.6.8.31', os.name: 'Windows 10', os.arch: 'amd64', os.version: '10.0', java.version: '1.8.0_181'
Driver info: com.kms.katalon.selenium.driver.CChromeDriver
Capabilities {acceptInsecureCerts: false, acceptSslCerts: false, applicationCacheEnabled: false, browserConnectionEnabled: false, browserName: chrome, chrome: {chromedriverVersion: 2.35.528161 (5b82f2d2aae0ca..., userDataDir: C:\Users\Kaushal\AppData\Lo...}, cssSelectorsEnabled: true, databaseEnabled: false, handlesAlerts: true, hasTouchScreen: false, javascriptEnabled: true, locationContextEnabled: true, mobileEmulationEnabled: false, nativeEvents: true, networkConnectionEnabled: false, pageLoadStrategy: normal, platform: XP, platformName: XP, rotatable: false, setWindowRect: true, takesHeapSnapshot: true, takesScreenshot: true, unexpectedAlertBehaviour: , unhandledPromptBehavior: , version: 69.0.3497.92, webStorageEnabled: true}
Session ID: d128a80dbf737f5098b4d5e00696fcb0
*** Element info: {Using=xpath, value=/html/body/div[2]/div/div/div[2]/div[2]/div[1]/div[2]/div[1]/div[4]/div[1]/div[1]}
	at sun.reflect.NativeConstructorAccessorImpl.newInstance0(Native Method)
	at sun.reflect.NativeConstructorAccessorImpl.newInstance(NativeConstructorAccessorImpl.java:62)
	at sun.reflect.DelegatingConstructorAccessorImpl.newInstance(DelegatingConstructorAccessorImpl.java:45)
	at java.lang.reflect.Constructor.newInstance(Constructor.java:423)
	at org.openqa.selenium.remote.ErrorHandler.createThrowable(ErrorHandler.java:214)
	at org.openqa.selenium.remote.ErrorHandler.throwIfResponseFailed(ErrorHandler.java:166)
	at org.openqa.selenium.remote.http.JsonHttpResponseCodec.reconstructValue(JsonHttpResponseCodec.java:40)
	at org.openqa.selenium.remote.http.AbstractHttpResponseCodec.decode(AbstractHttpResponseCodec.java:80)
	at org.openqa.selenium.remote.http.AbstractHttpResponseCodec.decode(AbstractHttpResponseCodec.java:44)
	at org.openqa.selenium.remote.HttpCommandExecutor.execute(HttpCommandExecutor.java:164)
	at org.openqa.selenium.remote.service.DriverCommandExecutor.execute(DriverCommandExecutor.java:83)
	at org.openqa.selenium.remote.RemoteWebDriver.execute(RemoteWebDriver.java:600)
	at com.kms.katalon.selenium.driver.CChromeDriver.execute(CChromeDriver.java:20)
	at org.openqa.selenium.remote.RemoteWebDriver.findElement(RemoteWebDriver.java:370)
	at org.openqa.selenium.remote.RemoteWebDriver.findElementByXPath(RemoteWebDriver.java:472)
	at org.openqa.selenium.By$ByXPath.findElement(By.java:361)
	at org.openqa.selenium.remote.RemoteWebDriver.findElement(RemoteWebDriver.java:362)
	at org.openqa.selenium.WebDriver$findElement.call(Unknown Source)
	at org.codehaus.groovy.runtime.callsite.CallSiteArray.defaultCall(CallSiteArray.java:48)
	at org.codehaus.groovy.runtime.callsite.AbstractCallSite.call(AbstractCallSite.java:113)
	at org.codehaus.groovy.runtime.callsite.AbstractCallSite.call(AbstractCallSite.java:125)
	at Script1536238830761.run(Script1536238830761.groovy:41)
	at com.kms.katalon.core.main.ScriptEngine.run(ScriptEngine.java:183)
	at com.kms.katalon.core.main.ScriptEngine.runScriptAsRawText(ScriptEngine.java:108)
	at com.kms.katalon.core.main.TestCaseExecutor.runScript(TestCaseExecutor.java:294)
	at com.kms.katalon.core.main.TestCaseExecutor.doExecute(TestCaseExecutor.java:285)
	at com.kms.katalon.core.main.TestCaseExecutor.processExecutionPhase(TestCaseExecutor.java:264)
	at com.kms.katalon.core.main.TestCaseExecutor.accessMainPhase(TestCaseExecutor.java:256)
	at com.kms.katalon.core.main.TestCaseExecutor.execute(TestCaseExecutor.java:200)
	at com.kms.katalon.core.main.TestSuiteExecutor.accessTestCaseMainPhase(TestSuiteExecutor.java:129)
	at com.kms.katalon.core.main.TestSuiteExecutor.accessTestSuiteMainPhase(TestSuiteExecutor.java:112)
	at com.kms.katalon.core.main.TestSuiteExecutor.execute(TestSuiteExecutor.java:81)
	at com.kms.katalon.core.main.TestCaseMain.startTestSuite(TestCaseMain.java:142)
	at com.kms.katalon.core.main.TestCaseMain$startTestSuite$0.call(Unknown Source)
	at org.codehaus.groovy.runtime.callsite.CallSiteArray.defaultCall(CallSiteArray.java:48)
	at org.codehaus.groovy.runtime.callsite.AbstractCallSite.call(AbstractCallSite.java:113)
	at org.codehaus.groovy.runtime.callsite.AbstractCallSite.call(AbstractCallSite.java:141)
	at TempTestSuite1537003942876.run(TempTestSuite1537003942876.groovy:36)
	at groovy.lang.GroovyShell.runScriptOrMainOrTestOrRunnable(GroovyShell.java:263)
	at groovy.lang.GroovyShell.run(GroovyShell.java:518)
	at groovy.lang.GroovyShell.run(GroovyShell.java:507)
	at groovy.ui.GroovyMain.processOnce(GroovyMain.java:653)
	at groovy.ui.GroovyMain.run(GroovyMain.java:384)
	at groovy.ui.GroovyMain.process(GroovyMain.java:370)
	at groovy.ui.GroovyMain.processArgs(GroovyMain.java:129)
	at groovy.ui.GroovyMain.main(GroovyMain.java:109)
	at sun.reflect.NativeMethodAccessorImpl.invoke0(Native Method)
	at sun.reflect.NativeMethodAccessorImpl.invoke(NativeMethodAccessorImpl.java:62)
	at sun.reflect.DelegatingMethodAccessorImpl.invoke(DelegatingMethodAccessorImpl.java:43)
	at java.lang.reflect.Method.invoke(Method.java:498)
	at org.codehaus.groovy.tools.GroovyStarter.rootLoader(GroovyStarter.java:109)
	at org.codehaus.groovy.tools.GroovyStarter.main(GroovyStarter.java:131)
)]]></system-err>
      </testcase>
      <testcase name="Test Cases/completed/TestCase9_Stats/timeSpendOutBoundlink" classname="Test Cases/completed/TestCase9_Stats/timeSpendOutBoundlink" status="PASSED">
         <system-out><![CDATA[2018-09-15 11:21:37 - [TEST_CASE][PASSED] - Test Cases/completed/TestCase9_Stats/timeSpendOutBoundlink: Test Cases/completed/TestCase9_Stats/timeSpendOutBoundlink

2018-09-15 11:21:37 - [TEST_STEP][PASSED] - callTestCase: Call Test Case 'Test Cases/BVT/aSimple_Login' successfully

2018-09-15 11:21:37 - [TEST_CASE][PASSED] - Test Cases/BVT/aSimple_Login: Test Cases/BVT/aSimple_Login

2018-09-15 11:21:37 - [TEST_STEP][PASSED] - openBrowser: Browser is opened with url: ''

2018-09-15 11:21:37 - [MESSAGE][WARNING] - A browser is already opened. Closing browser and opening a new one

2018-09-15 11:21:40 - [MESSAGE][PASSED] - Browser is opened with url: ''

2018-09-15 11:21:40 - [TEST_STEP][PASSED] - maximizeWindow: Current window maximized

2018-09-15 11:21:41 - [MESSAGE][PASSED] - Current window maximized

2018-09-15 11:21:41 - [TEST_STEP][PASSED] - navigateToUrl: Navigate to 'https://dev.vcalling.in/enterprises/UAT/Dashboard/index.html' successfully

2018-09-15 11:21:47 - [MESSAGE][PASSED] - Navigate to 'https://dev.vcalling.in/enterprises/UAT/Dashboard/index.html' successfully

2018-09-15 11:21:47 - [TEST_STEP][PASSED] - setText: Text 'testing4dea@gmail.com' is set on object 'Object Repository/Login/UserId'

2018-09-15 11:21:47 - [MESSAGE][PASSED] - Text 'testing4dea@gmail.com' is set on object 'Object Repository/Login/UserId'

2018-09-15 11:21:47 - [TEST_STEP][PASSED] - click: Object: 'Object Repository/Login/div_GET OTP' is clicked on

2018-09-15 11:21:47 - [MESSAGE][PASSED] - Object: 'Object Repository/Login/div_GET OTP' is clicked on

2018-09-15 11:21:47 - [TEST_STEP][PASSED] - waitForElementPresent: Object 'Object Repository/Login/div_SUBMIT' is present

2018-09-15 11:21:48 - [MESSAGE][PASSED] - Object 'Object Repository/Login/div_SUBMIT' is present

2018-09-15 11:21:48 - [TEST_STEP][PASSED] - Statement - If (com.kms.katalon.core.webui.keyword.WebUiBuiltInKeywords.verifyElementNotPresent(com.kms.katalon.core.testobject.ObjectRepository.findTestObject(Login/div_SUBMIT), 5, OPTIONAL)): Web element with id: 'Object Repository/Login/div_SUBMIT' located by 'By.xpath: //div[(text() = ' SUBMIT ' or . = ' SUBMIT ')]' is present after '5' second(s)

2018-09-15 11:21:54 - [MESSAGE][WARNING] - Web element with id: 'Object Repository/Login/div_SUBMIT' located by 'By.xpath: //div[(text() = ' SUBMIT ' or . = ' SUBMIT ')]' is present after '5' second(s)
[[ATTACHMENT|C:\\Users\\Kaushal\\Desktop\\Katalon Studio\\vCallingDashboard\\Reports\\RegressionSuite\\20180915_103222\\1537006914099.png]]

2018-09-15 11:21:54 - [TEST_STEP][PASSED] - Statement - sleep(5000): null

2018-09-15 11:21:59 - [TEST_STEP][PASSED] - Statement - OTP = getOTP(): null

2018-09-15 11:21:59 - [TEST_STEP][PASSED] - Statement - host = "imap.gmail.com": null

2018-09-15 11:21:59 - [TEST_STEP][PASSED] - Statement - msg = <not implemented yet for class: org.codehaus.groovy.ast.expr.EmptyExpression>: null

2018-09-15 11:21:59 - [TEST_STEP][PASSED] - Statement - msgSub = <not implemented yet for class: org.codehaus.groovy.ast.expr.EmptyExpression>: null

2018-09-15 11:21:59 - [TEST_STEP][PASSED] - Statement - OTP = "unavailable": null

2018-09-15 11:21:59 - [TEST_STEP][PASSED] - Statement - props = new java.util.Properties(): null

2018-09-15 11:21:59 - [TEST_STEP][PASSED] - Statement - props.setProperty("mail.imap.ssl.enable", "true"): null

2018-09-15 11:21:59 - [TEST_STEP][PASSED] - Statement - session = javax.mail.Session.getInstance(props): null

2018-09-15 11:21:59 - [TEST_STEP][PASSED] - Statement - store = <not implemented yet for class: org.codehaus.groovy.ast.expr.EmptyExpression>: null

2018-09-15 11:21:59 - [TEST_STEP][PASSED] - Statement - Try: null

2018-09-15 11:21:59 - [TEST_STEP][PASSED] - Statement - store = session.getStore("imap"): null

2018-09-15 11:21:59 - [TEST_STEP][PASSED] - Statement - store.connect(host, Email, Password): null

2018-09-15 11:22:01 - [TEST_STEP][PASSED] - Statement - emailFolder = store.getFolder("INBOX"): null

2018-09-15 11:22:01 - [TEST_STEP][PASSED] - Statement - emailFolder.open(READ_WRITE): null

2018-09-15 11:22:01 - [TEST_STEP][PASSED] - Statement - messages = emailFolder.getMessages(): null

2018-09-15 11:22:01 - [TEST_STEP][PASSED] - Statement - n = length: null

2018-09-15 11:22:01 - [TEST_STEP][PASSED] - Statement - message = messages[n - 1]: null

2018-09-15 11:22:01 - [TEST_STEP][PASSED] - Statement - msgSub = message.getSubject(): null

2018-09-15 11:22:01 - [TEST_STEP][PASSED] - Statement - If (msgSub.equals("OTP to Sign In")): null

2018-09-15 11:22:01 - [TEST_STEP][PASSED] - Statement - msg = message.getContent().toString(): null

2018-09-15 11:22:02 - [TEST_STEP][PASSED] - Statement - OTP = msg.substring(msg.length() - 7): null

2018-09-15 11:22:02 - [TEST_STEP][PASSED] - Statement - message.setFlag(DELETED, true): null

2018-09-15 11:22:02 - [TEST_STEP][PASSED] - Statement - emailFolder.close(true): null

2018-09-15 11:22:03 - [TEST_STEP][PASSED] - Statement - store.close(): null

2018-09-15 11:22:03 - [TEST_STEP][PASSED] - Statement - return OTP: null

2018-09-15 11:22:03 - [TEST_STEP][PASSED] - Statement - If (OTP.equals("unavailable")): null

2018-09-15 11:22:03 - [TEST_STEP][PASSED] - Statement - Else: Text 'h3512
' is set on object 'Object Repository/Login/OtpInput'

2018-09-15 11:22:03 - [TEST_STEP][PASSED] - setText: Text 'h3512
' is set on object 'Object Repository/Login/OtpInput'

2018-09-15 11:22:03 - [MESSAGE][PASSED] - Text 'h3512
' is set on object 'Object Repository/Login/OtpInput'

2018-09-15 11:22:03 - [TEST_STEP][PASSED] - verifyElementPresent: Object 'Object Repository/Login/afterOpenDisplay' is present

2018-09-15 11:22:04 - [MESSAGE][PASSED] - Object 'Object Repository/Login/afterOpenDisplay' is present

2018-09-15 11:22:04 - [MESSAGE][PASSED] - Call Test Case 'Test Cases/BVT/aSimple_Login' successfully

2018-09-15 11:22:04 - [TEST_STEP][PASSED] - Statement - driver = com.kms.katalon.core.webui.driver.DriverFactory.getWebDriver(): null

2018-09-15 11:22:04 - [TEST_STEP][PASSED] - click: Object: 'Object Repository/Stats/statsTab' is clicked on

2018-09-15 11:22:05 - [MESSAGE][PASSED] - Object: 'Object Repository/Stats/statsTab' is clicked on

2018-09-15 11:22:05 - [TEST_STEP][PASSED] - Statement - currentTime = driver.findElement(org.openqa.selenium.By.xpath("/html/body/div[2]/div/div/div[2]/div[2]/div[1]/div[2]/div[1]/div[6]/div[3]/div[1]")).getText(): null

2018-09-15 11:22:06 - [TEST_STEP][PASSED] - Statement - println("count :" + currentTime): null

2018-09-15 11:22:06 - [TEST_STEP][PASSED] - Statement - varX = currentTime.split(" "): null

2018-09-15 11:22:06 - [TEST_STEP][PASSED] - Statement - Hours = varX[0].replace("H", ""): null

2018-09-15 11:22:06 - [TEST_STEP][PASSED] - Statement - varY = currentTime.split(" "): null

2018-09-15 11:22:06 - [TEST_STEP][PASSED] - Statement - Minutes = varY[1].replace("M", ""): null

2018-09-15 11:22:06 - [TEST_STEP][PASSED] - Statement - currentTimehours = java.lang.Integer.parseInt(Hours): null

2018-09-15 11:22:06 - [TEST_STEP][PASSED] - Statement - println(currentTimehours): null

2018-09-15 11:22:06 - [TEST_STEP][PASSED] - Statement - currentTimeMin = java.lang.Integer.parseInt(Minutes): null

2018-09-15 11:22:06 - [TEST_STEP][PASSED] - Statement - println(currentTimeMin): null

2018-09-15 11:22:06 - [TEST_STEP][PASSED] - callTestCase: Call Test Case 'Test Cases/commonFunctionality/linkLogCreation' successfully

2018-09-15 11:22:06 - [TEST_CASE][PASSED] - Test Cases/commonFunctionality/linkLogCreation: Test Cases/commonFunctionality/linkLogCreation

2018-09-15 11:22:06 - [TEST_STEP][PASSED] - Statement - driver = com.kms.katalon.core.webui.driver.DriverFactory.getWebDriver(): null

2018-09-15 11:22:06 - [TEST_STEP][PASSED] - click: Object: 'Object Repository/Dashboard_Link Generator/linkgeneratorIcon' is clicked on

2018-09-15 11:22:06 - [MESSAGE][PASSED] - Object: 'Object Repository/Dashboard_Link Generator/linkgeneratorIcon' is clicked on

2018-09-15 11:22:06 - [TEST_STEP][PASSED] - Statement - x = CustomKeywords.newPackage.newKeyword.randomString(3).toLowerCase(): newPackage.newKeyword.randomString is PASSED

2018-09-15 11:22:06 - [MESSAGE][PASSED] - newPackage.newKeyword.randomString is PASSED

2018-09-15 11:22:06 - [TEST_STEP][PASSED] - Statement - teamMeberName = x: null

2018-09-15 11:22:06 - [TEST_STEP][PASSED] - setText: Text 'k1n' is set on object 'Object Repository/AddTeamMemberDashboard/name'

2018-09-15 11:22:07 - [MESSAGE][PASSED] - Text 'k1n' is set on object 'Object Repository/AddTeamMemberDashboard/name'

2018-09-15 11:22:07 - [TEST_STEP][PASSED] - setText: Text 'phWm7fQ4hW@gmail.com' is set on object 'Object Repository/AddTeamMemberDashboard/email'

2018-09-15 11:22:07 - [MESSAGE][PASSED] - newPackage.newKeyword.randomString is PASSED

2018-09-15 11:22:08 - [MESSAGE][PASSED] - Text 'phWm7fQ4hW@gmail.com' is set on object 'Object Repository/AddTeamMemberDashboard/email'

2018-09-15 11:22:08 - [TEST_STEP][PASSED] - Statement - number = CustomKeywords.phoneNumbers.contactNumbers.randomString(9): phoneNumbers.contactNumbers.randomString is PASSED

2018-09-15 11:22:08 - [MESSAGE][PASSED] - phoneNumbers.contactNumbers.randomString is PASSED

2018-09-15 11:22:08 - [TEST_STEP][PASSED] - Statement - Mobile_Number = number: null

2018-09-15 11:22:08 - [TEST_STEP][PASSED] - setText: Text '5988850091' is set on object 'Object Repository/Dashboard_Link Generator/contactNumber'

2018-09-15 11:22:08 - [MESSAGE][PASSED] - Text '5988850091' is set on object 'Object Repository/Dashboard_Link Generator/contactNumber'

2018-09-15 11:22:08 - [TEST_STEP][PASSED] - setText: Text 'property' is set on object 'Object Repository/Dashboard_Link Generator/tag'

2018-09-15 11:22:09 - [MESSAGE][PASSED] - Text 'property' is set on object 'Object Repository/Dashboard_Link Generator/tag'

2018-09-15 11:22:09 - [TEST_STEP][PASSED] - click: Object: 'Object Repository/Dashboard_Link Generator/div_GET LINK' is clicked on

2018-09-15 11:22:09 - [MESSAGE][PASSED] - Object: 'Object Repository/Dashboard_Link Generator/div_GET LINK' is clicked on

2018-09-15 11:22:09 - [MESSAGE][PASSED] - Call Test Case 'Test Cases/commonFunctionality/linkLogCreation' successfully

2018-09-15 11:22:09 - [TEST_STEP][PASSED] - Statement - getLink = com.kms.katalon.core.webui.keyword.WebUiBuiltInKeywords.getAttribute(com.kms.katalon.core.testobject.ObjectRepository.findTestObject(Dashboard_Link Generator/input_link-text), "value"): Attribute 'value' of object 'Object Repository/Dashboard_Link Generator/input_link-text' is: 'https://dev.vcalling.in/url/UAT/?id=UAT-1-657'

2018-09-15 11:22:10 - [MESSAGE][PASSED] - Attribute 'value' of object 'Object Repository/Dashboard_Link Generator/input_link-text' is: 'https://dev.vcalling.in/url/UAT/?id=UAT-1-657'

2018-09-15 11:22:10 - [TEST_STEP][PASSED] - Statement - println(getLink): null

2018-09-15 11:22:10 - [TEST_STEP][PASSED] - click: Object: 'Object Repository/Dashboard_Link Generator/copyLink' is clicked on

2018-09-15 11:22:10 - [MESSAGE][PASSED] - Object: 'Object Repository/Dashboard_Link Generator/copyLink' is clicked on

2018-09-15 11:22:10 - [TEST_STEP][PASSED] - Statement - js = driver: null

2018-09-15 11:22:10 - [TEST_STEP][PASSED] - Statement - js.executeScript("window.open();"): null

2018-09-15 11:22:10 - [TEST_STEP][PASSED] - Statement - currentWindow = com.kms.katalon.core.webui.keyword.WebUiBuiltInKeywords.getWindowIndex(): Current window's index is: 0

2018-09-15 11:22:10 - [MESSAGE][PASSED] - Current window's index is: 0

2018-09-15 11:22:10 - [TEST_STEP][PASSED] - switchToWindowIndex: Switched to window with index: '1'

2018-09-15 11:22:10 - [MESSAGE][PASSED] - Switched to window with index: '1'

2018-09-15 11:22:10 - [TEST_STEP][PASSED] - navigateToUrl: Navigate to 'https://dev.vcalling.in/url/UAT/?id=UAT-1-657' successfully

2018-09-15 11:22:16 - [MESSAGE][PASSED] - Navigate to 'https://dev.vcalling.in/url/UAT/?id=UAT-1-657' successfully

2018-09-15 11:22:16 - [TEST_STEP][PASSED] - Statement - currentTab = com.kms.katalon.core.webui.keyword.WebUiBuiltInKeywords.getWindowIndex(): Current window's index is: 1

2018-09-15 11:22:16 - [MESSAGE][PASSED] - Current window's index is: 1

2018-09-15 11:22:16 - [TEST_STEP][PASSED] - Statement - start = java.lang.System.currentTimeMillis(): null

2018-09-15 11:22:16 - [TEST_STEP][PASSED] - Statement - println("start browser time :" + start): null

2018-09-15 11:22:16 - [TEST_STEP][PASSED] - click: Object: 'Object Repository/timeSpentOnlink/stepInsideButton' is clicked on

2018-09-15 11:22:16 - [MESSAGE][PASSED] - Object: 'Object Repository/timeSpentOnlink/stepInsideButton' is clicked on

2018-09-15 11:22:16 - [TEST_STEP][PASSED] - delay: Delayed 36 second(s)

2018-09-15 11:22:52 - [MESSAGE][PASSED] - Delayed 36 second(s)

2018-09-15 11:22:52 - [TEST_STEP][PASSED] - Statement - mediaTour = driver.findElements(org.openqa.selenium.By.className("media-none")): null

2018-09-15 11:22:52 - [TEST_STEP][PASSED] - Statement - println("media size " + mediaTour.size()): null

2018-09-15 11:22:52 - [TEST_STEP][PASSED] - Statement - For ([i = 0, i < mediaTour.size() + 1, (i++)]): Delayed 5 second(s)

2018-09-15 11:22:52 - [TEST_STEP][PASSED] - click: Object: 'Object Repository/timeSpentOnlink/rightNavigationButton' is clicked on

2018-09-15 11:22:52 - [MESSAGE][PASSED] - Object: 'Object Repository/timeSpentOnlink/rightNavigationButton' is clicked on

2018-09-15 11:22:52 - [TEST_STEP][PASSED] - delay: Delayed 5 second(s)

2018-09-15 11:22:57 - [MESSAGE][PASSED] - Delayed 5 second(s)

2018-09-15 11:22:57 - [TEST_STEP][PASSED] - click: Object: 'Object Repository/timeSpentOnlink/rightNavigationButton' is clicked on

2018-09-15 11:22:57 - [MESSAGE][PASSED] - Object: 'Object Repository/timeSpentOnlink/rightNavigationButton' is clicked on

2018-09-15 11:22:57 - [TEST_STEP][PASSED] - delay: Delayed 5 second(s)

2018-09-15 11:23:02 - [MESSAGE][PASSED] - Delayed 5 second(s)

2018-09-15 11:23:02 - [TEST_STEP][PASSED] - click: Object: 'Object Repository/timeSpentOnlink/rightNavigationButton' is clicked on

2018-09-15 11:23:02 - [MESSAGE][PASSED] - Object: 'Object Repository/timeSpentOnlink/rightNavigationButton' is clicked on

2018-09-15 11:23:02 - [TEST_STEP][PASSED] - delay: Delayed 5 second(s)

2018-09-15 11:23:07 - [MESSAGE][PASSED] - Delayed 5 second(s)

2018-09-15 11:23:07 - [TEST_STEP][PASSED] - click: Object: 'Object Repository/timeSpentOnlink/rightNavigationButton' is clicked on

2018-09-15 11:23:07 - [MESSAGE][PASSED] - Object: 'Object Repository/timeSpentOnlink/rightNavigationButton' is clicked on

2018-09-15 11:23:07 - [TEST_STEP][PASSED] - delay: Delayed 5 second(s)

2018-09-15 11:23:12 - [MESSAGE][PASSED] - Delayed 5 second(s)

2018-09-15 11:23:12 - [TEST_STEP][PASSED] - click: Object: 'Object Repository/timeSpentOnlink/rightNavigationButton' is clicked on

2018-09-15 11:23:13 - [MESSAGE][PASSED] - Object: 'Object Repository/timeSpentOnlink/rightNavigationButton' is clicked on

2018-09-15 11:23:13 - [TEST_STEP][PASSED] - delay: Delayed 5 second(s)

2018-09-15 11:23:18 - [MESSAGE][PASSED] - Delayed 5 second(s)

2018-09-15 11:23:18 - [TEST_STEP][PASSED] - click: Object: 'Object Repository/timeSpentOnlink/rightNavigationButton' is clicked on

2018-09-15 11:23:18 - [MESSAGE][PASSED] - Object: 'Object Repository/timeSpentOnlink/rightNavigationButton' is clicked on

2018-09-15 11:23:18 - [TEST_STEP][PASSED] - delay: Delayed 5 second(s)

2018-09-15 11:23:23 - [MESSAGE][PASSED] - Delayed 5 second(s)

2018-09-15 11:23:23 - [TEST_STEP][PASSED] - click: Object: 'Object Repository/timeSpentOnlink/rightNavigationButton' is clicked on

2018-09-15 11:23:23 - [MESSAGE][PASSED] - Object: 'Object Repository/timeSpentOnlink/rightNavigationButton' is clicked on

2018-09-15 11:23:23 - [TEST_STEP][PASSED] - delay: Delayed 5 second(s)

2018-09-15 11:23:28 - [MESSAGE][PASSED] - Delayed 5 second(s)

2018-09-15 11:23:28 - [TEST_STEP][PASSED] - click: Object: 'Object Repository/timeSpentOnlink/rightNavigationButton' is clicked on

2018-09-15 11:23:28 - [MESSAGE][PASSED] - Object: 'Object Repository/timeSpentOnlink/rightNavigationButton' is clicked on

2018-09-15 11:23:28 - [TEST_STEP][PASSED] - delay: Delayed 5 second(s)

2018-09-15 11:23:33 - [MESSAGE][PASSED] - Delayed 5 second(s)

2018-09-15 11:23:33 - [TEST_STEP][PASSED] - click: Object: 'Object Repository/timeSpentOnlink/rightNavigationButton' is clicked on

2018-09-15 11:23:33 - [MESSAGE][PASSED] - Object: 'Object Repository/timeSpentOnlink/rightNavigationButton' is clicked on

2018-09-15 11:23:33 - [TEST_STEP][PASSED] - delay: Delayed 5 second(s)

2018-09-15 11:23:38 - [MESSAGE][PASSED] - Delayed 5 second(s)

2018-09-15 11:23:38 - [TEST_STEP][PASSED] - click: Object: 'Object Repository/timeSpentOnlink/rightNavigationButton' is clicked on

2018-09-15 11:23:38 - [MESSAGE][PASSED] - Object: 'Object Repository/timeSpentOnlink/rightNavigationButton' is clicked on

2018-09-15 11:23:38 - [TEST_STEP][PASSED] - delay: Delayed 5 second(s)

2018-09-15 11:23:43 - [MESSAGE][PASSED] - Delayed 5 second(s)

2018-09-15 11:23:43 - [TEST_STEP][PASSED] - click: Object: 'Object Repository/timeSpentOnlink/rightNavigationButton' is clicked on

2018-09-15 11:23:44 - [MESSAGE][PASSED] - Object: 'Object Repository/timeSpentOnlink/rightNavigationButton' is clicked on

2018-09-15 11:23:44 - [TEST_STEP][PASSED] - delay: Delayed 5 second(s)

2018-09-15 11:23:49 - [MESSAGE][PASSED] - Delayed 5 second(s)

2018-09-15 11:23:49 - [TEST_STEP][PASSED] - click: Object: 'Object Repository/timeSpentOnlink/rightNavigationButton' is clicked on

2018-09-15 11:23:49 - [MESSAGE][PASSED] - Object: 'Object Repository/timeSpentOnlink/rightNavigationButton' is clicked on

2018-09-15 11:23:49 - [TEST_STEP][PASSED] - delay: Delayed 5 second(s)

2018-09-15 11:23:54 - [MESSAGE][PASSED] - Delayed 5 second(s)

2018-09-15 11:23:54 - [TEST_STEP][PASSED] - click: Object: 'Object Repository/timeSpentOnlink/rightNavigationButton' is clicked on

2018-09-15 11:23:54 - [MESSAGE][PASSED] - Object: 'Object Repository/timeSpentOnlink/rightNavigationButton' is clicked on

2018-09-15 11:23:54 - [TEST_STEP][PASSED] - delay: Delayed 5 second(s)

2018-09-15 11:23:59 - [MESSAGE][PASSED] - Delayed 5 second(s)

2018-09-15 11:23:59 - [TEST_STEP][PASSED] - click: Object: 'Object Repository/timeSpentOnlink/rightNavigationButton' is clicked on

2018-09-15 11:23:59 - [MESSAGE][PASSED] - Object: 'Object Repository/timeSpentOnlink/rightNavigationButton' is clicked on

2018-09-15 11:23:59 - [TEST_STEP][PASSED] - delay: Delayed 5 second(s)

2018-09-15 11:24:04 - [MESSAGE][PASSED] - Delayed 5 second(s)

2018-09-15 11:24:04 - [TEST_STEP][PASSED] - click: Object: 'Object Repository/timeSpentOnlink/rightNavigationButton' is clicked on

2018-09-15 11:24:04 - [MESSAGE][PASSED] - Object: 'Object Repository/timeSpentOnlink/rightNavigationButton' is clicked on

2018-09-15 11:24:04 - [TEST_STEP][PASSED] - delay: Delayed 5 second(s)

2018-09-15 11:24:09 - [MESSAGE][PASSED] - Delayed 5 second(s)

2018-09-15 11:24:09 - [TEST_STEP][PASSED] - click: Object: 'Object Repository/timeSpentOnlink/rightNavigationButton' is clicked on

2018-09-15 11:24:09 - [MESSAGE][PASSED] - Object: 'Object Repository/timeSpentOnlink/rightNavigationButton' is clicked on

2018-09-15 11:24:09 - [TEST_STEP][PASSED] - delay: Delayed 5 second(s)

2018-09-15 11:24:14 - [MESSAGE][PASSED] - Delayed 5 second(s)

2018-09-15 11:24:14 - [TEST_STEP][PASSED] - Statement - For ([i = mediaTour.size() + 1, i > 0, (i--)]): Delayed 5 second(s)

2018-09-15 11:24:14 - [TEST_STEP][PASSED] - click: Object: 'Object Repository/timeSpentOnlink/leftNavigationBuutton' is clicked on

2018-09-15 11:24:14 - [MESSAGE][PASSED] - Object: 'Object Repository/timeSpentOnlink/leftNavigationBuutton' is clicked on

2018-09-15 11:24:14 - [TEST_STEP][PASSED] - delay: Delayed 5 second(s)

2018-09-15 11:24:19 - [MESSAGE][PASSED] - Delayed 5 second(s)

2018-09-15 11:24:19 - [TEST_STEP][PASSED] - click: Object: 'Object Repository/timeSpentOnlink/leftNavigationBuutton' is clicked on

2018-09-15 11:24:19 - [MESSAGE][PASSED] - Object: 'Object Repository/timeSpentOnlink/leftNavigationBuutton' is clicked on

2018-09-15 11:24:19 - [TEST_STEP][PASSED] - delay: Delayed 5 second(s)

2018-09-15 11:24:24 - [MESSAGE][PASSED] - Delayed 5 second(s)

2018-09-15 11:24:24 - [TEST_STEP][PASSED] - click: Object: 'Object Repository/timeSpentOnlink/leftNavigationBuutton' is clicked on

2018-09-15 11:24:24 - [MESSAGE][PASSED] - Object: 'Object Repository/timeSpentOnlink/leftNavigationBuutton' is clicked on

2018-09-15 11:24:24 - [TEST_STEP][PASSED] - delay: Delayed 5 second(s)

2018-09-15 11:24:29 - [MESSAGE][PASSED] - Delayed 5 second(s)

2018-09-15 11:24:29 - [TEST_STEP][PASSED] - click: Object: 'Object Repository/timeSpentOnlink/leftNavigationBuutton' is clicked on

2018-09-15 11:24:30 - [MESSAGE][PASSED] - Object: 'Object Repository/timeSpentOnlink/leftNavigationBuutton' is clicked on

2018-09-15 11:24:30 - [TEST_STEP][PASSED] - delay: Delayed 5 second(s)

2018-09-15 11:24:35 - [MESSAGE][PASSED] - Delayed 5 second(s)

2018-09-15 11:24:35 - [TEST_STEP][PASSED] - click: Object: 'Object Repository/timeSpentOnlink/leftNavigationBuutton' is clicked on

2018-09-15 11:24:35 - [MESSAGE][PASSED] - Object: 'Object Repository/timeSpentOnlink/leftNavigationBuutton' is clicked on

2018-09-15 11:24:35 - [TEST_STEP][PASSED] - delay: Delayed 5 second(s)

2018-09-15 11:24:40 - [MESSAGE][PASSED] - Delayed 5 second(s)

2018-09-15 11:24:40 - [TEST_STEP][PASSED] - click: Object: 'Object Repository/timeSpentOnlink/leftNavigationBuutton' is clicked on

2018-09-15 11:24:40 - [MESSAGE][PASSED] - Object: 'Object Repository/timeSpentOnlink/leftNavigationBuutton' is clicked on

2018-09-15 11:24:40 - [TEST_STEP][PASSED] - delay: Delayed 5 second(s)

2018-09-15 11:24:45 - [MESSAGE][PASSED] - Delayed 5 second(s)

2018-09-15 11:24:45 - [TEST_STEP][PASSED] - click: Object: 'Object Repository/timeSpentOnlink/leftNavigationBuutton' is clicked on

2018-09-15 11:24:45 - [MESSAGE][PASSED] - Object: 'Object Repository/timeSpentOnlink/leftNavigationBuutton' is clicked on

2018-09-15 11:24:45 - [TEST_STEP][PASSED] - delay: Delayed 5 second(s)

2018-09-15 11:24:50 - [MESSAGE][PASSED] - Delayed 5 second(s)

2018-09-15 11:24:50 - [TEST_STEP][PASSED] - click: Object: 'Object Repository/timeSpentOnlink/leftNavigationBuutton' is clicked on

2018-09-15 11:24:50 - [MESSAGE][PASSED] - Object: 'Object Repository/timeSpentOnlink/leftNavigationBuutton' is clicked on

2018-09-15 11:24:50 - [TEST_STEP][PASSED] - delay: Delayed 5 second(s)

2018-09-15 11:24:55 - [MESSAGE][PASSED] - Delayed 5 second(s)

2018-09-15 11:24:55 - [TEST_STEP][PASSED] - click: Object: 'Object Repository/timeSpentOnlink/leftNavigationBuutton' is clicked on

2018-09-15 11:24:55 - [MESSAGE][PASSED] - Object: 'Object Repository/timeSpentOnlink/leftNavigationBuutton' is clicked on

2018-09-15 11:24:55 - [TEST_STEP][PASSED] - delay: Delayed 5 second(s)

2018-09-15 11:25:00 - [MESSAGE][PASSED] - Delayed 5 second(s)

2018-09-15 11:25:00 - [TEST_STEP][PASSED] - click: Object: 'Object Repository/timeSpentOnlink/leftNavigationBuutton' is clicked on

2018-09-15 11:25:00 - [MESSAGE][PASSED] - Object: 'Object Repository/timeSpentOnlink/leftNavigationBuutton' is clicked on

2018-09-15 11:25:00 - [TEST_STEP][PASSED] - delay: Delayed 5 second(s)

2018-09-15 11:25:05 - [MESSAGE][PASSED] - Delayed 5 second(s)

2018-09-15 11:25:05 - [TEST_STEP][PASSED] - click: Object: 'Object Repository/timeSpentOnlink/leftNavigationBuutton' is clicked on

2018-09-15 11:25:06 - [MESSAGE][PASSED] - Object: 'Object Repository/timeSpentOnlink/leftNavigationBuutton' is clicked on

2018-09-15 11:25:06 - [TEST_STEP][PASSED] - delay: Delayed 5 second(s)

2018-09-15 11:25:11 - [MESSAGE][PASSED] - Delayed 5 second(s)

2018-09-15 11:25:11 - [TEST_STEP][PASSED] - click: Object: 'Object Repository/timeSpentOnlink/leftNavigationBuutton' is clicked on

2018-09-15 11:25:11 - [MESSAGE][PASSED] - Object: 'Object Repository/timeSpentOnlink/leftNavigationBuutton' is clicked on

2018-09-15 11:25:11 - [TEST_STEP][PASSED] - delay: Delayed 5 second(s)

2018-09-15 11:25:16 - [MESSAGE][PASSED] - Delayed 5 second(s)

2018-09-15 11:25:16 - [TEST_STEP][PASSED] - click: Object: 'Object Repository/timeSpentOnlink/leftNavigationBuutton' is clicked on

2018-09-15 11:25:16 - [MESSAGE][PASSED] - Object: 'Object Repository/timeSpentOnlink/leftNavigationBuutton' is clicked on

2018-09-15 11:25:16 - [TEST_STEP][PASSED] - delay: Delayed 5 second(s)

2018-09-15 11:25:21 - [MESSAGE][PASSED] - Delayed 5 second(s)

2018-09-15 11:25:21 - [TEST_STEP][PASSED] - click: Object: 'Object Repository/timeSpentOnlink/leftNavigationBuutton' is clicked on

2018-09-15 11:25:21 - [MESSAGE][PASSED] - Object: 'Object Repository/timeSpentOnlink/leftNavigationBuutton' is clicked on

2018-09-15 11:25:21 - [TEST_STEP][PASSED] - delay: Delayed 5 second(s)

2018-09-15 11:25:26 - [MESSAGE][PASSED] - Delayed 5 second(s)

2018-09-15 11:25:26 - [TEST_STEP][PASSED] - click: Object: 'Object Repository/timeSpentOnlink/leftNavigationBuutton' is clicked on

2018-09-15 11:25:26 - [MESSAGE][PASSED] - Object: 'Object Repository/timeSpentOnlink/leftNavigationBuutton' is clicked on

2018-09-15 11:25:26 - [TEST_STEP][PASSED] - delay: Delayed 5 second(s)

2018-09-15 11:25:31 - [MESSAGE][PASSED] - Delayed 5 second(s)

2018-09-15 11:25:31 - [TEST_STEP][PASSED] - click: Object: 'Object Repository/timeSpentOnlink/leftNavigationBuutton' is clicked on

2018-09-15 11:25:31 - [MESSAGE][PASSED] - Object: 'Object Repository/timeSpentOnlink/leftNavigationBuutton' is clicked on

2018-09-15 11:25:31 - [TEST_STEP][PASSED] - delay: Delayed 5 second(s)

2018-09-15 11:25:36 - [MESSAGE][PASSED] - Delayed 5 second(s)

2018-09-15 11:25:36 - [TEST_STEP][PASSED] - click: Object: 'Object Repository/timeSpentOnlink/backButtonMediatour' is clicked on

2018-09-15 11:25:36 - [MESSAGE][PASSED] - Object: 'Object Repository/timeSpentOnlink/backButtonMediatour' is clicked on

2018-09-15 11:25:36 - [TEST_STEP][PASSED] - Statement - finish = java.lang.System.currentTimeMillis(): null

2018-09-15 11:25:36 - [TEST_STEP][PASSED] - Statement - println("close browser time :" + finish): null

2018-09-15 11:25:36 - [TEST_STEP][PASSED] - Statement - totalTime = finish - start: null

2018-09-15 11:25:36 - [TEST_STEP][PASSED] - Statement - println("totaltime:" + totalTime): null

2018-09-15 11:25:36 - [TEST_STEP][PASSED] - Statement - milliseconds = 1000: null

2018-09-15 11:25:36 - [TEST_STEP][PASSED] - Statement - timeActualSeconds = totalTime / milliseconds: null

2018-09-15 11:25:36 - [TEST_STEP][PASSED] - Statement - println("milliseconds conevrt into sec :" + timeActualSeconds): null

2018-09-15 11:25:36 - [TEST_STEP][PASSED] - Statement - mod = 60: null

2018-09-15 11:25:36 - [TEST_STEP][PASSED] - Statement - S = timeActualSeconds % 60: null

2018-09-15 11:25:36 - [TEST_STEP][PASSED] - Statement - println("Actual time" + S): null

2018-09-15 11:25:36 - [TEST_STEP][PASSED] - Statement - Min = timeActualSeconds / 60: null

2018-09-15 11:25:36 - [TEST_STEP][PASSED] - Statement - print("Min :" + Min): null

2018-09-15 11:25:36 - [TEST_STEP][PASSED] - Statement - Hours = timeActualSeconds / 3600: null

2018-09-15 11:25:36 - [TEST_STEP][PASSED] - Statement - println("hours" + Hours): null

2018-09-15 11:25:36 - [TEST_STEP][PASSED] - Statement - timeSpentOnBrowser = java.lang.String.format("%H %dM %dS", Hours, Min, S): null

2018-09-15 11:25:36 - [TEST_STEP][PASSED] - Statement - println("total time spent on browser:" + timeSpentOnBrowser): null

2018-09-15 11:25:36 - [TEST_STEP][PASSED] - switchToWindowIndex: Switched to window with index: '0'

2018-09-15 11:25:36 - [MESSAGE][PASSED] - Switched to window with index: '0'

2018-09-15 11:25:36 - [TEST_STEP][PASSED] - delay: Delayed 1 second(s)

2018-09-15 11:25:37 - [MESSAGE][PASSED] - Delayed 1 second(s)

2018-09-15 11:25:37 - [TEST_STEP][PASSED] - refresh: Refresh successfully

2018-09-15 11:25:37 - [MESSAGE][PASSED] - Refresh successfully

2018-09-15 11:25:37 - [TEST_STEP][PASSED] - acceptAlert: Alert accepted

2018-09-15 11:25:37 - [MESSAGE][PASSED] - Alert accepted

2018-09-15 11:25:37 - [TEST_STEP][PASSED] - click: Object: 'Object Repository/Stats/statsTab' is clicked on

2018-09-15 11:25:41 - [MESSAGE][PASSED] - Object: 'Object Repository/Stats/statsTab' is clicked on

2018-09-15 11:25:41 - [TEST_STEP][PASSED] - delay: Delayed 20 second(s)

2018-09-15 11:26:01 - [MESSAGE][PASSED] - Delayed 20 second(s)

2018-09-15 11:26:01 - [TEST_STEP][PASSED] - Statement - increaseTime = driver.findElement(org.openqa.selenium.By.xpath("/html/body/div[2]/div/div/div[2]/div[2]/div[1]/div[2]/div[1]/div[6]/div[3]/div[1]")).getText(): null

2018-09-15 11:26:01 - [TEST_STEP][PASSED] - Statement - println("countForms :" + increaseTime): null

2018-09-15 11:26:01 - [TEST_STEP][PASSED] - Statement - varX1 = increaseTime.split(" "): null

2018-09-15 11:26:01 - [TEST_STEP][PASSED] - Statement - Hours = varX[0].replace("H", ""): null

2018-09-15 11:26:01 - [TEST_STEP][PASSED] - Statement - varY1 = increaseTime.split(" "): null

2018-09-15 11:26:01 - [TEST_STEP][PASSED] - Statement - Minutes = varY[1].replace("M", ""): null

2018-09-15 11:26:01 - [TEST_STEP][PASSED] - Statement - currentTimeHour = java.lang.Integer.parseInt(Hours): null

2018-09-15 11:26:01 - [TEST_STEP][PASSED] - Statement - println(currentTimeHour): null

2018-09-15 11:26:01 - [TEST_STEP][PASSED] - Statement - currentTimeMin = java.lang.Integer.parseInt(Minutes): null

2018-09-15 11:26:01 - [TEST_STEP][PASSED] - Statement - println(currentTimeMin): null

2018-09-15 11:26:01 - [TEST_STEP][PASSED] - delay: Delayed 3 second(s)

2018-09-15 11:26:04 - [MESSAGE][PASSED] - Delayed 3 second(s)]]></system-out>
         <system-err><![CDATA[]]></system-err>
      </testcase>
      <testcase name="Test Cases/completed/TestCases7_Public Customers/CallOnlyPublicCustomers/emptyNameAndEmailWithoutTag" classname="Test Cases/completed/TestCases7_Public Customers/CallOnlyPublicCustomers/emptyNameAndEmailWithoutTag" status="PASSED">
         <system-out><![CDATA[2018-09-15 11:26:04 - [TEST_CASE][PASSED] - Test Cases/completed/TestCases7_Public Customers/CallOnlyPublicCustomers/emptyNameAndEmailWithoutTag: Test Cases/completed/TestCases7_Public Customers/CallOnlyPublicCustomers/emptyNameAndEmailWithoutTag

2018-09-15 11:26:04 - [TEST_STEP][PASSED] - callTestCase: Call Test Case 'Test Cases/BVT/aSimple_Login' successfully

2018-09-15 11:26:04 - [TEST_CASE][PASSED] - Test Cases/BVT/aSimple_Login: Test Cases/BVT/aSimple_Login

2018-09-15 11:26:04 - [TEST_STEP][PASSED] - openBrowser: Browser is opened with url: ''

2018-09-15 11:26:04 - [MESSAGE][WARNING] - A browser is already opened. Closing browser and opening a new one

2018-09-15 11:26:07 - [MESSAGE][PASSED] - Browser is opened with url: ''

2018-09-15 11:26:07 - [TEST_STEP][PASSED] - maximizeWindow: Current window maximized

2018-09-15 11:26:08 - [MESSAGE][PASSED] - Current window maximized

2018-09-15 11:26:08 - [TEST_STEP][PASSED] - navigateToUrl: Navigate to 'https://dev.vcalling.in/enterprises/UAT/Dashboard/index.html' successfully

2018-09-15 11:26:12 - [MESSAGE][PASSED] - Navigate to 'https://dev.vcalling.in/enterprises/UAT/Dashboard/index.html' successfully

2018-09-15 11:26:12 - [TEST_STEP][PASSED] - setText: Text 'testing4dea@gmail.com' is set on object 'Object Repository/Login/UserId'

2018-09-15 11:26:12 - [MESSAGE][PASSED] - Text 'testing4dea@gmail.com' is set on object 'Object Repository/Login/UserId'

2018-09-15 11:26:12 - [TEST_STEP][PASSED] - click: Object: 'Object Repository/Login/div_GET OTP' is clicked on

2018-09-15 11:26:13 - [MESSAGE][PASSED] - Object: 'Object Repository/Login/div_GET OTP' is clicked on

2018-09-15 11:26:13 - [TEST_STEP][PASSED] - waitForElementPresent: Object 'Object Repository/Login/div_SUBMIT' is present

2018-09-15 11:26:15 - [MESSAGE][PASSED] - Object 'Object Repository/Login/div_SUBMIT' is present

2018-09-15 11:26:15 - [TEST_STEP][PASSED] - Statement - If (com.kms.katalon.core.webui.keyword.WebUiBuiltInKeywords.verifyElementNotPresent(com.kms.katalon.core.testobject.ObjectRepository.findTestObject(Login/div_SUBMIT), 5, OPTIONAL)): Web element with id: 'Object Repository/Login/div_SUBMIT' located by 'By.xpath: //div[(text() = ' SUBMIT ' or . = ' SUBMIT ')]' is present after '5' second(s)

2018-09-15 11:26:20 - [MESSAGE][WARNING] - Web element with id: 'Object Repository/Login/div_SUBMIT' located by 'By.xpath: //div[(text() = ' SUBMIT ' or . = ' SUBMIT ')]' is present after '5' second(s)
[[ATTACHMENT|C:\\Users\\Kaushal\\Desktop\\Katalon Studio\\vCallingDashboard\\Reports\\RegressionSuite\\20180915_103222\\1537007180271.png]]

2018-09-15 11:26:20 - [TEST_STEP][PASSED] - Statement - sleep(5000): null

2018-09-15 11:26:25 - [TEST_STEP][PASSED] - Statement - OTP = getOTP(): null

2018-09-15 11:26:25 - [TEST_STEP][PASSED] - Statement - host = "imap.gmail.com": null

2018-09-15 11:26:25 - [TEST_STEP][PASSED] - Statement - msg = <not implemented yet for class: org.codehaus.groovy.ast.expr.EmptyExpression>: null

2018-09-15 11:26:25 - [TEST_STEP][PASSED] - Statement - msgSub = <not implemented yet for class: org.codehaus.groovy.ast.expr.EmptyExpression>: null

2018-09-15 11:26:25 - [TEST_STEP][PASSED] - Statement - OTP = "unavailable": null

2018-09-15 11:26:25 - [TEST_STEP][PASSED] - Statement - props = new java.util.Properties(): null

2018-09-15 11:26:25 - [TEST_STEP][PASSED] - Statement - props.setProperty("mail.imap.ssl.enable", "true"): null

2018-09-15 11:26:25 - [TEST_STEP][PASSED] - Statement - session = javax.mail.Session.getInstance(props): null

2018-09-15 11:26:25 - [TEST_STEP][PASSED] - Statement - store = <not implemented yet for class: org.codehaus.groovy.ast.expr.EmptyExpression>: null

2018-09-15 11:26:25 - [TEST_STEP][PASSED] - Statement - Try: null

2018-09-15 11:26:25 - [TEST_STEP][PASSED] - Statement - store = session.getStore("imap"): null

2018-09-15 11:26:25 - [TEST_STEP][PASSED] - Statement - store.connect(host, Email, Password): null

2018-09-15 11:26:27 - [TEST_STEP][PASSED] - Statement - emailFolder = store.getFolder("INBOX"): null

2018-09-15 11:26:27 - [TEST_STEP][PASSED] - Statement - emailFolder.open(READ_WRITE): null

2018-09-15 11:26:27 - [TEST_STEP][PASSED] - Statement - messages = emailFolder.getMessages(): null

2018-09-15 11:26:27 - [TEST_STEP][PASSED] - Statement - n = length: null

2018-09-15 11:26:27 - [TEST_STEP][PASSED] - Statement - message = messages[n - 1]: null

2018-09-15 11:26:27 - [TEST_STEP][PASSED] - Statement - msgSub = message.getSubject(): null

2018-09-15 11:26:28 - [TEST_STEP][PASSED] - Statement - If (msgSub.equals("OTP to Sign In")): null

2018-09-15 11:26:28 - [TEST_STEP][PASSED] - Statement - msg = message.getContent().toString(): null

2018-09-15 11:26:29 - [TEST_STEP][PASSED] - Statement - OTP = msg.substring(msg.length() - 7): null

2018-09-15 11:26:29 - [TEST_STEP][PASSED] - Statement - message.setFlag(DELETED, true): null

2018-09-15 11:26:29 - [TEST_STEP][PASSED] - Statement - emailFolder.close(true): null

2018-09-15 11:26:29 - [TEST_STEP][PASSED] - Statement - store.close(): null

2018-09-15 11:26:30 - [TEST_STEP][PASSED] - Statement - return OTP: null

2018-09-15 11:26:30 - [TEST_STEP][PASSED] - Statement - If (OTP.equals("unavailable")): null

2018-09-15 11:26:30 - [TEST_STEP][PASSED] - Statement - Else: Text 'x1444
' is set on object 'Object Repository/Login/OtpInput'

2018-09-15 11:26:30 - [TEST_STEP][PASSED] - setText: Text 'x1444
' is set on object 'Object Repository/Login/OtpInput'

2018-09-15 11:26:30 - [MESSAGE][PASSED] - Text 'x1444
' is set on object 'Object Repository/Login/OtpInput'

2018-09-15 11:26:30 - [TEST_STEP][PASSED] - verifyElementPresent: Object 'Object Repository/Login/afterOpenDisplay' is present

2018-09-15 11:26:31 - [MESSAGE][PASSED] - Object 'Object Repository/Login/afterOpenDisplay' is present

2018-09-15 11:26:31 - [MESSAGE][PASSED] - Call Test Case 'Test Cases/BVT/aSimple_Login' successfully

2018-09-15 11:26:31 - [TEST_STEP][PASSED] - Statement - driver = com.kms.katalon.core.webui.driver.DriverFactory.getWebDriver(): null

2018-09-15 11:26:31 - [TEST_STEP][PASSED] - click: Object: 'Object Repository/sideBarContainer/linkLogDataBase' is clicked on

2018-09-15 11:26:31 - [MESSAGE][PASSED] - Object: 'Object Repository/sideBarContainer/linkLogDataBase' is clicked on

2018-09-15 11:26:31 - [TEST_STEP][PASSED] - click: Object: 'Object Repository/Dashboard_Link Generator/linkgeneratorIcon' is clicked on

2018-09-15 11:26:31 - [MESSAGE][PASSED] - Object: 'Object Repository/Dashboard_Link Generator/linkgeneratorIcon' is clicked on

2018-09-15 11:26:31 - [TEST_STEP][PASSED] - click: Object: 'Object Repository/Public Links/publicLinkTab' is clicked on

2018-09-15 11:26:32 - [MESSAGE][PASSED] - Object: 'Object Repository/Public Links/publicLinkTab' is clicked on

2018-09-15 11:26:32 - [TEST_STEP][PASSED] - click: Object: 'Object Repository/Public Links/checkBoxPubLink' is clicked on

2018-09-15 11:26:32 - [MESSAGE][PASSED] - Object: 'Object Repository/Public Links/checkBoxPubLink' is clicked on

2018-09-15 11:26:32 - [TEST_STEP][PASSED] - click: Object: 'Object Repository/Public Links/GetLink' is clicked on

2018-09-15 11:26:32 - [MESSAGE][PASSED] - Object: 'Object Repository/Public Links/GetLink' is clicked on

2018-09-15 11:26:32 - [TEST_STEP][PASSED] - Statement - getLink = com.kms.katalon.core.webui.keyword.WebUiBuiltInKeywords.getAttribute(com.kms.katalon.core.testobject.ObjectRepository.findTestObject(Dashboard_Link Generator/input_link-text), "value"): Attribute 'value' of object 'Object Repository/Dashboard_Link Generator/input_link-text' is: 'https://dev.vcalling.in/url/UAT/?id=UAT_publicLink-137&p=t&c=t'

2018-09-15 11:26:33 - [MESSAGE][PASSED] - Attribute 'value' of object 'Object Repository/Dashboard_Link Generator/input_link-text' is: 'https://dev.vcalling.in/url/UAT/?id=UAT_publicLink-137&p=t&c=t'

2018-09-15 11:26:33 - [TEST_STEP][PASSED] - Statement - println(getLink): null

2018-09-15 11:26:33 - [TEST_STEP][PASSED] - click: Object: 'Object Repository/Dashboard_Link Generator/copyLink' is clicked on

2018-09-15 11:26:33 - [MESSAGE][PASSED] - Object: 'Object Repository/Dashboard_Link Generator/copyLink' is clicked on

2018-09-15 11:26:33 - [TEST_STEP][PASSED] - Statement - js = driver: null

2018-09-15 11:26:33 - [TEST_STEP][PASSED] - Statement - js.executeScript("window.open();"): null

2018-09-15 11:26:33 - [TEST_STEP][PASSED] - Statement - currentWindow = com.kms.katalon.core.webui.keyword.WebUiBuiltInKeywords.getWindowIndex(): Current window's index is: 0

2018-09-15 11:26:33 - [MESSAGE][PASSED] - Current window's index is: 0

2018-09-15 11:26:33 - [TEST_STEP][PASSED] - switchToWindowIndex: Switched to window with index: '1'

2018-09-15 11:26:33 - [MESSAGE][PASSED] - Switched to window with index: '1'

2018-09-15 11:26:33 - [TEST_STEP][PASSED] - navigateToUrl: Navigate to 'https://dev.vcalling.in/url/UAT/?id=UAT_publicLink-137&p=t&c=t' successfully

2018-09-15 11:26:35 - [MESSAGE][PASSED] - Navigate to 'https://dev.vcalling.in/url/UAT/?id=UAT_publicLink-137&p=t&c=t' successfully

2018-09-15 11:26:35 - [TEST_STEP][PASSED] - setText: Text ' ' is set on object 'Object Repository/PublicCustomer/callOnlyCustName'

2018-09-15 11:26:37 - [MESSAGE][PASSED] - Text ' ' is set on object 'Object Repository/PublicCustomer/callOnlyCustName'

2018-09-15 11:26:37 - [TEST_STEP][PASSED] - click: Object: 'Object Repository/PublicCustomer/callOnlyNextButton' is clicked on

2018-09-15 11:26:37 - [MESSAGE][PASSED] - Object: 'Object Repository/PublicCustomer/callOnlyNextButton' is clicked on

2018-09-15 11:26:37 - [TEST_STEP][PASSED] - setText: Text 'AZ4BF4ebL9@gmail.com' is set on object 'Object Repository/PublicCustomer/callOnlyEmail'

2018-09-15 11:26:37 - [MESSAGE][PASSED] - newPackage.newKeyword.randomString is PASSED

2018-09-15 11:26:37 - [MESSAGE][PASSED] - Text 'AZ4BF4ebL9@gmail.com' is set on object 'Object Repository/PublicCustomer/callOnlyEmail'

2018-09-15 11:26:37 - [TEST_STEP][PASSED] - click: Object: 'Object Repository/PublicCustomer/doneButtonCallOnly' is clicked on

2018-09-15 11:26:38 - [MESSAGE][PASSED] - Object: 'Object Repository/PublicCustomer/doneButtonCallOnly' is clicked on

2018-09-15 11:26:38 - [TEST_STEP][PASSED] - Statement - currentTab = com.kms.katalon.core.webui.keyword.WebUiBuiltInKeywords.getWindowIndex(): Current window's index is: 1

2018-09-15 11:26:38 - [MESSAGE][PASSED] - Current window's index is: 1

2018-09-15 11:26:38 - [TEST_STEP][PASSED] - delay: Delayed 10 second(s)

2018-09-15 11:26:48 - [MESSAGE][PASSED] - Delayed 10 second(s)

2018-09-15 11:26:48 - [TEST_STEP][PASSED] - switchToWindowIndex: Switched to window with index: '0'

2018-09-15 11:26:48 - [MESSAGE][PASSED] - Switched to window with index: '0'

2018-09-15 11:26:48 - [TEST_STEP][PASSED] - refresh: Refresh successfully

2018-09-15 11:26:48 - [MESSAGE][PASSED] - Refresh successfully

2018-09-15 11:26:48 - [TEST_STEP][PASSED] - acceptAlert: Alert accepted

2018-09-15 11:26:48 - [MESSAGE][PASSED] - Alert accepted

2018-09-15 11:26:48 - [TEST_STEP][PASSED] - click: Object: 'Object Repository/sideBarContainer/linkLogDataBase' is clicked on

2018-09-15 11:26:51 - [MESSAGE][PASSED] - Object: 'Object Repository/sideBarContainer/linkLogDataBase' is clicked on]]></system-out>
         <system-err><![CDATA[]]></system-err>
      </testcase>
      <testcase name="Test Cases/completed/TestCases7_Public Customers/CallOnlyPublicCustomers/emptyNameAndNumberWithoutTag" classname="Test Cases/completed/TestCases7_Public Customers/CallOnlyPublicCustomers/emptyNameAndNumberWithoutTag" status="PASSED">
         <system-out><![CDATA[2018-09-15 11:26:51 - [TEST_CASE][PASSED] - Test Cases/completed/TestCases7_Public Customers/CallOnlyPublicCustomers/emptyNameAndNumberWithoutTag: Test Cases/completed/TestCases7_Public Customers/CallOnlyPublicCustomers/emptyNameAndNumberWithoutTag

2018-09-15 11:26:52 - [TEST_STEP][PASSED] - callTestCase: Call Test Case 'Test Cases/BVT/aSimple_Login' successfully

2018-09-15 11:26:52 - [TEST_CASE][PASSED] - Test Cases/BVT/aSimple_Login: Test Cases/BVT/aSimple_Login

2018-09-15 11:26:52 - [TEST_STEP][PASSED] - openBrowser: Browser is opened with url: ''

2018-09-15 11:26:52 - [MESSAGE][WARNING] - A browser is already opened. Closing browser and opening a new one

2018-09-15 11:26:55 - [MESSAGE][PASSED] - Browser is opened with url: ''

2018-09-15 11:26:55 - [TEST_STEP][PASSED] - maximizeWindow: Current window maximized

2018-09-15 11:26:56 - [MESSAGE][PASSED] - Current window maximized

2018-09-15 11:26:56 - [TEST_STEP][PASSED] - navigateToUrl: Navigate to 'https://dev.vcalling.in/enterprises/UAT/Dashboard/index.html' successfully

2018-09-15 11:27:01 - [MESSAGE][PASSED] - Navigate to 'https://dev.vcalling.in/enterprises/UAT/Dashboard/index.html' successfully

2018-09-15 11:27:01 - [TEST_STEP][PASSED] - setText: Text 'testing4dea@gmail.com' is set on object 'Object Repository/Login/UserId'

2018-09-15 11:27:01 - [MESSAGE][PASSED] - Text 'testing4dea@gmail.com' is set on object 'Object Repository/Login/UserId'

2018-09-15 11:27:01 - [TEST_STEP][PASSED] - click: Object: 'Object Repository/Login/div_GET OTP' is clicked on

2018-09-15 11:27:01 - [MESSAGE][PASSED] - Object: 'Object Repository/Login/div_GET OTP' is clicked on

2018-09-15 11:27:01 - [TEST_STEP][PASSED] - waitForElementPresent: Object 'Object Repository/Login/div_SUBMIT' is present

2018-09-15 11:27:02 - [MESSAGE][PASSED] - Object 'Object Repository/Login/div_SUBMIT' is present

2018-09-15 11:27:02 - [TEST_STEP][PASSED] - Statement - If (com.kms.katalon.core.webui.keyword.WebUiBuiltInKeywords.verifyElementNotPresent(com.kms.katalon.core.testobject.ObjectRepository.findTestObject(Login/div_SUBMIT), 5, OPTIONAL)): Web element with id: 'Object Repository/Login/div_SUBMIT' located by 'By.xpath: //div[(text() = ' SUBMIT ' or . = ' SUBMIT ')]' is present after '5' second(s)

2018-09-15 11:27:08 - [MESSAGE][WARNING] - Web element with id: 'Object Repository/Login/div_SUBMIT' located by 'By.xpath: //div[(text() = ' SUBMIT ' or . = ' SUBMIT ')]' is present after '5' second(s)
[[ATTACHMENT|C:\\Users\\Kaushal\\Desktop\\Katalon Studio\\vCallingDashboard\\Reports\\RegressionSuite\\20180915_103222\\1537007227725.png]]

2018-09-15 11:27:08 - [TEST_STEP][PASSED] - Statement - sleep(5000): null

2018-09-15 11:27:13 - [TEST_STEP][PASSED] - Statement - OTP = getOTP(): null

2018-09-15 11:27:13 - [TEST_STEP][PASSED] - Statement - host = "imap.gmail.com": null

2018-09-15 11:27:13 - [TEST_STEP][PASSED] - Statement - msg = <not implemented yet for class: org.codehaus.groovy.ast.expr.EmptyExpression>: null

2018-09-15 11:27:13 - [TEST_STEP][PASSED] - Statement - msgSub = <not implemented yet for class: org.codehaus.groovy.ast.expr.EmptyExpression>: null

2018-09-15 11:27:13 - [TEST_STEP][PASSED] - Statement - OTP = "unavailable": null

2018-09-15 11:27:13 - [TEST_STEP][PASSED] - Statement - props = new java.util.Properties(): null

2018-09-15 11:27:13 - [TEST_STEP][PASSED] - Statement - props.setProperty("mail.imap.ssl.enable", "true"): null

2018-09-15 11:27:13 - [TEST_STEP][PASSED] - Statement - session = javax.mail.Session.getInstance(props): null

2018-09-15 11:27:13 - [TEST_STEP][PASSED] - Statement - store = <not implemented yet for class: org.codehaus.groovy.ast.expr.EmptyExpression>: null

2018-09-15 11:27:13 - [TEST_STEP][PASSED] - Statement - Try: null

2018-09-15 11:27:13 - [TEST_STEP][PASSED] - Statement - store = session.getStore("imap"): null

2018-09-15 11:27:13 - [TEST_STEP][PASSED] - Statement - store.connect(host, Email, Password): null

2018-09-15 11:27:15 - [TEST_STEP][PASSED] - Statement - emailFolder = store.getFolder("INBOX"): null

2018-09-15 11:27:15 - [TEST_STEP][PASSED] - Statement - emailFolder.open(READ_WRITE): null

2018-09-15 11:27:16 - [TEST_STEP][PASSED] - Statement - messages = emailFolder.getMessages(): null

2018-09-15 11:27:16 - [TEST_STEP][PASSED] - Statement - n = length: null

2018-09-15 11:27:16 - [TEST_STEP][PASSED] - Statement - message = messages[n - 1]: null

2018-09-15 11:27:16 - [TEST_STEP][PASSED] - Statement - msgSub = message.getSubject(): null

2018-09-15 11:27:16 - [TEST_STEP][PASSED] - Statement - If (msgSub.equals("OTP to Sign In")): null

2018-09-15 11:27:16 - [TEST_STEP][PASSED] - Statement - msg = message.getContent().toString(): null

2018-09-15 11:27:17 - [TEST_STEP][PASSED] - Statement - OTP = msg.substring(msg.length() - 7): null

2018-09-15 11:27:17 - [TEST_STEP][PASSED] - Statement - message.setFlag(DELETED, true): null

2018-09-15 11:27:17 - [TEST_STEP][PASSED] - Statement - emailFolder.close(true): null

2018-09-15 11:27:17 - [TEST_STEP][PASSED] - Statement - store.close(): null

2018-09-15 11:27:18 - [TEST_STEP][PASSED] - Statement - return OTP: null

2018-09-15 11:27:18 - [TEST_STEP][PASSED] - Statement - If (OTP.equals("unavailable")): null

2018-09-15 11:27:18 - [TEST_STEP][PASSED] - Statement - Else: Text 'f8376
' is set on object 'Object Repository/Login/OtpInput'

2018-09-15 11:27:18 - [TEST_STEP][PASSED] - setText: Text 'f8376
' is set on object 'Object Repository/Login/OtpInput'

2018-09-15 11:27:18 - [MESSAGE][PASSED] - Text 'f8376
' is set on object 'Object Repository/Login/OtpInput'

2018-09-15 11:27:18 - [TEST_STEP][PASSED] - verifyElementPresent: Object 'Object Repository/Login/afterOpenDisplay' is present

2018-09-15 11:27:19 - [MESSAGE][PASSED] - Object 'Object Repository/Login/afterOpenDisplay' is present

2018-09-15 11:27:19 - [MESSAGE][PASSED] - Call Test Case 'Test Cases/BVT/aSimple_Login' successfully

2018-09-15 11:27:19 - [TEST_STEP][PASSED] - Statement - driver = com.kms.katalon.core.webui.driver.DriverFactory.getWebDriver(): null

2018-09-15 11:27:19 - [TEST_STEP][PASSED] - click: Object: 'Object Repository/Dashboard_Link Generator/linkgeneratorIcon' is clicked on

2018-09-15 11:27:19 - [MESSAGE][PASSED] - Object: 'Object Repository/Dashboard_Link Generator/linkgeneratorIcon' is clicked on

2018-09-15 11:27:19 - [TEST_STEP][PASSED] - click: Object: 'Object Repository/Public Links/publicLinkTab' is clicked on

2018-09-15 11:27:20 - [MESSAGE][PASSED] - Object: 'Object Repository/Public Links/publicLinkTab' is clicked on

2018-09-15 11:27:20 - [TEST_STEP][PASSED] - click: Object: 'Object Repository/Public Links/checkBoxPubLink' is clicked on

2018-09-15 11:27:20 - [MESSAGE][PASSED] - Object: 'Object Repository/Public Links/checkBoxPubLink' is clicked on

2018-09-15 11:27:20 - [TEST_STEP][PASSED] - click: Object: 'Object Repository/Public Links/GetLink' is clicked on

2018-09-15 11:27:20 - [MESSAGE][PASSED] - Object: 'Object Repository/Public Links/GetLink' is clicked on

2018-09-15 11:27:20 - [TEST_STEP][PASSED] - Statement - getLink = com.kms.katalon.core.webui.keyword.WebUiBuiltInKeywords.getAttribute(com.kms.katalon.core.testobject.ObjectRepository.findTestObject(Dashboard_Link Generator/input_link-text), "value"): Attribute 'value' of object 'Object Repository/Dashboard_Link Generator/input_link-text' is: 'https://dev.vcalling.in/url/UAT/?id=UAT_publicLink-137&p=t&c=t'

2018-09-15 11:27:21 - [MESSAGE][PASSED] - Attribute 'value' of object 'Object Repository/Dashboard_Link Generator/input_link-text' is: 'https://dev.vcalling.in/url/UAT/?id=UAT_publicLink-137&p=t&c=t'

2018-09-15 11:27:21 - [TEST_STEP][PASSED] - Statement - println(getLink): null

2018-09-15 11:27:21 - [TEST_STEP][PASSED] - click: Object: 'Object Repository/Dashboard_Link Generator/copyLink' is clicked on

2018-09-15 11:27:21 - [MESSAGE][PASSED] - Object: 'Object Repository/Dashboard_Link Generator/copyLink' is clicked on

2018-09-15 11:27:21 - [TEST_STEP][PASSED] - delay: Delayed 2 second(s)

2018-09-15 11:27:23 - [MESSAGE][PASSED] - Delayed 2 second(s)

2018-09-15 11:27:23 - [TEST_STEP][PASSED] - Statement - js = driver: null

2018-09-15 11:27:23 - [TEST_STEP][PASSED] - Statement - js.executeScript("window.open();"): null

2018-09-15 11:27:23 - [TEST_STEP][PASSED] - Statement - currentWindow = com.kms.katalon.core.webui.keyword.WebUiBuiltInKeywords.getWindowIndex(): Current window's index is: 0

2018-09-15 11:27:23 - [MESSAGE][PASSED] - Current window's index is: 0

2018-09-15 11:27:23 - [TEST_STEP][PASSED] - switchToWindowIndex: Switched to window with index: '1'

2018-09-15 11:27:23 - [MESSAGE][PASSED] - Switched to window with index: '1'

2018-09-15 11:27:23 - [TEST_STEP][PASSED] - navigateToUrl: Navigate to 'https://dev.vcalling.in/url/UAT/?id=UAT_publicLink-137&p=t&c=t' successfully

2018-09-15 11:27:26 - [MESSAGE][PASSED] - Navigate to 'https://dev.vcalling.in/url/UAT/?id=UAT_publicLink-137&p=t&c=t' successfully

2018-09-15 11:27:26 - [TEST_STEP][PASSED] - setText: Text ' ' is set on object 'Object Repository/PublicCustomer/callOnlyCustName'

2018-09-15 11:27:28 - [MESSAGE][PASSED] - Text ' ' is set on object 'Object Repository/PublicCustomer/callOnlyCustName'

2018-09-15 11:27:28 - [TEST_STEP][PASSED] - click: Object: 'Object Repository/PublicCustomer/callOnlyNextButton' is clicked on

2018-09-15 11:27:28 - [MESSAGE][PASSED] - Object: 'Object Repository/PublicCustomer/callOnlyNextButton' is clicked on

2018-09-15 11:27:28 - [TEST_STEP][PASSED] - Statement - number = CustomKeywords.phoneNumbers.contactNumbers.randomString(9): phoneNumbers.contactNumbers.randomString is PASSED

2018-09-15 11:27:28 - [MESSAGE][PASSED] - phoneNumbers.contactNumbers.randomString is PASSED

2018-09-15 11:27:28 - [TEST_STEP][PASSED] - Statement - Mobile_Number = number: null

2018-09-15 11:27:28 - [TEST_STEP][PASSED] - setText: Text '3890203301' is set on object 'Object Repository/PublicCustomer/customerNumber'

2018-09-15 11:27:28 - [MESSAGE][PASSED] - Text '3890203301' is set on object 'Object Repository/PublicCustomer/customerNumber'

2018-09-15 11:27:28 - [TEST_STEP][PASSED] - click: Object: 'Object Repository/PublicCustomer/doneButtonCallOnly' is clicked on

2018-09-15 11:27:29 - [MESSAGE][PASSED] - Object: 'Object Repository/PublicCustomer/doneButtonCallOnly' is clicked on

2018-09-15 11:27:29 - [TEST_STEP][PASSED] - Statement - currentTab = com.kms.katalon.core.webui.keyword.WebUiBuiltInKeywords.getWindowIndex(): Current window's index is: 1

2018-09-15 11:27:29 - [MESSAGE][PASSED] - Current window's index is: 1

2018-09-15 11:27:29 - [TEST_STEP][PASSED] - delay: Delayed 10 second(s)

2018-09-15 11:27:39 - [MESSAGE][PASSED] - Delayed 10 second(s)

2018-09-15 11:27:39 - [TEST_STEP][PASSED] - switchToWindowIndex: Switched to window with index: '0'

2018-09-15 11:27:39 - [MESSAGE][PASSED] - Switched to window with index: '0'

2018-09-15 11:27:39 - [TEST_STEP][PASSED] - refresh: Refresh successfully

2018-09-15 11:27:39 - [MESSAGE][PASSED] - Refresh successfully

2018-09-15 11:27:39 - [TEST_STEP][PASSED] - acceptAlert: Alert accepted

2018-09-15 11:27:39 - [MESSAGE][PASSED] - Alert accepted]]></system-out>
         <system-err><![CDATA[]]></system-err>
      </testcase>
      <testcase name="Test Cases/completed/TestCases7_Public Customers/CallOnlyPublicCustomers/emptyNameEmailNumAndWithoutTag" classname="Test Cases/completed/TestCases7_Public Customers/CallOnlyPublicCustomers/emptyNameEmailNumAndWithoutTag" status="PASSED">
         <system-out><![CDATA[2018-09-15 11:27:39 - [TEST_CASE][PASSED] - Test Cases/completed/TestCases7_Public Customers/CallOnlyPublicCustomers/emptyNameEmailNumAndWithoutTag: Test Cases/completed/TestCases7_Public Customers/CallOnlyPublicCustomers/emptyNameEmailNumAndWithoutTag

2018-09-15 11:27:40 - [TEST_STEP][PASSED] - callTestCase: Call Test Case 'Test Cases/BVT/aSimple_Login' successfully

2018-09-15 11:27:40 - [TEST_CASE][PASSED] - Test Cases/BVT/aSimple_Login: Test Cases/BVT/aSimple_Login

2018-09-15 11:27:40 - [TEST_STEP][PASSED] - openBrowser: Browser is opened with url: ''

2018-09-15 11:27:40 - [MESSAGE][WARNING] - A browser is already opened. Closing browser and opening a new one

2018-09-15 11:27:43 - [MESSAGE][PASSED] - Browser is opened with url: ''

2018-09-15 11:27:43 - [TEST_STEP][PASSED] - maximizeWindow: Current window maximized

2018-09-15 11:27:44 - [MESSAGE][PASSED] - Current window maximized

2018-09-15 11:27:44 - [TEST_STEP][PASSED] - navigateToUrl: Navigate to 'https://dev.vcalling.in/enterprises/UAT/Dashboard/index.html' successfully

2018-09-15 11:27:48 - [MESSAGE][PASSED] - Navigate to 'https://dev.vcalling.in/enterprises/UAT/Dashboard/index.html' successfully

2018-09-15 11:27:48 - [TEST_STEP][PASSED] - setText: Text 'testing4dea@gmail.com' is set on object 'Object Repository/Login/UserId'

2018-09-15 11:27:48 - [MESSAGE][PASSED] - Text 'testing4dea@gmail.com' is set on object 'Object Repository/Login/UserId'

2018-09-15 11:27:48 - [TEST_STEP][PASSED] - click: Object: 'Object Repository/Login/div_GET OTP' is clicked on

2018-09-15 11:27:48 - [MESSAGE][PASSED] - Object: 'Object Repository/Login/div_GET OTP' is clicked on

2018-09-15 11:27:48 - [TEST_STEP][PASSED] - waitForElementPresent: Object 'Object Repository/Login/div_SUBMIT' is present

2018-09-15 11:27:50 - [MESSAGE][PASSED] - Object 'Object Repository/Login/div_SUBMIT' is present

2018-09-15 11:27:50 - [TEST_STEP][PASSED] - Statement - If (com.kms.katalon.core.webui.keyword.WebUiBuiltInKeywords.verifyElementNotPresent(com.kms.katalon.core.testobject.ObjectRepository.findTestObject(Login/div_SUBMIT), 5, OPTIONAL)): Web element with id: 'Object Repository/Login/div_SUBMIT' located by 'By.xpath: //div[(text() = ' SUBMIT ' or . = ' SUBMIT ')]' is present after '5' second(s)

2018-09-15 11:27:55 - [MESSAGE][WARNING] - Web element with id: 'Object Repository/Login/div_SUBMIT' located by 'By.xpath: //div[(text() = ' SUBMIT ' or . = ' SUBMIT ')]' is present after '5' second(s)
[[ATTACHMENT|C:\\Users\\Kaushal\\Desktop\\Katalon Studio\\vCallingDashboard\\Reports\\RegressionSuite\\20180915_103222\\1537007275529.png]]

2018-09-15 11:27:55 - [TEST_STEP][PASSED] - Statement - sleep(5000): null

2018-09-15 11:28:00 - [TEST_STEP][PASSED] - Statement - OTP = getOTP(): null

2018-09-15 11:28:00 - [TEST_STEP][PASSED] - Statement - host = "imap.gmail.com": null

2018-09-15 11:28:00 - [TEST_STEP][PASSED] - Statement - msg = <not implemented yet for class: org.codehaus.groovy.ast.expr.EmptyExpression>: null

2018-09-15 11:28:00 - [TEST_STEP][PASSED] - Statement - msgSub = <not implemented yet for class: org.codehaus.groovy.ast.expr.EmptyExpression>: null

2018-09-15 11:28:00 - [TEST_STEP][PASSED] - Statement - OTP = "unavailable": null

2018-09-15 11:28:00 - [TEST_STEP][PASSED] - Statement - props = new java.util.Properties(): null

2018-09-15 11:28:00 - [TEST_STEP][PASSED] - Statement - props.setProperty("mail.imap.ssl.enable", "true"): null

2018-09-15 11:28:00 - [TEST_STEP][PASSED] - Statement - session = javax.mail.Session.getInstance(props): null

2018-09-15 11:28:00 - [TEST_STEP][PASSED] - Statement - store = <not implemented yet for class: org.codehaus.groovy.ast.expr.EmptyExpression>: null

2018-09-15 11:28:00 - [TEST_STEP][PASSED] - Statement - Try: null

2018-09-15 11:28:00 - [TEST_STEP][PASSED] - Statement - store = session.getStore("imap"): null

2018-09-15 11:28:00 - [TEST_STEP][PASSED] - Statement - store.connect(host, Email, Password): null

2018-09-15 11:28:02 - [TEST_STEP][PASSED] - Statement - emailFolder = store.getFolder("INBOX"): null

2018-09-15 11:28:02 - [TEST_STEP][PASSED] - Statement - emailFolder.open(READ_WRITE): null

2018-09-15 11:28:03 - [TEST_STEP][PASSED] - Statement - messages = emailFolder.getMessages(): null

2018-09-15 11:28:03 - [TEST_STEP][PASSED] - Statement - n = length: null

2018-09-15 11:28:03 - [TEST_STEP][PASSED] - Statement - message = messages[n - 1]: null

2018-09-15 11:28:03 - [TEST_STEP][PASSED] - Statement - msgSub = message.getSubject(): null

2018-09-15 11:28:03 - [TEST_STEP][PASSED] - Statement - If (msgSub.equals("OTP to Sign In")): null

2018-09-15 11:28:03 - [TEST_STEP][PASSED] - Statement - msg = message.getContent().toString(): null

2018-09-15 11:28:04 - [TEST_STEP][PASSED] - Statement - OTP = msg.substring(msg.length() - 7): null

2018-09-15 11:28:04 - [TEST_STEP][PASSED] - Statement - message.setFlag(DELETED, true): null

2018-09-15 11:28:04 - [TEST_STEP][PASSED] - Statement - emailFolder.close(true): null

2018-09-15 11:28:04 - [TEST_STEP][PASSED] - Statement - store.close(): null

2018-09-15 11:28:05 - [TEST_STEP][PASSED] - Statement - return OTP: null

2018-09-15 11:28:05 - [TEST_STEP][PASSED] - Statement - If (OTP.equals("unavailable")): null

2018-09-15 11:28:05 - [TEST_STEP][PASSED] - Statement - Else: Text 'j5736
' is set on object 'Object Repository/Login/OtpInput'

2018-09-15 11:28:05 - [TEST_STEP][PASSED] - setText: Text 'j5736
' is set on object 'Object Repository/Login/OtpInput'

2018-09-15 11:28:05 - [MESSAGE][PASSED] - Text 'j5736
' is set on object 'Object Repository/Login/OtpInput'

2018-09-15 11:28:05 - [TEST_STEP][PASSED] - verifyElementPresent: Object 'Object Repository/Login/afterOpenDisplay' is present

2018-09-15 11:28:06 - [MESSAGE][PASSED] - Object 'Object Repository/Login/afterOpenDisplay' is present

2018-09-15 11:28:06 - [MESSAGE][PASSED] - Call Test Case 'Test Cases/BVT/aSimple_Login' successfully

2018-09-15 11:28:06 - [TEST_STEP][PASSED] - Statement - driver = com.kms.katalon.core.webui.driver.DriverFactory.getWebDriver(): null

2018-09-15 11:28:06 - [TEST_STEP][PASSED] - click: Object: 'Object Repository/Dashboard_Link Generator/linkgeneratorIcon' is clicked on

2018-09-15 11:28:06 - [MESSAGE][PASSED] - Object: 'Object Repository/Dashboard_Link Generator/linkgeneratorIcon' is clicked on

2018-09-15 11:28:06 - [TEST_STEP][PASSED] - click: Object: 'Object Repository/Public Links/publicLinkTab' is clicked on

2018-09-15 11:28:07 - [MESSAGE][PASSED] - Object: 'Object Repository/Public Links/publicLinkTab' is clicked on

2018-09-15 11:28:07 - [TEST_STEP][PASSED] - click: Object: 'Object Repository/Public Links/checkBoxPubLink' is clicked on

2018-09-15 11:28:07 - [MESSAGE][PASSED] - Object: 'Object Repository/Public Links/checkBoxPubLink' is clicked on

2018-09-15 11:28:07 - [TEST_STEP][PASSED] - click: Object: 'Object Repository/Public Links/GetLink' is clicked on

2018-09-15 11:28:07 - [MESSAGE][PASSED] - Object: 'Object Repository/Public Links/GetLink' is clicked on

2018-09-15 11:28:07 - [TEST_STEP][PASSED] - Statement - getLink = com.kms.katalon.core.webui.keyword.WebUiBuiltInKeywords.getAttribute(com.kms.katalon.core.testobject.ObjectRepository.findTestObject(Dashboard_Link Generator/input_link-text), "value"): Attribute 'value' of object 'Object Repository/Dashboard_Link Generator/input_link-text' is: 'https://dev.vcalling.in/url/UAT/?id=UAT_publicLink-137&p=t&c=t'

2018-09-15 11:28:07 - [MESSAGE][PASSED] - Attribute 'value' of object 'Object Repository/Dashboard_Link Generator/input_link-text' is: 'https://dev.vcalling.in/url/UAT/?id=UAT_publicLink-137&p=t&c=t'

2018-09-15 11:28:07 - [TEST_STEP][PASSED] - Statement - println(getLink): null

2018-09-15 11:28:07 - [TEST_STEP][PASSED] - click: Object: 'Object Repository/Dashboard_Link Generator/copyLink' is clicked on

2018-09-15 11:28:08 - [MESSAGE][PASSED] - Object: 'Object Repository/Dashboard_Link Generator/copyLink' is clicked on

2018-09-15 11:28:08 - [TEST_STEP][PASSED] - delay: Delayed 2 second(s)

2018-09-15 11:28:10 - [MESSAGE][PASSED] - Delayed 2 second(s)

2018-09-15 11:28:10 - [TEST_STEP][PASSED] - Statement - js = driver: null

2018-09-15 11:28:10 - [TEST_STEP][PASSED] - Statement - js.executeScript("window.open();"): null

2018-09-15 11:28:10 - [TEST_STEP][PASSED] - Statement - currentWindow = com.kms.katalon.core.webui.keyword.WebUiBuiltInKeywords.getWindowIndex(): Current window's index is: 0

2018-09-15 11:28:10 - [MESSAGE][PASSED] - Current window's index is: 0

2018-09-15 11:28:10 - [TEST_STEP][PASSED] - switchToWindowIndex: Switched to window with index: '1'

2018-09-15 11:28:10 - [MESSAGE][PASSED] - Switched to window with index: '1'

2018-09-15 11:28:10 - [TEST_STEP][PASSED] - navigateToUrl: Navigate to 'https://dev.vcalling.in/url/UAT/?id=UAT_publicLink-137&p=t&c=t' successfully

2018-09-15 11:28:12 - [MESSAGE][PASSED] - Navigate to 'https://dev.vcalling.in/url/UAT/?id=UAT_publicLink-137&p=t&c=t' successfully

2018-09-15 11:28:12 - [TEST_STEP][PASSED] - setText: Text ' ' is set on object 'Object Repository/PublicCustomer/callOnlyCustName'

2018-09-15 11:28:14 - [MESSAGE][PASSED] - Text ' ' is set on object 'Object Repository/PublicCustomer/callOnlyCustName'

2018-09-15 11:28:14 - [TEST_STEP][PASSED] - click: Object: 'Object Repository/PublicCustomer/callOnlyNextButton' is clicked on

2018-09-15 11:28:15 - [MESSAGE][PASSED] - Object: 'Object Repository/PublicCustomer/callOnlyNextButton' is clicked on

2018-09-15 11:28:15 - [TEST_STEP][PASSED] - Statement - number = CustomKeywords.phoneNumbers.contactNumbers.randomString(9): phoneNumbers.contactNumbers.randomString is PASSED

2018-09-15 11:28:15 - [MESSAGE][PASSED] - phoneNumbers.contactNumbers.randomString is PASSED

2018-09-15 11:28:15 - [TEST_STEP][PASSED] - Statement - Mobile_Number = number: null

2018-09-15 11:28:15 - [TEST_STEP][PASSED] - setText: Text '5184983651' is set on object 'Object Repository/PublicCustomer/customerNumber'

2018-09-15 11:28:15 - [MESSAGE][PASSED] - Text '5184983651' is set on object 'Object Repository/PublicCustomer/customerNumber'

2018-09-15 11:28:15 - [TEST_STEP][PASSED] - setText: Text 'xgP5GL6qCe@gmail.com' is set on object 'Object Repository/PublicCustomer/callOnlyEmail'

2018-09-15 11:28:15 - [MESSAGE][PASSED] - newPackage.newKeyword.randomString is PASSED

2018-09-15 11:28:16 - [MESSAGE][PASSED] - Text 'xgP5GL6qCe@gmail.com' is set on object 'Object Repository/PublicCustomer/callOnlyEmail'

2018-09-15 11:28:16 - [TEST_STEP][PASSED] - click: Object: 'Object Repository/PublicCustomer/doneButtonCallOnly' is clicked on

2018-09-15 11:28:16 - [MESSAGE][PASSED] - Object: 'Object Repository/PublicCustomer/doneButtonCallOnly' is clicked on

2018-09-15 11:28:16 - [TEST_STEP][PASSED] - Statement - currentTab = com.kms.katalon.core.webui.keyword.WebUiBuiltInKeywords.getWindowIndex(): Current window's index is: 1

2018-09-15 11:28:16 - [MESSAGE][PASSED] - Current window's index is: 1

2018-09-15 11:28:16 - [TEST_STEP][PASSED] - delay: Delayed 10 second(s)

2018-09-15 11:28:26 - [MESSAGE][PASSED] - Delayed 10 second(s)

2018-09-15 11:28:26 - [TEST_STEP][PASSED] - switchToWindowIndex: Switched to window with index: '0'

2018-09-15 11:28:26 - [MESSAGE][PASSED] - Switched to window with index: '0'

2018-09-15 11:28:26 - [TEST_STEP][PASSED] - refresh: Refresh successfully

2018-09-15 11:28:26 - [MESSAGE][PASSED] - Refresh successfully

2018-09-15 11:28:26 - [TEST_STEP][PASSED] - acceptAlert: Alert accepted

2018-09-15 11:28:26 - [MESSAGE][PASSED] - Alert accepted]]></system-out>
         <system-err><![CDATA[]]></system-err>
      </testcase>
      <testcase name="Test Cases/completed/TestCases7_Public Customers/CallOnlyPublicCustomers/emptyNameEmailWithTag" classname="Test Cases/completed/TestCases7_Public Customers/CallOnlyPublicCustomers/emptyNameEmailWithTag" status="PASSED">
         <system-out><![CDATA[2018-09-15 11:28:26 - [TEST_CASE][PASSED] - Test Cases/completed/TestCases7_Public Customers/CallOnlyPublicCustomers/emptyNameEmailWithTag: Test Cases/completed/TestCases7_Public Customers/CallOnlyPublicCustomers/emptyNameEmailWithTag

2018-09-15 11:28:27 - [TEST_STEP][PASSED] - callTestCase: Call Test Case 'Test Cases/BVT/aSimple_Login' successfully

2018-09-15 11:28:27 - [TEST_CASE][PASSED] - Test Cases/BVT/aSimple_Login: Test Cases/BVT/aSimple_Login

2018-09-15 11:28:27 - [TEST_STEP][PASSED] - openBrowser: Browser is opened with url: ''

2018-09-15 11:28:27 - [MESSAGE][WARNING] - A browser is already opened. Closing browser and opening a new one

2018-09-15 11:28:30 - [MESSAGE][PASSED] - Browser is opened with url: ''

2018-09-15 11:28:30 - [TEST_STEP][PASSED] - maximizeWindow: Current window maximized

2018-09-15 11:28:31 - [MESSAGE][PASSED] - Current window maximized

2018-09-15 11:28:31 - [TEST_STEP][PASSED] - navigateToUrl: Navigate to 'https://dev.vcalling.in/enterprises/UAT/Dashboard/index.html' successfully

2018-09-15 11:28:35 - [MESSAGE][PASSED] - Navigate to 'https://dev.vcalling.in/enterprises/UAT/Dashboard/index.html' successfully

2018-09-15 11:28:35 - [TEST_STEP][PASSED] - setText: Text 'testing4dea@gmail.com' is set on object 'Object Repository/Login/UserId'

2018-09-15 11:28:35 - [MESSAGE][PASSED] - Text 'testing4dea@gmail.com' is set on object 'Object Repository/Login/UserId'

2018-09-15 11:28:35 - [TEST_STEP][PASSED] - click: Object: 'Object Repository/Login/div_GET OTP' is clicked on

2018-09-15 11:28:35 - [MESSAGE][PASSED] - Object: 'Object Repository/Login/div_GET OTP' is clicked on

2018-09-15 11:28:35 - [TEST_STEP][PASSED] - waitForElementPresent: Object 'Object Repository/Login/div_SUBMIT' is present

2018-09-15 11:28:37 - [MESSAGE][PASSED] - Object 'Object Repository/Login/div_SUBMIT' is present

2018-09-15 11:28:37 - [TEST_STEP][PASSED] - Statement - If (com.kms.katalon.core.webui.keyword.WebUiBuiltInKeywords.verifyElementNotPresent(com.kms.katalon.core.testobject.ObjectRepository.findTestObject(Login/div_SUBMIT), 5, OPTIONAL)): Web element with id: 'Object Repository/Login/div_SUBMIT' located by 'By.xpath: //div[(text() = ' SUBMIT ' or . = ' SUBMIT ')]' is present after '5' second(s)

2018-09-15 11:28:42 - [MESSAGE][WARNING] - Web element with id: 'Object Repository/Login/div_SUBMIT' located by 'By.xpath: //div[(text() = ' SUBMIT ' or . = ' SUBMIT ')]' is present after '5' second(s)
[[ATTACHMENT|C:\\Users\\Kaushal\\Desktop\\Katalon Studio\\vCallingDashboard\\Reports\\RegressionSuite\\20180915_103222\\1537007322287.png]]

2018-09-15 11:28:42 - [TEST_STEP][PASSED] - Statement - sleep(5000): null

2018-09-15 11:28:47 - [TEST_STEP][PASSED] - Statement - OTP = getOTP(): null

2018-09-15 11:28:47 - [TEST_STEP][PASSED] - Statement - host = "imap.gmail.com": null

2018-09-15 11:28:47 - [TEST_STEP][PASSED] - Statement - msg = <not implemented yet for class: org.codehaus.groovy.ast.expr.EmptyExpression>: null

2018-09-15 11:28:47 - [TEST_STEP][PASSED] - Statement - msgSub = <not implemented yet for class: org.codehaus.groovy.ast.expr.EmptyExpression>: null

2018-09-15 11:28:47 - [TEST_STEP][PASSED] - Statement - OTP = "unavailable": null

2018-09-15 11:28:47 - [TEST_STEP][PASSED] - Statement - props = new java.util.Properties(): null

2018-09-15 11:28:47 - [TEST_STEP][PASSED] - Statement - props.setProperty("mail.imap.ssl.enable", "true"): null

2018-09-15 11:28:47 - [TEST_STEP][PASSED] - Statement - session = javax.mail.Session.getInstance(props): null

2018-09-15 11:28:47 - [TEST_STEP][PASSED] - Statement - store = <not implemented yet for class: org.codehaus.groovy.ast.expr.EmptyExpression>: null

2018-09-15 11:28:47 - [TEST_STEP][PASSED] - Statement - Try: null

2018-09-15 11:28:47 - [TEST_STEP][PASSED] - Statement - store = session.getStore("imap"): null

2018-09-15 11:28:47 - [TEST_STEP][PASSED] - Statement - store.connect(host, Email, Password): null

2018-09-15 11:28:49 - [TEST_STEP][PASSED] - Statement - emailFolder = store.getFolder("INBOX"): null

2018-09-15 11:28:49 - [TEST_STEP][PASSED] - Statement - emailFolder.open(READ_WRITE): null

2018-09-15 11:28:49 - [TEST_STEP][PASSED] - Statement - messages = emailFolder.getMessages(): null

2018-09-15 11:28:49 - [TEST_STEP][PASSED] - Statement - n = length: null

2018-09-15 11:28:49 - [TEST_STEP][PASSED] - Statement - message = messages[n - 1]: null

2018-09-15 11:28:49 - [TEST_STEP][PASSED] - Statement - msgSub = message.getSubject(): null

2018-09-15 11:28:50 - [TEST_STEP][PASSED] - Statement - If (msgSub.equals("OTP to Sign In")): null

2018-09-15 11:28:50 - [TEST_STEP][PASSED] - Statement - msg = message.getContent().toString(): null

2018-09-15 11:28:50 - [TEST_STEP][PASSED] - Statement - OTP = msg.substring(msg.length() - 7): null

2018-09-15 11:28:50 - [TEST_STEP][PASSED] - Statement - message.setFlag(DELETED, true): null

2018-09-15 11:28:51 - [TEST_STEP][PASSED] - Statement - emailFolder.close(true): null

2018-09-15 11:28:51 - [TEST_STEP][PASSED] - Statement - store.close(): null

2018-09-15 11:28:52 - [TEST_STEP][PASSED] - Statement - return OTP: null

2018-09-15 11:28:52 - [TEST_STEP][PASSED] - Statement - If (OTP.equals("unavailable")): null

2018-09-15 11:28:52 - [TEST_STEP][PASSED] - Statement - Else: Text 'a2873
' is set on object 'Object Repository/Login/OtpInput'

2018-09-15 11:28:52 - [TEST_STEP][PASSED] - setText: Text 'a2873
' is set on object 'Object Repository/Login/OtpInput'

2018-09-15 11:28:52 - [MESSAGE][PASSED] - Text 'a2873
' is set on object 'Object Repository/Login/OtpInput'

2018-09-15 11:28:52 - [TEST_STEP][PASSED] - verifyElementPresent: Object 'Object Repository/Login/afterOpenDisplay' is present

2018-09-15 11:28:53 - [MESSAGE][PASSED] - Object 'Object Repository/Login/afterOpenDisplay' is present

2018-09-15 11:28:53 - [MESSAGE][PASSED] - Call Test Case 'Test Cases/BVT/aSimple_Login' successfully

2018-09-15 11:28:53 - [TEST_STEP][PASSED] - Statement - driver = com.kms.katalon.core.webui.driver.DriverFactory.getWebDriver(): null

2018-09-15 11:28:53 - [TEST_STEP][PASSED] - click: Object: 'Object Repository/sideBarContainer/linkLogDataBase' is clicked on

2018-09-15 11:28:53 - [MESSAGE][PASSED] - Object: 'Object Repository/sideBarContainer/linkLogDataBase' is clicked on

2018-09-15 11:28:53 - [TEST_STEP][PASSED] - click: Object: 'Object Repository/Dashboard_Link Generator/linkgeneratorIcon' is clicked on

2018-09-15 11:28:53 - [MESSAGE][PASSED] - Object: 'Object Repository/Dashboard_Link Generator/linkgeneratorIcon' is clicked on

2018-09-15 11:28:53 - [TEST_STEP][PASSED] - click: Object: 'Object Repository/Public Links/publicLinkTab' is clicked on

2018-09-15 11:28:54 - [MESSAGE][PASSED] - Object: 'Object Repository/Public Links/publicLinkTab' is clicked on

2018-09-15 11:28:54 - [TEST_STEP][PASSED] - Statement - x = CustomKeywords.newPackage.newKeyword.randomString(3).toLowerCase(): newPackage.newKeyword.randomString is PASSED

2018-09-15 11:28:54 - [MESSAGE][PASSED] - newPackage.newKeyword.randomString is PASSED

2018-09-15 11:28:54 - [TEST_STEP][PASSED] - Statement - teamMeberName = x: null

2018-09-15 11:28:54 - [TEST_STEP][PASSED] - setText: Text 'nbaa' is set on object 'Object Repository/Public Links/PubLinkWithTag'

2018-09-15 11:28:54 - [MESSAGE][PASSED] - Text 'nbaa' is set on object 'Object Repository/Public Links/PubLinkWithTag'

2018-09-15 11:28:54 - [TEST_STEP][PASSED] - click: Object: 'Object Repository/Public Links/checkBoxPubLink' is clicked on

2018-09-15 11:28:55 - [MESSAGE][PASSED] - Object: 'Object Repository/Public Links/checkBoxPubLink' is clicked on

2018-09-15 11:28:55 - [TEST_STEP][PASSED] - click: Object: 'Object Repository/Public Links/GetLink' is clicked on

2018-09-15 11:28:55 - [MESSAGE][PASSED] - Object: 'Object Repository/Public Links/GetLink' is clicked on

2018-09-15 11:28:55 - [TEST_STEP][PASSED] - Statement - getLink = com.kms.katalon.core.webui.keyword.WebUiBuiltInKeywords.getAttribute(com.kms.katalon.core.testobject.ObjectRepository.findTestObject(Dashboard_Link Generator/input_link-text), "value"): Attribute 'value' of object 'Object Repository/Dashboard_Link Generator/input_link-text' is: 'https://dev.vcalling.in/url/UAT/?id=UAT_publicLink-157&p=t&c=t'

2018-09-15 11:28:55 - [MESSAGE][PASSED] - Attribute 'value' of object 'Object Repository/Dashboard_Link Generator/input_link-text' is: 'https://dev.vcalling.in/url/UAT/?id=UAT_publicLink-157&p=t&c=t'

2018-09-15 11:28:55 - [TEST_STEP][PASSED] - Statement - println(getLink): null

2018-09-15 11:28:55 - [TEST_STEP][PASSED] - click: Object: 'Object Repository/Dashboard_Link Generator/copyLink' is clicked on

2018-09-15 11:28:55 - [MESSAGE][PASSED] - Object: 'Object Repository/Dashboard_Link Generator/copyLink' is clicked on

2018-09-15 11:28:55 - [TEST_STEP][PASSED] - delay: Delayed 4 second(s)

2018-09-15 11:28:59 - [MESSAGE][PASSED] - Delayed 4 second(s)

2018-09-15 11:28:59 - [TEST_STEP][PASSED] - Statement - js = driver: null

2018-09-15 11:28:59 - [TEST_STEP][PASSED] - Statement - js.executeScript("window.open();"): null

2018-09-15 11:29:00 - [TEST_STEP][PASSED] - Statement - currentWindow = com.kms.katalon.core.webui.keyword.WebUiBuiltInKeywords.getWindowIndex(): Current window's index is: 0

2018-09-15 11:29:00 - [MESSAGE][PASSED] - Current window's index is: 0

2018-09-15 11:29:00 - [TEST_STEP][PASSED] - switchToWindowIndex: Switched to window with index: '1'

2018-09-15 11:29:00 - [MESSAGE][PASSED] - Switched to window with index: '1'

2018-09-15 11:29:00 - [TEST_STEP][PASSED] - navigateToUrl: Navigate to 'https://dev.vcalling.in/url/UAT/?id=UAT_publicLink-157&p=t&c=t' successfully

2018-09-15 11:29:02 - [MESSAGE][PASSED] - Navigate to 'https://dev.vcalling.in/url/UAT/?id=UAT_publicLink-157&p=t&c=t' successfully

2018-09-15 11:29:02 - [TEST_STEP][PASSED] - setText: Text ' ' is set on object 'Object Repository/PublicCustomer/callOnlyCustName'

2018-09-15 11:29:05 - [MESSAGE][PASSED] - Text ' ' is set on object 'Object Repository/PublicCustomer/callOnlyCustName'

2018-09-15 11:29:05 - [TEST_STEP][PASSED] - click: Object: 'Object Repository/PublicCustomer/callOnlyNextButton' is clicked on

2018-09-15 11:29:06 - [MESSAGE][PASSED] - Object: 'Object Repository/PublicCustomer/callOnlyNextButton' is clicked on

2018-09-15 11:29:06 - [TEST_STEP][PASSED] - setText: Text 'aAdOCCOiY2@gmail.com' is set on object 'Object Repository/PublicCustomer/callOnlyEmail'

2018-09-15 11:29:06 - [MESSAGE][PASSED] - newPackage.newKeyword.randomString is PASSED

2018-09-15 11:29:07 - [MESSAGE][PASSED] - Text 'aAdOCCOiY2@gmail.com' is set on object 'Object Repository/PublicCustomer/callOnlyEmail'

2018-09-15 11:29:07 - [TEST_STEP][PASSED] - click: Object: 'Object Repository/PublicCustomer/doneButtonCallOnly' is clicked on

2018-09-15 11:29:07 - [MESSAGE][PASSED] - Object: 'Object Repository/PublicCustomer/doneButtonCallOnly' is clicked on

2018-09-15 11:29:07 - [TEST_STEP][PASSED] - Statement - currentTab = com.kms.katalon.core.webui.keyword.WebUiBuiltInKeywords.getWindowIndex(): Current window's index is: 1

2018-09-15 11:29:07 - [MESSAGE][PASSED] - Current window's index is: 1

2018-09-15 11:29:07 - [TEST_STEP][PASSED] - delay: Delayed 10 second(s)

2018-09-15 11:29:17 - [MESSAGE][PASSED] - Delayed 10 second(s)

2018-09-15 11:29:17 - [TEST_STEP][PASSED] - switchToWindowIndex: Switched to window with index: '0'

2018-09-15 11:29:17 - [MESSAGE][PASSED] - Switched to window with index: '0'

2018-09-15 11:29:17 - [TEST_STEP][PASSED] - refresh: Refresh successfully

2018-09-15 11:29:17 - [MESSAGE][PASSED] - Refresh successfully

2018-09-15 11:29:17 - [TEST_STEP][PASSED] - acceptAlert: Alert accepted

2018-09-15 11:29:17 - [MESSAGE][PASSED] - Alert accepted

2018-09-15 11:29:17 - [TEST_STEP][PASSED] - click: Object: 'Object Repository/sideBarContainer/linkLogDataBase' is clicked on

2018-09-15 11:29:20 - [MESSAGE][PASSED] - Object: 'Object Repository/sideBarContainer/linkLogDataBase' is clicked on]]></system-out>
         <system-err><![CDATA[]]></system-err>
      </testcase>
      <testcase name="Test Cases/completed/TestCases7_Public Customers/CallOnlyPublicCustomers/emptyNameNumberEmailWithTag" classname="Test Cases/completed/TestCases7_Public Customers/CallOnlyPublicCustomers/emptyNameNumberEmailWithTag" status="PASSED">
         <system-out><![CDATA[2018-09-15 11:29:20 - [TEST_CASE][PASSED] - Test Cases/completed/TestCases7_Public Customers/CallOnlyPublicCustomers/emptyNameNumberEmailWithTag: Test Cases/completed/TestCases7_Public Customers/CallOnlyPublicCustomers/emptyNameNumberEmailWithTag

2018-09-15 11:29:21 - [TEST_STEP][PASSED] - callTestCase: Call Test Case 'Test Cases/BVT/aSimple_Login' successfully

2018-09-15 11:29:21 - [TEST_CASE][PASSED] - Test Cases/BVT/aSimple_Login: Test Cases/BVT/aSimple_Login

2018-09-15 11:29:21 - [TEST_STEP][PASSED] - openBrowser: Browser is opened with url: ''

2018-09-15 11:29:21 - [MESSAGE][WARNING] - A browser is already opened. Closing browser and opening a new one

2018-09-15 11:29:24 - [MESSAGE][PASSED] - Browser is opened with url: ''

2018-09-15 11:29:24 - [TEST_STEP][PASSED] - maximizeWindow: Current window maximized

2018-09-15 11:29:25 - [MESSAGE][PASSED] - Current window maximized

2018-09-15 11:29:25 - [TEST_STEP][PASSED] - navigateToUrl: Navigate to 'https://dev.vcalling.in/enterprises/UAT/Dashboard/index.html' successfully

2018-09-15 11:29:29 - [MESSAGE][PASSED] - Navigate to 'https://dev.vcalling.in/enterprises/UAT/Dashboard/index.html' successfully

2018-09-15 11:29:29 - [TEST_STEP][PASSED] - setText: Text 'testing4dea@gmail.com' is set on object 'Object Repository/Login/UserId'

2018-09-15 11:29:30 - [MESSAGE][PASSED] - Text 'testing4dea@gmail.com' is set on object 'Object Repository/Login/UserId'

2018-09-15 11:29:30 - [TEST_STEP][PASSED] - click: Object: 'Object Repository/Login/div_GET OTP' is clicked on

2018-09-15 11:29:30 - [MESSAGE][PASSED] - Object: 'Object Repository/Login/div_GET OTP' is clicked on

2018-09-15 11:29:30 - [TEST_STEP][PASSED] - waitForElementPresent: Object 'Object Repository/Login/div_SUBMIT' is present

2018-09-15 11:29:31 - [MESSAGE][PASSED] - Object 'Object Repository/Login/div_SUBMIT' is present

2018-09-15 11:29:31 - [TEST_STEP][PASSED] - Statement - If (com.kms.katalon.core.webui.keyword.WebUiBuiltInKeywords.verifyElementNotPresent(com.kms.katalon.core.testobject.ObjectRepository.findTestObject(Login/div_SUBMIT), 5, OPTIONAL)): Web element with id: 'Object Repository/Login/div_SUBMIT' located by 'By.xpath: //div[(text() = ' SUBMIT ' or . = ' SUBMIT ')]' is present after '5' second(s)

2018-09-15 11:29:36 - [MESSAGE][WARNING] - Web element with id: 'Object Repository/Login/div_SUBMIT' located by 'By.xpath: //div[(text() = ' SUBMIT ' or . = ' SUBMIT ')]' is present after '5' second(s)
[[ATTACHMENT|C:\\Users\\Kaushal\\Desktop\\Katalon Studio\\vCallingDashboard\\Reports\\RegressionSuite\\20180915_103222\\1537007376523.png]]

2018-09-15 11:29:36 - [TEST_STEP][PASSED] - Statement - sleep(5000): null

2018-09-15 11:29:41 - [TEST_STEP][PASSED] - Statement - OTP = getOTP(): null

2018-09-15 11:29:41 - [TEST_STEP][PASSED] - Statement - host = "imap.gmail.com": null

2018-09-15 11:29:41 - [TEST_STEP][PASSED] - Statement - msg = <not implemented yet for class: org.codehaus.groovy.ast.expr.EmptyExpression>: null

2018-09-15 11:29:41 - [TEST_STEP][PASSED] - Statement - msgSub = <not implemented yet for class: org.codehaus.groovy.ast.expr.EmptyExpression>: null

2018-09-15 11:29:41 - [TEST_STEP][PASSED] - Statement - OTP = "unavailable": null

2018-09-15 11:29:41 - [TEST_STEP][PASSED] - Statement - props = new java.util.Properties(): null

2018-09-15 11:29:41 - [TEST_STEP][PASSED] - Statement - props.setProperty("mail.imap.ssl.enable", "true"): null

2018-09-15 11:29:41 - [TEST_STEP][PASSED] - Statement - session = javax.mail.Session.getInstance(props): null

2018-09-15 11:29:41 - [TEST_STEP][PASSED] - Statement - store = <not implemented yet for class: org.codehaus.groovy.ast.expr.EmptyExpression>: null

2018-09-15 11:29:41 - [TEST_STEP][PASSED] - Statement - Try: null

2018-09-15 11:29:41 - [TEST_STEP][PASSED] - Statement - store = session.getStore("imap"): null

2018-09-15 11:29:41 - [TEST_STEP][PASSED] - Statement - store.connect(host, Email, Password): null

2018-09-15 11:29:43 - [TEST_STEP][PASSED] - Statement - emailFolder = store.getFolder("INBOX"): null

2018-09-15 11:29:43 - [TEST_STEP][PASSED] - Statement - emailFolder.open(READ_WRITE): null

2018-09-15 11:29:44 - [TEST_STEP][PASSED] - Statement - messages = emailFolder.getMessages(): null

2018-09-15 11:29:44 - [TEST_STEP][PASSED] - Statement - n = length: null

2018-09-15 11:29:44 - [TEST_STEP][PASSED] - Statement - message = messages[n - 1]: null

2018-09-15 11:29:44 - [TEST_STEP][PASSED] - Statement - msgSub = message.getSubject(): null

2018-09-15 11:29:44 - [TEST_STEP][PASSED] - Statement - If (msgSub.equals("OTP to Sign In")): null

2018-09-15 11:29:44 - [TEST_STEP][PASSED] - Statement - msg = message.getContent().toString(): null

2018-09-15 11:29:45 - [TEST_STEP][PASSED] - Statement - OTP = msg.substring(msg.length() - 7): null

2018-09-15 11:29:45 - [TEST_STEP][PASSED] - Statement - message.setFlag(DELETED, true): null

2018-09-15 11:29:45 - [TEST_STEP][PASSED] - Statement - emailFolder.close(true): null

2018-09-15 11:29:45 - [TEST_STEP][PASSED] - Statement - store.close(): null

2018-09-15 11:29:46 - [TEST_STEP][PASSED] - Statement - return OTP: null

2018-09-15 11:29:46 - [TEST_STEP][PASSED] - Statement - If (OTP.equals("unavailable")): null

2018-09-15 11:29:46 - [TEST_STEP][PASSED] - Statement - Else: Text 'l5740
' is set on object 'Object Repository/Login/OtpInput'

2018-09-15 11:29:46 - [TEST_STEP][PASSED] - setText: Text 'l5740
' is set on object 'Object Repository/Login/OtpInput'

2018-09-15 11:29:46 - [MESSAGE][PASSED] - Text 'l5740
' is set on object 'Object Repository/Login/OtpInput'

2018-09-15 11:29:46 - [TEST_STEP][PASSED] - verifyElementPresent: Object 'Object Repository/Login/afterOpenDisplay' is present

2018-09-15 11:29:46 - [MESSAGE][PASSED] - Object 'Object Repository/Login/afterOpenDisplay' is present

2018-09-15 11:29:46 - [MESSAGE][PASSED] - Call Test Case 'Test Cases/BVT/aSimple_Login' successfully

2018-09-15 11:29:46 - [TEST_STEP][PASSED] - Statement - driver = com.kms.katalon.core.webui.driver.DriverFactory.getWebDriver(): null

2018-09-15 11:29:46 - [TEST_STEP][PASSED] - click: Object: 'Object Repository/Dashboard_Link Generator/linkgeneratorIcon' is clicked on

2018-09-15 11:29:47 - [MESSAGE][PASSED] - Object: 'Object Repository/Dashboard_Link Generator/linkgeneratorIcon' is clicked on

2018-09-15 11:29:47 - [TEST_STEP][PASSED] - click: Object: 'Object Repository/Public Links/publicLinkTab' is clicked on

2018-09-15 11:29:48 - [MESSAGE][PASSED] - Object: 'Object Repository/Public Links/publicLinkTab' is clicked on

2018-09-15 11:29:48 - [TEST_STEP][PASSED] - Statement - x = CustomKeywords.newPackage.newKeyword.randomString(3).toLowerCase(): newPackage.newKeyword.randomString is PASSED

2018-09-15 11:29:48 - [MESSAGE][PASSED] - newPackage.newKeyword.randomString is PASSED

2018-09-15 11:29:48 - [TEST_STEP][PASSED] - Statement - teamMeberName = x: null

2018-09-15 11:29:48 - [TEST_STEP][PASSED] - setText: Text '04qa' is set on object 'Object Repository/Public Links/PubLinkWithTag'

2018-09-15 11:29:48 - [MESSAGE][PASSED] - Text '04qa' is set on object 'Object Repository/Public Links/PubLinkWithTag'

2018-09-15 11:29:48 - [TEST_STEP][PASSED] - click: Object: 'Object Repository/Public Links/checkBoxPubLink' is clicked on

2018-09-15 11:29:48 - [MESSAGE][PASSED] - Object: 'Object Repository/Public Links/checkBoxPubLink' is clicked on

2018-09-15 11:29:48 - [TEST_STEP][PASSED] - click: Object: 'Object Repository/Public Links/GetLink' is clicked on

2018-09-15 11:29:48 - [MESSAGE][PASSED] - Object: 'Object Repository/Public Links/GetLink' is clicked on

2018-09-15 11:29:48 - [TEST_STEP][PASSED] - Statement - getLink = com.kms.katalon.core.webui.keyword.WebUiBuiltInKeywords.getAttribute(com.kms.katalon.core.testobject.ObjectRepository.findTestObject(Dashboard_Link Generator/input_link-text), "value"): Attribute 'value' of object 'Object Repository/Dashboard_Link Generator/input_link-text' is: 'https://dev.vcalling.in/url/UAT/?id=UAT_publicLink-158&p=t&c=t'

2018-09-15 11:29:49 - [MESSAGE][PASSED] - Attribute 'value' of object 'Object Repository/Dashboard_Link Generator/input_link-text' is: 'https://dev.vcalling.in/url/UAT/?id=UAT_publicLink-158&p=t&c=t'

2018-09-15 11:29:49 - [TEST_STEP][PASSED] - Statement - println(getLink): null

2018-09-15 11:29:49 - [TEST_STEP][PASSED] - click: Object: 'Object Repository/Dashboard_Link Generator/copyLink' is clicked on

2018-09-15 11:29:49 - [MESSAGE][PASSED] - Object: 'Object Repository/Dashboard_Link Generator/copyLink' is clicked on

2018-09-15 11:29:49 - [TEST_STEP][PASSED] - delay: Delayed 2 second(s)

2018-09-15 11:29:51 - [MESSAGE][PASSED] - Delayed 2 second(s)

2018-09-15 11:29:51 - [TEST_STEP][PASSED] - Statement - js = driver: null

2018-09-15 11:29:51 - [TEST_STEP][PASSED] - Statement - js.executeScript("window.open();"): null

2018-09-15 11:29:51 - [TEST_STEP][PASSED] - Statement - currentWindow = com.kms.katalon.core.webui.keyword.WebUiBuiltInKeywords.getWindowIndex(): Current window's index is: 0

2018-09-15 11:29:51 - [MESSAGE][PASSED] - Current window's index is: 0

2018-09-15 11:29:51 - [TEST_STEP][PASSED] - switchToWindowIndex: Switched to window with index: '1'

2018-09-15 11:29:51 - [MESSAGE][PASSED] - Switched to window with index: '1'

2018-09-15 11:29:51 - [TEST_STEP][PASSED] - navigateToUrl: Navigate to 'https://dev.vcalling.in/url/UAT/?id=UAT_publicLink-158&p=t&c=t' successfully

2018-09-15 11:29:54 - [MESSAGE][PASSED] - Navigate to 'https://dev.vcalling.in/url/UAT/?id=UAT_publicLink-158&p=t&c=t' successfully

2018-09-15 11:29:54 - [TEST_STEP][PASSED] - setText: Text ' ' is set on object 'Object Repository/PublicCustomer/callOnlyCustName'

2018-09-15 11:29:55 - [MESSAGE][PASSED] - Text ' ' is set on object 'Object Repository/PublicCustomer/callOnlyCustName'

2018-09-15 11:29:55 - [TEST_STEP][PASSED] - click: Object: 'Object Repository/PublicCustomer/callOnlyNextButton' is clicked on

2018-09-15 11:29:55 - [MESSAGE][PASSED] - Object: 'Object Repository/PublicCustomer/callOnlyNextButton' is clicked on

2018-09-15 11:29:55 - [TEST_STEP][PASSED] - Statement - number = CustomKeywords.phoneNumbers.contactNumbers.randomString(9): phoneNumbers.contactNumbers.randomString is PASSED

2018-09-15 11:29:55 - [MESSAGE][PASSED] - phoneNumbers.contactNumbers.randomString is PASSED

2018-09-15 11:29:55 - [TEST_STEP][PASSED] - Statement - Mobile_Number = number: null

2018-09-15 11:29:55 - [TEST_STEP][PASSED] - setText: Text '9408126831' is set on object 'Object Repository/PublicCustomer/customerNumber'

2018-09-15 11:29:56 - [MESSAGE][PASSED] - Text '9408126831' is set on object 'Object Repository/PublicCustomer/customerNumber'

2018-09-15 11:29:56 - [TEST_STEP][PASSED] - setText: Text 'fSVTRTw4d1@gmail.com' is set on object 'Object Repository/PublicCustomer/callOnlyEmail'

2018-09-15 11:29:56 - [MESSAGE][PASSED] - newPackage.newKeyword.randomString is PASSED

2018-09-15 11:29:56 - [MESSAGE][PASSED] - Text 'fSVTRTw4d1@gmail.com' is set on object 'Object Repository/PublicCustomer/callOnlyEmail'

2018-09-15 11:29:56 - [TEST_STEP][PASSED] - click: Object: 'Object Repository/PublicCustomer/doneButtonCallOnly' is clicked on

2018-09-15 11:29:57 - [MESSAGE][PASSED] - Object: 'Object Repository/PublicCustomer/doneButtonCallOnly' is clicked on

2018-09-15 11:29:57 - [TEST_STEP][PASSED] - Statement - currentTab = com.kms.katalon.core.webui.keyword.WebUiBuiltInKeywords.getWindowIndex(): Current window's index is: 1

2018-09-15 11:29:57 - [MESSAGE][PASSED] - Current window's index is: 1

2018-09-15 11:29:57 - [TEST_STEP][PASSED] - delay: Delayed 10 second(s)

2018-09-15 11:30:07 - [MESSAGE][PASSED] - Delayed 10 second(s)

2018-09-15 11:30:07 - [TEST_STEP][PASSED] - switchToWindowIndex: Switched to window with index: '0'

2018-09-15 11:30:07 - [MESSAGE][PASSED] - Switched to window with index: '0'

2018-09-15 11:30:07 - [TEST_STEP][PASSED] - refresh: Refresh successfully

2018-09-15 11:30:07 - [MESSAGE][PASSED] - Refresh successfully

2018-09-15 11:30:07 - [TEST_STEP][PASSED] - acceptAlert: Alert accepted

2018-09-15 11:30:07 - [MESSAGE][PASSED] - Alert accepted]]></system-out>
         <system-err><![CDATA[]]></system-err>
      </testcase>
      <testcase name="Test Cases/completed/TestCases7_Public Customers/CallOnlyPublicCustomers/emptyNameNumberWithTag" classname="Test Cases/completed/TestCases7_Public Customers/CallOnlyPublicCustomers/emptyNameNumberWithTag" status="PASSED">
         <system-out><![CDATA[2018-09-15 11:30:07 - [TEST_CASE][PASSED] - Test Cases/completed/TestCases7_Public Customers/CallOnlyPublicCustomers/emptyNameNumberWithTag: Test Cases/completed/TestCases7_Public Customers/CallOnlyPublicCustomers/emptyNameNumberWithTag

2018-09-15 11:30:07 - [TEST_STEP][PASSED] - callTestCase: Call Test Case 'Test Cases/BVT/aSimple_Login' successfully

2018-09-15 11:30:07 - [TEST_CASE][PASSED] - Test Cases/BVT/aSimple_Login: Test Cases/BVT/aSimple_Login

2018-09-15 11:30:07 - [TEST_STEP][PASSED] - openBrowser: Browser is opened with url: ''

2018-09-15 11:30:07 - [MESSAGE][WARNING] - A browser is already opened. Closing browser and opening a new one

2018-09-15 11:30:10 - [MESSAGE][PASSED] - Browser is opened with url: ''

2018-09-15 11:30:10 - [TEST_STEP][PASSED] - maximizeWindow: Current window maximized

2018-09-15 11:30:11 - [MESSAGE][PASSED] - Current window maximized

2018-09-15 11:30:11 - [TEST_STEP][PASSED] - navigateToUrl: Navigate to 'https://dev.vcalling.in/enterprises/UAT/Dashboard/index.html' successfully

2018-09-15 11:30:14 - [MESSAGE][PASSED] - Navigate to 'https://dev.vcalling.in/enterprises/UAT/Dashboard/index.html' successfully

2018-09-15 11:30:14 - [TEST_STEP][PASSED] - setText: Text 'testing4dea@gmail.com' is set on object 'Object Repository/Login/UserId'

2018-09-15 11:30:15 - [MESSAGE][PASSED] - Text 'testing4dea@gmail.com' is set on object 'Object Repository/Login/UserId'

2018-09-15 11:30:15 - [TEST_STEP][PASSED] - click: Object: 'Object Repository/Login/div_GET OTP' is clicked on

2018-09-15 11:30:15 - [MESSAGE][PASSED] - Object: 'Object Repository/Login/div_GET OTP' is clicked on

2018-09-15 11:30:15 - [TEST_STEP][PASSED] - waitForElementPresent: Object 'Object Repository/Login/div_SUBMIT' is present

2018-09-15 11:30:17 - [MESSAGE][PASSED] - Object 'Object Repository/Login/div_SUBMIT' is present

2018-09-15 11:30:17 - [TEST_STEP][PASSED] - Statement - If (com.kms.katalon.core.webui.keyword.WebUiBuiltInKeywords.verifyElementNotPresent(com.kms.katalon.core.testobject.ObjectRepository.findTestObject(Login/div_SUBMIT), 5, OPTIONAL)): Web element with id: 'Object Repository/Login/div_SUBMIT' located by 'By.xpath: //div[(text() = ' SUBMIT ' or . = ' SUBMIT ')]' is present after '5' second(s)

2018-09-15 11:30:22 - [MESSAGE][WARNING] - Web element with id: 'Object Repository/Login/div_SUBMIT' located by 'By.xpath: //div[(text() = ' SUBMIT ' or . = ' SUBMIT ')]' is present after '5' second(s)
[[ATTACHMENT|C:\\Users\\Kaushal\\Desktop\\Katalon Studio\\vCallingDashboard\\Reports\\RegressionSuite\\20180915_103222\\1537007422206.png]]

2018-09-15 11:30:22 - [TEST_STEP][PASSED] - Statement - sleep(5000): null

2018-09-15 11:30:27 - [TEST_STEP][PASSED] - Statement - OTP = getOTP(): null

2018-09-15 11:30:27 - [TEST_STEP][PASSED] - Statement - host = "imap.gmail.com": null

2018-09-15 11:30:27 - [TEST_STEP][PASSED] - Statement - msg = <not implemented yet for class: org.codehaus.groovy.ast.expr.EmptyExpression>: null

2018-09-15 11:30:27 - [TEST_STEP][PASSED] - Statement - msgSub = <not implemented yet for class: org.codehaus.groovy.ast.expr.EmptyExpression>: null

2018-09-15 11:30:27 - [TEST_STEP][PASSED] - Statement - OTP = "unavailable": null

2018-09-15 11:30:27 - [TEST_STEP][PASSED] - Statement - props = new java.util.Properties(): null

2018-09-15 11:30:27 - [TEST_STEP][PASSED] - Statement - props.setProperty("mail.imap.ssl.enable", "true"): null

2018-09-15 11:30:27 - [TEST_STEP][PASSED] - Statement - session = javax.mail.Session.getInstance(props): null

2018-09-15 11:30:27 - [TEST_STEP][PASSED] - Statement - store = <not implemented yet for class: org.codehaus.groovy.ast.expr.EmptyExpression>: null

2018-09-15 11:30:27 - [TEST_STEP][PASSED] - Statement - Try: null

2018-09-15 11:30:27 - [TEST_STEP][PASSED] - Statement - store = session.getStore("imap"): null

2018-09-15 11:30:27 - [TEST_STEP][PASSED] - Statement - store.connect(host, Email, Password): null

2018-09-15 11:30:29 - [TEST_STEP][PASSED] - Statement - emailFolder = store.getFolder("INBOX"): null

2018-09-15 11:30:29 - [TEST_STEP][PASSED] - Statement - emailFolder.open(READ_WRITE): null

2018-09-15 11:30:29 - [TEST_STEP][PASSED] - Statement - messages = emailFolder.getMessages(): null

2018-09-15 11:30:29 - [TEST_STEP][PASSED] - Statement - n = length: null

2018-09-15 11:30:29 - [TEST_STEP][PASSED] - Statement - message = messages[n - 1]: null

2018-09-15 11:30:29 - [TEST_STEP][PASSED] - Statement - msgSub = message.getSubject(): null

2018-09-15 11:30:29 - [TEST_STEP][PASSED] - Statement - If (msgSub.equals("OTP to Sign In")): null

2018-09-15 11:30:29 - [TEST_STEP][PASSED] - Statement - msg = message.getContent().toString(): null

2018-09-15 11:30:30 - [TEST_STEP][PASSED] - Statement - OTP = msg.substring(msg.length() - 7): null

2018-09-15 11:30:30 - [TEST_STEP][PASSED] - Statement - message.setFlag(DELETED, true): null

2018-09-15 11:30:31 - [TEST_STEP][PASSED] - Statement - emailFolder.close(true): null

2018-09-15 11:30:31 - [TEST_STEP][PASSED] - Statement - store.close(): null

2018-09-15 11:30:31 - [TEST_STEP][PASSED] - Statement - return OTP: null

2018-09-15 11:30:31 - [TEST_STEP][PASSED] - Statement - If (OTP.equals("unavailable")): null

2018-09-15 11:30:31 - [TEST_STEP][PASSED] - Statement - Else: Text 'd9164
' is set on object 'Object Repository/Login/OtpInput'

2018-09-15 11:30:31 - [TEST_STEP][PASSED] - setText: Text 'd9164
' is set on object 'Object Repository/Login/OtpInput'

2018-09-15 11:30:31 - [MESSAGE][PASSED] - Text 'd9164
' is set on object 'Object Repository/Login/OtpInput'

2018-09-15 11:30:31 - [TEST_STEP][PASSED] - verifyElementPresent: Object 'Object Repository/Login/afterOpenDisplay' is present

2018-09-15 11:30:33 - [MESSAGE][PASSED] - Object 'Object Repository/Login/afterOpenDisplay' is present

2018-09-15 11:30:33 - [MESSAGE][PASSED] - Call Test Case 'Test Cases/BVT/aSimple_Login' successfully

2018-09-15 11:30:33 - [TEST_STEP][PASSED] - Statement - driver = com.kms.katalon.core.webui.driver.DriverFactory.getWebDriver(): null

2018-09-15 11:30:33 - [TEST_STEP][PASSED] - click: Object: 'Object Repository/Dashboard_Link Generator/linkgeneratorIcon' is clicked on

2018-09-15 11:30:33 - [MESSAGE][PASSED] - Object: 'Object Repository/Dashboard_Link Generator/linkgeneratorIcon' is clicked on

2018-09-15 11:30:33 - [TEST_STEP][PASSED] - click: Object: 'Object Repository/Public Links/publicLinkTab' is clicked on

2018-09-15 11:30:33 - [MESSAGE][PASSED] - Object: 'Object Repository/Public Links/publicLinkTab' is clicked on

2018-09-15 11:30:33 - [TEST_STEP][PASSED] - Statement - x = CustomKeywords.newPackage.newKeyword.randomString(3).toLowerCase(): newPackage.newKeyword.randomString is PASSED

2018-09-15 11:30:33 - [MESSAGE][PASSED] - newPackage.newKeyword.randomString is PASSED

2018-09-15 11:30:33 - [TEST_STEP][PASSED] - Statement - teamMeberName = x: null

2018-09-15 11:30:33 - [TEST_STEP][PASSED] - setText: Text 'o7ea' is set on object 'Object Repository/Public Links/PubLinkWithTag'

2018-09-15 11:30:34 - [MESSAGE][PASSED] - Text 'o7ea' is set on object 'Object Repository/Public Links/PubLinkWithTag'

2018-09-15 11:30:34 - [TEST_STEP][PASSED] - click: Object: 'Object Repository/Public Links/checkBoxPubLink' is clicked on

2018-09-15 11:30:34 - [MESSAGE][PASSED] - Object: 'Object Repository/Public Links/checkBoxPubLink' is clicked on

2018-09-15 11:30:34 - [TEST_STEP][PASSED] - click: Object: 'Object Repository/Public Links/GetLink' is clicked on

2018-09-15 11:30:34 - [MESSAGE][PASSED] - Object: 'Object Repository/Public Links/GetLink' is clicked on

2018-09-15 11:30:34 - [TEST_STEP][PASSED] - Statement - getLink = com.kms.katalon.core.webui.keyword.WebUiBuiltInKeywords.getAttribute(com.kms.katalon.core.testobject.ObjectRepository.findTestObject(Dashboard_Link Generator/input_link-text), "value"): Attribute 'value' of object 'Object Repository/Dashboard_Link Generator/input_link-text' is: 'https://dev.vcalling.in/url/UAT/?id=UAT_publicLink-159&p=t&c=t'

2018-09-15 11:30:35 - [MESSAGE][PASSED] - Attribute 'value' of object 'Object Repository/Dashboard_Link Generator/input_link-text' is: 'https://dev.vcalling.in/url/UAT/?id=UAT_publicLink-159&p=t&c=t'

2018-09-15 11:30:35 - [TEST_STEP][PASSED] - Statement - println(getLink): null

2018-09-15 11:30:35 - [TEST_STEP][PASSED] - click: Object: 'Object Repository/Dashboard_Link Generator/copyLink' is clicked on

2018-09-15 11:30:35 - [MESSAGE][PASSED] - Object: 'Object Repository/Dashboard_Link Generator/copyLink' is clicked on

2018-09-15 11:30:35 - [TEST_STEP][PASSED] - delay: Delayed 2 second(s)

2018-09-15 11:30:37 - [MESSAGE][PASSED] - Delayed 2 second(s)

2018-09-15 11:30:37 - [TEST_STEP][PASSED] - Statement - js = driver: null

2018-09-15 11:30:37 - [TEST_STEP][PASSED] - Statement - js.executeScript("window.open();"): null

2018-09-15 11:30:37 - [TEST_STEP][PASSED] - Statement - currentWindow = com.kms.katalon.core.webui.keyword.WebUiBuiltInKeywords.getWindowIndex(): Current window's index is: 0

2018-09-15 11:30:37 - [MESSAGE][PASSED] - Current window's index is: 0

2018-09-15 11:30:37 - [TEST_STEP][PASSED] - switchToWindowIndex: Switched to window with index: '1'

2018-09-15 11:30:37 - [MESSAGE][PASSED] - Switched to window with index: '1'

2018-09-15 11:30:37 - [TEST_STEP][PASSED] - navigateToUrl: Navigate to 'https://dev.vcalling.in/url/UAT/?id=UAT_publicLink-159&p=t&c=t' successfully

2018-09-15 11:30:39 - [MESSAGE][PASSED] - Navigate to 'https://dev.vcalling.in/url/UAT/?id=UAT_publicLink-159&p=t&c=t' successfully

2018-09-15 11:30:39 - [TEST_STEP][PASSED] - setText: Text ' ' is set on object 'Object Repository/PublicCustomer/callOnlyCustName'

2018-09-15 11:30:41 - [MESSAGE][PASSED] - Text ' ' is set on object 'Object Repository/PublicCustomer/callOnlyCustName'

2018-09-15 11:30:41 - [TEST_STEP][PASSED] - click: Object: 'Object Repository/PublicCustomer/callOnlyNextButton' is clicked on

2018-09-15 11:30:41 - [MESSAGE][PASSED] - Object: 'Object Repository/PublicCustomer/callOnlyNextButton' is clicked on

2018-09-15 11:30:41 - [TEST_STEP][PASSED] - Statement - number = CustomKeywords.phoneNumbers.contactNumbers.randomString(9): phoneNumbers.contactNumbers.randomString is PASSED

2018-09-15 11:30:41 - [MESSAGE][PASSED] - phoneNumbers.contactNumbers.randomString is PASSED

2018-09-15 11:30:41 - [TEST_STEP][PASSED] - Statement - Mobile_Number = number: null

2018-09-15 11:30:41 - [TEST_STEP][PASSED] - setText: Text '7373248641' is set on object 'Object Repository/PublicCustomer/customerNumber'

2018-09-15 11:30:42 - [MESSAGE][PASSED] - Text '7373248641' is set on object 'Object Repository/PublicCustomer/customerNumber'

2018-09-15 11:30:42 - [TEST_STEP][PASSED] - click: Object: 'Object Repository/PublicCustomer/doneButtonCallOnly' is clicked on

2018-09-15 11:30:42 - [MESSAGE][PASSED] - Object: 'Object Repository/PublicCustomer/doneButtonCallOnly' is clicked on

2018-09-15 11:30:42 - [TEST_STEP][PASSED] - Statement - currentTab = com.kms.katalon.core.webui.keyword.WebUiBuiltInKeywords.getWindowIndex(): Current window's index is: 1

2018-09-15 11:30:42 - [MESSAGE][PASSED] - Current window's index is: 1

2018-09-15 11:30:42 - [TEST_STEP][PASSED] - delay: Delayed 10 second(s)

2018-09-15 11:30:52 - [MESSAGE][PASSED] - Delayed 10 second(s)

2018-09-15 11:30:52 - [TEST_STEP][PASSED] - switchToWindowIndex: Switched to window with index: '0'

2018-09-15 11:30:52 - [MESSAGE][PASSED] - Switched to window with index: '0'

2018-09-15 11:30:52 - [TEST_STEP][PASSED] - refresh: Refresh successfully

2018-09-15 11:30:52 - [MESSAGE][PASSED] - Refresh successfully

2018-09-15 11:30:52 - [TEST_STEP][PASSED] - acceptAlert: Alert accepted

2018-09-15 11:30:52 - [MESSAGE][PASSED] - Alert accepted]]></system-out>
         <system-err><![CDATA[]]></system-err>
      </testcase>
      <testcase name="Test Cases/completed/TestCases7_Public Customers/CallOnlyPublicCustomers/nameEmailNumberWithTag" classname="Test Cases/completed/TestCases7_Public Customers/CallOnlyPublicCustomers/nameEmailNumberWithTag" status="PASSED">
         <system-out><![CDATA[2018-09-15 11:30:52 - [TEST_CASE][PASSED] - Test Cases/completed/TestCases7_Public Customers/CallOnlyPublicCustomers/nameEmailNumberWithTag: Test Cases/completed/TestCases7_Public Customers/CallOnlyPublicCustomers/nameEmailNumberWithTag

2018-09-15 11:30:53 - [TEST_STEP][PASSED] - callTestCase: Call Test Case 'Test Cases/BVT/aSimple_Login' successfully

2018-09-15 11:30:53 - [TEST_CASE][PASSED] - Test Cases/BVT/aSimple_Login: Test Cases/BVT/aSimple_Login

2018-09-15 11:30:53 - [TEST_STEP][PASSED] - openBrowser: Browser is opened with url: ''

2018-09-15 11:30:53 - [MESSAGE][WARNING] - A browser is already opened. Closing browser and opening a new one

2018-09-15 11:30:56 - [MESSAGE][PASSED] - Browser is opened with url: ''

2018-09-15 11:30:56 - [TEST_STEP][PASSED] - maximizeWindow: Current window maximized

2018-09-15 11:30:57 - [MESSAGE][PASSED] - Current window maximized

2018-09-15 11:30:57 - [TEST_STEP][PASSED] - navigateToUrl: Navigate to 'https://dev.vcalling.in/enterprises/UAT/Dashboard/index.html' successfully

2018-09-15 11:31:02 - [MESSAGE][PASSED] - Navigate to 'https://dev.vcalling.in/enterprises/UAT/Dashboard/index.html' successfully

2018-09-15 11:31:02 - [TEST_STEP][PASSED] - setText: Text 'testing4dea@gmail.com' is set on object 'Object Repository/Login/UserId'

2018-09-15 11:31:03 - [MESSAGE][PASSED] - Text 'testing4dea@gmail.com' is set on object 'Object Repository/Login/UserId'

2018-09-15 11:31:03 - [TEST_STEP][PASSED] - click: Object: 'Object Repository/Login/div_GET OTP' is clicked on

2018-09-15 11:31:03 - [MESSAGE][PASSED] - Object: 'Object Repository/Login/div_GET OTP' is clicked on

2018-09-15 11:31:03 - [TEST_STEP][PASSED] - waitForElementPresent: Object 'Object Repository/Login/div_SUBMIT' is present

2018-09-15 11:31:05 - [MESSAGE][PASSED] - Object 'Object Repository/Login/div_SUBMIT' is present

2018-09-15 11:31:05 - [TEST_STEP][PASSED] - Statement - If (com.kms.katalon.core.webui.keyword.WebUiBuiltInKeywords.verifyElementNotPresent(com.kms.katalon.core.testobject.ObjectRepository.findTestObject(Login/div_SUBMIT), 5, OPTIONAL)): Web element with id: 'Object Repository/Login/div_SUBMIT' located by 'By.xpath: //div[(text() = ' SUBMIT ' or . = ' SUBMIT ')]' is present after '5' second(s)

2018-09-15 11:31:10 - [MESSAGE][WARNING] - Web element with id: 'Object Repository/Login/div_SUBMIT' located by 'By.xpath: //div[(text() = ' SUBMIT ' or . = ' SUBMIT ')]' is present after '5' second(s)
[[ATTACHMENT|C:\\Users\\Kaushal\\Desktop\\Katalon Studio\\vCallingDashboard\\Reports\\RegressionSuite\\20180915_103222\\1537007470490.png]]

2018-09-15 11:31:10 - [TEST_STEP][PASSED] - Statement - sleep(5000): null

2018-09-15 11:31:15 - [TEST_STEP][PASSED] - Statement - OTP = getOTP(): null

2018-09-15 11:31:15 - [TEST_STEP][PASSED] - Statement - host = "imap.gmail.com": null

2018-09-15 11:31:15 - [TEST_STEP][PASSED] - Statement - msg = <not implemented yet for class: org.codehaus.groovy.ast.expr.EmptyExpression>: null

2018-09-15 11:31:15 - [TEST_STEP][PASSED] - Statement - msgSub = <not implemented yet for class: org.codehaus.groovy.ast.expr.EmptyExpression>: null

2018-09-15 11:31:15 - [TEST_STEP][PASSED] - Statement - OTP = "unavailable": null

2018-09-15 11:31:15 - [TEST_STEP][PASSED] - Statement - props = new java.util.Properties(): null

2018-09-15 11:31:15 - [TEST_STEP][PASSED] - Statement - props.setProperty("mail.imap.ssl.enable", "true"): null

2018-09-15 11:31:15 - [TEST_STEP][PASSED] - Statement - session = javax.mail.Session.getInstance(props): null

2018-09-15 11:31:15 - [TEST_STEP][PASSED] - Statement - store = <not implemented yet for class: org.codehaus.groovy.ast.expr.EmptyExpression>: null

2018-09-15 11:31:15 - [TEST_STEP][PASSED] - Statement - Try: null

2018-09-15 11:31:15 - [TEST_STEP][PASSED] - Statement - store = session.getStore("imap"): null

2018-09-15 11:31:15 - [TEST_STEP][PASSED] - Statement - store.connect(host, Email, Password): null

2018-09-15 11:31:17 - [TEST_STEP][PASSED] - Statement - emailFolder = store.getFolder("INBOX"): null

2018-09-15 11:31:17 - [TEST_STEP][PASSED] - Statement - emailFolder.open(READ_WRITE): null

2018-09-15 11:31:17 - [TEST_STEP][PASSED] - Statement - messages = emailFolder.getMessages(): null

2018-09-15 11:31:17 - [TEST_STEP][PASSED] - Statement - n = length: null

2018-09-15 11:31:17 - [TEST_STEP][PASSED] - Statement - message = messages[n - 1]: null

2018-09-15 11:31:17 - [TEST_STEP][PASSED] - Statement - msgSub = message.getSubject(): null

2018-09-15 11:31:18 - [TEST_STEP][PASSED] - Statement - If (msgSub.equals("OTP to Sign In")): null

2018-09-15 11:31:18 - [TEST_STEP][PASSED] - Statement - msg = message.getContent().toString(): null

2018-09-15 11:31:18 - [TEST_STEP][PASSED] - Statement - OTP = msg.substring(msg.length() - 7): null

2018-09-15 11:31:18 - [TEST_STEP][PASSED] - Statement - message.setFlag(DELETED, true): null

2018-09-15 11:31:19 - [TEST_STEP][PASSED] - Statement - emailFolder.close(true): null

2018-09-15 11:31:19 - [TEST_STEP][PASSED] - Statement - store.close(): null

2018-09-15 11:31:20 - [TEST_STEP][PASSED] - Statement - return OTP: null

2018-09-15 11:31:20 - [TEST_STEP][PASSED] - Statement - If (OTP.equals("unavailable")): null

2018-09-15 11:31:20 - [TEST_STEP][PASSED] - Statement - Else: Text 'v8418
' is set on object 'Object Repository/Login/OtpInput'

2018-09-15 11:31:20 - [TEST_STEP][PASSED] - setText: Text 'v8418
' is set on object 'Object Repository/Login/OtpInput'

2018-09-15 11:31:20 - [MESSAGE][PASSED] - Text 'v8418
' is set on object 'Object Repository/Login/OtpInput'

2018-09-15 11:31:20 - [TEST_STEP][PASSED] - verifyElementPresent: Object 'Object Repository/Login/afterOpenDisplay' is present

2018-09-15 11:31:21 - [MESSAGE][PASSED] - Object 'Object Repository/Login/afterOpenDisplay' is present

2018-09-15 11:31:21 - [MESSAGE][PASSED] - Call Test Case 'Test Cases/BVT/aSimple_Login' successfully

2018-09-15 11:31:21 - [TEST_STEP][PASSED] - Statement - driver = com.kms.katalon.core.webui.driver.DriverFactory.getWebDriver(): null

2018-09-15 11:31:21 - [TEST_STEP][PASSED] - click: Object: 'Object Repository/Dashboard_Link Generator/linkgeneratorIcon' is clicked on

2018-09-15 11:31:21 - [MESSAGE][PASSED] - Object: 'Object Repository/Dashboard_Link Generator/linkgeneratorIcon' is clicked on

2018-09-15 11:31:21 - [TEST_STEP][PASSED] - click: Object: 'Object Repository/Public Links/publicLinkTab' is clicked on

2018-09-15 11:31:22 - [MESSAGE][PASSED] - Object: 'Object Repository/Public Links/publicLinkTab' is clicked on

2018-09-15 11:31:22 - [TEST_STEP][PASSED] - Statement - x = CustomKeywords.newPackage.newKeyword.randomString(3).toLowerCase(): newPackage.newKeyword.randomString is PASSED

2018-09-15 11:31:22 - [MESSAGE][PASSED] - newPackage.newKeyword.randomString is PASSED

2018-09-15 11:31:22 - [TEST_STEP][PASSED] - Statement - teamMeberName = x: null

2018-09-15 11:31:22 - [TEST_STEP][PASSED] - setText: Text 'ddua' is set on object 'Object Repository/Public Links/PubLinkWithTag'

2018-09-15 11:31:22 - [MESSAGE][PASSED] - Text 'ddua' is set on object 'Object Repository/Public Links/PubLinkWithTag'

2018-09-15 11:31:22 - [TEST_STEP][PASSED] - click: Object: 'Object Repository/Public Links/checkBoxPubLink' is clicked on

2018-09-15 11:31:22 - [MESSAGE][PASSED] - Object: 'Object Repository/Public Links/checkBoxPubLink' is clicked on

2018-09-15 11:31:22 - [TEST_STEP][PASSED] - click: Object: 'Object Repository/Public Links/GetLink' is clicked on

2018-09-15 11:31:22 - [MESSAGE][PASSED] - Object: 'Object Repository/Public Links/GetLink' is clicked on

2018-09-15 11:31:22 - [TEST_STEP][PASSED] - Statement - getLink = com.kms.katalon.core.webui.keyword.WebUiBuiltInKeywords.getAttribute(com.kms.katalon.core.testobject.ObjectRepository.findTestObject(Dashboard_Link Generator/input_link-text), "value"): Attribute 'value' of object 'Object Repository/Dashboard_Link Generator/input_link-text' is: 'https://dev.vcalling.in/url/UAT/?id=UAT_publicLink-160&p=t&c=t'

2018-09-15 11:31:23 - [MESSAGE][PASSED] - Attribute 'value' of object 'Object Repository/Dashboard_Link Generator/input_link-text' is: 'https://dev.vcalling.in/url/UAT/?id=UAT_publicLink-160&p=t&c=t'

2018-09-15 11:31:23 - [TEST_STEP][PASSED] - Statement - println(getLink): null

2018-09-15 11:31:23 - [TEST_STEP][PASSED] - click: Object: 'Object Repository/Dashboard_Link Generator/copyLink' is clicked on

2018-09-15 11:31:23 - [MESSAGE][PASSED] - Object: 'Object Repository/Dashboard_Link Generator/copyLink' is clicked on

2018-09-15 11:31:23 - [TEST_STEP][PASSED] - delay: Delayed 2 second(s)

2018-09-15 11:31:25 - [MESSAGE][PASSED] - Delayed 2 second(s)

2018-09-15 11:31:25 - [TEST_STEP][PASSED] - Statement - js = driver: null

2018-09-15 11:31:25 - [TEST_STEP][PASSED] - Statement - js.executeScript("window.open();"): null

2018-09-15 11:31:25 - [TEST_STEP][PASSED] - Statement - currentWindow = com.kms.katalon.core.webui.keyword.WebUiBuiltInKeywords.getWindowIndex(): Current window's index is: 0

2018-09-15 11:31:25 - [MESSAGE][PASSED] - Current window's index is: 0

2018-09-15 11:31:25 - [TEST_STEP][PASSED] - switchToWindowIndex: Switched to window with index: '1'

2018-09-15 11:31:25 - [MESSAGE][PASSED] - Switched to window with index: '1'

2018-09-15 11:31:25 - [TEST_STEP][PASSED] - navigateToUrl: Navigate to 'https://dev.vcalling.in/url/UAT/?id=UAT_publicLink-160&p=t&c=t' successfully

2018-09-15 11:31:28 - [MESSAGE][PASSED] - Navigate to 'https://dev.vcalling.in/url/UAT/?id=UAT_publicLink-160&p=t&c=t' successfully

2018-09-15 11:31:28 - [TEST_STEP][PASSED] - setText: Text 'ddu' is set on object 'Object Repository/PublicCustomer/callOnlyCustName'

2018-09-15 11:31:29 - [MESSAGE][PASSED] - Text 'ddu' is set on object 'Object Repository/PublicCustomer/callOnlyCustName'

2018-09-15 11:31:29 - [TEST_STEP][PASSED] - click: Object: 'Object Repository/PublicCustomer/callOnlyNextButton' is clicked on

2018-09-15 11:31:29 - [MESSAGE][PASSED] - Object: 'Object Repository/PublicCustomer/callOnlyNextButton' is clicked on

2018-09-15 11:31:29 - [TEST_STEP][PASSED] - Statement - number = CustomKeywords.phoneNumbers.contactNumbers.randomString(9): phoneNumbers.contactNumbers.randomString is PASSED

2018-09-15 11:31:29 - [MESSAGE][PASSED] - phoneNumbers.contactNumbers.randomString is PASSED

2018-09-15 11:31:29 - [TEST_STEP][PASSED] - Statement - Mobile_Number = number: null

2018-09-15 11:31:29 - [TEST_STEP][PASSED] - setText: Text '3235882831' is set on object 'Object Repository/PublicCustomer/customerNumber'

2018-09-15 11:31:30 - [MESSAGE][PASSED] - Text '3235882831' is set on object 'Object Repository/PublicCustomer/customerNumber'

2018-09-15 11:31:30 - [TEST_STEP][PASSED] - setText: Text 'wTfYMJstQH@gmail.com' is set on object 'Object Repository/PublicCustomer/callOnlyEmail'

2018-09-15 11:31:30 - [MESSAGE][PASSED] - newPackage.newKeyword.randomString is PASSED

2018-09-15 11:31:30 - [MESSAGE][PASSED] - Text 'wTfYMJstQH@gmail.com' is set on object 'Object Repository/PublicCustomer/callOnlyEmail'

2018-09-15 11:31:30 - [TEST_STEP][PASSED] - click: Object: 'Object Repository/PublicCustomer/doneButtonCallOnly' is clicked on

2018-09-15 11:31:31 - [MESSAGE][PASSED] - Object: 'Object Repository/PublicCustomer/doneButtonCallOnly' is clicked on

2018-09-15 11:31:31 - [TEST_STEP][PASSED] - Statement - currentTab = com.kms.katalon.core.webui.keyword.WebUiBuiltInKeywords.getWindowIndex(): Current window's index is: 1

2018-09-15 11:31:31 - [MESSAGE][PASSED] - Current window's index is: 1

2018-09-15 11:31:31 - [TEST_STEP][PASSED] - delay: Delayed 10 second(s)

2018-09-15 11:31:41 - [MESSAGE][PASSED] - Delayed 10 second(s)

2018-09-15 11:31:41 - [TEST_STEP][PASSED] - switchToWindowIndex: Switched to window with index: '0'

2018-09-15 11:31:41 - [MESSAGE][PASSED] - Switched to window with index: '0'

2018-09-15 11:31:41 - [TEST_STEP][PASSED] - refresh: Refresh successfully

2018-09-15 11:31:41 - [MESSAGE][PASSED] - Refresh successfully

2018-09-15 11:31:41 - [TEST_STEP][PASSED] - acceptAlert: Alert accepted

2018-09-15 11:31:41 - [MESSAGE][PASSED] - Alert accepted]]></system-out>
         <system-err><![CDATA[]]></system-err>
      </testcase>
      <testcase name="Test Cases/completed/TestCases7_Public Customers/CallOnlyPublicCustomers/nameEmailNumWithoutTag" classname="Test Cases/completed/TestCases7_Public Customers/CallOnlyPublicCustomers/nameEmailNumWithoutTag" status="PASSED">
         <system-out><![CDATA[2018-09-15 11:31:41 - [TEST_CASE][PASSED] - Test Cases/completed/TestCases7_Public Customers/CallOnlyPublicCustomers/nameEmailNumWithoutTag: Test Cases/completed/TestCases7_Public Customers/CallOnlyPublicCustomers/nameEmailNumWithoutTag

2018-09-15 11:31:41 - [TEST_STEP][PASSED] - callTestCase: Call Test Case 'Test Cases/BVT/aSimple_Login' successfully

2018-09-15 11:31:41 - [TEST_CASE][PASSED] - Test Cases/BVT/aSimple_Login: Test Cases/BVT/aSimple_Login

2018-09-15 11:31:41 - [TEST_STEP][PASSED] - openBrowser: Browser is opened with url: ''

2018-09-15 11:31:41 - [MESSAGE][WARNING] - A browser is already opened. Closing browser and opening a new one

2018-09-15 11:31:44 - [MESSAGE][PASSED] - Browser is opened with url: ''

2018-09-15 11:31:44 - [TEST_STEP][PASSED] - maximizeWindow: Current window maximized

2018-09-15 11:31:45 - [MESSAGE][PASSED] - Current window maximized

2018-09-15 11:31:45 - [TEST_STEP][PASSED] - navigateToUrl: Navigate to 'https://dev.vcalling.in/enterprises/UAT/Dashboard/index.html' successfully

2018-09-15 11:31:53 - [MESSAGE][PASSED] - Navigate to 'https://dev.vcalling.in/enterprises/UAT/Dashboard/index.html' successfully

2018-09-15 11:31:53 - [TEST_STEP][PASSED] - setText: Text 'testing4dea@gmail.com' is set on object 'Object Repository/Login/UserId'

2018-09-15 11:31:53 - [MESSAGE][PASSED] - Text 'testing4dea@gmail.com' is set on object 'Object Repository/Login/UserId'

2018-09-15 11:31:53 - [TEST_STEP][PASSED] - click: Object: 'Object Repository/Login/div_GET OTP' is clicked on

2018-09-15 11:31:53 - [MESSAGE][PASSED] - Object: 'Object Repository/Login/div_GET OTP' is clicked on

2018-09-15 11:31:53 - [TEST_STEP][PASSED] - waitForElementPresent: Object 'Object Repository/Login/div_SUBMIT' is present

2018-09-15 11:31:55 - [MESSAGE][PASSED] - Object 'Object Repository/Login/div_SUBMIT' is present

2018-09-15 11:31:55 - [TEST_STEP][PASSED] - Statement - If (com.kms.katalon.core.webui.keyword.WebUiBuiltInKeywords.verifyElementNotPresent(com.kms.katalon.core.testobject.ObjectRepository.findTestObject(Login/div_SUBMIT), 5, OPTIONAL)): Web element with id: 'Object Repository/Login/div_SUBMIT' located by 'By.xpath: //div[(text() = ' SUBMIT ' or . = ' SUBMIT ')]' is present after '5' second(s)

2018-09-15 11:32:00 - [MESSAGE][WARNING] - Web element with id: 'Object Repository/Login/div_SUBMIT' located by 'By.xpath: //div[(text() = ' SUBMIT ' or . = ' SUBMIT ')]' is present after '5' second(s)
[[ATTACHMENT|C:\\Users\\Kaushal\\Desktop\\Katalon Studio\\vCallingDashboard\\Reports\\RegressionSuite\\20180915_103222\\1537007520420.png]]

2018-09-15 11:32:00 - [TEST_STEP][PASSED] - Statement - sleep(5000): null

2018-09-15 11:32:05 - [TEST_STEP][PASSED] - Statement - OTP = getOTP(): null

2018-09-15 11:32:05 - [TEST_STEP][PASSED] - Statement - host = "imap.gmail.com": null

2018-09-15 11:32:05 - [TEST_STEP][PASSED] - Statement - msg = <not implemented yet for class: org.codehaus.groovy.ast.expr.EmptyExpression>: null

2018-09-15 11:32:05 - [TEST_STEP][PASSED] - Statement - msgSub = <not implemented yet for class: org.codehaus.groovy.ast.expr.EmptyExpression>: null

2018-09-15 11:32:05 - [TEST_STEP][PASSED] - Statement - OTP = "unavailable": null

2018-09-15 11:32:05 - [TEST_STEP][PASSED] - Statement - props = new java.util.Properties(): null

2018-09-15 11:32:05 - [TEST_STEP][PASSED] - Statement - props.setProperty("mail.imap.ssl.enable", "true"): null

2018-09-15 11:32:05 - [TEST_STEP][PASSED] - Statement - session = javax.mail.Session.getInstance(props): null

2018-09-15 11:32:05 - [TEST_STEP][PASSED] - Statement - store = <not implemented yet for class: org.codehaus.groovy.ast.expr.EmptyExpression>: null

2018-09-15 11:32:05 - [TEST_STEP][PASSED] - Statement - Try: null

2018-09-15 11:32:05 - [TEST_STEP][PASSED] - Statement - store = session.getStore("imap"): null

2018-09-15 11:32:05 - [TEST_STEP][PASSED] - Statement - store.connect(host, Email, Password): null

2018-09-15 11:32:07 - [TEST_STEP][PASSED] - Statement - emailFolder = store.getFolder("INBOX"): null

2018-09-15 11:32:07 - [TEST_STEP][PASSED] - Statement - emailFolder.open(READ_WRITE): null

2018-09-15 11:32:07 - [TEST_STEP][PASSED] - Statement - messages = emailFolder.getMessages(): null

2018-09-15 11:32:07 - [TEST_STEP][PASSED] - Statement - n = length: null

2018-09-15 11:32:07 - [TEST_STEP][PASSED] - Statement - message = messages[n - 1]: null

2018-09-15 11:32:07 - [TEST_STEP][PASSED] - Statement - msgSub = message.getSubject(): null

2018-09-15 11:32:08 - [TEST_STEP][PASSED] - Statement - If (msgSub.equals("OTP to Sign In")): null

2018-09-15 11:32:08 - [TEST_STEP][PASSED] - Statement - msg = message.getContent().toString(): null

2018-09-15 11:32:09 - [TEST_STEP][PASSED] - Statement - OTP = msg.substring(msg.length() - 7): null

2018-09-15 11:32:09 - [TEST_STEP][PASSED] - Statement - message.setFlag(DELETED, true): null

2018-09-15 11:32:09 - [TEST_STEP][PASSED] - Statement - emailFolder.close(true): null

2018-09-15 11:32:09 - [TEST_STEP][PASSED] - Statement - store.close(): null

2018-09-15 11:32:10 - [TEST_STEP][PASSED] - Statement - return OTP: null

2018-09-15 11:32:10 - [TEST_STEP][PASSED] - Statement - If (OTP.equals("unavailable")): null

2018-09-15 11:32:10 - [TEST_STEP][PASSED] - Statement - Else: Text 'i9257
' is set on object 'Object Repository/Login/OtpInput'

2018-09-15 11:32:10 - [TEST_STEP][PASSED] - setText: Text 'i9257
' is set on object 'Object Repository/Login/OtpInput'

2018-09-15 11:32:10 - [MESSAGE][PASSED] - Text 'i9257
' is set on object 'Object Repository/Login/OtpInput'

2018-09-15 11:32:10 - [TEST_STEP][PASSED] - verifyElementPresent: Object 'Object Repository/Login/afterOpenDisplay' is present

2018-09-15 11:32:11 - [MESSAGE][PASSED] - Object 'Object Repository/Login/afterOpenDisplay' is present

2018-09-15 11:32:11 - [MESSAGE][PASSED] - Call Test Case 'Test Cases/BVT/aSimple_Login' successfully

2018-09-15 11:32:11 - [TEST_STEP][PASSED] - Statement - driver = com.kms.katalon.core.webui.driver.DriverFactory.getWebDriver(): null

2018-09-15 11:32:11 - [TEST_STEP][PASSED] - click: Object: 'Object Repository/Dashboard_Link Generator/linkgeneratorIcon' is clicked on

2018-09-15 11:32:11 - [MESSAGE][PASSED] - Object: 'Object Repository/Dashboard_Link Generator/linkgeneratorIcon' is clicked on

2018-09-15 11:32:11 - [TEST_STEP][PASSED] - click: Object: 'Object Repository/Public Links/publicLinkTab' is clicked on

2018-09-15 11:32:12 - [MESSAGE][PASSED] - Object: 'Object Repository/Public Links/publicLinkTab' is clicked on

2018-09-15 11:32:12 - [TEST_STEP][PASSED] - click: Object: 'Object Repository/Public Links/checkBoxPubLink' is clicked on

2018-09-15 11:32:12 - [MESSAGE][PASSED] - Object: 'Object Repository/Public Links/checkBoxPubLink' is clicked on

2018-09-15 11:32:12 - [TEST_STEP][PASSED] - click: Object: 'Object Repository/Public Links/GetLink' is clicked on

2018-09-15 11:32:12 - [MESSAGE][PASSED] - Object: 'Object Repository/Public Links/GetLink' is clicked on

2018-09-15 11:32:12 - [TEST_STEP][PASSED] - Statement - getLink = com.kms.katalon.core.webui.keyword.WebUiBuiltInKeywords.getAttribute(com.kms.katalon.core.testobject.ObjectRepository.findTestObject(Dashboard_Link Generator/input_link-text), "value"): Attribute 'value' of object 'Object Repository/Dashboard_Link Generator/input_link-text' is: 'https://dev.vcalling.in/url/UAT/?id=UAT_publicLink-137&p=t&c=t'

2018-09-15 11:32:13 - [MESSAGE][PASSED] - Attribute 'value' of object 'Object Repository/Dashboard_Link Generator/input_link-text' is: 'https://dev.vcalling.in/url/UAT/?id=UAT_publicLink-137&p=t&c=t'

2018-09-15 11:32:13 - [TEST_STEP][PASSED] - Statement - println(getLink): null

2018-09-15 11:32:13 - [TEST_STEP][PASSED] - click: Object: 'Object Repository/Dashboard_Link Generator/copyLink' is clicked on

2018-09-15 11:32:13 - [MESSAGE][PASSED] - Object: 'Object Repository/Dashboard_Link Generator/copyLink' is clicked on

2018-09-15 11:32:13 - [TEST_STEP][PASSED] - delay: Delayed 2 second(s)

2018-09-15 11:32:15 - [MESSAGE][PASSED] - Delayed 2 second(s)

2018-09-15 11:32:15 - [TEST_STEP][PASSED] - Statement - js = driver: null

2018-09-15 11:32:15 - [TEST_STEP][PASSED] - Statement - js.executeScript("window.open();"): null

2018-09-15 11:32:15 - [TEST_STEP][PASSED] - Statement - currentWindow = com.kms.katalon.core.webui.keyword.WebUiBuiltInKeywords.getWindowIndex(): Current window's index is: 0

2018-09-15 11:32:15 - [MESSAGE][PASSED] - Current window's index is: 0

2018-09-15 11:32:15 - [TEST_STEP][PASSED] - switchToWindowIndex: Switched to window with index: '1'

2018-09-15 11:32:15 - [MESSAGE][PASSED] - Switched to window with index: '1'

2018-09-15 11:32:15 - [TEST_STEP][PASSED] - navigateToUrl: Navigate to 'https://dev.vcalling.in/url/UAT/?id=UAT_publicLink-137&p=t&c=t' successfully

2018-09-15 11:32:17 - [MESSAGE][PASSED] - Navigate to 'https://dev.vcalling.in/url/UAT/?id=UAT_publicLink-137&p=t&c=t' successfully

2018-09-15 11:32:17 - [TEST_STEP][PASSED] - Statement - x = CustomKeywords.newPackage.newKeyword.randomString(3).toLowerCase(): newPackage.newKeyword.randomString is PASSED

2018-09-15 11:32:17 - [MESSAGE][PASSED] - newPackage.newKeyword.randomString is PASSED

2018-09-15 11:32:17 - [TEST_STEP][PASSED] - Statement - teamMeberName = x: null

2018-09-15 11:32:17 - [TEST_STEP][PASSED] - setText: Text 'ark' is set on object 'Object Repository/PublicCustomer/callOnlyCustName'

2018-09-15 11:32:19 - [MESSAGE][PASSED] - Text 'ark' is set on object 'Object Repository/PublicCustomer/callOnlyCustName'

2018-09-15 11:32:19 - [TEST_STEP][PASSED] - click: Object: 'Object Repository/PublicCustomer/callOnlyNextButton' is clicked on

2018-09-15 11:32:19 - [MESSAGE][PASSED] - Object: 'Object Repository/PublicCustomer/callOnlyNextButton' is clicked on

2018-09-15 11:32:19 - [TEST_STEP][PASSED] - Statement - number = CustomKeywords.phoneNumbers.contactNumbers.randomString(9): phoneNumbers.contactNumbers.randomString is PASSED

2018-09-15 11:32:19 - [MESSAGE][PASSED] - phoneNumbers.contactNumbers.randomString is PASSED

2018-09-15 11:32:19 - [TEST_STEP][PASSED] - Statement - Mobile_Number = number: null

2018-09-15 11:32:19 - [TEST_STEP][PASSED] - setText: Text '5638868911' is set on object 'Object Repository/PublicCustomer/customerNumber'

2018-09-15 11:32:20 - [MESSAGE][PASSED] - Text '5638868911' is set on object 'Object Repository/PublicCustomer/customerNumber'

2018-09-15 11:32:20 - [TEST_STEP][PASSED] - setText: Text 'txNkNfZjca@gmail.com' is set on object 'Object Repository/PublicCustomer/callOnlyEmail'

2018-09-15 11:32:20 - [MESSAGE][PASSED] - newPackage.newKeyword.randomString is PASSED

2018-09-15 11:32:20 - [MESSAGE][PASSED] - Text 'txNkNfZjca@gmail.com' is set on object 'Object Repository/PublicCustomer/callOnlyEmail'

2018-09-15 11:32:20 - [TEST_STEP][PASSED] - click: Object: 'Object Repository/PublicCustomer/doneButtonCallOnly' is clicked on

2018-09-15 11:32:21 - [MESSAGE][PASSED] - Object: 'Object Repository/PublicCustomer/doneButtonCallOnly' is clicked on

2018-09-15 11:32:21 - [TEST_STEP][PASSED] - Statement - currentTab = com.kms.katalon.core.webui.keyword.WebUiBuiltInKeywords.getWindowIndex(): Current window's index is: 1

2018-09-15 11:32:21 - [MESSAGE][PASSED] - Current window's index is: 1

2018-09-15 11:32:21 - [TEST_STEP][PASSED] - delay: Delayed 10 second(s)

2018-09-15 11:32:31 - [MESSAGE][PASSED] - Delayed 10 second(s)

2018-09-15 11:32:31 - [TEST_STEP][PASSED] - switchToWindowIndex: Switched to window with index: '0'

2018-09-15 11:32:31 - [MESSAGE][PASSED] - Switched to window with index: '0'

2018-09-15 11:32:31 - [TEST_STEP][PASSED] - refresh: Refresh successfully

2018-09-15 11:32:31 - [MESSAGE][PASSED] - Refresh successfully

2018-09-15 11:32:31 - [TEST_STEP][PASSED] - acceptAlert: Alert accepted

2018-09-15 11:32:31 - [MESSAGE][PASSED] - Alert accepted]]></system-out>
         <system-err><![CDATA[]]></system-err>
      </testcase>
      <testcase name="Test Cases/completed/TestCases7_Public Customers/CallOnlyPublicCustomers/nameEmailWithoutTag" classname="Test Cases/completed/TestCases7_Public Customers/CallOnlyPublicCustomers/nameEmailWithoutTag" status="PASSED">
         <system-out><![CDATA[2018-09-15 11:32:31 - [TEST_CASE][PASSED] - Test Cases/completed/TestCases7_Public Customers/CallOnlyPublicCustomers/nameEmailWithoutTag: Test Cases/completed/TestCases7_Public Customers/CallOnlyPublicCustomers/nameEmailWithoutTag

2018-09-15 11:32:31 - [TEST_STEP][PASSED] - callTestCase: Call Test Case 'Test Cases/BVT/aSimple_Login' successfully

2018-09-15 11:32:32 - [TEST_CASE][PASSED] - Test Cases/BVT/aSimple_Login: Test Cases/BVT/aSimple_Login

2018-09-15 11:32:32 - [TEST_STEP][PASSED] - openBrowser: Browser is opened with url: ''

2018-09-15 11:32:32 - [MESSAGE][WARNING] - A browser is already opened. Closing browser and opening a new one

2018-09-15 11:32:34 - [MESSAGE][PASSED] - Browser is opened with url: ''

2018-09-15 11:32:34 - [TEST_STEP][PASSED] - maximizeWindow: Current window maximized

2018-09-15 11:32:36 - [MESSAGE][PASSED] - Current window maximized

2018-09-15 11:32:36 - [TEST_STEP][PASSED] - navigateToUrl: Navigate to 'https://dev.vcalling.in/enterprises/UAT/Dashboard/index.html' successfully

2018-09-15 11:32:39 - [MESSAGE][PASSED] - Navigate to 'https://dev.vcalling.in/enterprises/UAT/Dashboard/index.html' successfully

2018-09-15 11:32:39 - [TEST_STEP][PASSED] - setText: Text 'testing4dea@gmail.com' is set on object 'Object Repository/Login/UserId'

2018-09-15 11:32:39 - [MESSAGE][PASSED] - Text 'testing4dea@gmail.com' is set on object 'Object Repository/Login/UserId'

2018-09-15 11:32:39 - [TEST_STEP][PASSED] - click: Object: 'Object Repository/Login/div_GET OTP' is clicked on

2018-09-15 11:32:39 - [MESSAGE][PASSED] - Object: 'Object Repository/Login/div_GET OTP' is clicked on

2018-09-15 11:32:39 - [TEST_STEP][PASSED] - waitForElementPresent: Object 'Object Repository/Login/div_SUBMIT' is present

2018-09-15 11:32:41 - [MESSAGE][PASSED] - Object 'Object Repository/Login/div_SUBMIT' is present

2018-09-15 11:32:41 - [TEST_STEP][PASSED] - Statement - If (com.kms.katalon.core.webui.keyword.WebUiBuiltInKeywords.verifyElementNotPresent(com.kms.katalon.core.testobject.ObjectRepository.findTestObject(Login/div_SUBMIT), 5, OPTIONAL)): Web element with id: 'Object Repository/Login/div_SUBMIT' located by 'By.xpath: //div[(text() = ' SUBMIT ' or . = ' SUBMIT ')]' is present after '5' second(s)

2018-09-15 11:32:46 - [MESSAGE][WARNING] - Web element with id: 'Object Repository/Login/div_SUBMIT' located by 'By.xpath: //div[(text() = ' SUBMIT ' or . = ' SUBMIT ')]' is present after '5' second(s)
[[ATTACHMENT|C:\\Users\\Kaushal\\Desktop\\Katalon Studio\\vCallingDashboard\\Reports\\RegressionSuite\\20180915_103222\\1537007566432.png]]

2018-09-15 11:32:46 - [TEST_STEP][PASSED] - Statement - sleep(5000): null

2018-09-15 11:32:51 - [TEST_STEP][PASSED] - Statement - OTP = getOTP(): null

2018-09-15 11:32:51 - [TEST_STEP][PASSED] - Statement - host = "imap.gmail.com": null

2018-09-15 11:32:51 - [TEST_STEP][PASSED] - Statement - msg = <not implemented yet for class: org.codehaus.groovy.ast.expr.EmptyExpression>: null

2018-09-15 11:32:51 - [TEST_STEP][PASSED] - Statement - msgSub = <not implemented yet for class: org.codehaus.groovy.ast.expr.EmptyExpression>: null

2018-09-15 11:32:51 - [TEST_STEP][PASSED] - Statement - OTP = "unavailable": null

2018-09-15 11:32:51 - [TEST_STEP][PASSED] - Statement - props = new java.util.Properties(): null

2018-09-15 11:32:51 - [TEST_STEP][PASSED] - Statement - props.setProperty("mail.imap.ssl.enable", "true"): null

2018-09-15 11:32:51 - [TEST_STEP][PASSED] - Statement - session = javax.mail.Session.getInstance(props): null

2018-09-15 11:32:51 - [TEST_STEP][PASSED] - Statement - store = <not implemented yet for class: org.codehaus.groovy.ast.expr.EmptyExpression>: null

2018-09-15 11:32:51 - [TEST_STEP][PASSED] - Statement - Try: null

2018-09-15 11:32:51 - [TEST_STEP][PASSED] - Statement - store = session.getStore("imap"): null

2018-09-15 11:32:51 - [TEST_STEP][PASSED] - Statement - store.connect(host, Email, Password): null

2018-09-15 11:32:53 - [TEST_STEP][PASSED] - Statement - emailFolder = store.getFolder("INBOX"): null

2018-09-15 11:32:53 - [TEST_STEP][PASSED] - Statement - emailFolder.open(READ_WRITE): null

2018-09-15 11:32:54 - [TEST_STEP][PASSED] - Statement - messages = emailFolder.getMessages(): null

2018-09-15 11:32:54 - [TEST_STEP][PASSED] - Statement - n = length: null

2018-09-15 11:32:54 - [TEST_STEP][PASSED] - Statement - message = messages[n - 1]: null

2018-09-15 11:32:54 - [TEST_STEP][PASSED] - Statement - msgSub = message.getSubject(): null

2018-09-15 11:32:54 - [TEST_STEP][PASSED] - Statement - If (msgSub.equals("OTP to Sign In")): null

2018-09-15 11:32:54 - [TEST_STEP][PASSED] - Statement - msg = message.getContent().toString(): null

2018-09-15 11:32:55 - [TEST_STEP][PASSED] - Statement - OTP = msg.substring(msg.length() - 7): null

2018-09-15 11:32:55 - [TEST_STEP][PASSED] - Statement - message.setFlag(DELETED, true): null

2018-09-15 11:32:55 - [TEST_STEP][PASSED] - Statement - emailFolder.close(true): null

2018-09-15 11:32:56 - [TEST_STEP][PASSED] - Statement - store.close(): null

2018-09-15 11:32:56 - [TEST_STEP][PASSED] - Statement - return OTP: null

2018-09-15 11:32:56 - [TEST_STEP][PASSED] - Statement - If (OTP.equals("unavailable")): null

2018-09-15 11:32:56 - [TEST_STEP][PASSED] - Statement - Else: Text 'x4713
' is set on object 'Object Repository/Login/OtpInput'

2018-09-15 11:32:56 - [TEST_STEP][PASSED] - setText: Text 'x4713
' is set on object 'Object Repository/Login/OtpInput'

2018-09-15 11:32:56 - [MESSAGE][PASSED] - Text 'x4713
' is set on object 'Object Repository/Login/OtpInput'

2018-09-15 11:32:56 - [TEST_STEP][PASSED] - verifyElementPresent: Object 'Object Repository/Login/afterOpenDisplay' is present

2018-09-15 11:32:57 - [MESSAGE][PASSED] - Object 'Object Repository/Login/afterOpenDisplay' is present

2018-09-15 11:32:57 - [MESSAGE][PASSED] - Call Test Case 'Test Cases/BVT/aSimple_Login' successfully

2018-09-15 11:32:57 - [TEST_STEP][PASSED] - Statement - driver = com.kms.katalon.core.webui.driver.DriverFactory.getWebDriver(): null

2018-09-15 11:32:57 - [TEST_STEP][PASSED] - click: Object: 'Object Repository/Dashboard_Link Generator/linkgeneratorIcon' is clicked on

2018-09-15 11:32:57 - [MESSAGE][PASSED] - Object: 'Object Repository/Dashboard_Link Generator/linkgeneratorIcon' is clicked on

2018-09-15 11:32:57 - [TEST_STEP][PASSED] - click: Object: 'Object Repository/Public Links/publicLinkTab' is clicked on

2018-09-15 11:32:58 - [MESSAGE][PASSED] - Object: 'Object Repository/Public Links/publicLinkTab' is clicked on

2018-09-15 11:32:58 - [TEST_STEP][PASSED] - click: Object: 'Object Repository/Public Links/checkBoxPubLink' is clicked on

2018-09-15 11:32:58 - [MESSAGE][PASSED] - Object: 'Object Repository/Public Links/checkBoxPubLink' is clicked on

2018-09-15 11:32:58 - [TEST_STEP][PASSED] - click: Object: 'Object Repository/Public Links/GetLink' is clicked on

2018-09-15 11:32:58 - [MESSAGE][PASSED] - Object: 'Object Repository/Public Links/GetLink' is clicked on

2018-09-15 11:32:58 - [TEST_STEP][PASSED] - Statement - getLink = com.kms.katalon.core.webui.keyword.WebUiBuiltInKeywords.getAttribute(com.kms.katalon.core.testobject.ObjectRepository.findTestObject(Dashboard_Link Generator/input_link-text), "value"): Attribute 'value' of object 'Object Repository/Dashboard_Link Generator/input_link-text' is: 'https://dev.vcalling.in/url/UAT/?id=UAT_publicLink-137&p=t&c=t'

2018-09-15 11:32:58 - [MESSAGE][PASSED] - Attribute 'value' of object 'Object Repository/Dashboard_Link Generator/input_link-text' is: 'https://dev.vcalling.in/url/UAT/?id=UAT_publicLink-137&p=t&c=t'

2018-09-15 11:32:58 - [TEST_STEP][PASSED] - Statement - println(getLink): null

2018-09-15 11:32:58 - [TEST_STEP][PASSED] - click: Object: 'Object Repository/Dashboard_Link Generator/copyLink' is clicked on

2018-09-15 11:32:59 - [MESSAGE][PASSED] - Object: 'Object Repository/Dashboard_Link Generator/copyLink' is clicked on

2018-09-15 11:32:59 - [TEST_STEP][PASSED] - delay: Delayed 2 second(s)

2018-09-15 11:33:01 - [MESSAGE][PASSED] - Delayed 2 second(s)

2018-09-15 11:33:01 - [TEST_STEP][PASSED] - Statement - js = driver: null

2018-09-15 11:33:01 - [TEST_STEP][PASSED] - Statement - js.executeScript("window.open();"): null

2018-09-15 11:33:01 - [TEST_STEP][PASSED] - Statement - currentWindow = com.kms.katalon.core.webui.keyword.WebUiBuiltInKeywords.getWindowIndex(): Current window's index is: 0

2018-09-15 11:33:01 - [MESSAGE][PASSED] - Current window's index is: 0

2018-09-15 11:33:01 - [TEST_STEP][PASSED] - switchToWindowIndex: Switched to window with index: '1'

2018-09-15 11:33:01 - [MESSAGE][PASSED] - Switched to window with index: '1'

2018-09-15 11:33:01 - [TEST_STEP][PASSED] - navigateToUrl: Navigate to 'https://dev.vcalling.in/url/UAT/?id=UAT_publicLink-137&p=t&c=t' successfully

2018-09-15 11:33:03 - [MESSAGE][PASSED] - Navigate to 'https://dev.vcalling.in/url/UAT/?id=UAT_publicLink-137&p=t&c=t' successfully

2018-09-15 11:33:03 - [TEST_STEP][PASSED] - Statement - x = CustomKeywords.newPackage.newKeyword.randomString(3).toLowerCase(): newPackage.newKeyword.randomString is PASSED

2018-09-15 11:33:03 - [MESSAGE][PASSED] - newPackage.newKeyword.randomString is PASSED

2018-09-15 11:33:03 - [TEST_STEP][PASSED] - Statement - teamMeberName = x: null

2018-09-15 11:33:03 - [TEST_STEP][PASSED] - setText: Text 'o0q' is set on object 'Object Repository/PublicCustomer/callOnlyCustName'

2018-09-15 11:33:05 - [MESSAGE][PASSED] - Text 'o0q' is set on object 'Object Repository/PublicCustomer/callOnlyCustName'

2018-09-15 11:33:05 - [TEST_STEP][PASSED] - click: Object: 'Object Repository/PublicCustomer/callOnlyNextButton' is clicked on

2018-09-15 11:33:05 - [MESSAGE][PASSED] - Object: 'Object Repository/PublicCustomer/callOnlyNextButton' is clicked on

2018-09-15 11:33:05 - [TEST_STEP][PASSED] - setText: Text '5Z8JxM0BVY@gmail.com' is set on object 'Object Repository/PublicCustomer/callOnlyEmail'

2018-09-15 11:33:05 - [MESSAGE][PASSED] - newPackage.newKeyword.randomString is PASSED

2018-09-15 11:33:06 - [MESSAGE][PASSED] - Text '5Z8JxM0BVY@gmail.com' is set on object 'Object Repository/PublicCustomer/callOnlyEmail'

2018-09-15 11:33:06 - [TEST_STEP][PASSED] - click: Object: 'Object Repository/PublicCustomer/doneButtonCallOnly' is clicked on

2018-09-15 11:33:06 - [MESSAGE][PASSED] - Object: 'Object Repository/PublicCustomer/doneButtonCallOnly' is clicked on

2018-09-15 11:33:06 - [TEST_STEP][PASSED] - Statement - currentTab = com.kms.katalon.core.webui.keyword.WebUiBuiltInKeywords.getWindowIndex(): Current window's index is: 1

2018-09-15 11:33:06 - [MESSAGE][PASSED] - Current window's index is: 1

2018-09-15 11:33:06 - [TEST_STEP][PASSED] - delay: Delayed 10 second(s)

2018-09-15 11:33:16 - [MESSAGE][PASSED] - Delayed 10 second(s)

2018-09-15 11:33:16 - [TEST_STEP][PASSED] - switchToWindowIndex: Switched to window with index: '0'

2018-09-15 11:33:16 - [MESSAGE][PASSED] - Switched to window with index: '0'

2018-09-15 11:33:16 - [TEST_STEP][PASSED] - refresh: Refresh successfully

2018-09-15 11:33:16 - [MESSAGE][PASSED] - Refresh successfully

2018-09-15 11:33:16 - [TEST_STEP][PASSED] - acceptAlert: Alert accepted

2018-09-15 11:33:16 - [MESSAGE][PASSED] - Alert accepted]]></system-out>
         <system-err><![CDATA[]]></system-err>
      </testcase>
      <testcase name="Test Cases/completed/TestCases7_Public Customers/CallOnlyPublicCustomers/nameEmailWithTag" classname="Test Cases/completed/TestCases7_Public Customers/CallOnlyPublicCustomers/nameEmailWithTag" status="PASSED">
         <system-out><![CDATA[2018-09-15 11:33:16 - [TEST_CASE][PASSED] - Test Cases/completed/TestCases7_Public Customers/CallOnlyPublicCustomers/nameEmailWithTag: Test Cases/completed/TestCases7_Public Customers/CallOnlyPublicCustomers/nameEmailWithTag

2018-09-15 11:33:17 - [TEST_STEP][PASSED] - callTestCase: Call Test Case 'Test Cases/BVT/aSimple_Login' successfully

2018-09-15 11:33:17 - [TEST_CASE][PASSED] - Test Cases/BVT/aSimple_Login: Test Cases/BVT/aSimple_Login

2018-09-15 11:33:17 - [TEST_STEP][PASSED] - openBrowser: Browser is opened with url: ''

2018-09-15 11:33:17 - [MESSAGE][WARNING] - A browser is already opened. Closing browser and opening a new one

2018-09-15 11:33:20 - [MESSAGE][PASSED] - Browser is opened with url: ''

2018-09-15 11:33:20 - [TEST_STEP][PASSED] - maximizeWindow: Current window maximized

2018-09-15 11:33:21 - [MESSAGE][PASSED] - Current window maximized

2018-09-15 11:33:21 - [TEST_STEP][PASSED] - navigateToUrl: Navigate to 'https://dev.vcalling.in/enterprises/UAT/Dashboard/index.html' successfully

2018-09-15 11:33:24 - [MESSAGE][PASSED] - Navigate to 'https://dev.vcalling.in/enterprises/UAT/Dashboard/index.html' successfully

2018-09-15 11:33:24 - [TEST_STEP][PASSED] - setText: Text 'testing4dea@gmail.com' is set on object 'Object Repository/Login/UserId'

2018-09-15 11:33:24 - [MESSAGE][PASSED] - Text 'testing4dea@gmail.com' is set on object 'Object Repository/Login/UserId'

2018-09-15 11:33:24 - [TEST_STEP][PASSED] - click: Object: 'Object Repository/Login/div_GET OTP' is clicked on

2018-09-15 11:33:25 - [MESSAGE][PASSED] - Object: 'Object Repository/Login/div_GET OTP' is clicked on

2018-09-15 11:33:25 - [TEST_STEP][PASSED] - waitForElementPresent: Object 'Object Repository/Login/div_SUBMIT' is present

2018-09-15 11:33:27 - [MESSAGE][PASSED] - Object 'Object Repository/Login/div_SUBMIT' is present

2018-09-15 11:33:27 - [TEST_STEP][PASSED] - Statement - If (com.kms.katalon.core.webui.keyword.WebUiBuiltInKeywords.verifyElementNotPresent(com.kms.katalon.core.testobject.ObjectRepository.findTestObject(Login/div_SUBMIT), 5, OPTIONAL)): Web element with id: 'Object Repository/Login/div_SUBMIT' located by 'By.xpath: //div[(text() = ' SUBMIT ' or . = ' SUBMIT ')]' is present after '5' second(s)

2018-09-15 11:33:32 - [MESSAGE][WARNING] - Web element with id: 'Object Repository/Login/div_SUBMIT' located by 'By.xpath: //div[(text() = ' SUBMIT ' or . = ' SUBMIT ')]' is present after '5' second(s)
[[ATTACHMENT|C:\\Users\\Kaushal\\Desktop\\Katalon Studio\\vCallingDashboard\\Reports\\RegressionSuite\\20180915_103222\\1537007612325.png]]

2018-09-15 11:33:32 - [TEST_STEP][PASSED] - Statement - sleep(5000): null

2018-09-15 11:33:37 - [TEST_STEP][PASSED] - Statement - OTP = getOTP(): null

2018-09-15 11:33:37 - [TEST_STEP][PASSED] - Statement - host = "imap.gmail.com": null

2018-09-15 11:33:37 - [TEST_STEP][PASSED] - Statement - msg = <not implemented yet for class: org.codehaus.groovy.ast.expr.EmptyExpression>: null

2018-09-15 11:33:37 - [TEST_STEP][PASSED] - Statement - msgSub = <not implemented yet for class: org.codehaus.groovy.ast.expr.EmptyExpression>: null

2018-09-15 11:33:37 - [TEST_STEP][PASSED] - Statement - OTP = "unavailable": null

2018-09-15 11:33:37 - [TEST_STEP][PASSED] - Statement - props = new java.util.Properties(): null

2018-09-15 11:33:37 - [TEST_STEP][PASSED] - Statement - props.setProperty("mail.imap.ssl.enable", "true"): null

2018-09-15 11:33:37 - [TEST_STEP][PASSED] - Statement - session = javax.mail.Session.getInstance(props): null

2018-09-15 11:33:37 - [TEST_STEP][PASSED] - Statement - store = <not implemented yet for class: org.codehaus.groovy.ast.expr.EmptyExpression>: null

2018-09-15 11:33:37 - [TEST_STEP][PASSED] - Statement - Try: null

2018-09-15 11:33:37 - [TEST_STEP][PASSED] - Statement - store = session.getStore("imap"): null

2018-09-15 11:33:37 - [TEST_STEP][PASSED] - Statement - store.connect(host, Email, Password): null

2018-09-15 11:33:39 - [TEST_STEP][PASSED] - Statement - emailFolder = store.getFolder("INBOX"): null

2018-09-15 11:33:39 - [TEST_STEP][PASSED] - Statement - emailFolder.open(READ_WRITE): null

2018-09-15 11:33:40 - [TEST_STEP][PASSED] - Statement - messages = emailFolder.getMessages(): null

2018-09-15 11:33:40 - [TEST_STEP][PASSED] - Statement - n = length: null

2018-09-15 11:33:40 - [TEST_STEP][PASSED] - Statement - message = messages[n - 1]: null

2018-09-15 11:33:40 - [TEST_STEP][PASSED] - Statement - msgSub = message.getSubject(): null

2018-09-15 11:33:40 - [TEST_STEP][PASSED] - Statement - If (msgSub.equals("OTP to Sign In")): null

2018-09-15 11:33:40 - [TEST_STEP][PASSED] - Statement - msg = message.getContent().toString(): null

2018-09-15 11:33:41 - [TEST_STEP][PASSED] - Statement - OTP = msg.substring(msg.length() - 7): null

2018-09-15 11:33:41 - [TEST_STEP][PASSED] - Statement - message.setFlag(DELETED, true): null

2018-09-15 11:33:42 - [TEST_STEP][PASSED] - Statement - emailFolder.close(true): null

2018-09-15 11:33:42 - [TEST_STEP][PASSED] - Statement - store.close(): null

2018-09-15 11:33:42 - [TEST_STEP][PASSED] - Statement - return OTP: null

2018-09-15 11:33:42 - [TEST_STEP][PASSED] - Statement - If (OTP.equals("unavailable")): null

2018-09-15 11:33:42 - [TEST_STEP][PASSED] - Statement - Else: Text 'n3277
' is set on object 'Object Repository/Login/OtpInput'

2018-09-15 11:33:42 - [TEST_STEP][PASSED] - setText: Text 'n3277
' is set on object 'Object Repository/Login/OtpInput'

2018-09-15 11:33:42 - [MESSAGE][PASSED] - Text 'n3277
' is set on object 'Object Repository/Login/OtpInput'

2018-09-15 11:33:42 - [TEST_STEP][PASSED] - verifyElementPresent: Object 'Object Repository/Login/afterOpenDisplay' is present

2018-09-15 11:33:43 - [MESSAGE][PASSED] - Object 'Object Repository/Login/afterOpenDisplay' is present

2018-09-15 11:33:43 - [MESSAGE][PASSED] - Call Test Case 'Test Cases/BVT/aSimple_Login' successfully

2018-09-15 11:33:43 - [TEST_STEP][PASSED] - Statement - driver = com.kms.katalon.core.webui.driver.DriverFactory.getWebDriver(): null

2018-09-15 11:33:43 - [TEST_STEP][PASSED] - click: Object: 'Object Repository/Dashboard_Link Generator/linkgeneratorIcon' is clicked on

2018-09-15 11:33:44 - [MESSAGE][PASSED] - Object: 'Object Repository/Dashboard_Link Generator/linkgeneratorIcon' is clicked on

2018-09-15 11:33:44 - [TEST_STEP][PASSED] - click: Object: 'Object Repository/Public Links/publicLinkTab' is clicked on

2018-09-15 11:33:44 - [MESSAGE][PASSED] - Object: 'Object Repository/Public Links/publicLinkTab' is clicked on

2018-09-15 11:33:44 - [TEST_STEP][PASSED] - Statement - x = CustomKeywords.newPackage.newKeyword.randomString(3).toLowerCase(): newPackage.newKeyword.randomString is PASSED

2018-09-15 11:33:44 - [MESSAGE][PASSED] - newPackage.newKeyword.randomString is PASSED

2018-09-15 11:33:44 - [TEST_STEP][PASSED] - Statement - teamMeberName = x: null

2018-09-15 11:33:44 - [TEST_STEP][PASSED] - setText: Text '3ewa' is set on object 'Object Repository/Public Links/PubLinkWithTag'

2018-09-15 11:33:45 - [MESSAGE][PASSED] - Text '3ewa' is set on object 'Object Repository/Public Links/PubLinkWithTag'

2018-09-15 11:33:45 - [TEST_STEP][PASSED] - click: Object: 'Object Repository/Public Links/checkBoxPubLink' is clicked on

2018-09-15 11:33:45 - [MESSAGE][PASSED] - Object: 'Object Repository/Public Links/checkBoxPubLink' is clicked on

2018-09-15 11:33:45 - [TEST_STEP][PASSED] - click: Object: 'Object Repository/Public Links/GetLink' is clicked on

2018-09-15 11:33:45 - [MESSAGE][PASSED] - Object: 'Object Repository/Public Links/GetLink' is clicked on

2018-09-15 11:33:45 - [TEST_STEP][PASSED] - Statement - getLink = com.kms.katalon.core.webui.keyword.WebUiBuiltInKeywords.getAttribute(com.kms.katalon.core.testobject.ObjectRepository.findTestObject(Dashboard_Link Generator/input_link-text), "value"): Attribute 'value' of object 'Object Repository/Dashboard_Link Generator/input_link-text' is: 'https://dev.vcalling.in/url/UAT/?id=UAT_publicLink-161&p=t&c=t'

2018-09-15 11:33:46 - [MESSAGE][PASSED] - Attribute 'value' of object 'Object Repository/Dashboard_Link Generator/input_link-text' is: 'https://dev.vcalling.in/url/UAT/?id=UAT_publicLink-161&p=t&c=t'

2018-09-15 11:33:46 - [TEST_STEP][PASSED] - Statement - println(getLink): null

2018-09-15 11:33:46 - [TEST_STEP][PASSED] - click: Object: 'Object Repository/Dashboard_Link Generator/copyLink' is clicked on

2018-09-15 11:33:46 - [MESSAGE][PASSED] - Object: 'Object Repository/Dashboard_Link Generator/copyLink' is clicked on

2018-09-15 11:33:46 - [TEST_STEP][PASSED] - delay: Delayed 2 second(s)

2018-09-15 11:33:48 - [MESSAGE][PASSED] - Delayed 2 second(s)

2018-09-15 11:33:48 - [TEST_STEP][PASSED] - Statement - js = driver: null

2018-09-15 11:33:48 - [TEST_STEP][PASSED] - Statement - js.executeScript("window.open();"): null

2018-09-15 11:33:48 - [TEST_STEP][PASSED] - Statement - currentWindow = com.kms.katalon.core.webui.keyword.WebUiBuiltInKeywords.getWindowIndex(): Current window's index is: 0

2018-09-15 11:33:48 - [MESSAGE][PASSED] - Current window's index is: 0

2018-09-15 11:33:48 - [TEST_STEP][PASSED] - switchToWindowIndex: Switched to window with index: '1'

2018-09-15 11:33:48 - [MESSAGE][PASSED] - Switched to window with index: '1'

2018-09-15 11:33:48 - [TEST_STEP][PASSED] - navigateToUrl: Navigate to 'https://dev.vcalling.in/url/UAT/?id=UAT_publicLink-161&p=t&c=t' successfully

2018-09-15 11:33:51 - [MESSAGE][PASSED] - Navigate to 'https://dev.vcalling.in/url/UAT/?id=UAT_publicLink-161&p=t&c=t' successfully

2018-09-15 11:33:51 - [TEST_STEP][PASSED] - setText: Text '3ew' is set on object 'Object Repository/PublicCustomer/callOnlyCustName'

2018-09-15 11:33:53 - [MESSAGE][PASSED] - Text '3ew' is set on object 'Object Repository/PublicCustomer/callOnlyCustName'

2018-09-15 11:33:53 - [TEST_STEP][PASSED] - click: Object: 'Object Repository/PublicCustomer/callOnlyNextButton' is clicked on

2018-09-15 11:33:54 - [MESSAGE][PASSED] - Object: 'Object Repository/PublicCustomer/callOnlyNextButton' is clicked on

2018-09-15 11:33:54 - [TEST_STEP][PASSED] - setText: Text 'Yn3IuEpabp@gmail.com' is set on object 'Object Repository/PublicCustomer/callOnlyEmail'

2018-09-15 11:33:54 - [MESSAGE][PASSED] - newPackage.newKeyword.randomString is PASSED

2018-09-15 11:33:54 - [MESSAGE][PASSED] - Text 'Yn3IuEpabp@gmail.com' is set on object 'Object Repository/PublicCustomer/callOnlyEmail'

2018-09-15 11:33:54 - [TEST_STEP][PASSED] - click: Object: 'Object Repository/PublicCustomer/doneButtonCallOnly' is clicked on

2018-09-15 11:33:55 - [MESSAGE][PASSED] - Object: 'Object Repository/PublicCustomer/doneButtonCallOnly' is clicked on

2018-09-15 11:33:55 - [TEST_STEP][PASSED] - Statement - currentTab = com.kms.katalon.core.webui.keyword.WebUiBuiltInKeywords.getWindowIndex(): Current window's index is: 1

2018-09-15 11:33:55 - [MESSAGE][PASSED] - Current window's index is: 1

2018-09-15 11:33:55 - [TEST_STEP][PASSED] - delay: Delayed 10 second(s)

2018-09-15 11:34:05 - [MESSAGE][PASSED] - Delayed 10 second(s)

2018-09-15 11:34:05 - [TEST_STEP][PASSED] - switchToWindowIndex: Switched to window with index: '0'

2018-09-15 11:34:05 - [MESSAGE][PASSED] - Switched to window with index: '0'

2018-09-15 11:34:05 - [TEST_STEP][PASSED] - refresh: Refresh successfully

2018-09-15 11:34:05 - [MESSAGE][PASSED] - Refresh successfully

2018-09-15 11:34:05 - [TEST_STEP][PASSED] - acceptAlert: Alert accepted

2018-09-15 11:34:05 - [MESSAGE][PASSED] - Alert accepted]]></system-out>
         <system-err><![CDATA[]]></system-err>
      </testcase>
      <testcase name="Test Cases/completed/TestCases7_Public Customers/CallOnlyPublicCustomers/nameNumberWithTag" classname="Test Cases/completed/TestCases7_Public Customers/CallOnlyPublicCustomers/nameNumberWithTag" status="PASSED">
         <system-out><![CDATA[2018-09-15 11:34:05 - [TEST_CASE][PASSED] - Test Cases/completed/TestCases7_Public Customers/CallOnlyPublicCustomers/nameNumberWithTag: Test Cases/completed/TestCases7_Public Customers/CallOnlyPublicCustomers/nameNumberWithTag

2018-09-15 11:34:05 - [TEST_STEP][PASSED] - callTestCase: Call Test Case 'Test Cases/BVT/aSimple_Login' successfully

2018-09-15 11:34:05 - [TEST_CASE][PASSED] - Test Cases/BVT/aSimple_Login: Test Cases/BVT/aSimple_Login

2018-09-15 11:34:05 - [TEST_STEP][PASSED] - openBrowser: Browser is opened with url: ''

2018-09-15 11:34:05 - [MESSAGE][WARNING] - A browser is already opened. Closing browser and opening a new one

2018-09-15 11:34:08 - [MESSAGE][PASSED] - Browser is opened with url: ''

2018-09-15 11:34:08 - [TEST_STEP][PASSED] - maximizeWindow: Current window maximized

2018-09-15 11:34:09 - [MESSAGE][PASSED] - Current window maximized

2018-09-15 11:34:09 - [TEST_STEP][PASSED] - navigateToUrl: Navigate to 'https://dev.vcalling.in/enterprises/UAT/Dashboard/index.html' successfully

2018-09-15 11:34:20 - [MESSAGE][PASSED] - Navigate to 'https://dev.vcalling.in/enterprises/UAT/Dashboard/index.html' successfully

2018-09-15 11:34:20 - [TEST_STEP][PASSED] - setText: Text 'testing4dea@gmail.com' is set on object 'Object Repository/Login/UserId'

2018-09-15 11:34:20 - [MESSAGE][PASSED] - Text 'testing4dea@gmail.com' is set on object 'Object Repository/Login/UserId'

2018-09-15 11:34:20 - [TEST_STEP][PASSED] - click: Object: 'Object Repository/Login/div_GET OTP' is clicked on

2018-09-15 11:34:20 - [MESSAGE][PASSED] - Object: 'Object Repository/Login/div_GET OTP' is clicked on

2018-09-15 11:34:20 - [TEST_STEP][PASSED] - waitForElementPresent: Object 'Object Repository/Login/div_SUBMIT' is present

2018-09-15 11:34:22 - [MESSAGE][PASSED] - Object 'Object Repository/Login/div_SUBMIT' is present

2018-09-15 11:34:22 - [TEST_STEP][PASSED] - Statement - If (com.kms.katalon.core.webui.keyword.WebUiBuiltInKeywords.verifyElementNotPresent(com.kms.katalon.core.testobject.ObjectRepository.findTestObject(Login/div_SUBMIT), 5, OPTIONAL)): Web element with id: 'Object Repository/Login/div_SUBMIT' located by 'By.xpath: //div[(text() = ' SUBMIT ' or . = ' SUBMIT ')]' is present after '5' second(s)

2018-09-15 11:34:28 - [MESSAGE][WARNING] - Web element with id: 'Object Repository/Login/div_SUBMIT' located by 'By.xpath: //div[(text() = ' SUBMIT ' or . = ' SUBMIT ')]' is present after '5' second(s)
[[ATTACHMENT|C:\\Users\\Kaushal\\Desktop\\Katalon Studio\\vCallingDashboard\\Reports\\RegressionSuite\\20180915_103222\\1537007667826.png]]

2018-09-15 11:34:28 - [TEST_STEP][PASSED] - Statement - sleep(5000): null

2018-09-15 11:34:33 - [TEST_STEP][PASSED] - Statement - OTP = getOTP(): null

2018-09-15 11:34:33 - [TEST_STEP][PASSED] - Statement - host = "imap.gmail.com": null

2018-09-15 11:34:33 - [TEST_STEP][PASSED] - Statement - msg = <not implemented yet for class: org.codehaus.groovy.ast.expr.EmptyExpression>: null

2018-09-15 11:34:33 - [TEST_STEP][PASSED] - Statement - msgSub = <not implemented yet for class: org.codehaus.groovy.ast.expr.EmptyExpression>: null

2018-09-15 11:34:33 - [TEST_STEP][PASSED] - Statement - OTP = "unavailable": null

2018-09-15 11:34:33 - [TEST_STEP][PASSED] - Statement - props = new java.util.Properties(): null

2018-09-15 11:34:33 - [TEST_STEP][PASSED] - Statement - props.setProperty("mail.imap.ssl.enable", "true"): null

2018-09-15 11:34:33 - [TEST_STEP][PASSED] - Statement - session = javax.mail.Session.getInstance(props): null

2018-09-15 11:34:33 - [TEST_STEP][PASSED] - Statement - store = <not implemented yet for class: org.codehaus.groovy.ast.expr.EmptyExpression>: null

2018-09-15 11:34:33 - [TEST_STEP][PASSED] - Statement - Try: null

2018-09-15 11:34:33 - [TEST_STEP][PASSED] - Statement - store = session.getStore("imap"): null

2018-09-15 11:34:33 - [TEST_STEP][PASSED] - Statement - store.connect(host, Email, Password): null

2018-09-15 11:34:35 - [TEST_STEP][PASSED] - Statement - emailFolder = store.getFolder("INBOX"): null

2018-09-15 11:34:35 - [TEST_STEP][PASSED] - Statement - emailFolder.open(READ_WRITE): null

2018-09-15 11:34:35 - [TEST_STEP][PASSED] - Statement - messages = emailFolder.getMessages(): null

2018-09-15 11:34:35 - [TEST_STEP][PASSED] - Statement - n = length: null

2018-09-15 11:34:35 - [TEST_STEP][PASSED] - Statement - message = messages[n - 1]: null

2018-09-15 11:34:35 - [TEST_STEP][PASSED] - Statement - msgSub = message.getSubject(): null

2018-09-15 11:34:36 - [TEST_STEP][PASSED] - Statement - If (msgSub.equals("OTP to Sign In")): null

2018-09-15 11:34:36 - [TEST_STEP][PASSED] - Statement - msg = message.getContent().toString(): null

2018-09-15 11:34:37 - [TEST_STEP][PASSED] - Statement - OTP = msg.substring(msg.length() - 7): null

2018-09-15 11:34:37 - [TEST_STEP][PASSED] - Statement - message.setFlag(DELETED, true): null

2018-09-15 11:34:37 - [TEST_STEP][PASSED] - Statement - emailFolder.close(true): null

2018-09-15 11:34:37 - [TEST_STEP][PASSED] - Statement - store.close(): null

2018-09-15 11:34:38 - [TEST_STEP][PASSED] - Statement - return OTP: null

2018-09-15 11:34:38 - [TEST_STEP][PASSED] - Statement - If (OTP.equals("unavailable")): null

2018-09-15 11:34:38 - [TEST_STEP][PASSED] - Statement - Else: Text 'q8686
' is set on object 'Object Repository/Login/OtpInput'

2018-09-15 11:34:38 - [TEST_STEP][PASSED] - setText: Text 'q8686
' is set on object 'Object Repository/Login/OtpInput'

2018-09-15 11:34:38 - [MESSAGE][PASSED] - Text 'q8686
' is set on object 'Object Repository/Login/OtpInput'

2018-09-15 11:34:38 - [TEST_STEP][PASSED] - verifyElementPresent: Object 'Object Repository/Login/afterOpenDisplay' is present

2018-09-15 11:34:39 - [MESSAGE][PASSED] - Object 'Object Repository/Login/afterOpenDisplay' is present

2018-09-15 11:34:39 - [MESSAGE][PASSED] - Call Test Case 'Test Cases/BVT/aSimple_Login' successfully

2018-09-15 11:34:39 - [TEST_STEP][PASSED] - Statement - driver = com.kms.katalon.core.webui.driver.DriverFactory.getWebDriver(): null

2018-09-15 11:34:39 - [TEST_STEP][PASSED] - click: Object: 'Object Repository/Dashboard_Link Generator/linkgeneratorIcon' is clicked on

2018-09-15 11:34:39 - [MESSAGE][PASSED] - Object: 'Object Repository/Dashboard_Link Generator/linkgeneratorIcon' is clicked on

2018-09-15 11:34:39 - [TEST_STEP][PASSED] - click: Object: 'Object Repository/Public Links/publicLinkTab' is clicked on

2018-09-15 11:34:40 - [MESSAGE][PASSED] - Object: 'Object Repository/Public Links/publicLinkTab' is clicked on

2018-09-15 11:34:40 - [TEST_STEP][PASSED] - Statement - x = CustomKeywords.newPackage.newKeyword.randomString(3).toLowerCase(): newPackage.newKeyword.randomString is PASSED

2018-09-15 11:34:40 - [MESSAGE][PASSED] - newPackage.newKeyword.randomString is PASSED

2018-09-15 11:34:40 - [TEST_STEP][PASSED] - Statement - teamMeberName = x: null

2018-09-15 11:34:40 - [TEST_STEP][PASSED] - setText: Text 'egma' is set on object 'Object Repository/Public Links/PubLinkWithTag'

2018-09-15 11:34:40 - [MESSAGE][PASSED] - Text 'egma' is set on object 'Object Repository/Public Links/PubLinkWithTag'

2018-09-15 11:34:40 - [TEST_STEP][PASSED] - click: Object: 'Object Repository/Public Links/checkBoxPubLink' is clicked on

2018-09-15 11:34:40 - [MESSAGE][PASSED] - Object: 'Object Repository/Public Links/checkBoxPubLink' is clicked on

2018-09-15 11:34:40 - [TEST_STEP][PASSED] - click: Object: 'Object Repository/Public Links/GetLink' is clicked on

2018-09-15 11:34:41 - [MESSAGE][PASSED] - Object: 'Object Repository/Public Links/GetLink' is clicked on

2018-09-15 11:34:41 - [TEST_STEP][PASSED] - Statement - getLink = com.kms.katalon.core.webui.keyword.WebUiBuiltInKeywords.getAttribute(com.kms.katalon.core.testobject.ObjectRepository.findTestObject(Dashboard_Link Generator/input_link-text), "value"): Attribute 'value' of object 'Object Repository/Dashboard_Link Generator/input_link-text' is: 'https://dev.vcalling.in/url/UAT/?id=UAT_publicLink-162&p=t&c=t'

2018-09-15 11:34:41 - [MESSAGE][PASSED] - Attribute 'value' of object 'Object Repository/Dashboard_Link Generator/input_link-text' is: 'https://dev.vcalling.in/url/UAT/?id=UAT_publicLink-162&p=t&c=t'

2018-09-15 11:34:41 - [TEST_STEP][PASSED] - Statement - println(getLink): null

2018-09-15 11:34:41 - [TEST_STEP][PASSED] - click: Object: 'Object Repository/Dashboard_Link Generator/copyLink' is clicked on

2018-09-15 11:34:41 - [MESSAGE][PASSED] - Object: 'Object Repository/Dashboard_Link Generator/copyLink' is clicked on

2018-09-15 11:34:41 - [TEST_STEP][PASSED] - delay: Delayed 2 second(s)

2018-09-15 11:34:43 - [MESSAGE][PASSED] - Delayed 2 second(s)

2018-09-15 11:34:43 - [TEST_STEP][PASSED] - Statement - js = driver: null

2018-09-15 11:34:43 - [TEST_STEP][PASSED] - Statement - js.executeScript("window.open();"): null

2018-09-15 11:34:43 - [TEST_STEP][PASSED] - Statement - currentWindow = com.kms.katalon.core.webui.keyword.WebUiBuiltInKeywords.getWindowIndex(): Current window's index is: 0

2018-09-15 11:34:44 - [MESSAGE][PASSED] - Current window's index is: 0

2018-09-15 11:34:44 - [TEST_STEP][PASSED] - switchToWindowIndex: Switched to window with index: '1'

2018-09-15 11:34:44 - [MESSAGE][PASSED] - Switched to window with index: '1'

2018-09-15 11:34:44 - [TEST_STEP][PASSED] - navigateToUrl: Navigate to 'https://dev.vcalling.in/url/UAT/?id=UAT_publicLink-162&p=t&c=t' successfully

2018-09-15 11:34:46 - [MESSAGE][PASSED] - Navigate to 'https://dev.vcalling.in/url/UAT/?id=UAT_publicLink-162&p=t&c=t' successfully

2018-09-15 11:34:46 - [TEST_STEP][PASSED] - setText: Text 'egm' is set on object 'Object Repository/PublicCustomer/callOnlyCustName'

2018-09-15 11:34:48 - [MESSAGE][PASSED] - Text 'egm' is set on object 'Object Repository/PublicCustomer/callOnlyCustName'

2018-09-15 11:34:48 - [TEST_STEP][PASSED] - click: Object: 'Object Repository/PublicCustomer/callOnlyNextButton' is clicked on

2018-09-15 11:34:48 - [MESSAGE][PASSED] - Object: 'Object Repository/PublicCustomer/callOnlyNextButton' is clicked on

2018-09-15 11:34:48 - [TEST_STEP][PASSED] - Statement - number = CustomKeywords.phoneNumbers.contactNumbers.randomString(9): phoneNumbers.contactNumbers.randomString is PASSED

2018-09-15 11:34:48 - [MESSAGE][PASSED] - phoneNumbers.contactNumbers.randomString is PASSED

2018-09-15 11:34:48 - [TEST_STEP][PASSED] - Statement - Mobile_Number = number: null

2018-09-15 11:34:48 - [TEST_STEP][PASSED] - setText: Text '1465389291' is set on object 'Object Repository/PublicCustomer/customerNumber'

2018-09-15 11:34:49 - [MESSAGE][PASSED] - Text '1465389291' is set on object 'Object Repository/PublicCustomer/customerNumber'

2018-09-15 11:34:49 - [TEST_STEP][PASSED] - click: Object: 'Object Repository/PublicCustomer/doneButtonCallOnly' is clicked on

2018-09-15 11:34:49 - [MESSAGE][PASSED] - Object: 'Object Repository/PublicCustomer/doneButtonCallOnly' is clicked on

2018-09-15 11:34:49 - [TEST_STEP][PASSED] - Statement - currentTab = com.kms.katalon.core.webui.keyword.WebUiBuiltInKeywords.getWindowIndex(): Current window's index is: 1

2018-09-15 11:34:49 - [MESSAGE][PASSED] - Current window's index is: 1

2018-09-15 11:34:49 - [TEST_STEP][PASSED] - delay: Delayed 10 second(s)

2018-09-15 11:34:59 - [MESSAGE][PASSED] - Delayed 10 second(s)

2018-09-15 11:34:59 - [TEST_STEP][PASSED] - switchToWindowIndex: Switched to window with index: '0'

2018-09-15 11:34:59 - [MESSAGE][PASSED] - Switched to window with index: '0'

2018-09-15 11:34:59 - [TEST_STEP][PASSED] - refresh: Refresh successfully

2018-09-15 11:34:59 - [MESSAGE][PASSED] - Refresh successfully

2018-09-15 11:34:59 - [TEST_STEP][PASSED] - acceptAlert: Alert accepted

2018-09-15 11:34:59 - [MESSAGE][PASSED] - Alert accepted]]></system-out>
         <system-err><![CDATA[]]></system-err>
      </testcase>
      <testcase name="Test Cases/completed/TestCases7_Public Customers/CallOnlyPublicCustomers/nameNumWithoutTagPubCust" classname="Test Cases/completed/TestCases7_Public Customers/CallOnlyPublicCustomers/nameNumWithoutTagPubCust" status="PASSED">
         <system-out><![CDATA[2018-09-15 11:34:59 - [TEST_CASE][PASSED] - Test Cases/completed/TestCases7_Public Customers/CallOnlyPublicCustomers/nameNumWithoutTagPubCust: Test Cases/completed/TestCases7_Public Customers/CallOnlyPublicCustomers/nameNumWithoutTagPubCust

2018-09-15 11:35:00 - [TEST_STEP][PASSED] - callTestCase: Call Test Case 'Test Cases/BVT/aSimple_Login' successfully

2018-09-15 11:35:00 - [TEST_CASE][PASSED] - Test Cases/BVT/aSimple_Login: Test Cases/BVT/aSimple_Login

2018-09-15 11:35:00 - [TEST_STEP][PASSED] - openBrowser: Browser is opened with url: ''

2018-09-15 11:35:00 - [MESSAGE][WARNING] - A browser is already opened. Closing browser and opening a new one

2018-09-15 11:35:03 - [MESSAGE][PASSED] - Browser is opened with url: ''

2018-09-15 11:35:03 - [TEST_STEP][PASSED] - maximizeWindow: Current window maximized

2018-09-15 11:35:04 - [MESSAGE][PASSED] - Current window maximized

2018-09-15 11:35:04 - [TEST_STEP][PASSED] - navigateToUrl: Navigate to 'https://dev.vcalling.in/enterprises/UAT/Dashboard/index.html' successfully

2018-09-15 11:35:18 - [MESSAGE][PASSED] - Navigate to 'https://dev.vcalling.in/enterprises/UAT/Dashboard/index.html' successfully

2018-09-15 11:35:18 - [TEST_STEP][PASSED] - setText: Text 'testing4dea@gmail.com' is set on object 'Object Repository/Login/UserId'

2018-09-15 11:35:18 - [MESSAGE][PASSED] - Text 'testing4dea@gmail.com' is set on object 'Object Repository/Login/UserId'

2018-09-15 11:35:18 - [TEST_STEP][PASSED] - click: Object: 'Object Repository/Login/div_GET OTP' is clicked on

2018-09-15 11:35:18 - [MESSAGE][PASSED] - Object: 'Object Repository/Login/div_GET OTP' is clicked on

2018-09-15 11:35:18 - [TEST_STEP][PASSED] - waitForElementPresent: Object 'Object Repository/Login/div_SUBMIT' is present

2018-09-15 11:35:20 - [MESSAGE][PASSED] - Object 'Object Repository/Login/div_SUBMIT' is present

2018-09-15 11:35:20 - [TEST_STEP][PASSED] - Statement - If (com.kms.katalon.core.webui.keyword.WebUiBuiltInKeywords.verifyElementNotPresent(com.kms.katalon.core.testobject.ObjectRepository.findTestObject(Login/div_SUBMIT), 5, OPTIONAL)): Web element with id: 'Object Repository/Login/div_SUBMIT' located by 'By.xpath: //div[(text() = ' SUBMIT ' or . = ' SUBMIT ')]' is present after '5' second(s)

2018-09-15 11:35:25 - [MESSAGE][WARNING] - Web element with id: 'Object Repository/Login/div_SUBMIT' located by 'By.xpath: //div[(text() = ' SUBMIT ' or . = ' SUBMIT ')]' is present after '5' second(s)
[[ATTACHMENT|C:\\Users\\Kaushal\\Desktop\\Katalon Studio\\vCallingDashboard\\Reports\\RegressionSuite\\20180915_103222\\1537007725200.png]]

2018-09-15 11:35:25 - [TEST_STEP][PASSED] - Statement - sleep(5000): null

2018-09-15 11:35:30 - [TEST_STEP][PASSED] - Statement - OTP = getOTP(): null

2018-09-15 11:35:30 - [TEST_STEP][PASSED] - Statement - host = "imap.gmail.com": null

2018-09-15 11:35:30 - [TEST_STEP][PASSED] - Statement - msg = <not implemented yet for class: org.codehaus.groovy.ast.expr.EmptyExpression>: null

2018-09-15 11:35:30 - [TEST_STEP][PASSED] - Statement - msgSub = <not implemented yet for class: org.codehaus.groovy.ast.expr.EmptyExpression>: null

2018-09-15 11:35:30 - [TEST_STEP][PASSED] - Statement - OTP = "unavailable": null

2018-09-15 11:35:30 - [TEST_STEP][PASSED] - Statement - props = new java.util.Properties(): null

2018-09-15 11:35:30 - [TEST_STEP][PASSED] - Statement - props.setProperty("mail.imap.ssl.enable", "true"): null

2018-09-15 11:35:30 - [TEST_STEP][PASSED] - Statement - session = javax.mail.Session.getInstance(props): null

2018-09-15 11:35:30 - [TEST_STEP][PASSED] - Statement - store = <not implemented yet for class: org.codehaus.groovy.ast.expr.EmptyExpression>: null

2018-09-15 11:35:30 - [TEST_STEP][PASSED] - Statement - Try: null

2018-09-15 11:35:30 - [TEST_STEP][PASSED] - Statement - store = session.getStore("imap"): null

2018-09-15 11:35:30 - [TEST_STEP][PASSED] - Statement - store.connect(host, Email, Password): null

2018-09-15 11:35:32 - [TEST_STEP][PASSED] - Statement - emailFolder = store.getFolder("INBOX"): null

2018-09-15 11:35:32 - [TEST_STEP][PASSED] - Statement - emailFolder.open(READ_WRITE): null

2018-09-15 11:35:32 - [TEST_STEP][PASSED] - Statement - messages = emailFolder.getMessages(): null

2018-09-15 11:35:32 - [TEST_STEP][PASSED] - Statement - n = length: null

2018-09-15 11:35:32 - [TEST_STEP][PASSED] - Statement - message = messages[n - 1]: null

2018-09-15 11:35:32 - [TEST_STEP][PASSED] - Statement - msgSub = message.getSubject(): null

2018-09-15 11:35:33 - [TEST_STEP][PASSED] - Statement - If (msgSub.equals("OTP to Sign In")): null

2018-09-15 11:35:33 - [TEST_STEP][PASSED] - Statement - msg = message.getContent().toString(): null

2018-09-15 11:35:33 - [TEST_STEP][PASSED] - Statement - OTP = msg.substring(msg.length() - 7): null

2018-09-15 11:35:33 - [TEST_STEP][PASSED] - Statement - message.setFlag(DELETED, true): null

2018-09-15 11:35:34 - [TEST_STEP][PASSED] - Statement - emailFolder.close(true): null

2018-09-15 11:35:34 - [TEST_STEP][PASSED] - Statement - store.close(): null

2018-09-15 11:35:34 - [TEST_STEP][PASSED] - Statement - return OTP: null

2018-09-15 11:35:34 - [TEST_STEP][PASSED] - Statement - If (OTP.equals("unavailable")): null

2018-09-15 11:35:34 - [TEST_STEP][PASSED] - Statement - Else: Text 'd3365
' is set on object 'Object Repository/Login/OtpInput'

2018-09-15 11:35:34 - [TEST_STEP][PASSED] - setText: Text 'd3365
' is set on object 'Object Repository/Login/OtpInput'

2018-09-15 11:35:35 - [MESSAGE][PASSED] - Text 'd3365
' is set on object 'Object Repository/Login/OtpInput'

2018-09-15 11:35:35 - [TEST_STEP][PASSED] - verifyElementPresent: Object 'Object Repository/Login/afterOpenDisplay' is present

2018-09-15 11:35:35 - [MESSAGE][PASSED] - Object 'Object Repository/Login/afterOpenDisplay' is present

2018-09-15 11:35:35 - [MESSAGE][PASSED] - Call Test Case 'Test Cases/BVT/aSimple_Login' successfully

2018-09-15 11:35:35 - [TEST_STEP][PASSED] - Statement - driver = com.kms.katalon.core.webui.driver.DriverFactory.getWebDriver(): null

2018-09-15 11:35:35 - [TEST_STEP][PASSED] - click: Object: 'Object Repository/Dashboard_Link Generator/linkgeneratorIcon' is clicked on

2018-09-15 11:35:36 - [MESSAGE][PASSED] - Object: 'Object Repository/Dashboard_Link Generator/linkgeneratorIcon' is clicked on

2018-09-15 11:35:36 - [TEST_STEP][PASSED] - click: Object: 'Object Repository/Public Links/publicLinkTab' is clicked on

2018-09-15 11:35:36 - [MESSAGE][PASSED] - Object: 'Object Repository/Public Links/publicLinkTab' is clicked on

2018-09-15 11:35:36 - [TEST_STEP][PASSED] - click: Object: 'Object Repository/Public Links/checkBoxPubLink' is clicked on

2018-09-15 11:35:36 - [MESSAGE][PASSED] - Object: 'Object Repository/Public Links/checkBoxPubLink' is clicked on

2018-09-15 11:35:36 - [TEST_STEP][PASSED] - click: Object: 'Object Repository/Public Links/GetLink' is clicked on

2018-09-15 11:35:36 - [MESSAGE][PASSED] - Object: 'Object Repository/Public Links/GetLink' is clicked on

2018-09-15 11:35:36 - [TEST_STEP][PASSED] - Statement - getLink = com.kms.katalon.core.webui.keyword.WebUiBuiltInKeywords.getAttribute(com.kms.katalon.core.testobject.ObjectRepository.findTestObject(Dashboard_Link Generator/input_link-text), "value"): Attribute 'value' of object 'Object Repository/Dashboard_Link Generator/input_link-text' is: 'https://dev.vcalling.in/url/UAT/?id=UAT_publicLink-137&p=t&c=t'

2018-09-15 11:35:37 - [MESSAGE][PASSED] - Attribute 'value' of object 'Object Repository/Dashboard_Link Generator/input_link-text' is: 'https://dev.vcalling.in/url/UAT/?id=UAT_publicLink-137&p=t&c=t'

2018-09-15 11:35:37 - [TEST_STEP][PASSED] - Statement - println(getLink): null

2018-09-15 11:35:37 - [TEST_STEP][PASSED] - click: Object: 'Object Repository/Dashboard_Link Generator/copyLink' is clicked on

2018-09-15 11:35:37 - [MESSAGE][PASSED] - Object: 'Object Repository/Dashboard_Link Generator/copyLink' is clicked on

2018-09-15 11:35:37 - [TEST_STEP][PASSED] - delay: Delayed 2 second(s)

2018-09-15 11:35:39 - [MESSAGE][PASSED] - Delayed 2 second(s)

2018-09-15 11:35:39 - [TEST_STEP][PASSED] - Statement - js = driver: null

2018-09-15 11:35:39 - [TEST_STEP][PASSED] - Statement - js.executeScript("window.open();"): null

2018-09-15 11:35:39 - [TEST_STEP][PASSED] - Statement - currentWindow = com.kms.katalon.core.webui.keyword.WebUiBuiltInKeywords.getWindowIndex(): Current window's index is: 0

2018-09-15 11:35:39 - [MESSAGE][PASSED] - Current window's index is: 0

2018-09-15 11:35:39 - [TEST_STEP][PASSED] - switchToWindowIndex: Switched to window with index: '1'

2018-09-15 11:35:39 - [MESSAGE][PASSED] - Switched to window with index: '1'

2018-09-15 11:35:39 - [TEST_STEP][PASSED] - navigateToUrl: Navigate to 'https://dev.vcalling.in/url/UAT/?id=UAT_publicLink-137&p=t&c=t' successfully

2018-09-15 11:35:42 - [MESSAGE][PASSED] - Navigate to 'https://dev.vcalling.in/url/UAT/?id=UAT_publicLink-137&p=t&c=t' successfully

2018-09-15 11:35:42 - [TEST_STEP][PASSED] - Statement - x = CustomKeywords.newPackage.newKeyword.randomString(3).toLowerCase(): newPackage.newKeyword.randomString is PASSED

2018-09-15 11:35:42 - [MESSAGE][PASSED] - newPackage.newKeyword.randomString is PASSED

2018-09-15 11:35:42 - [TEST_STEP][PASSED] - Statement - teamMeberName = x: null

2018-09-15 11:35:42 - [TEST_STEP][PASSED] - setText: Text 'kjy' is set on object 'Object Repository/PublicCustomer/callOnlyCustName'

2018-09-15 11:35:43 - [MESSAGE][PASSED] - Text 'kjy' is set on object 'Object Repository/PublicCustomer/callOnlyCustName'

2018-09-15 11:35:43 - [TEST_STEP][PASSED] - click: Object: 'Object Repository/PublicCustomer/callOnlyNextButton' is clicked on

2018-09-15 11:35:43 - [MESSAGE][PASSED] - Object: 'Object Repository/PublicCustomer/callOnlyNextButton' is clicked on

2018-09-15 11:35:43 - [TEST_STEP][PASSED] - Statement - number = CustomKeywords.phoneNumbers.contactNumbers.randomString(9): phoneNumbers.contactNumbers.randomString is PASSED

2018-09-15 11:35:43 - [MESSAGE][PASSED] - phoneNumbers.contactNumbers.randomString is PASSED

2018-09-15 11:35:43 - [TEST_STEP][PASSED] - Statement - Mobile_Number = number: null

2018-09-15 11:35:43 - [TEST_STEP][PASSED] - setText: Text '6066694421' is set on object 'Object Repository/PublicCustomer/customerNumber'

2018-09-15 11:35:44 - [MESSAGE][PASSED] - Text '6066694421' is set on object 'Object Repository/PublicCustomer/customerNumber'

2018-09-15 11:35:44 - [TEST_STEP][PASSED] - click: Object: 'Object Repository/PublicCustomer/doneButtonCallOnly' is clicked on

2018-09-15 11:35:44 - [MESSAGE][PASSED] - Object: 'Object Repository/PublicCustomer/doneButtonCallOnly' is clicked on

2018-09-15 11:35:44 - [TEST_STEP][PASSED] - Statement - currentTab = com.kms.katalon.core.webui.keyword.WebUiBuiltInKeywords.getWindowIndex(): Current window's index is: 1

2018-09-15 11:35:44 - [MESSAGE][PASSED] - Current window's index is: 1

2018-09-15 11:35:44 - [TEST_STEP][PASSED] - delay: Delayed 10 second(s)

2018-09-15 11:35:54 - [MESSAGE][PASSED] - Delayed 10 second(s)

2018-09-15 11:35:54 - [TEST_STEP][PASSED] - switchToWindowIndex: Switched to window with index: '0'

2018-09-15 11:35:54 - [MESSAGE][PASSED] - Switched to window with index: '0'

2018-09-15 11:35:54 - [TEST_STEP][PASSED] - refresh: Refresh successfully

2018-09-15 11:35:54 - [MESSAGE][PASSED] - Refresh successfully

2018-09-15 11:35:54 - [TEST_STEP][PASSED] - acceptAlert: Alert accepted

2018-09-15 11:35:54 - [MESSAGE][PASSED] - Alert accepted]]></system-out>
         <system-err><![CDATA[]]></system-err>
      </testcase>
      <testcase name="Test Cases/completed/TestCases7_Public Customers/CallOnlyPublicCustomers/ValidateEmptyForm" classname="Test Cases/completed/TestCases7_Public Customers/CallOnlyPublicCustomers/ValidateEmptyForm" status="PASSED">
         <system-out><![CDATA[2018-09-15 11:35:54 - [TEST_CASE][PASSED] - Test Cases/completed/TestCases7_Public Customers/CallOnlyPublicCustomers/ValidateEmptyForm: Test Cases/completed/TestCases7_Public Customers/CallOnlyPublicCustomers/ValidateEmptyForm

2018-09-15 11:35:55 - [TEST_STEP][PASSED] - callTestCase: Call Test Case 'Test Cases/BVT/aSimple_Login' successfully

2018-09-15 11:35:55 - [TEST_CASE][PASSED] - Test Cases/BVT/aSimple_Login: Test Cases/BVT/aSimple_Login

2018-09-15 11:35:55 - [TEST_STEP][PASSED] - openBrowser: Browser is opened with url: ''

2018-09-15 11:35:55 - [MESSAGE][WARNING] - A browser is already opened. Closing browser and opening a new one

2018-09-15 11:35:58 - [MESSAGE][PASSED] - Browser is opened with url: ''

2018-09-15 11:35:58 - [TEST_STEP][PASSED] - maximizeWindow: Current window maximized

2018-09-15 11:35:59 - [MESSAGE][PASSED] - Current window maximized

2018-09-15 11:35:59 - [TEST_STEP][PASSED] - navigateToUrl: Navigate to 'https://dev.vcalling.in/enterprises/UAT/Dashboard/index.html' successfully

2018-09-15 11:36:05 - [MESSAGE][PASSED] - Navigate to 'https://dev.vcalling.in/enterprises/UAT/Dashboard/index.html' successfully

2018-09-15 11:36:05 - [TEST_STEP][PASSED] - setText: Text 'testing4dea@gmail.com' is set on object 'Object Repository/Login/UserId'

2018-09-15 11:36:06 - [MESSAGE][PASSED] - Text 'testing4dea@gmail.com' is set on object 'Object Repository/Login/UserId'

2018-09-15 11:36:06 - [TEST_STEP][PASSED] - click: Object: 'Object Repository/Login/div_GET OTP' is clicked on

2018-09-15 11:36:06 - [MESSAGE][PASSED] - Object: 'Object Repository/Login/div_GET OTP' is clicked on

2018-09-15 11:36:06 - [TEST_STEP][PASSED] - waitForElementPresent: Object 'Object Repository/Login/div_SUBMIT' is present

2018-09-15 11:36:07 - [MESSAGE][PASSED] - Object 'Object Repository/Login/div_SUBMIT' is present

2018-09-15 11:36:07 - [TEST_STEP][PASSED] - Statement - If (com.kms.katalon.core.webui.keyword.WebUiBuiltInKeywords.verifyElementNotPresent(com.kms.katalon.core.testobject.ObjectRepository.findTestObject(Login/div_SUBMIT), 5, OPTIONAL)): Web element with id: 'Object Repository/Login/div_SUBMIT' located by 'By.xpath: //div[(text() = ' SUBMIT ' or . = ' SUBMIT ')]' is present after '5' second(s)

2018-09-15 11:36:13 - [MESSAGE][WARNING] - Web element with id: 'Object Repository/Login/div_SUBMIT' located by 'By.xpath: //div[(text() = ' SUBMIT ' or . = ' SUBMIT ')]' is present after '5' second(s)
[[ATTACHMENT|C:\\Users\\Kaushal\\Desktop\\Katalon Studio\\vCallingDashboard\\Reports\\RegressionSuite\\20180915_103222\\1537007773013.png]]

2018-09-15 11:36:13 - [TEST_STEP][PASSED] - Statement - sleep(5000): null

2018-09-15 11:36:18 - [TEST_STEP][PASSED] - Statement - OTP = getOTP(): null

2018-09-15 11:36:18 - [TEST_STEP][PASSED] - Statement - host = "imap.gmail.com": null

2018-09-15 11:36:18 - [TEST_STEP][PASSED] - Statement - msg = <not implemented yet for class: org.codehaus.groovy.ast.expr.EmptyExpression>: null

2018-09-15 11:36:18 - [TEST_STEP][PASSED] - Statement - msgSub = <not implemented yet for class: org.codehaus.groovy.ast.expr.EmptyExpression>: null

2018-09-15 11:36:18 - [TEST_STEP][PASSED] - Statement - OTP = "unavailable": null

2018-09-15 11:36:18 - [TEST_STEP][PASSED] - Statement - props = new java.util.Properties(): null

2018-09-15 11:36:18 - [TEST_STEP][PASSED] - Statement - props.setProperty("mail.imap.ssl.enable", "true"): null

2018-09-15 11:36:18 - [TEST_STEP][PASSED] - Statement - session = javax.mail.Session.getInstance(props): null

2018-09-15 11:36:18 - [TEST_STEP][PASSED] - Statement - store = <not implemented yet for class: org.codehaus.groovy.ast.expr.EmptyExpression>: null

2018-09-15 11:36:18 - [TEST_STEP][PASSED] - Statement - Try: null

2018-09-15 11:36:18 - [TEST_STEP][PASSED] - Statement - store = session.getStore("imap"): null

2018-09-15 11:36:18 - [TEST_STEP][PASSED] - Statement - store.connect(host, Email, Password): null

2018-09-15 11:36:20 - [TEST_STEP][PASSED] - Statement - emailFolder = store.getFolder("INBOX"): null

2018-09-15 11:36:20 - [TEST_STEP][PASSED] - Statement - emailFolder.open(READ_WRITE): null

2018-09-15 11:36:20 - [TEST_STEP][PASSED] - Statement - messages = emailFolder.getMessages(): null

2018-09-15 11:36:20 - [TEST_STEP][PASSED] - Statement - n = length: null

2018-09-15 11:36:20 - [TEST_STEP][PASSED] - Statement - message = messages[n - 1]: null

2018-09-15 11:36:20 - [TEST_STEP][PASSED] - Statement - msgSub = message.getSubject(): null

2018-09-15 11:36:21 - [TEST_STEP][PASSED] - Statement - If (msgSub.equals("OTP to Sign In")): null

2018-09-15 11:36:21 - [TEST_STEP][PASSED] - Statement - msg = message.getContent().toString(): null

2018-09-15 11:36:22 - [TEST_STEP][PASSED] - Statement - OTP = msg.substring(msg.length() - 7): null

2018-09-15 11:36:22 - [TEST_STEP][PASSED] - Statement - message.setFlag(DELETED, true): null

2018-09-15 11:36:22 - [TEST_STEP][PASSED] - Statement - emailFolder.close(true): null

2018-09-15 11:36:22 - [TEST_STEP][PASSED] - Statement - store.close(): null

2018-09-15 11:36:23 - [TEST_STEP][PASSED] - Statement - return OTP: null

2018-09-15 11:36:23 - [TEST_STEP][PASSED] - Statement - If (OTP.equals("unavailable")): null

2018-09-15 11:36:23 - [TEST_STEP][PASSED] - Statement - Else: Text 'g8274
' is set on object 'Object Repository/Login/OtpInput'

2018-09-15 11:36:23 - [TEST_STEP][PASSED] - setText: Text 'g8274
' is set on object 'Object Repository/Login/OtpInput'

2018-09-15 11:36:23 - [MESSAGE][PASSED] - Text 'g8274
' is set on object 'Object Repository/Login/OtpInput'

2018-09-15 11:36:23 - [TEST_STEP][PASSED] - verifyElementPresent: Object 'Object Repository/Login/afterOpenDisplay' is present

2018-09-15 11:36:23 - [MESSAGE][PASSED] - Object 'Object Repository/Login/afterOpenDisplay' is present

2018-09-15 11:36:23 - [MESSAGE][PASSED] - Call Test Case 'Test Cases/BVT/aSimple_Login' successfully

2018-09-15 11:36:23 - [TEST_STEP][PASSED] - Statement - driver = com.kms.katalon.core.webui.driver.DriverFactory.getWebDriver(): null

2018-09-15 11:36:23 - [TEST_STEP][PASSED] - click: Object: 'Object Repository/sideBarContainer/linkLogDataBase' is clicked on

2018-09-15 11:36:24 - [MESSAGE][PASSED] - Object: 'Object Repository/sideBarContainer/linkLogDataBase' is clicked on

2018-09-15 11:36:24 - [TEST_STEP][PASSED] - click: Object: 'Object Repository/Dashboard_Link Generator/linkgeneratorIcon' is clicked on

2018-09-15 11:36:25 - [MESSAGE][PASSED] - Object: 'Object Repository/Dashboard_Link Generator/linkgeneratorIcon' is clicked on

2018-09-15 11:36:25 - [TEST_STEP][PASSED] - click: Object: 'Object Repository/Public Links/publicLinkTab' is clicked on

2018-09-15 11:36:25 - [MESSAGE][PASSED] - Object: 'Object Repository/Public Links/publicLinkTab' is clicked on

2018-09-15 11:36:25 - [TEST_STEP][PASSED] - Statement - x = CustomKeywords.newPackage.newKeyword.randomString(3).toLowerCase(): newPackage.newKeyword.randomString is PASSED

2018-09-15 11:36:25 - [MESSAGE][PASSED] - newPackage.newKeyword.randomString is PASSED

2018-09-15 11:36:25 - [TEST_STEP][PASSED] - Statement - teamMeberName = x: null

2018-09-15 11:36:25 - [TEST_STEP][PASSED] - setText: Text 'dgga' is set on object 'Object Repository/Public Links/PubLinkWithTag'

2018-09-15 11:36:25 - [MESSAGE][PASSED] - Text 'dgga' is set on object 'Object Repository/Public Links/PubLinkWithTag'

2018-09-15 11:36:25 - [TEST_STEP][PASSED] - click: Object: 'Object Repository/Public Links/checkBoxPubLink' is clicked on

2018-09-15 11:36:25 - [MESSAGE][PASSED] - Object: 'Object Repository/Public Links/checkBoxPubLink' is clicked on

2018-09-15 11:36:25 - [TEST_STEP][PASSED] - click: Object: 'Object Repository/Public Links/GetLink' is clicked on

2018-09-15 11:36:25 - [MESSAGE][PASSED] - Object: 'Object Repository/Public Links/GetLink' is clicked on

2018-09-15 11:36:25 - [TEST_STEP][PASSED] - Statement - getLink = com.kms.katalon.core.webui.keyword.WebUiBuiltInKeywords.getAttribute(com.kms.katalon.core.testobject.ObjectRepository.findTestObject(Dashboard_Link Generator/input_link-text), "value"): Attribute 'value' of object 'Object Repository/Dashboard_Link Generator/input_link-text' is: 'https://dev.vcalling.in/url/UAT/?id=UAT_publicLink-163&p=t&c=t'

2018-09-15 11:36:26 - [MESSAGE][PASSED] - Attribute 'value' of object 'Object Repository/Dashboard_Link Generator/input_link-text' is: 'https://dev.vcalling.in/url/UAT/?id=UAT_publicLink-163&p=t&c=t'

2018-09-15 11:36:26 - [TEST_STEP][PASSED] - Statement - println(getLink): null

2018-09-15 11:36:26 - [TEST_STEP][PASSED] - click: Object: 'Object Repository/Dashboard_Link Generator/copyLink' is clicked on

2018-09-15 11:36:26 - [MESSAGE][PASSED] - Object: 'Object Repository/Dashboard_Link Generator/copyLink' is clicked on

2018-09-15 11:36:26 - [TEST_STEP][PASSED] - delay: Delayed 2 second(s)

2018-09-15 11:36:28 - [MESSAGE][PASSED] - Delayed 2 second(s)

2018-09-15 11:36:28 - [TEST_STEP][PASSED] - Statement - js = driver: null

2018-09-15 11:36:28 - [TEST_STEP][PASSED] - Statement - js.executeScript("window.open();"): null

2018-09-15 11:36:28 - [TEST_STEP][PASSED] - Statement - currentWindow = com.kms.katalon.core.webui.keyword.WebUiBuiltInKeywords.getWindowIndex(): Current window's index is: 0

2018-09-15 11:36:28 - [MESSAGE][PASSED] - Current window's index is: 0

2018-09-15 11:36:28 - [TEST_STEP][PASSED] - switchToWindowIndex: Switched to window with index: '1'

2018-09-15 11:36:28 - [MESSAGE][PASSED] - Switched to window with index: '1'

2018-09-15 11:36:28 - [TEST_STEP][PASSED] - navigateToUrl: Navigate to 'https://dev.vcalling.in/url/UAT/?id=UAT_publicLink-163&p=t&c=t' successfully

2018-09-15 11:36:30 - [MESSAGE][PASSED] - Navigate to 'https://dev.vcalling.in/url/UAT/?id=UAT_publicLink-163&p=t&c=t' successfully

2018-09-15 11:36:30 - [TEST_STEP][PASSED] - setText: Text ' ' is set on object 'Object Repository/PublicCustomer/callOnlyCustName'

2018-09-15 11:36:32 - [MESSAGE][PASSED] - Text ' ' is set on object 'Object Repository/PublicCustomer/callOnlyCustName'

2018-09-15 11:36:32 - [TEST_STEP][PASSED] - click: Object: 'Object Repository/PublicCustomer/callOnlyNextButton' is clicked on

2018-09-15 11:36:32 - [MESSAGE][PASSED] - Object: 'Object Repository/PublicCustomer/callOnlyNextButton' is clicked on

2018-09-15 11:36:32 - [TEST_STEP][PASSED] - setText: Text ' ' is set on object 'Object Repository/PublicCustomer/customerNumber'

2018-09-15 11:36:33 - [MESSAGE][PASSED] - Text ' ' is set on object 'Object Repository/PublicCustomer/customerNumber'

2018-09-15 11:36:33 - [TEST_STEP][PASSED] - setText: Text ' ' is set on object 'Object Repository/PublicCustomer/callOnlyEmail'

2018-09-15 11:36:33 - [MESSAGE][PASSED] - Text ' ' is set on object 'Object Repository/PublicCustomer/callOnlyEmail'

2018-09-15 11:36:33 - [TEST_STEP][PASSED] - click: Object: 'Object Repository/PublicCustomer/doneButtonCallOnly' is clicked on

2018-09-15 11:36:33 - [MESSAGE][PASSED] - Object: 'Object Repository/PublicCustomer/doneButtonCallOnly' is clicked on

2018-09-15 11:36:33 - [TEST_STEP][PASSED] - Statement - currentTab = com.kms.katalon.core.webui.keyword.WebUiBuiltInKeywords.getWindowIndex(): Current window's index is: 1

2018-09-15 11:36:33 - [MESSAGE][PASSED] - Current window's index is: 1

2018-09-15 11:36:33 - [TEST_STEP][PASSED] - delay: Delayed 10 second(s)

2018-09-15 11:36:43 - [MESSAGE][PASSED] - Delayed 10 second(s)

2018-09-15 11:36:43 - [TEST_STEP][PASSED] - switchToWindowIndex: Switched to window with index: '0'

2018-09-15 11:36:43 - [MESSAGE][PASSED] - Switched to window with index: '0'

2018-09-15 11:36:43 - [TEST_STEP][PASSED] - refresh: Refresh successfully

2018-09-15 11:36:43 - [MESSAGE][PASSED] - Refresh successfully

2018-09-15 11:36:43 - [TEST_STEP][PASSED] - acceptAlert: Alert accepted

2018-09-15 11:36:43 - [MESSAGE][PASSED] - Alert accepted

2018-09-15 11:36:43 - [TEST_STEP][PASSED] - click: Object: 'Object Repository/sideBarContainer/linkLogDataBase' is clicked on

2018-09-15 11:36:46 - [MESSAGE][PASSED] - Object: 'Object Repository/sideBarContainer/linkLogDataBase' is clicked on]]></system-out>
         <system-err><![CDATA[]]></system-err>
      </testcase>
      <testcase name="Test Cases/completed/TestCases7_Public Customers/SimplePublicCustomers/pubCustGeneratByNumEmailWithoutTag" classname="Test Cases/completed/TestCases7_Public Customers/SimplePublicCustomers/pubCustGeneratByNumEmailWithoutTag" status="PASSED">
         <system-out><![CDATA[2018-09-15 11:36:46 - [TEST_CASE][PASSED] - Test Cases/completed/TestCases7_Public Customers/SimplePublicCustomers/pubCustGeneratByNumEmailWithoutTag: Test Cases/completed/TestCases7_Public Customers/SimplePublicCustomers/pubCustGeneratByNumEmailWithoutTag

2018-09-15 11:36:46 - [TEST_STEP][PASSED] - callTestCase: Call Test Case 'Test Cases/BVT/aSimple_Login' successfully

2018-09-15 11:36:46 - [TEST_CASE][PASSED] - Test Cases/BVT/aSimple_Login: Test Cases/BVT/aSimple_Login

2018-09-15 11:36:46 - [TEST_STEP][PASSED] - openBrowser: Browser is opened with url: ''

2018-09-15 11:36:46 - [MESSAGE][WARNING] - A browser is already opened. Closing browser and opening a new one

2018-09-15 11:36:49 - [MESSAGE][PASSED] - Browser is opened with url: ''

2018-09-15 11:36:49 - [TEST_STEP][PASSED] - maximizeWindow: Current window maximized

2018-09-15 11:36:50 - [MESSAGE][PASSED] - Current window maximized

2018-09-15 11:36:50 - [TEST_STEP][PASSED] - navigateToUrl: Navigate to 'https://dev.vcalling.in/enterprises/UAT/Dashboard/index.html' successfully

2018-09-15 11:36:56 - [MESSAGE][PASSED] - Navigate to 'https://dev.vcalling.in/enterprises/UAT/Dashboard/index.html' successfully

2018-09-15 11:36:56 - [TEST_STEP][PASSED] - setText: Text 'testing4dea@gmail.com' is set on object 'Object Repository/Login/UserId'

2018-09-15 11:36:56 - [MESSAGE][PASSED] - Text 'testing4dea@gmail.com' is set on object 'Object Repository/Login/UserId'

2018-09-15 11:36:56 - [TEST_STEP][PASSED] - click: Object: 'Object Repository/Login/div_GET OTP' is clicked on

2018-09-15 11:36:57 - [MESSAGE][PASSED] - Object: 'Object Repository/Login/div_GET OTP' is clicked on

2018-09-15 11:36:57 - [TEST_STEP][PASSED] - waitForElementPresent: Object 'Object Repository/Login/div_SUBMIT' is present

2018-09-15 11:36:58 - [MESSAGE][PASSED] - Object 'Object Repository/Login/div_SUBMIT' is present

2018-09-15 11:36:58 - [TEST_STEP][PASSED] - Statement - If (com.kms.katalon.core.webui.keyword.WebUiBuiltInKeywords.verifyElementNotPresent(com.kms.katalon.core.testobject.ObjectRepository.findTestObject(Login/div_SUBMIT), 5, OPTIONAL)): Web element with id: 'Object Repository/Login/div_SUBMIT' located by 'By.xpath: //div[(text() = ' SUBMIT ' or . = ' SUBMIT ')]' is present after '5' second(s)

2018-09-15 11:37:04 - [MESSAGE][WARNING] - Web element with id: 'Object Repository/Login/div_SUBMIT' located by 'By.xpath: //div[(text() = ' SUBMIT ' or . = ' SUBMIT ')]' is present after '5' second(s)
[[ATTACHMENT|C:\\Users\\Kaushal\\Desktop\\Katalon Studio\\vCallingDashboard\\Reports\\RegressionSuite\\20180915_103222\\1537007823833.png]]

2018-09-15 11:37:04 - [TEST_STEP][PASSED] - Statement - sleep(5000): null

2018-09-15 11:37:09 - [TEST_STEP][PASSED] - Statement - OTP = getOTP(): null

2018-09-15 11:37:09 - [TEST_STEP][PASSED] - Statement - host = "imap.gmail.com": null

2018-09-15 11:37:09 - [TEST_STEP][PASSED] - Statement - msg = <not implemented yet for class: org.codehaus.groovy.ast.expr.EmptyExpression>: null

2018-09-15 11:37:09 - [TEST_STEP][PASSED] - Statement - msgSub = <not implemented yet for class: org.codehaus.groovy.ast.expr.EmptyExpression>: null

2018-09-15 11:37:09 - [TEST_STEP][PASSED] - Statement - OTP = "unavailable": null

2018-09-15 11:37:09 - [TEST_STEP][PASSED] - Statement - props = new java.util.Properties(): null

2018-09-15 11:37:09 - [TEST_STEP][PASSED] - Statement - props.setProperty("mail.imap.ssl.enable", "true"): null

2018-09-15 11:37:09 - [TEST_STEP][PASSED] - Statement - session = javax.mail.Session.getInstance(props): null

2018-09-15 11:37:09 - [TEST_STEP][PASSED] - Statement - store = <not implemented yet for class: org.codehaus.groovy.ast.expr.EmptyExpression>: null

2018-09-15 11:37:09 - [TEST_STEP][PASSED] - Statement - Try: null

2018-09-15 11:37:09 - [TEST_STEP][PASSED] - Statement - store = session.getStore("imap"): null

2018-09-15 11:37:09 - [TEST_STEP][PASSED] - Statement - store.connect(host, Email, Password): null

2018-09-15 11:37:10 - [TEST_STEP][PASSED] - Statement - emailFolder = store.getFolder("INBOX"): null

2018-09-15 11:37:10 - [TEST_STEP][PASSED] - Statement - emailFolder.open(READ_WRITE): null

2018-09-15 11:37:11 - [TEST_STEP][PASSED] - Statement - messages = emailFolder.getMessages(): null

2018-09-15 11:37:11 - [TEST_STEP][PASSED] - Statement - n = length: null

2018-09-15 11:37:11 - [TEST_STEP][PASSED] - Statement - message = messages[n - 1]: null

2018-09-15 11:37:11 - [TEST_STEP][PASSED] - Statement - msgSub = message.getSubject(): null

2018-09-15 11:37:11 - [TEST_STEP][PASSED] - Statement - If (msgSub.equals("OTP to Sign In")): null

2018-09-15 11:37:11 - [TEST_STEP][PASSED] - Statement - msg = message.getContent().toString(): null

2018-09-15 11:37:12 - [TEST_STEP][PASSED] - Statement - OTP = msg.substring(msg.length() - 7): null

2018-09-15 11:37:12 - [TEST_STEP][PASSED] - Statement - message.setFlag(DELETED, true): null

2018-09-15 11:37:12 - [TEST_STEP][PASSED] - Statement - emailFolder.close(true): null

2018-09-15 11:37:13 - [TEST_STEP][PASSED] - Statement - store.close(): null

2018-09-15 11:37:13 - [TEST_STEP][PASSED] - Statement - return OTP: null

2018-09-15 11:37:13 - [TEST_STEP][PASSED] - Statement - If (OTP.equals("unavailable")): null

2018-09-15 11:37:13 - [TEST_STEP][PASSED] - Statement - Else: Text 'v7243
' is set on object 'Object Repository/Login/OtpInput'

2018-09-15 11:37:13 - [TEST_STEP][PASSED] - setText: Text 'v7243
' is set on object 'Object Repository/Login/OtpInput'

2018-09-15 11:37:13 - [MESSAGE][PASSED] - Text 'v7243
' is set on object 'Object Repository/Login/OtpInput'

2018-09-15 11:37:13 - [TEST_STEP][PASSED] - verifyElementPresent: Object 'Object Repository/Login/afterOpenDisplay' is present

2018-09-15 11:37:14 - [MESSAGE][PASSED] - Object 'Object Repository/Login/afterOpenDisplay' is present

2018-09-15 11:37:14 - [MESSAGE][PASSED] - Call Test Case 'Test Cases/BVT/aSimple_Login' successfully

2018-09-15 11:37:14 - [TEST_STEP][PASSED] - Statement - driver = com.kms.katalon.core.webui.driver.DriverFactory.getWebDriver(): null

2018-09-15 11:37:14 - [TEST_STEP][PASSED] - click: Object: 'Object Repository/Dashboard_Link Generator/linkgeneratorIcon' is clicked on

2018-09-15 11:37:14 - [MESSAGE][PASSED] - Object: 'Object Repository/Dashboard_Link Generator/linkgeneratorIcon' is clicked on

2018-09-15 11:37:14 - [TEST_STEP][PASSED] - click: Object: 'Object Repository/Public Links/publicLinkTab' is clicked on

2018-09-15 11:37:15 - [MESSAGE][PASSED] - Object: 'Object Repository/Public Links/publicLinkTab' is clicked on

2018-09-15 11:37:15 - [TEST_STEP][PASSED] - click: Object: 'Object Repository/Public Links/GetLink' is clicked on

2018-09-15 11:37:15 - [MESSAGE][PASSED] - Object: 'Object Repository/Public Links/GetLink' is clicked on

2018-09-15 11:37:15 - [TEST_STEP][PASSED] - Statement - getLink = com.kms.katalon.core.webui.keyword.WebUiBuiltInKeywords.getAttribute(com.kms.katalon.core.testobject.ObjectRepository.findTestObject(Dashboard_Link Generator/input_link-text), "value"): Attribute 'value' of object 'Object Repository/Dashboard_Link Generator/input_link-text' is: 'https://dev.vcalling.in/url/UAT/?id=UAT_publicLink-149&p=t'

2018-09-15 11:37:16 - [MESSAGE][PASSED] - Attribute 'value' of object 'Object Repository/Dashboard_Link Generator/input_link-text' is: 'https://dev.vcalling.in/url/UAT/?id=UAT_publicLink-149&p=t'

2018-09-15 11:37:16 - [TEST_STEP][PASSED] - Statement - println(getLink): null

2018-09-15 11:37:16 - [TEST_STEP][PASSED] - click: Object: 'Object Repository/Dashboard_Link Generator/copyLink' is clicked on

2018-09-15 11:37:16 - [MESSAGE][PASSED] - Object: 'Object Repository/Dashboard_Link Generator/copyLink' is clicked on

2018-09-15 11:37:16 - [TEST_STEP][PASSED] - delay: Delayed 2 second(s)

2018-09-15 11:37:18 - [MESSAGE][PASSED] - Delayed 2 second(s)

2018-09-15 11:37:18 - [TEST_STEP][PASSED] - Statement - js = driver: null

2018-09-15 11:37:18 - [TEST_STEP][PASSED] - Statement - js.executeScript("window.open();"): null

2018-09-15 11:37:18 - [TEST_STEP][PASSED] - Statement - currentWindow = com.kms.katalon.core.webui.keyword.WebUiBuiltInKeywords.getWindowIndex(): Current window's index is: 0

2018-09-15 11:37:18 - [MESSAGE][PASSED] - Current window's index is: 0

2018-09-15 11:37:18 - [TEST_STEP][PASSED] - switchToWindowIndex: Switched to window with index: '1'

2018-09-15 11:37:18 - [MESSAGE][PASSED] - Switched to window with index: '1'

2018-09-15 11:37:18 - [TEST_STEP][PASSED] - navigateToUrl: Navigate to 'https://dev.vcalling.in/url/UAT/?id=UAT_publicLink-149&p=t' successfully

2018-09-15 11:37:20 - [MESSAGE][PASSED] - Navigate to 'https://dev.vcalling.in/url/UAT/?id=UAT_publicLink-149&p=t' successfully

2018-09-15 11:37:20 - [TEST_STEP][PASSED] - setText: Text ' ' is set on object 'Object Repository/PublicCustomer/customerName'

2018-09-15 11:37:21 - [MESSAGE][PASSED] - Text ' ' is set on object 'Object Repository/PublicCustomer/customerName'

2018-09-15 11:37:21 - [TEST_STEP][PASSED] - click: Object: 'Object Repository/PublicCustomer/NextButton' is clicked on

2018-09-15 11:37:21 - [MESSAGE][PASSED] - Object: 'Object Repository/PublicCustomer/NextButton' is clicked on

2018-09-15 11:37:21 - [TEST_STEP][PASSED] - Statement - number = CustomKeywords.phoneNumbers.contactNumbers.randomString(9): phoneNumbers.contactNumbers.randomString is PASSED

2018-09-15 11:37:21 - [MESSAGE][PASSED] - phoneNumbers.contactNumbers.randomString is PASSED

2018-09-15 11:37:21 - [TEST_STEP][PASSED] - Statement - Mobile_Number = number: null

2018-09-15 11:37:21 - [TEST_STEP][PASSED] - setText: Text '4882020431' is set on object 'Object Repository/PublicCustomer/customerNumber'

2018-09-15 11:37:22 - [MESSAGE][PASSED] - Text '4882020431' is set on object 'Object Repository/PublicCustomer/customerNumber'

2018-09-15 11:37:22 - [TEST_STEP][PASSED] - setText: Text 'B1D6MDFNE5@gmail.com' is set on object 'Object Repository/PublicCustomer/customerId'

2018-09-15 11:37:22 - [MESSAGE][PASSED] - newPackage.newKeyword.randomString is PASSED

2018-09-15 11:37:22 - [MESSAGE][PASSED] - Text 'B1D6MDFNE5@gmail.com' is set on object 'Object Repository/PublicCustomer/customerId'

2018-09-15 11:37:22 - [TEST_STEP][PASSED] - click: Object: 'Object Repository/PublicCustomer/doneButton' is clicked on

2018-09-15 11:37:23 - [MESSAGE][PASSED] - Object: 'Object Repository/PublicCustomer/doneButton' is clicked on

2018-09-15 11:37:23 - [TEST_STEP][PASSED] - Statement - currentTab = com.kms.katalon.core.webui.keyword.WebUiBuiltInKeywords.getWindowIndex(): Current window's index is: 1

2018-09-15 11:37:23 - [MESSAGE][PASSED] - Current window's index is: 1

2018-09-15 11:37:23 - [TEST_STEP][PASSED] - delay: Delayed 10 second(s)

2018-09-15 11:37:33 - [MESSAGE][PASSED] - Delayed 10 second(s)

2018-09-15 11:37:33 - [TEST_STEP][PASSED] - switchToWindowIndex: Switched to window with index: '0'

2018-09-15 11:37:33 - [MESSAGE][PASSED] - Switched to window with index: '0'

2018-09-15 11:37:33 - [TEST_STEP][PASSED] - refresh: Refresh successfully

2018-09-15 11:37:33 - [MESSAGE][PASSED] - Refresh successfully

2018-09-15 11:37:33 - [TEST_STEP][PASSED] - acceptAlert: Alert accepted

2018-09-15 11:37:33 - [MESSAGE][PASSED] - Alert accepted]]></system-out>
         <system-err><![CDATA[]]></system-err>
      </testcase>
      <testcase name="Test Cases/completed/TestCases7_Public Customers/SimplePublicCustomers/pubCustGenerateThroughEmptyNameAndEmailWithoutTag" classname="Test Cases/completed/TestCases7_Public Customers/SimplePublicCustomers/pubCustGenerateThroughEmptyNameAndEmailWithoutTag" status="PASSED">
         <system-out><![CDATA[2018-09-15 11:37:33 - [TEST_CASE][PASSED] - Test Cases/completed/TestCases7_Public Customers/SimplePublicCustomers/pubCustGenerateThroughEmptyNameAndEmailWithoutTag: Test Cases/completed/TestCases7_Public Customers/SimplePublicCustomers/pubCustGenerateThroughEmptyNameAndEmailWithoutTag

2018-09-15 11:37:33 - [TEST_STEP][PASSED] - callTestCase: Call Test Case 'Test Cases/BVT/aSimple_Login' successfully

2018-09-15 11:37:33 - [TEST_CASE][PASSED] - Test Cases/BVT/aSimple_Login: Test Cases/BVT/aSimple_Login

2018-09-15 11:37:33 - [TEST_STEP][PASSED] - openBrowser: Browser is opened with url: ''

2018-09-15 11:37:33 - [MESSAGE][WARNING] - A browser is already opened. Closing browser and opening a new one

2018-09-15 11:37:36 - [MESSAGE][PASSED] - Browser is opened with url: ''

2018-09-15 11:37:36 - [TEST_STEP][PASSED] - maximizeWindow: Current window maximized

2018-09-15 11:37:37 - [MESSAGE][PASSED] - Current window maximized

2018-09-15 11:37:37 - [TEST_STEP][PASSED] - navigateToUrl: Navigate to 'https://dev.vcalling.in/enterprises/UAT/Dashboard/index.html' successfully

2018-09-15 11:37:44 - [MESSAGE][PASSED] - Navigate to 'https://dev.vcalling.in/enterprises/UAT/Dashboard/index.html' successfully

2018-09-15 11:37:44 - [TEST_STEP][PASSED] - setText: Text 'testing4dea@gmail.com' is set on object 'Object Repository/Login/UserId'

2018-09-15 11:37:44 - [MESSAGE][PASSED] - Text 'testing4dea@gmail.com' is set on object 'Object Repository/Login/UserId'

2018-09-15 11:37:44 - [TEST_STEP][PASSED] - click: Object: 'Object Repository/Login/div_GET OTP' is clicked on

2018-09-15 11:37:44 - [MESSAGE][PASSED] - Object: 'Object Repository/Login/div_GET OTP' is clicked on

2018-09-15 11:37:44 - [TEST_STEP][PASSED] - waitForElementPresent: Object 'Object Repository/Login/div_SUBMIT' is present

2018-09-15 11:37:46 - [MESSAGE][PASSED] - Object 'Object Repository/Login/div_SUBMIT' is present

2018-09-15 11:37:46 - [TEST_STEP][PASSED] - Statement - If (com.kms.katalon.core.webui.keyword.WebUiBuiltInKeywords.verifyElementNotPresent(com.kms.katalon.core.testobject.ObjectRepository.findTestObject(Login/div_SUBMIT), 5, OPTIONAL)): Web element with id: 'Object Repository/Login/div_SUBMIT' located by 'By.xpath: //div[(text() = ' SUBMIT ' or . = ' SUBMIT ')]' is present after '5' second(s)

2018-09-15 11:37:51 - [MESSAGE][WARNING] - Web element with id: 'Object Repository/Login/div_SUBMIT' located by 'By.xpath: //div[(text() = ' SUBMIT ' or . = ' SUBMIT ')]' is present after '5' second(s)
[[ATTACHMENT|C:\\Users\\Kaushal\\Desktop\\Katalon Studio\\vCallingDashboard\\Reports\\RegressionSuite\\20180915_103222\\1537007871572.png]]

2018-09-15 11:37:51 - [TEST_STEP][PASSED] - Statement - sleep(5000): null

2018-09-15 11:37:56 - [TEST_STEP][PASSED] - Statement - OTP = getOTP(): null

2018-09-15 11:37:56 - [TEST_STEP][PASSED] - Statement - host = "imap.gmail.com": null

2018-09-15 11:37:56 - [TEST_STEP][PASSED] - Statement - msg = <not implemented yet for class: org.codehaus.groovy.ast.expr.EmptyExpression>: null

2018-09-15 11:37:56 - [TEST_STEP][PASSED] - Statement - msgSub = <not implemented yet for class: org.codehaus.groovy.ast.expr.EmptyExpression>: null

2018-09-15 11:37:56 - [TEST_STEP][PASSED] - Statement - OTP = "unavailable": null

2018-09-15 11:37:56 - [TEST_STEP][PASSED] - Statement - props = new java.util.Properties(): null

2018-09-15 11:37:56 - [TEST_STEP][PASSED] - Statement - props.setProperty("mail.imap.ssl.enable", "true"): null

2018-09-15 11:37:56 - [TEST_STEP][PASSED] - Statement - session = javax.mail.Session.getInstance(props): null

2018-09-15 11:37:56 - [TEST_STEP][PASSED] - Statement - store = <not implemented yet for class: org.codehaus.groovy.ast.expr.EmptyExpression>: null

2018-09-15 11:37:56 - [TEST_STEP][PASSED] - Statement - Try: null

2018-09-15 11:37:56 - [TEST_STEP][PASSED] - Statement - store = session.getStore("imap"): null

2018-09-15 11:37:56 - [TEST_STEP][PASSED] - Statement - store.connect(host, Email, Password): null

2018-09-15 11:37:58 - [TEST_STEP][PASSED] - Statement - emailFolder = store.getFolder("INBOX"): null

2018-09-15 11:37:58 - [TEST_STEP][PASSED] - Statement - emailFolder.open(READ_WRITE): null

2018-09-15 11:37:59 - [TEST_STEP][PASSED] - Statement - messages = emailFolder.getMessages(): null

2018-09-15 11:37:59 - [TEST_STEP][PASSED] - Statement - n = length: null

2018-09-15 11:37:59 - [TEST_STEP][PASSED] - Statement - message = messages[n - 1]: null

2018-09-15 11:37:59 - [TEST_STEP][PASSED] - Statement - msgSub = message.getSubject(): null

2018-09-15 11:37:59 - [TEST_STEP][PASSED] - Statement - If (msgSub.equals("OTP to Sign In")): null

2018-09-15 11:37:59 - [TEST_STEP][PASSED] - Statement - msg = message.getContent().toString(): null

2018-09-15 11:38:00 - [TEST_STEP][PASSED] - Statement - OTP = msg.substring(msg.length() - 7): null

2018-09-15 11:38:00 - [TEST_STEP][PASSED] - Statement - message.setFlag(DELETED, true): null

2018-09-15 11:38:00 - [TEST_STEP][PASSED] - Statement - emailFolder.close(true): null

2018-09-15 11:38:01 - [TEST_STEP][PASSED] - Statement - store.close(): null

2018-09-15 11:38:01 - [TEST_STEP][PASSED] - Statement - return OTP: null

2018-09-15 11:38:01 - [TEST_STEP][PASSED] - Statement - If (OTP.equals("unavailable")): null

2018-09-15 11:38:01 - [TEST_STEP][PASSED] - Statement - Else: Text 'n8652
' is set on object 'Object Repository/Login/OtpInput'

2018-09-15 11:38:01 - [TEST_STEP][PASSED] - setText: Text 'n8652
' is set on object 'Object Repository/Login/OtpInput'

2018-09-15 11:38:01 - [MESSAGE][PASSED] - Text 'n8652
' is set on object 'Object Repository/Login/OtpInput'

2018-09-15 11:38:01 - [TEST_STEP][PASSED] - verifyElementPresent: Object 'Object Repository/Login/afterOpenDisplay' is present

2018-09-15 11:38:02 - [MESSAGE][PASSED] - Object 'Object Repository/Login/afterOpenDisplay' is present

2018-09-15 11:38:02 - [MESSAGE][PASSED] - Call Test Case 'Test Cases/BVT/aSimple_Login' successfully

2018-09-15 11:38:02 - [TEST_STEP][PASSED] - Statement - driver = com.kms.katalon.core.webui.driver.DriverFactory.getWebDriver(): null

2018-09-15 11:38:02 - [TEST_STEP][PASSED] - click: Object: 'Object Repository/Dashboard_Link Generator/linkgeneratorIcon' is clicked on

2018-09-15 11:38:02 - [MESSAGE][PASSED] - Object: 'Object Repository/Dashboard_Link Generator/linkgeneratorIcon' is clicked on

2018-09-15 11:38:02 - [TEST_STEP][PASSED] - click: Object: 'Object Repository/Public Links/publicLinkTab' is clicked on

2018-09-15 11:38:03 - [MESSAGE][PASSED] - Object: 'Object Repository/Public Links/publicLinkTab' is clicked on

2018-09-15 11:38:03 - [TEST_STEP][PASSED] - click: Object: 'Object Repository/Public Links/GetLink' is clicked on

2018-09-15 11:38:03 - [MESSAGE][PASSED] - Object: 'Object Repository/Public Links/GetLink' is clicked on

2018-09-15 11:38:03 - [TEST_STEP][PASSED] - Statement - getLink = com.kms.katalon.core.webui.keyword.WebUiBuiltInKeywords.getAttribute(com.kms.katalon.core.testobject.ObjectRepository.findTestObject(Dashboard_Link Generator/input_link-text), "value"): Attribute 'value' of object 'Object Repository/Dashboard_Link Generator/input_link-text' is: 'https://dev.vcalling.in/url/UAT/?id=UAT_publicLink-149&p=t'

2018-09-15 11:38:04 - [MESSAGE][PASSED] - Attribute 'value' of object 'Object Repository/Dashboard_Link Generator/input_link-text' is: 'https://dev.vcalling.in/url/UAT/?id=UAT_publicLink-149&p=t'

2018-09-15 11:38:04 - [TEST_STEP][PASSED] - Statement - println(getLink): null

2018-09-15 11:38:04 - [TEST_STEP][PASSED] - click: Object: 'Object Repository/Dashboard_Link Generator/copyLink' is clicked on

2018-09-15 11:38:04 - [MESSAGE][PASSED] - Object: 'Object Repository/Dashboard_Link Generator/copyLink' is clicked on

2018-09-15 11:38:04 - [TEST_STEP][PASSED] - delay: Delayed 2 second(s)

2018-09-15 11:38:06 - [MESSAGE][PASSED] - Delayed 2 second(s)

2018-09-15 11:38:06 - [TEST_STEP][PASSED] - Statement - js = driver: null

2018-09-15 11:38:06 - [TEST_STEP][PASSED] - Statement - js.executeScript("window.open();"): null

2018-09-15 11:38:06 - [TEST_STEP][PASSED] - Statement - currentWindow = com.kms.katalon.core.webui.keyword.WebUiBuiltInKeywords.getWindowIndex(): Current window's index is: 0

2018-09-15 11:38:06 - [MESSAGE][PASSED] - Current window's index is: 0

2018-09-15 11:38:06 - [TEST_STEP][PASSED] - switchToWindowIndex: Switched to window with index: '1'

2018-09-15 11:38:06 - [MESSAGE][PASSED] - Switched to window with index: '1'

2018-09-15 11:38:06 - [TEST_STEP][PASSED] - navigateToUrl: Navigate to 'https://dev.vcalling.in/url/UAT/?id=UAT_publicLink-149&p=t' successfully

2018-09-15 11:38:11 - [MESSAGE][PASSED] - Navigate to 'https://dev.vcalling.in/url/UAT/?id=UAT_publicLink-149&p=t' successfully

2018-09-15 11:38:11 - [TEST_STEP][PASSED] - setText: Text ' ' is set on object 'Object Repository/PublicCustomer/customerName'

2018-09-15 11:38:14 - [MESSAGE][PASSED] - Text ' ' is set on object 'Object Repository/PublicCustomer/customerName'

2018-09-15 11:38:14 - [TEST_STEP][PASSED] - click: Object: 'Object Repository/PublicCustomer/NextButton' is clicked on

2018-09-15 11:38:14 - [MESSAGE][PASSED] - Object: 'Object Repository/PublicCustomer/NextButton' is clicked on

2018-09-15 11:38:14 - [TEST_STEP][PASSED] - setText: Text 'TSeNkZNghe@gmail.com' is set on object 'Object Repository/PublicCustomer/customerId'

2018-09-15 11:38:14 - [MESSAGE][PASSED] - newPackage.newKeyword.randomString is PASSED

2018-09-15 11:38:15 - [MESSAGE][PASSED] - Text 'TSeNkZNghe@gmail.com' is set on object 'Object Repository/PublicCustomer/customerId'

2018-09-15 11:38:15 - [TEST_STEP][PASSED] - click: Object: 'Object Repository/PublicCustomer/doneButton' is clicked on

2018-09-15 11:38:15 - [MESSAGE][PASSED] - Object: 'Object Repository/PublicCustomer/doneButton' is clicked on

2018-09-15 11:38:15 - [TEST_STEP][PASSED] - Statement - currentTab = com.kms.katalon.core.webui.keyword.WebUiBuiltInKeywords.getWindowIndex(): Current window's index is: 1

2018-09-15 11:38:15 - [MESSAGE][PASSED] - Current window's index is: 1

2018-09-15 11:38:15 - [TEST_STEP][PASSED] - delay: Delayed 10 second(s)

2018-09-15 11:38:25 - [MESSAGE][PASSED] - Delayed 10 second(s)

2018-09-15 11:38:25 - [TEST_STEP][PASSED] - switchToWindowIndex: Switched to window with index: '0'

2018-09-15 11:38:25 - [MESSAGE][PASSED] - Switched to window with index: '0'

2018-09-15 11:38:25 - [TEST_STEP][PASSED] - refresh: Refresh successfully

2018-09-15 11:38:25 - [MESSAGE][PASSED] - Refresh successfully

2018-09-15 11:38:25 - [TEST_STEP][PASSED] - acceptAlert: Alert accepted

2018-09-15 11:38:25 - [MESSAGE][PASSED] - Alert accepted]]></system-out>
         <system-err><![CDATA[]]></system-err>
      </testcase>
      <testcase name="Test Cases/completed/TestCases7_Public Customers/SimplePublicCustomers/pubCustGenerateThroughEmptyNameContactWithoutTag" classname="Test Cases/completed/TestCases7_Public Customers/SimplePublicCustomers/pubCustGenerateThroughEmptyNameContactWithoutTag" status="PASSED">
         <system-out><![CDATA[2018-09-15 11:38:25 - [TEST_CASE][PASSED] - Test Cases/completed/TestCases7_Public Customers/SimplePublicCustomers/pubCustGenerateThroughEmptyNameContactWithoutTag: Test Cases/completed/TestCases7_Public Customers/SimplePublicCustomers/pubCustGenerateThroughEmptyNameContactWithoutTag

2018-09-15 11:38:26 - [TEST_STEP][PASSED] - callTestCase: Call Test Case 'Test Cases/BVT/aSimple_Login' successfully

2018-09-15 11:38:26 - [TEST_CASE][PASSED] - Test Cases/BVT/aSimple_Login: Test Cases/BVT/aSimple_Login

2018-09-15 11:38:26 - [TEST_STEP][PASSED] - openBrowser: Browser is opened with url: ''

2018-09-15 11:38:26 - [MESSAGE][WARNING] - A browser is already opened. Closing browser and opening a new one

2018-09-15 11:38:29 - [MESSAGE][PASSED] - Browser is opened with url: ''

2018-09-15 11:38:29 - [TEST_STEP][PASSED] - maximizeWindow: Current window maximized

2018-09-15 11:38:30 - [MESSAGE][PASSED] - Current window maximized

2018-09-15 11:38:30 - [TEST_STEP][PASSED] - navigateToUrl: Navigate to 'https://dev.vcalling.in/enterprises/UAT/Dashboard/index.html' successfully

2018-09-15 11:38:43 - [MESSAGE][PASSED] - Navigate to 'https://dev.vcalling.in/enterprises/UAT/Dashboard/index.html' successfully

2018-09-15 11:38:43 - [TEST_STEP][PASSED] - setText: Text 'testing4dea@gmail.com' is set on object 'Object Repository/Login/UserId'

2018-09-15 11:38:43 - [MESSAGE][PASSED] - Text 'testing4dea@gmail.com' is set on object 'Object Repository/Login/UserId'

2018-09-15 11:38:43 - [TEST_STEP][PASSED] - click: Object: 'Object Repository/Login/div_GET OTP' is clicked on

2018-09-15 11:38:43 - [MESSAGE][PASSED] - Object: 'Object Repository/Login/div_GET OTP' is clicked on

2018-09-15 11:38:43 - [TEST_STEP][PASSED] - waitForElementPresent: Object 'Object Repository/Login/div_SUBMIT' is present

2018-09-15 11:38:45 - [MESSAGE][PASSED] - Object 'Object Repository/Login/div_SUBMIT' is present

2018-09-15 11:38:45 - [TEST_STEP][PASSED] - Statement - If (com.kms.katalon.core.webui.keyword.WebUiBuiltInKeywords.verifyElementNotPresent(com.kms.katalon.core.testobject.ObjectRepository.findTestObject(Login/div_SUBMIT), 5, OPTIONAL)): Web element with id: 'Object Repository/Login/div_SUBMIT' located by 'By.xpath: //div[(text() = ' SUBMIT ' or . = ' SUBMIT ')]' is present after '5' second(s)

2018-09-15 11:38:50 - [MESSAGE][WARNING] - Web element with id: 'Object Repository/Login/div_SUBMIT' located by 'By.xpath: //div[(text() = ' SUBMIT ' or . = ' SUBMIT ')]' is present after '5' second(s)
[[ATTACHMENT|C:\\Users\\Kaushal\\Desktop\\Katalon Studio\\vCallingDashboard\\Reports\\RegressionSuite\\20180915_103222\\1537007930653.png]]

2018-09-15 11:38:50 - [TEST_STEP][PASSED] - Statement - sleep(5000): null

2018-09-15 11:38:55 - [TEST_STEP][PASSED] - Statement - OTP = getOTP(): null

2018-09-15 11:38:55 - [TEST_STEP][PASSED] - Statement - host = "imap.gmail.com": null

2018-09-15 11:38:55 - [TEST_STEP][PASSED] - Statement - msg = <not implemented yet for class: org.codehaus.groovy.ast.expr.EmptyExpression>: null

2018-09-15 11:38:55 - [TEST_STEP][PASSED] - Statement - msgSub = <not implemented yet for class: org.codehaus.groovy.ast.expr.EmptyExpression>: null

2018-09-15 11:38:55 - [TEST_STEP][PASSED] - Statement - OTP = "unavailable": null

2018-09-15 11:38:55 - [TEST_STEP][PASSED] - Statement - props = new java.util.Properties(): null

2018-09-15 11:38:55 - [TEST_STEP][PASSED] - Statement - props.setProperty("mail.imap.ssl.enable", "true"): null

2018-09-15 11:38:55 - [TEST_STEP][PASSED] - Statement - session = javax.mail.Session.getInstance(props): null

2018-09-15 11:38:55 - [TEST_STEP][PASSED] - Statement - store = <not implemented yet for class: org.codehaus.groovy.ast.expr.EmptyExpression>: null

2018-09-15 11:38:55 - [TEST_STEP][PASSED] - Statement - Try: null

2018-09-15 11:38:55 - [TEST_STEP][PASSED] - Statement - store = session.getStore("imap"): null

2018-09-15 11:38:55 - [TEST_STEP][PASSED] - Statement - store.connect(host, Email, Password): null

2018-09-15 11:38:58 - [TEST_STEP][PASSED] - Statement - emailFolder = store.getFolder("INBOX"): null

2018-09-15 11:38:58 - [TEST_STEP][PASSED] - Statement - emailFolder.open(READ_WRITE): null

2018-09-15 11:38:58 - [TEST_STEP][PASSED] - Statement - messages = emailFolder.getMessages(): null

2018-09-15 11:38:58 - [TEST_STEP][PASSED] - Statement - n = length: null

2018-09-15 11:38:58 - [TEST_STEP][PASSED] - Statement - message = messages[n - 1]: null

2018-09-15 11:38:58 - [TEST_STEP][PASSED] - Statement - msgSub = message.getSubject(): null

2018-09-15 11:38:58 - [TEST_STEP][PASSED] - Statement - If (msgSub.equals("OTP to Sign In")): null

2018-09-15 11:38:58 - [TEST_STEP][PASSED] - Statement - msg = message.getContent().toString(): null

2018-09-15 11:38:59 - [TEST_STEP][PASSED] - Statement - OTP = msg.substring(msg.length() - 7): null

2018-09-15 11:38:59 - [TEST_STEP][PASSED] - Statement - message.setFlag(DELETED, true): null

2018-09-15 11:38:59 - [TEST_STEP][PASSED] - Statement - emailFolder.close(true): null

2018-09-15 11:39:00 - [TEST_STEP][PASSED] - Statement - store.close(): null

2018-09-15 11:39:00 - [TEST_STEP][PASSED] - Statement - return OTP: null

2018-09-15 11:39:00 - [TEST_STEP][PASSED] - Statement - If (OTP.equals("unavailable")): null

2018-09-15 11:39:00 - [TEST_STEP][PASSED] - Statement - Else: Text 'q9160
' is set on object 'Object Repository/Login/OtpInput'

2018-09-15 11:39:00 - [TEST_STEP][PASSED] - setText: Text 'q9160
' is set on object 'Object Repository/Login/OtpInput'

2018-09-15 11:39:00 - [MESSAGE][PASSED] - Text 'q9160
' is set on object 'Object Repository/Login/OtpInput'

2018-09-15 11:39:00 - [TEST_STEP][PASSED] - verifyElementPresent: Object 'Object Repository/Login/afterOpenDisplay' is present

2018-09-15 11:39:01 - [MESSAGE][PASSED] - Object 'Object Repository/Login/afterOpenDisplay' is present

2018-09-15 11:39:01 - [MESSAGE][PASSED] - Call Test Case 'Test Cases/BVT/aSimple_Login' successfully

2018-09-15 11:39:01 - [TEST_STEP][PASSED] - Statement - driver = com.kms.katalon.core.webui.driver.DriverFactory.getWebDriver(): null

2018-09-15 11:39:01 - [TEST_STEP][PASSED] - click: Object: 'Object Repository/Dashboard_Link Generator/linkgeneratorIcon' is clicked on

2018-09-15 11:39:02 - [MESSAGE][PASSED] - Object: 'Object Repository/Dashboard_Link Generator/linkgeneratorIcon' is clicked on

2018-09-15 11:39:02 - [TEST_STEP][PASSED] - click: Object: 'Object Repository/Public Links/publicLinkTab' is clicked on

2018-09-15 11:39:02 - [MESSAGE][PASSED] - Object: 'Object Repository/Public Links/publicLinkTab' is clicked on

2018-09-15 11:39:02 - [TEST_STEP][PASSED] - click: Object: 'Object Repository/Public Links/GetLink' is clicked on

2018-09-15 11:39:02 - [MESSAGE][PASSED] - Object: 'Object Repository/Public Links/GetLink' is clicked on

2018-09-15 11:39:02 - [TEST_STEP][PASSED] - Statement - getLink = com.kms.katalon.core.webui.keyword.WebUiBuiltInKeywords.getAttribute(com.kms.katalon.core.testobject.ObjectRepository.findTestObject(Dashboard_Link Generator/input_link-text), "value"): Attribute 'value' of object 'Object Repository/Dashboard_Link Generator/input_link-text' is: 'https://dev.vcalling.in/url/UAT/?id=UAT_publicLink-149&p=t'

2018-09-15 11:39:03 - [MESSAGE][PASSED] - Attribute 'value' of object 'Object Repository/Dashboard_Link Generator/input_link-text' is: 'https://dev.vcalling.in/url/UAT/?id=UAT_publicLink-149&p=t'

2018-09-15 11:39:03 - [TEST_STEP][PASSED] - Statement - println(getLink): null

2018-09-15 11:39:03 - [TEST_STEP][PASSED] - click: Object: 'Object Repository/Dashboard_Link Generator/copyLink' is clicked on

2018-09-15 11:39:03 - [MESSAGE][PASSED] - Object: 'Object Repository/Dashboard_Link Generator/copyLink' is clicked on

2018-09-15 11:39:03 - [TEST_STEP][PASSED] - delay: Delayed 2 second(s)

2018-09-15 11:39:05 - [MESSAGE][PASSED] - Delayed 2 second(s)

2018-09-15 11:39:05 - [TEST_STEP][PASSED] - Statement - js = driver: null

2018-09-15 11:39:05 - [TEST_STEP][PASSED] - Statement - js.executeScript("window.open();"): null

2018-09-15 11:39:06 - [TEST_STEP][PASSED] - Statement - currentWindow = com.kms.katalon.core.webui.keyword.WebUiBuiltInKeywords.getWindowIndex(): Current window's index is: 0

2018-09-15 11:39:06 - [MESSAGE][PASSED] - Current window's index is: 0

2018-09-15 11:39:06 - [TEST_STEP][PASSED] - switchToWindowIndex: Switched to window with index: '1'

2018-09-15 11:39:06 - [MESSAGE][PASSED] - Switched to window with index: '1'

2018-09-15 11:39:06 - [TEST_STEP][PASSED] - navigateToUrl: Navigate to 'https://dev.vcalling.in/url/UAT/?id=UAT_publicLink-149&p=t' successfully

2018-09-15 11:39:10 - [MESSAGE][PASSED] - Navigate to 'https://dev.vcalling.in/url/UAT/?id=UAT_publicLink-149&p=t' successfully

2018-09-15 11:39:10 - [TEST_STEP][PASSED] - setText: Text ' ' is set on object 'Object Repository/PublicCustomer/customerName'

2018-09-15 11:39:12 - [MESSAGE][PASSED] - Text ' ' is set on object 'Object Repository/PublicCustomer/customerName'

2018-09-15 11:39:12 - [TEST_STEP][PASSED] - click: Object: 'Object Repository/PublicCustomer/NextButton' is clicked on

2018-09-15 11:39:12 - [MESSAGE][PASSED] - Object: 'Object Repository/PublicCustomer/NextButton' is clicked on

2018-09-15 11:39:12 - [TEST_STEP][PASSED] - Statement - number = CustomKeywords.phoneNumbers.contactNumbers.randomString(9): phoneNumbers.contactNumbers.randomString is PASSED

2018-09-15 11:39:12 - [MESSAGE][PASSED] - phoneNumbers.contactNumbers.randomString is PASSED

2018-09-15 11:39:12 - [TEST_STEP][PASSED] - Statement - Mobile_Number = number: null

2018-09-15 11:39:12 - [TEST_STEP][PASSED] - setText: Text '1193843521' is set on object 'Object Repository/PublicCustomer/customerNumber'

2018-09-15 11:39:13 - [MESSAGE][PASSED] - Text '1193843521' is set on object 'Object Repository/PublicCustomer/customerNumber'

2018-09-15 11:39:13 - [TEST_STEP][PASSED] - click: Object: 'Object Repository/PublicCustomer/doneButton' is clicked on

2018-09-15 11:39:13 - [MESSAGE][PASSED] - Object: 'Object Repository/PublicCustomer/doneButton' is clicked on]]></system-out>
         <system-err><![CDATA[]]></system-err>
      </testcase>
      <testcase name="Test Cases/completed/TestCases7_Public Customers/SimplePublicCustomers/pubCustGenerateThroughEmptyNameEmailwithTag" classname="Test Cases/completed/TestCases7_Public Customers/SimplePublicCustomers/pubCustGenerateThroughEmptyNameEmailwithTag" status="PASSED">
         <system-out><![CDATA[2018-09-15 11:39:13 - [TEST_CASE][PASSED] - Test Cases/completed/TestCases7_Public Customers/SimplePublicCustomers/pubCustGenerateThroughEmptyNameEmailwithTag: Test Cases/completed/TestCases7_Public Customers/SimplePublicCustomers/pubCustGenerateThroughEmptyNameEmailwithTag

2018-09-15 11:39:14 - [TEST_STEP][PASSED] - callTestCase: Call Test Case 'Test Cases/BVT/aSimple_Login' successfully

2018-09-15 11:39:14 - [TEST_CASE][PASSED] - Test Cases/BVT/aSimple_Login: Test Cases/BVT/aSimple_Login

2018-09-15 11:39:14 - [TEST_STEP][PASSED] - openBrowser: Browser is opened with url: ''

2018-09-15 11:39:14 - [MESSAGE][WARNING] - A browser is already opened. Closing browser and opening a new one

2018-09-15 11:39:17 - [MESSAGE][PASSED] - Browser is opened with url: ''

2018-09-15 11:39:17 - [TEST_STEP][PASSED] - maximizeWindow: Current window maximized

2018-09-15 11:39:18 - [MESSAGE][PASSED] - Current window maximized

2018-09-15 11:39:18 - [TEST_STEP][PASSED] - navigateToUrl: Navigate to 'https://dev.vcalling.in/enterprises/UAT/Dashboard/index.html' successfully

2018-09-15 11:39:30 - [MESSAGE][PASSED] - Navigate to 'https://dev.vcalling.in/enterprises/UAT/Dashboard/index.html' successfully

2018-09-15 11:39:30 - [TEST_STEP][PASSED] - setText: Text 'testing4dea@gmail.com' is set on object 'Object Repository/Login/UserId'

2018-09-15 11:39:30 - [MESSAGE][PASSED] - Text 'testing4dea@gmail.com' is set on object 'Object Repository/Login/UserId'

2018-09-15 11:39:30 - [TEST_STEP][PASSED] - click: Object: 'Object Repository/Login/div_GET OTP' is clicked on

2018-09-15 11:39:30 - [MESSAGE][PASSED] - Object: 'Object Repository/Login/div_GET OTP' is clicked on

2018-09-15 11:39:30 - [TEST_STEP][PASSED] - waitForElementPresent: Object 'Object Repository/Login/div_SUBMIT' is present

2018-09-15 11:39:32 - [MESSAGE][PASSED] - Object 'Object Repository/Login/div_SUBMIT' is present

2018-09-15 11:39:32 - [TEST_STEP][PASSED] - Statement - If (com.kms.katalon.core.webui.keyword.WebUiBuiltInKeywords.verifyElementNotPresent(com.kms.katalon.core.testobject.ObjectRepository.findTestObject(Login/div_SUBMIT), 5, OPTIONAL)): Web element with id: 'Object Repository/Login/div_SUBMIT' located by 'By.xpath: //div[(text() = ' SUBMIT ' or . = ' SUBMIT ')]' is present after '5' second(s)

2018-09-15 11:39:38 - [MESSAGE][WARNING] - Web element with id: 'Object Repository/Login/div_SUBMIT' located by 'By.xpath: //div[(text() = ' SUBMIT ' or . = ' SUBMIT ')]' is present after '5' second(s)
[[ATTACHMENT|C:\\Users\\Kaushal\\Desktop\\Katalon Studio\\vCallingDashboard\\Reports\\RegressionSuite\\20180915_103222\\1537007978064.png]]

2018-09-15 11:39:38 - [TEST_STEP][PASSED] - Statement - sleep(5000): null

2018-09-15 11:39:43 - [TEST_STEP][PASSED] - Statement - OTP = getOTP(): null

2018-09-15 11:39:43 - [TEST_STEP][PASSED] - Statement - host = "imap.gmail.com": null

2018-09-15 11:39:43 - [TEST_STEP][PASSED] - Statement - msg = <not implemented yet for class: org.codehaus.groovy.ast.expr.EmptyExpression>: null

2018-09-15 11:39:43 - [TEST_STEP][PASSED] - Statement - msgSub = <not implemented yet for class: org.codehaus.groovy.ast.expr.EmptyExpression>: null

2018-09-15 11:39:43 - [TEST_STEP][PASSED] - Statement - OTP = "unavailable": null

2018-09-15 11:39:43 - [TEST_STEP][PASSED] - Statement - props = new java.util.Properties(): null

2018-09-15 11:39:43 - [TEST_STEP][PASSED] - Statement - props.setProperty("mail.imap.ssl.enable", "true"): null

2018-09-15 11:39:43 - [TEST_STEP][PASSED] - Statement - session = javax.mail.Session.getInstance(props): null

2018-09-15 11:39:43 - [TEST_STEP][PASSED] - Statement - store = <not implemented yet for class: org.codehaus.groovy.ast.expr.EmptyExpression>: null

2018-09-15 11:39:43 - [TEST_STEP][PASSED] - Statement - Try: null

2018-09-15 11:39:43 - [TEST_STEP][PASSED] - Statement - store = session.getStore("imap"): null

2018-09-15 11:39:43 - [TEST_STEP][PASSED] - Statement - store.connect(host, Email, Password): null

2018-09-15 11:39:45 - [TEST_STEP][PASSED] - Statement - emailFolder = store.getFolder("INBOX"): null

2018-09-15 11:39:45 - [TEST_STEP][PASSED] - Statement - emailFolder.open(READ_WRITE): null

2018-09-15 11:39:45 - [TEST_STEP][PASSED] - Statement - messages = emailFolder.getMessages(): null

2018-09-15 11:39:45 - [TEST_STEP][PASSED] - Statement - n = length: null

2018-09-15 11:39:45 - [TEST_STEP][PASSED] - Statement - message = messages[n - 1]: null

2018-09-15 11:39:45 - [TEST_STEP][PASSED] - Statement - msgSub = message.getSubject(): null

2018-09-15 11:39:45 - [TEST_STEP][PASSED] - Statement - If (msgSub.equals("OTP to Sign In")): null

2018-09-15 11:39:45 - [TEST_STEP][PASSED] - Statement - msg = message.getContent().toString(): null

2018-09-15 11:39:46 - [TEST_STEP][PASSED] - Statement - OTP = msg.substring(msg.length() - 7): null

2018-09-15 11:39:46 - [TEST_STEP][PASSED] - Statement - message.setFlag(DELETED, true): null

2018-09-15 11:39:47 - [TEST_STEP][PASSED] - Statement - emailFolder.close(true): null

2018-09-15 11:39:47 - [TEST_STEP][PASSED] - Statement - store.close(): null

2018-09-15 11:39:47 - [TEST_STEP][PASSED] - Statement - return OTP: null

2018-09-15 11:39:47 - [TEST_STEP][PASSED] - Statement - If (OTP.equals("unavailable")): null

2018-09-15 11:39:47 - [TEST_STEP][PASSED] - Statement - Else: Text 'q7029
' is set on object 'Object Repository/Login/OtpInput'

2018-09-15 11:39:47 - [TEST_STEP][PASSED] - setText: Text 'q7029
' is set on object 'Object Repository/Login/OtpInput'

2018-09-15 11:39:47 - [MESSAGE][PASSED] - Text 'q7029
' is set on object 'Object Repository/Login/OtpInput'

2018-09-15 11:39:47 - [TEST_STEP][PASSED] - verifyElementPresent: Object 'Object Repository/Login/afterOpenDisplay' is present

2018-09-15 11:39:48 - [MESSAGE][PASSED] - Object 'Object Repository/Login/afterOpenDisplay' is present

2018-09-15 11:39:48 - [MESSAGE][PASSED] - Call Test Case 'Test Cases/BVT/aSimple_Login' successfully

2018-09-15 11:39:48 - [TEST_STEP][PASSED] - Statement - driver = com.kms.katalon.core.webui.driver.DriverFactory.getWebDriver(): null

2018-09-15 11:39:48 - [TEST_STEP][PASSED] - click: Object: 'Object Repository/Dashboard_Link Generator/linkgeneratorIcon' is clicked on

2018-09-15 11:39:49 - [MESSAGE][PASSED] - Object: 'Object Repository/Dashboard_Link Generator/linkgeneratorIcon' is clicked on

2018-09-15 11:39:49 - [TEST_STEP][PASSED] - click: Object: 'Object Repository/Public Links/publicLinkTab' is clicked on

2018-09-15 11:39:49 - [MESSAGE][PASSED] - Object: 'Object Repository/Public Links/publicLinkTab' is clicked on

2018-09-15 11:39:49 - [TEST_STEP][PASSED] - Statement - x = CustomKeywords.newPackage.newKeyword.randomString(3).toLowerCase(): newPackage.newKeyword.randomString is PASSED

2018-09-15 11:39:49 - [MESSAGE][PASSED] - newPackage.newKeyword.randomString is PASSED

2018-09-15 11:39:49 - [TEST_STEP][PASSED] - Statement - teamMeberName = x: null

2018-09-15 11:39:49 - [TEST_STEP][PASSED] - setText: Text 'h9ma' is set on object 'Object Repository/Public Links/PubLinkWithTag'

2018-09-15 11:39:49 - [MESSAGE][PASSED] - Text 'h9ma' is set on object 'Object Repository/Public Links/PubLinkWithTag'

2018-09-15 11:39:49 - [TEST_STEP][PASSED] - click: Object: 'Object Repository/Public Links/GetLink' is clicked on

2018-09-15 11:39:50 - [MESSAGE][PASSED] - Object: 'Object Repository/Public Links/GetLink' is clicked on

2018-09-15 11:39:50 - [TEST_STEP][PASSED] - Statement - getLink = com.kms.katalon.core.webui.keyword.WebUiBuiltInKeywords.getAttribute(com.kms.katalon.core.testobject.ObjectRepository.findTestObject(Dashboard_Link Generator/input_link-text), "value"): Attribute 'value' of object 'Object Repository/Dashboard_Link Generator/input_link-text' is: 'https://dev.vcalling.in/url/UAT/?id=UAT_publicLink-164&p=t'

2018-09-15 11:39:50 - [MESSAGE][PASSED] - Attribute 'value' of object 'Object Repository/Dashboard_Link Generator/input_link-text' is: 'https://dev.vcalling.in/url/UAT/?id=UAT_publicLink-164&p=t'

2018-09-15 11:39:50 - [TEST_STEP][PASSED] - Statement - println(getLink): null

2018-09-15 11:39:50 - [TEST_STEP][PASSED] - click: Object: 'Object Repository/Dashboard_Link Generator/copyLink' is clicked on

2018-09-15 11:39:50 - [MESSAGE][PASSED] - Object: 'Object Repository/Dashboard_Link Generator/copyLink' is clicked on

2018-09-15 11:39:50 - [TEST_STEP][PASSED] - delay: Delayed 2 second(s)

2018-09-15 11:39:52 - [MESSAGE][PASSED] - Delayed 2 second(s)

2018-09-15 11:39:52 - [TEST_STEP][PASSED] - Statement - js = driver: null

2018-09-15 11:39:52 - [TEST_STEP][PASSED] - Statement - js.executeScript("window.open();"): null

2018-09-15 11:39:53 - [TEST_STEP][PASSED] - Statement - currentWindow = com.kms.katalon.core.webui.keyword.WebUiBuiltInKeywords.getWindowIndex(): Current window's index is: 0

2018-09-15 11:39:53 - [MESSAGE][PASSED] - Current window's index is: 0

2018-09-15 11:39:53 - [TEST_STEP][PASSED] - switchToWindowIndex: Switched to window with index: '1'

2018-09-15 11:39:53 - [MESSAGE][PASSED] - Switched to window with index: '1'

2018-09-15 11:39:53 - [TEST_STEP][PASSED] - navigateToUrl: Navigate to 'https://dev.vcalling.in/url/UAT/?id=UAT_publicLink-164&p=t' successfully

2018-09-15 11:39:55 - [MESSAGE][PASSED] - Navigate to 'https://dev.vcalling.in/url/UAT/?id=UAT_publicLink-164&p=t' successfully

2018-09-15 11:39:55 - [TEST_STEP][PASSED] - setText: Text ' ' is set on object 'Object Repository/PublicCustomer/customerName'

2018-09-15 11:39:59 - [MESSAGE][PASSED] - Text ' ' is set on object 'Object Repository/PublicCustomer/customerName'

2018-09-15 11:39:59 - [TEST_STEP][PASSED] - click: Object: 'Object Repository/PublicCustomer/NextButton' is clicked on

2018-09-15 11:39:59 - [MESSAGE][PASSED] - Object: 'Object Repository/PublicCustomer/NextButton' is clicked on

2018-09-15 11:39:59 - [TEST_STEP][PASSED] - setText: Text 'XAU10jkYaN@gmail.com' is set on object 'Object Repository/PublicCustomer/customerId'

2018-09-15 11:39:59 - [MESSAGE][PASSED] - newPackage.newKeyword.randomString is PASSED

2018-09-15 11:39:59 - [MESSAGE][PASSED] - Text 'XAU10jkYaN@gmail.com' is set on object 'Object Repository/PublicCustomer/customerId'

2018-09-15 11:39:59 - [TEST_STEP][PASSED] - click: Object: 'Object Repository/PublicCustomer/doneButton' is clicked on

2018-09-15 11:40:00 - [MESSAGE][PASSED] - Object: 'Object Repository/PublicCustomer/doneButton' is clicked on

2018-09-15 11:40:00 - [TEST_STEP][PASSED] - Statement - currentTab = com.kms.katalon.core.webui.keyword.WebUiBuiltInKeywords.getWindowIndex(): Current window's index is: 1

2018-09-15 11:40:00 - [MESSAGE][PASSED] - Current window's index is: 1

2018-09-15 11:40:00 - [TEST_STEP][PASSED] - delay: Delayed 10 second(s)

2018-09-15 11:40:10 - [MESSAGE][PASSED] - Delayed 10 second(s)

2018-09-15 11:40:10 - [TEST_STEP][PASSED] - switchToWindowIndex: Switched to window with index: '0'

2018-09-15 11:40:10 - [MESSAGE][PASSED] - Switched to window with index: '0'

2018-09-15 11:40:10 - [TEST_STEP][PASSED] - refresh: Refresh successfully

2018-09-15 11:40:10 - [MESSAGE][PASSED] - Refresh successfully

2018-09-15 11:40:10 - [TEST_STEP][PASSED] - acceptAlert: Alert accepted

2018-09-15 11:40:10 - [MESSAGE][PASSED] - Alert accepted]]></system-out>
         <system-err><![CDATA[]]></system-err>
      </testcase>
      <testcase name="Test Cases/completed/TestCases7_Public Customers/SimplePublicCustomers/PubCustGenerateThroughNameAndContactWithoutTag" classname="Test Cases/completed/TestCases7_Public Customers/SimplePublicCustomers/PubCustGenerateThroughNameAndContactWithoutTag" status="PASSED">
         <system-out><![CDATA[2018-09-15 11:40:10 - [TEST_CASE][PASSED] - Test Cases/completed/TestCases7_Public Customers/SimplePublicCustomers/PubCustGenerateThroughNameAndContactWithoutTag: Test Cases/completed/TestCases7_Public Customers/SimplePublicCustomers/PubCustGenerateThroughNameAndContactWithoutTag

2018-09-15 11:40:10 - [TEST_STEP][PASSED] - callTestCase: Call Test Case 'Test Cases/BVT/aSimple_Login' successfully

2018-09-15 11:40:10 - [TEST_CASE][PASSED] - Test Cases/BVT/aSimple_Login: Test Cases/BVT/aSimple_Login

2018-09-15 11:40:10 - [TEST_STEP][PASSED] - openBrowser: Browser is opened with url: ''

2018-09-15 11:40:10 - [MESSAGE][WARNING] - A browser is already opened. Closing browser and opening a new one

2018-09-15 11:40:13 - [MESSAGE][PASSED] - Browser is opened with url: ''

2018-09-15 11:40:13 - [TEST_STEP][PASSED] - maximizeWindow: Current window maximized

2018-09-15 11:40:14 - [MESSAGE][PASSED] - Current window maximized

2018-09-15 11:40:14 - [TEST_STEP][PASSED] - navigateToUrl: Navigate to 'https://dev.vcalling.in/enterprises/UAT/Dashboard/index.html' successfully

2018-09-15 11:40:26 - [MESSAGE][PASSED] - Navigate to 'https://dev.vcalling.in/enterprises/UAT/Dashboard/index.html' successfully

2018-09-15 11:40:26 - [TEST_STEP][PASSED] - setText: Text 'testing4dea@gmail.com' is set on object 'Object Repository/Login/UserId'

2018-09-15 11:40:27 - [MESSAGE][PASSED] - Text 'testing4dea@gmail.com' is set on object 'Object Repository/Login/UserId'

2018-09-15 11:40:27 - [TEST_STEP][PASSED] - click: Object: 'Object Repository/Login/div_GET OTP' is clicked on

2018-09-15 11:40:27 - [MESSAGE][PASSED] - Object: 'Object Repository/Login/div_GET OTP' is clicked on

2018-09-15 11:40:27 - [TEST_STEP][PASSED] - waitForElementPresent: Object 'Object Repository/Login/div_SUBMIT' is present

2018-09-15 11:40:28 - [MESSAGE][PASSED] - Object 'Object Repository/Login/div_SUBMIT' is present

2018-09-15 11:40:28 - [TEST_STEP][PASSED] - Statement - If (com.kms.katalon.core.webui.keyword.WebUiBuiltInKeywords.verifyElementNotPresent(com.kms.katalon.core.testobject.ObjectRepository.findTestObject(Login/div_SUBMIT), 5, OPTIONAL)): Web element with id: 'Object Repository/Login/div_SUBMIT' located by 'By.xpath: //div[(text() = ' SUBMIT ' or . = ' SUBMIT ')]' is present after '5' second(s)

2018-09-15 11:40:34 - [MESSAGE][WARNING] - Web element with id: 'Object Repository/Login/div_SUBMIT' located by 'By.xpath: //div[(text() = ' SUBMIT ' or . = ' SUBMIT ')]' is present after '5' second(s)
[[ATTACHMENT|C:\\Users\\Kaushal\\Desktop\\Katalon Studio\\vCallingDashboard\\Reports\\RegressionSuite\\20180915_103222\\1537008034087.png]]

2018-09-15 11:40:34 - [TEST_STEP][PASSED] - Statement - sleep(5000): null

2018-09-15 11:40:39 - [TEST_STEP][PASSED] - Statement - OTP = getOTP(): null

2018-09-15 11:40:39 - [TEST_STEP][PASSED] - Statement - host = "imap.gmail.com": null

2018-09-15 11:40:39 - [TEST_STEP][PASSED] - Statement - msg = <not implemented yet for class: org.codehaus.groovy.ast.expr.EmptyExpression>: null

2018-09-15 11:40:39 - [TEST_STEP][PASSED] - Statement - msgSub = <not implemented yet for class: org.codehaus.groovy.ast.expr.EmptyExpression>: null

2018-09-15 11:40:39 - [TEST_STEP][PASSED] - Statement - OTP = "unavailable": null

2018-09-15 11:40:39 - [TEST_STEP][PASSED] - Statement - props = new java.util.Properties(): null

2018-09-15 11:40:39 - [TEST_STEP][PASSED] - Statement - props.setProperty("mail.imap.ssl.enable", "true"): null

2018-09-15 11:40:39 - [TEST_STEP][PASSED] - Statement - session = javax.mail.Session.getInstance(props): null

2018-09-15 11:40:39 - [TEST_STEP][PASSED] - Statement - store = <not implemented yet for class: org.codehaus.groovy.ast.expr.EmptyExpression>: null

2018-09-15 11:40:39 - [TEST_STEP][PASSED] - Statement - Try: null

2018-09-15 11:40:39 - [TEST_STEP][PASSED] - Statement - store = session.getStore("imap"): null

2018-09-15 11:40:39 - [TEST_STEP][PASSED] - Statement - store.connect(host, Email, Password): null

2018-09-15 11:40:41 - [TEST_STEP][PASSED] - Statement - emailFolder = store.getFolder("INBOX"): null

2018-09-15 11:40:41 - [TEST_STEP][PASSED] - Statement - emailFolder.open(READ_WRITE): null

2018-09-15 11:40:41 - [TEST_STEP][PASSED] - Statement - messages = emailFolder.getMessages(): null

2018-09-15 11:40:41 - [TEST_STEP][PASSED] - Statement - n = length: null

2018-09-15 11:40:41 - [TEST_STEP][PASSED] - Statement - message = messages[n - 1]: null

2018-09-15 11:40:41 - [TEST_STEP][PASSED] - Statement - msgSub = message.getSubject(): null

2018-09-15 11:40:41 - [TEST_STEP][PASSED] - Statement - If (msgSub.equals("OTP to Sign In")): null

2018-09-15 11:40:41 - [TEST_STEP][PASSED] - Statement - msg = message.getContent().toString(): null

2018-09-15 11:40:42 - [TEST_STEP][PASSED] - Statement - OTP = msg.substring(msg.length() - 7): null

2018-09-15 11:40:42 - [TEST_STEP][PASSED] - Statement - message.setFlag(DELETED, true): null

2018-09-15 11:40:43 - [TEST_STEP][PASSED] - Statement - emailFolder.close(true): null

2018-09-15 11:40:43 - [TEST_STEP][PASSED] - Statement - store.close(): null

2018-09-15 11:40:43 - [TEST_STEP][PASSED] - Statement - return OTP: null

2018-09-15 11:40:43 - [TEST_STEP][PASSED] - Statement - If (OTP.equals("unavailable")): null

2018-09-15 11:40:43 - [TEST_STEP][PASSED] - Statement - Else: Text 'b9289
' is set on object 'Object Repository/Login/OtpInput'

2018-09-15 11:40:43 - [TEST_STEP][PASSED] - setText: Text 'b9289
' is set on object 'Object Repository/Login/OtpInput'

2018-09-15 11:40:44 - [MESSAGE][PASSED] - Text 'b9289
' is set on object 'Object Repository/Login/OtpInput'

2018-09-15 11:40:44 - [TEST_STEP][PASSED] - verifyElementPresent: Object 'Object Repository/Login/afterOpenDisplay' is present

2018-09-15 11:40:45 - [MESSAGE][PASSED] - Object 'Object Repository/Login/afterOpenDisplay' is present

2018-09-15 11:40:45 - [MESSAGE][PASSED] - Call Test Case 'Test Cases/BVT/aSimple_Login' successfully

2018-09-15 11:40:45 - [TEST_STEP][PASSED] - Statement - driver = com.kms.katalon.core.webui.driver.DriverFactory.getWebDriver(): null

2018-09-15 11:40:45 - [TEST_STEP][PASSED] - click: Object: 'Object Repository/Dashboard_Link Generator/linkgeneratorIcon' is clicked on

2018-09-15 11:40:45 - [MESSAGE][PASSED] - Object: 'Object Repository/Dashboard_Link Generator/linkgeneratorIcon' is clicked on

2018-09-15 11:40:45 - [TEST_STEP][PASSED] - click: Object: 'Object Repository/Public Links/publicLinkTab' is clicked on

2018-09-15 11:40:45 - [MESSAGE][PASSED] - Object: 'Object Repository/Public Links/publicLinkTab' is clicked on

2018-09-15 11:40:45 - [TEST_STEP][PASSED] - click: Object: 'Object Repository/Public Links/GetLink' is clicked on

2018-09-15 11:40:46 - [MESSAGE][PASSED] - Object: 'Object Repository/Public Links/GetLink' is clicked on

2018-09-15 11:40:46 - [TEST_STEP][PASSED] - Statement - getLink = com.kms.katalon.core.webui.keyword.WebUiBuiltInKeywords.getAttribute(com.kms.katalon.core.testobject.ObjectRepository.findTestObject(Dashboard_Link Generator/input_link-text), "value"): Attribute 'value' of object 'Object Repository/Dashboard_Link Generator/input_link-text' is: 'https://dev.vcalling.in/url/UAT/?id=UAT_publicLink-149&p=t'

2018-09-15 11:40:46 - [MESSAGE][PASSED] - Attribute 'value' of object 'Object Repository/Dashboard_Link Generator/input_link-text' is: 'https://dev.vcalling.in/url/UAT/?id=UAT_publicLink-149&p=t'

2018-09-15 11:40:46 - [TEST_STEP][PASSED] - Statement - println(getLink): null

2018-09-15 11:40:46 - [TEST_STEP][PASSED] - click: Object: 'Object Repository/Dashboard_Link Generator/copyLink' is clicked on

2018-09-15 11:40:46 - [MESSAGE][PASSED] - Object: 'Object Repository/Dashboard_Link Generator/copyLink' is clicked on

2018-09-15 11:40:46 - [TEST_STEP][PASSED] - delay: Delayed 2 second(s)

2018-09-15 11:40:48 - [MESSAGE][PASSED] - Delayed 2 second(s)

2018-09-15 11:40:48 - [TEST_STEP][PASSED] - Statement - js = driver: null

2018-09-15 11:40:48 - [TEST_STEP][PASSED] - Statement - js.executeScript("window.open();"): null

2018-09-15 11:40:48 - [TEST_STEP][PASSED] - Statement - currentWindow = com.kms.katalon.core.webui.keyword.WebUiBuiltInKeywords.getWindowIndex(): Current window's index is: 0

2018-09-15 11:40:48 - [MESSAGE][PASSED] - Current window's index is: 0

2018-09-15 11:40:48 - [TEST_STEP][PASSED] - switchToWindowIndex: Switched to window with index: '1'

2018-09-15 11:40:48 - [MESSAGE][PASSED] - Switched to window with index: '1'

2018-09-15 11:40:48 - [TEST_STEP][PASSED] - navigateToUrl: Navigate to 'https://dev.vcalling.in/url/UAT/?id=UAT_publicLink-149&p=t' successfully

2018-09-15 11:40:52 - [MESSAGE][PASSED] - Navigate to 'https://dev.vcalling.in/url/UAT/?id=UAT_publicLink-149&p=t' successfully

2018-09-15 11:40:52 - [TEST_STEP][PASSED] - Statement - x = CustomKeywords.newPackage.newKeyword.randomString(3).toLowerCase(): newPackage.newKeyword.randomString is PASSED

2018-09-15 11:40:52 - [MESSAGE][PASSED] - newPackage.newKeyword.randomString is PASSED

2018-09-15 11:40:52 - [TEST_STEP][PASSED] - Statement - teamMeberName = x: null

2018-09-15 11:40:52 - [TEST_STEP][PASSED] - setText: Text 'uap' is set on object 'Object Repository/PublicCustomer/customerName'

2018-09-15 11:40:55 - [MESSAGE][PASSED] - Text 'uap' is set on object 'Object Repository/PublicCustomer/customerName'

2018-09-15 11:40:55 - [TEST_STEP][PASSED] - click: Object: 'Object Repository/PublicCustomer/NextButton' is clicked on

2018-09-15 11:40:55 - [MESSAGE][PASSED] - Object: 'Object Repository/PublicCustomer/NextButton' is clicked on

2018-09-15 11:40:55 - [TEST_STEP][PASSED] - Statement - number = CustomKeywords.phoneNumbers.contactNumbers.randomString(9): phoneNumbers.contactNumbers.randomString is PASSED

2018-09-15 11:40:55 - [MESSAGE][PASSED] - phoneNumbers.contactNumbers.randomString is PASSED

2018-09-15 11:40:55 - [TEST_STEP][PASSED] - Statement - Mobile_Number = number: null

2018-09-15 11:40:55 - [TEST_STEP][PASSED] - setText: Text '6618740561' is set on object 'Object Repository/PublicCustomer/customerNumber'

2018-09-15 11:40:56 - [MESSAGE][PASSED] - Text '6618740561' is set on object 'Object Repository/PublicCustomer/customerNumber'

2018-09-15 11:40:56 - [TEST_STEP][PASSED] - click: Object: 'Object Repository/PublicCustomer/doneButton' is clicked on

2018-09-15 11:40:56 - [MESSAGE][PASSED] - Object: 'Object Repository/PublicCustomer/doneButton' is clicked on

2018-09-15 11:40:56 - [TEST_STEP][PASSED] - Statement - currentTab = com.kms.katalon.core.webui.keyword.WebUiBuiltInKeywords.getWindowIndex(): Current window's index is: 1

2018-09-15 11:40:56 - [MESSAGE][PASSED] - Current window's index is: 1

2018-09-15 11:40:56 - [TEST_STEP][PASSED] - delay: Delayed 10 second(s)

2018-09-15 11:41:06 - [MESSAGE][PASSED] - Delayed 10 second(s)

2018-09-15 11:41:06 - [TEST_STEP][PASSED] - switchToWindowIndex: Switched to window with index: '0'

2018-09-15 11:41:06 - [MESSAGE][PASSED] - Switched to window with index: '0'

2018-09-15 11:41:06 - [TEST_STEP][PASSED] - refresh: Refresh successfully

2018-09-15 11:41:06 - [MESSAGE][PASSED] - Refresh successfully

2018-09-15 11:41:06 - [TEST_STEP][PASSED] - acceptAlert: Alert accepted

2018-09-15 11:41:06 - [MESSAGE][PASSED] - Alert accepted]]></system-out>
         <system-err><![CDATA[]]></system-err>
      </testcase>
      <testcase name="Test Cases/completed/TestCases7_Public Customers/SimplePublicCustomers/pubCustGenerateThroughNameEmaiIIdWithTag" classname="Test Cases/completed/TestCases7_Public Customers/SimplePublicCustomers/pubCustGenerateThroughNameEmaiIIdWithTag" status="PASSED">
         <system-out><![CDATA[2018-09-15 11:41:06 - [TEST_CASE][PASSED] - Test Cases/completed/TestCases7_Public Customers/SimplePublicCustomers/pubCustGenerateThroughNameEmaiIIdWithTag: Test Cases/completed/TestCases7_Public Customers/SimplePublicCustomers/pubCustGenerateThroughNameEmaiIIdWithTag

2018-09-15 11:41:07 - [TEST_STEP][PASSED] - callTestCase: Call Test Case 'Test Cases/BVT/aSimple_Login' successfully

2018-09-15 11:41:07 - [TEST_CASE][PASSED] - Test Cases/BVT/aSimple_Login: Test Cases/BVT/aSimple_Login

2018-09-15 11:41:07 - [TEST_STEP][PASSED] - openBrowser: Browser is opened with url: ''

2018-09-15 11:41:07 - [MESSAGE][WARNING] - A browser is already opened. Closing browser and opening a new one

2018-09-15 11:41:10 - [MESSAGE][PASSED] - Browser is opened with url: ''

2018-09-15 11:41:10 - [TEST_STEP][PASSED] - maximizeWindow: Current window maximized

2018-09-15 11:41:11 - [MESSAGE][PASSED] - Current window maximized

2018-09-15 11:41:11 - [TEST_STEP][PASSED] - navigateToUrl: Navigate to 'https://dev.vcalling.in/enterprises/UAT/Dashboard/index.html' successfully

2018-09-15 11:41:19 - [MESSAGE][PASSED] - Navigate to 'https://dev.vcalling.in/enterprises/UAT/Dashboard/index.html' successfully

2018-09-15 11:41:19 - [TEST_STEP][PASSED] - setText: Text 'testing4dea@gmail.com' is set on object 'Object Repository/Login/UserId'

2018-09-15 11:41:19 - [MESSAGE][PASSED] - Text 'testing4dea@gmail.com' is set on object 'Object Repository/Login/UserId'

2018-09-15 11:41:19 - [TEST_STEP][PASSED] - click: Object: 'Object Repository/Login/div_GET OTP' is clicked on

2018-09-15 11:41:19 - [MESSAGE][PASSED] - Object: 'Object Repository/Login/div_GET OTP' is clicked on

2018-09-15 11:41:19 - [TEST_STEP][PASSED] - waitForElementPresent: Object 'Object Repository/Login/div_SUBMIT' is present

2018-09-15 11:41:21 - [MESSAGE][PASSED] - Object 'Object Repository/Login/div_SUBMIT' is present

2018-09-15 11:41:21 - [TEST_STEP][PASSED] - Statement - If (com.kms.katalon.core.webui.keyword.WebUiBuiltInKeywords.verifyElementNotPresent(com.kms.katalon.core.testobject.ObjectRepository.findTestObject(Login/div_SUBMIT), 5, OPTIONAL)): Web element with id: 'Object Repository/Login/div_SUBMIT' located by 'By.xpath: //div[(text() = ' SUBMIT ' or . = ' SUBMIT ')]' is present after '5' second(s)

2018-09-15 11:41:26 - [MESSAGE][WARNING] - Web element with id: 'Object Repository/Login/div_SUBMIT' located by 'By.xpath: //div[(text() = ' SUBMIT ' or . = ' SUBMIT ')]' is present after '5' second(s)
[[ATTACHMENT|C:\\Users\\Kaushal\\Desktop\\Katalon Studio\\vCallingDashboard\\Reports\\RegressionSuite\\20180915_103222\\1537008086529.png]]

2018-09-15 11:41:26 - [TEST_STEP][PASSED] - Statement - sleep(5000): null

2018-09-15 11:41:31 - [TEST_STEP][PASSED] - Statement - OTP = getOTP(): null

2018-09-15 11:41:31 - [TEST_STEP][PASSED] - Statement - host = "imap.gmail.com": null

2018-09-15 11:41:31 - [TEST_STEP][PASSED] - Statement - msg = <not implemented yet for class: org.codehaus.groovy.ast.expr.EmptyExpression>: null

2018-09-15 11:41:31 - [TEST_STEP][PASSED] - Statement - msgSub = <not implemented yet for class: org.codehaus.groovy.ast.expr.EmptyExpression>: null

2018-09-15 11:41:31 - [TEST_STEP][PASSED] - Statement - OTP = "unavailable": null

2018-09-15 11:41:31 - [TEST_STEP][PASSED] - Statement - props = new java.util.Properties(): null

2018-09-15 11:41:31 - [TEST_STEP][PASSED] - Statement - props.setProperty("mail.imap.ssl.enable", "true"): null

2018-09-15 11:41:31 - [TEST_STEP][PASSED] - Statement - session = javax.mail.Session.getInstance(props): null

2018-09-15 11:41:31 - [TEST_STEP][PASSED] - Statement - store = <not implemented yet for class: org.codehaus.groovy.ast.expr.EmptyExpression>: null

2018-09-15 11:41:31 - [TEST_STEP][PASSED] - Statement - Try: null

2018-09-15 11:41:31 - [TEST_STEP][PASSED] - Statement - store = session.getStore("imap"): null

2018-09-15 11:41:31 - [TEST_STEP][PASSED] - Statement - store.connect(host, Email, Password): null

2018-09-15 11:41:33 - [TEST_STEP][PASSED] - Statement - emailFolder = store.getFolder("INBOX"): null

2018-09-15 11:41:33 - [TEST_STEP][PASSED] - Statement - emailFolder.open(READ_WRITE): null

2018-09-15 11:41:34 - [TEST_STEP][PASSED] - Statement - messages = emailFolder.getMessages(): null

2018-09-15 11:41:34 - [TEST_STEP][PASSED] - Statement - n = length: null

2018-09-15 11:41:34 - [TEST_STEP][PASSED] - Statement - message = messages[n - 1]: null

2018-09-15 11:41:34 - [TEST_STEP][PASSED] - Statement - msgSub = message.getSubject(): null

2018-09-15 11:41:34 - [TEST_STEP][PASSED] - Statement - If (msgSub.equals("OTP to Sign In")): null

2018-09-15 11:41:34 - [TEST_STEP][PASSED] - Statement - msg = message.getContent().toString(): null

2018-09-15 11:41:35 - [TEST_STEP][PASSED] - Statement - OTP = msg.substring(msg.length() - 7): null

2018-09-15 11:41:35 - [TEST_STEP][PASSED] - Statement - message.setFlag(DELETED, true): null

2018-09-15 11:41:35 - [TEST_STEP][PASSED] - Statement - emailFolder.close(true): null

2018-09-15 11:41:35 - [TEST_STEP][PASSED] - Statement - store.close(): null

2018-09-15 11:41:36 - [TEST_STEP][PASSED] - Statement - return OTP: null

2018-09-15 11:41:36 - [TEST_STEP][PASSED] - Statement - If (OTP.equals("unavailable")): null

2018-09-15 11:41:36 - [TEST_STEP][PASSED] - Statement - Else: Text 'i3219
' is set on object 'Object Repository/Login/OtpInput'

2018-09-15 11:41:36 - [TEST_STEP][PASSED] - setText: Text 'i3219
' is set on object 'Object Repository/Login/OtpInput'

2018-09-15 11:41:36 - [MESSAGE][PASSED] - Text 'i3219
' is set on object 'Object Repository/Login/OtpInput'

2018-09-15 11:41:36 - [TEST_STEP][PASSED] - verifyElementPresent: Object 'Object Repository/Login/afterOpenDisplay' is present

2018-09-15 11:41:37 - [MESSAGE][PASSED] - Object 'Object Repository/Login/afterOpenDisplay' is present

2018-09-15 11:41:37 - [MESSAGE][PASSED] - Call Test Case 'Test Cases/BVT/aSimple_Login' successfully

2018-09-15 11:41:37 - [TEST_STEP][PASSED] - Statement - driver = com.kms.katalon.core.webui.driver.DriverFactory.getWebDriver(): null

2018-09-15 11:41:37 - [TEST_STEP][PASSED] - click: Object: 'Object Repository/Dashboard_Link Generator/linkgeneratorIcon' is clicked on

2018-09-15 11:41:37 - [MESSAGE][PASSED] - Object: 'Object Repository/Dashboard_Link Generator/linkgeneratorIcon' is clicked on

2018-09-15 11:41:37 - [TEST_STEP][PASSED] - click: Object: 'Object Repository/Public Links/publicLinkTab' is clicked on

2018-09-15 11:41:37 - [MESSAGE][PASSED] - Object: 'Object Repository/Public Links/publicLinkTab' is clicked on

2018-09-15 11:41:37 - [TEST_STEP][PASSED] - Statement - x = CustomKeywords.newPackage.newKeyword.randomString(3).toLowerCase(): newPackage.newKeyword.randomString is PASSED

2018-09-15 11:41:37 - [MESSAGE][PASSED] - newPackage.newKeyword.randomString is PASSED

2018-09-15 11:41:37 - [TEST_STEP][PASSED] - Statement - teamMeberName = x: null

2018-09-15 11:41:37 - [TEST_STEP][PASSED] - setText: Text 'fbwa' is set on object 'Object Repository/Public Links/PubLinkWithTag'

2018-09-15 11:41:38 - [MESSAGE][PASSED] - Text 'fbwa' is set on object 'Object Repository/Public Links/PubLinkWithTag'

2018-09-15 11:41:38 - [TEST_STEP][PASSED] - click: Object: 'Object Repository/Public Links/GetLink' is clicked on

2018-09-15 11:41:38 - [MESSAGE][PASSED] - Object: 'Object Repository/Public Links/GetLink' is clicked on

2018-09-15 11:41:38 - [TEST_STEP][PASSED] - Statement - getLink = com.kms.katalon.core.webui.keyword.WebUiBuiltInKeywords.getAttribute(com.kms.katalon.core.testobject.ObjectRepository.findTestObject(Dashboard_Link Generator/input_link-text), "value"): Attribute 'value' of object 'Object Repository/Dashboard_Link Generator/input_link-text' is: 'https://dev.vcalling.in/url/UAT/?id=UAT_publicLink-165&p=t'

2018-09-15 11:41:39 - [MESSAGE][PASSED] - Attribute 'value' of object 'Object Repository/Dashboard_Link Generator/input_link-text' is: 'https://dev.vcalling.in/url/UAT/?id=UAT_publicLink-165&p=t'

2018-09-15 11:41:39 - [TEST_STEP][PASSED] - Statement - println(getLink): null

2018-09-15 11:41:39 - [TEST_STEP][PASSED] - click: Object: 'Object Repository/Dashboard_Link Generator/copyLink' is clicked on

2018-09-15 11:41:39 - [MESSAGE][PASSED] - Object: 'Object Repository/Dashboard_Link Generator/copyLink' is clicked on

2018-09-15 11:41:39 - [TEST_STEP][PASSED] - delay: Delayed 2 second(s)

2018-09-15 11:41:41 - [MESSAGE][PASSED] - Delayed 2 second(s)

2018-09-15 11:41:41 - [TEST_STEP][PASSED] - Statement - js = driver: null

2018-09-15 11:41:41 - [TEST_STEP][PASSED] - Statement - js.executeScript("window.open();"): null

2018-09-15 11:41:41 - [TEST_STEP][PASSED] - Statement - currentWindow = com.kms.katalon.core.webui.keyword.WebUiBuiltInKeywords.getWindowIndex(): Current window's index is: 0

2018-09-15 11:41:41 - [MESSAGE][PASSED] - Current window's index is: 0

2018-09-15 11:41:41 - [TEST_STEP][PASSED] - switchToWindowIndex: Switched to window with index: '1'

2018-09-15 11:41:41 - [MESSAGE][PASSED] - Switched to window with index: '1'

2018-09-15 11:41:41 - [TEST_STEP][PASSED] - navigateToUrl: Navigate to 'https://dev.vcalling.in/url/UAT/?id=UAT_publicLink-165&p=t' successfully

2018-09-15 11:41:44 - [MESSAGE][PASSED] - Navigate to 'https://dev.vcalling.in/url/UAT/?id=UAT_publicLink-165&p=t' successfully

2018-09-15 11:41:44 - [TEST_STEP][PASSED] - setText: Text 'fbw' is set on object 'Object Repository/PublicCustomer/customerName'

2018-09-15 11:41:46 - [MESSAGE][PASSED] - Text 'fbw' is set on object 'Object Repository/PublicCustomer/customerName'

2018-09-15 11:41:46 - [TEST_STEP][PASSED] - click: Object: 'Object Repository/PublicCustomer/NextButton' is clicked on

2018-09-15 11:41:46 - [MESSAGE][PASSED] - Object: 'Object Repository/PublicCustomer/NextButton' is clicked on

2018-09-15 11:41:46 - [TEST_STEP][PASSED] - setText: Text 'dyvnooYT98@gmail.com' is set on object 'Object Repository/PublicCustomer/customerId'

2018-09-15 11:41:46 - [MESSAGE][PASSED] - newPackage.newKeyword.randomString is PASSED

2018-09-15 11:41:47 - [MESSAGE][PASSED] - Text 'dyvnooYT98@gmail.com' is set on object 'Object Repository/PublicCustomer/customerId'

2018-09-15 11:41:47 - [TEST_STEP][PASSED] - click: Object: 'Object Repository/PublicCustomer/doneButton' is clicked on

2018-09-15 11:41:47 - [MESSAGE][PASSED] - Object: 'Object Repository/PublicCustomer/doneButton' is clicked on

2018-09-15 11:41:47 - [TEST_STEP][PASSED] - Statement - currentTab = com.kms.katalon.core.webui.keyword.WebUiBuiltInKeywords.getWindowIndex(): Current window's index is: 1

2018-09-15 11:41:47 - [MESSAGE][PASSED] - Current window's index is: 1

2018-09-15 11:41:47 - [TEST_STEP][PASSED] - delay: Delayed 10 second(s)

2018-09-15 11:41:57 - [MESSAGE][PASSED] - Delayed 10 second(s)

2018-09-15 11:41:57 - [TEST_STEP][PASSED] - switchToWindowIndex: Switched to window with index: '0'

2018-09-15 11:41:57 - [MESSAGE][PASSED] - Switched to window with index: '0'

2018-09-15 11:41:57 - [TEST_STEP][PASSED] - refresh: Refresh successfully

2018-09-15 11:41:57 - [MESSAGE][PASSED] - Refresh successfully

2018-09-15 11:41:57 - [TEST_STEP][PASSED] - acceptAlert: Alert accepted

2018-09-15 11:41:57 - [MESSAGE][PASSED] - Alert accepted]]></system-out>
         <system-err><![CDATA[]]></system-err>
      </testcase>
      <testcase name="Test Cases/completed/TestCases7_Public Customers/SimplePublicCustomers/pubCustGenerateThroughNameNumEmailWithTag" classname="Test Cases/completed/TestCases7_Public Customers/SimplePublicCustomers/pubCustGenerateThroughNameNumEmailWithTag" status="PASSED">
         <system-out><![CDATA[2018-09-15 11:41:57 - [TEST_CASE][PASSED] - Test Cases/completed/TestCases7_Public Customers/SimplePublicCustomers/pubCustGenerateThroughNameNumEmailWithTag: Test Cases/completed/TestCases7_Public Customers/SimplePublicCustomers/pubCustGenerateThroughNameNumEmailWithTag

2018-09-15 11:41:57 - [TEST_STEP][PASSED] - callTestCase: Call Test Case 'Test Cases/BVT/aSimple_Login' successfully

2018-09-15 11:41:57 - [TEST_CASE][PASSED] - Test Cases/BVT/aSimple_Login: Test Cases/BVT/aSimple_Login

2018-09-15 11:41:57 - [TEST_STEP][PASSED] - openBrowser: Browser is opened with url: ''

2018-09-15 11:41:57 - [MESSAGE][WARNING] - A browser is already opened. Closing browser and opening a new one

2018-09-15 11:42:00 - [MESSAGE][PASSED] - Browser is opened with url: ''

2018-09-15 11:42:00 - [TEST_STEP][PASSED] - maximizeWindow: Current window maximized

2018-09-15 11:42:01 - [MESSAGE][PASSED] - Current window maximized

2018-09-15 11:42:01 - [TEST_STEP][PASSED] - navigateToUrl: Navigate to 'https://dev.vcalling.in/enterprises/UAT/Dashboard/index.html' successfully

2018-09-15 11:42:05 - [MESSAGE][PASSED] - Navigate to 'https://dev.vcalling.in/enterprises/UAT/Dashboard/index.html' successfully

2018-09-15 11:42:05 - [TEST_STEP][PASSED] - setText: Text 'testing4dea@gmail.com' is set on object 'Object Repository/Login/UserId'

2018-09-15 11:42:05 - [MESSAGE][PASSED] - Text 'testing4dea@gmail.com' is set on object 'Object Repository/Login/UserId'

2018-09-15 11:42:05 - [TEST_STEP][PASSED] - click: Object: 'Object Repository/Login/div_GET OTP' is clicked on

2018-09-15 11:42:05 - [MESSAGE][PASSED] - Object: 'Object Repository/Login/div_GET OTP' is clicked on

2018-09-15 11:42:05 - [TEST_STEP][PASSED] - waitForElementPresent: Object 'Object Repository/Login/div_SUBMIT' is present

2018-09-15 11:42:07 - [MESSAGE][PASSED] - Object 'Object Repository/Login/div_SUBMIT' is present

2018-09-15 11:42:07 - [TEST_STEP][PASSED] - Statement - If (com.kms.katalon.core.webui.keyword.WebUiBuiltInKeywords.verifyElementNotPresent(com.kms.katalon.core.testobject.ObjectRepository.findTestObject(Login/div_SUBMIT), 5, OPTIONAL)): Web element with id: 'Object Repository/Login/div_SUBMIT' located by 'By.xpath: //div[(text() = ' SUBMIT ' or . = ' SUBMIT ')]' is present after '5' second(s)

2018-09-15 11:42:12 - [MESSAGE][WARNING] - Web element with id: 'Object Repository/Login/div_SUBMIT' located by 'By.xpath: //div[(text() = ' SUBMIT ' or . = ' SUBMIT ')]' is present after '5' second(s)
[[ATTACHMENT|C:\\Users\\Kaushal\\Desktop\\Katalon Studio\\vCallingDashboard\\Reports\\RegressionSuite\\20180915_103222\\1537008132230.png]]

2018-09-15 11:42:12 - [TEST_STEP][PASSED] - Statement - sleep(5000): null

2018-09-15 11:42:17 - [TEST_STEP][PASSED] - Statement - OTP = getOTP(): null

2018-09-15 11:42:17 - [TEST_STEP][PASSED] - Statement - host = "imap.gmail.com": null

2018-09-15 11:42:17 - [TEST_STEP][PASSED] - Statement - msg = <not implemented yet for class: org.codehaus.groovy.ast.expr.EmptyExpression>: null

2018-09-15 11:42:17 - [TEST_STEP][PASSED] - Statement - msgSub = <not implemented yet for class: org.codehaus.groovy.ast.expr.EmptyExpression>: null

2018-09-15 11:42:17 - [TEST_STEP][PASSED] - Statement - OTP = "unavailable": null

2018-09-15 11:42:17 - [TEST_STEP][PASSED] - Statement - props = new java.util.Properties(): null

2018-09-15 11:42:17 - [TEST_STEP][PASSED] - Statement - props.setProperty("mail.imap.ssl.enable", "true"): null

2018-09-15 11:42:17 - [TEST_STEP][PASSED] - Statement - session = javax.mail.Session.getInstance(props): null

2018-09-15 11:42:17 - [TEST_STEP][PASSED] - Statement - store = <not implemented yet for class: org.codehaus.groovy.ast.expr.EmptyExpression>: null

2018-09-15 11:42:17 - [TEST_STEP][PASSED] - Statement - Try: null

2018-09-15 11:42:17 - [TEST_STEP][PASSED] - Statement - store = session.getStore("imap"): null

2018-09-15 11:42:17 - [TEST_STEP][PASSED] - Statement - store.connect(host, Email, Password): null

2018-09-15 11:42:19 - [TEST_STEP][PASSED] - Statement - emailFolder = store.getFolder("INBOX"): null

2018-09-15 11:42:19 - [TEST_STEP][PASSED] - Statement - emailFolder.open(READ_WRITE): null

2018-09-15 11:42:19 - [TEST_STEP][PASSED] - Statement - messages = emailFolder.getMessages(): null

2018-09-15 11:42:19 - [TEST_STEP][PASSED] - Statement - n = length: null

2018-09-15 11:42:19 - [TEST_STEP][PASSED] - Statement - message = messages[n - 1]: null

2018-09-15 11:42:19 - [TEST_STEP][PASSED] - Statement - msgSub = message.getSubject(): null

2018-09-15 11:42:20 - [TEST_STEP][PASSED] - Statement - If (msgSub.equals("OTP to Sign In")): null

2018-09-15 11:42:20 - [TEST_STEP][PASSED] - Statement - msg = message.getContent().toString(): null

2018-09-15 11:42:20 - [TEST_STEP][PASSED] - Statement - OTP = msg.substring(msg.length() - 7): null

2018-09-15 11:42:20 - [TEST_STEP][PASSED] - Statement - message.setFlag(DELETED, true): null

2018-09-15 11:42:21 - [TEST_STEP][PASSED] - Statement - emailFolder.close(true): null

2018-09-15 11:42:22 - [TEST_STEP][PASSED] - Statement - store.close(): null

2018-09-15 11:42:22 - [TEST_STEP][PASSED] - Statement - return OTP: null

2018-09-15 11:42:22 - [TEST_STEP][PASSED] - Statement - If (OTP.equals("unavailable")): null

2018-09-15 11:42:22 - [TEST_STEP][PASSED] - Statement - Else: Text 'h2740
' is set on object 'Object Repository/Login/OtpInput'

2018-09-15 11:42:22 - [TEST_STEP][PASSED] - setText: Text 'h2740
' is set on object 'Object Repository/Login/OtpInput'

2018-09-15 11:42:22 - [MESSAGE][PASSED] - Text 'h2740
' is set on object 'Object Repository/Login/OtpInput'

2018-09-15 11:42:22 - [TEST_STEP][PASSED] - verifyElementPresent: Object 'Object Repository/Login/afterOpenDisplay' is present

2018-09-15 11:42:23 - [MESSAGE][PASSED] - Object 'Object Repository/Login/afterOpenDisplay' is present

2018-09-15 11:42:23 - [MESSAGE][PASSED] - Call Test Case 'Test Cases/BVT/aSimple_Login' successfully

2018-09-15 11:42:23 - [TEST_STEP][PASSED] - Statement - driver = com.kms.katalon.core.webui.driver.DriverFactory.getWebDriver(): null

2018-09-15 11:42:23 - [TEST_STEP][PASSED] - click: Object: 'Object Repository/Dashboard_Link Generator/linkgeneratorIcon' is clicked on

2018-09-15 11:42:23 - [MESSAGE][PASSED] - Object: 'Object Repository/Dashboard_Link Generator/linkgeneratorIcon' is clicked on

2018-09-15 11:42:23 - [TEST_STEP][PASSED] - click: Object: 'Object Repository/Public Links/publicLinkTab' is clicked on

2018-09-15 11:42:24 - [MESSAGE][PASSED] - Object: 'Object Repository/Public Links/publicLinkTab' is clicked on

2018-09-15 11:42:24 - [TEST_STEP][PASSED] - Statement - x = CustomKeywords.newPackage.newKeyword.randomString(3).toLowerCase(): newPackage.newKeyword.randomString is PASSED

2018-09-15 11:42:24 - [MESSAGE][PASSED] - newPackage.newKeyword.randomString is PASSED

2018-09-15 11:42:24 - [TEST_STEP][PASSED] - Statement - teamMeberName = x: null

2018-09-15 11:42:24 - [TEST_STEP][PASSED] - setText: Text 'ggta' is set on object 'Object Repository/Public Links/PubLinkWithTag'

2018-09-15 11:42:24 - [MESSAGE][PASSED] - Text 'ggta' is set on object 'Object Repository/Public Links/PubLinkWithTag'

2018-09-15 11:42:24 - [TEST_STEP][PASSED] - click: Object: 'Object Repository/Public Links/GetLink' is clicked on

2018-09-15 11:42:24 - [MESSAGE][PASSED] - Object: 'Object Repository/Public Links/GetLink' is clicked on

2018-09-15 11:42:24 - [TEST_STEP][PASSED] - Statement - getLink = com.kms.katalon.core.webui.keyword.WebUiBuiltInKeywords.getAttribute(com.kms.katalon.core.testobject.ObjectRepository.findTestObject(Dashboard_Link Generator/input_link-text), "value"): Attribute 'value' of object 'Object Repository/Dashboard_Link Generator/input_link-text' is: 'https://dev.vcalling.in/url/UAT/?id=UAT_publicLink-166&p=t'

2018-09-15 11:42:25 - [MESSAGE][PASSED] - Attribute 'value' of object 'Object Repository/Dashboard_Link Generator/input_link-text' is: 'https://dev.vcalling.in/url/UAT/?id=UAT_publicLink-166&p=t'

2018-09-15 11:42:25 - [TEST_STEP][PASSED] - Statement - println(getLink): null

2018-09-15 11:42:25 - [TEST_STEP][PASSED] - click: Object: 'Object Repository/Dashboard_Link Generator/copyLink' is clicked on

2018-09-15 11:42:25 - [MESSAGE][PASSED] - Object: 'Object Repository/Dashboard_Link Generator/copyLink' is clicked on

2018-09-15 11:42:25 - [TEST_STEP][PASSED] - delay: Delayed 2 second(s)

2018-09-15 11:42:27 - [MESSAGE][PASSED] - Delayed 2 second(s)

2018-09-15 11:42:27 - [TEST_STEP][PASSED] - Statement - js = driver: null

2018-09-15 11:42:27 - [TEST_STEP][PASSED] - Statement - js.executeScript("window.open();"): null

2018-09-15 11:42:27 - [TEST_STEP][PASSED] - Statement - currentWindow = com.kms.katalon.core.webui.keyword.WebUiBuiltInKeywords.getWindowIndex(): Current window's index is: 0

2018-09-15 11:42:27 - [MESSAGE][PASSED] - Current window's index is: 0

2018-09-15 11:42:27 - [TEST_STEP][PASSED] - switchToWindowIndex: Switched to window with index: '1'

2018-09-15 11:42:27 - [MESSAGE][PASSED] - Switched to window with index: '1'

2018-09-15 11:42:27 - [TEST_STEP][PASSED] - navigateToUrl: Navigate to 'https://dev.vcalling.in/url/UAT/?id=UAT_publicLink-166&p=t' successfully

2018-09-15 11:42:29 - [MESSAGE][PASSED] - Navigate to 'https://dev.vcalling.in/url/UAT/?id=UAT_publicLink-166&p=t' successfully

2018-09-15 11:42:29 - [TEST_STEP][PASSED] - setText: Text 'ggt' is set on object 'Object Repository/PublicCustomer/customerName'

2018-09-15 11:42:30 - [MESSAGE][PASSED] - Text 'ggt' is set on object 'Object Repository/PublicCustomer/customerName'

2018-09-15 11:42:30 - [TEST_STEP][PASSED] - click: Object: 'Object Repository/PublicCustomer/NextButton' is clicked on

2018-09-15 11:42:31 - [MESSAGE][PASSED] - Object: 'Object Repository/PublicCustomer/NextButton' is clicked on

2018-09-15 11:42:31 - [TEST_STEP][PASSED] - Statement - number = CustomKeywords.phoneNumbers.contactNumbers.randomString(9): phoneNumbers.contactNumbers.randomString is PASSED

2018-09-15 11:42:31 - [MESSAGE][PASSED] - phoneNumbers.contactNumbers.randomString is PASSED

2018-09-15 11:42:31 - [TEST_STEP][PASSED] - Statement - Mobile_Number = number: null

2018-09-15 11:42:31 - [TEST_STEP][PASSED] - setText: Text '3026762031' is set on object 'Object Repository/PublicCustomer/customerNumber'

2018-09-15 11:42:31 - [MESSAGE][PASSED] - Text '3026762031' is set on object 'Object Repository/PublicCustomer/customerNumber'

2018-09-15 11:42:31 - [TEST_STEP][PASSED] - setText: Text 'Bb8Kp4w9mp@gmail.com' is set on object 'Object Repository/PublicCustomer/customerId'

2018-09-15 11:42:31 - [MESSAGE][PASSED] - newPackage.newKeyword.randomString is PASSED

2018-09-15 11:42:32 - [MESSAGE][PASSED] - Text 'Bb8Kp4w9mp@gmail.com' is set on object 'Object Repository/PublicCustomer/customerId'

2018-09-15 11:42:32 - [TEST_STEP][PASSED] - click: Object: 'Object Repository/PublicCustomer/doneButton' is clicked on

2018-09-15 11:42:32 - [MESSAGE][PASSED] - Object: 'Object Repository/PublicCustomer/doneButton' is clicked on

2018-09-15 11:42:32 - [TEST_STEP][PASSED] - Statement - currentTab = com.kms.katalon.core.webui.keyword.WebUiBuiltInKeywords.getWindowIndex(): Current window's index is: 1

2018-09-15 11:42:32 - [MESSAGE][PASSED] - Current window's index is: 1

2018-09-15 11:42:32 - [TEST_STEP][PASSED] - delay: Delayed 10 second(s)

2018-09-15 11:42:42 - [MESSAGE][PASSED] - Delayed 10 second(s)

2018-09-15 11:42:42 - [TEST_STEP][PASSED] - switchToWindowIndex: Switched to window with index: '0'

2018-09-15 11:42:42 - [MESSAGE][PASSED] - Switched to window with index: '0'

2018-09-15 11:42:42 - [TEST_STEP][PASSED] - refresh: Refresh successfully

2018-09-15 11:42:42 - [MESSAGE][PASSED] - Refresh successfully

2018-09-15 11:42:42 - [TEST_STEP][PASSED] - acceptAlert: Alert accepted

2018-09-15 11:42:42 - [MESSAGE][PASSED] - Alert accepted]]></system-out>
         <system-err><![CDATA[]]></system-err>
      </testcase>
      <testcase name="Test Cases/completed/TestCases7_Public Customers/SimplePublicCustomers/pubCustGenerateTroughEmptyNameNumberWithTag" classname="Test Cases/completed/TestCases7_Public Customers/SimplePublicCustomers/pubCustGenerateTroughEmptyNameNumberWithTag" status="PASSED">
         <system-out><![CDATA[2018-09-15 11:42:42 - [TEST_CASE][PASSED] - Test Cases/completed/TestCases7_Public Customers/SimplePublicCustomers/pubCustGenerateTroughEmptyNameNumberWithTag: Test Cases/completed/TestCases7_Public Customers/SimplePublicCustomers/pubCustGenerateTroughEmptyNameNumberWithTag

2018-09-15 11:42:43 - [TEST_STEP][PASSED] - callTestCase: Call Test Case 'Test Cases/BVT/aSimple_Login' successfully

2018-09-15 11:42:43 - [TEST_CASE][PASSED] - Test Cases/BVT/aSimple_Login: Test Cases/BVT/aSimple_Login

2018-09-15 11:42:43 - [TEST_STEP][PASSED] - openBrowser: Browser is opened with url: ''

2018-09-15 11:42:43 - [MESSAGE][WARNING] - A browser is already opened. Closing browser and opening a new one

2018-09-15 11:42:45 - [MESSAGE][PASSED] - Browser is opened with url: ''

2018-09-15 11:42:45 - [TEST_STEP][PASSED] - maximizeWindow: Current window maximized

2018-09-15 11:42:47 - [MESSAGE][PASSED] - Current window maximized

2018-09-15 11:42:47 - [TEST_STEP][PASSED] - navigateToUrl: Navigate to 'https://dev.vcalling.in/enterprises/UAT/Dashboard/index.html' successfully

2018-09-15 11:42:54 - [MESSAGE][PASSED] - Navigate to 'https://dev.vcalling.in/enterprises/UAT/Dashboard/index.html' successfully

2018-09-15 11:42:54 - [TEST_STEP][PASSED] - setText: Text 'testing4dea@gmail.com' is set on object 'Object Repository/Login/UserId'

2018-09-15 11:42:54 - [MESSAGE][PASSED] - Text 'testing4dea@gmail.com' is set on object 'Object Repository/Login/UserId'

2018-09-15 11:42:54 - [TEST_STEP][PASSED] - click: Object: 'Object Repository/Login/div_GET OTP' is clicked on

2018-09-15 11:42:54 - [MESSAGE][PASSED] - Object: 'Object Repository/Login/div_GET OTP' is clicked on

2018-09-15 11:42:54 - [TEST_STEP][PASSED] - waitForElementPresent: Object 'Object Repository/Login/div_SUBMIT' is present

2018-09-15 11:42:56 - [MESSAGE][PASSED] - Object 'Object Repository/Login/div_SUBMIT' is present

2018-09-15 11:42:56 - [TEST_STEP][PASSED] - Statement - If (com.kms.katalon.core.webui.keyword.WebUiBuiltInKeywords.verifyElementNotPresent(com.kms.katalon.core.testobject.ObjectRepository.findTestObject(Login/div_SUBMIT), 5, OPTIONAL)): Web element with id: 'Object Repository/Login/div_SUBMIT' located by 'By.xpath: //div[(text() = ' SUBMIT ' or . = ' SUBMIT ')]' is present after '5' second(s)

2018-09-15 11:43:01 - [MESSAGE][WARNING] - Web element with id: 'Object Repository/Login/div_SUBMIT' located by 'By.xpath: //div[(text() = ' SUBMIT ' or . = ' SUBMIT ')]' is present after '5' second(s)
[[ATTACHMENT|C:\\Users\\Kaushal\\Desktop\\Katalon Studio\\vCallingDashboard\\Reports\\RegressionSuite\\20180915_103222\\1537008181620.png]]

2018-09-15 11:43:01 - [TEST_STEP][PASSED] - Statement - sleep(5000): null

2018-09-15 11:43:06 - [TEST_STEP][PASSED] - Statement - OTP = getOTP(): null

2018-09-15 11:43:06 - [TEST_STEP][PASSED] - Statement - host = "imap.gmail.com": null

2018-09-15 11:43:06 - [TEST_STEP][PASSED] - Statement - msg = <not implemented yet for class: org.codehaus.groovy.ast.expr.EmptyExpression>: null

2018-09-15 11:43:06 - [TEST_STEP][PASSED] - Statement - msgSub = <not implemented yet for class: org.codehaus.groovy.ast.expr.EmptyExpression>: null

2018-09-15 11:43:06 - [TEST_STEP][PASSED] - Statement - OTP = "unavailable": null

2018-09-15 11:43:06 - [TEST_STEP][PASSED] - Statement - props = new java.util.Properties(): null

2018-09-15 11:43:06 - [TEST_STEP][PASSED] - Statement - props.setProperty("mail.imap.ssl.enable", "true"): null

2018-09-15 11:43:06 - [TEST_STEP][PASSED] - Statement - session = javax.mail.Session.getInstance(props): null

2018-09-15 11:43:06 - [TEST_STEP][PASSED] - Statement - store = <not implemented yet for class: org.codehaus.groovy.ast.expr.EmptyExpression>: null

2018-09-15 11:43:06 - [TEST_STEP][PASSED] - Statement - Try: null

2018-09-15 11:43:06 - [TEST_STEP][PASSED] - Statement - store = session.getStore("imap"): null

2018-09-15 11:43:06 - [TEST_STEP][PASSED] - Statement - store.connect(host, Email, Password): null

2018-09-15 11:43:08 - [TEST_STEP][PASSED] - Statement - emailFolder = store.getFolder("INBOX"): null

2018-09-15 11:43:08 - [TEST_STEP][PASSED] - Statement - emailFolder.open(READ_WRITE): null

2018-09-15 11:43:09 - [TEST_STEP][PASSED] - Statement - messages = emailFolder.getMessages(): null

2018-09-15 11:43:09 - [TEST_STEP][PASSED] - Statement - n = length: null

2018-09-15 11:43:09 - [TEST_STEP][PASSED] - Statement - message = messages[n - 1]: null

2018-09-15 11:43:09 - [TEST_STEP][PASSED] - Statement - msgSub = message.getSubject(): null

2018-09-15 11:43:09 - [TEST_STEP][PASSED] - Statement - If (msgSub.equals("OTP to Sign In")): null

2018-09-15 11:43:09 - [TEST_STEP][PASSED] - Statement - msg = message.getContent().toString(): null

2018-09-15 11:43:10 - [TEST_STEP][PASSED] - Statement - OTP = msg.substring(msg.length() - 7): null

2018-09-15 11:43:10 - [TEST_STEP][PASSED] - Statement - message.setFlag(DELETED, true): null

2018-09-15 11:43:10 - [TEST_STEP][PASSED] - Statement - emailFolder.close(true): null

2018-09-15 11:43:10 - [TEST_STEP][PASSED] - Statement - store.close(): null

2018-09-15 11:43:11 - [TEST_STEP][PASSED] - Statement - return OTP: null

2018-09-15 11:43:11 - [TEST_STEP][PASSED] - Statement - If (OTP.equals("unavailable")): null

2018-09-15 11:43:11 - [TEST_STEP][PASSED] - Statement - Else: Text 'j3756
' is set on object 'Object Repository/Login/OtpInput'

2018-09-15 11:43:11 - [TEST_STEP][PASSED] - setText: Text 'j3756
' is set on object 'Object Repository/Login/OtpInput'

2018-09-15 11:43:11 - [MESSAGE][PASSED] - Text 'j3756
' is set on object 'Object Repository/Login/OtpInput'

2018-09-15 11:43:11 - [TEST_STEP][PASSED] - verifyElementPresent: Object 'Object Repository/Login/afterOpenDisplay' is present

2018-09-15 11:43:12 - [MESSAGE][PASSED] - Object 'Object Repository/Login/afterOpenDisplay' is present

2018-09-15 11:43:12 - [MESSAGE][PASSED] - Call Test Case 'Test Cases/BVT/aSimple_Login' successfully

2018-09-15 11:43:12 - [TEST_STEP][PASSED] - Statement - driver = com.kms.katalon.core.webui.driver.DriverFactory.getWebDriver(): null

2018-09-15 11:43:12 - [TEST_STEP][PASSED] - click: Object: 'Object Repository/Dashboard_Link Generator/linkgeneratorIcon' is clicked on

2018-09-15 11:43:12 - [MESSAGE][PASSED] - Object: 'Object Repository/Dashboard_Link Generator/linkgeneratorIcon' is clicked on

2018-09-15 11:43:12 - [TEST_STEP][PASSED] - click: Object: 'Object Repository/Public Links/publicLinkTab' is clicked on

2018-09-15 11:43:13 - [MESSAGE][PASSED] - Object: 'Object Repository/Public Links/publicLinkTab' is clicked on

2018-09-15 11:43:13 - [TEST_STEP][PASSED] - delay: Delayed 2 second(s)

2018-09-15 11:43:15 - [MESSAGE][PASSED] - Delayed 2 second(s)

2018-09-15 11:43:15 - [TEST_STEP][PASSED] - Statement - x = CustomKeywords.newPackage.newKeyword.randomString(3).toLowerCase(): newPackage.newKeyword.randomString is PASSED

2018-09-15 11:43:15 - [MESSAGE][PASSED] - newPackage.newKeyword.randomString is PASSED

2018-09-15 11:43:15 - [TEST_STEP][PASSED] - Statement - teamMeberName = x: null

2018-09-15 11:43:15 - [TEST_STEP][PASSED] - setText: Text 'qzia' is set on object 'Object Repository/Public Links/PubLinkWithTag'

2018-09-15 11:43:15 - [MESSAGE][PASSED] - Text 'qzia' is set on object 'Object Repository/Public Links/PubLinkWithTag'

2018-09-15 11:43:15 - [TEST_STEP][PASSED] - click: Object: 'Object Repository/Public Links/GetLink' is clicked on

2018-09-15 11:43:15 - [MESSAGE][PASSED] - Object: 'Object Repository/Public Links/GetLink' is clicked on

2018-09-15 11:43:15 - [TEST_STEP][PASSED] - Statement - getLink = com.kms.katalon.core.webui.keyword.WebUiBuiltInKeywords.getAttribute(com.kms.katalon.core.testobject.ObjectRepository.findTestObject(Dashboard_Link Generator/input_link-text), "value"): Attribute 'value' of object 'Object Repository/Dashboard_Link Generator/input_link-text' is: 'https://dev.vcalling.in/url/UAT/?id=UAT_publicLink-167&p=t'

2018-09-15 11:43:16 - [MESSAGE][PASSED] - Attribute 'value' of object 'Object Repository/Dashboard_Link Generator/input_link-text' is: 'https://dev.vcalling.in/url/UAT/?id=UAT_publicLink-167&p=t'

2018-09-15 11:43:16 - [TEST_STEP][PASSED] - Statement - println(getLink): null

2018-09-15 11:43:16 - [TEST_STEP][PASSED] - click: Object: 'Object Repository/Dashboard_Link Generator/copyLink' is clicked on

2018-09-15 11:43:16 - [MESSAGE][PASSED] - Object: 'Object Repository/Dashboard_Link Generator/copyLink' is clicked on

2018-09-15 11:43:16 - [TEST_STEP][PASSED] - delay: Delayed 2 second(s)

2018-09-15 11:43:18 - [MESSAGE][PASSED] - Delayed 2 second(s)

2018-09-15 11:43:18 - [TEST_STEP][PASSED] - Statement - js = driver: null

2018-09-15 11:43:18 - [TEST_STEP][PASSED] - Statement - js.executeScript("window.open();"): null

2018-09-15 11:43:18 - [TEST_STEP][PASSED] - Statement - currentWindow = com.kms.katalon.core.webui.keyword.WebUiBuiltInKeywords.getWindowIndex(): Current window's index is: 0

2018-09-15 11:43:18 - [MESSAGE][PASSED] - Current window's index is: 0

2018-09-15 11:43:18 - [TEST_STEP][PASSED] - switchToWindowIndex: Switched to window with index: '1'

2018-09-15 11:43:18 - [MESSAGE][PASSED] - Switched to window with index: '1'

2018-09-15 11:43:18 - [TEST_STEP][PASSED] - navigateToUrl: Navigate to 'https://dev.vcalling.in/url/UAT/?id=UAT_publicLink-167&p=t' successfully

2018-09-15 11:43:20 - [MESSAGE][PASSED] - Navigate to 'https://dev.vcalling.in/url/UAT/?id=UAT_publicLink-167&p=t' successfully

2018-09-15 11:43:20 - [TEST_STEP][PASSED] - setText: Text ' ' is set on object 'Object Repository/PublicCustomer/customerName'

2018-09-15 11:43:23 - [MESSAGE][PASSED] - Text ' ' is set on object 'Object Repository/PublicCustomer/customerName'

2018-09-15 11:43:23 - [TEST_STEP][PASSED] - click: Object: 'Object Repository/PublicCustomer/NextButton' is clicked on

2018-09-15 11:43:23 - [MESSAGE][PASSED] - Object: 'Object Repository/PublicCustomer/NextButton' is clicked on

2018-09-15 11:43:23 - [TEST_STEP][PASSED] - Statement - number = CustomKeywords.phoneNumbers.contactNumbers.randomString(9): phoneNumbers.contactNumbers.randomString is PASSED

2018-09-15 11:43:23 - [MESSAGE][PASSED] - phoneNumbers.contactNumbers.randomString is PASSED

2018-09-15 11:43:23 - [TEST_STEP][PASSED] - Statement - Mobile_Number = number: null

2018-09-15 11:43:23 - [TEST_STEP][PASSED] - setText: Text '6836149551' is set on object 'Object Repository/PublicCustomer/customerNumber'

2018-09-15 11:43:23 - [MESSAGE][PASSED] - Text '6836149551' is set on object 'Object Repository/PublicCustomer/customerNumber'

2018-09-15 11:43:23 - [TEST_STEP][PASSED] - click: Object: 'Object Repository/PublicCustomer/doneButton' is clicked on

2018-09-15 11:43:23 - [MESSAGE][PASSED] - Object: 'Object Repository/PublicCustomer/doneButton' is clicked on

2018-09-15 11:43:23 - [TEST_STEP][PASSED] - Statement - currentTab = com.kms.katalon.core.webui.keyword.WebUiBuiltInKeywords.getWindowIndex(): Current window's index is: 1

2018-09-15 11:43:23 - [MESSAGE][PASSED] - Current window's index is: 1

2018-09-15 11:43:23 - [TEST_STEP][PASSED] - delay: Delayed 10 second(s)

2018-09-15 11:43:33 - [MESSAGE][PASSED] - Delayed 10 second(s)

2018-09-15 11:43:33 - [TEST_STEP][PASSED] - switchToWindowIndex: Switched to window with index: '0'

2018-09-15 11:43:33 - [MESSAGE][PASSED] - Switched to window with index: '0'

2018-09-15 11:43:33 - [TEST_STEP][PASSED] - refresh: Refresh successfully

2018-09-15 11:43:33 - [MESSAGE][PASSED] - Refresh successfully

2018-09-15 11:43:33 - [TEST_STEP][PASSED] - acceptAlert: Alert accepted

2018-09-15 11:43:34 - [MESSAGE][PASSED] - Alert accepted]]></system-out>
         <system-err><![CDATA[]]></system-err>
      </testcase>
      <testcase name="Test Cases/completed/TestCases7_Public Customers/SimplePublicCustomers/PubCustGenrateThroughNameAndIdWithoutTag" classname="Test Cases/completed/TestCases7_Public Customers/SimplePublicCustomers/PubCustGenrateThroughNameAndIdWithoutTag" status="PASSED">
         <system-out><![CDATA[2018-09-15 11:43:34 - [TEST_CASE][PASSED] - Test Cases/completed/TestCases7_Public Customers/SimplePublicCustomers/PubCustGenrateThroughNameAndIdWithoutTag: Test Cases/completed/TestCases7_Public Customers/SimplePublicCustomers/PubCustGenrateThroughNameAndIdWithoutTag

2018-09-15 11:43:34 - [TEST_STEP][PASSED] - callTestCase: Call Test Case 'Test Cases/BVT/aSimple_Login' successfully

2018-09-15 11:43:34 - [TEST_CASE][PASSED] - Test Cases/BVT/aSimple_Login: Test Cases/BVT/aSimple_Login

2018-09-15 11:43:34 - [TEST_STEP][PASSED] - openBrowser: Browser is opened with url: ''

2018-09-15 11:43:34 - [MESSAGE][WARNING] - A browser is already opened. Closing browser and opening a new one

2018-09-15 11:43:37 - [MESSAGE][PASSED] - Browser is opened with url: ''

2018-09-15 11:43:37 - [TEST_STEP][PASSED] - maximizeWindow: Current window maximized

2018-09-15 11:43:38 - [MESSAGE][PASSED] - Current window maximized

2018-09-15 11:43:38 - [TEST_STEP][PASSED] - navigateToUrl: Navigate to 'https://dev.vcalling.in/enterprises/UAT/Dashboard/index.html' successfully

2018-09-15 11:43:45 - [MESSAGE][PASSED] - Navigate to 'https://dev.vcalling.in/enterprises/UAT/Dashboard/index.html' successfully

2018-09-15 11:43:45 - [TEST_STEP][PASSED] - setText: Text 'testing4dea@gmail.com' is set on object 'Object Repository/Login/UserId'

2018-09-15 11:43:45 - [MESSAGE][PASSED] - Text 'testing4dea@gmail.com' is set on object 'Object Repository/Login/UserId'

2018-09-15 11:43:45 - [TEST_STEP][PASSED] - click: Object: 'Object Repository/Login/div_GET OTP' is clicked on

2018-09-15 11:43:46 - [MESSAGE][PASSED] - Object: 'Object Repository/Login/div_GET OTP' is clicked on

2018-09-15 11:43:46 - [TEST_STEP][PASSED] - waitForElementPresent: Object 'Object Repository/Login/div_SUBMIT' is present

2018-09-15 11:43:48 - [MESSAGE][PASSED] - Object 'Object Repository/Login/div_SUBMIT' is present

2018-09-15 11:43:48 - [TEST_STEP][PASSED] - Statement - If (com.kms.katalon.core.webui.keyword.WebUiBuiltInKeywords.verifyElementNotPresent(com.kms.katalon.core.testobject.ObjectRepository.findTestObject(Login/div_SUBMIT), 5, OPTIONAL)): Web element with id: 'Object Repository/Login/div_SUBMIT' located by 'By.xpath: //div[(text() = ' SUBMIT ' or . = ' SUBMIT ')]' is present after '5' second(s)

2018-09-15 11:43:53 - [MESSAGE][WARNING] - Web element with id: 'Object Repository/Login/div_SUBMIT' located by 'By.xpath: //div[(text() = ' SUBMIT ' or . = ' SUBMIT ')]' is present after '5' second(s)
[[ATTACHMENT|C:\\Users\\Kaushal\\Desktop\\Katalon Studio\\vCallingDashboard\\Reports\\RegressionSuite\\20180915_103222\\1537008233245.png]]

2018-09-15 11:43:53 - [TEST_STEP][PASSED] - Statement - sleep(5000): null

2018-09-15 11:43:58 - [TEST_STEP][PASSED] - Statement - OTP = getOTP(): null

2018-09-15 11:43:58 - [TEST_STEP][PASSED] - Statement - host = "imap.gmail.com": null

2018-09-15 11:43:58 - [TEST_STEP][PASSED] - Statement - msg = <not implemented yet for class: org.codehaus.groovy.ast.expr.EmptyExpression>: null

2018-09-15 11:43:58 - [TEST_STEP][PASSED] - Statement - msgSub = <not implemented yet for class: org.codehaus.groovy.ast.expr.EmptyExpression>: null

2018-09-15 11:43:58 - [TEST_STEP][PASSED] - Statement - OTP = "unavailable": null

2018-09-15 11:43:58 - [TEST_STEP][PASSED] - Statement - props = new java.util.Properties(): null

2018-09-15 11:43:58 - [TEST_STEP][PASSED] - Statement - props.setProperty("mail.imap.ssl.enable", "true"): null

2018-09-15 11:43:58 - [TEST_STEP][PASSED] - Statement - session = javax.mail.Session.getInstance(props): null

2018-09-15 11:43:58 - [TEST_STEP][PASSED] - Statement - store = <not implemented yet for class: org.codehaus.groovy.ast.expr.EmptyExpression>: null

2018-09-15 11:43:58 - [TEST_STEP][PASSED] - Statement - Try: null

2018-09-15 11:43:58 - [TEST_STEP][PASSED] - Statement - store = session.getStore("imap"): null

2018-09-15 11:43:58 - [TEST_STEP][PASSED] - Statement - store.connect(host, Email, Password): null

2018-09-15 11:44:00 - [TEST_STEP][PASSED] - Statement - emailFolder = store.getFolder("INBOX"): null

2018-09-15 11:44:00 - [TEST_STEP][PASSED] - Statement - emailFolder.open(READ_WRITE): null

2018-09-15 11:44:00 - [TEST_STEP][PASSED] - Statement - messages = emailFolder.getMessages(): null

2018-09-15 11:44:00 - [TEST_STEP][PASSED] - Statement - n = length: null

2018-09-15 11:44:00 - [TEST_STEP][PASSED] - Statement - message = messages[n - 1]: null

2018-09-15 11:44:00 - [TEST_STEP][PASSED] - Statement - msgSub = message.getSubject(): null

2018-09-15 11:44:00 - [TEST_STEP][PASSED] - Statement - If (msgSub.equals("OTP to Sign In")): null

2018-09-15 11:44:00 - [TEST_STEP][PASSED] - Statement - msg = message.getContent().toString(): null

2018-09-15 11:44:01 - [TEST_STEP][PASSED] - Statement - OTP = msg.substring(msg.length() - 7): null

2018-09-15 11:44:01 - [TEST_STEP][PASSED] - Statement - message.setFlag(DELETED, true): null

2018-09-15 11:44:02 - [TEST_STEP][PASSED] - Statement - emailFolder.close(true): null

2018-09-15 11:44:02 - [TEST_STEP][PASSED] - Statement - store.close(): null

2018-09-15 11:44:02 - [TEST_STEP][PASSED] - Statement - return OTP: null

2018-09-15 11:44:02 - [TEST_STEP][PASSED] - Statement - If (OTP.equals("unavailable")): null

2018-09-15 11:44:02 - [TEST_STEP][PASSED] - Statement - Else: Text 'f8312
' is set on object 'Object Repository/Login/OtpInput'

2018-09-15 11:44:02 - [TEST_STEP][PASSED] - setText: Text 'f8312
' is set on object 'Object Repository/Login/OtpInput'

2018-09-15 11:44:02 - [MESSAGE][PASSED] - Text 'f8312
' is set on object 'Object Repository/Login/OtpInput'

2018-09-15 11:44:02 - [TEST_STEP][PASSED] - verifyElementPresent: Object 'Object Repository/Login/afterOpenDisplay' is present

2018-09-15 11:44:04 - [MESSAGE][PASSED] - Object 'Object Repository/Login/afterOpenDisplay' is present

2018-09-15 11:44:04 - [MESSAGE][PASSED] - Call Test Case 'Test Cases/BVT/aSimple_Login' successfully

2018-09-15 11:44:04 - [TEST_STEP][PASSED] - Statement - driver = com.kms.katalon.core.webui.driver.DriverFactory.getWebDriver(): null

2018-09-15 11:44:04 - [TEST_STEP][PASSED] - click: Object: 'Object Repository/Dashboard_Link Generator/linkgeneratorIcon' is clicked on

2018-09-15 11:44:04 - [MESSAGE][PASSED] - Object: 'Object Repository/Dashboard_Link Generator/linkgeneratorIcon' is clicked on

2018-09-15 11:44:04 - [TEST_STEP][PASSED] - click: Object: 'Object Repository/Public Links/publicLinkTab' is clicked on

2018-09-15 11:44:04 - [MESSAGE][PASSED] - Object: 'Object Repository/Public Links/publicLinkTab' is clicked on

2018-09-15 11:44:04 - [TEST_STEP][PASSED] - click: Object: 'Object Repository/Public Links/GetLink' is clicked on

2018-09-15 11:44:05 - [MESSAGE][PASSED] - Object: 'Object Repository/Public Links/GetLink' is clicked on

2018-09-15 11:44:05 - [TEST_STEP][PASSED] - Statement - getLink = com.kms.katalon.core.webui.keyword.WebUiBuiltInKeywords.getAttribute(com.kms.katalon.core.testobject.ObjectRepository.findTestObject(Dashboard_Link Generator/input_link-text), "value"): Attribute 'value' of object 'Object Repository/Dashboard_Link Generator/input_link-text' is: 'https://dev.vcalling.in/url/UAT/?id=UAT_publicLink-149&p=t'

2018-09-15 11:44:05 - [MESSAGE][PASSED] - Attribute 'value' of object 'Object Repository/Dashboard_Link Generator/input_link-text' is: 'https://dev.vcalling.in/url/UAT/?id=UAT_publicLink-149&p=t'

2018-09-15 11:44:05 - [TEST_STEP][PASSED] - Statement - println(getLink): null

2018-09-15 11:44:05 - [TEST_STEP][PASSED] - click: Object: 'Object Repository/Dashboard_Link Generator/copyLink' is clicked on

2018-09-15 11:44:05 - [MESSAGE][PASSED] - Object: 'Object Repository/Dashboard_Link Generator/copyLink' is clicked on

2018-09-15 11:44:05 - [TEST_STEP][PASSED] - delay: Delayed 2 second(s)

2018-09-15 11:44:07 - [MESSAGE][PASSED] - Delayed 2 second(s)

2018-09-15 11:44:07 - [TEST_STEP][PASSED] - Statement - js = driver: null

2018-09-15 11:44:07 - [TEST_STEP][PASSED] - Statement - js.executeScript("window.open();"): null

2018-09-15 11:44:08 - [TEST_STEP][PASSED] - Statement - currentWindow = com.kms.katalon.core.webui.keyword.WebUiBuiltInKeywords.getWindowIndex(): Current window's index is: 0

2018-09-15 11:44:08 - [MESSAGE][PASSED] - Current window's index is: 0

2018-09-15 11:44:08 - [TEST_STEP][PASSED] - switchToWindowIndex: Switched to window with index: '1'

2018-09-15 11:44:08 - [MESSAGE][PASSED] - Switched to window with index: '1'

2018-09-15 11:44:08 - [TEST_STEP][PASSED] - navigateToUrl: Navigate to 'https://dev.vcalling.in/url/UAT/?id=UAT_publicLink-149&p=t' successfully

2018-09-15 11:44:11 - [MESSAGE][PASSED] - Navigate to 'https://dev.vcalling.in/url/UAT/?id=UAT_publicLink-149&p=t' successfully

2018-09-15 11:44:11 - [TEST_STEP][PASSED] - Statement - x = CustomKeywords.newPackage.newKeyword.randomString(3).toLowerCase(): newPackage.newKeyword.randomString is PASSED

2018-09-15 11:44:11 - [MESSAGE][PASSED] - newPackage.newKeyword.randomString is PASSED

2018-09-15 11:44:11 - [TEST_STEP][PASSED] - Statement - teamMeberName = x: null

2018-09-15 11:44:11 - [TEST_STEP][PASSED] - setText: Text '9b1' is set on object 'Object Repository/PublicCustomer/customerName'

2018-09-15 11:44:13 - [MESSAGE][PASSED] - Text '9b1' is set on object 'Object Repository/PublicCustomer/customerName'

2018-09-15 11:44:13 - [TEST_STEP][PASSED] - click: Object: 'Object Repository/PublicCustomer/NextButton' is clicked on

2018-09-15 11:44:13 - [MESSAGE][PASSED] - Object: 'Object Repository/PublicCustomer/NextButton' is clicked on

2018-09-15 11:44:13 - [TEST_STEP][PASSED] - setText: Text '1LHw8EiGwG@gmail.com' is set on object 'Object Repository/PublicCustomer/customerId'

2018-09-15 11:44:13 - [MESSAGE][PASSED] - newPackage.newKeyword.randomString is PASSED

2018-09-15 11:44:13 - [MESSAGE][PASSED] - Text '1LHw8EiGwG@gmail.com' is set on object 'Object Repository/PublicCustomer/customerId'

2018-09-15 11:44:14 - [TEST_STEP][PASSED] - click: Object: 'Object Repository/PublicCustomer/doneButton' is clicked on

2018-09-15 11:44:14 - [MESSAGE][PASSED] - Object: 'Object Repository/PublicCustomer/doneButton' is clicked on

2018-09-15 11:44:14 - [TEST_STEP][PASSED] - Statement - currentTab = com.kms.katalon.core.webui.keyword.WebUiBuiltInKeywords.getWindowIndex(): Current window's index is: 1

2018-09-15 11:44:14 - [MESSAGE][PASSED] - Current window's index is: 1

2018-09-15 11:44:14 - [TEST_STEP][PASSED] - delay: Delayed 10 second(s)

2018-09-15 11:44:24 - [MESSAGE][PASSED] - Delayed 10 second(s)

2018-09-15 11:44:24 - [TEST_STEP][PASSED] - switchToWindowIndex: Switched to window with index: '0'

2018-09-15 11:44:24 - [MESSAGE][PASSED] - Switched to window with index: '0'

2018-09-15 11:44:24 - [TEST_STEP][PASSED] - refresh: Refresh successfully

2018-09-15 11:44:24 - [MESSAGE][PASSED] - Refresh successfully

2018-09-15 11:44:24 - [TEST_STEP][PASSED] - acceptAlert: Alert accepted

2018-09-15 11:44:24 - [MESSAGE][PASSED] - Alert accepted]]></system-out>
         <system-err><![CDATA[]]></system-err>
      </testcase>
      <testcase name="Test Cases/completed/TestCases7_Public Customers/SimplePublicCustomers/pubCustGenTroughFullInformationWithOutTag" classname="Test Cases/completed/TestCases7_Public Customers/SimplePublicCustomers/pubCustGenTroughFullInformationWithOutTag" status="PASSED">
         <system-out><![CDATA[2018-09-15 11:44:24 - [TEST_CASE][PASSED] - Test Cases/completed/TestCases7_Public Customers/SimplePublicCustomers/pubCustGenTroughFullInformationWithOutTag: Test Cases/completed/TestCases7_Public Customers/SimplePublicCustomers/pubCustGenTroughFullInformationWithOutTag

2018-09-15 11:44:25 - [TEST_STEP][PASSED] - callTestCase: Call Test Case 'Test Cases/BVT/aSimple_Login' successfully

2018-09-15 11:44:25 - [TEST_CASE][PASSED] - Test Cases/BVT/aSimple_Login: Test Cases/BVT/aSimple_Login

2018-09-15 11:44:25 - [TEST_STEP][PASSED] - openBrowser: Browser is opened with url: ''

2018-09-15 11:44:25 - [MESSAGE][WARNING] - A browser is already opened. Closing browser and opening a new one

2018-09-15 11:44:28 - [MESSAGE][PASSED] - Browser is opened with url: ''

2018-09-15 11:44:28 - [TEST_STEP][PASSED] - maximizeWindow: Current window maximized

2018-09-15 11:44:29 - [MESSAGE][PASSED] - Current window maximized

2018-09-15 11:44:29 - [TEST_STEP][PASSED] - navigateToUrl: Navigate to 'https://dev.vcalling.in/enterprises/UAT/Dashboard/index.html' successfully

2018-09-15 11:44:33 - [MESSAGE][PASSED] - Navigate to 'https://dev.vcalling.in/enterprises/UAT/Dashboard/index.html' successfully

2018-09-15 11:44:33 - [TEST_STEP][PASSED] - setText: Text 'testing4dea@gmail.com' is set on object 'Object Repository/Login/UserId'

2018-09-15 11:44:34 - [MESSAGE][PASSED] - Text 'testing4dea@gmail.com' is set on object 'Object Repository/Login/UserId'

2018-09-15 11:44:34 - [TEST_STEP][PASSED] - click: Object: 'Object Repository/Login/div_GET OTP' is clicked on

2018-09-15 11:44:34 - [MESSAGE][PASSED] - Object: 'Object Repository/Login/div_GET OTP' is clicked on

2018-09-15 11:44:34 - [TEST_STEP][PASSED] - waitForElementPresent: Object 'Object Repository/Login/div_SUBMIT' is present

2018-09-15 11:44:36 - [MESSAGE][PASSED] - Object 'Object Repository/Login/div_SUBMIT' is present

2018-09-15 11:44:36 - [TEST_STEP][PASSED] - Statement - If (com.kms.katalon.core.webui.keyword.WebUiBuiltInKeywords.verifyElementNotPresent(com.kms.katalon.core.testobject.ObjectRepository.findTestObject(Login/div_SUBMIT), 5, OPTIONAL)): Web element with id: 'Object Repository/Login/div_SUBMIT' located by 'By.xpath: //div[(text() = ' SUBMIT ' or . = ' SUBMIT ')]' is present after '5' second(s)

2018-09-15 11:44:41 - [MESSAGE][WARNING] - Web element with id: 'Object Repository/Login/div_SUBMIT' located by 'By.xpath: //div[(text() = ' SUBMIT ' or . = ' SUBMIT ')]' is present after '5' second(s)
[[ATTACHMENT|C:\\Users\\Kaushal\\Desktop\\Katalon Studio\\vCallingDashboard\\Reports\\RegressionSuite\\20180915_103222\\1537008281550.png]]

2018-09-15 11:44:41 - [TEST_STEP][PASSED] - Statement - sleep(5000): null

2018-09-15 11:44:46 - [TEST_STEP][PASSED] - Statement - OTP = getOTP(): null

2018-09-15 11:44:46 - [TEST_STEP][PASSED] - Statement - host = "imap.gmail.com": null

2018-09-15 11:44:46 - [TEST_STEP][PASSED] - Statement - msg = <not implemented yet for class: org.codehaus.groovy.ast.expr.EmptyExpression>: null

2018-09-15 11:44:46 - [TEST_STEP][PASSED] - Statement - msgSub = <not implemented yet for class: org.codehaus.groovy.ast.expr.EmptyExpression>: null

2018-09-15 11:44:46 - [TEST_STEP][PASSED] - Statement - OTP = "unavailable": null

2018-09-15 11:44:46 - [TEST_STEP][PASSED] - Statement - props = new java.util.Properties(): null

2018-09-15 11:44:46 - [TEST_STEP][PASSED] - Statement - props.setProperty("mail.imap.ssl.enable", "true"): null

2018-09-15 11:44:46 - [TEST_STEP][PASSED] - Statement - session = javax.mail.Session.getInstance(props): null

2018-09-15 11:44:46 - [TEST_STEP][PASSED] - Statement - store = <not implemented yet for class: org.codehaus.groovy.ast.expr.EmptyExpression>: null

2018-09-15 11:44:46 - [TEST_STEP][PASSED] - Statement - Try: null

2018-09-15 11:44:46 - [TEST_STEP][PASSED] - Statement - store = session.getStore("imap"): null

2018-09-15 11:44:46 - [TEST_STEP][PASSED] - Statement - store.connect(host, Email, Password): null

2018-09-15 11:44:48 - [TEST_STEP][PASSED] - Statement - emailFolder = store.getFolder("INBOX"): null

2018-09-15 11:44:48 - [TEST_STEP][PASSED] - Statement - emailFolder.open(READ_WRITE): null

2018-09-15 11:44:49 - [TEST_STEP][PASSED] - Statement - messages = emailFolder.getMessages(): null

2018-09-15 11:44:49 - [TEST_STEP][PASSED] - Statement - n = length: null

2018-09-15 11:44:49 - [TEST_STEP][PASSED] - Statement - message = messages[n - 1]: null

2018-09-15 11:44:49 - [TEST_STEP][PASSED] - Statement - msgSub = message.getSubject(): null

2018-09-15 11:44:49 - [TEST_STEP][PASSED] - Statement - If (msgSub.equals("OTP to Sign In")): null

2018-09-15 11:44:49 - [TEST_STEP][PASSED] - Statement - msg = message.getContent().toString(): null

2018-09-15 11:44:50 - [TEST_STEP][PASSED] - Statement - OTP = msg.substring(msg.length() - 7): null

2018-09-15 11:44:50 - [TEST_STEP][PASSED] - Statement - message.setFlag(DELETED, true): null

2018-09-15 11:44:50 - [TEST_STEP][PASSED] - Statement - emailFolder.close(true): null

2018-09-15 11:44:50 - [TEST_STEP][PASSED] - Statement - store.close(): null

2018-09-15 11:44:51 - [TEST_STEP][PASSED] - Statement - return OTP: null

2018-09-15 11:44:51 - [TEST_STEP][PASSED] - Statement - If (OTP.equals("unavailable")): null

2018-09-15 11:44:51 - [TEST_STEP][PASSED] - Statement - Else: Text 'q9807
' is set on object 'Object Repository/Login/OtpInput'

2018-09-15 11:44:51 - [TEST_STEP][PASSED] - setText: Text 'q9807
' is set on object 'Object Repository/Login/OtpInput'

2018-09-15 11:44:51 - [MESSAGE][PASSED] - Text 'q9807
' is set on object 'Object Repository/Login/OtpInput'

2018-09-15 11:44:51 - [TEST_STEP][PASSED] - verifyElementPresent: Object 'Object Repository/Login/afterOpenDisplay' is present

2018-09-15 11:44:52 - [MESSAGE][PASSED] - Object 'Object Repository/Login/afterOpenDisplay' is present

2018-09-15 11:44:52 - [MESSAGE][PASSED] - Call Test Case 'Test Cases/BVT/aSimple_Login' successfully

2018-09-15 11:44:52 - [TEST_STEP][PASSED] - Statement - driver = com.kms.katalon.core.webui.driver.DriverFactory.getWebDriver(): null

2018-09-15 11:44:52 - [TEST_STEP][PASSED] - click: Object: 'Object Repository/Dashboard_Link Generator/linkgeneratorIcon' is clicked on

2018-09-15 11:44:52 - [MESSAGE][PASSED] - Object: 'Object Repository/Dashboard_Link Generator/linkgeneratorIcon' is clicked on

2018-09-15 11:44:52 - [TEST_STEP][PASSED] - click: Object: 'Object Repository/Public Links/publicLinkTab' is clicked on

2018-09-15 11:44:53 - [MESSAGE][PASSED] - Object: 'Object Repository/Public Links/publicLinkTab' is clicked on

2018-09-15 11:44:53 - [TEST_STEP][PASSED] - click: Object: 'Object Repository/Public Links/GetLink' is clicked on

2018-09-15 11:44:53 - [MESSAGE][PASSED] - Object: 'Object Repository/Public Links/GetLink' is clicked on

2018-09-15 11:44:53 - [TEST_STEP][PASSED] - Statement - getLink = com.kms.katalon.core.webui.keyword.WebUiBuiltInKeywords.getAttribute(com.kms.katalon.core.testobject.ObjectRepository.findTestObject(Dashboard_Link Generator/input_link-text), "value"): Attribute 'value' of object 'Object Repository/Dashboard_Link Generator/input_link-text' is: 'https://dev.vcalling.in/url/UAT/?id=UAT_publicLink-149&p=t'

2018-09-15 11:44:54 - [MESSAGE][PASSED] - Attribute 'value' of object 'Object Repository/Dashboard_Link Generator/input_link-text' is: 'https://dev.vcalling.in/url/UAT/?id=UAT_publicLink-149&p=t'

2018-09-15 11:44:54 - [TEST_STEP][PASSED] - Statement - println(getLink): null

2018-09-15 11:44:54 - [TEST_STEP][PASSED] - click: Object: 'Object Repository/Dashboard_Link Generator/copyLink' is clicked on

2018-09-15 11:44:54 - [MESSAGE][PASSED] - Object: 'Object Repository/Dashboard_Link Generator/copyLink' is clicked on

2018-09-15 11:44:54 - [TEST_STEP][PASSED] - delay: Delayed 2 second(s)

2018-09-15 11:44:56 - [MESSAGE][PASSED] - Delayed 2 second(s)

2018-09-15 11:44:56 - [TEST_STEP][PASSED] - Statement - js = driver: null

2018-09-15 11:44:56 - [TEST_STEP][PASSED] - Statement - js.executeScript("window.open();"): null

2018-09-15 11:44:56 - [TEST_STEP][PASSED] - Statement - currentWindow = com.kms.katalon.core.webui.keyword.WebUiBuiltInKeywords.getWindowIndex(): Current window's index is: 0

2018-09-15 11:44:56 - [MESSAGE][PASSED] - Current window's index is: 0

2018-09-15 11:44:56 - [TEST_STEP][PASSED] - switchToWindowIndex: Switched to window with index: '1'

2018-09-15 11:44:56 - [MESSAGE][PASSED] - Switched to window with index: '1'

2018-09-15 11:44:56 - [TEST_STEP][PASSED] - navigateToUrl: Navigate to 'https://dev.vcalling.in/url/UAT/?id=UAT_publicLink-149&p=t' successfully

2018-09-15 11:44:58 - [MESSAGE][PASSED] - Navigate to 'https://dev.vcalling.in/url/UAT/?id=UAT_publicLink-149&p=t' successfully

2018-09-15 11:44:58 - [TEST_STEP][PASSED] - Statement - x = CustomKeywords.newPackage.newKeyword.randomString(3).toLowerCase(): newPackage.newKeyword.randomString is PASSED

2018-09-15 11:44:58 - [MESSAGE][PASSED] - newPackage.newKeyword.randomString is PASSED

2018-09-15 11:44:58 - [TEST_STEP][PASSED] - Statement - teamMeberName = x: null

2018-09-15 11:44:58 - [TEST_STEP][PASSED] - setText: Text '8yz' is set on object 'Object Repository/PublicCustomer/customerName'

2018-09-15 11:45:00 - [MESSAGE][PASSED] - Text '8yz' is set on object 'Object Repository/PublicCustomer/customerName'

2018-09-15 11:45:00 - [TEST_STEP][PASSED] - click: Object: 'Object Repository/PublicCustomer/NextButton' is clicked on

2018-09-15 11:45:00 - [MESSAGE][PASSED] - Object: 'Object Repository/PublicCustomer/NextButton' is clicked on

2018-09-15 11:45:00 - [TEST_STEP][PASSED] - Statement - number = CustomKeywords.phoneNumbers.contactNumbers.randomString(9): phoneNumbers.contactNumbers.randomString is PASSED

2018-09-15 11:45:00 - [MESSAGE][PASSED] - phoneNumbers.contactNumbers.randomString is PASSED

2018-09-15 11:45:00 - [TEST_STEP][PASSED] - Statement - Mobile_Number = number: null

2018-09-15 11:45:00 - [TEST_STEP][PASSED] - setText: Text '9507357871' is set on object 'Object Repository/PublicCustomer/customerNumber'

2018-09-15 11:45:00 - [MESSAGE][PASSED] - Text '9507357871' is set on object 'Object Repository/PublicCustomer/customerNumber'

2018-09-15 11:45:00 - [TEST_STEP][PASSED] - setText: Text 'yo8Yg8PCSC@gmail.com' is set on object 'Object Repository/PublicCustomer/customerId'

2018-09-15 11:45:00 - [MESSAGE][PASSED] - newPackage.newKeyword.randomString is PASSED

2018-09-15 11:45:01 - [MESSAGE][PASSED] - Text 'yo8Yg8PCSC@gmail.com' is set on object 'Object Repository/PublicCustomer/customerId'

2018-09-15 11:45:01 - [TEST_STEP][PASSED] - click: Object: 'Object Repository/PublicCustomer/doneButton' is clicked on

2018-09-15 11:45:01 - [MESSAGE][PASSED] - Object: 'Object Repository/PublicCustomer/doneButton' is clicked on

2018-09-15 11:45:01 - [TEST_STEP][PASSED] - Statement - currentTab = com.kms.katalon.core.webui.keyword.WebUiBuiltInKeywords.getWindowIndex(): Current window's index is: 1

2018-09-15 11:45:01 - [MESSAGE][PASSED] - Current window's index is: 1

2018-09-15 11:45:01 - [TEST_STEP][PASSED] - delay: Delayed 10 second(s)

2018-09-15 11:45:11 - [MESSAGE][PASSED] - Delayed 10 second(s)

2018-09-15 11:45:11 - [TEST_STEP][PASSED] - switchToWindowIndex: Switched to window with index: '0'

2018-09-15 11:45:11 - [MESSAGE][PASSED] - Switched to window with index: '0'

2018-09-15 11:45:11 - [TEST_STEP][PASSED] - refresh: Refresh successfully

2018-09-15 11:45:11 - [MESSAGE][PASSED] - Refresh successfully

2018-09-15 11:45:11 - [TEST_STEP][PASSED] - acceptAlert: Alert accepted

2018-09-15 11:45:11 - [MESSAGE][PASSED] - Alert accepted]]></system-out>
         <system-err><![CDATA[]]></system-err>
      </testcase>
      <testcase name="Test Cases/completed/TestCases7_Public Customers/SimplePublicCustomers/pubCustomerGenerateThroughEmptyNameNumEmailWithTag" classname="Test Cases/completed/TestCases7_Public Customers/SimplePublicCustomers/pubCustomerGenerateThroughEmptyNameNumEmailWithTag" status="PASSED">
         <system-out><![CDATA[2018-09-15 11:45:11 - [TEST_CASE][PASSED] - Test Cases/completed/TestCases7_Public Customers/SimplePublicCustomers/pubCustomerGenerateThroughEmptyNameNumEmailWithTag: Test Cases/completed/TestCases7_Public Customers/SimplePublicCustomers/pubCustomerGenerateThroughEmptyNameNumEmailWithTag

2018-09-15 11:45:12 - [TEST_STEP][PASSED] - callTestCase: Call Test Case 'Test Cases/BVT/aSimple_Login' successfully

2018-09-15 11:45:12 - [TEST_CASE][PASSED] - Test Cases/BVT/aSimple_Login: Test Cases/BVT/aSimple_Login

2018-09-15 11:45:12 - [TEST_STEP][PASSED] - openBrowser: Browser is opened with url: ''

2018-09-15 11:45:12 - [MESSAGE][WARNING] - A browser is already opened. Closing browser and opening a new one

2018-09-15 11:45:15 - [MESSAGE][PASSED] - Browser is opened with url: ''

2018-09-15 11:45:15 - [TEST_STEP][PASSED] - maximizeWindow: Current window maximized

2018-09-15 11:45:16 - [MESSAGE][PASSED] - Current window maximized

2018-09-15 11:45:16 - [TEST_STEP][PASSED] - navigateToUrl: Navigate to 'https://dev.vcalling.in/enterprises/UAT/Dashboard/index.html' successfully

2018-09-15 11:45:24 - [MESSAGE][PASSED] - Navigate to 'https://dev.vcalling.in/enterprises/UAT/Dashboard/index.html' successfully

2018-09-15 11:45:24 - [TEST_STEP][PASSED] - setText: Text 'testing4dea@gmail.com' is set on object 'Object Repository/Login/UserId'

2018-09-15 11:45:24 - [MESSAGE][PASSED] - Text 'testing4dea@gmail.com' is set on object 'Object Repository/Login/UserId'

2018-09-15 11:45:24 - [TEST_STEP][PASSED] - click: Object: 'Object Repository/Login/div_GET OTP' is clicked on

2018-09-15 11:45:24 - [MESSAGE][PASSED] - Object: 'Object Repository/Login/div_GET OTP' is clicked on

2018-09-15 11:45:24 - [TEST_STEP][PASSED] - waitForElementPresent: Object 'Object Repository/Login/div_SUBMIT' is present

2018-09-15 11:45:26 - [MESSAGE][PASSED] - Object 'Object Repository/Login/div_SUBMIT' is present

2018-09-15 11:45:26 - [TEST_STEP][PASSED] - Statement - If (com.kms.katalon.core.webui.keyword.WebUiBuiltInKeywords.verifyElementNotPresent(com.kms.katalon.core.testobject.ObjectRepository.findTestObject(Login/div_SUBMIT), 5, OPTIONAL)): Web element with id: 'Object Repository/Login/div_SUBMIT' located by 'By.xpath: //div[(text() = ' SUBMIT ' or . = ' SUBMIT ')]' is present after '5' second(s)

2018-09-15 11:45:31 - [MESSAGE][WARNING] - Web element with id: 'Object Repository/Login/div_SUBMIT' located by 'By.xpath: //div[(text() = ' SUBMIT ' or . = ' SUBMIT ')]' is present after '5' second(s)
[[ATTACHMENT|C:\\Users\\Kaushal\\Desktop\\Katalon Studio\\vCallingDashboard\\Reports\\RegressionSuite\\20180915_103222\\1537008331146.png]]

2018-09-15 11:45:31 - [TEST_STEP][PASSED] - Statement - sleep(5000): null

2018-09-15 11:45:36 - [TEST_STEP][PASSED] - Statement - OTP = getOTP(): null

2018-09-15 11:45:36 - [TEST_STEP][PASSED] - Statement - host = "imap.gmail.com": null

2018-09-15 11:45:36 - [TEST_STEP][PASSED] - Statement - msg = <not implemented yet for class: org.codehaus.groovy.ast.expr.EmptyExpression>: null

2018-09-15 11:45:36 - [TEST_STEP][PASSED] - Statement - msgSub = <not implemented yet for class: org.codehaus.groovy.ast.expr.EmptyExpression>: null

2018-09-15 11:45:36 - [TEST_STEP][PASSED] - Statement - OTP = "unavailable": null

2018-09-15 11:45:36 - [TEST_STEP][PASSED] - Statement - props = new java.util.Properties(): null

2018-09-15 11:45:36 - [TEST_STEP][PASSED] - Statement - props.setProperty("mail.imap.ssl.enable", "true"): null

2018-09-15 11:45:36 - [TEST_STEP][PASSED] - Statement - session = javax.mail.Session.getInstance(props): null

2018-09-15 11:45:36 - [TEST_STEP][PASSED] - Statement - store = <not implemented yet for class: org.codehaus.groovy.ast.expr.EmptyExpression>: null

2018-09-15 11:45:36 - [TEST_STEP][PASSED] - Statement - Try: null

2018-09-15 11:45:36 - [TEST_STEP][PASSED] - Statement - store = session.getStore("imap"): null

2018-09-15 11:45:36 - [TEST_STEP][PASSED] - Statement - store.connect(host, Email, Password): null

2018-09-15 11:45:38 - [TEST_STEP][PASSED] - Statement - emailFolder = store.getFolder("INBOX"): null

2018-09-15 11:45:38 - [TEST_STEP][PASSED] - Statement - emailFolder.open(READ_WRITE): null

2018-09-15 11:45:38 - [TEST_STEP][PASSED] - Statement - messages = emailFolder.getMessages(): null

2018-09-15 11:45:38 - [TEST_STEP][PASSED] - Statement - n = length: null

2018-09-15 11:45:38 - [TEST_STEP][PASSED] - Statement - message = messages[n - 1]: null

2018-09-15 11:45:38 - [TEST_STEP][PASSED] - Statement - msgSub = message.getSubject(): null

2018-09-15 11:45:38 - [TEST_STEP][PASSED] - Statement - If (msgSub.equals("OTP to Sign In")): null

2018-09-15 11:45:38 - [TEST_STEP][PASSED] - Statement - msg = message.getContent().toString(): null

2018-09-15 11:45:39 - [TEST_STEP][PASSED] - Statement - OTP = msg.substring(msg.length() - 7): null

2018-09-15 11:45:39 - [TEST_STEP][PASSED] - Statement - message.setFlag(DELETED, true): null

2018-09-15 11:45:40 - [TEST_STEP][PASSED] - Statement - emailFolder.close(true): null

2018-09-15 11:45:40 - [TEST_STEP][PASSED] - Statement - store.close(): null

2018-09-15 11:45:40 - [TEST_STEP][PASSED] - Statement - return OTP: null

2018-09-15 11:45:40 - [TEST_STEP][PASSED] - Statement - If (OTP.equals("unavailable")): null

2018-09-15 11:45:40 - [TEST_STEP][PASSED] - Statement - Else: Text 'q7079
' is set on object 'Object Repository/Login/OtpInput'

2018-09-15 11:45:40 - [TEST_STEP][PASSED] - setText: Text 'q7079
' is set on object 'Object Repository/Login/OtpInput'

2018-09-15 11:45:40 - [MESSAGE][PASSED] - Text 'q7079
' is set on object 'Object Repository/Login/OtpInput'

2018-09-15 11:45:40 - [TEST_STEP][PASSED] - verifyElementPresent: Object 'Object Repository/Login/afterOpenDisplay' is present

2018-09-15 11:45:41 - [MESSAGE][PASSED] - Object 'Object Repository/Login/afterOpenDisplay' is present

2018-09-15 11:45:41 - [MESSAGE][PASSED] - Call Test Case 'Test Cases/BVT/aSimple_Login' successfully

2018-09-15 11:45:41 - [TEST_STEP][PASSED] - Statement - driver = com.kms.katalon.core.webui.driver.DriverFactory.getWebDriver(): null

2018-09-15 11:45:41 - [TEST_STEP][PASSED] - click: Object: 'Object Repository/Dashboard_Link Generator/linkgeneratorIcon' is clicked on

2018-09-15 11:45:42 - [MESSAGE][PASSED] - Object: 'Object Repository/Dashboard_Link Generator/linkgeneratorIcon' is clicked on

2018-09-15 11:45:42 - [TEST_STEP][PASSED] - click: Object: 'Object Repository/Public Links/publicLinkTab' is clicked on

2018-09-15 11:45:42 - [MESSAGE][PASSED] - Object: 'Object Repository/Public Links/publicLinkTab' is clicked on

2018-09-15 11:45:42 - [TEST_STEP][PASSED] - Statement - x = CustomKeywords.newPackage.newKeyword.randomString(3).toLowerCase(): newPackage.newKeyword.randomString is PASSED

2018-09-15 11:45:42 - [MESSAGE][PASSED] - newPackage.newKeyword.randomString is PASSED

2018-09-15 11:45:42 - [TEST_STEP][PASSED] - Statement - teamMeberName = x: null

2018-09-15 11:45:42 - [TEST_STEP][PASSED] - setText: Text 'jmka' is set on object 'Object Repository/Public Links/PubLinkWithTag'

2018-09-15 11:45:42 - [MESSAGE][PASSED] - Text 'jmka' is set on object 'Object Repository/Public Links/PubLinkWithTag'

2018-09-15 11:45:42 - [TEST_STEP][PASSED] - click: Object: 'Object Repository/Public Links/GetLink' is clicked on

2018-09-15 11:45:42 - [MESSAGE][PASSED] - Object: 'Object Repository/Public Links/GetLink' is clicked on

2018-09-15 11:45:42 - [TEST_STEP][PASSED] - Statement - getLink = com.kms.katalon.core.webui.keyword.WebUiBuiltInKeywords.getAttribute(com.kms.katalon.core.testobject.ObjectRepository.findTestObject(Dashboard_Link Generator/input_link-text), "value"): Attribute 'value' of object 'Object Repository/Dashboard_Link Generator/input_link-text' is: 'https://dev.vcalling.in/url/UAT/?id=UAT_publicLink-168&p=t'

2018-09-15 11:45:43 - [MESSAGE][PASSED] - Attribute 'value' of object 'Object Repository/Dashboard_Link Generator/input_link-text' is: 'https://dev.vcalling.in/url/UAT/?id=UAT_publicLink-168&p=t'

2018-09-15 11:45:43 - [TEST_STEP][PASSED] - Statement - println(getLink): null

2018-09-15 11:45:43 - [TEST_STEP][PASSED] - click: Object: 'Object Repository/Dashboard_Link Generator/copyLink' is clicked on

2018-09-15 11:45:43 - [MESSAGE][PASSED] - Object: 'Object Repository/Dashboard_Link Generator/copyLink' is clicked on

2018-09-15 11:45:43 - [TEST_STEP][PASSED] - delay: Delayed 2 second(s)

2018-09-15 11:45:45 - [MESSAGE][PASSED] - Delayed 2 second(s)

2018-09-15 11:45:45 - [TEST_STEP][PASSED] - Statement - js = driver: null

2018-09-15 11:45:45 - [TEST_STEP][PASSED] - Statement - js.executeScript("window.open();"): null

2018-09-15 11:45:45 - [TEST_STEP][PASSED] - Statement - currentWindow = com.kms.katalon.core.webui.keyword.WebUiBuiltInKeywords.getWindowIndex(): Current window's index is: 0

2018-09-15 11:45:45 - [MESSAGE][PASSED] - Current window's index is: 0

2018-09-15 11:45:45 - [TEST_STEP][PASSED] - switchToWindowIndex: Switched to window with index: '1'

2018-09-15 11:45:45 - [MESSAGE][PASSED] - Switched to window with index: '1'

2018-09-15 11:45:45 - [TEST_STEP][PASSED] - navigateToUrl: Navigate to 'https://dev.vcalling.in/url/UAT/?id=UAT_publicLink-168&p=t' successfully

2018-09-15 11:45:47 - [MESSAGE][PASSED] - Navigate to 'https://dev.vcalling.in/url/UAT/?id=UAT_publicLink-168&p=t' successfully

2018-09-15 11:45:47 - [TEST_STEP][PASSED] - setText: Text ' ' is set on object 'Object Repository/PublicCustomer/customerName'

2018-09-15 11:45:51 - [MESSAGE][PASSED] - Text ' ' is set on object 'Object Repository/PublicCustomer/customerName'

2018-09-15 11:45:51 - [TEST_STEP][PASSED] - click: Object: 'Object Repository/PublicCustomer/NextButton' is clicked on

2018-09-15 11:45:51 - [MESSAGE][PASSED] - Object: 'Object Repository/PublicCustomer/NextButton' is clicked on

2018-09-15 11:45:51 - [TEST_STEP][PASSED] - Statement - number = CustomKeywords.phoneNumbers.contactNumbers.randomString(9): phoneNumbers.contactNumbers.randomString is PASSED

2018-09-15 11:45:51 - [MESSAGE][PASSED] - phoneNumbers.contactNumbers.randomString is PASSED

2018-09-15 11:45:51 - [TEST_STEP][PASSED] - Statement - Mobile_Number = number: null

2018-09-15 11:45:51 - [TEST_STEP][PASSED] - setText: Text '2832915391' is set on object 'Object Repository/PublicCustomer/customerNumber'

2018-09-15 11:45:51 - [MESSAGE][PASSED] - Text '2832915391' is set on object 'Object Repository/PublicCustomer/customerNumber'

2018-09-15 11:45:51 - [TEST_STEP][PASSED] - setText: Text 'G0otsxn7rh@gmail.com' is set on object 'Object Repository/PublicCustomer/customerId'

2018-09-15 11:45:51 - [MESSAGE][PASSED] - newPackage.newKeyword.randomString is PASSED

2018-09-15 11:45:52 - [MESSAGE][PASSED] - Text 'G0otsxn7rh@gmail.com' is set on object 'Object Repository/PublicCustomer/customerId'

2018-09-15 11:45:52 - [TEST_STEP][PASSED] - click: Object: 'Object Repository/PublicCustomer/doneButton' is clicked on

2018-09-15 11:45:52 - [MESSAGE][PASSED] - Object: 'Object Repository/PublicCustomer/doneButton' is clicked on

2018-09-15 11:45:52 - [TEST_STEP][PASSED] - Statement - currentTab = com.kms.katalon.core.webui.keyword.WebUiBuiltInKeywords.getWindowIndex(): Current window's index is: 1

2018-09-15 11:45:52 - [MESSAGE][PASSED] - Current window's index is: 1

2018-09-15 11:45:52 - [TEST_STEP][PASSED] - delay: Delayed 10 second(s)

2018-09-15 11:46:02 - [MESSAGE][PASSED] - Delayed 10 second(s)

2018-09-15 11:46:02 - [TEST_STEP][PASSED] - switchToWindowIndex: Switched to window with index: '0'

2018-09-15 11:46:02 - [MESSAGE][PASSED] - Switched to window with index: '0'

2018-09-15 11:46:02 - [TEST_STEP][PASSED] - refresh: Refresh successfully

2018-09-15 11:46:02 - [MESSAGE][PASSED] - Refresh successfully

2018-09-15 11:46:02 - [TEST_STEP][PASSED] - acceptAlert: Alert accepted

2018-09-15 11:46:02 - [MESSAGE][PASSED] - Alert accepted]]></system-out>
         <system-err><![CDATA[]]></system-err>
      </testcase>
      <testcase name="Test Cases/completed/TestCases7_Public Customers/SimplePublicCustomers/pucCustGenerateThroughNameNumberWithTag" classname="Test Cases/completed/TestCases7_Public Customers/SimplePublicCustomers/pucCustGenerateThroughNameNumberWithTag" status="PASSED">
         <system-out><![CDATA[2018-09-15 11:46:02 - [TEST_CASE][PASSED] - Test Cases/completed/TestCases7_Public Customers/SimplePublicCustomers/pucCustGenerateThroughNameNumberWithTag: Test Cases/completed/TestCases7_Public Customers/SimplePublicCustomers/pucCustGenerateThroughNameNumberWithTag

2018-09-15 11:46:02 - [TEST_STEP][PASSED] - callTestCase: Call Test Case 'Test Cases/BVT/aSimple_Login' successfully

2018-09-15 11:46:03 - [TEST_CASE][PASSED] - Test Cases/BVT/aSimple_Login: Test Cases/BVT/aSimple_Login

2018-09-15 11:46:03 - [TEST_STEP][PASSED] - openBrowser: Browser is opened with url: ''

2018-09-15 11:46:03 - [MESSAGE][WARNING] - A browser is already opened. Closing browser and opening a new one

2018-09-15 11:46:05 - [MESSAGE][PASSED] - Browser is opened with url: ''

2018-09-15 11:46:05 - [TEST_STEP][PASSED] - maximizeWindow: Current window maximized

2018-09-15 11:46:06 - [MESSAGE][PASSED] - Current window maximized

2018-09-15 11:46:06 - [TEST_STEP][PASSED] - navigateToUrl: Navigate to 'https://dev.vcalling.in/enterprises/UAT/Dashboard/index.html' successfully

2018-09-15 11:46:10 - [MESSAGE][PASSED] - Navigate to 'https://dev.vcalling.in/enterprises/UAT/Dashboard/index.html' successfully

2018-09-15 11:46:10 - [TEST_STEP][PASSED] - setText: Text 'testing4dea@gmail.com' is set on object 'Object Repository/Login/UserId'

2018-09-15 11:46:10 - [MESSAGE][PASSED] - Text 'testing4dea@gmail.com' is set on object 'Object Repository/Login/UserId'

2018-09-15 11:46:10 - [TEST_STEP][PASSED] - click: Object: 'Object Repository/Login/div_GET OTP' is clicked on

2018-09-15 11:46:10 - [MESSAGE][PASSED] - Object: 'Object Repository/Login/div_GET OTP' is clicked on

2018-09-15 11:46:10 - [TEST_STEP][PASSED] - waitForElementPresent: Object 'Object Repository/Login/div_SUBMIT' is present

2018-09-15 11:46:11 - [MESSAGE][PASSED] - Object 'Object Repository/Login/div_SUBMIT' is present

2018-09-15 11:46:11 - [TEST_STEP][PASSED] - Statement - If (com.kms.katalon.core.webui.keyword.WebUiBuiltInKeywords.verifyElementNotPresent(com.kms.katalon.core.testobject.ObjectRepository.findTestObject(Login/div_SUBMIT), 5, OPTIONAL)): Web element with id: 'Object Repository/Login/div_SUBMIT' located by 'By.xpath: //div[(text() = ' SUBMIT ' or . = ' SUBMIT ')]' is present after '5' second(s)

2018-09-15 11:46:17 - [MESSAGE][WARNING] - Web element with id: 'Object Repository/Login/div_SUBMIT' located by 'By.xpath: //div[(text() = ' SUBMIT ' or . = ' SUBMIT ')]' is present after '5' second(s)
[[ATTACHMENT|C:\\Users\\Kaushal\\Desktop\\Katalon Studio\\vCallingDashboard\\Reports\\RegressionSuite\\20180915_103222\\1537008376867.png]]

2018-09-15 11:46:17 - [TEST_STEP][PASSED] - Statement - sleep(5000): null

2018-09-15 11:46:22 - [TEST_STEP][PASSED] - Statement - OTP = getOTP(): null

2018-09-15 11:46:22 - [TEST_STEP][PASSED] - Statement - host = "imap.gmail.com": null

2018-09-15 11:46:22 - [TEST_STEP][PASSED] - Statement - msg = <not implemented yet for class: org.codehaus.groovy.ast.expr.EmptyExpression>: null

2018-09-15 11:46:22 - [TEST_STEP][PASSED] - Statement - msgSub = <not implemented yet for class: org.codehaus.groovy.ast.expr.EmptyExpression>: null

2018-09-15 11:46:22 - [TEST_STEP][PASSED] - Statement - OTP = "unavailable": null

2018-09-15 11:46:22 - [TEST_STEP][PASSED] - Statement - props = new java.util.Properties(): null

2018-09-15 11:46:22 - [TEST_STEP][PASSED] - Statement - props.setProperty("mail.imap.ssl.enable", "true"): null

2018-09-15 11:46:22 - [TEST_STEP][PASSED] - Statement - session = javax.mail.Session.getInstance(props): null

2018-09-15 11:46:22 - [TEST_STEP][PASSED] - Statement - store = <not implemented yet for class: org.codehaus.groovy.ast.expr.EmptyExpression>: null

2018-09-15 11:46:22 - [TEST_STEP][PASSED] - Statement - Try: null

2018-09-15 11:46:22 - [TEST_STEP][PASSED] - Statement - store = session.getStore("imap"): null

2018-09-15 11:46:22 - [TEST_STEP][PASSED] - Statement - store.connect(host, Email, Password): null

2018-09-15 11:46:24 - [TEST_STEP][PASSED] - Statement - emailFolder = store.getFolder("INBOX"): null

2018-09-15 11:46:24 - [TEST_STEP][PASSED] - Statement - emailFolder.open(READ_WRITE): null

2018-09-15 11:46:24 - [TEST_STEP][PASSED] - Statement - messages = emailFolder.getMessages(): null

2018-09-15 11:46:24 - [TEST_STEP][PASSED] - Statement - n = length: null

2018-09-15 11:46:24 - [TEST_STEP][PASSED] - Statement - message = messages[n - 1]: null

2018-09-15 11:46:24 - [TEST_STEP][PASSED] - Statement - msgSub = message.getSubject(): null

2018-09-15 11:46:24 - [TEST_STEP][PASSED] - Statement - If (msgSub.equals("OTP to Sign In")): null

2018-09-15 11:46:24 - [TEST_STEP][PASSED] - Statement - msg = message.getContent().toString(): null

2018-09-15 11:46:25 - [TEST_STEP][PASSED] - Statement - OTP = msg.substring(msg.length() - 7): null

2018-09-15 11:46:25 - [TEST_STEP][PASSED] - Statement - message.setFlag(DELETED, true): null

2018-09-15 11:46:26 - [TEST_STEP][PASSED] - Statement - emailFolder.close(true): null

2018-09-15 11:46:26 - [TEST_STEP][PASSED] - Statement - store.close(): null

2018-09-15 11:46:26 - [TEST_STEP][PASSED] - Statement - return OTP: null

2018-09-15 11:46:26 - [TEST_STEP][PASSED] - Statement - If (OTP.equals("unavailable")): null

2018-09-15 11:46:26 - [TEST_STEP][PASSED] - Statement - Else: Text 'v5603
' is set on object 'Object Repository/Login/OtpInput'

2018-09-15 11:46:26 - [TEST_STEP][PASSED] - setText: Text 'v5603
' is set on object 'Object Repository/Login/OtpInput'

2018-09-15 11:46:26 - [MESSAGE][PASSED] - Text 'v5603
' is set on object 'Object Repository/Login/OtpInput'

2018-09-15 11:46:26 - [TEST_STEP][PASSED] - verifyElementPresent: Object 'Object Repository/Login/afterOpenDisplay' is present

2018-09-15 11:46:28 - [MESSAGE][PASSED] - Object 'Object Repository/Login/afterOpenDisplay' is present

2018-09-15 11:46:28 - [MESSAGE][PASSED] - Call Test Case 'Test Cases/BVT/aSimple_Login' successfully

2018-09-15 11:46:28 - [TEST_STEP][PASSED] - Statement - driver = com.kms.katalon.core.webui.driver.DriverFactory.getWebDriver(): null

2018-09-15 11:46:28 - [TEST_STEP][PASSED] - click: Object: 'Object Repository/Dashboard_Link Generator/linkgeneratorIcon' is clicked on

2018-09-15 11:46:28 - [MESSAGE][PASSED] - Object: 'Object Repository/Dashboard_Link Generator/linkgeneratorIcon' is clicked on

2018-09-15 11:46:28 - [TEST_STEP][PASSED] - click: Object: 'Object Repository/Public Links/publicLinkTab' is clicked on

2018-09-15 11:46:28 - [MESSAGE][PASSED] - Object: 'Object Repository/Public Links/publicLinkTab' is clicked on

2018-09-15 11:46:28 - [TEST_STEP][PASSED] - delay: Delayed 2 second(s)

2018-09-15 11:46:30 - [MESSAGE][PASSED] - Delayed 2 second(s)

2018-09-15 11:46:30 - [TEST_STEP][PASSED] - Statement - x = CustomKeywords.newPackage.newKeyword.randomString(3).toLowerCase(): newPackage.newKeyword.randomString is PASSED

2018-09-15 11:46:30 - [MESSAGE][PASSED] - newPackage.newKeyword.randomString is PASSED

2018-09-15 11:46:30 - [TEST_STEP][PASSED] - Statement - teamMeberName = x: null

2018-09-15 11:46:30 - [TEST_STEP][PASSED] - setText: Text 'aoxa' is set on object 'Object Repository/Public Links/PubLinkWithTag'

2018-09-15 11:46:30 - [MESSAGE][PASSED] - Text 'aoxa' is set on object 'Object Repository/Public Links/PubLinkWithTag'

2018-09-15 11:46:30 - [TEST_STEP][PASSED] - click: Object: 'Object Repository/Public Links/GetLink' is clicked on

2018-09-15 11:46:30 - [MESSAGE][PASSED] - Object: 'Object Repository/Public Links/GetLink' is clicked on

2018-09-15 11:46:30 - [TEST_STEP][PASSED] - Statement - getLink = com.kms.katalon.core.webui.keyword.WebUiBuiltInKeywords.getAttribute(com.kms.katalon.core.testobject.ObjectRepository.findTestObject(Dashboard_Link Generator/input_link-text), "value"): Attribute 'value' of object 'Object Repository/Dashboard_Link Generator/input_link-text' is: 'https://dev.vcalling.in/url/UAT/?id=UAT_publicLink-169&p=t'

2018-09-15 11:46:31 - [MESSAGE][PASSED] - Attribute 'value' of object 'Object Repository/Dashboard_Link Generator/input_link-text' is: 'https://dev.vcalling.in/url/UAT/?id=UAT_publicLink-169&p=t'

2018-09-15 11:46:31 - [TEST_STEP][PASSED] - Statement - println(getLink): null

2018-09-15 11:46:31 - [TEST_STEP][PASSED] - click: Object: 'Object Repository/Dashboard_Link Generator/copyLink' is clicked on

2018-09-15 11:46:31 - [MESSAGE][PASSED] - Object: 'Object Repository/Dashboard_Link Generator/copyLink' is clicked on

2018-09-15 11:46:31 - [TEST_STEP][PASSED] - delay: Delayed 2 second(s)

2018-09-15 11:46:33 - [MESSAGE][PASSED] - Delayed 2 second(s)

2018-09-15 11:46:33 - [TEST_STEP][PASSED] - Statement - js = driver: null

2018-09-15 11:46:33 - [TEST_STEP][PASSED] - Statement - js.executeScript("window.open();"): null

2018-09-15 11:46:33 - [TEST_STEP][PASSED] - Statement - currentWindow = com.kms.katalon.core.webui.keyword.WebUiBuiltInKeywords.getWindowIndex(): Current window's index is: 0

2018-09-15 11:46:33 - [MESSAGE][PASSED] - Current window's index is: 0

2018-09-15 11:46:33 - [TEST_STEP][PASSED] - switchToWindowIndex: Switched to window with index: '1'

2018-09-15 11:46:33 - [MESSAGE][PASSED] - Switched to window with index: '1'

2018-09-15 11:46:33 - [TEST_STEP][PASSED] - navigateToUrl: Navigate to 'https://dev.vcalling.in/url/UAT/?id=UAT_publicLink-169&p=t' successfully

2018-09-15 11:46:35 - [MESSAGE][PASSED] - Navigate to 'https://dev.vcalling.in/url/UAT/?id=UAT_publicLink-169&p=t' successfully

2018-09-15 11:46:35 - [TEST_STEP][PASSED] - setText: Text 'aox' is set on object 'Object Repository/PublicCustomer/customerName'

2018-09-15 11:46:37 - [MESSAGE][PASSED] - Text 'aox' is set on object 'Object Repository/PublicCustomer/customerName'

2018-09-15 11:46:37 - [TEST_STEP][PASSED] - click: Object: 'Object Repository/PublicCustomer/NextButton' is clicked on

2018-09-15 11:46:38 - [MESSAGE][PASSED] - Object: 'Object Repository/PublicCustomer/NextButton' is clicked on

2018-09-15 11:46:38 - [TEST_STEP][PASSED] - Statement - number = CustomKeywords.phoneNumbers.contactNumbers.randomString(9): phoneNumbers.contactNumbers.randomString is PASSED

2018-09-15 11:46:38 - [MESSAGE][PASSED] - phoneNumbers.contactNumbers.randomString is PASSED

2018-09-15 11:46:38 - [TEST_STEP][PASSED] - Statement - Mobile_Number = number: null

2018-09-15 11:46:38 - [TEST_STEP][PASSED] - setText: Text '9823778461' is set on object 'Object Repository/PublicCustomer/customerNumber'

2018-09-15 11:46:38 - [MESSAGE][PASSED] - Text '9823778461' is set on object 'Object Repository/PublicCustomer/customerNumber'

2018-09-15 11:46:38 - [TEST_STEP][PASSED] - click: Object: 'Object Repository/PublicCustomer/doneButton' is clicked on

2018-09-15 11:46:38 - [MESSAGE][PASSED] - Object: 'Object Repository/PublicCustomer/doneButton' is clicked on

2018-09-15 11:46:38 - [TEST_STEP][PASSED] - Statement - currentTab = com.kms.katalon.core.webui.keyword.WebUiBuiltInKeywords.getWindowIndex(): Current window's index is: 1

2018-09-15 11:46:38 - [MESSAGE][PASSED] - Current window's index is: 1

2018-09-15 11:46:38 - [TEST_STEP][PASSED] - delay: Delayed 10 second(s)

2018-09-15 11:46:48 - [MESSAGE][PASSED] - Delayed 10 second(s)

2018-09-15 11:46:48 - [TEST_STEP][PASSED] - switchToWindowIndex: Switched to window with index: '0'

2018-09-15 11:46:48 - [MESSAGE][PASSED] - Switched to window with index: '0'

2018-09-15 11:46:48 - [TEST_STEP][PASSED] - refresh: Refresh successfully

2018-09-15 11:46:48 - [MESSAGE][PASSED] - Refresh successfully

2018-09-15 11:46:48 - [TEST_STEP][PASSED] - acceptAlert: Alert accepted

2018-09-15 11:46:48 - [MESSAGE][PASSED] - Alert accepted]]></system-out>
         <system-err><![CDATA[]]></system-err>
      </testcase>
      <system-out><![CDATA[2018-09-15 10:32:27 - [TEST_SUITE][FAILED] - RegressionSuite: Test Cases/completed/TestCase3_FilterLinkLog/FilterCountAndTimeSpent FAILED because (of) (Stack trace: com.kms.katalon.core.exception.StepFailedException: Unable to click on object 'Object Repository/LinkLogFilter/FilterButton' (Root cause: org.openqa.selenium.WebDriverException: unknown error: Element <div class="filter-btn">...</div> is not clickable at point (383, 102). Other element would receive the click: <div class="loader-screen">...</div>
  (Session info: chrome=69.0.3497.92)
  (Driver info: chromedriver=2.35.528161 (5b82f2d2aae0ca24b877009200ced9065a772e73),platform=Windows NT 10.0.17134 x86_64) (WARNING: The server did not provide any stacktrace information)
Command duration or timeout: 0 milliseconds
Build info: version: '3.7.1', revision: '8a0099a', time: '2017-11-06T21:07:36.161Z'
System info: host: 'DESKTOP-D4528LJ', ip: '10.6.8.31', os.name: 'Windows 10', os.arch: 'amd64', os.version: '10.0', java.version: '1.8.0_181'
Driver info: com.kms.katalon.selenium.driver.CChromeDriver
Capabilities {acceptInsecureCerts: false, acceptSslCerts: false, applicationCacheEnabled: false, browserConnectionEnabled: false, browserName: chrome, chrome: {chromedriverVersion: 2.35.528161 (5b82f2d2aae0ca..., userDataDir: C:\Users\Kaushal\AppData\Lo...}, cssSelectorsEnabled: true, databaseEnabled: false, handlesAlerts: true, hasTouchScreen: false, javascriptEnabled: true, locationContextEnabled: true, mobileEmulationEnabled: false, nativeEvents: true, networkConnectionEnabled: false, pageLoadStrategy: normal, platform: XP, platformName: XP, rotatable: false, setWindowRect: true, takesHeapSnapshot: true, takesScreenshot: true, unexpectedAlertBehaviour: , unhandledPromptBehavior: , version: 69.0.3497.92, webStorageEnabled: true}
Session ID: a58bd0f730fa4677f22149429b32ad35)
	at com.kms.katalon.core.keyword.internal.KeywordMain.stepFailed(KeywordMain.groovy:36)
	at com.kms.katalon.core.webui.keyword.internal.WebUIKeywordMain.stepFailed(WebUIKeywordMain.groovy:65)
	at com.kms.katalon.core.webui.keyword.internal.WebUIKeywordMain.runKeyword(WebUIKeywordMain.groovy:27)
	at com.kms.katalon.core.webui.keyword.builtin.ClickKeyword.click(ClickKeyword.groovy:86)
	at com.kms.katalon.core.webui.keyword.builtin.ClickKeyword.execute(ClickKeyword.groovy:67)
	at com.kms.katalon.core.keyword.internal.KeywordExecutor.executeKeywordForPlatform(KeywordExecutor.groovy:53)
	at com.kms.katalon.core.webui.keyword.WebUiBuiltInKeywords.click(WebUiBuiltInKeywords.groovy:616)
	at com.kms.katalon.core.webui.keyword.WebUiBuiltInKeywords$click$2.call(Unknown Source)
	at org.codehaus.groovy.runtime.callsite.CallSiteArray.defaultCall(CallSiteArray.java:48)
	at org.codehaus.groovy.runtime.callsite.AbstractCallSite.call(AbstractCallSite.java:113)
	at org.codehaus.groovy.runtime.callsite.AbstractCallSite.call(AbstractCallSite.java:125)
	at Script1535951907416.run(Script1535951907416.groovy:193)
	at com.kms.katalon.core.main.ScriptEngine.run(ScriptEngine.java:183)
	at com.kms.katalon.core.main.ScriptEngine.runScriptAsRawText(ScriptEngine.java:108)
	at com.kms.katalon.core.main.TestCaseExecutor.runScript(TestCaseExecutor.java:294)
	at com.kms.katalon.core.main.TestCaseExecutor.doExecute(TestCaseExecutor.java:285)
	at com.kms.katalon.core.main.TestCaseExecutor.processExecutionPhase(TestCaseExecutor.java:264)
	at com.kms.katalon.core.main.TestCaseExecutor.accessMainPhase(TestCaseExecutor.java:256)
	at com.kms.katalon.core.main.TestCaseExecutor.execute(TestCaseExecutor.java:200)
	at com.kms.katalon.core.main.TestCaseMain.runTestCase(TestCaseMain.java:99)
	at com.kms.katalon.core.keyword.builtin.CallTestCaseKeyword$_callTestCase_closure1.doCall(CallTestCaseKeyword.groovy:60)
	at com.kms.katalon.core.keyword.builtin.CallTestCaseKeyword$_callTestCase_closure1.call(CallTestCaseKeyword.groovy)
	at com.kms.katalon.core.keyword.internal.KeywordMain.runKeyword(KeywordMain.groovy:54)
	at com.kms.katalon.core.keyword.builtin.CallTestCaseKeyword.callTestCase(CallTestCaseKeyword.groovy:81)
	at com.kms.katalon.core.keyword.builtin.CallTestCaseKeyword.execute(CallTestCaseKeyword.groovy:45)
	at com.kms.katalon.core.keyword.internal.KeywordExecutor.executeKeywordForPlatform(KeywordExecutor.groovy:53)
	at com.kms.katalon.core.keyword.BuiltinKeywords.callTestCase(BuiltinKeywords.groovy:350)
	at sun.reflect.GeneratedMethodAccessor16.invoke(Unknown Source)
	at sun.reflect.DelegatingMethodAccessorImpl.invoke(DelegatingMethodAccessorImpl.java:43)
	at java.lang.reflect.Method.invoke(Method.java:498)
	at org.codehaus.groovy.reflection.CachedMethod.invoke(CachedMethod.java:93)
	at groovy.lang.MetaMethod.doMethodInvoke(MetaMethod.java:325)
	at groovy.lang.MetaClassImpl.invokeStaticMethod(MetaClassImpl.java:1469)
	at org.codehaus.groovy.runtime.callsite.StaticMetaClassSite.call(StaticMetaClassSite.java:53)
	at org.codehaus.groovy.runtime.callsite.CallSiteArray.defaultCall(CallSiteArray.java:48)
	at org.codehaus.groovy.runtime.callsite.AbstractCallSite.call(AbstractCallSite.java:113)
	at org.codehaus.groovy.runtime.callsite.AbstractCallSite.call(AbstractCallSite.java:133)
	at Script1534588066162.run(Script1534588066162.groovy:26)
	at com.kms.katalon.core.main.ScriptEngine.run(ScriptEngine.java:183)
	at com.kms.katalon.core.main.ScriptEngine.runScriptAsRawText(ScriptEngine.java:108)
	at com.kms.katalon.core.main.TestCaseExecutor.runScript(TestCaseExecutor.java:294)
	at com.kms.katalon.core.main.TestCaseExecutor.doExecute(TestCaseExecutor.java:285)
	at com.kms.katalon.core.main.TestCaseExecutor.processExecutionPhase(TestCaseExecutor.java:264)
	at com.kms.katalon.core.main.TestCaseExecutor.accessMainPhase(TestCaseExecutor.java:256)
	at com.kms.katalon.core.main.TestCaseExecutor.execute(TestCaseExecutor.java:200)
	at com.kms.katalon.core.main.TestSuiteExecutor.accessTestCaseMainPhase(TestSuiteExecutor.java:129)
	at com.kms.katalon.core.main.TestSuiteExecutor.accessTestSuiteMainPhase(TestSuiteExecutor.java:112)
	at com.kms.katalon.core.main.TestSuiteExecutor.execute(TestSuiteExecutor.java:81)
	at com.kms.katalon.core.main.TestCaseMain.startTestSuite(TestCaseMain.java:142)
	at com.kms.katalon.core.main.TestCaseMain$startTestSuite$0.call(Unknown Source)
	at org.codehaus.groovy.runtime.callsite.CallSiteArray.defaultCall(CallSiteArray.java:48)
	at org.codehaus.groovy.runtime.callsite.AbstractCallSite.call(AbstractCallSite.java:113)
	at org.codehaus.groovy.runtime.callsite.AbstractCallSite.call(AbstractCallSite.java:141)
	at TempTestSuite1537003942876.run(TempTestSuite1537003942876.groovy:36)
	at groovy.lang.GroovyShell.runScriptOrMainOrTestOrRunnable(GroovyShell.java:263)
	at groovy.lang.GroovyShell.run(GroovyShell.java:518)
	at groovy.lang.GroovyShell.run(GroovyShell.java:507)
	at groovy.ui.GroovyMain.processOnce(GroovyMain.java:653)
	at groovy.ui.GroovyMain.run(GroovyMain.java:384)
	at groovy.ui.GroovyMain.process(GroovyMain.java:370)
	at groovy.ui.GroovyMain.processArgs(GroovyMain.java:129)
	at groovy.ui.GroovyMain.main(GroovyMain.java:109)
	at sun.reflect.NativeMethodAccessorImpl.invoke0(Native Method)
	at sun.reflect.NativeMethodAccessorImpl.invoke(NativeMethodAccessorImpl.java:62)
	at sun.reflect.DelegatingMethodAccessorImpl.invoke(DelegatingMethodAccessorImpl.java:43)
	at java.lang.reflect.Method.invoke(Method.java:498)
	at org.codehaus.groovy.tools.GroovyStarter.rootLoader(GroovyStarter.java:109)
	at org.codehaus.groovy.tools.GroovyStarter.main(GroovyStarter.java:131)
)]]></system-out>
      <system-err><![CDATA[2018-09-15 10:32:27 - [TEST_SUITE][FAILED] - RegressionSuite: Test Cases/completed/TestCase3_FilterLinkLog/FilterCountAndTimeSpent FAILED because (of) (Stack trace: com.kms.katalon.core.exception.StepFailedException: Unable to click on object 'Object Repository/LinkLogFilter/FilterButton' (Root cause: org.openqa.selenium.WebDriverException: unknown error: Element <div class="filter-btn">...</div> is not clickable at point (383, 102). Other element would receive the click: <div class="loader-screen">...</div>
  (Session info: chrome=69.0.3497.92)
  (Driver info: chromedriver=2.35.528161 (5b82f2d2aae0ca24b877009200ced9065a772e73),platform=Windows NT 10.0.17134 x86_64) (WARNING: The server did not provide any stacktrace information)
Command duration or timeout: 0 milliseconds
Build info: version: '3.7.1', revision: '8a0099a', time: '2017-11-06T21:07:36.161Z'
System info: host: 'DESKTOP-D4528LJ', ip: '10.6.8.31', os.name: 'Windows 10', os.arch: 'amd64', os.version: '10.0', java.version: '1.8.0_181'
Driver info: com.kms.katalon.selenium.driver.CChromeDriver
Capabilities {acceptInsecureCerts: false, acceptSslCerts: false, applicationCacheEnabled: false, browserConnectionEnabled: false, browserName: chrome, chrome: {chromedriverVersion: 2.35.528161 (5b82f2d2aae0ca..., userDataDir: C:\Users\Kaushal\AppData\Lo...}, cssSelectorsEnabled: true, databaseEnabled: false, handlesAlerts: true, hasTouchScreen: false, javascriptEnabled: true, locationContextEnabled: true, mobileEmulationEnabled: false, nativeEvents: true, networkConnectionEnabled: false, pageLoadStrategy: normal, platform: XP, platformName: XP, rotatable: false, setWindowRect: true, takesHeapSnapshot: true, takesScreenshot: true, unexpectedAlertBehaviour: , unhandledPromptBehavior: , version: 69.0.3497.92, webStorageEnabled: true}
Session ID: a58bd0f730fa4677f22149429b32ad35)
	at com.kms.katalon.core.keyword.internal.KeywordMain.stepFailed(KeywordMain.groovy:36)
	at com.kms.katalon.core.webui.keyword.internal.WebUIKeywordMain.stepFailed(WebUIKeywordMain.groovy:65)
	at com.kms.katalon.core.webui.keyword.internal.WebUIKeywordMain.runKeyword(WebUIKeywordMain.groovy:27)
	at com.kms.katalon.core.webui.keyword.builtin.ClickKeyword.click(ClickKeyword.groovy:86)
	at com.kms.katalon.core.webui.keyword.builtin.ClickKeyword.execute(ClickKeyword.groovy:67)
	at com.kms.katalon.core.keyword.internal.KeywordExecutor.executeKeywordForPlatform(KeywordExecutor.groovy:53)
	at com.kms.katalon.core.webui.keyword.WebUiBuiltInKeywords.click(WebUiBuiltInKeywords.groovy:616)
	at com.kms.katalon.core.webui.keyword.WebUiBuiltInKeywords$click$2.call(Unknown Source)
	at org.codehaus.groovy.runtime.callsite.CallSiteArray.defaultCall(CallSiteArray.java:48)
	at org.codehaus.groovy.runtime.callsite.AbstractCallSite.call(AbstractCallSite.java:113)
	at org.codehaus.groovy.runtime.callsite.AbstractCallSite.call(AbstractCallSite.java:125)
	at Script1535951907416.run(Script1535951907416.groovy:193)
	at com.kms.katalon.core.main.ScriptEngine.run(ScriptEngine.java:183)
	at com.kms.katalon.core.main.ScriptEngine.runScriptAsRawText(ScriptEngine.java:108)
	at com.kms.katalon.core.main.TestCaseExecutor.runScript(TestCaseExecutor.java:294)
	at com.kms.katalon.core.main.TestCaseExecutor.doExecute(TestCaseExecutor.java:285)
	at com.kms.katalon.core.main.TestCaseExecutor.processExecutionPhase(TestCaseExecutor.java:264)
	at com.kms.katalon.core.main.TestCaseExecutor.accessMainPhase(TestCaseExecutor.java:256)
	at com.kms.katalon.core.main.TestCaseExecutor.execute(TestCaseExecutor.java:200)
	at com.kms.katalon.core.main.TestCaseMain.runTestCase(TestCaseMain.java:99)
	at com.kms.katalon.core.keyword.builtin.CallTestCaseKeyword$_callTestCase_closure1.doCall(CallTestCaseKeyword.groovy:60)
	at com.kms.katalon.core.keyword.builtin.CallTestCaseKeyword$_callTestCase_closure1.call(CallTestCaseKeyword.groovy)
	at com.kms.katalon.core.keyword.internal.KeywordMain.runKeyword(KeywordMain.groovy:54)
	at com.kms.katalon.core.keyword.builtin.CallTestCaseKeyword.callTestCase(CallTestCaseKeyword.groovy:81)
	at com.kms.katalon.core.keyword.builtin.CallTestCaseKeyword.execute(CallTestCaseKeyword.groovy:45)
	at com.kms.katalon.core.keyword.internal.KeywordExecutor.executeKeywordForPlatform(KeywordExecutor.groovy:53)
	at com.kms.katalon.core.keyword.BuiltinKeywords.callTestCase(BuiltinKeywords.groovy:350)
	at sun.reflect.GeneratedMethodAccessor16.invoke(Unknown Source)
	at sun.reflect.DelegatingMethodAccessorImpl.invoke(DelegatingMethodAccessorImpl.java:43)
	at java.lang.reflect.Method.invoke(Method.java:498)
	at org.codehaus.groovy.reflection.CachedMethod.invoke(CachedMethod.java:93)
	at groovy.lang.MetaMethod.doMethodInvoke(MetaMethod.java:325)
	at groovy.lang.MetaClassImpl.invokeStaticMethod(MetaClassImpl.java:1469)
	at org.codehaus.groovy.runtime.callsite.StaticMetaClassSite.call(StaticMetaClassSite.java:53)
	at org.codehaus.groovy.runtime.callsite.CallSiteArray.defaultCall(CallSiteArray.java:48)
	at org.codehaus.groovy.runtime.callsite.AbstractCallSite.call(AbstractCallSite.java:113)
	at org.codehaus.groovy.runtime.callsite.AbstractCallSite.call(AbstractCallSite.java:133)
	at Script1534588066162.run(Script1534588066162.groovy:26)
	at com.kms.katalon.core.main.ScriptEngine.run(ScriptEngine.java:183)
	at com.kms.katalon.core.main.ScriptEngine.runScriptAsRawText(ScriptEngine.java:108)
	at com.kms.katalon.core.main.TestCaseExecutor.runScript(TestCaseExecutor.java:294)
	at com.kms.katalon.core.main.TestCaseExecutor.doExecute(TestCaseExecutor.java:285)
	at com.kms.katalon.core.main.TestCaseExecutor.processExecutionPhase(TestCaseExecutor.java:264)
	at com.kms.katalon.core.main.TestCaseExecutor.accessMainPhase(TestCaseExecutor.java:256)
	at com.kms.katalon.core.main.TestCaseExecutor.execute(TestCaseExecutor.java:200)
	at com.kms.katalon.core.main.TestSuiteExecutor.accessTestCaseMainPhase(TestSuiteExecutor.java:129)
	at com.kms.katalon.core.main.TestSuiteExecutor.accessTestSuiteMainPhase(TestSuiteExecutor.java:112)
	at com.kms.katalon.core.main.TestSuiteExecutor.execute(TestSuiteExecutor.java:81)
	at com.kms.katalon.core.main.TestCaseMain.startTestSuite(TestCaseMain.java:142)
	at com.kms.katalon.core.main.TestCaseMain$startTestSuite$0.call(Unknown Source)
	at org.codehaus.groovy.runtime.callsite.CallSiteArray.defaultCall(CallSiteArray.java:48)
	at org.codehaus.groovy.runtime.callsite.AbstractCallSite.call(AbstractCallSite.java:113)
	at org.codehaus.groovy.runtime.callsite.AbstractCallSite.call(AbstractCallSite.java:141)
	at TempTestSuite1537003942876.run(TempTestSuite1537003942876.groovy:36)
	at groovy.lang.GroovyShell.runScriptOrMainOrTestOrRunnable(GroovyShell.java:263)
	at groovy.lang.GroovyShell.run(GroovyShell.java:518)
	at groovy.lang.GroovyShell.run(GroovyShell.java:507)
	at groovy.ui.GroovyMain.processOnce(GroovyMain.java:653)
	at groovy.ui.GroovyMain.run(GroovyMain.java:384)
	at groovy.ui.GroovyMain.process(GroovyMain.java:370)
	at groovy.ui.GroovyMain.processArgs(GroovyMain.java:129)
	at groovy.ui.GroovyMain.main(GroovyMain.java:109)
	at sun.reflect.NativeMethodAccessorImpl.invoke0(Native Method)
	at sun.reflect.NativeMethodAccessorImpl.invoke(NativeMethodAccessorImpl.java:62)
	at sun.reflect.DelegatingMethodAccessorImpl.invoke(DelegatingMethodAccessorImpl.java:43)
	at java.lang.reflect.Method.invoke(Method.java:498)
	at org.codehaus.groovy.tools.GroovyStarter.rootLoader(GroovyStarter.java:109)
	at org.codehaus.groovy.tools.GroovyStarter.main(GroovyStarter.java:131)
)]]></system-err>
   </testsuite>
</testsuites>
